[2025-01-23T09:22:44.368+0000] {processor.py:161} INFO - Started process (PID=77) to work on /opt/airflow/dags/etl_process.py
[2025-01-23T09:22:44.405+0000] {processor.py:830} INFO - Processing file /opt/airflow/dags/etl_process.py for tasks to queue
[2025-01-23T09:22:44.474+0000] {logging_mixin.py:188} INFO - [2025-01-23T09:22:44.472+0000] {dagbag.py:538} INFO - Filling up the DagBag from /opt/airflow/dags/etl_process.py
[2025-01-23T09:22:44.753+0000] {processor.py:840} INFO - DAG(s) 'etl_process' retrieved from /opt/airflow/dags/etl_process.py
[2025-01-23T09:22:45.498+0000] {logging_mixin.py:188} INFO - [2025-01-23T09:22:45.497+0000] {dag.py:3036} INFO - Sync 1 DAGs
[2025-01-23T09:22:45.717+0000] {logging_mixin.py:188} INFO - [2025-01-23T09:22:45.716+0000] {dag.py:3823} INFO - Setting next_dagrun for etl_process to 2025-01-19 22:00:00+00:00, run_after=2025-01-20 22:00:00+00:00
[2025-01-23T09:22:45.828+0000] {processor.py:183} INFO - Processing /opt/airflow/dags/etl_process.py took 1.534 seconds
[2025-01-23T09:23:19.915+0000] {processor.py:161} INFO - Started process (PID=136) to work on /opt/airflow/dags/etl_process.py
[2025-01-23T09:23:19.919+0000] {processor.py:830} INFO - Processing file /opt/airflow/dags/etl_process.py for tasks to queue
[2025-01-23T09:23:19.924+0000] {logging_mixin.py:188} INFO - [2025-01-23T09:23:19.923+0000] {dagbag.py:538} INFO - Filling up the DagBag from /opt/airflow/dags/etl_process.py
[2025-01-23T09:23:19.993+0000] {processor.py:840} INFO - DAG(s) 'etl_process' retrieved from /opt/airflow/dags/etl_process.py
[2025-01-23T09:23:20.050+0000] {logging_mixin.py:188} INFO - [2025-01-23T09:23:20.050+0000] {dag.py:3036} INFO - Sync 1 DAGs
[2025-01-23T09:23:20.132+0000] {logging_mixin.py:188} INFO - [2025-01-23T09:23:20.131+0000] {dag.py:3823} INFO - Setting next_dagrun for etl_process to 2025-01-22 22:00:00+00:00, run_after=2025-01-23 22:00:00+00:00
[2025-01-23T09:23:20.188+0000] {processor.py:183} INFO - Processing /opt/airflow/dags/etl_process.py took 0.282 seconds
[2025-01-23T09:23:50.486+0000] {processor.py:161} INFO - Started process (PID=191) to work on /opt/airflow/dags/etl_process.py
[2025-01-23T09:23:50.490+0000] {processor.py:830} INFO - Processing file /opt/airflow/dags/etl_process.py for tasks to queue
[2025-01-23T09:23:50.499+0000] {logging_mixin.py:188} INFO - [2025-01-23T09:23:50.497+0000] {dagbag.py:538} INFO - Filling up the DagBag from /opt/airflow/dags/etl_process.py
[2025-01-23T09:23:50.609+0000] {processor.py:840} INFO - DAG(s) 'etl_process' retrieved from /opt/airflow/dags/etl_process.py
[2025-01-23T09:23:50.692+0000] {logging_mixin.py:188} INFO - [2025-01-23T09:23:50.691+0000] {dag.py:3036} INFO - Sync 1 DAGs
[2025-01-23T09:23:50.786+0000] {logging_mixin.py:188} INFO - [2025-01-23T09:23:50.785+0000] {dag.py:3823} INFO - Setting next_dagrun for etl_process to 2025-01-22 22:00:00+00:00, run_after=2025-01-23 22:00:00+00:00
[2025-01-23T09:23:50.851+0000] {processor.py:183} INFO - Processing /opt/airflow/dags/etl_process.py took 0.379 seconds
[2025-01-23T09:24:20.941+0000] {processor.py:161} INFO - Started process (PID=247) to work on /opt/airflow/dags/etl_process.py
[2025-01-23T09:24:20.944+0000] {processor.py:830} INFO - Processing file /opt/airflow/dags/etl_process.py for tasks to queue
[2025-01-23T09:24:20.949+0000] {logging_mixin.py:188} INFO - [2025-01-23T09:24:20.948+0000] {dagbag.py:538} INFO - Filling up the DagBag from /opt/airflow/dags/etl_process.py
[2025-01-23T09:24:21.005+0000] {processor.py:840} INFO - DAG(s) 'etl_process' retrieved from /opt/airflow/dags/etl_process.py
[2025-01-23T09:24:21.040+0000] {logging_mixin.py:188} INFO - [2025-01-23T09:24:21.040+0000] {dag.py:3036} INFO - Sync 1 DAGs
[2025-01-23T09:24:21.089+0000] {logging_mixin.py:188} INFO - [2025-01-23T09:24:21.089+0000] {dag.py:3823} INFO - Setting next_dagrun for etl_process to 2025-01-22 22:00:00+00:00, run_after=2025-01-23 22:00:00+00:00
[2025-01-23T09:24:21.145+0000] {processor.py:183} INFO - Processing /opt/airflow/dags/etl_process.py took 0.212 seconds
[2025-01-23T09:24:51.929+0000] {processor.py:161} INFO - Started process (PID=299) to work on /opt/airflow/dags/etl_process.py
[2025-01-23T09:24:51.941+0000] {processor.py:830} INFO - Processing file /opt/airflow/dags/etl_process.py for tasks to queue
[2025-01-23T09:24:51.951+0000] {logging_mixin.py:188} INFO - [2025-01-23T09:24:51.950+0000] {dagbag.py:538} INFO - Filling up the DagBag from /opt/airflow/dags/etl_process.py
[2025-01-23T09:24:52.237+0000] {processor.py:840} INFO - DAG(s) 'etl_process' retrieved from /opt/airflow/dags/etl_process.py
[2025-01-23T09:24:52.309+0000] {logging_mixin.py:188} INFO - [2025-01-23T09:24:52.308+0000] {dag.py:3036} INFO - Sync 1 DAGs
[2025-01-23T09:24:52.413+0000] {logging_mixin.py:188} INFO - [2025-01-23T09:24:52.412+0000] {dag.py:3823} INFO - Setting next_dagrun for etl_process to 2025-01-22 22:00:00+00:00, run_after=2025-01-23 22:00:00+00:00
[2025-01-23T09:24:52.498+0000] {processor.py:183} INFO - Processing /opt/airflow/dags/etl_process.py took 0.586 seconds
[2025-01-23T09:25:23.057+0000] {processor.py:161} INFO - Started process (PID=355) to work on /opt/airflow/dags/etl_process.py
[2025-01-23T09:25:23.059+0000] {processor.py:830} INFO - Processing file /opt/airflow/dags/etl_process.py for tasks to queue
[2025-01-23T09:25:23.062+0000] {logging_mixin.py:188} INFO - [2025-01-23T09:25:23.062+0000] {dagbag.py:538} INFO - Filling up the DagBag from /opt/airflow/dags/etl_process.py
[2025-01-23T09:25:23.134+0000] {processor.py:840} INFO - DAG(s) 'etl_process' retrieved from /opt/airflow/dags/etl_process.py
[2025-01-23T09:25:23.172+0000] {logging_mixin.py:188} INFO - [2025-01-23T09:25:23.172+0000] {dag.py:3036} INFO - Sync 1 DAGs
[2025-01-23T09:25:23.212+0000] {logging_mixin.py:188} INFO - [2025-01-23T09:25:23.211+0000] {dag.py:3823} INFO - Setting next_dagrun for etl_process to 2025-01-22 22:00:00+00:00, run_after=2025-01-23 22:00:00+00:00
[2025-01-23T09:25:23.247+0000] {processor.py:183} INFO - Processing /opt/airflow/dags/etl_process.py took 0.196 seconds
[2025-01-23T09:25:53.620+0000] {processor.py:161} INFO - Started process (PID=411) to work on /opt/airflow/dags/etl_process.py
[2025-01-23T09:25:53.624+0000] {processor.py:830} INFO - Processing file /opt/airflow/dags/etl_process.py for tasks to queue
[2025-01-23T09:25:53.630+0000] {logging_mixin.py:188} INFO - [2025-01-23T09:25:53.628+0000] {dagbag.py:538} INFO - Filling up the DagBag from /opt/airflow/dags/etl_process.py
[2025-01-23T09:25:53.729+0000] {processor.py:840} INFO - DAG(s) 'etl_process' retrieved from /opt/airflow/dags/etl_process.py
[2025-01-23T09:25:53.795+0000] {logging_mixin.py:188} INFO - [2025-01-23T09:25:53.794+0000] {dag.py:3036} INFO - Sync 1 DAGs
[2025-01-23T09:25:53.846+0000] {logging_mixin.py:188} INFO - [2025-01-23T09:25:53.845+0000] {dag.py:3823} INFO - Setting next_dagrun for etl_process to 2025-01-22 22:00:00+00:00, run_after=2025-01-23 22:00:00+00:00
[2025-01-23T09:25:53.938+0000] {processor.py:183} INFO - Processing /opt/airflow/dags/etl_process.py took 0.328 seconds
[2025-01-23T09:26:24.123+0000] {processor.py:161} INFO - Started process (PID=467) to work on /opt/airflow/dags/etl_process.py
[2025-01-23T09:26:24.125+0000] {processor.py:830} INFO - Processing file /opt/airflow/dags/etl_process.py for tasks to queue
[2025-01-23T09:26:24.128+0000] {logging_mixin.py:188} INFO - [2025-01-23T09:26:24.127+0000] {dagbag.py:538} INFO - Filling up the DagBag from /opt/airflow/dags/etl_process.py
[2025-01-23T09:26:24.195+0000] {processor.py:840} INFO - DAG(s) 'etl_process' retrieved from /opt/airflow/dags/etl_process.py
[2025-01-23T09:26:24.234+0000] {logging_mixin.py:188} INFO - [2025-01-23T09:26:24.233+0000] {dag.py:3036} INFO - Sync 1 DAGs
[2025-01-23T09:26:24.321+0000] {logging_mixin.py:188} INFO - [2025-01-23T09:26:24.321+0000] {dag.py:3823} INFO - Setting next_dagrun for etl_process to 2025-01-22 22:00:00+00:00, run_after=2025-01-23 22:00:00+00:00
[2025-01-23T09:26:24.379+0000] {processor.py:183} INFO - Processing /opt/airflow/dags/etl_process.py took 0.264 seconds
[2025-01-23T09:26:54.491+0000] {processor.py:161} INFO - Started process (PID=523) to work on /opt/airflow/dags/etl_process.py
[2025-01-23T09:26:54.493+0000] {processor.py:830} INFO - Processing file /opt/airflow/dags/etl_process.py for tasks to queue
[2025-01-23T09:26:54.497+0000] {logging_mixin.py:188} INFO - [2025-01-23T09:26:54.497+0000] {dagbag.py:538} INFO - Filling up the DagBag from /opt/airflow/dags/etl_process.py
[2025-01-23T09:26:54.564+0000] {processor.py:840} INFO - DAG(s) 'etl_process' retrieved from /opt/airflow/dags/etl_process.py
[2025-01-23T09:26:54.602+0000] {logging_mixin.py:188} INFO - [2025-01-23T09:26:54.601+0000] {dag.py:3036} INFO - Sync 1 DAGs
[2025-01-23T09:26:54.684+0000] {logging_mixin.py:188} INFO - [2025-01-23T09:26:54.684+0000] {dag.py:3823} INFO - Setting next_dagrun for etl_process to 2025-01-22 22:00:00+00:00, run_after=2025-01-23 22:00:00+00:00
[2025-01-23T09:26:54.759+0000] {processor.py:183} INFO - Processing /opt/airflow/dags/etl_process.py took 0.275 seconds
[2025-01-23T09:27:25.241+0000] {processor.py:161} INFO - Started process (PID=579) to work on /opt/airflow/dags/etl_process.py
[2025-01-23T09:27:25.256+0000] {processor.py:830} INFO - Processing file /opt/airflow/dags/etl_process.py for tasks to queue
[2025-01-23T09:27:25.264+0000] {logging_mixin.py:188} INFO - [2025-01-23T09:27:25.262+0000] {dagbag.py:538} INFO - Filling up the DagBag from /opt/airflow/dags/etl_process.py
[2025-01-23T09:27:25.355+0000] {processor.py:840} INFO - DAG(s) 'etl_process' retrieved from /opt/airflow/dags/etl_process.py
[2025-01-23T09:27:25.476+0000] {logging_mixin.py:188} INFO - [2025-01-23T09:27:25.475+0000] {dag.py:3036} INFO - Sync 1 DAGs
[2025-01-23T09:27:25.635+0000] {logging_mixin.py:188} INFO - [2025-01-23T09:27:25.634+0000] {dag.py:3823} INFO - Setting next_dagrun for etl_process to 2025-01-22 22:00:00+00:00, run_after=2025-01-23 22:00:00+00:00
[2025-01-23T09:27:25.702+0000] {processor.py:183} INFO - Processing /opt/airflow/dags/etl_process.py took 0.478 seconds
[2025-01-23T09:27:55.915+0000] {processor.py:161} INFO - Started process (PID=634) to work on /opt/airflow/dags/etl_process.py
[2025-01-23T09:27:55.917+0000] {processor.py:830} INFO - Processing file /opt/airflow/dags/etl_process.py for tasks to queue
[2025-01-23T09:27:55.921+0000] {logging_mixin.py:188} INFO - [2025-01-23T09:27:55.921+0000] {dagbag.py:538} INFO - Filling up the DagBag from /opt/airflow/dags/etl_process.py
[2025-01-23T09:27:55.987+0000] {processor.py:840} INFO - DAG(s) 'etl_process' retrieved from /opt/airflow/dags/etl_process.py
[2025-01-23T09:27:56.026+0000] {logging_mixin.py:188} INFO - [2025-01-23T09:27:56.026+0000] {dag.py:3036} INFO - Sync 1 DAGs
[2025-01-23T09:27:56.075+0000] {logging_mixin.py:188} INFO - [2025-01-23T09:27:56.075+0000] {dag.py:3823} INFO - Setting next_dagrun for etl_process to 2025-01-22 22:00:00+00:00, run_after=2025-01-23 22:00:00+00:00
[2025-01-23T09:27:56.112+0000] {processor.py:183} INFO - Processing /opt/airflow/dags/etl_process.py took 0.204 seconds
[2025-01-23T09:28:26.539+0000] {processor.py:161} INFO - Started process (PID=690) to work on /opt/airflow/dags/etl_process.py
[2025-01-23T09:28:26.542+0000] {processor.py:830} INFO - Processing file /opt/airflow/dags/etl_process.py for tasks to queue
[2025-01-23T09:28:26.549+0000] {logging_mixin.py:188} INFO - [2025-01-23T09:28:26.547+0000] {dagbag.py:538} INFO - Filling up the DagBag from /opt/airflow/dags/etl_process.py
[2025-01-23T09:28:26.616+0000] {processor.py:840} INFO - DAG(s) 'etl_process' retrieved from /opt/airflow/dags/etl_process.py
[2025-01-23T09:28:26.680+0000] {logging_mixin.py:188} INFO - [2025-01-23T09:28:26.679+0000] {dag.py:3036} INFO - Sync 1 DAGs
[2025-01-23T09:28:26.758+0000] {logging_mixin.py:188} INFO - [2025-01-23T09:28:26.757+0000] {dag.py:3823} INFO - Setting next_dagrun for etl_process to 2025-01-22 22:00:00+00:00, run_after=2025-01-23 22:00:00+00:00
[2025-01-23T09:28:26.808+0000] {processor.py:183} INFO - Processing /opt/airflow/dags/etl_process.py took 0.281 seconds
[2025-01-23T09:28:57.010+0000] {processor.py:161} INFO - Started process (PID=746) to work on /opt/airflow/dags/etl_process.py
[2025-01-23T09:28:57.012+0000] {processor.py:830} INFO - Processing file /opt/airflow/dags/etl_process.py for tasks to queue
[2025-01-23T09:28:57.015+0000] {logging_mixin.py:188} INFO - [2025-01-23T09:28:57.015+0000] {dagbag.py:538} INFO - Filling up the DagBag from /opt/airflow/dags/etl_process.py
[2025-01-23T09:28:57.084+0000] {processor.py:840} INFO - DAG(s) 'etl_process' retrieved from /opt/airflow/dags/etl_process.py
[2025-01-23T09:28:57.116+0000] {logging_mixin.py:188} INFO - [2025-01-23T09:28:57.116+0000] {dag.py:3036} INFO - Sync 1 DAGs
[2025-01-23T09:28:57.162+0000] {logging_mixin.py:188} INFO - [2025-01-23T09:28:57.161+0000] {dag.py:3823} INFO - Setting next_dagrun for etl_process to 2025-01-22 22:00:00+00:00, run_after=2025-01-23 22:00:00+00:00
[2025-01-23T09:28:57.204+0000] {processor.py:183} INFO - Processing /opt/airflow/dags/etl_process.py took 0.199 seconds
[2025-01-23T09:29:07.391+0000] {processor.py:161} INFO - Started process (PID=765) to work on /opt/airflow/dags/etl_process.py
[2025-01-23T09:29:07.394+0000] {processor.py:830} INFO - Processing file /opt/airflow/dags/etl_process.py for tasks to queue
[2025-01-23T09:29:07.398+0000] {logging_mixin.py:188} INFO - [2025-01-23T09:29:07.398+0000] {dagbag.py:538} INFO - Filling up the DagBag from /opt/airflow/dags/etl_process.py
[2025-01-23T09:29:07.533+0000] {logging_mixin.py:188} INFO - [2025-01-23T09:29:07.504+0000] {dagbag.py:348} ERROR - Failed to import: /opt/airflow/dags/etl_process.py
Traceback (most recent call last):
  File "/home/airflow/.local/lib/python3.8/site-packages/airflow/models/dagbag.py", line 344, in parse
    loader.exec_module(new_module)
  File "<frozen importlib._bootstrap_external>", line 843, in exec_module
  File "<frozen importlib._bootstrap>", line 219, in _call_with_frames_removed
  File "/opt/airflow/dags/etl_process.py", line 4, in <module>
    from etl.elt_processes import call,load_data
ImportError: cannot import name 'load_data' from 'etl.elt_processes' (/opt/airflow/dags/etl/elt_processes.py)
[2025-01-23T09:29:07.539+0000] {processor.py:842} WARNING - No viable dags retrieved from /opt/airflow/dags/etl_process.py
[2025-01-23T09:29:07.619+0000] {processor.py:183} INFO - Processing /opt/airflow/dags/etl_process.py took 0.235 seconds
[2025-01-23T09:29:38.557+0000] {processor.py:161} INFO - Started process (PID=821) to work on /opt/airflow/dags/etl_process.py
[2025-01-23T09:29:38.561+0000] {processor.py:830} INFO - Processing file /opt/airflow/dags/etl_process.py for tasks to queue
[2025-01-23T09:29:38.565+0000] {logging_mixin.py:188} INFO - [2025-01-23T09:29:38.564+0000] {dagbag.py:538} INFO - Filling up the DagBag from /opt/airflow/dags/etl_process.py
[2025-01-23T09:29:38.643+0000] {logging_mixin.py:188} INFO - [2025-01-23T09:29:38.636+0000] {dagbag.py:348} ERROR - Failed to import: /opt/airflow/dags/etl_process.py
Traceback (most recent call last):
  File "/home/airflow/.local/lib/python3.8/site-packages/airflow/models/dagbag.py", line 344, in parse
    loader.exec_module(new_module)
  File "<frozen importlib._bootstrap_external>", line 843, in exec_module
  File "<frozen importlib._bootstrap>", line 219, in _call_with_frames_removed
  File "/opt/airflow/dags/etl_process.py", line 4, in <module>
    from etl.elt_processes import call,load_data
ImportError: cannot import name 'load_data' from 'etl.elt_processes' (/opt/airflow/dags/etl/elt_processes.py)
[2025-01-23T09:29:38.646+0000] {processor.py:842} WARNING - No viable dags retrieved from /opt/airflow/dags/etl_process.py
[2025-01-23T09:29:38.696+0000] {processor.py:183} INFO - Processing /opt/airflow/dags/etl_process.py took 0.149 seconds
[2025-01-23T09:30:09.302+0000] {processor.py:161} INFO - Started process (PID=877) to work on /opt/airflow/dags/etl_process.py
[2025-01-23T09:30:09.315+0000] {processor.py:830} INFO - Processing file /opt/airflow/dags/etl_process.py for tasks to queue
[2025-01-23T09:30:09.319+0000] {logging_mixin.py:188} INFO - [2025-01-23T09:30:09.318+0000] {dagbag.py:538} INFO - Filling up the DagBag from /opt/airflow/dags/etl_process.py
[2025-01-23T09:30:10.177+0000] {logging_mixin.py:188} INFO - [2025-01-23T09:30:10.162+0000] {dagbag.py:348} ERROR - Failed to import: /opt/airflow/dags/etl_process.py
Traceback (most recent call last):
  File "/home/airflow/.local/lib/python3.8/site-packages/airflow/models/dagbag.py", line 344, in parse
    loader.exec_module(new_module)
  File "<frozen importlib._bootstrap_external>", line 843, in exec_module
  File "<frozen importlib._bootstrap>", line 219, in _call_with_frames_removed
  File "/opt/airflow/dags/etl_process.py", line 4, in <module>
    from etl.elt_processes import call,load_data
  File "/opt/airflow/dags/etl/elt_processes.py", line 1, in <module>
    from app import get_db_connection,insert_data_to_db
ModuleNotFoundError: No module named 'app'
[2025-01-23T09:30:10.184+0000] {processor.py:842} WARNING - No viable dags retrieved from /opt/airflow/dags/etl_process.py
[2025-01-23T09:30:10.264+0000] {processor.py:183} INFO - Processing /opt/airflow/dags/etl_process.py took 0.968 seconds
[2025-01-23T09:30:40.569+0000] {processor.py:161} INFO - Started process (PID=933) to work on /opt/airflow/dags/etl_process.py
[2025-01-23T09:30:40.572+0000] {processor.py:830} INFO - Processing file /opt/airflow/dags/etl_process.py for tasks to queue
[2025-01-23T09:30:40.576+0000] {logging_mixin.py:188} INFO - [2025-01-23T09:30:40.575+0000] {dagbag.py:538} INFO - Filling up the DagBag from /opt/airflow/dags/etl_process.py
[2025-01-23T09:30:40.654+0000] {logging_mixin.py:188} INFO - [2025-01-23T09:30:40.637+0000] {dagbag.py:348} ERROR - Failed to import: /opt/airflow/dags/etl_process.py
Traceback (most recent call last):
  File "/home/airflow/.local/lib/python3.8/site-packages/airflow/models/dagbag.py", line 344, in parse
    loader.exec_module(new_module)
  File "<frozen importlib._bootstrap_external>", line 843, in exec_module
  File "<frozen importlib._bootstrap>", line 219, in _call_with_frames_removed
  File "/opt/airflow/dags/etl_process.py", line 4, in <module>
    from etl.elt_processes import call,load_data
  File "/opt/airflow/dags/etl/elt_processes.py", line 1, in <module>
    from app import get_db_connection,insert_data_to_db
ModuleNotFoundError: No module named 'app'
[2025-01-23T09:30:40.662+0000] {processor.py:842} WARNING - No viable dags retrieved from /opt/airflow/dags/etl_process.py
[2025-01-23T09:30:40.746+0000] {processor.py:183} INFO - Processing /opt/airflow/dags/etl_process.py took 0.190 seconds
[2025-01-23T09:31:11.339+0000] {processor.py:161} INFO - Started process (PID=989) to work on /opt/airflow/dags/etl_process.py
[2025-01-23T09:31:11.354+0000] {processor.py:830} INFO - Processing file /opt/airflow/dags/etl_process.py for tasks to queue
[2025-01-23T09:31:11.359+0000] {logging_mixin.py:188} INFO - [2025-01-23T09:31:11.357+0000] {dagbag.py:538} INFO - Filling up the DagBag from /opt/airflow/dags/etl_process.py
[2025-01-23T09:31:11.747+0000] {logging_mixin.py:188} INFO - [2025-01-23T09:31:11.702+0000] {dagbag.py:348} ERROR - Failed to import: /opt/airflow/dags/etl_process.py
Traceback (most recent call last):
  File "/home/airflow/.local/lib/python3.8/site-packages/airflow/models/dagbag.py", line 344, in parse
    loader.exec_module(new_module)
  File "<frozen importlib._bootstrap_external>", line 843, in exec_module
  File "<frozen importlib._bootstrap>", line 219, in _call_with_frames_removed
  File "/opt/airflow/dags/etl_process.py", line 4, in <module>
    from etl.elt_processes import call,load_data
  File "/opt/airflow/dags/etl/elt_processes.py", line 1, in <module>
    from app import get_db_connection,insert_data_to_db
ModuleNotFoundError: No module named 'app'
[2025-01-23T09:31:11.765+0000] {processor.py:842} WARNING - No viable dags retrieved from /opt/airflow/dags/etl_process.py
[2025-01-23T09:31:11.910+0000] {processor.py:183} INFO - Processing /opt/airflow/dags/etl_process.py took 0.595 seconds
[2025-01-23T09:31:42.252+0000] {processor.py:161} INFO - Started process (PID=1046) to work on /opt/airflow/dags/etl_process.py
[2025-01-23T09:31:42.254+0000] {processor.py:830} INFO - Processing file /opt/airflow/dags/etl_process.py for tasks to queue
[2025-01-23T09:31:42.256+0000] {logging_mixin.py:188} INFO - [2025-01-23T09:31:42.255+0000] {dagbag.py:538} INFO - Filling up the DagBag from /opt/airflow/dags/etl_process.py
[2025-01-23T09:31:42.330+0000] {logging_mixin.py:188} INFO - [2025-01-23T09:31:42.314+0000] {dagbag.py:348} ERROR - Failed to import: /opt/airflow/dags/etl_process.py
Traceback (most recent call last):
  File "/home/airflow/.local/lib/python3.8/site-packages/airflow/models/dagbag.py", line 344, in parse
    loader.exec_module(new_module)
  File "<frozen importlib._bootstrap_external>", line 843, in exec_module
  File "<frozen importlib._bootstrap>", line 219, in _call_with_frames_removed
  File "/opt/airflow/dags/etl_process.py", line 4, in <module>
    from etl.elt_processes import call,load_data
  File "/opt/airflow/dags/etl/elt_processes.py", line 1, in <module>
    from app import get_db_connection,insert_data_to_db
ModuleNotFoundError: No module named 'app'
[2025-01-23T09:31:42.336+0000] {processor.py:842} WARNING - No viable dags retrieved from /opt/airflow/dags/etl_process.py
[2025-01-23T09:31:42.369+0000] {processor.py:183} INFO - Processing /opt/airflow/dags/etl_process.py took 0.122 seconds
[2025-01-23T09:32:12.727+0000] {processor.py:161} INFO - Started process (PID=1102) to work on /opt/airflow/dags/etl_process.py
[2025-01-23T09:32:12.728+0000] {processor.py:830} INFO - Processing file /opt/airflow/dags/etl_process.py for tasks to queue
[2025-01-23T09:32:12.730+0000] {logging_mixin.py:188} INFO - [2025-01-23T09:32:12.730+0000] {dagbag.py:538} INFO - Filling up the DagBag from /opt/airflow/dags/etl_process.py
[2025-01-23T09:32:12.822+0000] {logging_mixin.py:188} INFO - [2025-01-23T09:32:12.800+0000] {dagbag.py:348} ERROR - Failed to import: /opt/airflow/dags/etl_process.py
Traceback (most recent call last):
  File "/home/airflow/.local/lib/python3.8/site-packages/airflow/models/dagbag.py", line 344, in parse
    loader.exec_module(new_module)
  File "<frozen importlib._bootstrap_external>", line 843, in exec_module
  File "<frozen importlib._bootstrap>", line 219, in _call_with_frames_removed
  File "/opt/airflow/dags/etl_process.py", line 4, in <module>
    from etl.elt_processes import call,load_data
  File "/opt/airflow/dags/etl/elt_processes.py", line 1, in <module>
    from app import get_db_connection,insert_data_to_db
ModuleNotFoundError: No module named 'app'
[2025-01-23T09:32:12.829+0000] {processor.py:842} WARNING - No viable dags retrieved from /opt/airflow/dags/etl_process.py
[2025-01-23T09:32:12.895+0000] {processor.py:183} INFO - Processing /opt/airflow/dags/etl_process.py took 0.176 seconds
[2025-01-23T09:32:43.577+0000] {processor.py:161} INFO - Started process (PID=1158) to work on /opt/airflow/dags/etl_process.py
[2025-01-23T09:32:43.580+0000] {processor.py:830} INFO - Processing file /opt/airflow/dags/etl_process.py for tasks to queue
[2025-01-23T09:32:43.583+0000] {logging_mixin.py:188} INFO - [2025-01-23T09:32:43.582+0000] {dagbag.py:538} INFO - Filling up the DagBag from /opt/airflow/dags/etl_process.py
[2025-01-23T09:32:43.730+0000] {logging_mixin.py:188} INFO - [2025-01-23T09:32:43.698+0000] {dagbag.py:348} ERROR - Failed to import: /opt/airflow/dags/etl_process.py
Traceback (most recent call last):
  File "/home/airflow/.local/lib/python3.8/site-packages/airflow/models/dagbag.py", line 344, in parse
    loader.exec_module(new_module)
  File "<frozen importlib._bootstrap_external>", line 843, in exec_module
  File "<frozen importlib._bootstrap>", line 219, in _call_with_frames_removed
  File "/opt/airflow/dags/etl_process.py", line 4, in <module>
    from etl.elt_processes import call,load_data
  File "/opt/airflow/dags/etl/elt_processes.py", line 1, in <module>
    from app import get_db_connection,insert_data_to_db
ModuleNotFoundError: No module named 'app'
[2025-01-23T09:32:43.737+0000] {processor.py:842} WARNING - No viable dags retrieved from /opt/airflow/dags/etl_process.py
[2025-01-23T09:32:43.792+0000] {processor.py:183} INFO - Processing /opt/airflow/dags/etl_process.py took 0.229 seconds
[2025-01-23T09:33:13.961+0000] {processor.py:161} INFO - Started process (PID=1214) to work on /opt/airflow/dags/etl_process.py
[2025-01-23T09:33:13.964+0000] {processor.py:830} INFO - Processing file /opt/airflow/dags/etl_process.py for tasks to queue
[2025-01-23T09:33:13.967+0000] {logging_mixin.py:188} INFO - [2025-01-23T09:33:13.966+0000] {dagbag.py:538} INFO - Filling up the DagBag from /opt/airflow/dags/etl_process.py
[2025-01-23T09:33:14.044+0000] {logging_mixin.py:188} INFO - [2025-01-23T09:33:14.029+0000] {dagbag.py:348} ERROR - Failed to import: /opt/airflow/dags/etl_process.py
Traceback (most recent call last):
  File "/home/airflow/.local/lib/python3.8/site-packages/airflow/models/dagbag.py", line 344, in parse
    loader.exec_module(new_module)
  File "<frozen importlib._bootstrap_external>", line 843, in exec_module
  File "<frozen importlib._bootstrap>", line 219, in _call_with_frames_removed
  File "/opt/airflow/dags/etl_process.py", line 4, in <module>
    from etl.elt_processes import call,load_data
  File "/opt/airflow/dags/etl/elt_processes.py", line 1, in <module>
    from app import get_db_connection,insert_data_to_db
ModuleNotFoundError: No module named 'app'
[2025-01-23T09:33:14.049+0000] {processor.py:842} WARNING - No viable dags retrieved from /opt/airflow/dags/etl_process.py
[2025-01-23T09:33:14.098+0000] {processor.py:183} INFO - Processing /opt/airflow/dags/etl_process.py took 0.145 seconds
[2025-01-23T09:33:44.350+0000] {processor.py:161} INFO - Started process (PID=1270) to work on /opt/airflow/dags/etl_process.py
[2025-01-23T09:33:44.355+0000] {processor.py:830} INFO - Processing file /opt/airflow/dags/etl_process.py for tasks to queue
[2025-01-23T09:33:44.359+0000] {logging_mixin.py:188} INFO - [2025-01-23T09:33:44.358+0000] {dagbag.py:538} INFO - Filling up the DagBag from /opt/airflow/dags/etl_process.py
[2025-01-23T09:33:44.436+0000] {logging_mixin.py:188} INFO - [2025-01-23T09:33:44.421+0000] {dagbag.py:348} ERROR - Failed to import: /opt/airflow/dags/etl_process.py
Traceback (most recent call last):
  File "/home/airflow/.local/lib/python3.8/site-packages/airflow/models/dagbag.py", line 344, in parse
    loader.exec_module(new_module)
  File "<frozen importlib._bootstrap_external>", line 843, in exec_module
  File "<frozen importlib._bootstrap>", line 219, in _call_with_frames_removed
  File "/opt/airflow/dags/etl_process.py", line 4, in <module>
    from etl.elt_processes import call,load_data
  File "/opt/airflow/dags/etl/elt_processes.py", line 1, in <module>
    from app import get_db_connection,insert_data_to_db
ModuleNotFoundError: No module named 'app'
[2025-01-23T09:33:44.444+0000] {processor.py:842} WARNING - No viable dags retrieved from /opt/airflow/dags/etl_process.py
[2025-01-23T09:33:44.529+0000] {processor.py:183} INFO - Processing /opt/airflow/dags/etl_process.py took 0.193 seconds
[2025-01-23T09:34:15.429+0000] {processor.py:161} INFO - Started process (PID=1326) to work on /opt/airflow/dags/etl_process.py
[2025-01-23T09:34:15.431+0000] {processor.py:830} INFO - Processing file /opt/airflow/dags/etl_process.py for tasks to queue
[2025-01-23T09:34:15.433+0000] {logging_mixin.py:188} INFO - [2025-01-23T09:34:15.432+0000] {dagbag.py:538} INFO - Filling up the DagBag from /opt/airflow/dags/etl_process.py
[2025-01-23T09:34:15.614+0000] {logging_mixin.py:188} INFO - [2025-01-23T09:34:15.595+0000] {dagbag.py:348} ERROR - Failed to import: /opt/airflow/dags/etl_process.py
Traceback (most recent call last):
  File "/home/airflow/.local/lib/python3.8/site-packages/airflow/models/dagbag.py", line 344, in parse
    loader.exec_module(new_module)
  File "<frozen importlib._bootstrap_external>", line 843, in exec_module
  File "<frozen importlib._bootstrap>", line 219, in _call_with_frames_removed
  File "/opt/airflow/dags/etl_process.py", line 4, in <module>
    from etl.elt_processes import call,load_data
  File "/opt/airflow/dags/etl/elt_processes.py", line 1, in <module>
    from db_utils import get_db_connection,insert_data_to_db
ModuleNotFoundError: No module named 'db_utils'
[2025-01-23T09:34:15.620+0000] {processor.py:842} WARNING - No viable dags retrieved from /opt/airflow/dags/etl_process.py
[2025-01-23T09:34:15.660+0000] {processor.py:183} INFO - Processing /opt/airflow/dags/etl_process.py took 0.235 seconds
[2025-01-23T09:34:46.008+0000] {processor.py:161} INFO - Started process (PID=1382) to work on /opt/airflow/dags/etl_process.py
[2025-01-23T09:34:46.025+0000] {processor.py:830} INFO - Processing file /opt/airflow/dags/etl_process.py for tasks to queue
[2025-01-23T09:34:46.049+0000] {logging_mixin.py:188} INFO - [2025-01-23T09:34:46.048+0000] {dagbag.py:538} INFO - Filling up the DagBag from /opt/airflow/dags/etl_process.py
[2025-01-23T09:34:46.545+0000] {logging_mixin.py:188} INFO - [2025-01-23T09:34:46.501+0000] {dagbag.py:348} ERROR - Failed to import: /opt/airflow/dags/etl_process.py
Traceback (most recent call last):
  File "/home/airflow/.local/lib/python3.8/site-packages/airflow/models/dagbag.py", line 344, in parse
    loader.exec_module(new_module)
  File "<frozen importlib._bootstrap_external>", line 843, in exec_module
  File "<frozen importlib._bootstrap>", line 219, in _call_with_frames_removed
  File "/opt/airflow/dags/etl_process.py", line 4, in <module>
    from etl.elt_processes import call,load_data
  File "/opt/airflow/dags/etl/elt_processes.py", line 1, in <module>
    from db_utils import get_db_connection,insert_data_to_db
ModuleNotFoundError: No module named 'db_utils'
[2025-01-23T09:34:46.552+0000] {processor.py:842} WARNING - No viable dags retrieved from /opt/airflow/dags/etl_process.py
[2025-01-23T09:34:46.623+0000] {processor.py:183} INFO - Processing /opt/airflow/dags/etl_process.py took 0.641 seconds
[2025-01-23T09:35:17.343+0000] {processor.py:161} INFO - Started process (PID=1439) to work on /opt/airflow/dags/etl_process.py
[2025-01-23T09:35:17.348+0000] {processor.py:830} INFO - Processing file /opt/airflow/dags/etl_process.py for tasks to queue
[2025-01-23T09:35:17.352+0000] {logging_mixin.py:188} INFO - [2025-01-23T09:35:17.351+0000] {dagbag.py:538} INFO - Filling up the DagBag from /opt/airflow/dags/etl_process.py
[2025-01-23T09:35:17.551+0000] {logging_mixin.py:188} INFO - [2025-01-23T09:35:17.522+0000] {dagbag.py:348} ERROR - Failed to import: /opt/airflow/dags/etl_process.py
Traceback (most recent call last):
  File "/home/airflow/.local/lib/python3.8/site-packages/airflow/models/dagbag.py", line 344, in parse
    loader.exec_module(new_module)
  File "<frozen importlib._bootstrap_external>", line 843, in exec_module
  File "<frozen importlib._bootstrap>", line 219, in _call_with_frames_removed
  File "/opt/airflow/dags/etl_process.py", line 4, in <module>
    from etl.elt_processes import call,load_data
  File "/opt/airflow/dags/etl/elt_processes.py", line 1, in <module>
    from db_utils import get_db_connection,insert_data_to_db
ModuleNotFoundError: No module named 'db_utils'
[2025-01-23T09:35:17.564+0000] {processor.py:842} WARNING - No viable dags retrieved from /opt/airflow/dags/etl_process.py
[2025-01-23T09:35:17.640+0000] {processor.py:183} INFO - Processing /opt/airflow/dags/etl_process.py took 0.312 seconds
[2025-01-23T09:35:47.883+0000] {processor.py:161} INFO - Started process (PID=1495) to work on /opt/airflow/dags/etl_process.py
[2025-01-23T09:35:47.884+0000] {processor.py:830} INFO - Processing file /opt/airflow/dags/etl_process.py for tasks to queue
[2025-01-23T09:35:47.886+0000] {logging_mixin.py:188} INFO - [2025-01-23T09:35:47.886+0000] {dagbag.py:538} INFO - Filling up the DagBag from /opt/airflow/dags/etl_process.py
[2025-01-23T09:35:47.942+0000] {logging_mixin.py:188} INFO - [2025-01-23T09:35:47.931+0000] {dagbag.py:348} ERROR - Failed to import: /opt/airflow/dags/etl_process.py
Traceback (most recent call last):
  File "/home/airflow/.local/lib/python3.8/site-packages/airflow/models/dagbag.py", line 344, in parse
    loader.exec_module(new_module)
  File "<frozen importlib._bootstrap_external>", line 843, in exec_module
  File "<frozen importlib._bootstrap>", line 219, in _call_with_frames_removed
  File "/opt/airflow/dags/etl_process.py", line 4, in <module>
    from etl.elt_processes import call,load_data
  File "/opt/airflow/dags/etl/elt_processes.py", line 1, in <module>
    from db_utils import get_db_connection,insert_data_to_db
ModuleNotFoundError: No module named 'db_utils'
[2025-01-23T09:35:47.947+0000] {processor.py:842} WARNING - No viable dags retrieved from /opt/airflow/dags/etl_process.py
[2025-01-23T09:35:47.977+0000] {processor.py:183} INFO - Processing /opt/airflow/dags/etl_process.py took 0.099 seconds
[2025-01-23T09:36:18.229+0000] {processor.py:161} INFO - Started process (PID=1551) to work on /opt/airflow/dags/etl_process.py
[2025-01-23T09:36:18.231+0000] {processor.py:830} INFO - Processing file /opt/airflow/dags/etl_process.py for tasks to queue
[2025-01-23T09:36:18.233+0000] {logging_mixin.py:188} INFO - [2025-01-23T09:36:18.232+0000] {dagbag.py:538} INFO - Filling up the DagBag from /opt/airflow/dags/etl_process.py
[2025-01-23T09:36:18.322+0000] {logging_mixin.py:188} INFO - [2025-01-23T09:36:18.309+0000] {dagbag.py:348} ERROR - Failed to import: /opt/airflow/dags/etl_process.py
Traceback (most recent call last):
  File "/home/airflow/.local/lib/python3.8/site-packages/airflow/models/dagbag.py", line 344, in parse
    loader.exec_module(new_module)
  File "<frozen importlib._bootstrap_external>", line 843, in exec_module
  File "<frozen importlib._bootstrap>", line 219, in _call_with_frames_removed
  File "/opt/airflow/dags/etl_process.py", line 4, in <module>
    from etl.elt_processes import call,load_data
  File "/opt/airflow/dags/etl/elt_processes.py", line 1, in <module>
    from db_utils import get_db_connection,insert_data_to_db
ModuleNotFoundError: No module named 'db_utils'
[2025-01-23T09:36:18.327+0000] {processor.py:842} WARNING - No viable dags retrieved from /opt/airflow/dags/etl_process.py
[2025-01-23T09:36:18.368+0000] {processor.py:183} INFO - Processing /opt/airflow/dags/etl_process.py took 0.146 seconds
[2025-01-23T09:36:48.663+0000] {processor.py:161} INFO - Started process (PID=1607) to work on /opt/airflow/dags/etl_process.py
[2025-01-23T09:36:48.665+0000] {processor.py:830} INFO - Processing file /opt/airflow/dags/etl_process.py for tasks to queue
[2025-01-23T09:36:48.667+0000] {logging_mixin.py:188} INFO - [2025-01-23T09:36:48.667+0000] {dagbag.py:538} INFO - Filling up the DagBag from /opt/airflow/dags/etl_process.py
[2025-01-23T09:36:48.743+0000] {logging_mixin.py:188} INFO - [2025-01-23T09:36:48.730+0000] {dagbag.py:348} ERROR - Failed to import: /opt/airflow/dags/etl_process.py
Traceback (most recent call last):
  File "/home/airflow/.local/lib/python3.8/site-packages/airflow/models/dagbag.py", line 344, in parse
    loader.exec_module(new_module)
  File "<frozen importlib._bootstrap_external>", line 843, in exec_module
  File "<frozen importlib._bootstrap>", line 219, in _call_with_frames_removed
  File "/opt/airflow/dags/etl_process.py", line 4, in <module>
    from etl.elt_processes import call,load_data
  File "/opt/airflow/dags/etl/elt_processes.py", line 1, in <module>
    from db_utils import get_db_connection,insert_data_to_db
ModuleNotFoundError: No module named 'db_utils'
[2025-01-23T09:36:48.750+0000] {processor.py:842} WARNING - No viable dags retrieved from /opt/airflow/dags/etl_process.py
[2025-01-23T09:36:48.796+0000] {processor.py:183} INFO - Processing /opt/airflow/dags/etl_process.py took 0.140 seconds
[2025-01-23T09:37:18.964+0000] {processor.py:161} INFO - Started process (PID=1663) to work on /opt/airflow/dags/etl_process.py
[2025-01-23T09:37:18.966+0000] {processor.py:830} INFO - Processing file /opt/airflow/dags/etl_process.py for tasks to queue
[2025-01-23T09:37:18.968+0000] {logging_mixin.py:188} INFO - [2025-01-23T09:37:18.968+0000] {dagbag.py:538} INFO - Filling up the DagBag from /opt/airflow/dags/etl_process.py
[2025-01-23T09:37:19.041+0000] {logging_mixin.py:188} INFO - [2025-01-23T09:37:19.029+0000] {dagbag.py:348} ERROR - Failed to import: /opt/airflow/dags/etl_process.py
Traceback (most recent call last):
  File "/home/airflow/.local/lib/python3.8/site-packages/airflow/models/dagbag.py", line 344, in parse
    loader.exec_module(new_module)
  File "<frozen importlib._bootstrap_external>", line 843, in exec_module
  File "<frozen importlib._bootstrap>", line 219, in _call_with_frames_removed
  File "/opt/airflow/dags/etl_process.py", line 4, in <module>
    from etl.elt_processes import call,load_data
  File "/opt/airflow/dags/etl/elt_processes.py", line 1, in <module>
    from db_utils import get_db_connection,insert_data_to_db
ModuleNotFoundError: No module named 'db_utils'
[2025-01-23T09:37:19.045+0000] {processor.py:842} WARNING - No viable dags retrieved from /opt/airflow/dags/etl_process.py
[2025-01-23T09:37:19.078+0000] {processor.py:183} INFO - Processing /opt/airflow/dags/etl_process.py took 0.119 seconds
[2025-01-23T09:37:50.013+0000] {processor.py:161} INFO - Started process (PID=1719) to work on /opt/airflow/dags/etl_process.py
[2025-01-23T09:37:50.015+0000] {processor.py:830} INFO - Processing file /opt/airflow/dags/etl_process.py for tasks to queue
[2025-01-23T09:37:50.017+0000] {logging_mixin.py:188} INFO - [2025-01-23T09:37:50.016+0000] {dagbag.py:538} INFO - Filling up the DagBag from /opt/airflow/dags/etl_process.py
[2025-01-23T09:37:50.082+0000] {logging_mixin.py:188} INFO - [2025-01-23T09:37:50.068+0000] {dagbag.py:348} ERROR - Failed to import: /opt/airflow/dags/etl_process.py
Traceback (most recent call last):
  File "/home/airflow/.local/lib/python3.8/site-packages/airflow/models/dagbag.py", line 344, in parse
    loader.exec_module(new_module)
  File "<frozen importlib._bootstrap_external>", line 843, in exec_module
  File "<frozen importlib._bootstrap>", line 219, in _call_with_frames_removed
  File "/opt/airflow/dags/etl_process.py", line 4, in <module>
    from etl.elt_processes import call,load_data
  File "/opt/airflow/dags/etl/elt_processes.py", line 1, in <module>
    from db_utils import get_db_connection,insert_data_to_db
ModuleNotFoundError: No module named 'db_utils'
[2025-01-23T09:37:50.089+0000] {processor.py:842} WARNING - No viable dags retrieved from /opt/airflow/dags/etl_process.py
[2025-01-23T09:37:50.144+0000] {processor.py:183} INFO - Processing /opt/airflow/dags/etl_process.py took 0.139 seconds
[2025-01-23T09:38:20.262+0000] {processor.py:161} INFO - Started process (PID=1776) to work on /opt/airflow/dags/etl_process.py
[2025-01-23T09:38:20.264+0000] {processor.py:830} INFO - Processing file /opt/airflow/dags/etl_process.py for tasks to queue
[2025-01-23T09:38:20.266+0000] {logging_mixin.py:188} INFO - [2025-01-23T09:38:20.266+0000] {dagbag.py:538} INFO - Filling up the DagBag from /opt/airflow/dags/etl_process.py
[2025-01-23T09:38:20.478+0000] {logging_mixin.py:188} INFO - [2025-01-23T09:38:20.478+0000] {elt_processes.py:11} INFO - Starting data generation script...
[2025-01-23T09:38:20.488+0000] {processor.py:840} INFO - DAG(s) 'etl_process' retrieved from /opt/airflow/dags/etl_process.py
[2025-01-23T09:38:20.747+0000] {logging_mixin.py:188} INFO - [2025-01-23T09:38:20.746+0000] {dag.py:3036} INFO - Sync 1 DAGs
[2025-01-23T09:38:20.788+0000] {logging_mixin.py:188} INFO - [2025-01-23T09:38:20.787+0000] {dag.py:3823} INFO - Setting next_dagrun for etl_process to 2025-01-22 22:00:00+00:00, run_after=2025-01-23 22:00:00+00:00
[2025-01-23T09:38:20.854+0000] {processor.py:183} INFO - Processing /opt/airflow/dags/etl_process.py took 0.600 seconds
[2025-01-23T09:38:51.184+0000] {processor.py:161} INFO - Started process (PID=1833) to work on /opt/airflow/dags/etl_process.py
[2025-01-23T09:38:51.187+0000] {processor.py:830} INFO - Processing file /opt/airflow/dags/etl_process.py for tasks to queue
[2025-01-23T09:38:51.190+0000] {logging_mixin.py:188} INFO - [2025-01-23T09:38:51.189+0000] {dagbag.py:538} INFO - Filling up the DagBag from /opt/airflow/dags/etl_process.py
[2025-01-23T09:38:51.257+0000] {logging_mixin.py:188} INFO - [2025-01-23T09:38:51.257+0000] {elt_processes.py:11} INFO - Starting data generation script...
[2025-01-23T09:38:51.266+0000] {processor.py:840} INFO - DAG(s) 'etl_process' retrieved from /opt/airflow/dags/etl_process.py
[2025-01-23T09:38:51.309+0000] {logging_mixin.py:188} INFO - [2025-01-23T09:38:51.309+0000] {dag.py:3036} INFO - Sync 1 DAGs
[2025-01-23T09:38:51.359+0000] {logging_mixin.py:188} INFO - [2025-01-23T09:38:51.358+0000] {dag.py:3823} INFO - Setting next_dagrun for etl_process to 2025-01-22 22:00:00+00:00, run_after=2025-01-23 22:00:00+00:00
[2025-01-23T09:38:51.398+0000] {processor.py:183} INFO - Processing /opt/airflow/dags/etl_process.py took 0.224 seconds
[2025-01-23T09:39:21.731+0000] {processor.py:161} INFO - Started process (PID=1889) to work on /opt/airflow/dags/etl_process.py
[2025-01-23T09:39:21.733+0000] {processor.py:830} INFO - Processing file /opt/airflow/dags/etl_process.py for tasks to queue
[2025-01-23T09:39:21.737+0000] {logging_mixin.py:188} INFO - [2025-01-23T09:39:21.736+0000] {dagbag.py:538} INFO - Filling up the DagBag from /opt/airflow/dags/etl_process.py
[2025-01-23T09:39:21.810+0000] {logging_mixin.py:188} INFO - [2025-01-23T09:39:21.809+0000] {elt_processes.py:11} INFO - Starting data generation script...
[2025-01-23T09:39:21.819+0000] {processor.py:840} INFO - DAG(s) 'etl_process' retrieved from /opt/airflow/dags/etl_process.py
[2025-01-23T09:39:21.858+0000] {logging_mixin.py:188} INFO - [2025-01-23T09:39:21.857+0000] {dag.py:3036} INFO - Sync 1 DAGs
[2025-01-23T09:39:21.909+0000] {logging_mixin.py:188} INFO - [2025-01-23T09:39:21.908+0000] {dag.py:3823} INFO - Setting next_dagrun for etl_process to 2025-01-22 22:00:00+00:00, run_after=2025-01-23 22:00:00+00:00
[2025-01-23T09:39:21.946+0000] {processor.py:183} INFO - Processing /opt/airflow/dags/etl_process.py took 0.223 seconds
[2025-01-23T09:39:52.285+0000] {processor.py:161} INFO - Started process (PID=1944) to work on /opt/airflow/dags/etl_process.py
[2025-01-23T09:39:52.287+0000] {processor.py:830} INFO - Processing file /opt/airflow/dags/etl_process.py for tasks to queue
[2025-01-23T09:39:52.289+0000] {logging_mixin.py:188} INFO - [2025-01-23T09:39:52.289+0000] {dagbag.py:538} INFO - Filling up the DagBag from /opt/airflow/dags/etl_process.py
[2025-01-23T09:39:52.370+0000] {logging_mixin.py:188} INFO - [2025-01-23T09:39:52.370+0000] {elt_processes.py:11} INFO - Starting data generation script...
[2025-01-23T09:39:52.389+0000] {processor.py:840} INFO - DAG(s) 'etl_process' retrieved from /opt/airflow/dags/etl_process.py
[2025-01-23T09:39:52.437+0000] {logging_mixin.py:188} INFO - [2025-01-23T09:39:52.436+0000] {dag.py:3036} INFO - Sync 1 DAGs
[2025-01-23T09:39:52.496+0000] {logging_mixin.py:188} INFO - [2025-01-23T09:39:52.496+0000] {dag.py:3823} INFO - Setting next_dagrun for etl_process to 2025-01-22 22:00:00+00:00, run_after=2025-01-23 22:00:00+00:00
[2025-01-23T09:39:52.537+0000] {processor.py:183} INFO - Processing /opt/airflow/dags/etl_process.py took 0.258 seconds
[2025-01-23T09:40:23.289+0000] {processor.py:161} INFO - Started process (PID=2000) to work on /opt/airflow/dags/etl_process.py
[2025-01-23T09:40:23.292+0000] {processor.py:830} INFO - Processing file /opt/airflow/dags/etl_process.py for tasks to queue
[2025-01-23T09:40:23.294+0000] {logging_mixin.py:188} INFO - [2025-01-23T09:40:23.294+0000] {dagbag.py:538} INFO - Filling up the DagBag from /opt/airflow/dags/etl_process.py
[2025-01-23T09:40:23.384+0000] {logging_mixin.py:188} INFO - [2025-01-23T09:40:23.383+0000] {elt_processes.py:11} INFO - Starting data generation script...
[2025-01-23T09:40:23.397+0000] {processor.py:840} INFO - DAG(s) 'etl_process' retrieved from /opt/airflow/dags/etl_process.py
[2025-01-23T09:40:23.450+0000] {logging_mixin.py:188} INFO - [2025-01-23T09:40:23.449+0000] {dag.py:3036} INFO - Sync 1 DAGs
[2025-01-23T09:40:23.503+0000] {logging_mixin.py:188} INFO - [2025-01-23T09:40:23.503+0000] {dag.py:3823} INFO - Setting next_dagrun for etl_process to 2025-01-22 22:00:00+00:00, run_after=2025-01-23 22:00:00+00:00
[2025-01-23T09:40:23.603+0000] {processor.py:183} INFO - Processing /opt/airflow/dags/etl_process.py took 0.323 seconds
[2025-01-23T09:40:26.319+0000] {processor.py:161} INFO - Started process (PID=2007) to work on /opt/airflow/dags/etl_process.py
[2025-01-23T09:40:26.322+0000] {processor.py:830} INFO - Processing file /opt/airflow/dags/etl_process.py for tasks to queue
[2025-01-23T09:40:26.325+0000] {logging_mixin.py:188} INFO - [2025-01-23T09:40:26.324+0000] {dagbag.py:538} INFO - Filling up the DagBag from /opt/airflow/dags/etl_process.py
[2025-01-23T09:40:26.436+0000] {logging_mixin.py:188} INFO - [2025-01-23T09:40:26.436+0000] {elt_processes.py:11} INFO - Starting data generation script...
[2025-01-23T09:40:26.447+0000] {processor.py:840} INFO - DAG(s) 'etl_process' retrieved from /opt/airflow/dags/etl_process.py
[2025-01-23T09:40:26.494+0000] {logging_mixin.py:188} INFO - [2025-01-23T09:40:26.494+0000] {dag.py:3036} INFO - Sync 1 DAGs
[2025-01-23T09:40:26.556+0000] {logging_mixin.py:188} INFO - [2025-01-23T09:40:26.556+0000] {dag.py:3823} INFO - Setting next_dagrun for etl_process to 2025-01-22 22:00:00+00:00, run_after=2025-01-23 22:00:00+00:00
[2025-01-23T09:40:26.634+0000] {processor.py:183} INFO - Processing /opt/airflow/dags/etl_process.py took 0.325 seconds
[2025-01-23T09:40:56.862+0000] {processor.py:161} INFO - Started process (PID=2064) to work on /opt/airflow/dags/etl_process.py
[2025-01-23T09:40:56.864+0000] {processor.py:830} INFO - Processing file /opt/airflow/dags/etl_process.py for tasks to queue
[2025-01-23T09:40:56.867+0000] {logging_mixin.py:188} INFO - [2025-01-23T09:40:56.866+0000] {dagbag.py:538} INFO - Filling up the DagBag from /opt/airflow/dags/etl_process.py
[2025-01-23T09:40:56.985+0000] {logging_mixin.py:188} INFO - [2025-01-23T09:40:56.985+0000] {elt_processes.py:11} INFO - Starting data generation script...
[2025-01-23T09:40:56.995+0000] {processor.py:840} INFO - DAG(s) 'etl_process' retrieved from /opt/airflow/dags/etl_process.py
[2025-01-23T09:40:57.036+0000] {logging_mixin.py:188} INFO - [2025-01-23T09:40:57.036+0000] {dag.py:3036} INFO - Sync 1 DAGs
[2025-01-23T09:40:57.090+0000] {logging_mixin.py:188} INFO - [2025-01-23T09:40:57.090+0000] {dag.py:3823} INFO - Setting next_dagrun for etl_process to 2025-01-22 22:00:00+00:00, run_after=2025-01-23 22:00:00+00:00
[2025-01-23T09:40:57.136+0000] {processor.py:183} INFO - Processing /opt/airflow/dags/etl_process.py took 0.286 seconds
[2025-01-23T09:41:27.381+0000] {processor.py:161} INFO - Started process (PID=2120) to work on /opt/airflow/dags/etl_process.py
[2025-01-23T09:41:27.386+0000] {processor.py:830} INFO - Processing file /opt/airflow/dags/etl_process.py for tasks to queue
[2025-01-23T09:41:27.389+0000] {logging_mixin.py:188} INFO - [2025-01-23T09:41:27.388+0000] {dagbag.py:538} INFO - Filling up the DagBag from /opt/airflow/dags/etl_process.py
[2025-01-23T09:41:27.486+0000] {logging_mixin.py:188} INFO - [2025-01-23T09:41:27.485+0000] {elt_processes.py:11} INFO - Starting data generation script...
[2025-01-23T09:41:27.497+0000] {processor.py:840} INFO - DAG(s) 'etl_process' retrieved from /opt/airflow/dags/etl_process.py
[2025-01-23T09:41:27.553+0000] {logging_mixin.py:188} INFO - [2025-01-23T09:41:27.551+0000] {dag.py:3036} INFO - Sync 1 DAGs
[2025-01-23T09:41:27.635+0000] {logging_mixin.py:188} INFO - [2025-01-23T09:41:27.634+0000] {dag.py:3823} INFO - Setting next_dagrun for etl_process to 2025-01-22 22:00:00+00:00, run_after=2025-01-23 22:00:00+00:00
[2025-01-23T09:41:27.699+0000] {processor.py:183} INFO - Processing /opt/airflow/dags/etl_process.py took 0.327 seconds
[2025-01-23T09:42:02.866+0000] {processor.py:161} INFO - Started process (PID=2173) to work on /opt/airflow/dags/etl_process.py
[2025-01-23T09:42:02.964+0000] {processor.py:830} INFO - Processing file /opt/airflow/dags/etl_process.py for tasks to queue
[2025-01-23T09:42:02.983+0000] {logging_mixin.py:188} INFO - [2025-01-23T09:42:02.981+0000] {dagbag.py:538} INFO - Filling up the DagBag from /opt/airflow/dags/etl_process.py
[2025-01-23T09:42:04.918+0000] {logging_mixin.py:188} INFO - [2025-01-23T09:42:04.917+0000] {elt_processes.py:11} INFO - Starting data generation script...
[2025-01-23T09:42:04.988+0000] {processor.py:840} INFO - DAG(s) 'etl_process' retrieved from /opt/airflow/dags/etl_process.py
[2025-01-23T09:42:05.131+0000] {logging_mixin.py:188} INFO - [2025-01-23T09:42:05.130+0000] {dag.py:3036} INFO - Sync 1 DAGs
[2025-01-23T09:42:05.372+0000] {logging_mixin.py:188} INFO - [2025-01-23T09:42:05.372+0000] {dag.py:3823} INFO - Setting next_dagrun for etl_process to 2025-01-22 22:00:00+00:00, run_after=2025-01-23 22:00:00+00:00
[2025-01-23T09:42:05.549+0000] {processor.py:183} INFO - Processing /opt/airflow/dags/etl_process.py took 2.718 seconds
[2025-01-23T09:42:36.198+0000] {processor.py:161} INFO - Started process (PID=2234) to work on /opt/airflow/dags/etl_process.py
[2025-01-23T09:42:36.222+0000] {processor.py:830} INFO - Processing file /opt/airflow/dags/etl_process.py for tasks to queue
[2025-01-23T09:42:36.225+0000] {logging_mixin.py:188} INFO - [2025-01-23T09:42:36.224+0000] {dagbag.py:538} INFO - Filling up the DagBag from /opt/airflow/dags/etl_process.py
[2025-01-23T09:42:36.298+0000] {logging_mixin.py:188} INFO - [2025-01-23T09:42:36.297+0000] {elt_processes.py:11} INFO - Starting data generation script...
[2025-01-23T09:42:36.307+0000] {processor.py:840} INFO - DAG(s) 'etl_process' retrieved from /opt/airflow/dags/etl_process.py
[2025-01-23T09:42:36.359+0000] {logging_mixin.py:188} INFO - [2025-01-23T09:42:36.359+0000] {dag.py:3036} INFO - Sync 1 DAGs
[2025-01-23T09:42:36.438+0000] {logging_mixin.py:188} INFO - [2025-01-23T09:42:36.437+0000] {dag.py:3823} INFO - Setting next_dagrun for etl_process to 2025-01-22 22:00:00+00:00, run_after=2025-01-23 22:00:00+00:00
[2025-01-23T09:42:36.558+0000] {processor.py:183} INFO - Processing /opt/airflow/dags/etl_process.py took 0.368 seconds
[2025-01-23T09:43:06.708+0000] {processor.py:161} INFO - Started process (PID=2290) to work on /opt/airflow/dags/etl_process.py
[2025-01-23T09:43:06.711+0000] {processor.py:830} INFO - Processing file /opt/airflow/dags/etl_process.py for tasks to queue
[2025-01-23T09:43:06.714+0000] {logging_mixin.py:188} INFO - [2025-01-23T09:43:06.713+0000] {dagbag.py:538} INFO - Filling up the DagBag from /opt/airflow/dags/etl_process.py
[2025-01-23T09:43:06.791+0000] {logging_mixin.py:188} INFO - [2025-01-23T09:43:06.790+0000] {elt_processes.py:11} INFO - Starting data generation script...
[2025-01-23T09:43:06.802+0000] {processor.py:840} INFO - DAG(s) 'etl_process' retrieved from /opt/airflow/dags/etl_process.py
[2025-01-23T09:43:06.843+0000] {logging_mixin.py:188} INFO - [2025-01-23T09:43:06.842+0000] {dag.py:3036} INFO - Sync 1 DAGs
[2025-01-23T09:43:06.895+0000] {logging_mixin.py:188} INFO - [2025-01-23T09:43:06.894+0000] {dag.py:3823} INFO - Setting next_dagrun for etl_process to 2025-01-22 22:00:00+00:00, run_after=2025-01-23 22:00:00+00:00
[2025-01-23T09:43:06.938+0000] {processor.py:183} INFO - Processing /opt/airflow/dags/etl_process.py took 0.242 seconds
[2025-01-23T09:43:37.081+0000] {processor.py:161} INFO - Started process (PID=2347) to work on /opt/airflow/dags/etl_process.py
[2025-01-23T09:43:37.086+0000] {processor.py:830} INFO - Processing file /opt/airflow/dags/etl_process.py for tasks to queue
[2025-01-23T09:43:37.090+0000] {logging_mixin.py:188} INFO - [2025-01-23T09:43:37.089+0000] {dagbag.py:538} INFO - Filling up the DagBag from /opt/airflow/dags/etl_process.py
[2025-01-23T09:43:37.187+0000] {logging_mixin.py:188} INFO - [2025-01-23T09:43:37.186+0000] {elt_processes.py:11} INFO - Starting data generation script...
[2025-01-23T09:43:37.210+0000] {processor.py:840} INFO - DAG(s) 'etl_process' retrieved from /opt/airflow/dags/etl_process.py
[2025-01-23T09:43:37.281+0000] {logging_mixin.py:188} INFO - [2025-01-23T09:43:37.281+0000] {dag.py:3036} INFO - Sync 1 DAGs
[2025-01-23T09:43:37.738+0000] {logging_mixin.py:188} INFO - [2025-01-23T09:43:37.737+0000] {dag.py:3823} INFO - Setting next_dagrun for etl_process to 2025-01-22 22:00:00+00:00, run_after=2025-01-23 22:00:00+00:00
[2025-01-23T09:43:37.854+0000] {processor.py:183} INFO - Processing /opt/airflow/dags/etl_process.py took 0.783 seconds
[2025-01-23T09:44:08.501+0000] {processor.py:161} INFO - Started process (PID=2401) to work on /opt/airflow/dags/etl_process.py
[2025-01-23T09:44:08.505+0000] {processor.py:830} INFO - Processing file /opt/airflow/dags/etl_process.py for tasks to queue
[2025-01-23T09:44:08.507+0000] {logging_mixin.py:188} INFO - [2025-01-23T09:44:08.507+0000] {dagbag.py:538} INFO - Filling up the DagBag from /opt/airflow/dags/etl_process.py
[2025-01-23T09:44:08.580+0000] {logging_mixin.py:188} INFO - [2025-01-23T09:44:08.579+0000] {elt_processes.py:11} INFO - Starting data generation script...
[2025-01-23T09:44:08.589+0000] {processor.py:840} INFO - DAG(s) 'etl_process' retrieved from /opt/airflow/dags/etl_process.py
[2025-01-23T09:44:08.631+0000] {logging_mixin.py:188} INFO - [2025-01-23T09:44:08.631+0000] {dag.py:3036} INFO - Sync 1 DAGs
[2025-01-23T09:44:08.684+0000] {logging_mixin.py:188} INFO - [2025-01-23T09:44:08.684+0000] {dag.py:3823} INFO - Setting next_dagrun for etl_process to 2025-01-22 22:00:00+00:00, run_after=2025-01-23 22:00:00+00:00
[2025-01-23T09:44:08.954+0000] {processor.py:183} INFO - Processing /opt/airflow/dags/etl_process.py took 0.464 seconds
[2025-01-23T09:44:39.834+0000] {processor.py:161} INFO - Started process (PID=2457) to work on /opt/airflow/dags/etl_process.py
[2025-01-23T09:44:39.836+0000] {processor.py:830} INFO - Processing file /opt/airflow/dags/etl_process.py for tasks to queue
[2025-01-23T09:44:39.838+0000] {logging_mixin.py:188} INFO - [2025-01-23T09:44:39.838+0000] {dagbag.py:538} INFO - Filling up the DagBag from /opt/airflow/dags/etl_process.py
[2025-01-23T09:44:39.937+0000] {logging_mixin.py:188} INFO - [2025-01-23T09:44:39.936+0000] {elt_processes.py:11} INFO - Starting data generation script...
[2025-01-23T09:44:39.950+0000] {processor.py:840} INFO - DAG(s) 'etl_process' retrieved from /opt/airflow/dags/etl_process.py
[2025-01-23T09:44:39.997+0000] {logging_mixin.py:188} INFO - [2025-01-23T09:44:39.997+0000] {dag.py:3036} INFO - Sync 1 DAGs
[2025-01-23T09:44:40.058+0000] {logging_mixin.py:188} INFO - [2025-01-23T09:44:40.058+0000] {dag.py:3823} INFO - Setting next_dagrun for etl_process to 2025-01-22 22:00:00+00:00, run_after=2025-01-23 22:00:00+00:00
[2025-01-23T09:44:40.102+0000] {processor.py:183} INFO - Processing /opt/airflow/dags/etl_process.py took 0.275 seconds
[2025-01-23T09:45:10.263+0000] {processor.py:161} INFO - Started process (PID=2513) to work on /opt/airflow/dags/etl_process.py
[2025-01-23T09:45:10.266+0000] {processor.py:830} INFO - Processing file /opt/airflow/dags/etl_process.py for tasks to queue
[2025-01-23T09:45:10.271+0000] {logging_mixin.py:188} INFO - [2025-01-23T09:45:10.269+0000] {dagbag.py:538} INFO - Filling up the DagBag from /opt/airflow/dags/etl_process.py
[2025-01-23T09:45:10.386+0000] {logging_mixin.py:188} INFO - [2025-01-23T09:45:10.385+0000] {elt_processes.py:11} INFO - Starting data generation script...
[2025-01-23T09:45:10.397+0000] {processor.py:840} INFO - DAG(s) 'etl_process' retrieved from /opt/airflow/dags/etl_process.py
[2025-01-23T09:45:10.819+0000] {logging_mixin.py:188} INFO - [2025-01-23T09:45:10.818+0000] {dag.py:3036} INFO - Sync 1 DAGs
[2025-01-23T09:45:10.923+0000] {logging_mixin.py:188} INFO - [2025-01-23T09:45:10.922+0000] {dag.py:3823} INFO - Setting next_dagrun for etl_process to 2025-01-22 22:00:00+00:00, run_after=2025-01-23 22:00:00+00:00
[2025-01-23T09:45:10.997+0000] {processor.py:183} INFO - Processing /opt/airflow/dags/etl_process.py took 0.751 seconds
[2025-01-23T09:45:37.610+0000] {processor.py:161} INFO - Started process (PID=2569) to work on /opt/airflow/dags/etl_process.py
[2025-01-23T09:45:37.613+0000] {processor.py:830} INFO - Processing file /opt/airflow/dags/etl_process.py for tasks to queue
[2025-01-23T09:45:37.616+0000] {logging_mixin.py:188} INFO - [2025-01-23T09:45:37.615+0000] {dagbag.py:538} INFO - Filling up the DagBag from /opt/airflow/dags/etl_process.py
[2025-01-23T09:45:37.728+0000] {logging_mixin.py:188} INFO - [2025-01-23T09:45:37.727+0000] {elt_processes.py:11} INFO - Starting data generation script...
[2025-01-23T09:45:37.745+0000] {processor.py:840} INFO - DAG(s) 'etl_process' retrieved from /opt/airflow/dags/etl_process.py
[2025-01-23T09:45:37.827+0000] {logging_mixin.py:188} INFO - [2025-01-23T09:45:37.826+0000] {dag.py:3036} INFO - Sync 1 DAGs
[2025-01-23T09:45:38.679+0000] {logging_mixin.py:188} INFO - [2025-01-23T09:45:38.678+0000] {dag.py:3823} INFO - Setting next_dagrun for etl_process to 2025-01-22 22:00:00+00:00, run_after=2025-01-23 22:00:00+00:00
[2025-01-23T09:45:39.016+0000] {processor.py:183} INFO - Processing /opt/airflow/dags/etl_process.py took 1.416 seconds
[2025-01-23T09:46:09.384+0000] {processor.py:161} INFO - Started process (PID=2625) to work on /opt/airflow/dags/etl_process.py
[2025-01-23T09:46:09.388+0000] {processor.py:830} INFO - Processing file /opt/airflow/dags/etl_process.py for tasks to queue
[2025-01-23T09:46:09.392+0000] {logging_mixin.py:188} INFO - [2025-01-23T09:46:09.391+0000] {dagbag.py:538} INFO - Filling up the DagBag from /opt/airflow/dags/etl_process.py
[2025-01-23T09:46:09.589+0000] {logging_mixin.py:188} INFO - [2025-01-23T09:46:09.589+0000] {elt_processes.py:11} INFO - Starting data generation script...
[2025-01-23T09:46:09.603+0000] {processor.py:840} INFO - DAG(s) 'etl_process' retrieved from /opt/airflow/dags/etl_process.py
[2025-01-23T09:46:09.661+0000] {logging_mixin.py:188} INFO - [2025-01-23T09:46:09.661+0000] {dag.py:3036} INFO - Sync 1 DAGs
[2025-01-23T09:46:09.744+0000] {logging_mixin.py:188} INFO - [2025-01-23T09:46:09.743+0000] {dag.py:3823} INFO - Setting next_dagrun for etl_process to 2025-01-22 22:00:00+00:00, run_after=2025-01-23 22:00:00+00:00
[2025-01-23T09:46:09.821+0000] {processor.py:183} INFO - Processing /opt/airflow/dags/etl_process.py took 0.456 seconds
[2025-01-23T09:46:40.967+0000] {processor.py:161} INFO - Started process (PID=2681) to work on /opt/airflow/dags/etl_process.py
[2025-01-23T09:46:40.970+0000] {processor.py:830} INFO - Processing file /opt/airflow/dags/etl_process.py for tasks to queue
[2025-01-23T09:46:40.973+0000] {logging_mixin.py:188} INFO - [2025-01-23T09:46:40.972+0000] {dagbag.py:538} INFO - Filling up the DagBag from /opt/airflow/dags/etl_process.py
[2025-01-23T09:46:41.075+0000] {logging_mixin.py:188} INFO - [2025-01-23T09:46:41.073+0000] {elt_processes.py:11} INFO - Starting data generation script...
[2025-01-23T09:46:41.096+0000] {processor.py:840} INFO - DAG(s) 'etl_process' retrieved from /opt/airflow/dags/etl_process.py
[2025-01-23T09:46:41.170+0000] {logging_mixin.py:188} INFO - [2025-01-23T09:46:41.170+0000] {dag.py:3036} INFO - Sync 1 DAGs
[2025-01-23T09:46:41.271+0000] {logging_mixin.py:188} INFO - [2025-01-23T09:46:41.271+0000] {dag.py:3823} INFO - Setting next_dagrun for etl_process to 2025-01-22 22:00:00+00:00, run_after=2025-01-23 22:00:00+00:00
[2025-01-23T09:46:41.334+0000] {processor.py:183} INFO - Processing /opt/airflow/dags/etl_process.py took 0.376 seconds
[2025-01-23T09:47:11.686+0000] {processor.py:161} INFO - Started process (PID=2737) to work on /opt/airflow/dags/etl_process.py
[2025-01-23T09:47:11.689+0000] {processor.py:830} INFO - Processing file /opt/airflow/dags/etl_process.py for tasks to queue
[2025-01-23T09:47:11.701+0000] {logging_mixin.py:188} INFO - [2025-01-23T09:47:11.698+0000] {dagbag.py:538} INFO - Filling up the DagBag from /opt/airflow/dags/etl_process.py
[2025-01-23T09:47:11.880+0000] {logging_mixin.py:188} INFO - [2025-01-23T09:47:11.879+0000] {elt_processes.py:11} INFO - Starting data generation script...
[2025-01-23T09:47:11.899+0000] {processor.py:840} INFO - DAG(s) 'etl_process' retrieved from /opt/airflow/dags/etl_process.py
[2025-01-23T09:47:11.994+0000] {logging_mixin.py:188} INFO - [2025-01-23T09:47:11.993+0000] {dag.py:3036} INFO - Sync 1 DAGs
[2025-01-23T09:47:12.133+0000] {logging_mixin.py:188} INFO - [2025-01-23T09:47:12.132+0000] {dag.py:3823} INFO - Setting next_dagrun for etl_process to 2025-01-22 22:00:00+00:00, run_after=2025-01-23 22:00:00+00:00
[2025-01-23T09:47:12.243+0000] {processor.py:183} INFO - Processing /opt/airflow/dags/etl_process.py took 0.571 seconds
[2025-01-23T09:47:13.388+0000] {processor.py:161} INFO - Started process (PID=2738) to work on /opt/airflow/dags/etl_process.py
[2025-01-23T09:47:13.391+0000] {processor.py:830} INFO - Processing file /opt/airflow/dags/etl_process.py for tasks to queue
[2025-01-23T09:47:13.395+0000] {logging_mixin.py:188} INFO - [2025-01-23T09:47:13.394+0000] {dagbag.py:538} INFO - Filling up the DagBag from /opt/airflow/dags/etl_process.py
[2025-01-23T09:47:13.556+0000] {logging_mixin.py:188} INFO - [2025-01-23T09:47:13.555+0000] {elt_processes.py:11} INFO - Starting data generation script...
[2025-01-23T09:47:13.575+0000] {processor.py:840} INFO - DAG(s) 'etl_process' retrieved from /opt/airflow/dags/etl_process.py
[2025-01-23T09:47:13.655+0000] {logging_mixin.py:188} INFO - [2025-01-23T09:47:13.655+0000] {dag.py:3036} INFO - Sync 1 DAGs
[2025-01-23T09:47:13.784+0000] {logging_mixin.py:188} INFO - [2025-01-23T09:47:13.783+0000] {dag.py:3823} INFO - Setting next_dagrun for etl_process to 2025-01-22 22:00:00+00:00, run_after=2025-01-23 22:00:00+00:00
[2025-01-23T09:47:13.895+0000] {processor.py:183} INFO - Processing /opt/airflow/dags/etl_process.py took 0.523 seconds
[2025-01-23T09:47:44.397+0000] {processor.py:161} INFO - Started process (PID=2794) to work on /opt/airflow/dags/etl_process.py
[2025-01-23T09:47:44.399+0000] {processor.py:830} INFO - Processing file /opt/airflow/dags/etl_process.py for tasks to queue
[2025-01-23T09:47:44.401+0000] {logging_mixin.py:188} INFO - [2025-01-23T09:47:44.400+0000] {dagbag.py:538} INFO - Filling up the DagBag from /opt/airflow/dags/etl_process.py
[2025-01-23T09:47:44.472+0000] {logging_mixin.py:188} INFO - [2025-01-23T09:47:44.472+0000] {elt_processes.py:11} INFO - Starting data generation script...
[2025-01-23T09:47:44.483+0000] {processor.py:840} INFO - DAG(s) 'etl_process' retrieved from /opt/airflow/dags/etl_process.py
[2025-01-23T09:47:44.534+0000] {logging_mixin.py:188} INFO - [2025-01-23T09:47:44.534+0000] {dag.py:3036} INFO - Sync 1 DAGs
[2025-01-23T09:47:44.591+0000] {logging_mixin.py:188} INFO - [2025-01-23T09:47:44.591+0000] {dag.py:3823} INFO - Setting next_dagrun for etl_process to 2025-01-22 22:00:00+00:00, run_after=2025-01-23 22:00:00+00:00
[2025-01-23T09:47:44.638+0000] {processor.py:183} INFO - Processing /opt/airflow/dags/etl_process.py took 0.248 seconds
[2025-01-23T09:48:15.376+0000] {processor.py:161} INFO - Started process (PID=2849) to work on /opt/airflow/dags/etl_process.py
[2025-01-23T09:48:15.379+0000] {processor.py:830} INFO - Processing file /opt/airflow/dags/etl_process.py for tasks to queue
[2025-01-23T09:48:15.382+0000] {logging_mixin.py:188} INFO - [2025-01-23T09:48:15.381+0000] {dagbag.py:538} INFO - Filling up the DagBag from /opt/airflow/dags/etl_process.py
[2025-01-23T09:48:15.464+0000] {logging_mixin.py:188} INFO - [2025-01-23T09:48:15.463+0000] {elt_processes.py:11} INFO - Starting data generation script...
[2025-01-23T09:48:15.475+0000] {processor.py:840} INFO - DAG(s) 'etl_process' retrieved from /opt/airflow/dags/etl_process.py
[2025-01-23T09:48:15.517+0000] {logging_mixin.py:188} INFO - [2025-01-23T09:48:15.516+0000] {dag.py:3036} INFO - Sync 1 DAGs
[2025-01-23T09:48:15.577+0000] {logging_mixin.py:188} INFO - [2025-01-23T09:48:15.577+0000] {dag.py:3823} INFO - Setting next_dagrun for etl_process to 2025-01-22 22:00:00+00:00, run_after=2025-01-23 22:00:00+00:00
[2025-01-23T09:48:15.622+0000] {processor.py:183} INFO - Processing /opt/airflow/dags/etl_process.py took 0.255 seconds
[2025-01-23T09:48:46.508+0000] {processor.py:161} INFO - Started process (PID=2905) to work on /opt/airflow/dags/etl_process.py
[2025-01-23T09:48:46.511+0000] {processor.py:830} INFO - Processing file /opt/airflow/dags/etl_process.py for tasks to queue
[2025-01-23T09:48:46.514+0000] {logging_mixin.py:188} INFO - [2025-01-23T09:48:46.513+0000] {dagbag.py:538} INFO - Filling up the DagBag from /opt/airflow/dags/etl_process.py
[2025-01-23T09:48:46.621+0000] {logging_mixin.py:188} INFO - [2025-01-23T09:48:46.620+0000] {elt_processes.py:11} INFO - Starting data generation script...
[2025-01-23T09:48:46.635+0000] {processor.py:840} INFO - DAG(s) 'etl_process' retrieved from /opt/airflow/dags/etl_process.py
[2025-01-23T09:48:46.694+0000] {logging_mixin.py:188} INFO - [2025-01-23T09:48:46.693+0000] {dag.py:3036} INFO - Sync 1 DAGs
[2025-01-23T09:48:46.771+0000] {logging_mixin.py:188} INFO - [2025-01-23T09:48:46.771+0000] {dag.py:3823} INFO - Setting next_dagrun for etl_process to 2025-01-22 22:00:00+00:00, run_after=2025-01-23 22:00:00+00:00
[2025-01-23T09:48:46.826+0000] {processor.py:183} INFO - Processing /opt/airflow/dags/etl_process.py took 0.339 seconds
[2025-01-23T09:48:58.053+0000] {processor.py:161} INFO - Started process (PID=2926) to work on /opt/airflow/dags/etl_process.py
[2025-01-23T09:48:58.057+0000] {processor.py:830} INFO - Processing file /opt/airflow/dags/etl_process.py for tasks to queue
[2025-01-23T09:48:58.060+0000] {logging_mixin.py:188} INFO - [2025-01-23T09:48:58.059+0000] {dagbag.py:538} INFO - Filling up the DagBag from /opt/airflow/dags/etl_process.py
[2025-01-23T09:48:58.210+0000] {logging_mixin.py:188} INFO - [2025-01-23T09:48:58.209+0000] {elt_processes.py:11} INFO - Starting data generation script...
[2025-01-23T09:48:58.222+0000] {logging_mixin.py:188} INFO - [2025-01-23T09:48:58.211+0000] {dagbag.py:348} ERROR - Failed to import: /opt/airflow/dags/etl_process.py
Traceback (most recent call last):
  File "/home/airflow/.local/lib/python3.8/site-packages/airflow/models/dagbag.py", line 344, in parse
    loader.exec_module(new_module)
  File "<frozen importlib._bootstrap_external>", line 843, in exec_module
  File "<frozen importlib._bootstrap>", line 219, in _call_with_frames_removed
  File "/opt/airflow/dags/etl_process.py", line 4, in <module>
    from etl.elt_processes import load_data, import_payment_data
ImportError: cannot import name 'import_payment_data' from 'etl.elt_processes' (/opt/airflow/dags/etl/elt_processes.py)
[2025-01-23T09:48:58.225+0000] {processor.py:842} WARNING - No viable dags retrieved from /opt/airflow/dags/etl_process.py
[2025-01-23T09:48:58.296+0000] {processor.py:183} INFO - Processing /opt/airflow/dags/etl_process.py took 0.250 seconds
[2025-01-23T09:49:28.726+0000] {processor.py:161} INFO - Started process (PID=2982) to work on /opt/airflow/dags/etl_process.py
[2025-01-23T09:49:28.733+0000] {processor.py:830} INFO - Processing file /opt/airflow/dags/etl_process.py for tasks to queue
[2025-01-23T09:49:28.737+0000] {logging_mixin.py:188} INFO - [2025-01-23T09:49:28.736+0000] {dagbag.py:538} INFO - Filling up the DagBag from /opt/airflow/dags/etl_process.py
[2025-01-23T09:49:29.037+0000] {logging_mixin.py:188} INFO - [2025-01-23T09:49:29.036+0000] {elt_processes.py:11} INFO - Starting data generation script...
[2025-01-23T09:49:29.069+0000] {processor.py:840} INFO - DAG(s) 'etl_process', 'import_payment_data' retrieved from /opt/airflow/dags/etl_process.py
[2025-01-23T09:49:31.100+0000] {logging_mixin.py:188} INFO - [2025-01-23T09:49:31.096+0000] {override.py:1769} INFO - Created Permission View: can delete on DAG:import_payment_data
[2025-01-23T09:49:31.153+0000] {logging_mixin.py:188} INFO - [2025-01-23T09:49:31.149+0000] {override.py:1769} INFO - Created Permission View: can edit on DAG:import_payment_data
[2025-01-23T09:49:31.189+0000] {logging_mixin.py:188} INFO - [2025-01-23T09:49:31.188+0000] {override.py:1769} INFO - Created Permission View: can read on DAG:import_payment_data
[2025-01-23T09:49:31.191+0000] {logging_mixin.py:188} INFO - [2025-01-23T09:49:31.191+0000] {dag.py:3036} INFO - Sync 2 DAGs
[2025-01-23T09:49:31.261+0000] {logging_mixin.py:188} INFO - [2025-01-23T09:49:31.260+0000] {dag.py:3058} INFO - Creating ORM DAG for import_payment_data
[2025-01-23T09:49:31.308+0000] {logging_mixin.py:188} INFO - [2025-01-23T09:49:31.307+0000] {dag.py:3823} INFO - Setting next_dagrun for etl_process to 2025-01-22 22:00:00+00:00, run_after=2025-01-23 22:00:00+00:00
[2025-01-23T09:49:31.327+0000] {logging_mixin.py:188} INFO - [2025-01-23T09:49:31.326+0000] {dag.py:3823} INFO - Setting next_dagrun for import_payment_data to 2025-01-01 22:00:00+00:00, run_after=2025-01-02 22:00:00+00:00
[2025-01-23T09:49:31.459+0000] {processor.py:183} INFO - Processing /opt/airflow/dags/etl_process.py took 2.748 seconds
[2025-01-23T09:50:01.631+0000] {processor.py:161} INFO - Started process (PID=3038) to work on /opt/airflow/dags/etl_process.py
[2025-01-23T09:50:01.634+0000] {processor.py:830} INFO - Processing file /opt/airflow/dags/etl_process.py for tasks to queue
[2025-01-23T09:50:01.636+0000] {logging_mixin.py:188} INFO - [2025-01-23T09:50:01.636+0000] {dagbag.py:538} INFO - Filling up the DagBag from /opt/airflow/dags/etl_process.py
[2025-01-23T09:50:01.726+0000] {logging_mixin.py:188} INFO - [2025-01-23T09:50:01.726+0000] {elt_processes.py:11} INFO - Starting data generation script...
[2025-01-23T09:50:01.743+0000] {processor.py:840} INFO - DAG(s) 'etl_process', 'import_payment_data' retrieved from /opt/airflow/dags/etl_process.py
[2025-01-23T09:50:01.798+0000] {logging_mixin.py:188} INFO - [2025-01-23T09:50:01.797+0000] {dag.py:3036} INFO - Sync 2 DAGs
[2025-01-23T09:50:01.865+0000] {logging_mixin.py:188} INFO - [2025-01-23T09:50:01.864+0000] {dag.py:3823} INFO - Setting next_dagrun for etl_process to 2025-01-22 22:00:00+00:00, run_after=2025-01-23 22:00:00+00:00
[2025-01-23T09:50:01.876+0000] {logging_mixin.py:188} INFO - [2025-01-23T09:50:01.875+0000] {dag.py:3823} INFO - Setting next_dagrun for import_payment_data to 2025-01-01 22:00:00+00:00, run_after=2025-01-02 22:00:00+00:00
[2025-01-23T09:50:01.926+0000] {processor.py:183} INFO - Processing /opt/airflow/dags/etl_process.py took 0.304 seconds
[2025-01-23T09:50:32.263+0000] {processor.py:161} INFO - Started process (PID=3094) to work on /opt/airflow/dags/etl_process.py
[2025-01-23T09:50:32.265+0000] {processor.py:830} INFO - Processing file /opt/airflow/dags/etl_process.py for tasks to queue
[2025-01-23T09:50:32.268+0000] {logging_mixin.py:188} INFO - [2025-01-23T09:50:32.267+0000] {dagbag.py:538} INFO - Filling up the DagBag from /opt/airflow/dags/etl_process.py
[2025-01-23T09:50:32.352+0000] {logging_mixin.py:188} INFO - [2025-01-23T09:50:32.352+0000] {elt_processes.py:11} INFO - Starting data generation script...
[2025-01-23T09:50:32.374+0000] {processor.py:840} INFO - DAG(s) 'etl_process', 'import_payment_data' retrieved from /opt/airflow/dags/etl_process.py
[2025-01-23T09:50:32.446+0000] {logging_mixin.py:188} INFO - [2025-01-23T09:50:32.446+0000] {dag.py:3036} INFO - Sync 2 DAGs
[2025-01-23T09:50:32.543+0000] {logging_mixin.py:188} INFO - [2025-01-23T09:50:32.541+0000] {dag.py:3823} INFO - Setting next_dagrun for etl_process to 2025-01-22 22:00:00+00:00, run_after=2025-01-23 22:00:00+00:00
[2025-01-23T09:50:32.565+0000] {logging_mixin.py:188} INFO - [2025-01-23T09:50:32.564+0000] {dag.py:3823} INFO - Setting next_dagrun for import_payment_data to 2025-01-11 22:00:00+00:00, run_after=2025-01-12 22:00:00+00:00
[2025-01-23T09:50:32.617+0000] {processor.py:183} INFO - Processing /opt/airflow/dags/etl_process.py took 0.362 seconds
[2025-01-23T09:51:03.042+0000] {processor.py:161} INFO - Started process (PID=3150) to work on /opt/airflow/dags/etl_process.py
[2025-01-23T09:51:03.045+0000] {processor.py:830} INFO - Processing file /opt/airflow/dags/etl_process.py for tasks to queue
[2025-01-23T09:51:03.047+0000] {logging_mixin.py:188} INFO - [2025-01-23T09:51:03.046+0000] {dagbag.py:538} INFO - Filling up the DagBag from /opt/airflow/dags/etl_process.py
[2025-01-23T09:51:03.136+0000] {logging_mixin.py:188} INFO - [2025-01-23T09:51:03.135+0000] {elt_processes.py:11} INFO - Starting data generation script...
[2025-01-23T09:51:03.148+0000] {processor.py:840} INFO - DAG(s) 'import_payment_data', 'etl_process' retrieved from /opt/airflow/dags/etl_process.py
[2025-01-23T09:51:03.196+0000] {logging_mixin.py:188} INFO - [2025-01-23T09:51:03.195+0000] {dag.py:3036} INFO - Sync 2 DAGs
[2025-01-23T09:51:03.256+0000] {logging_mixin.py:188} INFO - [2025-01-23T09:51:03.256+0000] {dag.py:3823} INFO - Setting next_dagrun for etl_process to 2025-01-22 22:00:00+00:00, run_after=2025-01-23 22:00:00+00:00
[2025-01-23T09:51:03.267+0000] {logging_mixin.py:188} INFO - [2025-01-23T09:51:03.267+0000] {dag.py:3823} INFO - Setting next_dagrun for import_payment_data to 2025-01-22 22:00:00+00:00, run_after=2025-01-23 22:00:00+00:00
[2025-01-23T09:51:03.304+0000] {processor.py:183} INFO - Processing /opt/airflow/dags/etl_process.py took 0.268 seconds
[2025-01-23T09:51:33.649+0000] {processor.py:161} INFO - Started process (PID=3206) to work on /opt/airflow/dags/etl_process.py
[2025-01-23T09:51:33.651+0000] {processor.py:830} INFO - Processing file /opt/airflow/dags/etl_process.py for tasks to queue
[2025-01-23T09:51:33.653+0000] {logging_mixin.py:188} INFO - [2025-01-23T09:51:33.653+0000] {dagbag.py:538} INFO - Filling up the DagBag from /opt/airflow/dags/etl_process.py
[2025-01-23T09:51:33.734+0000] {logging_mixin.py:188} INFO - [2025-01-23T09:51:33.734+0000] {elt_processes.py:11} INFO - Starting data generation script...
[2025-01-23T09:51:33.748+0000] {processor.py:840} INFO - DAG(s) 'etl_process', 'import_payment_data' retrieved from /opt/airflow/dags/etl_process.py
[2025-01-23T09:51:33.791+0000] {logging_mixin.py:188} INFO - [2025-01-23T09:51:33.790+0000] {dag.py:3036} INFO - Sync 2 DAGs
[2025-01-23T09:51:33.844+0000] {logging_mixin.py:188} INFO - [2025-01-23T09:51:33.843+0000] {dag.py:3823} INFO - Setting next_dagrun for etl_process to 2025-01-22 22:00:00+00:00, run_after=2025-01-23 22:00:00+00:00
[2025-01-23T09:51:33.854+0000] {logging_mixin.py:188} INFO - [2025-01-23T09:51:33.853+0000] {dag.py:3823} INFO - Setting next_dagrun for import_payment_data to 2025-01-22 22:00:00+00:00, run_after=2025-01-23 22:00:00+00:00
[2025-01-23T09:51:33.890+0000] {processor.py:183} INFO - Processing /opt/airflow/dags/etl_process.py took 0.246 seconds
[2025-01-23T09:52:03.991+0000] {processor.py:161} INFO - Started process (PID=3262) to work on /opt/airflow/dags/etl_process.py
[2025-01-23T09:52:03.993+0000] {processor.py:830} INFO - Processing file /opt/airflow/dags/etl_process.py for tasks to queue
[2025-01-23T09:52:03.995+0000] {logging_mixin.py:188} INFO - [2025-01-23T09:52:03.994+0000] {dagbag.py:538} INFO - Filling up the DagBag from /opt/airflow/dags/etl_process.py
[2025-01-23T09:52:04.069+0000] {logging_mixin.py:188} INFO - [2025-01-23T09:52:04.069+0000] {elt_processes.py:11} INFO - Starting data generation script...
[2025-01-23T09:52:04.080+0000] {processor.py:840} INFO - DAG(s) 'etl_process', 'import_payment_data' retrieved from /opt/airflow/dags/etl_process.py
[2025-01-23T09:52:04.139+0000] {logging_mixin.py:188} INFO - [2025-01-23T09:52:04.139+0000] {dag.py:3036} INFO - Sync 2 DAGs
[2025-01-23T09:52:04.189+0000] {logging_mixin.py:188} INFO - [2025-01-23T09:52:04.188+0000] {dag.py:3823} INFO - Setting next_dagrun for etl_process to 2025-01-22 22:00:00+00:00, run_after=2025-01-23 22:00:00+00:00
[2025-01-23T09:52:04.198+0000] {logging_mixin.py:188} INFO - [2025-01-23T09:52:04.198+0000] {dag.py:3823} INFO - Setting next_dagrun for import_payment_data to 2025-01-22 22:00:00+00:00, run_after=2025-01-23 22:00:00+00:00
[2025-01-23T09:52:04.238+0000] {processor.py:183} INFO - Processing /opt/airflow/dags/etl_process.py took 0.253 seconds
[2025-01-23T09:52:34.929+0000] {processor.py:161} INFO - Started process (PID=3318) to work on /opt/airflow/dags/etl_process.py
[2025-01-23T09:52:34.932+0000] {processor.py:830} INFO - Processing file /opt/airflow/dags/etl_process.py for tasks to queue
[2025-01-23T09:52:34.935+0000] {logging_mixin.py:188} INFO - [2025-01-23T09:52:34.934+0000] {dagbag.py:538} INFO - Filling up the DagBag from /opt/airflow/dags/etl_process.py
[2025-01-23T09:52:35.029+0000] {logging_mixin.py:188} INFO - [2025-01-23T09:52:35.028+0000] {elt_processes.py:11} INFO - Starting data generation script...
[2025-01-23T09:52:35.046+0000] {processor.py:840} INFO - DAG(s) 'etl_process', 'import_payment_data' retrieved from /opt/airflow/dags/etl_process.py
[2025-01-23T09:52:35.122+0000] {logging_mixin.py:188} INFO - [2025-01-23T09:52:35.121+0000] {dag.py:3036} INFO - Sync 2 DAGs
[2025-01-23T09:52:35.199+0000] {logging_mixin.py:188} INFO - [2025-01-23T09:52:35.198+0000] {dag.py:3823} INFO - Setting next_dagrun for etl_process to 2025-01-22 22:00:00+00:00, run_after=2025-01-23 22:00:00+00:00
[2025-01-23T09:52:35.218+0000] {logging_mixin.py:188} INFO - [2025-01-23T09:52:35.217+0000] {dag.py:3823} INFO - Setting next_dagrun for import_payment_data to 2025-01-22 22:00:00+00:00, run_after=2025-01-23 22:00:00+00:00
[2025-01-23T09:52:35.284+0000] {processor.py:183} INFO - Processing /opt/airflow/dags/etl_process.py took 0.366 seconds
[2025-01-23T09:53:05.721+0000] {processor.py:161} INFO - Started process (PID=3374) to work on /opt/airflow/dags/etl_process.py
[2025-01-23T09:53:05.723+0000] {processor.py:830} INFO - Processing file /opt/airflow/dags/etl_process.py for tasks to queue
[2025-01-23T09:53:05.725+0000] {logging_mixin.py:188} INFO - [2025-01-23T09:53:05.724+0000] {dagbag.py:538} INFO - Filling up the DagBag from /opt/airflow/dags/etl_process.py
[2025-01-23T09:53:05.800+0000] {logging_mixin.py:188} INFO - [2025-01-23T09:53:05.800+0000] {elt_processes.py:11} INFO - Starting data generation script...
[2025-01-23T09:53:05.810+0000] {processor.py:840} INFO - DAG(s) 'etl_process', 'import_payment_data' retrieved from /opt/airflow/dags/etl_process.py
[2025-01-23T09:53:05.855+0000] {logging_mixin.py:188} INFO - [2025-01-23T09:53:05.854+0000] {dag.py:3036} INFO - Sync 2 DAGs
[2025-01-23T09:53:05.902+0000] {logging_mixin.py:188} INFO - [2025-01-23T09:53:05.901+0000] {dag.py:3823} INFO - Setting next_dagrun for etl_process to 2025-01-22 22:00:00+00:00, run_after=2025-01-23 22:00:00+00:00
[2025-01-23T09:53:05.914+0000] {logging_mixin.py:188} INFO - [2025-01-23T09:53:05.913+0000] {dag.py:3823} INFO - Setting next_dagrun for import_payment_data to 2025-01-22 22:00:00+00:00, run_after=2025-01-23 22:00:00+00:00
[2025-01-23T09:53:05.948+0000] {processor.py:183} INFO - Processing /opt/airflow/dags/etl_process.py took 0.233 seconds
[2025-01-23T09:53:36.435+0000] {processor.py:161} INFO - Started process (PID=3430) to work on /opt/airflow/dags/etl_process.py
[2025-01-23T09:53:36.436+0000] {processor.py:830} INFO - Processing file /opt/airflow/dags/etl_process.py for tasks to queue
[2025-01-23T09:53:36.439+0000] {logging_mixin.py:188} INFO - [2025-01-23T09:53:36.438+0000] {dagbag.py:538} INFO - Filling up the DagBag from /opt/airflow/dags/etl_process.py
[2025-01-23T09:53:36.513+0000] {logging_mixin.py:188} INFO - [2025-01-23T09:53:36.512+0000] {elt_processes.py:11} INFO - Starting data generation script...
[2025-01-23T09:53:36.526+0000] {processor.py:840} INFO - DAG(s) 'etl_process', 'import_payment_data' retrieved from /opt/airflow/dags/etl_process.py
[2025-01-23T09:53:36.576+0000] {logging_mixin.py:188} INFO - [2025-01-23T09:53:36.575+0000] {dag.py:3036} INFO - Sync 2 DAGs
[2025-01-23T09:53:36.626+0000] {logging_mixin.py:188} INFO - [2025-01-23T09:53:36.626+0000] {dag.py:3823} INFO - Setting next_dagrun for etl_process to 2025-01-22 22:00:00+00:00, run_after=2025-01-23 22:00:00+00:00
[2025-01-23T09:53:36.637+0000] {logging_mixin.py:188} INFO - [2025-01-23T09:53:36.636+0000] {dag.py:3823} INFO - Setting next_dagrun for import_payment_data to 2025-01-22 22:00:00+00:00, run_after=2025-01-23 22:00:00+00:00
[2025-01-23T09:53:36.674+0000] {processor.py:183} INFO - Processing /opt/airflow/dags/etl_process.py took 0.245 seconds
[2025-01-23T09:54:07.461+0000] {processor.py:161} INFO - Started process (PID=3492) to work on /opt/airflow/dags/etl_process.py
[2025-01-23T09:54:07.463+0000] {processor.py:830} INFO - Processing file /opt/airflow/dags/etl_process.py for tasks to queue
[2025-01-23T09:54:07.465+0000] {logging_mixin.py:188} INFO - [2025-01-23T09:54:07.464+0000] {dagbag.py:538} INFO - Filling up the DagBag from /opt/airflow/dags/etl_process.py
[2025-01-23T09:54:07.548+0000] {logging_mixin.py:188} INFO - [2025-01-23T09:54:07.547+0000] {elt_processes.py:11} INFO - Starting data generation script...
[2025-01-23T09:54:07.559+0000] {processor.py:840} INFO - DAG(s) 'etl_process', 'import_payment_data' retrieved from /opt/airflow/dags/etl_process.py
[2025-01-23T09:54:07.608+0000] {logging_mixin.py:188} INFO - [2025-01-23T09:54:07.607+0000] {dag.py:3036} INFO - Sync 2 DAGs
[2025-01-23T09:54:07.657+0000] {logging_mixin.py:188} INFO - [2025-01-23T09:54:07.657+0000] {dag.py:3823} INFO - Setting next_dagrun for etl_process to 2025-01-22 22:00:00+00:00, run_after=2025-01-23 22:00:00+00:00
[2025-01-23T09:54:07.671+0000] {logging_mixin.py:188} INFO - [2025-01-23T09:54:07.670+0000] {dag.py:3823} INFO - Setting next_dagrun for import_payment_data to 2025-01-22 22:00:00+00:00, run_after=2025-01-23 22:00:00+00:00
[2025-01-23T09:54:07.707+0000] {processor.py:183} INFO - Processing /opt/airflow/dags/etl_process.py took 0.251 seconds
[2025-01-23T09:54:38.117+0000] {processor.py:161} INFO - Started process (PID=3548) to work on /opt/airflow/dags/etl_process.py
[2025-01-23T09:54:38.120+0000] {processor.py:830} INFO - Processing file /opt/airflow/dags/etl_process.py for tasks to queue
[2025-01-23T09:54:38.123+0000] {logging_mixin.py:188} INFO - [2025-01-23T09:54:38.122+0000] {dagbag.py:538} INFO - Filling up the DagBag from /opt/airflow/dags/etl_process.py
[2025-01-23T09:54:38.348+0000] {logging_mixin.py:188} INFO - [2025-01-23T09:54:38.348+0000] {elt_processes.py:11} INFO - Starting data generation script...
[2025-01-23T09:54:38.366+0000] {processor.py:840} INFO - DAG(s) 'etl_process', 'import_payment_data' retrieved from /opt/airflow/dags/etl_process.py
[2025-01-23T09:54:38.416+0000] {logging_mixin.py:188} INFO - [2025-01-23T09:54:38.415+0000] {dag.py:3036} INFO - Sync 2 DAGs
[2025-01-23T09:54:38.467+0000] {logging_mixin.py:188} INFO - [2025-01-23T09:54:38.467+0000] {dag.py:3823} INFO - Setting next_dagrun for etl_process to 2025-01-22 22:00:00+00:00, run_after=2025-01-23 22:00:00+00:00
[2025-01-23T09:54:38.477+0000] {logging_mixin.py:188} INFO - [2025-01-23T09:54:38.477+0000] {dag.py:3823} INFO - Setting next_dagrun for import_payment_data to 2025-01-22 22:00:00+00:00, run_after=2025-01-23 22:00:00+00:00
[2025-01-23T09:54:38.515+0000] {processor.py:183} INFO - Processing /opt/airflow/dags/etl_process.py took 0.405 seconds
[2025-01-23T09:54:56.386+0000] {processor.py:161} INFO - Started process (PID=3578) to work on /opt/airflow/dags/etl_process.py
[2025-01-23T09:54:56.389+0000] {processor.py:830} INFO - Processing file /opt/airflow/dags/etl_process.py for tasks to queue
[2025-01-23T09:54:56.391+0000] {logging_mixin.py:188} INFO - [2025-01-23T09:54:56.391+0000] {dagbag.py:538} INFO - Filling up the DagBag from /opt/airflow/dags/etl_process.py
[2025-01-23T09:54:56.502+0000] {logging_mixin.py:188} INFO - [2025-01-23T09:54:56.501+0000] {elt_processes.py:11} INFO - Starting data generation script...
[2025-01-23T09:54:56.517+0000] {processor.py:840} INFO - DAG(s) 'import_payment_data', 'etl_process' retrieved from /opt/airflow/dags/etl_process.py
[2025-01-23T09:54:56.568+0000] {logging_mixin.py:188} INFO - [2025-01-23T09:54:56.568+0000] {dag.py:3036} INFO - Sync 2 DAGs
[2025-01-23T09:54:56.652+0000] {logging_mixin.py:188} INFO - [2025-01-23T09:54:56.652+0000] {dag.py:3823} INFO - Setting next_dagrun for etl_process to 2025-01-22 22:00:00+00:00, run_after=2025-01-23 22:00:00+00:00
[2025-01-23T09:54:56.672+0000] {logging_mixin.py:188} INFO - [2025-01-23T09:54:56.672+0000] {dag.py:3823} INFO - Setting next_dagrun for import_payment_data to 2025-01-22 22:00:00+00:00, run_after=2025-01-23 22:00:00+00:00
[2025-01-23T09:54:56.753+0000] {processor.py:183} INFO - Processing /opt/airflow/dags/etl_process.py took 0.380 seconds
[2025-01-23T09:55:26.863+0000] {processor.py:161} INFO - Started process (PID=3634) to work on /opt/airflow/dags/etl_process.py
[2025-01-23T09:55:26.865+0000] {processor.py:830} INFO - Processing file /opt/airflow/dags/etl_process.py for tasks to queue
[2025-01-23T09:55:26.868+0000] {logging_mixin.py:188} INFO - [2025-01-23T09:55:26.867+0000] {dagbag.py:538} INFO - Filling up the DagBag from /opt/airflow/dags/etl_process.py
[2025-01-23T09:55:26.991+0000] {logging_mixin.py:188} INFO - [2025-01-23T09:55:26.991+0000] {elt_processes.py:11} INFO - Starting data generation script...
[2025-01-23T09:55:27.004+0000] {processor.py:840} INFO - DAG(s) 'import_payment_data', 'etl_process' retrieved from /opt/airflow/dags/etl_process.py
[2025-01-23T09:55:27.063+0000] {logging_mixin.py:188} INFO - [2025-01-23T09:55:27.063+0000] {dag.py:3036} INFO - Sync 2 DAGs
[2025-01-23T09:55:27.142+0000] {logging_mixin.py:188} INFO - [2025-01-23T09:55:27.141+0000] {dag.py:3823} INFO - Setting next_dagrun for etl_process to 2025-01-22 22:00:00+00:00, run_after=2025-01-23 22:00:00+00:00
[2025-01-23T09:55:27.158+0000] {logging_mixin.py:188} INFO - [2025-01-23T09:55:27.157+0000] {dag.py:3823} INFO - Setting next_dagrun for import_payment_data to 2025-01-22 22:00:00+00:00, run_after=2025-01-23 22:00:00+00:00
[2025-01-23T09:55:27.209+0000] {processor.py:183} INFO - Processing /opt/airflow/dags/etl_process.py took 0.355 seconds
[2025-01-23T09:55:57.345+0000] {processor.py:161} INFO - Started process (PID=3690) to work on /opt/airflow/dags/etl_process.py
[2025-01-23T09:55:57.347+0000] {processor.py:830} INFO - Processing file /opt/airflow/dags/etl_process.py for tasks to queue
[2025-01-23T09:55:57.349+0000] {logging_mixin.py:188} INFO - [2025-01-23T09:55:57.349+0000] {dagbag.py:538} INFO - Filling up the DagBag from /opt/airflow/dags/etl_process.py
[2025-01-23T09:55:57.421+0000] {logging_mixin.py:188} INFO - [2025-01-23T09:55:57.420+0000] {elt_processes.py:11} INFO - Starting data generation script...
[2025-01-23T09:55:57.431+0000] {processor.py:840} INFO - DAG(s) 'import_payment_data', 'etl_process' retrieved from /opt/airflow/dags/etl_process.py
[2025-01-23T09:55:57.472+0000] {logging_mixin.py:188} INFO - [2025-01-23T09:55:57.471+0000] {dag.py:3036} INFO - Sync 2 DAGs
[2025-01-23T09:55:57.523+0000] {logging_mixin.py:188} INFO - [2025-01-23T09:55:57.522+0000] {dag.py:3823} INFO - Setting next_dagrun for etl_process to 2025-01-22 22:00:00+00:00, run_after=2025-01-23 22:00:00+00:00
[2025-01-23T09:55:57.536+0000] {logging_mixin.py:188} INFO - [2025-01-23T09:55:57.535+0000] {dag.py:3823} INFO - Setting next_dagrun for import_payment_data to 2025-01-22 22:00:00+00:00, run_after=2025-01-23 22:00:00+00:00
[2025-01-23T09:55:57.570+0000] {processor.py:183} INFO - Processing /opt/airflow/dags/etl_process.py took 0.231 seconds
[2025-01-23T09:56:27.857+0000] {processor.py:161} INFO - Started process (PID=3746) to work on /opt/airflow/dags/etl_process.py
[2025-01-23T09:56:27.859+0000] {processor.py:830} INFO - Processing file /opt/airflow/dags/etl_process.py for tasks to queue
[2025-01-23T09:56:27.861+0000] {logging_mixin.py:188} INFO - [2025-01-23T09:56:27.860+0000] {dagbag.py:538} INFO - Filling up the DagBag from /opt/airflow/dags/etl_process.py
[2025-01-23T09:56:27.927+0000] {logging_mixin.py:188} INFO - [2025-01-23T09:56:27.927+0000] {elt_processes.py:11} INFO - Starting data generation script...
[2025-01-23T09:56:27.937+0000] {processor.py:840} INFO - DAG(s) 'etl_process', 'import_payment_data' retrieved from /opt/airflow/dags/etl_process.py
[2025-01-23T09:56:27.979+0000] {logging_mixin.py:188} INFO - [2025-01-23T09:56:27.979+0000] {dag.py:3036} INFO - Sync 2 DAGs
[2025-01-23T09:56:28.030+0000] {logging_mixin.py:188} INFO - [2025-01-23T09:56:28.030+0000] {dag.py:3823} INFO - Setting next_dagrun for etl_process to 2025-01-22 22:00:00+00:00, run_after=2025-01-23 22:00:00+00:00
[2025-01-23T09:56:28.039+0000] {logging_mixin.py:188} INFO - [2025-01-23T09:56:28.039+0000] {dag.py:3823} INFO - Setting next_dagrun for import_payment_data to 2025-01-22 22:00:00+00:00, run_after=2025-01-23 22:00:00+00:00
[2025-01-23T09:56:28.071+0000] {processor.py:183} INFO - Processing /opt/airflow/dags/etl_process.py took 0.220 seconds
[2025-01-23T09:56:58.785+0000] {processor.py:161} INFO - Started process (PID=3802) to work on /opt/airflow/dags/etl_process.py
[2025-01-23T09:56:58.787+0000] {processor.py:830} INFO - Processing file /opt/airflow/dags/etl_process.py for tasks to queue
[2025-01-23T09:56:58.790+0000] {logging_mixin.py:188} INFO - [2025-01-23T09:56:58.789+0000] {dagbag.py:538} INFO - Filling up the DagBag from /opt/airflow/dags/etl_process.py
[2025-01-23T09:56:58.871+0000] {logging_mixin.py:188} INFO - [2025-01-23T09:56:58.870+0000] {elt_processes.py:11} INFO - Starting data generation script...
[2025-01-23T09:56:58.886+0000] {processor.py:840} INFO - DAG(s) 'import_payment_data', 'etl_process' retrieved from /opt/airflow/dags/etl_process.py
[2025-01-23T09:56:58.937+0000] {logging_mixin.py:188} INFO - [2025-01-23T09:56:58.937+0000] {dag.py:3036} INFO - Sync 2 DAGs
[2025-01-23T09:56:59.005+0000] {logging_mixin.py:188} INFO - [2025-01-23T09:56:59.005+0000] {dag.py:3823} INFO - Setting next_dagrun for etl_process to 2025-01-22 22:00:00+00:00, run_after=2025-01-23 22:00:00+00:00
[2025-01-23T09:56:59.018+0000] {logging_mixin.py:188} INFO - [2025-01-23T09:56:59.017+0000] {dag.py:3823} INFO - Setting next_dagrun for import_payment_data to 2025-01-22 22:00:00+00:00, run_after=2025-01-23 22:00:00+00:00
[2025-01-23T09:56:59.053+0000] {processor.py:183} INFO - Processing /opt/airflow/dags/etl_process.py took 0.277 seconds
[2025-01-23T09:57:29.217+0000] {processor.py:161} INFO - Started process (PID=3858) to work on /opt/airflow/dags/etl_process.py
[2025-01-23T09:57:29.221+0000] {processor.py:830} INFO - Processing file /opt/airflow/dags/etl_process.py for tasks to queue
[2025-01-23T09:57:29.224+0000] {logging_mixin.py:188} INFO - [2025-01-23T09:57:29.223+0000] {dagbag.py:538} INFO - Filling up the DagBag from /opt/airflow/dags/etl_process.py
[2025-01-23T09:57:29.312+0000] {logging_mixin.py:188} INFO - [2025-01-23T09:57:29.311+0000] {elt_processes.py:11} INFO - Starting data generation script...
[2025-01-23T09:57:29.330+0000] {processor.py:840} INFO - DAG(s) 'import_payment_data', 'etl_process' retrieved from /opt/airflow/dags/etl_process.py
[2025-01-23T09:57:29.389+0000] {logging_mixin.py:188} INFO - [2025-01-23T09:57:29.389+0000] {dag.py:3036} INFO - Sync 2 DAGs
[2025-01-23T09:57:29.471+0000] {logging_mixin.py:188} INFO - [2025-01-23T09:57:29.470+0000] {dag.py:3823} INFO - Setting next_dagrun for etl_process to 2025-01-22 22:00:00+00:00, run_after=2025-01-23 22:00:00+00:00
[2025-01-23T09:57:29.483+0000] {logging_mixin.py:188} INFO - [2025-01-23T09:57:29.483+0000] {dag.py:3823} INFO - Setting next_dagrun for import_payment_data to 2025-01-22 22:00:00+00:00, run_after=2025-01-23 22:00:00+00:00
[2025-01-23T09:57:29.543+0000] {processor.py:183} INFO - Processing /opt/airflow/dags/etl_process.py took 0.335 seconds
[2025-01-23T09:57:59.877+0000] {processor.py:161} INFO - Started process (PID=3914) to work on /opt/airflow/dags/etl_process.py
[2025-01-23T09:57:59.879+0000] {processor.py:830} INFO - Processing file /opt/airflow/dags/etl_process.py for tasks to queue
[2025-01-23T09:57:59.881+0000] {logging_mixin.py:188} INFO - [2025-01-23T09:57:59.881+0000] {dagbag.py:538} INFO - Filling up the DagBag from /opt/airflow/dags/etl_process.py
[2025-01-23T09:57:59.974+0000] {logging_mixin.py:188} INFO - [2025-01-23T09:57:59.974+0000] {elt_processes.py:11} INFO - Starting data generation script...
[2025-01-23T09:57:59.994+0000] {processor.py:840} INFO - DAG(s) 'etl_process', 'import_payment_data' retrieved from /opt/airflow/dags/etl_process.py
[2025-01-23T09:58:00.052+0000] {logging_mixin.py:188} INFO - [2025-01-23T09:58:00.051+0000] {dag.py:3036} INFO - Sync 2 DAGs
[2025-01-23T09:58:00.107+0000] {logging_mixin.py:188} INFO - [2025-01-23T09:58:00.106+0000] {dag.py:3823} INFO - Setting next_dagrun for etl_process to 2025-01-22 22:00:00+00:00, run_after=2025-01-23 22:00:00+00:00
[2025-01-23T09:58:00.116+0000] {logging_mixin.py:188} INFO - [2025-01-23T09:58:00.116+0000] {dag.py:3823} INFO - Setting next_dagrun for import_payment_data to 2025-01-22 22:00:00+00:00, run_after=2025-01-23 22:00:00+00:00
[2025-01-23T09:58:00.150+0000] {processor.py:183} INFO - Processing /opt/airflow/dags/etl_process.py took 0.281 seconds
[2025-01-23T09:58:30.657+0000] {processor.py:161} INFO - Started process (PID=3970) to work on /opt/airflow/dags/etl_process.py
[2025-01-23T09:58:30.658+0000] {processor.py:830} INFO - Processing file /opt/airflow/dags/etl_process.py for tasks to queue
[2025-01-23T09:58:30.660+0000] {logging_mixin.py:188} INFO - [2025-01-23T09:58:30.660+0000] {dagbag.py:538} INFO - Filling up the DagBag from /opt/airflow/dags/etl_process.py
[2025-01-23T09:58:30.736+0000] {logging_mixin.py:188} INFO - [2025-01-23T09:58:30.735+0000] {elt_processes.py:11} INFO - Starting data generation script...
[2025-01-23T09:58:30.747+0000] {processor.py:840} INFO - DAG(s) 'etl_process', 'import_payment_data' retrieved from /opt/airflow/dags/etl_process.py
[2025-01-23T09:58:30.802+0000] {logging_mixin.py:188} INFO - [2025-01-23T09:58:30.801+0000] {dag.py:3036} INFO - Sync 2 DAGs
[2025-01-23T09:58:30.859+0000] {logging_mixin.py:188} INFO - [2025-01-23T09:58:30.858+0000] {dag.py:3823} INFO - Setting next_dagrun for etl_process to 2025-01-22 22:00:00+00:00, run_after=2025-01-23 22:00:00+00:00
[2025-01-23T09:58:30.870+0000] {logging_mixin.py:188} INFO - [2025-01-23T09:58:30.869+0000] {dag.py:3823} INFO - Setting next_dagrun for import_payment_data to 2025-01-22 22:00:00+00:00, run_after=2025-01-23 22:00:00+00:00
[2025-01-23T09:58:30.905+0000] {processor.py:183} INFO - Processing /opt/airflow/dags/etl_process.py took 0.254 seconds
