[2025-01-20T11:16:26.975+0000] {processor.py:161} INFO - Started process (PID=112) to work on /home/airflow/.local/lib/python3.8/site-packages/airflow/example_dags/example_branch_python_dop_operator_3.py
[2025-01-20T11:16:26.978+0000] {processor.py:830} INFO - Processing file /home/airflow/.local/lib/python3.8/site-packages/airflow/example_dags/example_branch_python_dop_operator_3.py for tasks to queue
[2025-01-20T11:16:26.983+0000] {logging_mixin.py:188} INFO - [2025-01-20T11:16:26.982+0000] {dagbag.py:538} INFO - Filling up the DagBag from /home/airflow/.local/lib/python3.8/site-packages/airflow/example_dags/example_branch_python_dop_operator_3.py
[2025-01-20T11:16:27.010+0000] {processor.py:840} INFO - DAG(s) 'example_branch_dop_operator_v3' retrieved from /home/airflow/.local/lib/python3.8/site-packages/airflow/example_dags/example_branch_python_dop_operator_3.py
[2025-01-20T11:16:27.277+0000] {logging_mixin.py:188} INFO - [2025-01-20T11:16:27.277+0000] {dag.py:3036} INFO - Sync 1 DAGs
[2025-01-20T11:16:27.341+0000] {logging_mixin.py:188} INFO - [2025-01-20T11:16:27.341+0000] {dag.py:3823} INFO - Setting next_dagrun for example_branch_dop_operator_v3 to 2025-01-20 11:15:00+00:00, run_after=2025-01-20 11:16:00+00:00
[2025-01-20T11:16:27.376+0000] {processor.py:183} INFO - Processing /home/airflow/.local/lib/python3.8/site-packages/airflow/example_dags/example_branch_python_dop_operator_3.py took 0.408 seconds
[2025-01-20T11:16:57.429+0000] {processor.py:161} INFO - Started process (PID=167) to work on /home/airflow/.local/lib/python3.8/site-packages/airflow/example_dags/example_branch_python_dop_operator_3.py
[2025-01-20T11:16:57.430+0000] {processor.py:830} INFO - Processing file /home/airflow/.local/lib/python3.8/site-packages/airflow/example_dags/example_branch_python_dop_operator_3.py for tasks to queue
[2025-01-20T11:16:57.434+0000] {logging_mixin.py:188} INFO - [2025-01-20T11:16:57.433+0000] {dagbag.py:538} INFO - Filling up the DagBag from /home/airflow/.local/lib/python3.8/site-packages/airflow/example_dags/example_branch_python_dop_operator_3.py
[2025-01-20T11:16:57.449+0000] {processor.py:840} INFO - DAG(s) 'example_branch_dop_operator_v3' retrieved from /home/airflow/.local/lib/python3.8/site-packages/airflow/example_dags/example_branch_python_dop_operator_3.py
[2025-01-20T11:16:57.480+0000] {logging_mixin.py:188} INFO - [2025-01-20T11:16:57.480+0000] {dag.py:3036} INFO - Sync 1 DAGs
[2025-01-20T11:16:57.521+0000] {logging_mixin.py:188} INFO - [2025-01-20T11:16:57.520+0000] {dag.py:3823} INFO - Setting next_dagrun for example_branch_dop_operator_v3 to 2025-01-20 11:15:00+00:00, run_after=2025-01-20 11:16:00+00:00
[2025-01-20T11:16:57.563+0000] {processor.py:183} INFO - Processing /home/airflow/.local/lib/python3.8/site-packages/airflow/example_dags/example_branch_python_dop_operator_3.py took 0.139 seconds
[2025-01-20T11:17:27.749+0000] {processor.py:161} INFO - Started process (PID=222) to work on /home/airflow/.local/lib/python3.8/site-packages/airflow/example_dags/example_branch_python_dop_operator_3.py
[2025-01-20T11:17:27.758+0000] {processor.py:830} INFO - Processing file /home/airflow/.local/lib/python3.8/site-packages/airflow/example_dags/example_branch_python_dop_operator_3.py for tasks to queue
[2025-01-20T11:17:27.761+0000] {logging_mixin.py:188} INFO - [2025-01-20T11:17:27.760+0000] {dagbag.py:538} INFO - Filling up the DagBag from /home/airflow/.local/lib/python3.8/site-packages/airflow/example_dags/example_branch_python_dop_operator_3.py
[2025-01-20T11:17:27.774+0000] {processor.py:840} INFO - DAG(s) 'example_branch_dop_operator_v3' retrieved from /home/airflow/.local/lib/python3.8/site-packages/airflow/example_dags/example_branch_python_dop_operator_3.py
[2025-01-20T11:17:27.806+0000] {logging_mixin.py:188} INFO - [2025-01-20T11:17:27.806+0000] {dag.py:3036} INFO - Sync 1 DAGs
[2025-01-20T11:17:27.867+0000] {logging_mixin.py:188} INFO - [2025-01-20T11:17:27.867+0000] {dag.py:3823} INFO - Setting next_dagrun for example_branch_dop_operator_v3 to 2025-01-20 11:16:00+00:00, run_after=2025-01-20 11:17:00+00:00
[2025-01-20T11:17:27.939+0000] {processor.py:183} INFO - Processing /home/airflow/.local/lib/python3.8/site-packages/airflow/example_dags/example_branch_python_dop_operator_3.py took 0.195 seconds
[2025-01-20T11:17:58.536+0000] {processor.py:161} INFO - Started process (PID=277) to work on /home/airflow/.local/lib/python3.8/site-packages/airflow/example_dags/example_branch_python_dop_operator_3.py
[2025-01-20T11:17:58.538+0000] {processor.py:830} INFO - Processing file /home/airflow/.local/lib/python3.8/site-packages/airflow/example_dags/example_branch_python_dop_operator_3.py for tasks to queue
[2025-01-20T11:17:58.541+0000] {logging_mixin.py:188} INFO - [2025-01-20T11:17:58.540+0000] {dagbag.py:538} INFO - Filling up the DagBag from /home/airflow/.local/lib/python3.8/site-packages/airflow/example_dags/example_branch_python_dop_operator_3.py
[2025-01-20T11:17:58.558+0000] {processor.py:840} INFO - DAG(s) 'example_branch_dop_operator_v3' retrieved from /home/airflow/.local/lib/python3.8/site-packages/airflow/example_dags/example_branch_python_dop_operator_3.py
[2025-01-20T11:17:58.604+0000] {logging_mixin.py:188} INFO - [2025-01-20T11:17:58.603+0000] {dag.py:3036} INFO - Sync 1 DAGs
[2025-01-20T11:17:58.654+0000] {logging_mixin.py:188} INFO - [2025-01-20T11:17:58.654+0000] {dag.py:3823} INFO - Setting next_dagrun for example_branch_dop_operator_v3 to 2025-01-20 11:16:00+00:00, run_after=2025-01-20 11:17:00+00:00
[2025-01-20T11:17:58.690+0000] {processor.py:183} INFO - Processing /home/airflow/.local/lib/python3.8/site-packages/airflow/example_dags/example_branch_python_dop_operator_3.py took 0.161 seconds
[2025-01-20T11:18:29.041+0000] {processor.py:161} INFO - Started process (PID=332) to work on /home/airflow/.local/lib/python3.8/site-packages/airflow/example_dags/example_branch_python_dop_operator_3.py
[2025-01-20T11:18:29.043+0000] {processor.py:830} INFO - Processing file /home/airflow/.local/lib/python3.8/site-packages/airflow/example_dags/example_branch_python_dop_operator_3.py for tasks to queue
[2025-01-20T11:18:29.046+0000] {logging_mixin.py:188} INFO - [2025-01-20T11:18:29.046+0000] {dagbag.py:538} INFO - Filling up the DagBag from /home/airflow/.local/lib/python3.8/site-packages/airflow/example_dags/example_branch_python_dop_operator_3.py
[2025-01-20T11:18:29.061+0000] {processor.py:840} INFO - DAG(s) 'example_branch_dop_operator_v3' retrieved from /home/airflow/.local/lib/python3.8/site-packages/airflow/example_dags/example_branch_python_dop_operator_3.py
[2025-01-20T11:18:29.091+0000] {logging_mixin.py:188} INFO - [2025-01-20T11:18:29.091+0000] {dag.py:3036} INFO - Sync 1 DAGs
[2025-01-20T11:18:29.138+0000] {logging_mixin.py:188} INFO - [2025-01-20T11:18:29.137+0000] {dag.py:3823} INFO - Setting next_dagrun for example_branch_dop_operator_v3 to 2025-01-20 11:17:00+00:00, run_after=2025-01-20 11:18:00+00:00
[2025-01-20T11:18:29.184+0000] {processor.py:183} INFO - Processing /home/airflow/.local/lib/python3.8/site-packages/airflow/example_dags/example_branch_python_dop_operator_3.py took 0.148 seconds
[2025-01-20T11:18:59.662+0000] {processor.py:161} INFO - Started process (PID=387) to work on /home/airflow/.local/lib/python3.8/site-packages/airflow/example_dags/example_branch_python_dop_operator_3.py
[2025-01-20T11:18:59.664+0000] {processor.py:830} INFO - Processing file /home/airflow/.local/lib/python3.8/site-packages/airflow/example_dags/example_branch_python_dop_operator_3.py for tasks to queue
[2025-01-20T11:18:59.667+0000] {logging_mixin.py:188} INFO - [2025-01-20T11:18:59.666+0000] {dagbag.py:538} INFO - Filling up the DagBag from /home/airflow/.local/lib/python3.8/site-packages/airflow/example_dags/example_branch_python_dop_operator_3.py
[2025-01-20T11:18:59.681+0000] {processor.py:840} INFO - DAG(s) 'example_branch_dop_operator_v3' retrieved from /home/airflow/.local/lib/python3.8/site-packages/airflow/example_dags/example_branch_python_dop_operator_3.py
[2025-01-20T11:18:59.710+0000] {logging_mixin.py:188} INFO - [2025-01-20T11:18:59.709+0000] {dag.py:3036} INFO - Sync 1 DAGs
[2025-01-20T11:18:59.749+0000] {logging_mixin.py:188} INFO - [2025-01-20T11:18:59.749+0000] {dag.py:3823} INFO - Setting next_dagrun for example_branch_dop_operator_v3 to 2025-01-20 11:17:00+00:00, run_after=2025-01-20 11:18:00+00:00
[2025-01-20T11:18:59.779+0000] {processor.py:183} INFO - Processing /home/airflow/.local/lib/python3.8/site-packages/airflow/example_dags/example_branch_python_dop_operator_3.py took 0.122 seconds
[2025-01-20T11:19:30.124+0000] {processor.py:161} INFO - Started process (PID=442) to work on /home/airflow/.local/lib/python3.8/site-packages/airflow/example_dags/example_branch_python_dop_operator_3.py
[2025-01-20T11:19:30.126+0000] {processor.py:830} INFO - Processing file /home/airflow/.local/lib/python3.8/site-packages/airflow/example_dags/example_branch_python_dop_operator_3.py for tasks to queue
[2025-01-20T11:19:30.131+0000] {logging_mixin.py:188} INFO - [2025-01-20T11:19:30.130+0000] {dagbag.py:538} INFO - Filling up the DagBag from /home/airflow/.local/lib/python3.8/site-packages/airflow/example_dags/example_branch_python_dop_operator_3.py
[2025-01-20T11:19:30.152+0000] {processor.py:840} INFO - DAG(s) 'example_branch_dop_operator_v3' retrieved from /home/airflow/.local/lib/python3.8/site-packages/airflow/example_dags/example_branch_python_dop_operator_3.py
[2025-01-20T11:19:30.193+0000] {logging_mixin.py:188} INFO - [2025-01-20T11:19:30.193+0000] {dag.py:3036} INFO - Sync 1 DAGs
[2025-01-20T11:19:30.260+0000] {logging_mixin.py:188} INFO - [2025-01-20T11:19:30.259+0000] {dag.py:3823} INFO - Setting next_dagrun for example_branch_dop_operator_v3 to 2025-01-20 11:18:00+00:00, run_after=2025-01-20 11:19:00+00:00
[2025-01-20T11:19:30.301+0000] {processor.py:183} INFO - Processing /home/airflow/.local/lib/python3.8/site-packages/airflow/example_dags/example_branch_python_dop_operator_3.py took 0.183 seconds
[2025-01-20T11:20:01.530+0000] {processor.py:161} INFO - Started process (PID=503) to work on /home/airflow/.local/lib/python3.8/site-packages/airflow/example_dags/example_branch_python_dop_operator_3.py
[2025-01-20T11:20:01.533+0000] {processor.py:830} INFO - Processing file /home/airflow/.local/lib/python3.8/site-packages/airflow/example_dags/example_branch_python_dop_operator_3.py for tasks to queue
[2025-01-20T11:20:01.538+0000] {logging_mixin.py:188} INFO - [2025-01-20T11:20:01.537+0000] {dagbag.py:538} INFO - Filling up the DagBag from /home/airflow/.local/lib/python3.8/site-packages/airflow/example_dags/example_branch_python_dop_operator_3.py
[2025-01-20T11:20:01.566+0000] {processor.py:840} INFO - DAG(s) 'example_branch_dop_operator_v3' retrieved from /home/airflow/.local/lib/python3.8/site-packages/airflow/example_dags/example_branch_python_dop_operator_3.py
[2025-01-20T11:20:01.621+0000] {logging_mixin.py:188} INFO - [2025-01-20T11:20:01.620+0000] {dag.py:3036} INFO - Sync 1 DAGs
[2025-01-20T11:20:01.705+0000] {logging_mixin.py:188} INFO - [2025-01-20T11:20:01.704+0000] {dag.py:3823} INFO - Setting next_dagrun for example_branch_dop_operator_v3 to 2025-01-20 11:19:00+00:00, run_after=2025-01-20 11:20:00+00:00
[2025-01-20T11:20:01.822+0000] {processor.py:183} INFO - Processing /home/airflow/.local/lib/python3.8/site-packages/airflow/example_dags/example_branch_python_dop_operator_3.py took 0.302 seconds
[2025-01-20T11:20:32.216+0000] {processor.py:161} INFO - Started process (PID=558) to work on /home/airflow/.local/lib/python3.8/site-packages/airflow/example_dags/example_branch_python_dop_operator_3.py
[2025-01-20T11:20:32.218+0000] {processor.py:830} INFO - Processing file /home/airflow/.local/lib/python3.8/site-packages/airflow/example_dags/example_branch_python_dop_operator_3.py for tasks to queue
[2025-01-20T11:20:32.221+0000] {logging_mixin.py:188} INFO - [2025-01-20T11:20:32.220+0000] {dagbag.py:538} INFO - Filling up the DagBag from /home/airflow/.local/lib/python3.8/site-packages/airflow/example_dags/example_branch_python_dop_operator_3.py
[2025-01-20T11:20:32.235+0000] {processor.py:840} INFO - DAG(s) 'example_branch_dop_operator_v3' retrieved from /home/airflow/.local/lib/python3.8/site-packages/airflow/example_dags/example_branch_python_dop_operator_3.py
[2025-01-20T11:20:32.271+0000] {logging_mixin.py:188} INFO - [2025-01-20T11:20:32.271+0000] {dag.py:3036} INFO - Sync 1 DAGs
[2025-01-20T11:20:32.324+0000] {logging_mixin.py:188} INFO - [2025-01-20T11:20:32.324+0000] {dag.py:3823} INFO - Setting next_dagrun for example_branch_dop_operator_v3 to 2025-01-20 11:19:00+00:00, run_after=2025-01-20 11:20:00+00:00
[2025-01-20T11:20:32.358+0000] {processor.py:183} INFO - Processing /home/airflow/.local/lib/python3.8/site-packages/airflow/example_dags/example_branch_python_dop_operator_3.py took 0.148 seconds
[2025-01-20T11:21:03.089+0000] {processor.py:161} INFO - Started process (PID=613) to work on /home/airflow/.local/lib/python3.8/site-packages/airflow/example_dags/example_branch_python_dop_operator_3.py
[2025-01-20T11:21:03.092+0000] {processor.py:830} INFO - Processing file /home/airflow/.local/lib/python3.8/site-packages/airflow/example_dags/example_branch_python_dop_operator_3.py for tasks to queue
[2025-01-20T11:21:03.097+0000] {logging_mixin.py:188} INFO - [2025-01-20T11:21:03.096+0000] {dagbag.py:538} INFO - Filling up the DagBag from /home/airflow/.local/lib/python3.8/site-packages/airflow/example_dags/example_branch_python_dop_operator_3.py
[2025-01-20T11:21:03.117+0000] {processor.py:840} INFO - DAG(s) 'example_branch_dop_operator_v3' retrieved from /home/airflow/.local/lib/python3.8/site-packages/airflow/example_dags/example_branch_python_dop_operator_3.py
[2025-01-20T11:21:03.160+0000] {logging_mixin.py:188} INFO - [2025-01-20T11:21:03.160+0000] {dag.py:3036} INFO - Sync 1 DAGs
[2025-01-20T11:21:03.220+0000] {logging_mixin.py:188} INFO - [2025-01-20T11:21:03.219+0000] {dag.py:3823} INFO - Setting next_dagrun for example_branch_dop_operator_v3 to 2025-01-20 11:20:00+00:00, run_after=2025-01-20 11:21:00+00:00
[2025-01-20T11:21:03.263+0000] {processor.py:183} INFO - Processing /home/airflow/.local/lib/python3.8/site-packages/airflow/example_dags/example_branch_python_dop_operator_3.py took 0.182 seconds
[2025-01-20T11:21:33.330+0000] {processor.py:161} INFO - Started process (PID=667) to work on /home/airflow/.local/lib/python3.8/site-packages/airflow/example_dags/example_branch_python_dop_operator_3.py
[2025-01-20T11:21:33.331+0000] {processor.py:830} INFO - Processing file /home/airflow/.local/lib/python3.8/site-packages/airflow/example_dags/example_branch_python_dop_operator_3.py for tasks to queue
[2025-01-20T11:21:33.335+0000] {logging_mixin.py:188} INFO - [2025-01-20T11:21:33.334+0000] {dagbag.py:538} INFO - Filling up the DagBag from /home/airflow/.local/lib/python3.8/site-packages/airflow/example_dags/example_branch_python_dop_operator_3.py
[2025-01-20T11:21:33.353+0000] {processor.py:840} INFO - DAG(s) 'example_branch_dop_operator_v3' retrieved from /home/airflow/.local/lib/python3.8/site-packages/airflow/example_dags/example_branch_python_dop_operator_3.py
[2025-01-20T11:21:33.390+0000] {logging_mixin.py:188} INFO - [2025-01-20T11:21:33.389+0000] {dag.py:3036} INFO - Sync 1 DAGs
[2025-01-20T11:21:33.444+0000] {logging_mixin.py:188} INFO - [2025-01-20T11:21:33.444+0000] {dag.py:3823} INFO - Setting next_dagrun for example_branch_dop_operator_v3 to 2025-01-20 11:20:00+00:00, run_after=2025-01-20 11:21:00+00:00
[2025-01-20T11:21:33.480+0000] {processor.py:183} INFO - Processing /home/airflow/.local/lib/python3.8/site-packages/airflow/example_dags/example_branch_python_dop_operator_3.py took 0.156 seconds
[2025-01-20T11:22:03.697+0000] {processor.py:161} INFO - Started process (PID=722) to work on /home/airflow/.local/lib/python3.8/site-packages/airflow/example_dags/example_branch_python_dop_operator_3.py
[2025-01-20T11:22:03.699+0000] {processor.py:830} INFO - Processing file /home/airflow/.local/lib/python3.8/site-packages/airflow/example_dags/example_branch_python_dop_operator_3.py for tasks to queue
[2025-01-20T11:22:03.704+0000] {logging_mixin.py:188} INFO - [2025-01-20T11:22:03.703+0000] {dagbag.py:538} INFO - Filling up the DagBag from /home/airflow/.local/lib/python3.8/site-packages/airflow/example_dags/example_branch_python_dop_operator_3.py
[2025-01-20T11:22:03.730+0000] {processor.py:840} INFO - DAG(s) 'example_branch_dop_operator_v3' retrieved from /home/airflow/.local/lib/python3.8/site-packages/airflow/example_dags/example_branch_python_dop_operator_3.py
[2025-01-20T11:22:03.767+0000] {logging_mixin.py:188} INFO - [2025-01-20T11:22:03.767+0000] {dag.py:3036} INFO - Sync 1 DAGs
[2025-01-20T11:22:03.819+0000] {logging_mixin.py:188} INFO - [2025-01-20T11:22:03.818+0000] {dag.py:3823} INFO - Setting next_dagrun for example_branch_dop_operator_v3 to 2025-01-20 11:21:00+00:00, run_after=2025-01-20 11:22:00+00:00
[2025-01-20T11:22:03.867+0000] {processor.py:183} INFO - Processing /home/airflow/.local/lib/python3.8/site-packages/airflow/example_dags/example_branch_python_dop_operator_3.py took 0.178 seconds
[2025-01-20T11:22:34.456+0000] {processor.py:161} INFO - Started process (PID=778) to work on /home/airflow/.local/lib/python3.8/site-packages/airflow/example_dags/example_branch_python_dop_operator_3.py
[2025-01-20T11:22:34.458+0000] {processor.py:830} INFO - Processing file /home/airflow/.local/lib/python3.8/site-packages/airflow/example_dags/example_branch_python_dop_operator_3.py for tasks to queue
[2025-01-20T11:22:34.461+0000] {logging_mixin.py:188} INFO - [2025-01-20T11:22:34.461+0000] {dagbag.py:538} INFO - Filling up the DagBag from /home/airflow/.local/lib/python3.8/site-packages/airflow/example_dags/example_branch_python_dop_operator_3.py
[2025-01-20T11:22:34.484+0000] {processor.py:840} INFO - DAG(s) 'example_branch_dop_operator_v3' retrieved from /home/airflow/.local/lib/python3.8/site-packages/airflow/example_dags/example_branch_python_dop_operator_3.py
[2025-01-20T11:22:34.521+0000] {logging_mixin.py:188} INFO - [2025-01-20T11:22:34.520+0000] {dag.py:3036} INFO - Sync 1 DAGs
[2025-01-20T11:22:34.568+0000] {logging_mixin.py:188} INFO - [2025-01-20T11:22:34.568+0000] {dag.py:3823} INFO - Setting next_dagrun for example_branch_dop_operator_v3 to 2025-01-20 11:21:00+00:00, run_after=2025-01-20 11:22:00+00:00
[2025-01-20T11:22:34.609+0000] {processor.py:183} INFO - Processing /home/airflow/.local/lib/python3.8/site-packages/airflow/example_dags/example_branch_python_dop_operator_3.py took 0.160 seconds
[2025-01-20T11:23:05.290+0000] {processor.py:161} INFO - Started process (PID=833) to work on /home/airflow/.local/lib/python3.8/site-packages/airflow/example_dags/example_branch_python_dop_operator_3.py
[2025-01-20T11:23:05.294+0000] {processor.py:830} INFO - Processing file /home/airflow/.local/lib/python3.8/site-packages/airflow/example_dags/example_branch_python_dop_operator_3.py for tasks to queue
[2025-01-20T11:23:05.300+0000] {logging_mixin.py:188} INFO - [2025-01-20T11:23:05.299+0000] {dagbag.py:538} INFO - Filling up the DagBag from /home/airflow/.local/lib/python3.8/site-packages/airflow/example_dags/example_branch_python_dop_operator_3.py
[2025-01-20T11:23:05.336+0000] {processor.py:840} INFO - DAG(s) 'example_branch_dop_operator_v3' retrieved from /home/airflow/.local/lib/python3.8/site-packages/airflow/example_dags/example_branch_python_dop_operator_3.py
[2025-01-20T11:23:05.417+0000] {logging_mixin.py:188} INFO - [2025-01-20T11:23:05.416+0000] {dag.py:3036} INFO - Sync 1 DAGs
[2025-01-20T11:23:05.626+0000] {logging_mixin.py:188} INFO - [2025-01-20T11:23:05.621+0000] {dag.py:3823} INFO - Setting next_dagrun for example_branch_dop_operator_v3 to 2025-01-20 11:22:00+00:00, run_after=2025-01-20 11:23:00+00:00
[2025-01-20T11:23:05.741+0000] {processor.py:183} INFO - Processing /home/airflow/.local/lib/python3.8/site-packages/airflow/example_dags/example_branch_python_dop_operator_3.py took 0.461 seconds
[2025-01-20T11:23:36.682+0000] {processor.py:161} INFO - Started process (PID=888) to work on /home/airflow/.local/lib/python3.8/site-packages/airflow/example_dags/example_branch_python_dop_operator_3.py
[2025-01-20T11:23:36.686+0000] {processor.py:830} INFO - Processing file /home/airflow/.local/lib/python3.8/site-packages/airflow/example_dags/example_branch_python_dop_operator_3.py for tasks to queue
[2025-01-20T11:23:36.703+0000] {logging_mixin.py:188} INFO - [2025-01-20T11:23:36.699+0000] {dagbag.py:538} INFO - Filling up the DagBag from /home/airflow/.local/lib/python3.8/site-packages/airflow/example_dags/example_branch_python_dop_operator_3.py
[2025-01-20T11:23:36.762+0000] {processor.py:840} INFO - DAG(s) 'example_branch_dop_operator_v3' retrieved from /home/airflow/.local/lib/python3.8/site-packages/airflow/example_dags/example_branch_python_dop_operator_3.py
[2025-01-20T11:23:36.885+0000] {logging_mixin.py:188} INFO - [2025-01-20T11:23:36.885+0000] {dag.py:3036} INFO - Sync 1 DAGs
[2025-01-20T11:23:37.014+0000] {logging_mixin.py:188} INFO - [2025-01-20T11:23:37.014+0000] {dag.py:3823} INFO - Setting next_dagrun for example_branch_dop_operator_v3 to 2025-01-20 11:22:00+00:00, run_after=2025-01-20 11:23:00+00:00
[2025-01-20T11:23:37.060+0000] {processor.py:183} INFO - Processing /home/airflow/.local/lib/python3.8/site-packages/airflow/example_dags/example_branch_python_dop_operator_3.py took 0.394 seconds
[2025-01-20T11:24:07.415+0000] {processor.py:161} INFO - Started process (PID=942) to work on /home/airflow/.local/lib/python3.8/site-packages/airflow/example_dags/example_branch_python_dop_operator_3.py
[2025-01-20T11:24:07.418+0000] {processor.py:830} INFO - Processing file /home/airflow/.local/lib/python3.8/site-packages/airflow/example_dags/example_branch_python_dop_operator_3.py for tasks to queue
[2025-01-20T11:24:07.422+0000] {logging_mixin.py:188} INFO - [2025-01-20T11:24:07.422+0000] {dagbag.py:538} INFO - Filling up the DagBag from /home/airflow/.local/lib/python3.8/site-packages/airflow/example_dags/example_branch_python_dop_operator_3.py
[2025-01-20T11:24:07.446+0000] {processor.py:840} INFO - DAG(s) 'example_branch_dop_operator_v3' retrieved from /home/airflow/.local/lib/python3.8/site-packages/airflow/example_dags/example_branch_python_dop_operator_3.py
[2025-01-20T11:24:07.507+0000] {logging_mixin.py:188} INFO - [2025-01-20T11:24:07.506+0000] {dag.py:3036} INFO - Sync 1 DAGs
[2025-01-20T11:24:07.595+0000] {logging_mixin.py:188} INFO - [2025-01-20T11:24:07.594+0000] {dag.py:3823} INFO - Setting next_dagrun for example_branch_dop_operator_v3 to 2025-01-20 11:23:00+00:00, run_after=2025-01-20 11:24:00+00:00
[2025-01-20T11:24:07.643+0000] {processor.py:183} INFO - Processing /home/airflow/.local/lib/python3.8/site-packages/airflow/example_dags/example_branch_python_dop_operator_3.py took 0.236 seconds
[2025-01-20T11:24:37.983+0000] {processor.py:161} INFO - Started process (PID=997) to work on /home/airflow/.local/lib/python3.8/site-packages/airflow/example_dags/example_branch_python_dop_operator_3.py
[2025-01-20T11:24:37.987+0000] {processor.py:830} INFO - Processing file /home/airflow/.local/lib/python3.8/site-packages/airflow/example_dags/example_branch_python_dop_operator_3.py for tasks to queue
[2025-01-20T11:24:37.991+0000] {logging_mixin.py:188} INFO - [2025-01-20T11:24:37.991+0000] {dagbag.py:538} INFO - Filling up the DagBag from /home/airflow/.local/lib/python3.8/site-packages/airflow/example_dags/example_branch_python_dop_operator_3.py
[2025-01-20T11:24:38.032+0000] {processor.py:840} INFO - DAG(s) 'example_branch_dop_operator_v3' retrieved from /home/airflow/.local/lib/python3.8/site-packages/airflow/example_dags/example_branch_python_dop_operator_3.py
[2025-01-20T11:24:38.102+0000] {logging_mixin.py:188} INFO - [2025-01-20T11:24:38.101+0000] {dag.py:3036} INFO - Sync 1 DAGs
[2025-01-20T11:24:38.182+0000] {logging_mixin.py:188} INFO - [2025-01-20T11:24:38.181+0000] {dag.py:3823} INFO - Setting next_dagrun for example_branch_dop_operator_v3 to 2025-01-20 11:23:00+00:00, run_after=2025-01-20 11:24:00+00:00
[2025-01-20T11:24:38.215+0000] {processor.py:183} INFO - Processing /home/airflow/.local/lib/python3.8/site-packages/airflow/example_dags/example_branch_python_dop_operator_3.py took 0.242 seconds
[2025-01-20T11:25:08.616+0000] {processor.py:161} INFO - Started process (PID=1052) to work on /home/airflow/.local/lib/python3.8/site-packages/airflow/example_dags/example_branch_python_dop_operator_3.py
[2025-01-20T11:25:08.618+0000] {processor.py:830} INFO - Processing file /home/airflow/.local/lib/python3.8/site-packages/airflow/example_dags/example_branch_python_dop_operator_3.py for tasks to queue
[2025-01-20T11:25:08.621+0000] {logging_mixin.py:188} INFO - [2025-01-20T11:25:08.620+0000] {dagbag.py:538} INFO - Filling up the DagBag from /home/airflow/.local/lib/python3.8/site-packages/airflow/example_dags/example_branch_python_dop_operator_3.py
[2025-01-20T11:25:08.634+0000] {processor.py:840} INFO - DAG(s) 'example_branch_dop_operator_v3' retrieved from /home/airflow/.local/lib/python3.8/site-packages/airflow/example_dags/example_branch_python_dop_operator_3.py
[2025-01-20T11:25:08.666+0000] {logging_mixin.py:188} INFO - [2025-01-20T11:25:08.665+0000] {dag.py:3036} INFO - Sync 1 DAGs
[2025-01-20T11:25:08.723+0000] {logging_mixin.py:188} INFO - [2025-01-20T11:25:08.722+0000] {dag.py:3823} INFO - Setting next_dagrun for example_branch_dop_operator_v3 to 2025-01-20 11:24:00+00:00, run_after=2025-01-20 11:25:00+00:00
[2025-01-20T11:25:08.769+0000] {processor.py:183} INFO - Processing /home/airflow/.local/lib/python3.8/site-packages/airflow/example_dags/example_branch_python_dop_operator_3.py took 0.157 seconds
[2025-01-20T11:25:39.060+0000] {processor.py:161} INFO - Started process (PID=1107) to work on /home/airflow/.local/lib/python3.8/site-packages/airflow/example_dags/example_branch_python_dop_operator_3.py
[2025-01-20T11:25:39.061+0000] {processor.py:830} INFO - Processing file /home/airflow/.local/lib/python3.8/site-packages/airflow/example_dags/example_branch_python_dop_operator_3.py for tasks to queue
[2025-01-20T11:25:39.064+0000] {logging_mixin.py:188} INFO - [2025-01-20T11:25:39.064+0000] {dagbag.py:538} INFO - Filling up the DagBag from /home/airflow/.local/lib/python3.8/site-packages/airflow/example_dags/example_branch_python_dop_operator_3.py
[2025-01-20T11:25:39.080+0000] {processor.py:840} INFO - DAG(s) 'example_branch_dop_operator_v3' retrieved from /home/airflow/.local/lib/python3.8/site-packages/airflow/example_dags/example_branch_python_dop_operator_3.py
[2025-01-20T11:25:39.117+0000] {logging_mixin.py:188} INFO - [2025-01-20T11:25:39.116+0000] {dag.py:3036} INFO - Sync 1 DAGs
[2025-01-20T11:25:39.173+0000] {logging_mixin.py:188} INFO - [2025-01-20T11:25:39.172+0000] {dag.py:3823} INFO - Setting next_dagrun for example_branch_dop_operator_v3 to 2025-01-20 11:24:00+00:00, run_after=2025-01-20 11:25:00+00:00
[2025-01-20T11:25:39.224+0000] {processor.py:183} INFO - Processing /home/airflow/.local/lib/python3.8/site-packages/airflow/example_dags/example_branch_python_dop_operator_3.py took 0.169 seconds
[2025-01-20T11:26:09.857+0000] {processor.py:161} INFO - Started process (PID=1162) to work on /home/airflow/.local/lib/python3.8/site-packages/airflow/example_dags/example_branch_python_dop_operator_3.py
[2025-01-20T11:26:09.859+0000] {processor.py:830} INFO - Processing file /home/airflow/.local/lib/python3.8/site-packages/airflow/example_dags/example_branch_python_dop_operator_3.py for tasks to queue
[2025-01-20T11:26:09.865+0000] {logging_mixin.py:188} INFO - [2025-01-20T11:26:09.864+0000] {dagbag.py:538} INFO - Filling up the DagBag from /home/airflow/.local/lib/python3.8/site-packages/airflow/example_dags/example_branch_python_dop_operator_3.py
[2025-01-20T11:26:09.895+0000] {processor.py:840} INFO - DAG(s) 'example_branch_dop_operator_v3' retrieved from /home/airflow/.local/lib/python3.8/site-packages/airflow/example_dags/example_branch_python_dop_operator_3.py
[2025-01-20T11:26:09.961+0000] {logging_mixin.py:188} INFO - [2025-01-20T11:26:09.960+0000] {dag.py:3036} INFO - Sync 1 DAGs
[2025-01-20T11:26:10.029+0000] {logging_mixin.py:188} INFO - [2025-01-20T11:26:10.029+0000] {dag.py:3823} INFO - Setting next_dagrun for example_branch_dop_operator_v3 to 2025-01-20 11:25:00+00:00, run_after=2025-01-20 11:26:00+00:00
[2025-01-20T11:26:10.074+0000] {processor.py:183} INFO - Processing /home/airflow/.local/lib/python3.8/site-packages/airflow/example_dags/example_branch_python_dop_operator_3.py took 0.226 seconds
[2025-01-20T11:26:40.302+0000] {processor.py:161} INFO - Started process (PID=1217) to work on /home/airflow/.local/lib/python3.8/site-packages/airflow/example_dags/example_branch_python_dop_operator_3.py
[2025-01-20T11:26:40.304+0000] {processor.py:830} INFO - Processing file /home/airflow/.local/lib/python3.8/site-packages/airflow/example_dags/example_branch_python_dop_operator_3.py for tasks to queue
[2025-01-20T11:26:40.307+0000] {logging_mixin.py:188} INFO - [2025-01-20T11:26:40.307+0000] {dagbag.py:538} INFO - Filling up the DagBag from /home/airflow/.local/lib/python3.8/site-packages/airflow/example_dags/example_branch_python_dop_operator_3.py
[2025-01-20T11:26:40.325+0000] {processor.py:840} INFO - DAG(s) 'example_branch_dop_operator_v3' retrieved from /home/airflow/.local/lib/python3.8/site-packages/airflow/example_dags/example_branch_python_dop_operator_3.py
[2025-01-20T11:26:40.367+0000] {logging_mixin.py:188} INFO - [2025-01-20T11:26:40.367+0000] {dag.py:3036} INFO - Sync 1 DAGs
[2025-01-20T11:26:40.421+0000] {logging_mixin.py:188} INFO - [2025-01-20T11:26:40.420+0000] {dag.py:3823} INFO - Setting next_dagrun for example_branch_dop_operator_v3 to 2025-01-20 11:25:00+00:00, run_after=2025-01-20 11:26:00+00:00
[2025-01-20T11:26:40.459+0000] {processor.py:183} INFO - Processing /home/airflow/.local/lib/python3.8/site-packages/airflow/example_dags/example_branch_python_dop_operator_3.py took 0.162 seconds
[2025-01-20T11:27:10.638+0000] {processor.py:161} INFO - Started process (PID=1272) to work on /home/airflow/.local/lib/python3.8/site-packages/airflow/example_dags/example_branch_python_dop_operator_3.py
[2025-01-20T11:27:10.645+0000] {processor.py:830} INFO - Processing file /home/airflow/.local/lib/python3.8/site-packages/airflow/example_dags/example_branch_python_dop_operator_3.py for tasks to queue
[2025-01-20T11:27:10.651+0000] {logging_mixin.py:188} INFO - [2025-01-20T11:27:10.651+0000] {dagbag.py:538} INFO - Filling up the DagBag from /home/airflow/.local/lib/python3.8/site-packages/airflow/example_dags/example_branch_python_dop_operator_3.py
[2025-01-20T11:27:10.689+0000] {processor.py:840} INFO - DAG(s) 'example_branch_dop_operator_v3' retrieved from /home/airflow/.local/lib/python3.8/site-packages/airflow/example_dags/example_branch_python_dop_operator_3.py
[2025-01-20T11:27:10.759+0000] {logging_mixin.py:188} INFO - [2025-01-20T11:27:10.759+0000] {dag.py:3036} INFO - Sync 1 DAGs
[2025-01-20T11:27:10.862+0000] {logging_mixin.py:188} INFO - [2025-01-20T11:27:10.861+0000] {dag.py:3823} INFO - Setting next_dagrun for example_branch_dop_operator_v3 to 2025-01-20 11:26:00+00:00, run_after=2025-01-20 11:27:00+00:00
[2025-01-20T11:27:10.938+0000] {processor.py:183} INFO - Processing /home/airflow/.local/lib/python3.8/site-packages/airflow/example_dags/example_branch_python_dop_operator_3.py took 0.310 seconds
[2025-01-20T11:27:42.008+0000] {processor.py:161} INFO - Started process (PID=1327) to work on /home/airflow/.local/lib/python3.8/site-packages/airflow/example_dags/example_branch_python_dop_operator_3.py
[2025-01-20T11:27:42.018+0000] {processor.py:830} INFO - Processing file /home/airflow/.local/lib/python3.8/site-packages/airflow/example_dags/example_branch_python_dop_operator_3.py for tasks to queue
[2025-01-20T11:27:42.028+0000] {logging_mixin.py:188} INFO - [2025-01-20T11:27:42.027+0000] {dagbag.py:538} INFO - Filling up the DagBag from /home/airflow/.local/lib/python3.8/site-packages/airflow/example_dags/example_branch_python_dop_operator_3.py
[2025-01-20T11:27:42.083+0000] {processor.py:840} INFO - DAG(s) 'example_branch_dop_operator_v3' retrieved from /home/airflow/.local/lib/python3.8/site-packages/airflow/example_dags/example_branch_python_dop_operator_3.py
[2025-01-20T11:27:42.179+0000] {logging_mixin.py:188} INFO - [2025-01-20T11:27:42.179+0000] {dag.py:3036} INFO - Sync 1 DAGs
[2025-01-20T11:27:42.342+0000] {logging_mixin.py:188} INFO - [2025-01-20T11:27:42.341+0000] {dag.py:3823} INFO - Setting next_dagrun for example_branch_dop_operator_v3 to 2025-01-20 11:26:00+00:00, run_after=2025-01-20 11:27:00+00:00
[2025-01-20T11:27:42.426+0000] {processor.py:183} INFO - Processing /home/airflow/.local/lib/python3.8/site-packages/airflow/example_dags/example_branch_python_dop_operator_3.py took 0.439 seconds
[2025-01-20T11:28:13.143+0000] {processor.py:161} INFO - Started process (PID=1382) to work on /home/airflow/.local/lib/python3.8/site-packages/airflow/example_dags/example_branch_python_dop_operator_3.py
[2025-01-20T11:28:13.145+0000] {processor.py:830} INFO - Processing file /home/airflow/.local/lib/python3.8/site-packages/airflow/example_dags/example_branch_python_dop_operator_3.py for tasks to queue
[2025-01-20T11:28:13.148+0000] {logging_mixin.py:188} INFO - [2025-01-20T11:28:13.148+0000] {dagbag.py:538} INFO - Filling up the DagBag from /home/airflow/.local/lib/python3.8/site-packages/airflow/example_dags/example_branch_python_dop_operator_3.py
[2025-01-20T11:28:13.162+0000] {processor.py:840} INFO - DAG(s) 'example_branch_dop_operator_v3' retrieved from /home/airflow/.local/lib/python3.8/site-packages/airflow/example_dags/example_branch_python_dop_operator_3.py
[2025-01-20T11:28:13.195+0000] {logging_mixin.py:188} INFO - [2025-01-20T11:28:13.195+0000] {dag.py:3036} INFO - Sync 1 DAGs
[2025-01-20T11:28:13.241+0000] {logging_mixin.py:188} INFO - [2025-01-20T11:28:13.241+0000] {dag.py:3823} INFO - Setting next_dagrun for example_branch_dop_operator_v3 to 2025-01-20 11:27:00+00:00, run_after=2025-01-20 11:28:00+00:00
[2025-01-20T11:28:13.277+0000] {processor.py:183} INFO - Processing /home/airflow/.local/lib/python3.8/site-packages/airflow/example_dags/example_branch_python_dop_operator_3.py took 0.138 seconds
[2025-01-20T11:28:43.399+0000] {processor.py:161} INFO - Started process (PID=1437) to work on /home/airflow/.local/lib/python3.8/site-packages/airflow/example_dags/example_branch_python_dop_operator_3.py
[2025-01-20T11:28:43.401+0000] {processor.py:830} INFO - Processing file /home/airflow/.local/lib/python3.8/site-packages/airflow/example_dags/example_branch_python_dop_operator_3.py for tasks to queue
[2025-01-20T11:28:43.404+0000] {logging_mixin.py:188} INFO - [2025-01-20T11:28:43.403+0000] {dagbag.py:538} INFO - Filling up the DagBag from /home/airflow/.local/lib/python3.8/site-packages/airflow/example_dags/example_branch_python_dop_operator_3.py
[2025-01-20T11:28:43.418+0000] {processor.py:840} INFO - DAG(s) 'example_branch_dop_operator_v3' retrieved from /home/airflow/.local/lib/python3.8/site-packages/airflow/example_dags/example_branch_python_dop_operator_3.py
[2025-01-20T11:28:43.449+0000] {logging_mixin.py:188} INFO - [2025-01-20T11:28:43.449+0000] {dag.py:3036} INFO - Sync 1 DAGs
[2025-01-20T11:28:43.496+0000] {logging_mixin.py:188} INFO - [2025-01-20T11:28:43.496+0000] {dag.py:3823} INFO - Setting next_dagrun for example_branch_dop_operator_v3 to 2025-01-20 11:27:00+00:00, run_after=2025-01-20 11:28:00+00:00
[2025-01-20T11:28:43.532+0000] {processor.py:183} INFO - Processing /home/airflow/.local/lib/python3.8/site-packages/airflow/example_dags/example_branch_python_dop_operator_3.py took 0.137 seconds
[2025-01-20T11:29:14.332+0000] {processor.py:161} INFO - Started process (PID=1492) to work on /home/airflow/.local/lib/python3.8/site-packages/airflow/example_dags/example_branch_python_dop_operator_3.py
[2025-01-20T11:29:14.334+0000] {processor.py:830} INFO - Processing file /home/airflow/.local/lib/python3.8/site-packages/airflow/example_dags/example_branch_python_dop_operator_3.py for tasks to queue
[2025-01-20T11:29:14.336+0000] {logging_mixin.py:188} INFO - [2025-01-20T11:29:14.336+0000] {dagbag.py:538} INFO - Filling up the DagBag from /home/airflow/.local/lib/python3.8/site-packages/airflow/example_dags/example_branch_python_dop_operator_3.py
[2025-01-20T11:29:14.352+0000] {processor.py:840} INFO - DAG(s) 'example_branch_dop_operator_v3' retrieved from /home/airflow/.local/lib/python3.8/site-packages/airflow/example_dags/example_branch_python_dop_operator_3.py
[2025-01-20T11:29:14.387+0000] {logging_mixin.py:188} INFO - [2025-01-20T11:29:14.386+0000] {dag.py:3036} INFO - Sync 1 DAGs
[2025-01-20T11:29:14.432+0000] {logging_mixin.py:188} INFO - [2025-01-20T11:29:14.432+0000] {dag.py:3823} INFO - Setting next_dagrun for example_branch_dop_operator_v3 to 2025-01-20 11:28:00+00:00, run_after=2025-01-20 11:29:00+00:00
[2025-01-20T11:29:14.474+0000] {processor.py:183} INFO - Processing /home/airflow/.local/lib/python3.8/site-packages/airflow/example_dags/example_branch_python_dop_operator_3.py took 0.146 seconds
[2025-01-20T11:29:44.625+0000] {processor.py:161} INFO - Started process (PID=1548) to work on /home/airflow/.local/lib/python3.8/site-packages/airflow/example_dags/example_branch_python_dop_operator_3.py
[2025-01-20T11:29:44.629+0000] {processor.py:830} INFO - Processing file /home/airflow/.local/lib/python3.8/site-packages/airflow/example_dags/example_branch_python_dop_operator_3.py for tasks to queue
[2025-01-20T11:29:44.634+0000] {logging_mixin.py:188} INFO - [2025-01-20T11:29:44.633+0000] {dagbag.py:538} INFO - Filling up the DagBag from /home/airflow/.local/lib/python3.8/site-packages/airflow/example_dags/example_branch_python_dop_operator_3.py
[2025-01-20T11:29:44.657+0000] {processor.py:840} INFO - DAG(s) 'example_branch_dop_operator_v3' retrieved from /home/airflow/.local/lib/python3.8/site-packages/airflow/example_dags/example_branch_python_dop_operator_3.py
[2025-01-20T11:29:44.747+0000] {logging_mixin.py:188} INFO - [2025-01-20T11:29:44.745+0000] {dag.py:3036} INFO - Sync 1 DAGs
[2025-01-20T11:29:44.850+0000] {logging_mixin.py:188} INFO - [2025-01-20T11:29:44.849+0000] {dag.py:3823} INFO - Setting next_dagrun for example_branch_dop_operator_v3 to 2025-01-20 11:28:00+00:00, run_after=2025-01-20 11:29:00+00:00
[2025-01-20T11:29:44.901+0000] {processor.py:183} INFO - Processing /home/airflow/.local/lib/python3.8/site-packages/airflow/example_dags/example_branch_python_dop_operator_3.py took 0.283 seconds
[2025-01-20T11:30:15.308+0000] {processor.py:161} INFO - Started process (PID=1602) to work on /home/airflow/.local/lib/python3.8/site-packages/airflow/example_dags/example_branch_python_dop_operator_3.py
[2025-01-20T11:30:15.311+0000] {processor.py:830} INFO - Processing file /home/airflow/.local/lib/python3.8/site-packages/airflow/example_dags/example_branch_python_dop_operator_3.py for tasks to queue
[2025-01-20T11:30:15.316+0000] {logging_mixin.py:188} INFO - [2025-01-20T11:30:15.315+0000] {dagbag.py:538} INFO - Filling up the DagBag from /home/airflow/.local/lib/python3.8/site-packages/airflow/example_dags/example_branch_python_dop_operator_3.py
[2025-01-20T11:30:15.343+0000] {processor.py:840} INFO - DAG(s) 'example_branch_dop_operator_v3' retrieved from /home/airflow/.local/lib/python3.8/site-packages/airflow/example_dags/example_branch_python_dop_operator_3.py
[2025-01-20T11:30:15.403+0000] {logging_mixin.py:188} INFO - [2025-01-20T11:30:15.403+0000] {dag.py:3036} INFO - Sync 1 DAGs
[2025-01-20T11:30:15.464+0000] {logging_mixin.py:188} INFO - [2025-01-20T11:30:15.463+0000] {dag.py:3823} INFO - Setting next_dagrun for example_branch_dop_operator_v3 to 2025-01-20 11:29:00+00:00, run_after=2025-01-20 11:30:00+00:00
[2025-01-20T11:30:15.494+0000] {processor.py:183} INFO - Processing /home/airflow/.local/lib/python3.8/site-packages/airflow/example_dags/example_branch_python_dop_operator_3.py took 0.196 seconds
[2025-01-20T11:30:46.351+0000] {processor.py:161} INFO - Started process (PID=1657) to work on /home/airflow/.local/lib/python3.8/site-packages/airflow/example_dags/example_branch_python_dop_operator_3.py
[2025-01-20T11:30:46.352+0000] {processor.py:830} INFO - Processing file /home/airflow/.local/lib/python3.8/site-packages/airflow/example_dags/example_branch_python_dop_operator_3.py for tasks to queue
[2025-01-20T11:30:46.355+0000] {logging_mixin.py:188} INFO - [2025-01-20T11:30:46.355+0000] {dagbag.py:538} INFO - Filling up the DagBag from /home/airflow/.local/lib/python3.8/site-packages/airflow/example_dags/example_branch_python_dop_operator_3.py
[2025-01-20T11:30:46.370+0000] {processor.py:840} INFO - DAG(s) 'example_branch_dop_operator_v3' retrieved from /home/airflow/.local/lib/python3.8/site-packages/airflow/example_dags/example_branch_python_dop_operator_3.py
[2025-01-20T11:30:46.402+0000] {logging_mixin.py:188} INFO - [2025-01-20T11:30:46.402+0000] {dag.py:3036} INFO - Sync 1 DAGs
[2025-01-20T11:30:46.449+0000] {logging_mixin.py:188} INFO - [2025-01-20T11:30:46.449+0000] {dag.py:3823} INFO - Setting next_dagrun for example_branch_dop_operator_v3 to 2025-01-20 11:29:00+00:00, run_after=2025-01-20 11:30:00+00:00
[2025-01-20T11:30:46.484+0000] {processor.py:183} INFO - Processing /home/airflow/.local/lib/python3.8/site-packages/airflow/example_dags/example_branch_python_dop_operator_3.py took 0.138 seconds
[2025-01-20T11:31:17.160+0000] {processor.py:161} INFO - Started process (PID=1712) to work on /home/airflow/.local/lib/python3.8/site-packages/airflow/example_dags/example_branch_python_dop_operator_3.py
[2025-01-20T11:31:17.163+0000] {processor.py:830} INFO - Processing file /home/airflow/.local/lib/python3.8/site-packages/airflow/example_dags/example_branch_python_dop_operator_3.py for tasks to queue
[2025-01-20T11:31:17.167+0000] {logging_mixin.py:188} INFO - [2025-01-20T11:31:17.167+0000] {dagbag.py:538} INFO - Filling up the DagBag from /home/airflow/.local/lib/python3.8/site-packages/airflow/example_dags/example_branch_python_dop_operator_3.py
[2025-01-20T11:31:17.186+0000] {processor.py:840} INFO - DAG(s) 'example_branch_dop_operator_v3' retrieved from /home/airflow/.local/lib/python3.8/site-packages/airflow/example_dags/example_branch_python_dop_operator_3.py
[2025-01-20T11:31:17.231+0000] {logging_mixin.py:188} INFO - [2025-01-20T11:31:17.230+0000] {dag.py:3036} INFO - Sync 1 DAGs
[2025-01-20T11:31:17.300+0000] {logging_mixin.py:188} INFO - [2025-01-20T11:31:17.299+0000] {dag.py:3823} INFO - Setting next_dagrun for example_branch_dop_operator_v3 to 2025-01-20 11:30:00+00:00, run_after=2025-01-20 11:31:00+00:00
[2025-01-20T11:31:17.346+0000] {processor.py:183} INFO - Processing /home/airflow/.local/lib/python3.8/site-packages/airflow/example_dags/example_branch_python_dop_operator_3.py took 0.192 seconds
[2025-01-20T11:31:47.896+0000] {processor.py:161} INFO - Started process (PID=1767) to work on /home/airflow/.local/lib/python3.8/site-packages/airflow/example_dags/example_branch_python_dop_operator_3.py
[2025-01-20T11:31:47.898+0000] {processor.py:830} INFO - Processing file /home/airflow/.local/lib/python3.8/site-packages/airflow/example_dags/example_branch_python_dop_operator_3.py for tasks to queue
[2025-01-20T11:31:47.901+0000] {logging_mixin.py:188} INFO - [2025-01-20T11:31:47.901+0000] {dagbag.py:538} INFO - Filling up the DagBag from /home/airflow/.local/lib/python3.8/site-packages/airflow/example_dags/example_branch_python_dop_operator_3.py
[2025-01-20T11:31:47.916+0000] {processor.py:840} INFO - DAG(s) 'example_branch_dop_operator_v3' retrieved from /home/airflow/.local/lib/python3.8/site-packages/airflow/example_dags/example_branch_python_dop_operator_3.py
[2025-01-20T11:31:47.950+0000] {logging_mixin.py:188} INFO - [2025-01-20T11:31:47.950+0000] {dag.py:3036} INFO - Sync 1 DAGs
[2025-01-20T11:31:47.994+0000] {logging_mixin.py:188} INFO - [2025-01-20T11:31:47.993+0000] {dag.py:3823} INFO - Setting next_dagrun for example_branch_dop_operator_v3 to 2025-01-20 11:30:00+00:00, run_after=2025-01-20 11:31:00+00:00
[2025-01-20T11:31:48.029+0000] {processor.py:183} INFO - Processing /home/airflow/.local/lib/python3.8/site-packages/airflow/example_dags/example_branch_python_dop_operator_3.py took 0.137 seconds
[2025-01-20T11:32:18.259+0000] {processor.py:161} INFO - Started process (PID=1822) to work on /home/airflow/.local/lib/python3.8/site-packages/airflow/example_dags/example_branch_python_dop_operator_3.py
[2025-01-20T11:32:18.261+0000] {processor.py:830} INFO - Processing file /home/airflow/.local/lib/python3.8/site-packages/airflow/example_dags/example_branch_python_dop_operator_3.py for tasks to queue
[2025-01-20T11:32:18.264+0000] {logging_mixin.py:188} INFO - [2025-01-20T11:32:18.264+0000] {dagbag.py:538} INFO - Filling up the DagBag from /home/airflow/.local/lib/python3.8/site-packages/airflow/example_dags/example_branch_python_dop_operator_3.py
[2025-01-20T11:32:18.280+0000] {processor.py:840} INFO - DAG(s) 'example_branch_dop_operator_v3' retrieved from /home/airflow/.local/lib/python3.8/site-packages/airflow/example_dags/example_branch_python_dop_operator_3.py
[2025-01-20T11:32:18.315+0000] {logging_mixin.py:188} INFO - [2025-01-20T11:32:18.315+0000] {dag.py:3036} INFO - Sync 1 DAGs
[2025-01-20T11:32:18.366+0000] {logging_mixin.py:188} INFO - [2025-01-20T11:32:18.366+0000] {dag.py:3823} INFO - Setting next_dagrun for example_branch_dop_operator_v3 to 2025-01-20 11:31:00+00:00, run_after=2025-01-20 11:32:00+00:00
[2025-01-20T11:32:18.405+0000] {processor.py:183} INFO - Processing /home/airflow/.local/lib/python3.8/site-packages/airflow/example_dags/example_branch_python_dop_operator_3.py took 0.150 seconds
[2025-01-20T11:32:48.605+0000] {processor.py:161} INFO - Started process (PID=1877) to work on /home/airflow/.local/lib/python3.8/site-packages/airflow/example_dags/example_branch_python_dop_operator_3.py
[2025-01-20T11:32:48.606+0000] {processor.py:830} INFO - Processing file /home/airflow/.local/lib/python3.8/site-packages/airflow/example_dags/example_branch_python_dop_operator_3.py for tasks to queue
[2025-01-20T11:32:48.609+0000] {logging_mixin.py:188} INFO - [2025-01-20T11:32:48.609+0000] {dagbag.py:538} INFO - Filling up the DagBag from /home/airflow/.local/lib/python3.8/site-packages/airflow/example_dags/example_branch_python_dop_operator_3.py
[2025-01-20T11:32:48.629+0000] {processor.py:840} INFO - DAG(s) 'example_branch_dop_operator_v3' retrieved from /home/airflow/.local/lib/python3.8/site-packages/airflow/example_dags/example_branch_python_dop_operator_3.py
[2025-01-20T11:32:48.668+0000] {logging_mixin.py:188} INFO - [2025-01-20T11:32:48.667+0000] {dag.py:3036} INFO - Sync 1 DAGs
[2025-01-20T11:32:48.719+0000] {logging_mixin.py:188} INFO - [2025-01-20T11:32:48.718+0000] {dag.py:3823} INFO - Setting next_dagrun for example_branch_dop_operator_v3 to 2025-01-20 11:31:00+00:00, run_after=2025-01-20 11:32:00+00:00
[2025-01-20T11:32:48.748+0000] {processor.py:183} INFO - Processing /home/airflow/.local/lib/python3.8/site-packages/airflow/example_dags/example_branch_python_dop_operator_3.py took 0.147 seconds
[2025-01-20T11:33:19.635+0000] {processor.py:161} INFO - Started process (PID=1932) to work on /home/airflow/.local/lib/python3.8/site-packages/airflow/example_dags/example_branch_python_dop_operator_3.py
[2025-01-20T11:33:19.637+0000] {processor.py:830} INFO - Processing file /home/airflow/.local/lib/python3.8/site-packages/airflow/example_dags/example_branch_python_dop_operator_3.py for tasks to queue
[2025-01-20T11:33:19.639+0000] {logging_mixin.py:188} INFO - [2025-01-20T11:33:19.639+0000] {dagbag.py:538} INFO - Filling up the DagBag from /home/airflow/.local/lib/python3.8/site-packages/airflow/example_dags/example_branch_python_dop_operator_3.py
[2025-01-20T11:33:19.654+0000] {processor.py:840} INFO - DAG(s) 'example_branch_dop_operator_v3' retrieved from /home/airflow/.local/lib/python3.8/site-packages/airflow/example_dags/example_branch_python_dop_operator_3.py
[2025-01-20T11:33:19.689+0000] {logging_mixin.py:188} INFO - [2025-01-20T11:33:19.688+0000] {dag.py:3036} INFO - Sync 1 DAGs
[2025-01-20T11:33:19.740+0000] {logging_mixin.py:188} INFO - [2025-01-20T11:33:19.740+0000] {dag.py:3823} INFO - Setting next_dagrun for example_branch_dop_operator_v3 to 2025-01-20 11:32:00+00:00, run_after=2025-01-20 11:33:00+00:00
[2025-01-20T11:33:19.780+0000] {processor.py:183} INFO - Processing /home/airflow/.local/lib/python3.8/site-packages/airflow/example_dags/example_branch_python_dop_operator_3.py took 0.149 seconds
[2025-01-20T11:33:50.356+0000] {processor.py:161} INFO - Started process (PID=1987) to work on /home/airflow/.local/lib/python3.8/site-packages/airflow/example_dags/example_branch_python_dop_operator_3.py
[2025-01-20T11:33:50.358+0000] {processor.py:830} INFO - Processing file /home/airflow/.local/lib/python3.8/site-packages/airflow/example_dags/example_branch_python_dop_operator_3.py for tasks to queue
[2025-01-20T11:33:50.362+0000] {logging_mixin.py:188} INFO - [2025-01-20T11:33:50.362+0000] {dagbag.py:538} INFO - Filling up the DagBag from /home/airflow/.local/lib/python3.8/site-packages/airflow/example_dags/example_branch_python_dop_operator_3.py
[2025-01-20T11:33:50.380+0000] {processor.py:840} INFO - DAG(s) 'example_branch_dop_operator_v3' retrieved from /home/airflow/.local/lib/python3.8/site-packages/airflow/example_dags/example_branch_python_dop_operator_3.py
[2025-01-20T11:33:50.429+0000] {logging_mixin.py:188} INFO - [2025-01-20T11:33:50.428+0000] {dag.py:3036} INFO - Sync 1 DAGs
[2025-01-20T11:33:50.489+0000] {logging_mixin.py:188} INFO - [2025-01-20T11:33:50.489+0000] {dag.py:3823} INFO - Setting next_dagrun for example_branch_dop_operator_v3 to 2025-01-20 11:32:00+00:00, run_after=2025-01-20 11:33:00+00:00
[2025-01-20T11:33:50.530+0000] {processor.py:183} INFO - Processing /home/airflow/.local/lib/python3.8/site-packages/airflow/example_dags/example_branch_python_dop_operator_3.py took 0.182 seconds
[2025-01-20T11:34:20.831+0000] {processor.py:161} INFO - Started process (PID=2042) to work on /home/airflow/.local/lib/python3.8/site-packages/airflow/example_dags/example_branch_python_dop_operator_3.py
[2025-01-20T11:34:20.833+0000] {processor.py:830} INFO - Processing file /home/airflow/.local/lib/python3.8/site-packages/airflow/example_dags/example_branch_python_dop_operator_3.py for tasks to queue
[2025-01-20T11:34:20.835+0000] {logging_mixin.py:188} INFO - [2025-01-20T11:34:20.835+0000] {dagbag.py:538} INFO - Filling up the DagBag from /home/airflow/.local/lib/python3.8/site-packages/airflow/example_dags/example_branch_python_dop_operator_3.py
[2025-01-20T11:34:20.850+0000] {processor.py:840} INFO - DAG(s) 'example_branch_dop_operator_v3' retrieved from /home/airflow/.local/lib/python3.8/site-packages/airflow/example_dags/example_branch_python_dop_operator_3.py
[2025-01-20T11:34:20.884+0000] {logging_mixin.py:188} INFO - [2025-01-20T11:34:20.883+0000] {dag.py:3036} INFO - Sync 1 DAGs
[2025-01-20T11:34:20.934+0000] {logging_mixin.py:188} INFO - [2025-01-20T11:34:20.934+0000] {dag.py:3823} INFO - Setting next_dagrun for example_branch_dop_operator_v3 to 2025-01-20 11:33:00+00:00, run_after=2025-01-20 11:34:00+00:00
[2025-01-20T11:34:20.969+0000] {processor.py:183} INFO - Processing /home/airflow/.local/lib/python3.8/site-packages/airflow/example_dags/example_branch_python_dop_operator_3.py took 0.143 seconds
[2025-01-20T11:34:51.533+0000] {processor.py:161} INFO - Started process (PID=2095) to work on /home/airflow/.local/lib/python3.8/site-packages/airflow/example_dags/example_branch_python_dop_operator_3.py
[2025-01-20T11:34:51.535+0000] {processor.py:830} INFO - Processing file /home/airflow/.local/lib/python3.8/site-packages/airflow/example_dags/example_branch_python_dop_operator_3.py for tasks to queue
[2025-01-20T11:34:51.537+0000] {logging_mixin.py:188} INFO - [2025-01-20T11:34:51.537+0000] {dagbag.py:538} INFO - Filling up the DagBag from /home/airflow/.local/lib/python3.8/site-packages/airflow/example_dags/example_branch_python_dop_operator_3.py
[2025-01-20T11:34:51.551+0000] {processor.py:840} INFO - DAG(s) 'example_branch_dop_operator_v3' retrieved from /home/airflow/.local/lib/python3.8/site-packages/airflow/example_dags/example_branch_python_dop_operator_3.py
[2025-01-20T11:34:51.586+0000] {logging_mixin.py:188} INFO - [2025-01-20T11:34:51.585+0000] {dag.py:3036} INFO - Sync 1 DAGs
[2025-01-20T11:34:51.633+0000] {logging_mixin.py:188} INFO - [2025-01-20T11:34:51.633+0000] {dag.py:3823} INFO - Setting next_dagrun for example_branch_dop_operator_v3 to 2025-01-20 11:33:00+00:00, run_after=2025-01-20 11:34:00+00:00
[2025-01-20T11:34:51.665+0000] {processor.py:183} INFO - Processing /home/airflow/.local/lib/python3.8/site-packages/airflow/example_dags/example_branch_python_dop_operator_3.py took 0.136 seconds
[2025-01-20T11:35:22.537+0000] {processor.py:161} INFO - Started process (PID=2150) to work on /home/airflow/.local/lib/python3.8/site-packages/airflow/example_dags/example_branch_python_dop_operator_3.py
[2025-01-20T11:35:22.540+0000] {processor.py:830} INFO - Processing file /home/airflow/.local/lib/python3.8/site-packages/airflow/example_dags/example_branch_python_dop_operator_3.py for tasks to queue
[2025-01-20T11:35:22.546+0000] {logging_mixin.py:188} INFO - [2025-01-20T11:35:22.545+0000] {dagbag.py:538} INFO - Filling up the DagBag from /home/airflow/.local/lib/python3.8/site-packages/airflow/example_dags/example_branch_python_dop_operator_3.py
[2025-01-20T11:35:22.592+0000] {processor.py:840} INFO - DAG(s) 'example_branch_dop_operator_v3' retrieved from /home/airflow/.local/lib/python3.8/site-packages/airflow/example_dags/example_branch_python_dop_operator_3.py
[2025-01-20T11:35:22.709+0000] {logging_mixin.py:188} INFO - [2025-01-20T11:35:22.707+0000] {dag.py:3036} INFO - Sync 1 DAGs
[2025-01-20T11:35:22.823+0000] {logging_mixin.py:188} INFO - [2025-01-20T11:35:22.820+0000] {dag.py:3823} INFO - Setting next_dagrun for example_branch_dop_operator_v3 to 2025-01-20 11:34:00+00:00, run_after=2025-01-20 11:35:00+00:00
[2025-01-20T11:35:22.893+0000] {processor.py:183} INFO - Processing /home/airflow/.local/lib/python3.8/site-packages/airflow/example_dags/example_branch_python_dop_operator_3.py took 0.368 seconds
[2025-01-20T11:35:52.964+0000] {processor.py:161} INFO - Started process (PID=2205) to work on /home/airflow/.local/lib/python3.8/site-packages/airflow/example_dags/example_branch_python_dop_operator_3.py
[2025-01-20T11:35:52.966+0000] {processor.py:830} INFO - Processing file /home/airflow/.local/lib/python3.8/site-packages/airflow/example_dags/example_branch_python_dop_operator_3.py for tasks to queue
[2025-01-20T11:35:52.970+0000] {logging_mixin.py:188} INFO - [2025-01-20T11:35:52.969+0000] {dagbag.py:538} INFO - Filling up the DagBag from /home/airflow/.local/lib/python3.8/site-packages/airflow/example_dags/example_branch_python_dop_operator_3.py
[2025-01-20T11:35:52.987+0000] {processor.py:840} INFO - DAG(s) 'example_branch_dop_operator_v3' retrieved from /home/airflow/.local/lib/python3.8/site-packages/airflow/example_dags/example_branch_python_dop_operator_3.py
[2025-01-20T11:35:53.029+0000] {logging_mixin.py:188} INFO - [2025-01-20T11:35:53.028+0000] {dag.py:3036} INFO - Sync 1 DAGs
[2025-01-20T11:35:53.086+0000] {logging_mixin.py:188} INFO - [2025-01-20T11:35:53.086+0000] {dag.py:3823} INFO - Setting next_dagrun for example_branch_dop_operator_v3 to 2025-01-20 11:34:00+00:00, run_after=2025-01-20 11:35:00+00:00
[2025-01-20T11:35:53.128+0000] {processor.py:183} INFO - Processing /home/airflow/.local/lib/python3.8/site-packages/airflow/example_dags/example_branch_python_dop_operator_3.py took 0.169 seconds
[2025-01-20T11:36:23.704+0000] {processor.py:161} INFO - Started process (PID=2260) to work on /home/airflow/.local/lib/python3.8/site-packages/airflow/example_dags/example_branch_python_dop_operator_3.py
[2025-01-20T11:36:23.706+0000] {processor.py:830} INFO - Processing file /home/airflow/.local/lib/python3.8/site-packages/airflow/example_dags/example_branch_python_dop_operator_3.py for tasks to queue
[2025-01-20T11:36:23.710+0000] {logging_mixin.py:188} INFO - [2025-01-20T11:36:23.709+0000] {dagbag.py:538} INFO - Filling up the DagBag from /home/airflow/.local/lib/python3.8/site-packages/airflow/example_dags/example_branch_python_dop_operator_3.py
[2025-01-20T11:36:23.728+0000] {processor.py:840} INFO - DAG(s) 'example_branch_dop_operator_v3' retrieved from /home/airflow/.local/lib/python3.8/site-packages/airflow/example_dags/example_branch_python_dop_operator_3.py
[2025-01-20T11:36:23.781+0000] {logging_mixin.py:188} INFO - [2025-01-20T11:36:23.780+0000] {dag.py:3036} INFO - Sync 1 DAGs
[2025-01-20T11:36:23.856+0000] {logging_mixin.py:188} INFO - [2025-01-20T11:36:23.856+0000] {dag.py:3823} INFO - Setting next_dagrun for example_branch_dop_operator_v3 to 2025-01-20 11:35:00+00:00, run_after=2025-01-20 11:36:00+00:00
[2025-01-20T11:36:23.901+0000] {processor.py:183} INFO - Processing /home/airflow/.local/lib/python3.8/site-packages/airflow/example_dags/example_branch_python_dop_operator_3.py took 0.203 seconds
[2025-01-20T11:36:54.236+0000] {processor.py:161} INFO - Started process (PID=2315) to work on /home/airflow/.local/lib/python3.8/site-packages/airflow/example_dags/example_branch_python_dop_operator_3.py
[2025-01-20T11:36:54.238+0000] {processor.py:830} INFO - Processing file /home/airflow/.local/lib/python3.8/site-packages/airflow/example_dags/example_branch_python_dop_operator_3.py for tasks to queue
[2025-01-20T11:36:54.242+0000] {logging_mixin.py:188} INFO - [2025-01-20T11:36:54.242+0000] {dagbag.py:538} INFO - Filling up the DagBag from /home/airflow/.local/lib/python3.8/site-packages/airflow/example_dags/example_branch_python_dop_operator_3.py
[2025-01-20T11:36:54.265+0000] {processor.py:840} INFO - DAG(s) 'example_branch_dop_operator_v3' retrieved from /home/airflow/.local/lib/python3.8/site-packages/airflow/example_dags/example_branch_python_dop_operator_3.py
[2025-01-20T11:36:54.313+0000] {logging_mixin.py:188} INFO - [2025-01-20T11:36:54.312+0000] {dag.py:3036} INFO - Sync 1 DAGs
[2025-01-20T11:36:54.371+0000] {logging_mixin.py:188} INFO - [2025-01-20T11:36:54.371+0000] {dag.py:3823} INFO - Setting next_dagrun for example_branch_dop_operator_v3 to 2025-01-20 11:35:00+00:00, run_after=2025-01-20 11:36:00+00:00
[2025-01-20T11:36:54.414+0000] {processor.py:183} INFO - Processing /home/airflow/.local/lib/python3.8/site-packages/airflow/example_dags/example_branch_python_dop_operator_3.py took 0.185 seconds
