[2025-01-20T11:16:22.544+0000] {processor.py:161} INFO - Started process (PID=93) to work on /home/airflow/.local/lib/python3.8/site-packages/airflow/example_dags/example_task_group.py
[2025-01-20T11:16:22.545+0000] {processor.py:830} INFO - Processing file /home/airflow/.local/lib/python3.8/site-packages/airflow/example_dags/example_task_group.py for tasks to queue
[2025-01-20T11:16:22.548+0000] {logging_mixin.py:188} INFO - [2025-01-20T11:16:22.548+0000] {dagbag.py:538} INFO - Filling up the DagBag from /home/airflow/.local/lib/python3.8/site-packages/airflow/example_dags/example_task_group.py
[2025-01-20T11:16:22.585+0000] {processor.py:840} INFO - DAG(s) 'example_task_group' retrieved from /home/airflow/.local/lib/python3.8/site-packages/airflow/example_dags/example_task_group.py
[2025-01-20T11:16:22.773+0000] {logging_mixin.py:188} INFO - [2025-01-20T11:16:22.773+0000] {dag.py:3036} INFO - Sync 1 DAGs
[2025-01-20T11:16:22.808+0000] {logging_mixin.py:188} INFO - [2025-01-20T11:16:22.808+0000] {dag.py:3823} INFO - Setting next_dagrun for example_task_group to 2025-01-19 00:00:00+00:00, run_after=2025-01-20 00:00:00+00:00
[2025-01-20T11:16:22.901+0000] {processor.py:183} INFO - Processing /home/airflow/.local/lib/python3.8/site-packages/airflow/example_dags/example_task_group.py took 0.362 seconds
[2025-01-20T11:16:53.193+0000] {processor.py:161} INFO - Started process (PID=148) to work on /home/airflow/.local/lib/python3.8/site-packages/airflow/example_dags/example_task_group.py
[2025-01-20T11:16:53.195+0000] {processor.py:830} INFO - Processing file /home/airflow/.local/lib/python3.8/site-packages/airflow/example_dags/example_task_group.py for tasks to queue
[2025-01-20T11:16:53.198+0000] {logging_mixin.py:188} INFO - [2025-01-20T11:16:53.197+0000] {dagbag.py:538} INFO - Filling up the DagBag from /home/airflow/.local/lib/python3.8/site-packages/airflow/example_dags/example_task_group.py
[2025-01-20T11:16:53.211+0000] {processor.py:840} INFO - DAG(s) 'example_task_group' retrieved from /home/airflow/.local/lib/python3.8/site-packages/airflow/example_dags/example_task_group.py
[2025-01-20T11:16:53.248+0000] {logging_mixin.py:188} INFO - [2025-01-20T11:16:53.248+0000] {dag.py:3036} INFO - Sync 1 DAGs
[2025-01-20T11:16:53.287+0000] {logging_mixin.py:188} INFO - [2025-01-20T11:16:53.287+0000] {dag.py:3823} INFO - Setting next_dagrun for example_task_group to 2025-01-19 00:00:00+00:00, run_after=2025-01-20 00:00:00+00:00
[2025-01-20T11:16:53.330+0000] {processor.py:183} INFO - Processing /home/airflow/.local/lib/python3.8/site-packages/airflow/example_dags/example_task_group.py took 0.142 seconds
[2025-01-20T11:17:23.812+0000] {processor.py:161} INFO - Started process (PID=203) to work on /home/airflow/.local/lib/python3.8/site-packages/airflow/example_dags/example_task_group.py
[2025-01-20T11:17:23.813+0000] {processor.py:830} INFO - Processing file /home/airflow/.local/lib/python3.8/site-packages/airflow/example_dags/example_task_group.py for tasks to queue
[2025-01-20T11:17:23.817+0000] {logging_mixin.py:188} INFO - [2025-01-20T11:17:23.816+0000] {dagbag.py:538} INFO - Filling up the DagBag from /home/airflow/.local/lib/python3.8/site-packages/airflow/example_dags/example_task_group.py
[2025-01-20T11:17:23.829+0000] {processor.py:840} INFO - DAG(s) 'example_task_group' retrieved from /home/airflow/.local/lib/python3.8/site-packages/airflow/example_dags/example_task_group.py
[2025-01-20T11:17:23.867+0000] {logging_mixin.py:188} INFO - [2025-01-20T11:17:23.866+0000] {dag.py:3036} INFO - Sync 1 DAGs
[2025-01-20T11:17:23.905+0000] {logging_mixin.py:188} INFO - [2025-01-20T11:17:23.905+0000] {dag.py:3823} INFO - Setting next_dagrun for example_task_group to 2025-01-19 00:00:00+00:00, run_after=2025-01-20 00:00:00+00:00
[2025-01-20T11:17:23.935+0000] {processor.py:183} INFO - Processing /home/airflow/.local/lib/python3.8/site-packages/airflow/example_dags/example_task_group.py took 0.128 seconds
[2025-01-20T11:17:54.538+0000] {processor.py:161} INFO - Started process (PID=258) to work on /home/airflow/.local/lib/python3.8/site-packages/airflow/example_dags/example_task_group.py
[2025-01-20T11:17:54.540+0000] {processor.py:830} INFO - Processing file /home/airflow/.local/lib/python3.8/site-packages/airflow/example_dags/example_task_group.py for tasks to queue
[2025-01-20T11:17:54.547+0000] {logging_mixin.py:188} INFO - [2025-01-20T11:17:54.546+0000] {dagbag.py:538} INFO - Filling up the DagBag from /home/airflow/.local/lib/python3.8/site-packages/airflow/example_dags/example_task_group.py
[2025-01-20T11:17:54.572+0000] {processor.py:840} INFO - DAG(s) 'example_task_group' retrieved from /home/airflow/.local/lib/python3.8/site-packages/airflow/example_dags/example_task_group.py
[2025-01-20T11:17:54.643+0000] {logging_mixin.py:188} INFO - [2025-01-20T11:17:54.642+0000] {dag.py:3036} INFO - Sync 1 DAGs
[2025-01-20T11:17:54.765+0000] {logging_mixin.py:188} INFO - [2025-01-20T11:17:54.764+0000] {dag.py:3823} INFO - Setting next_dagrun for example_task_group to 2025-01-19 00:00:00+00:00, run_after=2025-01-20 00:00:00+00:00
[2025-01-20T11:17:54.917+0000] {processor.py:183} INFO - Processing /home/airflow/.local/lib/python3.8/site-packages/airflow/example_dags/example_task_group.py took 0.387 seconds
[2025-01-20T11:18:25.145+0000] {processor.py:161} INFO - Started process (PID=313) to work on /home/airflow/.local/lib/python3.8/site-packages/airflow/example_dags/example_task_group.py
[2025-01-20T11:18:25.147+0000] {processor.py:830} INFO - Processing file /home/airflow/.local/lib/python3.8/site-packages/airflow/example_dags/example_task_group.py for tasks to queue
[2025-01-20T11:18:25.150+0000] {logging_mixin.py:188} INFO - [2025-01-20T11:18:25.149+0000] {dagbag.py:538} INFO - Filling up the DagBag from /home/airflow/.local/lib/python3.8/site-packages/airflow/example_dags/example_task_group.py
[2025-01-20T11:18:25.164+0000] {processor.py:840} INFO - DAG(s) 'example_task_group' retrieved from /home/airflow/.local/lib/python3.8/site-packages/airflow/example_dags/example_task_group.py
[2025-01-20T11:18:25.221+0000] {logging_mixin.py:188} INFO - [2025-01-20T11:18:25.220+0000] {dag.py:3036} INFO - Sync 1 DAGs
[2025-01-20T11:18:25.271+0000] {logging_mixin.py:188} INFO - [2025-01-20T11:18:25.271+0000] {dag.py:3823} INFO - Setting next_dagrun for example_task_group to 2025-01-19 00:00:00+00:00, run_after=2025-01-20 00:00:00+00:00
[2025-01-20T11:18:25.315+0000] {processor.py:183} INFO - Processing /home/airflow/.local/lib/python3.8/site-packages/airflow/example_dags/example_task_group.py took 0.176 seconds
[2025-01-20T11:18:55.985+0000] {processor.py:161} INFO - Started process (PID=368) to work on /home/airflow/.local/lib/python3.8/site-packages/airflow/example_dags/example_task_group.py
[2025-01-20T11:18:55.987+0000] {processor.py:830} INFO - Processing file /home/airflow/.local/lib/python3.8/site-packages/airflow/example_dags/example_task_group.py for tasks to queue
[2025-01-20T11:18:55.991+0000] {logging_mixin.py:188} INFO - [2025-01-20T11:18:55.990+0000] {dagbag.py:538} INFO - Filling up the DagBag from /home/airflow/.local/lib/python3.8/site-packages/airflow/example_dags/example_task_group.py
[2025-01-20T11:18:56.009+0000] {processor.py:840} INFO - DAG(s) 'example_task_group' retrieved from /home/airflow/.local/lib/python3.8/site-packages/airflow/example_dags/example_task_group.py
[2025-01-20T11:18:56.055+0000] {logging_mixin.py:188} INFO - [2025-01-20T11:18:56.054+0000] {dag.py:3036} INFO - Sync 1 DAGs
[2025-01-20T11:18:56.114+0000] {logging_mixin.py:188} INFO - [2025-01-20T11:18:56.114+0000] {dag.py:3823} INFO - Setting next_dagrun for example_task_group to 2025-01-19 00:00:00+00:00, run_after=2025-01-20 00:00:00+00:00
[2025-01-20T11:18:56.189+0000] {processor.py:183} INFO - Processing /home/airflow/.local/lib/python3.8/site-packages/airflow/example_dags/example_task_group.py took 0.210 seconds
[2025-01-20T11:19:26.258+0000] {processor.py:161} INFO - Started process (PID=423) to work on /home/airflow/.local/lib/python3.8/site-packages/airflow/example_dags/example_task_group.py
[2025-01-20T11:19:26.260+0000] {processor.py:830} INFO - Processing file /home/airflow/.local/lib/python3.8/site-packages/airflow/example_dags/example_task_group.py for tasks to queue
[2025-01-20T11:19:26.263+0000] {logging_mixin.py:188} INFO - [2025-01-20T11:19:26.262+0000] {dagbag.py:538} INFO - Filling up the DagBag from /home/airflow/.local/lib/python3.8/site-packages/airflow/example_dags/example_task_group.py
[2025-01-20T11:19:26.274+0000] {processor.py:840} INFO - DAG(s) 'example_task_group' retrieved from /home/airflow/.local/lib/python3.8/site-packages/airflow/example_dags/example_task_group.py
[2025-01-20T11:19:26.309+0000] {logging_mixin.py:188} INFO - [2025-01-20T11:19:26.309+0000] {dag.py:3036} INFO - Sync 1 DAGs
[2025-01-20T11:19:26.342+0000] {logging_mixin.py:188} INFO - [2025-01-20T11:19:26.341+0000] {dag.py:3823} INFO - Setting next_dagrun for example_task_group to 2025-01-19 00:00:00+00:00, run_after=2025-01-20 00:00:00+00:00
[2025-01-20T11:19:26.375+0000] {processor.py:183} INFO - Processing /home/airflow/.local/lib/python3.8/site-packages/airflow/example_dags/example_task_group.py took 0.122 seconds
[2025-01-20T11:19:56.556+0000] {processor.py:161} INFO - Started process (PID=478) to work on /home/airflow/.local/lib/python3.8/site-packages/airflow/example_dags/example_task_group.py
[2025-01-20T11:19:56.558+0000] {processor.py:830} INFO - Processing file /home/airflow/.local/lib/python3.8/site-packages/airflow/example_dags/example_task_group.py for tasks to queue
[2025-01-20T11:19:56.561+0000] {logging_mixin.py:188} INFO - [2025-01-20T11:19:56.561+0000] {dagbag.py:538} INFO - Filling up the DagBag from /home/airflow/.local/lib/python3.8/site-packages/airflow/example_dags/example_task_group.py
[2025-01-20T11:19:56.574+0000] {processor.py:840} INFO - DAG(s) 'example_task_group' retrieved from /home/airflow/.local/lib/python3.8/site-packages/airflow/example_dags/example_task_group.py
[2025-01-20T11:19:56.615+0000] {logging_mixin.py:188} INFO - [2025-01-20T11:19:56.615+0000] {dag.py:3036} INFO - Sync 1 DAGs
[2025-01-20T11:19:56.651+0000] {logging_mixin.py:188} INFO - [2025-01-20T11:19:56.651+0000] {dag.py:3823} INFO - Setting next_dagrun for example_task_group to 2025-01-19 00:00:00+00:00, run_after=2025-01-20 00:00:00+00:00
[2025-01-20T11:19:56.682+0000] {processor.py:183} INFO - Processing /home/airflow/.local/lib/python3.8/site-packages/airflow/example_dags/example_task_group.py took 0.131 seconds
[2025-01-20T11:20:27.012+0000] {processor.py:161} INFO - Started process (PID=533) to work on /home/airflow/.local/lib/python3.8/site-packages/airflow/example_dags/example_task_group.py
[2025-01-20T11:20:27.014+0000] {processor.py:830} INFO - Processing file /home/airflow/.local/lib/python3.8/site-packages/airflow/example_dags/example_task_group.py for tasks to queue
[2025-01-20T11:20:27.016+0000] {logging_mixin.py:188} INFO - [2025-01-20T11:20:27.016+0000] {dagbag.py:538} INFO - Filling up the DagBag from /home/airflow/.local/lib/python3.8/site-packages/airflow/example_dags/example_task_group.py
[2025-01-20T11:20:27.027+0000] {processor.py:840} INFO - DAG(s) 'example_task_group' retrieved from /home/airflow/.local/lib/python3.8/site-packages/airflow/example_dags/example_task_group.py
[2025-01-20T11:20:27.063+0000] {logging_mixin.py:188} INFO - [2025-01-20T11:20:27.063+0000] {dag.py:3036} INFO - Sync 1 DAGs
[2025-01-20T11:20:27.101+0000] {logging_mixin.py:188} INFO - [2025-01-20T11:20:27.100+0000] {dag.py:3823} INFO - Setting next_dagrun for example_task_group to 2025-01-19 00:00:00+00:00, run_after=2025-01-20 00:00:00+00:00
[2025-01-20T11:20:27.151+0000] {processor.py:183} INFO - Processing /home/airflow/.local/lib/python3.8/site-packages/airflow/example_dags/example_task_group.py took 0.144 seconds
[2025-01-20T11:20:57.227+0000] {processor.py:161} INFO - Started process (PID=588) to work on /home/airflow/.local/lib/python3.8/site-packages/airflow/example_dags/example_task_group.py
[2025-01-20T11:20:57.228+0000] {processor.py:830} INFO - Processing file /home/airflow/.local/lib/python3.8/site-packages/airflow/example_dags/example_task_group.py for tasks to queue
[2025-01-20T11:20:57.232+0000] {logging_mixin.py:188} INFO - [2025-01-20T11:20:57.231+0000] {dagbag.py:538} INFO - Filling up the DagBag from /home/airflow/.local/lib/python3.8/site-packages/airflow/example_dags/example_task_group.py
[2025-01-20T11:20:57.244+0000] {processor.py:840} INFO - DAG(s) 'example_task_group' retrieved from /home/airflow/.local/lib/python3.8/site-packages/airflow/example_dags/example_task_group.py
[2025-01-20T11:20:57.285+0000] {logging_mixin.py:188} INFO - [2025-01-20T11:20:57.284+0000] {dag.py:3036} INFO - Sync 1 DAGs
[2025-01-20T11:20:57.326+0000] {logging_mixin.py:188} INFO - [2025-01-20T11:20:57.325+0000] {dag.py:3823} INFO - Setting next_dagrun for example_task_group to 2025-01-19 00:00:00+00:00, run_after=2025-01-20 00:00:00+00:00
[2025-01-20T11:20:57.358+0000] {processor.py:183} INFO - Processing /home/airflow/.local/lib/python3.8/site-packages/airflow/example_dags/example_task_group.py took 0.136 seconds
[2025-01-20T11:21:27.483+0000] {processor.py:161} INFO - Started process (PID=642) to work on /home/airflow/.local/lib/python3.8/site-packages/airflow/example_dags/example_task_group.py
[2025-01-20T11:21:27.484+0000] {processor.py:830} INFO - Processing file /home/airflow/.local/lib/python3.8/site-packages/airflow/example_dags/example_task_group.py for tasks to queue
[2025-01-20T11:21:27.487+0000] {logging_mixin.py:188} INFO - [2025-01-20T11:21:27.487+0000] {dagbag.py:538} INFO - Filling up the DagBag from /home/airflow/.local/lib/python3.8/site-packages/airflow/example_dags/example_task_group.py
[2025-01-20T11:21:27.503+0000] {processor.py:840} INFO - DAG(s) 'example_task_group' retrieved from /home/airflow/.local/lib/python3.8/site-packages/airflow/example_dags/example_task_group.py
[2025-01-20T11:21:27.542+0000] {logging_mixin.py:188} INFO - [2025-01-20T11:21:27.542+0000] {dag.py:3036} INFO - Sync 1 DAGs
[2025-01-20T11:21:27.580+0000] {logging_mixin.py:188} INFO - [2025-01-20T11:21:27.580+0000] {dag.py:3823} INFO - Setting next_dagrun for example_task_group to 2025-01-19 00:00:00+00:00, run_after=2025-01-20 00:00:00+00:00
[2025-01-20T11:21:27.618+0000] {processor.py:183} INFO - Processing /home/airflow/.local/lib/python3.8/site-packages/airflow/example_dags/example_task_group.py took 0.142 seconds
[2025-01-20T11:21:57.776+0000] {processor.py:161} INFO - Started process (PID=697) to work on /home/airflow/.local/lib/python3.8/site-packages/airflow/example_dags/example_task_group.py
[2025-01-20T11:21:57.778+0000] {processor.py:830} INFO - Processing file /home/airflow/.local/lib/python3.8/site-packages/airflow/example_dags/example_task_group.py for tasks to queue
[2025-01-20T11:21:57.784+0000] {logging_mixin.py:188} INFO - [2025-01-20T11:21:57.783+0000] {dagbag.py:538} INFO - Filling up the DagBag from /home/airflow/.local/lib/python3.8/site-packages/airflow/example_dags/example_task_group.py
[2025-01-20T11:21:57.800+0000] {processor.py:840} INFO - DAG(s) 'example_task_group' retrieved from /home/airflow/.local/lib/python3.8/site-packages/airflow/example_dags/example_task_group.py
[2025-01-20T11:21:57.845+0000] {logging_mixin.py:188} INFO - [2025-01-20T11:21:57.845+0000] {dag.py:3036} INFO - Sync 1 DAGs
[2025-01-20T11:21:57.889+0000] {logging_mixin.py:188} INFO - [2025-01-20T11:21:57.888+0000] {dag.py:3823} INFO - Setting next_dagrun for example_task_group to 2025-01-19 00:00:00+00:00, run_after=2025-01-20 00:00:00+00:00
[2025-01-20T11:21:57.938+0000] {processor.py:183} INFO - Processing /home/airflow/.local/lib/python3.8/site-packages/airflow/example_dags/example_task_group.py took 0.169 seconds
[2025-01-20T11:22:29.404+0000] {processor.py:161} INFO - Started process (PID=753) to work on /home/airflow/.local/lib/python3.8/site-packages/airflow/example_dags/example_task_group.py
[2025-01-20T11:22:29.406+0000] {processor.py:830} INFO - Processing file /home/airflow/.local/lib/python3.8/site-packages/airflow/example_dags/example_task_group.py for tasks to queue
[2025-01-20T11:22:29.412+0000] {logging_mixin.py:188} INFO - [2025-01-20T11:22:29.411+0000] {dagbag.py:538} INFO - Filling up the DagBag from /home/airflow/.local/lib/python3.8/site-packages/airflow/example_dags/example_task_group.py
[2025-01-20T11:22:29.437+0000] {processor.py:840} INFO - DAG(s) 'example_task_group' retrieved from /home/airflow/.local/lib/python3.8/site-packages/airflow/example_dags/example_task_group.py
[2025-01-20T11:22:29.501+0000] {logging_mixin.py:188} INFO - [2025-01-20T11:22:29.501+0000] {dag.py:3036} INFO - Sync 1 DAGs
[2025-01-20T11:22:29.577+0000] {logging_mixin.py:188} INFO - [2025-01-20T11:22:29.576+0000] {dag.py:3823} INFO - Setting next_dagrun for example_task_group to 2025-01-19 00:00:00+00:00, run_after=2025-01-20 00:00:00+00:00
[2025-01-20T11:22:29.639+0000] {processor.py:183} INFO - Processing /home/airflow/.local/lib/python3.8/site-packages/airflow/example_dags/example_task_group.py took 0.243 seconds
[2025-01-20T11:23:00.427+0000] {processor.py:161} INFO - Started process (PID=809) to work on /home/airflow/.local/lib/python3.8/site-packages/airflow/example_dags/example_task_group.py
[2025-01-20T11:23:00.429+0000] {processor.py:830} INFO - Processing file /home/airflow/.local/lib/python3.8/site-packages/airflow/example_dags/example_task_group.py for tasks to queue
[2025-01-20T11:23:00.432+0000] {logging_mixin.py:188} INFO - [2025-01-20T11:23:00.432+0000] {dagbag.py:538} INFO - Filling up the DagBag from /home/airflow/.local/lib/python3.8/site-packages/airflow/example_dags/example_task_group.py
[2025-01-20T11:23:00.445+0000] {processor.py:840} INFO - DAG(s) 'example_task_group' retrieved from /home/airflow/.local/lib/python3.8/site-packages/airflow/example_dags/example_task_group.py
[2025-01-20T11:23:00.486+0000] {logging_mixin.py:188} INFO - [2025-01-20T11:23:00.485+0000] {dag.py:3036} INFO - Sync 1 DAGs
[2025-01-20T11:23:00.528+0000] {logging_mixin.py:188} INFO - [2025-01-20T11:23:00.528+0000] {dag.py:3823} INFO - Setting next_dagrun for example_task_group to 2025-01-19 00:00:00+00:00, run_after=2025-01-20 00:00:00+00:00
[2025-01-20T11:23:00.566+0000] {processor.py:183} INFO - Processing /home/airflow/.local/lib/python3.8/site-packages/airflow/example_dags/example_task_group.py took 0.146 seconds
[2025-01-20T11:23:30.816+0000] {processor.py:161} INFO - Started process (PID=864) to work on /home/airflow/.local/lib/python3.8/site-packages/airflow/example_dags/example_task_group.py
[2025-01-20T11:23:30.818+0000] {processor.py:830} INFO - Processing file /home/airflow/.local/lib/python3.8/site-packages/airflow/example_dags/example_task_group.py for tasks to queue
[2025-01-20T11:23:30.821+0000] {logging_mixin.py:188} INFO - [2025-01-20T11:23:30.820+0000] {dagbag.py:538} INFO - Filling up the DagBag from /home/airflow/.local/lib/python3.8/site-packages/airflow/example_dags/example_task_group.py
[2025-01-20T11:23:30.833+0000] {processor.py:840} INFO - DAG(s) 'example_task_group' retrieved from /home/airflow/.local/lib/python3.8/site-packages/airflow/example_dags/example_task_group.py
[2025-01-20T11:23:30.882+0000] {logging_mixin.py:188} INFO - [2025-01-20T11:23:30.881+0000] {dag.py:3036} INFO - Sync 1 DAGs
[2025-01-20T11:23:30.930+0000] {logging_mixin.py:188} INFO - [2025-01-20T11:23:30.929+0000] {dag.py:3823} INFO - Setting next_dagrun for example_task_group to 2025-01-19 00:00:00+00:00, run_after=2025-01-20 00:00:00+00:00
[2025-01-20T11:23:30.965+0000] {processor.py:183} INFO - Processing /home/airflow/.local/lib/python3.8/site-packages/airflow/example_dags/example_task_group.py took 0.154 seconds
[2025-01-20T11:24:01.784+0000] {processor.py:161} INFO - Started process (PID=919) to work on /home/airflow/.local/lib/python3.8/site-packages/airflow/example_dags/example_task_group.py
[2025-01-20T11:24:01.787+0000] {processor.py:830} INFO - Processing file /home/airflow/.local/lib/python3.8/site-packages/airflow/example_dags/example_task_group.py for tasks to queue
[2025-01-20T11:24:01.794+0000] {logging_mixin.py:188} INFO - [2025-01-20T11:24:01.793+0000] {dagbag.py:538} INFO - Filling up the DagBag from /home/airflow/.local/lib/python3.8/site-packages/airflow/example_dags/example_task_group.py
[2025-01-20T11:24:01.821+0000] {processor.py:840} INFO - DAG(s) 'example_task_group' retrieved from /home/airflow/.local/lib/python3.8/site-packages/airflow/example_dags/example_task_group.py
[2025-01-20T11:24:01.899+0000] {logging_mixin.py:188} INFO - [2025-01-20T11:24:01.898+0000] {dag.py:3036} INFO - Sync 1 DAGs
[2025-01-20T11:24:01.985+0000] {logging_mixin.py:188} INFO - [2025-01-20T11:24:01.985+0000] {dag.py:3823} INFO - Setting next_dagrun for example_task_group to 2025-01-19 00:00:00+00:00, run_after=2025-01-20 00:00:00+00:00
[2025-01-20T11:24:02.071+0000] {processor.py:183} INFO - Processing /home/airflow/.local/lib/python3.8/site-packages/airflow/example_dags/example_task_group.py took 0.306 seconds
[2025-01-20T11:24:32.348+0000] {processor.py:161} INFO - Started process (PID=979) to work on /home/airflow/.local/lib/python3.8/site-packages/airflow/example_dags/example_task_group.py
[2025-01-20T11:24:32.353+0000] {processor.py:830} INFO - Processing file /home/airflow/.local/lib/python3.8/site-packages/airflow/example_dags/example_task_group.py for tasks to queue
[2025-01-20T11:24:32.357+0000] {logging_mixin.py:188} INFO - [2025-01-20T11:24:32.357+0000] {dagbag.py:538} INFO - Filling up the DagBag from /home/airflow/.local/lib/python3.8/site-packages/airflow/example_dags/example_task_group.py
[2025-01-20T11:24:32.372+0000] {processor.py:840} INFO - DAG(s) 'example_task_group' retrieved from /home/airflow/.local/lib/python3.8/site-packages/airflow/example_dags/example_task_group.py
[2025-01-20T11:24:32.413+0000] {logging_mixin.py:188} INFO - [2025-01-20T11:24:32.413+0000] {dag.py:3036} INFO - Sync 1 DAGs
[2025-01-20T11:24:32.458+0000] {logging_mixin.py:188} INFO - [2025-01-20T11:24:32.457+0000] {dag.py:3823} INFO - Setting next_dagrun for example_task_group to 2025-01-19 00:00:00+00:00, run_after=2025-01-20 00:00:00+00:00
[2025-01-20T11:24:32.496+0000] {processor.py:183} INFO - Processing /home/airflow/.local/lib/python3.8/site-packages/airflow/example_dags/example_task_group.py took 0.159 seconds
[2025-01-20T11:25:02.589+0000] {processor.py:161} INFO - Started process (PID=1034) to work on /home/airflow/.local/lib/python3.8/site-packages/airflow/example_dags/example_task_group.py
[2025-01-20T11:25:02.591+0000] {processor.py:830} INFO - Processing file /home/airflow/.local/lib/python3.8/site-packages/airflow/example_dags/example_task_group.py for tasks to queue
[2025-01-20T11:25:02.594+0000] {logging_mixin.py:188} INFO - [2025-01-20T11:25:02.593+0000] {dagbag.py:538} INFO - Filling up the DagBag from /home/airflow/.local/lib/python3.8/site-packages/airflow/example_dags/example_task_group.py
[2025-01-20T11:25:02.607+0000] {processor.py:840} INFO - DAG(s) 'example_task_group' retrieved from /home/airflow/.local/lib/python3.8/site-packages/airflow/example_dags/example_task_group.py
[2025-01-20T11:25:02.645+0000] {logging_mixin.py:188} INFO - [2025-01-20T11:25:02.645+0000] {dag.py:3036} INFO - Sync 1 DAGs
[2025-01-20T11:25:02.688+0000] {logging_mixin.py:188} INFO - [2025-01-20T11:25:02.687+0000] {dag.py:3823} INFO - Setting next_dagrun for example_task_group to 2025-01-19 00:00:00+00:00, run_after=2025-01-20 00:00:00+00:00
[2025-01-20T11:25:02.717+0000] {processor.py:183} INFO - Processing /home/airflow/.local/lib/python3.8/site-packages/airflow/example_dags/example_task_group.py took 0.134 seconds
[2025-01-20T11:25:33.451+0000] {processor.py:161} INFO - Started process (PID=1089) to work on /home/airflow/.local/lib/python3.8/site-packages/airflow/example_dags/example_task_group.py
[2025-01-20T11:25:33.453+0000] {processor.py:830} INFO - Processing file /home/airflow/.local/lib/python3.8/site-packages/airflow/example_dags/example_task_group.py for tasks to queue
[2025-01-20T11:25:33.457+0000] {logging_mixin.py:188} INFO - [2025-01-20T11:25:33.457+0000] {dagbag.py:538} INFO - Filling up the DagBag from /home/airflow/.local/lib/python3.8/site-packages/airflow/example_dags/example_task_group.py
[2025-01-20T11:25:33.477+0000] {processor.py:840} INFO - DAG(s) 'example_task_group' retrieved from /home/airflow/.local/lib/python3.8/site-packages/airflow/example_dags/example_task_group.py
[2025-01-20T11:25:33.537+0000] {logging_mixin.py:188} INFO - [2025-01-20T11:25:33.536+0000] {dag.py:3036} INFO - Sync 1 DAGs
[2025-01-20T11:25:33.590+0000] {logging_mixin.py:188} INFO - [2025-01-20T11:25:33.589+0000] {dag.py:3823} INFO - Setting next_dagrun for example_task_group to 2025-01-19 00:00:00+00:00, run_after=2025-01-20 00:00:00+00:00
[2025-01-20T11:25:33.631+0000] {processor.py:183} INFO - Processing /home/airflow/.local/lib/python3.8/site-packages/airflow/example_dags/example_task_group.py took 0.188 seconds
[2025-01-20T11:26:03.941+0000] {processor.py:161} INFO - Started process (PID=1144) to work on /home/airflow/.local/lib/python3.8/site-packages/airflow/example_dags/example_task_group.py
[2025-01-20T11:26:03.949+0000] {processor.py:830} INFO - Processing file /home/airflow/.local/lib/python3.8/site-packages/airflow/example_dags/example_task_group.py for tasks to queue
[2025-01-20T11:26:03.953+0000] {logging_mixin.py:188} INFO - [2025-01-20T11:26:03.952+0000] {dagbag.py:538} INFO - Filling up the DagBag from /home/airflow/.local/lib/python3.8/site-packages/airflow/example_dags/example_task_group.py
[2025-01-20T11:26:03.980+0000] {processor.py:840} INFO - DAG(s) 'example_task_group' retrieved from /home/airflow/.local/lib/python3.8/site-packages/airflow/example_dags/example_task_group.py
[2025-01-20T11:26:04.047+0000] {logging_mixin.py:188} INFO - [2025-01-20T11:26:04.047+0000] {dag.py:3036} INFO - Sync 1 DAGs
[2025-01-20T11:26:04.161+0000] {logging_mixin.py:188} INFO - [2025-01-20T11:26:04.160+0000] {dag.py:3823} INFO - Setting next_dagrun for example_task_group to 2025-01-19 00:00:00+00:00, run_after=2025-01-20 00:00:00+00:00
[2025-01-20T11:26:04.200+0000] {processor.py:183} INFO - Processing /home/airflow/.local/lib/python3.8/site-packages/airflow/example_dags/example_task_group.py took 0.271 seconds
[2025-01-20T11:26:35.166+0000] {processor.py:161} INFO - Started process (PID=1199) to work on /home/airflow/.local/lib/python3.8/site-packages/airflow/example_dags/example_task_group.py
[2025-01-20T11:26:35.169+0000] {processor.py:830} INFO - Processing file /home/airflow/.local/lib/python3.8/site-packages/airflow/example_dags/example_task_group.py for tasks to queue
[2025-01-20T11:26:35.174+0000] {logging_mixin.py:188} INFO - [2025-01-20T11:26:35.174+0000] {dagbag.py:538} INFO - Filling up the DagBag from /home/airflow/.local/lib/python3.8/site-packages/airflow/example_dags/example_task_group.py
[2025-01-20T11:26:35.195+0000] {processor.py:840} INFO - DAG(s) 'example_task_group' retrieved from /home/airflow/.local/lib/python3.8/site-packages/airflow/example_dags/example_task_group.py
[2025-01-20T11:26:35.290+0000] {logging_mixin.py:188} INFO - [2025-01-20T11:26:35.289+0000] {dag.py:3036} INFO - Sync 1 DAGs
[2025-01-20T11:26:35.354+0000] {logging_mixin.py:188} INFO - [2025-01-20T11:26:35.353+0000] {dag.py:3823} INFO - Setting next_dagrun for example_task_group to 2025-01-19 00:00:00+00:00, run_after=2025-01-20 00:00:00+00:00
[2025-01-20T11:26:35.400+0000] {processor.py:183} INFO - Processing /home/airflow/.local/lib/python3.8/site-packages/airflow/example_dags/example_task_group.py took 0.242 seconds
[2025-01-20T11:27:06.318+0000] {processor.py:161} INFO - Started process (PID=1254) to work on /home/airflow/.local/lib/python3.8/site-packages/airflow/example_dags/example_task_group.py
[2025-01-20T11:27:06.320+0000] {processor.py:830} INFO - Processing file /home/airflow/.local/lib/python3.8/site-packages/airflow/example_dags/example_task_group.py for tasks to queue
[2025-01-20T11:27:06.331+0000] {logging_mixin.py:188} INFO - [2025-01-20T11:27:06.330+0000] {dagbag.py:538} INFO - Filling up the DagBag from /home/airflow/.local/lib/python3.8/site-packages/airflow/example_dags/example_task_group.py
[2025-01-20T11:27:06.363+0000] {processor.py:840} INFO - DAG(s) 'example_task_group' retrieved from /home/airflow/.local/lib/python3.8/site-packages/airflow/example_dags/example_task_group.py
[2025-01-20T11:27:06.430+0000] {logging_mixin.py:188} INFO - [2025-01-20T11:27:06.430+0000] {dag.py:3036} INFO - Sync 1 DAGs
[2025-01-20T11:27:06.499+0000] {logging_mixin.py:188} INFO - [2025-01-20T11:27:06.498+0000] {dag.py:3823} INFO - Setting next_dagrun for example_task_group to 2025-01-19 00:00:00+00:00, run_after=2025-01-20 00:00:00+00:00
[2025-01-20T11:27:06.557+0000] {processor.py:183} INFO - Processing /home/airflow/.local/lib/python3.8/site-packages/airflow/example_dags/example_task_group.py took 0.254 seconds
[2025-01-20T11:27:36.660+0000] {processor.py:161} INFO - Started process (PID=1309) to work on /home/airflow/.local/lib/python3.8/site-packages/airflow/example_dags/example_task_group.py
[2025-01-20T11:27:36.662+0000] {processor.py:830} INFO - Processing file /home/airflow/.local/lib/python3.8/site-packages/airflow/example_dags/example_task_group.py for tasks to queue
[2025-01-20T11:27:36.665+0000] {logging_mixin.py:188} INFO - [2025-01-20T11:27:36.665+0000] {dagbag.py:538} INFO - Filling up the DagBag from /home/airflow/.local/lib/python3.8/site-packages/airflow/example_dags/example_task_group.py
[2025-01-20T11:27:36.679+0000] {processor.py:840} INFO - DAG(s) 'example_task_group' retrieved from /home/airflow/.local/lib/python3.8/site-packages/airflow/example_dags/example_task_group.py
[2025-01-20T11:27:36.715+0000] {logging_mixin.py:188} INFO - [2025-01-20T11:27:36.715+0000] {dag.py:3036} INFO - Sync 1 DAGs
[2025-01-20T11:27:36.749+0000] {logging_mixin.py:188} INFO - [2025-01-20T11:27:36.749+0000] {dag.py:3823} INFO - Setting next_dagrun for example_task_group to 2025-01-19 00:00:00+00:00, run_after=2025-01-20 00:00:00+00:00
[2025-01-20T11:27:36.778+0000] {processor.py:183} INFO - Processing /home/airflow/.local/lib/python3.8/site-packages/airflow/example_dags/example_task_group.py took 0.123 seconds
[2025-01-20T11:28:07.187+0000] {processor.py:161} INFO - Started process (PID=1364) to work on /home/airflow/.local/lib/python3.8/site-packages/airflow/example_dags/example_task_group.py
[2025-01-20T11:28:07.189+0000] {processor.py:830} INFO - Processing file /home/airflow/.local/lib/python3.8/site-packages/airflow/example_dags/example_task_group.py for tasks to queue
[2025-01-20T11:28:07.193+0000] {logging_mixin.py:188} INFO - [2025-01-20T11:28:07.192+0000] {dagbag.py:538} INFO - Filling up the DagBag from /home/airflow/.local/lib/python3.8/site-packages/airflow/example_dags/example_task_group.py
[2025-01-20T11:28:07.205+0000] {processor.py:840} INFO - DAG(s) 'example_task_group' retrieved from /home/airflow/.local/lib/python3.8/site-packages/airflow/example_dags/example_task_group.py
[2025-01-20T11:28:07.248+0000] {logging_mixin.py:188} INFO - [2025-01-20T11:28:07.248+0000] {dag.py:3036} INFO - Sync 1 DAGs
[2025-01-20T11:28:07.287+0000] {logging_mixin.py:188} INFO - [2025-01-20T11:28:07.286+0000] {dag.py:3823} INFO - Setting next_dagrun for example_task_group to 2025-01-19 00:00:00+00:00, run_after=2025-01-20 00:00:00+00:00
[2025-01-20T11:28:07.320+0000] {processor.py:183} INFO - Processing /home/airflow/.local/lib/python3.8/site-packages/airflow/example_dags/example_task_group.py took 0.138 seconds
[2025-01-20T11:28:37.547+0000] {processor.py:161} INFO - Started process (PID=1419) to work on /home/airflow/.local/lib/python3.8/site-packages/airflow/example_dags/example_task_group.py
[2025-01-20T11:28:37.549+0000] {processor.py:830} INFO - Processing file /home/airflow/.local/lib/python3.8/site-packages/airflow/example_dags/example_task_group.py for tasks to queue
[2025-01-20T11:28:37.552+0000] {logging_mixin.py:188} INFO - [2025-01-20T11:28:37.552+0000] {dagbag.py:538} INFO - Filling up the DagBag from /home/airflow/.local/lib/python3.8/site-packages/airflow/example_dags/example_task_group.py
[2025-01-20T11:28:37.565+0000] {processor.py:840} INFO - DAG(s) 'example_task_group' retrieved from /home/airflow/.local/lib/python3.8/site-packages/airflow/example_dags/example_task_group.py
[2025-01-20T11:28:37.601+0000] {logging_mixin.py:188} INFO - [2025-01-20T11:28:37.601+0000] {dag.py:3036} INFO - Sync 1 DAGs
[2025-01-20T11:28:37.642+0000] {logging_mixin.py:188} INFO - [2025-01-20T11:28:37.642+0000] {dag.py:3823} INFO - Setting next_dagrun for example_task_group to 2025-01-19 00:00:00+00:00, run_after=2025-01-20 00:00:00+00:00
[2025-01-20T11:28:37.672+0000] {processor.py:183} INFO - Processing /home/airflow/.local/lib/python3.8/site-packages/airflow/example_dags/example_task_group.py took 0.131 seconds
[2025-01-20T11:29:08.391+0000] {processor.py:161} INFO - Started process (PID=1474) to work on /home/airflow/.local/lib/python3.8/site-packages/airflow/example_dags/example_task_group.py
[2025-01-20T11:29:08.394+0000] {processor.py:830} INFO - Processing file /home/airflow/.local/lib/python3.8/site-packages/airflow/example_dags/example_task_group.py for tasks to queue
[2025-01-20T11:29:08.398+0000] {logging_mixin.py:188} INFO - [2025-01-20T11:29:08.398+0000] {dagbag.py:538} INFO - Filling up the DagBag from /home/airflow/.local/lib/python3.8/site-packages/airflow/example_dags/example_task_group.py
[2025-01-20T11:29:08.412+0000] {processor.py:840} INFO - DAG(s) 'example_task_group' retrieved from /home/airflow/.local/lib/python3.8/site-packages/airflow/example_dags/example_task_group.py
[2025-01-20T11:29:08.451+0000] {logging_mixin.py:188} INFO - [2025-01-20T11:29:08.451+0000] {dag.py:3036} INFO - Sync 1 DAGs
[2025-01-20T11:29:08.495+0000] {logging_mixin.py:188} INFO - [2025-01-20T11:29:08.495+0000] {dag.py:3823} INFO - Setting next_dagrun for example_task_group to 2025-01-19 00:00:00+00:00, run_after=2025-01-20 00:00:00+00:00
[2025-01-20T11:29:08.527+0000] {processor.py:183} INFO - Processing /home/airflow/.local/lib/python3.8/site-packages/airflow/example_dags/example_task_group.py took 0.154 seconds
[2025-01-20T11:29:39.188+0000] {processor.py:161} INFO - Started process (PID=1530) to work on /home/airflow/.local/lib/python3.8/site-packages/airflow/example_dags/example_task_group.py
[2025-01-20T11:29:39.190+0000] {processor.py:830} INFO - Processing file /home/airflow/.local/lib/python3.8/site-packages/airflow/example_dags/example_task_group.py for tasks to queue
[2025-01-20T11:29:39.193+0000] {logging_mixin.py:188} INFO - [2025-01-20T11:29:39.192+0000] {dagbag.py:538} INFO - Filling up the DagBag from /home/airflow/.local/lib/python3.8/site-packages/airflow/example_dags/example_task_group.py
[2025-01-20T11:29:39.205+0000] {processor.py:840} INFO - DAG(s) 'example_task_group' retrieved from /home/airflow/.local/lib/python3.8/site-packages/airflow/example_dags/example_task_group.py
[2025-01-20T11:29:39.248+0000] {logging_mixin.py:188} INFO - [2025-01-20T11:29:39.248+0000] {dag.py:3036} INFO - Sync 1 DAGs
[2025-01-20T11:29:39.288+0000] {logging_mixin.py:188} INFO - [2025-01-20T11:29:39.288+0000] {dag.py:3823} INFO - Setting next_dagrun for example_task_group to 2025-01-19 00:00:00+00:00, run_after=2025-01-20 00:00:00+00:00
[2025-01-20T11:29:39.325+0000] {processor.py:183} INFO - Processing /home/airflow/.local/lib/python3.8/site-packages/airflow/example_dags/example_task_group.py took 0.142 seconds
[2025-01-20T11:30:10.288+0000] {processor.py:161} INFO - Started process (PID=1584) to work on /home/airflow/.local/lib/python3.8/site-packages/airflow/example_dags/example_task_group.py
[2025-01-20T11:30:10.291+0000] {processor.py:830} INFO - Processing file /home/airflow/.local/lib/python3.8/site-packages/airflow/example_dags/example_task_group.py for tasks to queue
[2025-01-20T11:30:10.296+0000] {logging_mixin.py:188} INFO - [2025-01-20T11:30:10.296+0000] {dagbag.py:538} INFO - Filling up the DagBag from /home/airflow/.local/lib/python3.8/site-packages/airflow/example_dags/example_task_group.py
[2025-01-20T11:30:10.325+0000] {processor.py:840} INFO - DAG(s) 'example_task_group' retrieved from /home/airflow/.local/lib/python3.8/site-packages/airflow/example_dags/example_task_group.py
[2025-01-20T11:30:10.405+0000] {logging_mixin.py:188} INFO - [2025-01-20T11:30:10.404+0000] {dag.py:3036} INFO - Sync 1 DAGs
[2025-01-20T11:30:10.506+0000] {logging_mixin.py:188} INFO - [2025-01-20T11:30:10.505+0000] {dag.py:3823} INFO - Setting next_dagrun for example_task_group to 2025-01-19 00:00:00+00:00, run_after=2025-01-20 00:00:00+00:00
[2025-01-20T11:30:10.591+0000] {processor.py:183} INFO - Processing /home/airflow/.local/lib/python3.8/site-packages/airflow/example_dags/example_task_group.py took 0.313 seconds
[2025-01-20T11:30:41.569+0000] {processor.py:161} INFO - Started process (PID=1639) to work on /home/airflow/.local/lib/python3.8/site-packages/airflow/example_dags/example_task_group.py
[2025-01-20T11:30:41.572+0000] {processor.py:830} INFO - Processing file /home/airflow/.local/lib/python3.8/site-packages/airflow/example_dags/example_task_group.py for tasks to queue
[2025-01-20T11:30:41.575+0000] {logging_mixin.py:188} INFO - [2025-01-20T11:30:41.575+0000] {dagbag.py:538} INFO - Filling up the DagBag from /home/airflow/.local/lib/python3.8/site-packages/airflow/example_dags/example_task_group.py
[2025-01-20T11:30:41.588+0000] {processor.py:840} INFO - DAG(s) 'example_task_group' retrieved from /home/airflow/.local/lib/python3.8/site-packages/airflow/example_dags/example_task_group.py
[2025-01-20T11:30:41.633+0000] {logging_mixin.py:188} INFO - [2025-01-20T11:30:41.633+0000] {dag.py:3036} INFO - Sync 1 DAGs
[2025-01-20T11:30:41.681+0000] {logging_mixin.py:188} INFO - [2025-01-20T11:30:41.680+0000] {dag.py:3823} INFO - Setting next_dagrun for example_task_group to 2025-01-19 00:00:00+00:00, run_after=2025-01-20 00:00:00+00:00
[2025-01-20T11:30:41.716+0000] {processor.py:183} INFO - Processing /home/airflow/.local/lib/python3.8/site-packages/airflow/example_dags/example_task_group.py took 0.154 seconds
[2025-01-20T11:31:12.387+0000] {processor.py:161} INFO - Started process (PID=1694) to work on /home/airflow/.local/lib/python3.8/site-packages/airflow/example_dags/example_task_group.py
[2025-01-20T11:31:12.392+0000] {processor.py:830} INFO - Processing file /home/airflow/.local/lib/python3.8/site-packages/airflow/example_dags/example_task_group.py for tasks to queue
[2025-01-20T11:31:12.403+0000] {logging_mixin.py:188} INFO - [2025-01-20T11:31:12.402+0000] {dagbag.py:538} INFO - Filling up the DagBag from /home/airflow/.local/lib/python3.8/site-packages/airflow/example_dags/example_task_group.py
[2025-01-20T11:31:12.459+0000] {processor.py:840} INFO - DAG(s) 'example_task_group' retrieved from /home/airflow/.local/lib/python3.8/site-packages/airflow/example_dags/example_task_group.py
[2025-01-20T11:31:12.567+0000] {logging_mixin.py:188} INFO - [2025-01-20T11:31:12.566+0000] {dag.py:3036} INFO - Sync 1 DAGs
[2025-01-20T11:31:12.670+0000] {logging_mixin.py:188} INFO - [2025-01-20T11:31:12.670+0000] {dag.py:3823} INFO - Setting next_dagrun for example_task_group to 2025-01-19 00:00:00+00:00, run_after=2025-01-20 00:00:00+00:00
[2025-01-20T11:31:12.726+0000] {processor.py:183} INFO - Processing /home/airflow/.local/lib/python3.8/site-packages/airflow/example_dags/example_task_group.py took 0.357 seconds
[2025-01-20T11:31:42.993+0000] {processor.py:161} INFO - Started process (PID=1749) to work on /home/airflow/.local/lib/python3.8/site-packages/airflow/example_dags/example_task_group.py
[2025-01-20T11:31:42.995+0000] {processor.py:830} INFO - Processing file /home/airflow/.local/lib/python3.8/site-packages/airflow/example_dags/example_task_group.py for tasks to queue
[2025-01-20T11:31:42.998+0000] {logging_mixin.py:188} INFO - [2025-01-20T11:31:42.997+0000] {dagbag.py:538} INFO - Filling up the DagBag from /home/airflow/.local/lib/python3.8/site-packages/airflow/example_dags/example_task_group.py
[2025-01-20T11:31:43.010+0000] {processor.py:840} INFO - DAG(s) 'example_task_group' retrieved from /home/airflow/.local/lib/python3.8/site-packages/airflow/example_dags/example_task_group.py
[2025-01-20T11:31:43.046+0000] {logging_mixin.py:188} INFO - [2025-01-20T11:31:43.046+0000] {dag.py:3036} INFO - Sync 1 DAGs
[2025-01-20T11:31:43.083+0000] {logging_mixin.py:188} INFO - [2025-01-20T11:31:43.082+0000] {dag.py:3823} INFO - Setting next_dagrun for example_task_group to 2025-01-19 00:00:00+00:00, run_after=2025-01-20 00:00:00+00:00
[2025-01-20T11:31:43.113+0000] {processor.py:183} INFO - Processing /home/airflow/.local/lib/python3.8/site-packages/airflow/example_dags/example_task_group.py took 0.124 seconds
[2025-01-20T11:32:13.356+0000] {processor.py:161} INFO - Started process (PID=1804) to work on /home/airflow/.local/lib/python3.8/site-packages/airflow/example_dags/example_task_group.py
[2025-01-20T11:32:13.358+0000] {processor.py:830} INFO - Processing file /home/airflow/.local/lib/python3.8/site-packages/airflow/example_dags/example_task_group.py for tasks to queue
[2025-01-20T11:32:13.362+0000] {logging_mixin.py:188} INFO - [2025-01-20T11:32:13.362+0000] {dagbag.py:538} INFO - Filling up the DagBag from /home/airflow/.local/lib/python3.8/site-packages/airflow/example_dags/example_task_group.py
[2025-01-20T11:32:13.374+0000] {processor.py:840} INFO - DAG(s) 'example_task_group' retrieved from /home/airflow/.local/lib/python3.8/site-packages/airflow/example_dags/example_task_group.py
[2025-01-20T11:32:13.413+0000] {logging_mixin.py:188} INFO - [2025-01-20T11:32:13.413+0000] {dag.py:3036} INFO - Sync 1 DAGs
[2025-01-20T11:32:13.451+0000] {logging_mixin.py:188} INFO - [2025-01-20T11:32:13.451+0000] {dag.py:3823} INFO - Setting next_dagrun for example_task_group to 2025-01-19 00:00:00+00:00, run_after=2025-01-20 00:00:00+00:00
[2025-01-20T11:32:13.483+0000] {processor.py:183} INFO - Processing /home/airflow/.local/lib/python3.8/site-packages/airflow/example_dags/example_task_group.py took 0.135 seconds
[2025-01-20T11:32:43.997+0000] {processor.py:161} INFO - Started process (PID=1857) to work on /home/airflow/.local/lib/python3.8/site-packages/airflow/example_dags/example_task_group.py
[2025-01-20T11:32:43.999+0000] {processor.py:830} INFO - Processing file /home/airflow/.local/lib/python3.8/site-packages/airflow/example_dags/example_task_group.py for tasks to queue
[2025-01-20T11:32:44.003+0000] {logging_mixin.py:188} INFO - [2025-01-20T11:32:44.002+0000] {dagbag.py:538} INFO - Filling up the DagBag from /home/airflow/.local/lib/python3.8/site-packages/airflow/example_dags/example_task_group.py
[2025-01-20T11:32:44.018+0000] {processor.py:840} INFO - DAG(s) 'example_task_group' retrieved from /home/airflow/.local/lib/python3.8/site-packages/airflow/example_dags/example_task_group.py
[2025-01-20T11:32:44.072+0000] {logging_mixin.py:188} INFO - [2025-01-20T11:32:44.072+0000] {dag.py:3036} INFO - Sync 1 DAGs
[2025-01-20T11:32:44.115+0000] {logging_mixin.py:188} INFO - [2025-01-20T11:32:44.114+0000] {dag.py:3823} INFO - Setting next_dagrun for example_task_group to 2025-01-19 00:00:00+00:00, run_after=2025-01-20 00:00:00+00:00
[2025-01-20T11:32:44.148+0000] {processor.py:183} INFO - Processing /home/airflow/.local/lib/python3.8/site-packages/airflow/example_dags/example_task_group.py took 0.157 seconds
[2025-01-20T11:33:14.391+0000] {processor.py:161} INFO - Started process (PID=1912) to work on /home/airflow/.local/lib/python3.8/site-packages/airflow/example_dags/example_task_group.py
[2025-01-20T11:33:14.393+0000] {processor.py:830} INFO - Processing file /home/airflow/.local/lib/python3.8/site-packages/airflow/example_dags/example_task_group.py for tasks to queue
[2025-01-20T11:33:14.396+0000] {logging_mixin.py:188} INFO - [2025-01-20T11:33:14.396+0000] {dagbag.py:538} INFO - Filling up the DagBag from /home/airflow/.local/lib/python3.8/site-packages/airflow/example_dags/example_task_group.py
[2025-01-20T11:33:14.414+0000] {processor.py:840} INFO - DAG(s) 'example_task_group' retrieved from /home/airflow/.local/lib/python3.8/site-packages/airflow/example_dags/example_task_group.py
[2025-01-20T11:33:14.470+0000] {logging_mixin.py:188} INFO - [2025-01-20T11:33:14.469+0000] {dag.py:3036} INFO - Sync 1 DAGs
[2025-01-20T11:33:14.519+0000] {logging_mixin.py:188} INFO - [2025-01-20T11:33:14.518+0000] {dag.py:3823} INFO - Setting next_dagrun for example_task_group to 2025-01-19 00:00:00+00:00, run_after=2025-01-20 00:00:00+00:00
[2025-01-20T11:33:14.559+0000] {processor.py:183} INFO - Processing /home/airflow/.local/lib/python3.8/site-packages/airflow/example_dags/example_task_group.py took 0.175 seconds
[2025-01-20T11:33:44.791+0000] {processor.py:161} INFO - Started process (PID=1967) to work on /home/airflow/.local/lib/python3.8/site-packages/airflow/example_dags/example_task_group.py
[2025-01-20T11:33:44.793+0000] {processor.py:830} INFO - Processing file /home/airflow/.local/lib/python3.8/site-packages/airflow/example_dags/example_task_group.py for tasks to queue
[2025-01-20T11:33:44.797+0000] {logging_mixin.py:188} INFO - [2025-01-20T11:33:44.796+0000] {dagbag.py:538} INFO - Filling up the DagBag from /home/airflow/.local/lib/python3.8/site-packages/airflow/example_dags/example_task_group.py
[2025-01-20T11:33:44.812+0000] {processor.py:840} INFO - DAG(s) 'example_task_group' retrieved from /home/airflow/.local/lib/python3.8/site-packages/airflow/example_dags/example_task_group.py
[2025-01-20T11:33:44.853+0000] {logging_mixin.py:188} INFO - [2025-01-20T11:33:44.852+0000] {dag.py:3036} INFO - Sync 1 DAGs
[2025-01-20T11:33:44.895+0000] {logging_mixin.py:188} INFO - [2025-01-20T11:33:44.895+0000] {dag.py:3823} INFO - Setting next_dagrun for example_task_group to 2025-01-19 00:00:00+00:00, run_after=2025-01-20 00:00:00+00:00
[2025-01-20T11:33:44.939+0000] {processor.py:183} INFO - Processing /home/airflow/.local/lib/python3.8/site-packages/airflow/example_dags/example_task_group.py took 0.154 seconds
[2025-01-20T11:34:15.352+0000] {processor.py:161} INFO - Started process (PID=2022) to work on /home/airflow/.local/lib/python3.8/site-packages/airflow/example_dags/example_task_group.py
[2025-01-20T11:34:15.354+0000] {processor.py:830} INFO - Processing file /home/airflow/.local/lib/python3.8/site-packages/airflow/example_dags/example_task_group.py for tasks to queue
[2025-01-20T11:34:15.358+0000] {logging_mixin.py:188} INFO - [2025-01-20T11:34:15.357+0000] {dagbag.py:538} INFO - Filling up the DagBag from /home/airflow/.local/lib/python3.8/site-packages/airflow/example_dags/example_task_group.py
[2025-01-20T11:34:15.370+0000] {processor.py:840} INFO - DAG(s) 'example_task_group' retrieved from /home/airflow/.local/lib/python3.8/site-packages/airflow/example_dags/example_task_group.py
[2025-01-20T11:34:15.409+0000] {logging_mixin.py:188} INFO - [2025-01-20T11:34:15.408+0000] {dag.py:3036} INFO - Sync 1 DAGs
[2025-01-20T11:34:15.447+0000] {logging_mixin.py:188} INFO - [2025-01-20T11:34:15.447+0000] {dag.py:3823} INFO - Setting next_dagrun for example_task_group to 2025-01-19 00:00:00+00:00, run_after=2025-01-20 00:00:00+00:00
[2025-01-20T11:34:15.479+0000] {processor.py:183} INFO - Processing /home/airflow/.local/lib/python3.8/site-packages/airflow/example_dags/example_task_group.py took 0.135 seconds
[2025-01-20T11:34:46.416+0000] {processor.py:161} INFO - Started process (PID=2077) to work on /home/airflow/.local/lib/python3.8/site-packages/airflow/example_dags/example_task_group.py
[2025-01-20T11:34:46.418+0000] {processor.py:830} INFO - Processing file /home/airflow/.local/lib/python3.8/site-packages/airflow/example_dags/example_task_group.py for tasks to queue
[2025-01-20T11:34:46.422+0000] {logging_mixin.py:188} INFO - [2025-01-20T11:34:46.421+0000] {dagbag.py:538} INFO - Filling up the DagBag from /home/airflow/.local/lib/python3.8/site-packages/airflow/example_dags/example_task_group.py
[2025-01-20T11:34:46.434+0000] {processor.py:840} INFO - DAG(s) 'example_task_group' retrieved from /home/airflow/.local/lib/python3.8/site-packages/airflow/example_dags/example_task_group.py
[2025-01-20T11:34:46.478+0000] {logging_mixin.py:188} INFO - [2025-01-20T11:34:46.477+0000] {dag.py:3036} INFO - Sync 1 DAGs
[2025-01-20T11:34:46.521+0000] {logging_mixin.py:188} INFO - [2025-01-20T11:34:46.520+0000] {dag.py:3823} INFO - Setting next_dagrun for example_task_group to 2025-01-19 00:00:00+00:00, run_after=2025-01-20 00:00:00+00:00
[2025-01-20T11:34:46.554+0000] {processor.py:183} INFO - Processing /home/airflow/.local/lib/python3.8/site-packages/airflow/example_dags/example_task_group.py took 0.143 seconds
[2025-01-20T11:35:16.973+0000] {processor.py:161} INFO - Started process (PID=2132) to work on /home/airflow/.local/lib/python3.8/site-packages/airflow/example_dags/example_task_group.py
[2025-01-20T11:35:16.976+0000] {processor.py:830} INFO - Processing file /home/airflow/.local/lib/python3.8/site-packages/airflow/example_dags/example_task_group.py for tasks to queue
[2025-01-20T11:35:16.984+0000] {logging_mixin.py:188} INFO - [2025-01-20T11:35:16.983+0000] {dagbag.py:538} INFO - Filling up the DagBag from /home/airflow/.local/lib/python3.8/site-packages/airflow/example_dags/example_task_group.py
[2025-01-20T11:35:17.010+0000] {processor.py:840} INFO - DAG(s) 'example_task_group' retrieved from /home/airflow/.local/lib/python3.8/site-packages/airflow/example_dags/example_task_group.py
[2025-01-20T11:35:17.085+0000] {logging_mixin.py:188} INFO - [2025-01-20T11:35:17.084+0000] {dag.py:3036} INFO - Sync 1 DAGs
[2025-01-20T11:35:17.164+0000] {logging_mixin.py:188} INFO - [2025-01-20T11:35:17.164+0000] {dag.py:3823} INFO - Setting next_dagrun for example_task_group to 2025-01-19 00:00:00+00:00, run_after=2025-01-20 00:00:00+00:00
[2025-01-20T11:35:17.325+0000] {processor.py:183} INFO - Processing /home/airflow/.local/lib/python3.8/site-packages/airflow/example_dags/example_task_group.py took 0.364 seconds
[2025-01-20T11:35:47.450+0000] {processor.py:161} INFO - Started process (PID=2187) to work on /home/airflow/.local/lib/python3.8/site-packages/airflow/example_dags/example_task_group.py
[2025-01-20T11:35:47.452+0000] {processor.py:830} INFO - Processing file /home/airflow/.local/lib/python3.8/site-packages/airflow/example_dags/example_task_group.py for tasks to queue
[2025-01-20T11:35:47.456+0000] {logging_mixin.py:188} INFO - [2025-01-20T11:35:47.455+0000] {dagbag.py:538} INFO - Filling up the DagBag from /home/airflow/.local/lib/python3.8/site-packages/airflow/example_dags/example_task_group.py
[2025-01-20T11:35:47.472+0000] {processor.py:840} INFO - DAG(s) 'example_task_group' retrieved from /home/airflow/.local/lib/python3.8/site-packages/airflow/example_dags/example_task_group.py
[2025-01-20T11:35:47.517+0000] {logging_mixin.py:188} INFO - [2025-01-20T11:35:47.516+0000] {dag.py:3036} INFO - Sync 1 DAGs
[2025-01-20T11:35:47.557+0000] {logging_mixin.py:188} INFO - [2025-01-20T11:35:47.557+0000] {dag.py:3823} INFO - Setting next_dagrun for example_task_group to 2025-01-19 00:00:00+00:00, run_after=2025-01-20 00:00:00+00:00
[2025-01-20T11:35:47.594+0000] {processor.py:183} INFO - Processing /home/airflow/.local/lib/python3.8/site-packages/airflow/example_dags/example_task_group.py took 0.151 seconds
[2025-01-20T11:36:18.121+0000] {processor.py:161} INFO - Started process (PID=2242) to work on /home/airflow/.local/lib/python3.8/site-packages/airflow/example_dags/example_task_group.py
[2025-01-20T11:36:18.123+0000] {processor.py:830} INFO - Processing file /home/airflow/.local/lib/python3.8/site-packages/airflow/example_dags/example_task_group.py for tasks to queue
[2025-01-20T11:36:18.127+0000] {logging_mixin.py:188} INFO - [2025-01-20T11:36:18.126+0000] {dagbag.py:538} INFO - Filling up the DagBag from /home/airflow/.local/lib/python3.8/site-packages/airflow/example_dags/example_task_group.py
[2025-01-20T11:36:18.141+0000] {processor.py:840} INFO - DAG(s) 'example_task_group' retrieved from /home/airflow/.local/lib/python3.8/site-packages/airflow/example_dags/example_task_group.py
[2025-01-20T11:36:18.188+0000] {logging_mixin.py:188} INFO - [2025-01-20T11:36:18.187+0000] {dag.py:3036} INFO - Sync 1 DAGs
[2025-01-20T11:36:18.233+0000] {logging_mixin.py:188} INFO - [2025-01-20T11:36:18.232+0000] {dag.py:3823} INFO - Setting next_dagrun for example_task_group to 2025-01-19 00:00:00+00:00, run_after=2025-01-20 00:00:00+00:00
[2025-01-20T11:36:18.274+0000] {processor.py:183} INFO - Processing /home/airflow/.local/lib/python3.8/site-packages/airflow/example_dags/example_task_group.py took 0.159 seconds
[2025-01-20T11:36:48.810+0000] {processor.py:161} INFO - Started process (PID=2297) to work on /home/airflow/.local/lib/python3.8/site-packages/airflow/example_dags/example_task_group.py
[2025-01-20T11:36:48.811+0000] {processor.py:830} INFO - Processing file /home/airflow/.local/lib/python3.8/site-packages/airflow/example_dags/example_task_group.py for tasks to queue
[2025-01-20T11:36:48.814+0000] {logging_mixin.py:188} INFO - [2025-01-20T11:36:48.813+0000] {dagbag.py:538} INFO - Filling up the DagBag from /home/airflow/.local/lib/python3.8/site-packages/airflow/example_dags/example_task_group.py
[2025-01-20T11:36:48.824+0000] {processor.py:840} INFO - DAG(s) 'example_task_group' retrieved from /home/airflow/.local/lib/python3.8/site-packages/airflow/example_dags/example_task_group.py
[2025-01-20T11:36:48.861+0000] {logging_mixin.py:188} INFO - [2025-01-20T11:36:48.860+0000] {dag.py:3036} INFO - Sync 1 DAGs
[2025-01-20T11:36:48.893+0000] {logging_mixin.py:188} INFO - [2025-01-20T11:36:48.893+0000] {dag.py:3823} INFO - Setting next_dagrun for example_task_group to 2025-01-19 00:00:00+00:00, run_after=2025-01-20 00:00:00+00:00
[2025-01-20T11:36:48.922+0000] {processor.py:183} INFO - Processing /home/airflow/.local/lib/python3.8/site-packages/airflow/example_dags/example_task_group.py took 0.117 seconds
[2025-01-20T11:37:18.975+0000] {processor.py:161} INFO - Started process (PID=2352) to work on /home/airflow/.local/lib/python3.8/site-packages/airflow/example_dags/example_task_group.py
[2025-01-20T11:37:18.977+0000] {processor.py:830} INFO - Processing file /home/airflow/.local/lib/python3.8/site-packages/airflow/example_dags/example_task_group.py for tasks to queue
[2025-01-20T11:37:18.983+0000] {logging_mixin.py:188} INFO - [2025-01-20T11:37:18.982+0000] {dagbag.py:538} INFO - Filling up the DagBag from /home/airflow/.local/lib/python3.8/site-packages/airflow/example_dags/example_task_group.py
[2025-01-20T11:37:19.002+0000] {processor.py:840} INFO - DAG(s) 'example_task_group' retrieved from /home/airflow/.local/lib/python3.8/site-packages/airflow/example_dags/example_task_group.py
[2025-01-20T11:37:19.048+0000] {logging_mixin.py:188} INFO - [2025-01-20T11:37:19.047+0000] {dag.py:3036} INFO - Sync 1 DAGs
[2025-01-20T11:37:19.098+0000] {logging_mixin.py:188} INFO - [2025-01-20T11:37:19.097+0000] {dag.py:3823} INFO - Setting next_dagrun for example_task_group to 2025-01-19 00:00:00+00:00, run_after=2025-01-20 00:00:00+00:00
[2025-01-20T11:37:19.140+0000] {processor.py:183} INFO - Processing /home/airflow/.local/lib/python3.8/site-packages/airflow/example_dags/example_task_group.py took 0.174 seconds
