[2025-01-20T11:16:14.569+0000] {processor.py:161} INFO - Started process (PID=76) to work on /home/airflow/.local/lib/python3.8/site-packages/airflow/example_dags/example_sensors.py
[2025-01-20T11:16:14.572+0000] {processor.py:830} INFO - Processing file /home/airflow/.local/lib/python3.8/site-packages/airflow/example_dags/example_sensors.py for tasks to queue
[2025-01-20T11:16:14.586+0000] {logging_mixin.py:188} INFO - [2025-01-20T11:16:14.585+0000] {dagbag.py:538} INFO - Filling up the DagBag from /home/airflow/.local/lib/python3.8/site-packages/airflow/example_dags/example_sensors.py
[2025-01-20T11:16:14.667+0000] {processor.py:840} INFO - DAG(s) 'example_sensors' retrieved from /home/airflow/.local/lib/python3.8/site-packages/airflow/example_dags/example_sensors.py
[2025-01-20T11:16:15.385+0000] {logging_mixin.py:188} INFO - [2025-01-20T11:16:15.383+0000] {dag.py:3036} INFO - Sync 1 DAGs
[2025-01-20T11:16:15.449+0000] {logging_mixin.py:188} INFO - [2025-01-20T11:16:15.448+0000] {dag.py:3823} INFO - Setting next_dagrun for example_sensors to None, run_after=None
[2025-01-20T11:16:18.040+0000] {processor.py:183} INFO - Processing /home/airflow/.local/lib/python3.8/site-packages/airflow/example_dags/example_sensors.py took 3.478 seconds
[2025-01-20T11:16:48.225+0000] {processor.py:161} INFO - Started process (PID=131) to work on /home/airflow/.local/lib/python3.8/site-packages/airflow/example_dags/example_sensors.py
[2025-01-20T11:16:48.228+0000] {processor.py:830} INFO - Processing file /home/airflow/.local/lib/python3.8/site-packages/airflow/example_dags/example_sensors.py for tasks to queue
[2025-01-20T11:16:48.232+0000] {logging_mixin.py:188} INFO - [2025-01-20T11:16:48.231+0000] {dagbag.py:538} INFO - Filling up the DagBag from /home/airflow/.local/lib/python3.8/site-packages/airflow/example_dags/example_sensors.py
[2025-01-20T11:16:48.255+0000] {processor.py:840} INFO - DAG(s) 'example_sensors' retrieved from /home/airflow/.local/lib/python3.8/site-packages/airflow/example_dags/example_sensors.py
[2025-01-20T11:16:48.300+0000] {logging_mixin.py:188} INFO - [2025-01-20T11:16:48.299+0000] {dag.py:3036} INFO - Sync 1 DAGs
[2025-01-20T11:16:48.319+0000] {logging_mixin.py:188} INFO - [2025-01-20T11:16:48.319+0000] {dag.py:3823} INFO - Setting next_dagrun for example_sensors to None, run_after=None
[2025-01-20T11:16:48.347+0000] {processor.py:183} INFO - Processing /home/airflow/.local/lib/python3.8/site-packages/airflow/example_dags/example_sensors.py took 0.131 seconds
[2025-01-20T11:17:18.929+0000] {processor.py:161} INFO - Started process (PID=186) to work on /home/airflow/.local/lib/python3.8/site-packages/airflow/example_dags/example_sensors.py
[2025-01-20T11:17:18.930+0000] {processor.py:830} INFO - Processing file /home/airflow/.local/lib/python3.8/site-packages/airflow/example_dags/example_sensors.py for tasks to queue
[2025-01-20T11:17:18.934+0000] {logging_mixin.py:188} INFO - [2025-01-20T11:17:18.934+0000] {dagbag.py:538} INFO - Filling up the DagBag from /home/airflow/.local/lib/python3.8/site-packages/airflow/example_dags/example_sensors.py
[2025-01-20T11:17:18.949+0000] {processor.py:840} INFO - DAG(s) 'example_sensors' retrieved from /home/airflow/.local/lib/python3.8/site-packages/airflow/example_dags/example_sensors.py
[2025-01-20T11:17:18.999+0000] {logging_mixin.py:188} INFO - [2025-01-20T11:17:18.999+0000] {dag.py:3036} INFO - Sync 1 DAGs
[2025-01-20T11:17:19.026+0000] {logging_mixin.py:188} INFO - [2025-01-20T11:17:19.026+0000] {dag.py:3823} INFO - Setting next_dagrun for example_sensors to None, run_after=None
[2025-01-20T11:17:19.065+0000] {processor.py:183} INFO - Processing /home/airflow/.local/lib/python3.8/site-packages/airflow/example_dags/example_sensors.py took 0.144 seconds
[2025-01-20T11:17:49.309+0000] {processor.py:161} INFO - Started process (PID=241) to work on /home/airflow/.local/lib/python3.8/site-packages/airflow/example_dags/example_sensors.py
[2025-01-20T11:17:49.311+0000] {processor.py:830} INFO - Processing file /home/airflow/.local/lib/python3.8/site-packages/airflow/example_dags/example_sensors.py for tasks to queue
[2025-01-20T11:17:49.314+0000] {logging_mixin.py:188} INFO - [2025-01-20T11:17:49.314+0000] {dagbag.py:538} INFO - Filling up the DagBag from /home/airflow/.local/lib/python3.8/site-packages/airflow/example_dags/example_sensors.py
[2025-01-20T11:17:49.327+0000] {processor.py:840} INFO - DAG(s) 'example_sensors' retrieved from /home/airflow/.local/lib/python3.8/site-packages/airflow/example_dags/example_sensors.py
[2025-01-20T11:17:49.373+0000] {logging_mixin.py:188} INFO - [2025-01-20T11:17:49.373+0000] {dag.py:3036} INFO - Sync 1 DAGs
[2025-01-20T11:17:49.394+0000] {logging_mixin.py:188} INFO - [2025-01-20T11:17:49.393+0000] {dag.py:3823} INFO - Setting next_dagrun for example_sensors to None, run_after=None
[2025-01-20T11:17:49.426+0000] {processor.py:183} INFO - Processing /home/airflow/.local/lib/python3.8/site-packages/airflow/example_dags/example_sensors.py took 0.125 seconds
[2025-01-20T11:18:20.130+0000] {processor.py:161} INFO - Started process (PID=296) to work on /home/airflow/.local/lib/python3.8/site-packages/airflow/example_dags/example_sensors.py
[2025-01-20T11:18:20.149+0000] {processor.py:830} INFO - Processing file /home/airflow/.local/lib/python3.8/site-packages/airflow/example_dags/example_sensors.py for tasks to queue
[2025-01-20T11:18:20.191+0000] {logging_mixin.py:188} INFO - [2025-01-20T11:18:20.189+0000] {dagbag.py:538} INFO - Filling up the DagBag from /home/airflow/.local/lib/python3.8/site-packages/airflow/example_dags/example_sensors.py
[2025-01-20T11:18:20.248+0000] {processor.py:840} INFO - DAG(s) 'example_sensors' retrieved from /home/airflow/.local/lib/python3.8/site-packages/airflow/example_dags/example_sensors.py
[2025-01-20T11:18:20.439+0000] {logging_mixin.py:188} INFO - [2025-01-20T11:18:20.438+0000] {dag.py:3036} INFO - Sync 1 DAGs
[2025-01-20T11:18:20.576+0000] {logging_mixin.py:188} INFO - [2025-01-20T11:18:20.576+0000] {dag.py:3823} INFO - Setting next_dagrun for example_sensors to None, run_after=None
[2025-01-20T11:18:20.709+0000] {processor.py:183} INFO - Processing /home/airflow/.local/lib/python3.8/site-packages/airflow/example_dags/example_sensors.py took 0.769 seconds
[2025-01-20T11:18:51.020+0000] {processor.py:161} INFO - Started process (PID=351) to work on /home/airflow/.local/lib/python3.8/site-packages/airflow/example_dags/example_sensors.py
[2025-01-20T11:18:51.023+0000] {processor.py:830} INFO - Processing file /home/airflow/.local/lib/python3.8/site-packages/airflow/example_dags/example_sensors.py for tasks to queue
[2025-01-20T11:18:51.026+0000] {logging_mixin.py:188} INFO - [2025-01-20T11:18:51.026+0000] {dagbag.py:538} INFO - Filling up the DagBag from /home/airflow/.local/lib/python3.8/site-packages/airflow/example_dags/example_sensors.py
[2025-01-20T11:18:51.048+0000] {processor.py:840} INFO - DAG(s) 'example_sensors' retrieved from /home/airflow/.local/lib/python3.8/site-packages/airflow/example_dags/example_sensors.py
[2025-01-20T11:18:51.096+0000] {logging_mixin.py:188} INFO - [2025-01-20T11:18:51.096+0000] {dag.py:3036} INFO - Sync 1 DAGs
[2025-01-20T11:18:51.126+0000] {logging_mixin.py:188} INFO - [2025-01-20T11:18:51.125+0000] {dag.py:3823} INFO - Setting next_dagrun for example_sensors to None, run_after=None
[2025-01-20T11:18:51.169+0000] {processor.py:183} INFO - Processing /home/airflow/.local/lib/python3.8/site-packages/airflow/example_dags/example_sensors.py took 0.154 seconds
[2025-01-20T11:19:21.296+0000] {processor.py:161} INFO - Started process (PID=406) to work on /home/airflow/.local/lib/python3.8/site-packages/airflow/example_dags/example_sensors.py
[2025-01-20T11:19:21.299+0000] {processor.py:830} INFO - Processing file /home/airflow/.local/lib/python3.8/site-packages/airflow/example_dags/example_sensors.py for tasks to queue
[2025-01-20T11:19:21.305+0000] {logging_mixin.py:188} INFO - [2025-01-20T11:19:21.304+0000] {dagbag.py:538} INFO - Filling up the DagBag from /home/airflow/.local/lib/python3.8/site-packages/airflow/example_dags/example_sensors.py
[2025-01-20T11:19:21.341+0000] {processor.py:840} INFO - DAG(s) 'example_sensors' retrieved from /home/airflow/.local/lib/python3.8/site-packages/airflow/example_dags/example_sensors.py
[2025-01-20T11:19:21.461+0000] {logging_mixin.py:188} INFO - [2025-01-20T11:19:21.460+0000] {dag.py:3036} INFO - Sync 1 DAGs
[2025-01-20T11:19:21.518+0000] {logging_mixin.py:188} INFO - [2025-01-20T11:19:21.517+0000] {dag.py:3823} INFO - Setting next_dagrun for example_sensors to None, run_after=None
[2025-01-20T11:19:21.634+0000] {processor.py:183} INFO - Processing /home/airflow/.local/lib/python3.8/site-packages/airflow/example_dags/example_sensors.py took 0.345 seconds
[2025-01-20T11:19:51.798+0000] {processor.py:161} INFO - Started process (PID=461) to work on /home/airflow/.local/lib/python3.8/site-packages/airflow/example_dags/example_sensors.py
[2025-01-20T11:19:51.800+0000] {processor.py:830} INFO - Processing file /home/airflow/.local/lib/python3.8/site-packages/airflow/example_dags/example_sensors.py for tasks to queue
[2025-01-20T11:19:51.804+0000] {logging_mixin.py:188} INFO - [2025-01-20T11:19:51.804+0000] {dagbag.py:538} INFO - Filling up the DagBag from /home/airflow/.local/lib/python3.8/site-packages/airflow/example_dags/example_sensors.py
[2025-01-20T11:19:51.820+0000] {processor.py:840} INFO - DAG(s) 'example_sensors' retrieved from /home/airflow/.local/lib/python3.8/site-packages/airflow/example_dags/example_sensors.py
[2025-01-20T11:19:51.867+0000] {logging_mixin.py:188} INFO - [2025-01-20T11:19:51.866+0000] {dag.py:3036} INFO - Sync 1 DAGs
[2025-01-20T11:19:51.891+0000] {logging_mixin.py:188} INFO - [2025-01-20T11:19:51.891+0000] {dag.py:3823} INFO - Setting next_dagrun for example_sensors to None, run_after=None
[2025-01-20T11:19:51.923+0000] {processor.py:183} INFO - Processing /home/airflow/.local/lib/python3.8/site-packages/airflow/example_dags/example_sensors.py took 0.131 seconds
[2025-01-20T11:20:22.831+0000] {processor.py:161} INFO - Started process (PID=516) to work on /home/airflow/.local/lib/python3.8/site-packages/airflow/example_dags/example_sensors.py
[2025-01-20T11:20:22.834+0000] {processor.py:830} INFO - Processing file /home/airflow/.local/lib/python3.8/site-packages/airflow/example_dags/example_sensors.py for tasks to queue
[2025-01-20T11:20:22.840+0000] {logging_mixin.py:188} INFO - [2025-01-20T11:20:22.839+0000] {dagbag.py:538} INFO - Filling up the DagBag from /home/airflow/.local/lib/python3.8/site-packages/airflow/example_dags/example_sensors.py
[2025-01-20T11:20:22.863+0000] {processor.py:840} INFO - DAG(s) 'example_sensors' retrieved from /home/airflow/.local/lib/python3.8/site-packages/airflow/example_dags/example_sensors.py
[2025-01-20T11:20:22.941+0000] {logging_mixin.py:188} INFO - [2025-01-20T11:20:22.940+0000] {dag.py:3036} INFO - Sync 1 DAGs
[2025-01-20T11:20:22.977+0000] {logging_mixin.py:188} INFO - [2025-01-20T11:20:22.977+0000] {dag.py:3823} INFO - Setting next_dagrun for example_sensors to None, run_after=None
[2025-01-20T11:20:23.062+0000] {processor.py:183} INFO - Processing /home/airflow/.local/lib/python3.8/site-packages/airflow/example_dags/example_sensors.py took 0.238 seconds
[2025-01-20T11:20:53.467+0000] {processor.py:161} INFO - Started process (PID=571) to work on /home/airflow/.local/lib/python3.8/site-packages/airflow/example_dags/example_sensors.py
[2025-01-20T11:20:53.468+0000] {processor.py:830} INFO - Processing file /home/airflow/.local/lib/python3.8/site-packages/airflow/example_dags/example_sensors.py for tasks to queue
[2025-01-20T11:20:53.471+0000] {logging_mixin.py:188} INFO - [2025-01-20T11:20:53.470+0000] {dagbag.py:538} INFO - Filling up the DagBag from /home/airflow/.local/lib/python3.8/site-packages/airflow/example_dags/example_sensors.py
[2025-01-20T11:20:53.483+0000] {processor.py:840} INFO - DAG(s) 'example_sensors' retrieved from /home/airflow/.local/lib/python3.8/site-packages/airflow/example_dags/example_sensors.py
[2025-01-20T11:20:53.524+0000] {logging_mixin.py:188} INFO - [2025-01-20T11:20:53.523+0000] {dag.py:3036} INFO - Sync 1 DAGs
[2025-01-20T11:20:53.541+0000] {logging_mixin.py:188} INFO - [2025-01-20T11:20:53.541+0000] {dag.py:3823} INFO - Setting next_dagrun for example_sensors to None, run_after=None
[2025-01-20T11:20:53.573+0000] {processor.py:183} INFO - Processing /home/airflow/.local/lib/python3.8/site-packages/airflow/example_dags/example_sensors.py took 0.111 seconds
[2025-01-20T11:21:23.902+0000] {processor.py:161} INFO - Started process (PID=626) to work on /home/airflow/.local/lib/python3.8/site-packages/airflow/example_dags/example_sensors.py
[2025-01-20T11:21:23.905+0000] {processor.py:830} INFO - Processing file /home/airflow/.local/lib/python3.8/site-packages/airflow/example_dags/example_sensors.py for tasks to queue
[2025-01-20T11:21:23.908+0000] {logging_mixin.py:188} INFO - [2025-01-20T11:21:23.907+0000] {dagbag.py:538} INFO - Filling up the DagBag from /home/airflow/.local/lib/python3.8/site-packages/airflow/example_dags/example_sensors.py
[2025-01-20T11:21:23.928+0000] {processor.py:840} INFO - DAG(s) 'example_sensors' retrieved from /home/airflow/.local/lib/python3.8/site-packages/airflow/example_dags/example_sensors.py
[2025-01-20T11:21:24.008+0000] {logging_mixin.py:188} INFO - [2025-01-20T11:21:24.008+0000] {dag.py:3036} INFO - Sync 1 DAGs
[2025-01-20T11:21:24.048+0000] {logging_mixin.py:188} INFO - [2025-01-20T11:21:24.047+0000] {dag.py:3823} INFO - Setting next_dagrun for example_sensors to None, run_after=None
[2025-01-20T11:21:24.104+0000] {processor.py:183} INFO - Processing /home/airflow/.local/lib/python3.8/site-packages/airflow/example_dags/example_sensors.py took 0.208 seconds
[2025-01-20T11:21:54.227+0000] {processor.py:161} INFO - Started process (PID=681) to work on /home/airflow/.local/lib/python3.8/site-packages/airflow/example_dags/example_sensors.py
[2025-01-20T11:21:54.229+0000] {processor.py:830} INFO - Processing file /home/airflow/.local/lib/python3.8/site-packages/airflow/example_dags/example_sensors.py for tasks to queue
[2025-01-20T11:21:54.232+0000] {logging_mixin.py:188} INFO - [2025-01-20T11:21:54.232+0000] {dagbag.py:538} INFO - Filling up the DagBag from /home/airflow/.local/lib/python3.8/site-packages/airflow/example_dags/example_sensors.py
[2025-01-20T11:21:54.249+0000] {processor.py:840} INFO - DAG(s) 'example_sensors' retrieved from /home/airflow/.local/lib/python3.8/site-packages/airflow/example_dags/example_sensors.py
[2025-01-20T11:21:54.327+0000] {logging_mixin.py:188} INFO - [2025-01-20T11:21:54.327+0000] {dag.py:3036} INFO - Sync 1 DAGs
[2025-01-20T11:21:54.362+0000] {logging_mixin.py:188} INFO - [2025-01-20T11:21:54.361+0000] {dag.py:3823} INFO - Setting next_dagrun for example_sensors to None, run_after=None
[2025-01-20T11:21:54.411+0000] {processor.py:183} INFO - Processing /home/airflow/.local/lib/python3.8/site-packages/airflow/example_dags/example_sensors.py took 0.189 seconds
[2025-01-20T11:22:24.509+0000] {processor.py:161} INFO - Started process (PID=736) to work on /home/airflow/.local/lib/python3.8/site-packages/airflow/example_dags/example_sensors.py
[2025-01-20T11:22:24.511+0000] {processor.py:830} INFO - Processing file /home/airflow/.local/lib/python3.8/site-packages/airflow/example_dags/example_sensors.py for tasks to queue
[2025-01-20T11:22:24.515+0000] {logging_mixin.py:188} INFO - [2025-01-20T11:22:24.514+0000] {dagbag.py:538} INFO - Filling up the DagBag from /home/airflow/.local/lib/python3.8/site-packages/airflow/example_dags/example_sensors.py
[2025-01-20T11:22:24.538+0000] {processor.py:840} INFO - DAG(s) 'example_sensors' retrieved from /home/airflow/.local/lib/python3.8/site-packages/airflow/example_dags/example_sensors.py
[2025-01-20T11:22:24.613+0000] {logging_mixin.py:188} INFO - [2025-01-20T11:22:24.612+0000] {dag.py:3036} INFO - Sync 1 DAGs
[2025-01-20T11:22:24.670+0000] {logging_mixin.py:188} INFO - [2025-01-20T11:22:24.669+0000] {dag.py:3823} INFO - Setting next_dagrun for example_sensors to None, run_after=None
[2025-01-20T11:22:24.757+0000] {processor.py:183} INFO - Processing /home/airflow/.local/lib/python3.8/site-packages/airflow/example_dags/example_sensors.py took 0.255 seconds
[2025-01-20T11:22:54.826+0000] {processor.py:161} INFO - Started process (PID=792) to work on /home/airflow/.local/lib/python3.8/site-packages/airflow/example_dags/example_sensors.py
[2025-01-20T11:22:54.828+0000] {processor.py:830} INFO - Processing file /home/airflow/.local/lib/python3.8/site-packages/airflow/example_dags/example_sensors.py for tasks to queue
[2025-01-20T11:22:54.830+0000] {logging_mixin.py:188} INFO - [2025-01-20T11:22:54.830+0000] {dagbag.py:538} INFO - Filling up the DagBag from /home/airflow/.local/lib/python3.8/site-packages/airflow/example_dags/example_sensors.py
[2025-01-20T11:22:54.842+0000] {processor.py:840} INFO - DAG(s) 'example_sensors' retrieved from /home/airflow/.local/lib/python3.8/site-packages/airflow/example_dags/example_sensors.py
[2025-01-20T11:22:54.880+0000] {logging_mixin.py:188} INFO - [2025-01-20T11:22:54.879+0000] {dag.py:3036} INFO - Sync 1 DAGs
[2025-01-20T11:22:54.902+0000] {logging_mixin.py:188} INFO - [2025-01-20T11:22:54.902+0000] {dag.py:3823} INFO - Setting next_dagrun for example_sensors to None, run_after=None
[2025-01-20T11:22:54.930+0000] {processor.py:183} INFO - Processing /home/airflow/.local/lib/python3.8/site-packages/airflow/example_dags/example_sensors.py took 0.109 seconds
[2025-01-20T11:23:25.151+0000] {processor.py:161} INFO - Started process (PID=847) to work on /home/airflow/.local/lib/python3.8/site-packages/airflow/example_dags/example_sensors.py
[2025-01-20T11:23:25.154+0000] {processor.py:830} INFO - Processing file /home/airflow/.local/lib/python3.8/site-packages/airflow/example_dags/example_sensors.py for tasks to queue
[2025-01-20T11:23:25.157+0000] {logging_mixin.py:188} INFO - [2025-01-20T11:23:25.157+0000] {dagbag.py:538} INFO - Filling up the DagBag from /home/airflow/.local/lib/python3.8/site-packages/airflow/example_dags/example_sensors.py
[2025-01-20T11:23:25.177+0000] {processor.py:840} INFO - DAG(s) 'example_sensors' retrieved from /home/airflow/.local/lib/python3.8/site-packages/airflow/example_dags/example_sensors.py
[2025-01-20T11:23:25.255+0000] {logging_mixin.py:188} INFO - [2025-01-20T11:23:25.254+0000] {dag.py:3036} INFO - Sync 1 DAGs
[2025-01-20T11:23:25.303+0000] {logging_mixin.py:188} INFO - [2025-01-20T11:23:25.302+0000] {dag.py:3823} INFO - Setting next_dagrun for example_sensors to None, run_after=None
[2025-01-20T11:23:25.429+0000] {processor.py:183} INFO - Processing /home/airflow/.local/lib/python3.8/site-packages/airflow/example_dags/example_sensors.py took 0.286 seconds
[2025-01-20T11:23:55.656+0000] {processor.py:161} INFO - Started process (PID=902) to work on /home/airflow/.local/lib/python3.8/site-packages/airflow/example_dags/example_sensors.py
[2025-01-20T11:23:55.658+0000] {processor.py:830} INFO - Processing file /home/airflow/.local/lib/python3.8/site-packages/airflow/example_dags/example_sensors.py for tasks to queue
[2025-01-20T11:23:55.662+0000] {logging_mixin.py:188} INFO - [2025-01-20T11:23:55.661+0000] {dagbag.py:538} INFO - Filling up the DagBag from /home/airflow/.local/lib/python3.8/site-packages/airflow/example_dags/example_sensors.py
[2025-01-20T11:23:55.677+0000] {processor.py:840} INFO - DAG(s) 'example_sensors' retrieved from /home/airflow/.local/lib/python3.8/site-packages/airflow/example_dags/example_sensors.py
[2025-01-20T11:23:55.749+0000] {logging_mixin.py:188} INFO - [2025-01-20T11:23:55.749+0000] {dag.py:3036} INFO - Sync 1 DAGs
[2025-01-20T11:23:55.780+0000] {logging_mixin.py:188} INFO - [2025-01-20T11:23:55.780+0000] {dag.py:3823} INFO - Setting next_dagrun for example_sensors to None, run_after=None
[2025-01-20T11:23:55.817+0000] {processor.py:183} INFO - Processing /home/airflow/.local/lib/python3.8/site-packages/airflow/example_dags/example_sensors.py took 0.167 seconds
[2025-01-20T11:24:26.575+0000] {processor.py:161} INFO - Started process (PID=956) to work on /home/airflow/.local/lib/python3.8/site-packages/airflow/example_dags/example_sensors.py
[2025-01-20T11:24:26.577+0000] {processor.py:830} INFO - Processing file /home/airflow/.local/lib/python3.8/site-packages/airflow/example_dags/example_sensors.py for tasks to queue
[2025-01-20T11:24:26.583+0000] {logging_mixin.py:188} INFO - [2025-01-20T11:24:26.581+0000] {dagbag.py:538} INFO - Filling up the DagBag from /home/airflow/.local/lib/python3.8/site-packages/airflow/example_dags/example_sensors.py
[2025-01-20T11:24:26.606+0000] {processor.py:840} INFO - DAG(s) 'example_sensors' retrieved from /home/airflow/.local/lib/python3.8/site-packages/airflow/example_dags/example_sensors.py
[2025-01-20T11:24:26.660+0000] {logging_mixin.py:188} INFO - [2025-01-20T11:24:26.660+0000] {dag.py:3036} INFO - Sync 1 DAGs
[2025-01-20T11:24:26.684+0000] {logging_mixin.py:188} INFO - [2025-01-20T11:24:26.684+0000] {dag.py:3823} INFO - Setting next_dagrun for example_sensors to None, run_after=None
[2025-01-20T11:24:26.721+0000] {processor.py:183} INFO - Processing /home/airflow/.local/lib/python3.8/site-packages/airflow/example_dags/example_sensors.py took 0.154 seconds
[2025-01-20T11:24:57.049+0000] {processor.py:161} INFO - Started process (PID=1011) to work on /home/airflow/.local/lib/python3.8/site-packages/airflow/example_dags/example_sensors.py
[2025-01-20T11:24:57.051+0000] {processor.py:830} INFO - Processing file /home/airflow/.local/lib/python3.8/site-packages/airflow/example_dags/example_sensors.py for tasks to queue
[2025-01-20T11:24:57.054+0000] {logging_mixin.py:188} INFO - [2025-01-20T11:24:57.054+0000] {dagbag.py:538} INFO - Filling up the DagBag from /home/airflow/.local/lib/python3.8/site-packages/airflow/example_dags/example_sensors.py
[2025-01-20T11:24:57.070+0000] {processor.py:840} INFO - DAG(s) 'example_sensors' retrieved from /home/airflow/.local/lib/python3.8/site-packages/airflow/example_dags/example_sensors.py
[2025-01-20T11:24:57.126+0000] {logging_mixin.py:188} INFO - [2025-01-20T11:24:57.125+0000] {dag.py:3036} INFO - Sync 1 DAGs
[2025-01-20T11:24:57.145+0000] {logging_mixin.py:188} INFO - [2025-01-20T11:24:57.144+0000] {dag.py:3823} INFO - Setting next_dagrun for example_sensors to None, run_after=None
[2025-01-20T11:24:57.191+0000] {processor.py:183} INFO - Processing /home/airflow/.local/lib/python3.8/site-packages/airflow/example_dags/example_sensors.py took 0.147 seconds
[2025-01-20T11:25:27.953+0000] {processor.py:161} INFO - Started process (PID=1066) to work on /home/airflow/.local/lib/python3.8/site-packages/airflow/example_dags/example_sensors.py
[2025-01-20T11:25:27.961+0000] {processor.py:830} INFO - Processing file /home/airflow/.local/lib/python3.8/site-packages/airflow/example_dags/example_sensors.py for tasks to queue
[2025-01-20T11:25:27.977+0000] {logging_mixin.py:188} INFO - [2025-01-20T11:25:27.975+0000] {dagbag.py:538} INFO - Filling up the DagBag from /home/airflow/.local/lib/python3.8/site-packages/airflow/example_dags/example_sensors.py
[2025-01-20T11:25:28.033+0000] {processor.py:840} INFO - DAG(s) 'example_sensors' retrieved from /home/airflow/.local/lib/python3.8/site-packages/airflow/example_dags/example_sensors.py
[2025-01-20T11:25:28.109+0000] {logging_mixin.py:188} INFO - [2025-01-20T11:25:28.108+0000] {dag.py:3036} INFO - Sync 1 DAGs
[2025-01-20T11:25:28.153+0000] {logging_mixin.py:188} INFO - [2025-01-20T11:25:28.152+0000] {dag.py:3823} INFO - Setting next_dagrun for example_sensors to None, run_after=None
[2025-01-20T11:25:28.236+0000] {processor.py:183} INFO - Processing /home/airflow/.local/lib/python3.8/site-packages/airflow/example_dags/example_sensors.py took 0.304 seconds
[2025-01-20T11:25:58.482+0000] {processor.py:161} INFO - Started process (PID=1121) to work on /home/airflow/.local/lib/python3.8/site-packages/airflow/example_dags/example_sensors.py
[2025-01-20T11:25:58.485+0000] {processor.py:830} INFO - Processing file /home/airflow/.local/lib/python3.8/site-packages/airflow/example_dags/example_sensors.py for tasks to queue
[2025-01-20T11:25:58.492+0000] {logging_mixin.py:188} INFO - [2025-01-20T11:25:58.491+0000] {dagbag.py:538} INFO - Filling up the DagBag from /home/airflow/.local/lib/python3.8/site-packages/airflow/example_dags/example_sensors.py
[2025-01-20T11:25:58.514+0000] {processor.py:840} INFO - DAG(s) 'example_sensors' retrieved from /home/airflow/.local/lib/python3.8/site-packages/airflow/example_dags/example_sensors.py
[2025-01-20T11:25:58.609+0000] {logging_mixin.py:188} INFO - [2025-01-20T11:25:58.608+0000] {dag.py:3036} INFO - Sync 1 DAGs
[2025-01-20T11:25:58.686+0000] {logging_mixin.py:188} INFO - [2025-01-20T11:25:58.685+0000] {dag.py:3823} INFO - Setting next_dagrun for example_sensors to None, run_after=None
[2025-01-20T11:25:58.732+0000] {processor.py:183} INFO - Processing /home/airflow/.local/lib/python3.8/site-packages/airflow/example_dags/example_sensors.py took 0.270 seconds
[2025-01-20T11:26:28.997+0000] {processor.py:161} INFO - Started process (PID=1176) to work on /home/airflow/.local/lib/python3.8/site-packages/airflow/example_dags/example_sensors.py
[2025-01-20T11:26:28.999+0000] {processor.py:830} INFO - Processing file /home/airflow/.local/lib/python3.8/site-packages/airflow/example_dags/example_sensors.py for tasks to queue
[2025-01-20T11:26:29.003+0000] {logging_mixin.py:188} INFO - [2025-01-20T11:26:29.002+0000] {dagbag.py:538} INFO - Filling up the DagBag from /home/airflow/.local/lib/python3.8/site-packages/airflow/example_dags/example_sensors.py
[2025-01-20T11:26:29.019+0000] {processor.py:840} INFO - DAG(s) 'example_sensors' retrieved from /home/airflow/.local/lib/python3.8/site-packages/airflow/example_dags/example_sensors.py
[2025-01-20T11:26:29.065+0000] {logging_mixin.py:188} INFO - [2025-01-20T11:26:29.065+0000] {dag.py:3036} INFO - Sync 1 DAGs
[2025-01-20T11:26:29.091+0000] {logging_mixin.py:188} INFO - [2025-01-20T11:26:29.090+0000] {dag.py:3823} INFO - Setting next_dagrun for example_sensors to None, run_after=None
[2025-01-20T11:26:29.125+0000] {processor.py:183} INFO - Processing /home/airflow/.local/lib/python3.8/site-packages/airflow/example_dags/example_sensors.py took 0.135 seconds
[2025-01-20T11:26:59.756+0000] {processor.py:161} INFO - Started process (PID=1231) to work on /home/airflow/.local/lib/python3.8/site-packages/airflow/example_dags/example_sensors.py
[2025-01-20T11:26:59.758+0000] {processor.py:830} INFO - Processing file /home/airflow/.local/lib/python3.8/site-packages/airflow/example_dags/example_sensors.py for tasks to queue
[2025-01-20T11:26:59.762+0000] {logging_mixin.py:188} INFO - [2025-01-20T11:26:59.762+0000] {dagbag.py:538} INFO - Filling up the DagBag from /home/airflow/.local/lib/python3.8/site-packages/airflow/example_dags/example_sensors.py
[2025-01-20T11:26:59.783+0000] {processor.py:840} INFO - DAG(s) 'example_sensors' retrieved from /home/airflow/.local/lib/python3.8/site-packages/airflow/example_dags/example_sensors.py
[2025-01-20T11:26:59.852+0000] {logging_mixin.py:188} INFO - [2025-01-20T11:26:59.851+0000] {dag.py:3036} INFO - Sync 1 DAGs
[2025-01-20T11:26:59.889+0000] {logging_mixin.py:188} INFO - [2025-01-20T11:26:59.888+0000] {dag.py:3823} INFO - Setting next_dagrun for example_sensors to None, run_after=None
[2025-01-20T11:26:59.979+0000] {processor.py:183} INFO - Processing /home/airflow/.local/lib/python3.8/site-packages/airflow/example_dags/example_sensors.py took 0.229 seconds
[2025-01-20T11:27:30.475+0000] {processor.py:161} INFO - Started process (PID=1286) to work on /home/airflow/.local/lib/python3.8/site-packages/airflow/example_dags/example_sensors.py
[2025-01-20T11:27:30.477+0000] {processor.py:830} INFO - Processing file /home/airflow/.local/lib/python3.8/site-packages/airflow/example_dags/example_sensors.py for tasks to queue
[2025-01-20T11:27:30.482+0000] {logging_mixin.py:188} INFO - [2025-01-20T11:27:30.481+0000] {dagbag.py:538} INFO - Filling up the DagBag from /home/airflow/.local/lib/python3.8/site-packages/airflow/example_dags/example_sensors.py
[2025-01-20T11:27:30.500+0000] {processor.py:840} INFO - DAG(s) 'example_sensors' retrieved from /home/airflow/.local/lib/python3.8/site-packages/airflow/example_dags/example_sensors.py
[2025-01-20T11:27:30.569+0000] {logging_mixin.py:188} INFO - [2025-01-20T11:27:30.568+0000] {dag.py:3036} INFO - Sync 1 DAGs
[2025-01-20T11:27:30.605+0000] {logging_mixin.py:188} INFO - [2025-01-20T11:27:30.604+0000] {dag.py:3823} INFO - Setting next_dagrun for example_sensors to None, run_after=None
[2025-01-20T11:27:30.643+0000] {processor.py:183} INFO - Processing /home/airflow/.local/lib/python3.8/site-packages/airflow/example_dags/example_sensors.py took 0.174 seconds
[2025-01-20T11:28:00.850+0000] {processor.py:161} INFO - Started process (PID=1339) to work on /home/airflow/.local/lib/python3.8/site-packages/airflow/example_dags/example_sensors.py
[2025-01-20T11:28:00.852+0000] {processor.py:830} INFO - Processing file /home/airflow/.local/lib/python3.8/site-packages/airflow/example_dags/example_sensors.py for tasks to queue
[2025-01-20T11:28:00.855+0000] {logging_mixin.py:188} INFO - [2025-01-20T11:28:00.854+0000] {dagbag.py:538} INFO - Filling up the DagBag from /home/airflow/.local/lib/python3.8/site-packages/airflow/example_dags/example_sensors.py
[2025-01-20T11:28:00.868+0000] {processor.py:840} INFO - DAG(s) 'example_sensors' retrieved from /home/airflow/.local/lib/python3.8/site-packages/airflow/example_dags/example_sensors.py
[2025-01-20T11:28:00.911+0000] {logging_mixin.py:188} INFO - [2025-01-20T11:28:00.911+0000] {dag.py:3036} INFO - Sync 1 DAGs
[2025-01-20T11:28:00.929+0000] {logging_mixin.py:188} INFO - [2025-01-20T11:28:00.929+0000] {dag.py:3823} INFO - Setting next_dagrun for example_sensors to None, run_after=None
[2025-01-20T11:28:00.970+0000] {processor.py:183} INFO - Processing /home/airflow/.local/lib/python3.8/site-packages/airflow/example_dags/example_sensors.py took 0.125 seconds
[2025-01-20T11:28:31.047+0000] {processor.py:161} INFO - Started process (PID=1394) to work on /home/airflow/.local/lib/python3.8/site-packages/airflow/example_dags/example_sensors.py
[2025-01-20T11:28:31.048+0000] {processor.py:830} INFO - Processing file /home/airflow/.local/lib/python3.8/site-packages/airflow/example_dags/example_sensors.py for tasks to queue
[2025-01-20T11:28:31.052+0000] {logging_mixin.py:188} INFO - [2025-01-20T11:28:31.051+0000] {dagbag.py:538} INFO - Filling up the DagBag from /home/airflow/.local/lib/python3.8/site-packages/airflow/example_dags/example_sensors.py
[2025-01-20T11:28:31.066+0000] {processor.py:840} INFO - DAG(s) 'example_sensors' retrieved from /home/airflow/.local/lib/python3.8/site-packages/airflow/example_dags/example_sensors.py
[2025-01-20T11:28:31.122+0000] {logging_mixin.py:188} INFO - [2025-01-20T11:28:31.121+0000] {dag.py:3036} INFO - Sync 1 DAGs
[2025-01-20T11:28:31.146+0000] {logging_mixin.py:188} INFO - [2025-01-20T11:28:31.146+0000] {dag.py:3823} INFO - Setting next_dagrun for example_sensors to None, run_after=None
[2025-01-20T11:28:31.178+0000] {processor.py:183} INFO - Processing /home/airflow/.local/lib/python3.8/site-packages/airflow/example_dags/example_sensors.py took 0.136 seconds
[2025-01-20T11:29:01.269+0000] {processor.py:161} INFO - Started process (PID=1449) to work on /home/airflow/.local/lib/python3.8/site-packages/airflow/example_dags/example_sensors.py
[2025-01-20T11:29:01.270+0000] {processor.py:830} INFO - Processing file /home/airflow/.local/lib/python3.8/site-packages/airflow/example_dags/example_sensors.py for tasks to queue
[2025-01-20T11:29:01.273+0000] {logging_mixin.py:188} INFO - [2025-01-20T11:29:01.273+0000] {dagbag.py:538} INFO - Filling up the DagBag from /home/airflow/.local/lib/python3.8/site-packages/airflow/example_dags/example_sensors.py
[2025-01-20T11:29:01.286+0000] {processor.py:840} INFO - DAG(s) 'example_sensors' retrieved from /home/airflow/.local/lib/python3.8/site-packages/airflow/example_dags/example_sensors.py
[2025-01-20T11:29:01.325+0000] {logging_mixin.py:188} INFO - [2025-01-20T11:29:01.325+0000] {dag.py:3036} INFO - Sync 1 DAGs
[2025-01-20T11:29:01.343+0000] {logging_mixin.py:188} INFO - [2025-01-20T11:29:01.343+0000] {dag.py:3823} INFO - Setting next_dagrun for example_sensors to None, run_after=None
[2025-01-20T11:29:01.377+0000] {processor.py:183} INFO - Processing /home/airflow/.local/lib/python3.8/site-packages/airflow/example_dags/example_sensors.py took 0.113 seconds
[2025-01-20T11:29:31.671+0000] {processor.py:161} INFO - Started process (PID=1504) to work on /home/airflow/.local/lib/python3.8/site-packages/airflow/example_dags/example_sensors.py
[2025-01-20T11:29:31.674+0000] {processor.py:830} INFO - Processing file /home/airflow/.local/lib/python3.8/site-packages/airflow/example_dags/example_sensors.py for tasks to queue
[2025-01-20T11:29:31.679+0000] {logging_mixin.py:188} INFO - [2025-01-20T11:29:31.678+0000] {dagbag.py:538} INFO - Filling up the DagBag from /home/airflow/.local/lib/python3.8/site-packages/airflow/example_dags/example_sensors.py
[2025-01-20T11:29:31.699+0000] {processor.py:840} INFO - DAG(s) 'example_sensors' retrieved from /home/airflow/.local/lib/python3.8/site-packages/airflow/example_dags/example_sensors.py
[2025-01-20T11:29:31.756+0000] {logging_mixin.py:188} INFO - [2025-01-20T11:29:31.755+0000] {dag.py:3036} INFO - Sync 1 DAGs
[2025-01-20T11:29:31.792+0000] {logging_mixin.py:188} INFO - [2025-01-20T11:29:31.791+0000] {dag.py:3823} INFO - Setting next_dagrun for example_sensors to None, run_after=None
[2025-01-20T11:29:31.881+0000] {processor.py:183} INFO - Processing /home/airflow/.local/lib/python3.8/site-packages/airflow/example_dags/example_sensors.py took 0.219 seconds
[2025-01-20T11:30:02.691+0000] {processor.py:161} INFO - Started process (PID=1560) to work on /home/airflow/.local/lib/python3.8/site-packages/airflow/example_dags/example_sensors.py
[2025-01-20T11:30:02.695+0000] {processor.py:830} INFO - Processing file /home/airflow/.local/lib/python3.8/site-packages/airflow/example_dags/example_sensors.py for tasks to queue
[2025-01-20T11:30:02.709+0000] {logging_mixin.py:188} INFO - [2025-01-20T11:30:02.708+0000] {dagbag.py:538} INFO - Filling up the DagBag from /home/airflow/.local/lib/python3.8/site-packages/airflow/example_dags/example_sensors.py
[2025-01-20T11:30:02.787+0000] {processor.py:840} INFO - DAG(s) 'example_sensors' retrieved from /home/airflow/.local/lib/python3.8/site-packages/airflow/example_dags/example_sensors.py
[2025-01-20T11:30:03.048+0000] {logging_mixin.py:188} INFO - [2025-01-20T11:30:03.047+0000] {dag.py:3036} INFO - Sync 1 DAGs
[2025-01-20T11:30:03.252+0000] {logging_mixin.py:188} INFO - [2025-01-20T11:30:03.251+0000] {dag.py:3823} INFO - Setting next_dagrun for example_sensors to None, run_after=None
[2025-01-20T11:30:03.440+0000] {processor.py:183} INFO - Processing /home/airflow/.local/lib/python3.8/site-packages/airflow/example_dags/example_sensors.py took 0.766 seconds
