[2025-01-20T11:16:11.855+0000] {processor.py:161} INFO - Started process (PID=75) to work on /home/airflow/.local/lib/python3.8/site-packages/airflow/example_dags/example_external_task_marker_dag.py
[2025-01-20T11:16:11.859+0000] {processor.py:830} INFO - Processing file /home/airflow/.local/lib/python3.8/site-packages/airflow/example_dags/example_external_task_marker_dag.py for tasks to queue
[2025-01-20T11:16:11.866+0000] {logging_mixin.py:188} INFO - [2025-01-20T11:16:11.865+0000] {dagbag.py:538} INFO - Filling up the DagBag from /home/airflow/.local/lib/python3.8/site-packages/airflow/example_dags/example_external_task_marker_dag.py
[2025-01-20T11:16:11.921+0000] {processor.py:840} INFO - DAG(s) 'example_external_task_marker_child', 'example_external_task_marker_parent' retrieved from /home/airflow/.local/lib/python3.8/site-packages/airflow/example_dags/example_external_task_marker_dag.py
[2025-01-20T11:16:12.622+0000] {logging_mixin.py:188} INFO - [2025-01-20T11:16:12.621+0000] {dag.py:3036} INFO - Sync 2 DAGs
[2025-01-20T11:16:12.668+0000] {logging_mixin.py:188} INFO - [2025-01-20T11:16:12.667+0000] {dag.py:3823} INFO - Setting next_dagrun for example_external_task_marker_child to None, run_after=None
[2025-01-20T11:16:12.686+0000] {logging_mixin.py:188} INFO - [2025-01-20T11:16:12.685+0000] {dag.py:3823} INFO - Setting next_dagrun for example_external_task_marker_parent to None, run_after=None
[2025-01-20T11:16:16.758+0000] {processor.py:183} INFO - Processing /home/airflow/.local/lib/python3.8/site-packages/airflow/example_dags/example_external_task_marker_dag.py took 4.923 seconds
[2025-01-20T11:16:47.170+0000] {processor.py:161} INFO - Started process (PID=130) to work on /home/airflow/.local/lib/python3.8/site-packages/airflow/example_dags/example_external_task_marker_dag.py
[2025-01-20T11:16:47.172+0000] {processor.py:830} INFO - Processing file /home/airflow/.local/lib/python3.8/site-packages/airflow/example_dags/example_external_task_marker_dag.py for tasks to queue
[2025-01-20T11:16:47.174+0000] {logging_mixin.py:188} INFO - [2025-01-20T11:16:47.174+0000] {dagbag.py:538} INFO - Filling up the DagBag from /home/airflow/.local/lib/python3.8/site-packages/airflow/example_dags/example_external_task_marker_dag.py
[2025-01-20T11:16:47.182+0000] {processor.py:840} INFO - DAG(s) 'example_external_task_marker_child', 'example_external_task_marker_parent' retrieved from /home/airflow/.local/lib/python3.8/site-packages/airflow/example_dags/example_external_task_marker_dag.py
[2025-01-20T11:16:47.216+0000] {logging_mixin.py:188} INFO - [2025-01-20T11:16:47.216+0000] {dag.py:3036} INFO - Sync 2 DAGs
[2025-01-20T11:16:47.236+0000] {logging_mixin.py:188} INFO - [2025-01-20T11:16:47.235+0000] {dag.py:3823} INFO - Setting next_dagrun for example_external_task_marker_child to None, run_after=None
[2025-01-20T11:16:47.242+0000] {logging_mixin.py:188} INFO - [2025-01-20T11:16:47.242+0000] {dag.py:3823} INFO - Setting next_dagrun for example_external_task_marker_parent to None, run_after=None
[2025-01-20T11:16:47.269+0000] {processor.py:183} INFO - Processing /home/airflow/.local/lib/python3.8/site-packages/airflow/example_dags/example_external_task_marker_dag.py took 0.102 seconds
[2025-01-20T11:17:17.884+0000] {processor.py:161} INFO - Started process (PID=185) to work on /home/airflow/.local/lib/python3.8/site-packages/airflow/example_dags/example_external_task_marker_dag.py
[2025-01-20T11:17:17.886+0000] {processor.py:830} INFO - Processing file /home/airflow/.local/lib/python3.8/site-packages/airflow/example_dags/example_external_task_marker_dag.py for tasks to queue
[2025-01-20T11:17:17.888+0000] {logging_mixin.py:188} INFO - [2025-01-20T11:17:17.888+0000] {dagbag.py:538} INFO - Filling up the DagBag from /home/airflow/.local/lib/python3.8/site-packages/airflow/example_dags/example_external_task_marker_dag.py
[2025-01-20T11:17:17.896+0000] {processor.py:840} INFO - DAG(s) 'example_external_task_marker_parent', 'example_external_task_marker_child' retrieved from /home/airflow/.local/lib/python3.8/site-packages/airflow/example_dags/example_external_task_marker_dag.py
[2025-01-20T11:17:17.928+0000] {logging_mixin.py:188} INFO - [2025-01-20T11:17:17.928+0000] {dag.py:3036} INFO - Sync 2 DAGs
[2025-01-20T11:17:17.946+0000] {logging_mixin.py:188} INFO - [2025-01-20T11:17:17.945+0000] {dag.py:3823} INFO - Setting next_dagrun for example_external_task_marker_child to None, run_after=None
[2025-01-20T11:17:17.950+0000] {logging_mixin.py:188} INFO - [2025-01-20T11:17:17.950+0000] {dag.py:3823} INFO - Setting next_dagrun for example_external_task_marker_parent to None, run_after=None
[2025-01-20T11:17:17.973+0000] {processor.py:183} INFO - Processing /home/airflow/.local/lib/python3.8/site-packages/airflow/example_dags/example_external_task_marker_dag.py took 0.093 seconds
[2025-01-20T11:17:48.292+0000] {processor.py:161} INFO - Started process (PID=240) to work on /home/airflow/.local/lib/python3.8/site-packages/airflow/example_dags/example_external_task_marker_dag.py
[2025-01-20T11:17:48.294+0000] {processor.py:830} INFO - Processing file /home/airflow/.local/lib/python3.8/site-packages/airflow/example_dags/example_external_task_marker_dag.py for tasks to queue
[2025-01-20T11:17:48.297+0000] {logging_mixin.py:188} INFO - [2025-01-20T11:17:48.296+0000] {dagbag.py:538} INFO - Filling up the DagBag from /home/airflow/.local/lib/python3.8/site-packages/airflow/example_dags/example_external_task_marker_dag.py
[2025-01-20T11:17:48.305+0000] {processor.py:840} INFO - DAG(s) 'example_external_task_marker_parent', 'example_external_task_marker_child' retrieved from /home/airflow/.local/lib/python3.8/site-packages/airflow/example_dags/example_external_task_marker_dag.py
[2025-01-20T11:17:48.341+0000] {logging_mixin.py:188} INFO - [2025-01-20T11:17:48.341+0000] {dag.py:3036} INFO - Sync 2 DAGs
[2025-01-20T11:17:48.360+0000] {logging_mixin.py:188} INFO - [2025-01-20T11:17:48.360+0000] {dag.py:3823} INFO - Setting next_dagrun for example_external_task_marker_child to None, run_after=None
[2025-01-20T11:17:48.366+0000] {logging_mixin.py:188} INFO - [2025-01-20T11:17:48.365+0000] {dag.py:3823} INFO - Setting next_dagrun for example_external_task_marker_parent to None, run_after=None
[2025-01-20T11:17:48.397+0000] {processor.py:183} INFO - Processing /home/airflow/.local/lib/python3.8/site-packages/airflow/example_dags/example_external_task_marker_dag.py took 0.109 seconds
[2025-01-20T11:18:18.611+0000] {processor.py:161} INFO - Started process (PID=295) to work on /home/airflow/.local/lib/python3.8/site-packages/airflow/example_dags/example_external_task_marker_dag.py
[2025-01-20T11:18:18.613+0000] {processor.py:830} INFO - Processing file /home/airflow/.local/lib/python3.8/site-packages/airflow/example_dags/example_external_task_marker_dag.py for tasks to queue
[2025-01-20T11:18:18.617+0000] {logging_mixin.py:188} INFO - [2025-01-20T11:18:18.616+0000] {dagbag.py:538} INFO - Filling up the DagBag from /home/airflow/.local/lib/python3.8/site-packages/airflow/example_dags/example_external_task_marker_dag.py
[2025-01-20T11:18:18.631+0000] {processor.py:840} INFO - DAG(s) 'example_external_task_marker_parent', 'example_external_task_marker_child' retrieved from /home/airflow/.local/lib/python3.8/site-packages/airflow/example_dags/example_external_task_marker_dag.py
[2025-01-20T11:18:18.684+0000] {logging_mixin.py:188} INFO - [2025-01-20T11:18:18.683+0000] {dag.py:3036} INFO - Sync 2 DAGs
[2025-01-20T11:18:18.875+0000] {logging_mixin.py:188} INFO - [2025-01-20T11:18:18.875+0000] {dag.py:3823} INFO - Setting next_dagrun for example_external_task_marker_child to None, run_after=None
[2025-01-20T11:18:18.891+0000] {logging_mixin.py:188} INFO - [2025-01-20T11:18:18.890+0000] {dag.py:3823} INFO - Setting next_dagrun for example_external_task_marker_parent to None, run_after=None
[2025-01-20T11:18:18.955+0000] {processor.py:183} INFO - Processing /home/airflow/.local/lib/python3.8/site-packages/airflow/example_dags/example_external_task_marker_dag.py took 0.350 seconds
[2025-01-20T11:18:48.997+0000] {processor.py:161} INFO - Started process (PID=350) to work on /home/airflow/.local/lib/python3.8/site-packages/airflow/example_dags/example_external_task_marker_dag.py
[2025-01-20T11:18:48.999+0000] {processor.py:830} INFO - Processing file /home/airflow/.local/lib/python3.8/site-packages/airflow/example_dags/example_external_task_marker_dag.py for tasks to queue
[2025-01-20T11:18:49.001+0000] {logging_mixin.py:188} INFO - [2025-01-20T11:18:49.001+0000] {dagbag.py:538} INFO - Filling up the DagBag from /home/airflow/.local/lib/python3.8/site-packages/airflow/example_dags/example_external_task_marker_dag.py
[2025-01-20T11:18:49.010+0000] {processor.py:840} INFO - DAG(s) 'example_external_task_marker_child', 'example_external_task_marker_parent' retrieved from /home/airflow/.local/lib/python3.8/site-packages/airflow/example_dags/example_external_task_marker_dag.py
[2025-01-20T11:18:49.046+0000] {logging_mixin.py:188} INFO - [2025-01-20T11:18:49.046+0000] {dag.py:3036} INFO - Sync 2 DAGs
[2025-01-20T11:18:49.063+0000] {logging_mixin.py:188} INFO - [2025-01-20T11:18:49.063+0000] {dag.py:3823} INFO - Setting next_dagrun for example_external_task_marker_child to None, run_after=None
[2025-01-20T11:18:49.069+0000] {logging_mixin.py:188} INFO - [2025-01-20T11:18:49.069+0000] {dag.py:3823} INFO - Setting next_dagrun for example_external_task_marker_parent to None, run_after=None
[2025-01-20T11:18:49.095+0000] {processor.py:183} INFO - Processing /home/airflow/.local/lib/python3.8/site-packages/airflow/example_dags/example_external_task_marker_dag.py took 0.102 seconds
[2025-01-20T11:19:19.268+0000] {processor.py:161} INFO - Started process (PID=405) to work on /home/airflow/.local/lib/python3.8/site-packages/airflow/example_dags/example_external_task_marker_dag.py
[2025-01-20T11:19:19.270+0000] {processor.py:830} INFO - Processing file /home/airflow/.local/lib/python3.8/site-packages/airflow/example_dags/example_external_task_marker_dag.py for tasks to queue
[2025-01-20T11:19:19.273+0000] {logging_mixin.py:188} INFO - [2025-01-20T11:19:19.272+0000] {dagbag.py:538} INFO - Filling up the DagBag from /home/airflow/.local/lib/python3.8/site-packages/airflow/example_dags/example_external_task_marker_dag.py
[2025-01-20T11:19:19.283+0000] {processor.py:840} INFO - DAG(s) 'example_external_task_marker_parent', 'example_external_task_marker_child' retrieved from /home/airflow/.local/lib/python3.8/site-packages/airflow/example_dags/example_external_task_marker_dag.py
[2025-01-20T11:19:19.329+0000] {logging_mixin.py:188} INFO - [2025-01-20T11:19:19.328+0000] {dag.py:3036} INFO - Sync 2 DAGs
[2025-01-20T11:19:19.348+0000] {logging_mixin.py:188} INFO - [2025-01-20T11:19:19.348+0000] {dag.py:3823} INFO - Setting next_dagrun for example_external_task_marker_child to None, run_after=None
[2025-01-20T11:19:19.354+0000] {logging_mixin.py:188} INFO - [2025-01-20T11:19:19.354+0000] {dag.py:3823} INFO - Setting next_dagrun for example_external_task_marker_parent to None, run_after=None
[2025-01-20T11:19:19.382+0000] {processor.py:183} INFO - Processing /home/airflow/.local/lib/python3.8/site-packages/airflow/example_dags/example_external_task_marker_dag.py took 0.119 seconds
[2025-01-20T11:19:49.668+0000] {processor.py:161} INFO - Started process (PID=460) to work on /home/airflow/.local/lib/python3.8/site-packages/airflow/example_dags/example_external_task_marker_dag.py
[2025-01-20T11:19:49.669+0000] {processor.py:830} INFO - Processing file /home/airflow/.local/lib/python3.8/site-packages/airflow/example_dags/example_external_task_marker_dag.py for tasks to queue
[2025-01-20T11:19:49.671+0000] {logging_mixin.py:188} INFO - [2025-01-20T11:19:49.671+0000] {dagbag.py:538} INFO - Filling up the DagBag from /home/airflow/.local/lib/python3.8/site-packages/airflow/example_dags/example_external_task_marker_dag.py
[2025-01-20T11:19:49.680+0000] {processor.py:840} INFO - DAG(s) 'example_external_task_marker_parent', 'example_external_task_marker_child' retrieved from /home/airflow/.local/lib/python3.8/site-packages/airflow/example_dags/example_external_task_marker_dag.py
[2025-01-20T11:19:49.714+0000] {logging_mixin.py:188} INFO - [2025-01-20T11:19:49.713+0000] {dag.py:3036} INFO - Sync 2 DAGs
[2025-01-20T11:19:49.732+0000] {logging_mixin.py:188} INFO - [2025-01-20T11:19:49.732+0000] {dag.py:3823} INFO - Setting next_dagrun for example_external_task_marker_child to None, run_after=None
[2025-01-20T11:19:49.738+0000] {logging_mixin.py:188} INFO - [2025-01-20T11:19:49.737+0000] {dag.py:3823} INFO - Setting next_dagrun for example_external_task_marker_parent to None, run_after=None
[2025-01-20T11:19:49.764+0000] {processor.py:183} INFO - Processing /home/airflow/.local/lib/python3.8/site-packages/airflow/example_dags/example_external_task_marker_dag.py took 0.100 seconds
[2025-01-20T11:20:20.583+0000] {processor.py:161} INFO - Started process (PID=515) to work on /home/airflow/.local/lib/python3.8/site-packages/airflow/example_dags/example_external_task_marker_dag.py
[2025-01-20T11:20:20.584+0000] {processor.py:830} INFO - Processing file /home/airflow/.local/lib/python3.8/site-packages/airflow/example_dags/example_external_task_marker_dag.py for tasks to queue
[2025-01-20T11:20:20.587+0000] {logging_mixin.py:188} INFO - [2025-01-20T11:20:20.586+0000] {dagbag.py:538} INFO - Filling up the DagBag from /home/airflow/.local/lib/python3.8/site-packages/airflow/example_dags/example_external_task_marker_dag.py
[2025-01-20T11:20:20.595+0000] {processor.py:840} INFO - DAG(s) 'example_external_task_marker_parent', 'example_external_task_marker_child' retrieved from /home/airflow/.local/lib/python3.8/site-packages/airflow/example_dags/example_external_task_marker_dag.py
[2025-01-20T11:20:20.629+0000] {logging_mixin.py:188} INFO - [2025-01-20T11:20:20.628+0000] {dag.py:3036} INFO - Sync 2 DAGs
[2025-01-20T11:20:20.660+0000] {logging_mixin.py:188} INFO - [2025-01-20T11:20:20.659+0000] {dag.py:3823} INFO - Setting next_dagrun for example_external_task_marker_child to None, run_after=None
[2025-01-20T11:20:20.678+0000] {logging_mixin.py:188} INFO - [2025-01-20T11:20:20.677+0000] {dag.py:3823} INFO - Setting next_dagrun for example_external_task_marker_parent to None, run_after=None
[2025-01-20T11:20:20.781+0000] {processor.py:183} INFO - Processing /home/airflow/.local/lib/python3.8/site-packages/airflow/example_dags/example_external_task_marker_dag.py took 0.202 seconds
[2025-01-20T11:20:51.308+0000] {processor.py:161} INFO - Started process (PID=570) to work on /home/airflow/.local/lib/python3.8/site-packages/airflow/example_dags/example_external_task_marker_dag.py
[2025-01-20T11:20:51.311+0000] {processor.py:830} INFO - Processing file /home/airflow/.local/lib/python3.8/site-packages/airflow/example_dags/example_external_task_marker_dag.py for tasks to queue
[2025-01-20T11:20:51.315+0000] {logging_mixin.py:188} INFO - [2025-01-20T11:20:51.314+0000] {dagbag.py:538} INFO - Filling up the DagBag from /home/airflow/.local/lib/python3.8/site-packages/airflow/example_dags/example_external_task_marker_dag.py
[2025-01-20T11:20:51.330+0000] {processor.py:840} INFO - DAG(s) 'example_external_task_marker_child', 'example_external_task_marker_parent' retrieved from /home/airflow/.local/lib/python3.8/site-packages/airflow/example_dags/example_external_task_marker_dag.py
[2025-01-20T11:20:51.410+0000] {logging_mixin.py:188} INFO - [2025-01-20T11:20:51.406+0000] {dag.py:3036} INFO - Sync 2 DAGs
[2025-01-20T11:20:51.477+0000] {logging_mixin.py:188} INFO - [2025-01-20T11:20:51.476+0000] {dag.py:3823} INFO - Setting next_dagrun for example_external_task_marker_child to None, run_after=None
[2025-01-20T11:20:51.490+0000] {logging_mixin.py:188} INFO - [2025-01-20T11:20:51.489+0000] {dag.py:3823} INFO - Setting next_dagrun for example_external_task_marker_parent to None, run_after=None
[2025-01-20T11:20:51.541+0000] {processor.py:183} INFO - Processing /home/airflow/.local/lib/python3.8/site-packages/airflow/example_dags/example_external_task_marker_dag.py took 0.239 seconds
[2025-01-20T11:21:21.869+0000] {processor.py:161} INFO - Started process (PID=625) to work on /home/airflow/.local/lib/python3.8/site-packages/airflow/example_dags/example_external_task_marker_dag.py
[2025-01-20T11:21:21.873+0000] {processor.py:830} INFO - Processing file /home/airflow/.local/lib/python3.8/site-packages/airflow/example_dags/example_external_task_marker_dag.py for tasks to queue
[2025-01-20T11:21:21.879+0000] {logging_mixin.py:188} INFO - [2025-01-20T11:21:21.878+0000] {dagbag.py:538} INFO - Filling up the DagBag from /home/airflow/.local/lib/python3.8/site-packages/airflow/example_dags/example_external_task_marker_dag.py
[2025-01-20T11:21:21.901+0000] {processor.py:840} INFO - DAG(s) 'example_external_task_marker_parent', 'example_external_task_marker_child' retrieved from /home/airflow/.local/lib/python3.8/site-packages/airflow/example_dags/example_external_task_marker_dag.py
[2025-01-20T11:21:21.987+0000] {logging_mixin.py:188} INFO - [2025-01-20T11:21:21.986+0000] {dag.py:3036} INFO - Sync 2 DAGs
[2025-01-20T11:21:22.016+0000] {logging_mixin.py:188} INFO - [2025-01-20T11:21:22.016+0000] {dag.py:3823} INFO - Setting next_dagrun for example_external_task_marker_child to None, run_after=None
[2025-01-20T11:21:22.026+0000] {logging_mixin.py:188} INFO - [2025-01-20T11:21:22.025+0000] {dag.py:3823} INFO - Setting next_dagrun for example_external_task_marker_parent to None, run_after=None
[2025-01-20T11:21:22.061+0000] {processor.py:183} INFO - Processing /home/airflow/.local/lib/python3.8/site-packages/airflow/example_dags/example_external_task_marker_dag.py took 0.203 seconds
[2025-01-20T11:21:52.216+0000] {processor.py:161} INFO - Started process (PID=680) to work on /home/airflow/.local/lib/python3.8/site-packages/airflow/example_dags/example_external_task_marker_dag.py
[2025-01-20T11:21:52.219+0000] {processor.py:830} INFO - Processing file /home/airflow/.local/lib/python3.8/site-packages/airflow/example_dags/example_external_task_marker_dag.py for tasks to queue
[2025-01-20T11:21:52.225+0000] {logging_mixin.py:188} INFO - [2025-01-20T11:21:52.224+0000] {dagbag.py:538} INFO - Filling up the DagBag from /home/airflow/.local/lib/python3.8/site-packages/airflow/example_dags/example_external_task_marker_dag.py
[2025-01-20T11:21:52.240+0000] {processor.py:840} INFO - DAG(s) 'example_external_task_marker_parent', 'example_external_task_marker_child' retrieved from /home/airflow/.local/lib/python3.8/site-packages/airflow/example_dags/example_external_task_marker_dag.py
[2025-01-20T11:21:52.320+0000] {logging_mixin.py:188} INFO - [2025-01-20T11:21:52.319+0000] {dag.py:3036} INFO - Sync 2 DAGs
[2025-01-20T11:21:52.379+0000] {logging_mixin.py:188} INFO - [2025-01-20T11:21:52.379+0000] {dag.py:3823} INFO - Setting next_dagrun for example_external_task_marker_child to None, run_after=None
[2025-01-20T11:21:52.396+0000] {logging_mixin.py:188} INFO - [2025-01-20T11:21:52.395+0000] {dag.py:3823} INFO - Setting next_dagrun for example_external_task_marker_parent to None, run_after=None
[2025-01-20T11:21:52.446+0000] {processor.py:183} INFO - Processing /home/airflow/.local/lib/python3.8/site-packages/airflow/example_dags/example_external_task_marker_dag.py took 0.238 seconds
[2025-01-20T11:22:23.305+0000] {processor.py:161} INFO - Started process (PID=735) to work on /home/airflow/.local/lib/python3.8/site-packages/airflow/example_dags/example_external_task_marker_dag.py
[2025-01-20T11:22:23.307+0000] {processor.py:830} INFO - Processing file /home/airflow/.local/lib/python3.8/site-packages/airflow/example_dags/example_external_task_marker_dag.py for tasks to queue
[2025-01-20T11:22:23.310+0000] {logging_mixin.py:188} INFO - [2025-01-20T11:22:23.310+0000] {dagbag.py:538} INFO - Filling up the DagBag from /home/airflow/.local/lib/python3.8/site-packages/airflow/example_dags/example_external_task_marker_dag.py
[2025-01-20T11:22:23.321+0000] {processor.py:840} INFO - DAG(s) 'example_external_task_marker_child', 'example_external_task_marker_parent' retrieved from /home/airflow/.local/lib/python3.8/site-packages/airflow/example_dags/example_external_task_marker_dag.py
[2025-01-20T11:22:23.367+0000] {logging_mixin.py:188} INFO - [2025-01-20T11:22:23.367+0000] {dag.py:3036} INFO - Sync 2 DAGs
[2025-01-20T11:22:23.394+0000] {logging_mixin.py:188} INFO - [2025-01-20T11:22:23.393+0000] {dag.py:3823} INFO - Setting next_dagrun for example_external_task_marker_child to None, run_after=None
[2025-01-20T11:22:23.401+0000] {logging_mixin.py:188} INFO - [2025-01-20T11:22:23.400+0000] {dag.py:3823} INFO - Setting next_dagrun for example_external_task_marker_parent to None, run_after=None
[2025-01-20T11:22:23.447+0000] {processor.py:183} INFO - Processing /home/airflow/.local/lib/python3.8/site-packages/airflow/example_dags/example_external_task_marker_dag.py took 0.147 seconds
[2025-01-20T11:22:53.707+0000] {processor.py:161} INFO - Started process (PID=791) to work on /home/airflow/.local/lib/python3.8/site-packages/airflow/example_dags/example_external_task_marker_dag.py
[2025-01-20T11:22:53.709+0000] {processor.py:830} INFO - Processing file /home/airflow/.local/lib/python3.8/site-packages/airflow/example_dags/example_external_task_marker_dag.py for tasks to queue
[2025-01-20T11:22:53.715+0000] {logging_mixin.py:188} INFO - [2025-01-20T11:22:53.714+0000] {dagbag.py:538} INFO - Filling up the DagBag from /home/airflow/.local/lib/python3.8/site-packages/airflow/example_dags/example_external_task_marker_dag.py
[2025-01-20T11:22:53.731+0000] {processor.py:840} INFO - DAG(s) 'example_external_task_marker_parent', 'example_external_task_marker_child' retrieved from /home/airflow/.local/lib/python3.8/site-packages/airflow/example_dags/example_external_task_marker_dag.py
[2025-01-20T11:22:53.805+0000] {logging_mixin.py:188} INFO - [2025-01-20T11:22:53.804+0000] {dag.py:3036} INFO - Sync 2 DAGs
[2025-01-20T11:22:53.841+0000] {logging_mixin.py:188} INFO - [2025-01-20T11:22:53.841+0000] {dag.py:3823} INFO - Setting next_dagrun for example_external_task_marker_child to None, run_after=None
[2025-01-20T11:22:53.854+0000] {logging_mixin.py:188} INFO - [2025-01-20T11:22:53.853+0000] {dag.py:3823} INFO - Setting next_dagrun for example_external_task_marker_parent to None, run_after=None
[2025-01-20T11:22:53.936+0000] {processor.py:183} INFO - Processing /home/airflow/.local/lib/python3.8/site-packages/airflow/example_dags/example_external_task_marker_dag.py took 0.237 seconds
[2025-01-20T11:23:24.131+0000] {processor.py:161} INFO - Started process (PID=846) to work on /home/airflow/.local/lib/python3.8/site-packages/airflow/example_dags/example_external_task_marker_dag.py
[2025-01-20T11:23:24.132+0000] {processor.py:830} INFO - Processing file /home/airflow/.local/lib/python3.8/site-packages/airflow/example_dags/example_external_task_marker_dag.py for tasks to queue
[2025-01-20T11:23:24.135+0000] {logging_mixin.py:188} INFO - [2025-01-20T11:23:24.135+0000] {dagbag.py:538} INFO - Filling up the DagBag from /home/airflow/.local/lib/python3.8/site-packages/airflow/example_dags/example_external_task_marker_dag.py
[2025-01-20T11:23:24.143+0000] {processor.py:840} INFO - DAG(s) 'example_external_task_marker_parent', 'example_external_task_marker_child' retrieved from /home/airflow/.local/lib/python3.8/site-packages/airflow/example_dags/example_external_task_marker_dag.py
[2025-01-20T11:23:24.179+0000] {logging_mixin.py:188} INFO - [2025-01-20T11:23:24.178+0000] {dag.py:3036} INFO - Sync 2 DAGs
[2025-01-20T11:23:24.201+0000] {logging_mixin.py:188} INFO - [2025-01-20T11:23:24.200+0000] {dag.py:3823} INFO - Setting next_dagrun for example_external_task_marker_child to None, run_after=None
[2025-01-20T11:23:24.207+0000] {logging_mixin.py:188} INFO - [2025-01-20T11:23:24.206+0000] {dag.py:3823} INFO - Setting next_dagrun for example_external_task_marker_parent to None, run_after=None
[2025-01-20T11:23:24.240+0000] {processor.py:183} INFO - Processing /home/airflow/.local/lib/python3.8/site-packages/airflow/example_dags/example_external_task_marker_dag.py took 0.113 seconds
[2025-01-20T11:23:54.440+0000] {processor.py:161} INFO - Started process (PID=901) to work on /home/airflow/.local/lib/python3.8/site-packages/airflow/example_dags/example_external_task_marker_dag.py
[2025-01-20T11:23:54.457+0000] {processor.py:830} INFO - Processing file /home/airflow/.local/lib/python3.8/site-packages/airflow/example_dags/example_external_task_marker_dag.py for tasks to queue
[2025-01-20T11:23:54.469+0000] {logging_mixin.py:188} INFO - [2025-01-20T11:23:54.467+0000] {dagbag.py:538} INFO - Filling up the DagBag from /home/airflow/.local/lib/python3.8/site-packages/airflow/example_dags/example_external_task_marker_dag.py
[2025-01-20T11:23:54.506+0000] {processor.py:840} INFO - DAG(s) 'example_external_task_marker_child', 'example_external_task_marker_parent' retrieved from /home/airflow/.local/lib/python3.8/site-packages/airflow/example_dags/example_external_task_marker_dag.py
[2025-01-20T11:23:54.635+0000] {logging_mixin.py:188} INFO - [2025-01-20T11:23:54.632+0000] {dag.py:3036} INFO - Sync 2 DAGs
[2025-01-20T11:23:54.719+0000] {logging_mixin.py:188} INFO - [2025-01-20T11:23:54.718+0000] {dag.py:3823} INFO - Setting next_dagrun for example_external_task_marker_child to None, run_after=None
[2025-01-20T11:23:54.738+0000] {logging_mixin.py:188} INFO - [2025-01-20T11:23:54.737+0000] {dag.py:3823} INFO - Setting next_dagrun for example_external_task_marker_parent to None, run_after=None
[2025-01-20T11:23:54.794+0000] {processor.py:183} INFO - Processing /home/airflow/.local/lib/python3.8/site-packages/airflow/example_dags/example_external_task_marker_dag.py took 0.371 seconds
[2025-01-20T11:24:25.450+0000] {processor.py:161} INFO - Started process (PID=955) to work on /home/airflow/.local/lib/python3.8/site-packages/airflow/example_dags/example_external_task_marker_dag.py
[2025-01-20T11:24:25.453+0000] {processor.py:830} INFO - Processing file /home/airflow/.local/lib/python3.8/site-packages/airflow/example_dags/example_external_task_marker_dag.py for tasks to queue
[2025-01-20T11:24:25.456+0000] {logging_mixin.py:188} INFO - [2025-01-20T11:24:25.456+0000] {dagbag.py:538} INFO - Filling up the DagBag from /home/airflow/.local/lib/python3.8/site-packages/airflow/example_dags/example_external_task_marker_dag.py
[2025-01-20T11:24:25.469+0000] {processor.py:840} INFO - DAG(s) 'example_external_task_marker_child', 'example_external_task_marker_parent' retrieved from /home/airflow/.local/lib/python3.8/site-packages/airflow/example_dags/example_external_task_marker_dag.py
[2025-01-20T11:24:25.511+0000] {logging_mixin.py:188} INFO - [2025-01-20T11:24:25.510+0000] {dag.py:3036} INFO - Sync 2 DAGs
[2025-01-20T11:24:25.532+0000] {logging_mixin.py:188} INFO - [2025-01-20T11:24:25.532+0000] {dag.py:3823} INFO - Setting next_dagrun for example_external_task_marker_child to None, run_after=None
[2025-01-20T11:24:25.538+0000] {logging_mixin.py:188} INFO - [2025-01-20T11:24:25.538+0000] {dag.py:3823} INFO - Setting next_dagrun for example_external_task_marker_parent to None, run_after=None
[2025-01-20T11:24:25.584+0000] {processor.py:183} INFO - Processing /home/airflow/.local/lib/python3.8/site-packages/airflow/example_dags/example_external_task_marker_dag.py took 0.139 seconds
[2025-01-20T11:24:56.040+0000] {processor.py:161} INFO - Started process (PID=1010) to work on /home/airflow/.local/lib/python3.8/site-packages/airflow/example_dags/example_external_task_marker_dag.py
[2025-01-20T11:24:56.042+0000] {processor.py:830} INFO - Processing file /home/airflow/.local/lib/python3.8/site-packages/airflow/example_dags/example_external_task_marker_dag.py for tasks to queue
[2025-01-20T11:24:56.045+0000] {logging_mixin.py:188} INFO - [2025-01-20T11:24:56.045+0000] {dagbag.py:538} INFO - Filling up the DagBag from /home/airflow/.local/lib/python3.8/site-packages/airflow/example_dags/example_external_task_marker_dag.py
[2025-01-20T11:24:56.055+0000] {processor.py:840} INFO - DAG(s) 'example_external_task_marker_parent', 'example_external_task_marker_child' retrieved from /home/airflow/.local/lib/python3.8/site-packages/airflow/example_dags/example_external_task_marker_dag.py
[2025-01-20T11:24:56.095+0000] {logging_mixin.py:188} INFO - [2025-01-20T11:24:56.095+0000] {dag.py:3036} INFO - Sync 2 DAGs
[2025-01-20T11:24:56.116+0000] {logging_mixin.py:188} INFO - [2025-01-20T11:24:56.116+0000] {dag.py:3823} INFO - Setting next_dagrun for example_external_task_marker_child to None, run_after=None
[2025-01-20T11:24:56.122+0000] {logging_mixin.py:188} INFO - [2025-01-20T11:24:56.122+0000] {dag.py:3823} INFO - Setting next_dagrun for example_external_task_marker_parent to None, run_after=None
[2025-01-20T11:24:56.150+0000] {processor.py:183} INFO - Processing /home/airflow/.local/lib/python3.8/site-packages/airflow/example_dags/example_external_task_marker_dag.py took 0.115 seconds
[2025-01-20T11:25:26.830+0000] {processor.py:161} INFO - Started process (PID=1065) to work on /home/airflow/.local/lib/python3.8/site-packages/airflow/example_dags/example_external_task_marker_dag.py
[2025-01-20T11:25:26.833+0000] {processor.py:830} INFO - Processing file /home/airflow/.local/lib/python3.8/site-packages/airflow/example_dags/example_external_task_marker_dag.py for tasks to queue
[2025-01-20T11:25:26.837+0000] {logging_mixin.py:188} INFO - [2025-01-20T11:25:26.836+0000] {dagbag.py:538} INFO - Filling up the DagBag from /home/airflow/.local/lib/python3.8/site-packages/airflow/example_dags/example_external_task_marker_dag.py
[2025-01-20T11:25:26.851+0000] {processor.py:840} INFO - DAG(s) 'example_external_task_marker_child', 'example_external_task_marker_parent' retrieved from /home/airflow/.local/lib/python3.8/site-packages/airflow/example_dags/example_external_task_marker_dag.py
[2025-01-20T11:25:26.908+0000] {logging_mixin.py:188} INFO - [2025-01-20T11:25:26.907+0000] {dag.py:3036} INFO - Sync 2 DAGs
[2025-01-20T11:25:26.942+0000] {logging_mixin.py:188} INFO - [2025-01-20T11:25:26.941+0000] {dag.py:3823} INFO - Setting next_dagrun for example_external_task_marker_child to None, run_after=None
[2025-01-20T11:25:26.952+0000] {logging_mixin.py:188} INFO - [2025-01-20T11:25:26.952+0000] {dag.py:3823} INFO - Setting next_dagrun for example_external_task_marker_parent to None, run_after=None
[2025-01-20T11:25:26.984+0000] {processor.py:183} INFO - Processing /home/airflow/.local/lib/python3.8/site-packages/airflow/example_dags/example_external_task_marker_dag.py took 0.160 seconds
[2025-01-20T11:25:57.219+0000] {processor.py:161} INFO - Started process (PID=1120) to work on /home/airflow/.local/lib/python3.8/site-packages/airflow/example_dags/example_external_task_marker_dag.py
[2025-01-20T11:25:57.221+0000] {processor.py:830} INFO - Processing file /home/airflow/.local/lib/python3.8/site-packages/airflow/example_dags/example_external_task_marker_dag.py for tasks to queue
[2025-01-20T11:25:57.227+0000] {logging_mixin.py:188} INFO - [2025-01-20T11:25:57.226+0000] {dagbag.py:538} INFO - Filling up the DagBag from /home/airflow/.local/lib/python3.8/site-packages/airflow/example_dags/example_external_task_marker_dag.py
[2025-01-20T11:25:57.236+0000] {processor.py:840} INFO - DAG(s) 'example_external_task_marker_child', 'example_external_task_marker_parent' retrieved from /home/airflow/.local/lib/python3.8/site-packages/airflow/example_dags/example_external_task_marker_dag.py
[2025-01-20T11:25:57.272+0000] {logging_mixin.py:188} INFO - [2025-01-20T11:25:57.272+0000] {dag.py:3036} INFO - Sync 2 DAGs
[2025-01-20T11:25:57.293+0000] {logging_mixin.py:188} INFO - [2025-01-20T11:25:57.293+0000] {dag.py:3823} INFO - Setting next_dagrun for example_external_task_marker_child to None, run_after=None
[2025-01-20T11:25:57.299+0000] {logging_mixin.py:188} INFO - [2025-01-20T11:25:57.299+0000] {dag.py:3823} INFO - Setting next_dagrun for example_external_task_marker_parent to None, run_after=None
[2025-01-20T11:25:57.331+0000] {processor.py:183} INFO - Processing /home/airflow/.local/lib/python3.8/site-packages/airflow/example_dags/example_external_task_marker_dag.py took 0.117 seconds
[2025-01-20T11:26:27.828+0000] {processor.py:161} INFO - Started process (PID=1175) to work on /home/airflow/.local/lib/python3.8/site-packages/airflow/example_dags/example_external_task_marker_dag.py
[2025-01-20T11:26:27.830+0000] {processor.py:830} INFO - Processing file /home/airflow/.local/lib/python3.8/site-packages/airflow/example_dags/example_external_task_marker_dag.py for tasks to queue
[2025-01-20T11:26:27.834+0000] {logging_mixin.py:188} INFO - [2025-01-20T11:26:27.833+0000] {dagbag.py:538} INFO - Filling up the DagBag from /home/airflow/.local/lib/python3.8/site-packages/airflow/example_dags/example_external_task_marker_dag.py
[2025-01-20T11:26:27.846+0000] {processor.py:840} INFO - DAG(s) 'example_external_task_marker_child', 'example_external_task_marker_parent' retrieved from /home/airflow/.local/lib/python3.8/site-packages/airflow/example_dags/example_external_task_marker_dag.py
[2025-01-20T11:26:27.888+0000] {logging_mixin.py:188} INFO - [2025-01-20T11:26:27.888+0000] {dag.py:3036} INFO - Sync 2 DAGs
[2025-01-20T11:26:27.908+0000] {logging_mixin.py:188} INFO - [2025-01-20T11:26:27.908+0000] {dag.py:3823} INFO - Setting next_dagrun for example_external_task_marker_child to None, run_after=None
[2025-01-20T11:26:27.914+0000] {logging_mixin.py:188} INFO - [2025-01-20T11:26:27.913+0000] {dag.py:3823} INFO - Setting next_dagrun for example_external_task_marker_parent to None, run_after=None
[2025-01-20T11:26:27.942+0000] {processor.py:183} INFO - Processing /home/airflow/.local/lib/python3.8/site-packages/airflow/example_dags/example_external_task_marker_dag.py took 0.122 seconds
[2025-01-20T11:26:58.544+0000] {processor.py:161} INFO - Started process (PID=1230) to work on /home/airflow/.local/lib/python3.8/site-packages/airflow/example_dags/example_external_task_marker_dag.py
[2025-01-20T11:26:58.551+0000] {processor.py:830} INFO - Processing file /home/airflow/.local/lib/python3.8/site-packages/airflow/example_dags/example_external_task_marker_dag.py for tasks to queue
[2025-01-20T11:26:58.569+0000] {logging_mixin.py:188} INFO - [2025-01-20T11:26:58.559+0000] {dagbag.py:538} INFO - Filling up the DagBag from /home/airflow/.local/lib/python3.8/site-packages/airflow/example_dags/example_external_task_marker_dag.py
[2025-01-20T11:26:58.611+0000] {processor.py:840} INFO - DAG(s) 'example_external_task_marker_child', 'example_external_task_marker_parent' retrieved from /home/airflow/.local/lib/python3.8/site-packages/airflow/example_dags/example_external_task_marker_dag.py
[2025-01-20T11:26:58.681+0000] {logging_mixin.py:188} INFO - [2025-01-20T11:26:58.680+0000] {dag.py:3036} INFO - Sync 2 DAGs
[2025-01-20T11:26:58.717+0000] {logging_mixin.py:188} INFO - [2025-01-20T11:26:58.717+0000] {dag.py:3823} INFO - Setting next_dagrun for example_external_task_marker_child to None, run_after=None
[2025-01-20T11:26:58.727+0000] {logging_mixin.py:188} INFO - [2025-01-20T11:26:58.726+0000] {dag.py:3823} INFO - Setting next_dagrun for example_external_task_marker_parent to None, run_after=None
[2025-01-20T11:26:58.774+0000] {processor.py:183} INFO - Processing /home/airflow/.local/lib/python3.8/site-packages/airflow/example_dags/example_external_task_marker_dag.py took 0.255 seconds
[2025-01-20T11:27:29.448+0000] {processor.py:161} INFO - Started process (PID=1283) to work on /home/airflow/.local/lib/python3.8/site-packages/airflow/example_dags/example_external_task_marker_dag.py
[2025-01-20T11:27:29.451+0000] {processor.py:830} INFO - Processing file /home/airflow/.local/lib/python3.8/site-packages/airflow/example_dags/example_external_task_marker_dag.py for tasks to queue
[2025-01-20T11:27:29.457+0000] {logging_mixin.py:188} INFO - [2025-01-20T11:27:29.456+0000] {dagbag.py:538} INFO - Filling up the DagBag from /home/airflow/.local/lib/python3.8/site-packages/airflow/example_dags/example_external_task_marker_dag.py
[2025-01-20T11:27:29.469+0000] {processor.py:840} INFO - DAG(s) 'example_external_task_marker_parent', 'example_external_task_marker_child' retrieved from /home/airflow/.local/lib/python3.8/site-packages/airflow/example_dags/example_external_task_marker_dag.py
[2025-01-20T11:27:29.520+0000] {logging_mixin.py:188} INFO - [2025-01-20T11:27:29.519+0000] {dag.py:3036} INFO - Sync 2 DAGs
[2025-01-20T11:27:29.550+0000] {logging_mixin.py:188} INFO - [2025-01-20T11:27:29.550+0000] {dag.py:3823} INFO - Setting next_dagrun for example_external_task_marker_child to None, run_after=None
[2025-01-20T11:27:29.557+0000] {logging_mixin.py:188} INFO - [2025-01-20T11:27:29.557+0000] {dag.py:3823} INFO - Setting next_dagrun for example_external_task_marker_parent to None, run_after=None
[2025-01-20T11:27:29.603+0000] {processor.py:183} INFO - Processing /home/airflow/.local/lib/python3.8/site-packages/airflow/example_dags/example_external_task_marker_dag.py took 0.166 seconds
[2025-01-20T11:27:59.852+0000] {processor.py:161} INFO - Started process (PID=1338) to work on /home/airflow/.local/lib/python3.8/site-packages/airflow/example_dags/example_external_task_marker_dag.py
[2025-01-20T11:27:59.854+0000] {processor.py:830} INFO - Processing file /home/airflow/.local/lib/python3.8/site-packages/airflow/example_dags/example_external_task_marker_dag.py for tasks to queue
[2025-01-20T11:27:59.858+0000] {logging_mixin.py:188} INFO - [2025-01-20T11:27:59.857+0000] {dagbag.py:538} INFO - Filling up the DagBag from /home/airflow/.local/lib/python3.8/site-packages/airflow/example_dags/example_external_task_marker_dag.py
[2025-01-20T11:27:59.870+0000] {processor.py:840} INFO - DAG(s) 'example_external_task_marker_parent', 'example_external_task_marker_child' retrieved from /home/airflow/.local/lib/python3.8/site-packages/airflow/example_dags/example_external_task_marker_dag.py
[2025-01-20T11:27:59.917+0000] {logging_mixin.py:188} INFO - [2025-01-20T11:27:59.917+0000] {dag.py:3036} INFO - Sync 2 DAGs
[2025-01-20T11:27:59.940+0000] {logging_mixin.py:188} INFO - [2025-01-20T11:27:59.939+0000] {dag.py:3823} INFO - Setting next_dagrun for example_external_task_marker_child to None, run_after=None
[2025-01-20T11:27:59.946+0000] {logging_mixin.py:188} INFO - [2025-01-20T11:27:59.946+0000] {dag.py:3823} INFO - Setting next_dagrun for example_external_task_marker_parent to None, run_after=None
[2025-01-20T11:27:59.975+0000] {processor.py:183} INFO - Processing /home/airflow/.local/lib/python3.8/site-packages/airflow/example_dags/example_external_task_marker_dag.py took 0.129 seconds
[2025-01-20T11:28:30.034+0000] {processor.py:161} INFO - Started process (PID=1393) to work on /home/airflow/.local/lib/python3.8/site-packages/airflow/example_dags/example_external_task_marker_dag.py
[2025-01-20T11:28:30.036+0000] {processor.py:830} INFO - Processing file /home/airflow/.local/lib/python3.8/site-packages/airflow/example_dags/example_external_task_marker_dag.py for tasks to queue
[2025-01-20T11:28:30.038+0000] {logging_mixin.py:188} INFO - [2025-01-20T11:28:30.038+0000] {dagbag.py:538} INFO - Filling up the DagBag from /home/airflow/.local/lib/python3.8/site-packages/airflow/example_dags/example_external_task_marker_dag.py
[2025-01-20T11:28:30.046+0000] {processor.py:840} INFO - DAG(s) 'example_external_task_marker_parent', 'example_external_task_marker_child' retrieved from /home/airflow/.local/lib/python3.8/site-packages/airflow/example_dags/example_external_task_marker_dag.py
[2025-01-20T11:28:30.078+0000] {logging_mixin.py:188} INFO - [2025-01-20T11:28:30.077+0000] {dag.py:3036} INFO - Sync 2 DAGs
[2025-01-20T11:28:30.096+0000] {logging_mixin.py:188} INFO - [2025-01-20T11:28:30.095+0000] {dag.py:3823} INFO - Setting next_dagrun for example_external_task_marker_child to None, run_after=None
[2025-01-20T11:28:30.100+0000] {logging_mixin.py:188} INFO - [2025-01-20T11:28:30.100+0000] {dag.py:3823} INFO - Setting next_dagrun for example_external_task_marker_parent to None, run_after=None
[2025-01-20T11:28:30.124+0000] {processor.py:183} INFO - Processing /home/airflow/.local/lib/python3.8/site-packages/airflow/example_dags/example_external_task_marker_dag.py took 0.094 seconds
[2025-01-20T11:29:00.263+0000] {processor.py:161} INFO - Started process (PID=1448) to work on /home/airflow/.local/lib/python3.8/site-packages/airflow/example_dags/example_external_task_marker_dag.py
[2025-01-20T11:29:00.264+0000] {processor.py:830} INFO - Processing file /home/airflow/.local/lib/python3.8/site-packages/airflow/example_dags/example_external_task_marker_dag.py for tasks to queue
[2025-01-20T11:29:00.267+0000] {logging_mixin.py:188} INFO - [2025-01-20T11:29:00.267+0000] {dagbag.py:538} INFO - Filling up the DagBag from /home/airflow/.local/lib/python3.8/site-packages/airflow/example_dags/example_external_task_marker_dag.py
[2025-01-20T11:29:00.279+0000] {processor.py:840} INFO - DAG(s) 'example_external_task_marker_child', 'example_external_task_marker_parent' retrieved from /home/airflow/.local/lib/python3.8/site-packages/airflow/example_dags/example_external_task_marker_dag.py
[2025-01-20T11:29:00.318+0000] {logging_mixin.py:188} INFO - [2025-01-20T11:29:00.317+0000] {dag.py:3036} INFO - Sync 2 DAGs
[2025-01-20T11:29:00.339+0000] {logging_mixin.py:188} INFO - [2025-01-20T11:29:00.339+0000] {dag.py:3823} INFO - Setting next_dagrun for example_external_task_marker_child to None, run_after=None
[2025-01-20T11:29:00.345+0000] {logging_mixin.py:188} INFO - [2025-01-20T11:29:00.345+0000] {dag.py:3823} INFO - Setting next_dagrun for example_external_task_marker_parent to None, run_after=None
[2025-01-20T11:29:00.373+0000] {processor.py:183} INFO - Processing /home/airflow/.local/lib/python3.8/site-packages/airflow/example_dags/example_external_task_marker_dag.py took 0.116 seconds
[2025-01-20T11:29:30.655+0000] {processor.py:161} INFO - Started process (PID=1503) to work on /home/airflow/.local/lib/python3.8/site-packages/airflow/example_dags/example_external_task_marker_dag.py
[2025-01-20T11:29:30.657+0000] {processor.py:830} INFO - Processing file /home/airflow/.local/lib/python3.8/site-packages/airflow/example_dags/example_external_task_marker_dag.py for tasks to queue
[2025-01-20T11:29:30.660+0000] {logging_mixin.py:188} INFO - [2025-01-20T11:29:30.659+0000] {dagbag.py:538} INFO - Filling up the DagBag from /home/airflow/.local/lib/python3.8/site-packages/airflow/example_dags/example_external_task_marker_dag.py
[2025-01-20T11:29:30.674+0000] {processor.py:840} INFO - DAG(s) 'example_external_task_marker_parent', 'example_external_task_marker_child' retrieved from /home/airflow/.local/lib/python3.8/site-packages/airflow/example_dags/example_external_task_marker_dag.py
[2025-01-20T11:29:30.723+0000] {logging_mixin.py:188} INFO - [2025-01-20T11:29:30.722+0000] {dag.py:3036} INFO - Sync 2 DAGs
[2025-01-20T11:29:30.755+0000] {logging_mixin.py:188} INFO - [2025-01-20T11:29:30.755+0000] {dag.py:3823} INFO - Setting next_dagrun for example_external_task_marker_child to None, run_after=None
[2025-01-20T11:29:30.762+0000] {logging_mixin.py:188} INFO - [2025-01-20T11:29:30.762+0000] {dag.py:3823} INFO - Setting next_dagrun for example_external_task_marker_parent to None, run_after=None
[2025-01-20T11:29:30.800+0000] {processor.py:183} INFO - Processing /home/airflow/.local/lib/python3.8/site-packages/airflow/example_dags/example_external_task_marker_dag.py took 0.152 seconds
[2025-01-20T11:30:01.412+0000] {processor.py:161} INFO - Started process (PID=1559) to work on /home/airflow/.local/lib/python3.8/site-packages/airflow/example_dags/example_external_task_marker_dag.py
[2025-01-20T11:30:01.413+0000] {processor.py:830} INFO - Processing file /home/airflow/.local/lib/python3.8/site-packages/airflow/example_dags/example_external_task_marker_dag.py for tasks to queue
[2025-01-20T11:30:01.416+0000] {logging_mixin.py:188} INFO - [2025-01-20T11:30:01.416+0000] {dagbag.py:538} INFO - Filling up the DagBag from /home/airflow/.local/lib/python3.8/site-packages/airflow/example_dags/example_external_task_marker_dag.py
[2025-01-20T11:30:01.425+0000] {processor.py:840} INFO - DAG(s) 'example_external_task_marker_child', 'example_external_task_marker_parent' retrieved from /home/airflow/.local/lib/python3.8/site-packages/airflow/example_dags/example_external_task_marker_dag.py
[2025-01-20T11:30:01.462+0000] {logging_mixin.py:188} INFO - [2025-01-20T11:30:01.461+0000] {dag.py:3036} INFO - Sync 2 DAGs
[2025-01-20T11:30:01.482+0000] {logging_mixin.py:188} INFO - [2025-01-20T11:30:01.482+0000] {dag.py:3823} INFO - Setting next_dagrun for example_external_task_marker_child to None, run_after=None
[2025-01-20T11:30:01.488+0000] {logging_mixin.py:188} INFO - [2025-01-20T11:30:01.488+0000] {dag.py:3823} INFO - Setting next_dagrun for example_external_task_marker_parent to None, run_after=None
[2025-01-20T11:30:01.523+0000] {processor.py:183} INFO - Processing /home/airflow/.local/lib/python3.8/site-packages/airflow/example_dags/example_external_task_marker_dag.py took 0.116 seconds
[2025-01-20T11:30:31.808+0000] {processor.py:161} INFO - Started process (PID=1613) to work on /home/airflow/.local/lib/python3.8/site-packages/airflow/example_dags/example_external_task_marker_dag.py
[2025-01-20T11:30:31.810+0000] {processor.py:830} INFO - Processing file /home/airflow/.local/lib/python3.8/site-packages/airflow/example_dags/example_external_task_marker_dag.py for tasks to queue
[2025-01-20T11:30:31.815+0000] {logging_mixin.py:188} INFO - [2025-01-20T11:30:31.815+0000] {dagbag.py:538} INFO - Filling up the DagBag from /home/airflow/.local/lib/python3.8/site-packages/airflow/example_dags/example_external_task_marker_dag.py
[2025-01-20T11:30:31.837+0000] {processor.py:840} INFO - DAG(s) 'example_external_task_marker_parent', 'example_external_task_marker_child' retrieved from /home/airflow/.local/lib/python3.8/site-packages/airflow/example_dags/example_external_task_marker_dag.py
[2025-01-20T11:30:31.912+0000] {logging_mixin.py:188} INFO - [2025-01-20T11:30:31.911+0000] {dag.py:3036} INFO - Sync 2 DAGs
[2025-01-20T11:30:31.976+0000] {logging_mixin.py:188} INFO - [2025-01-20T11:30:31.970+0000] {dag.py:3823} INFO - Setting next_dagrun for example_external_task_marker_child to None, run_after=None
[2025-01-20T11:30:31.992+0000] {logging_mixin.py:188} INFO - [2025-01-20T11:30:31.991+0000] {dag.py:3823} INFO - Setting next_dagrun for example_external_task_marker_parent to None, run_after=None
[2025-01-20T11:30:32.064+0000] {processor.py:183} INFO - Processing /home/airflow/.local/lib/python3.8/site-packages/airflow/example_dags/example_external_task_marker_dag.py took 0.265 seconds
[2025-01-20T11:31:02.249+0000] {processor.py:161} INFO - Started process (PID=1668) to work on /home/airflow/.local/lib/python3.8/site-packages/airflow/example_dags/example_external_task_marker_dag.py
[2025-01-20T11:31:02.252+0000] {processor.py:830} INFO - Processing file /home/airflow/.local/lib/python3.8/site-packages/airflow/example_dags/example_external_task_marker_dag.py for tasks to queue
[2025-01-20T11:31:02.257+0000] {logging_mixin.py:188} INFO - [2025-01-20T11:31:02.256+0000] {dagbag.py:538} INFO - Filling up the DagBag from /home/airflow/.local/lib/python3.8/site-packages/airflow/example_dags/example_external_task_marker_dag.py
[2025-01-20T11:31:02.277+0000] {processor.py:840} INFO - DAG(s) 'example_external_task_marker_parent', 'example_external_task_marker_child' retrieved from /home/airflow/.local/lib/python3.8/site-packages/airflow/example_dags/example_external_task_marker_dag.py
[2025-01-20T11:31:02.359+0000] {logging_mixin.py:188} INFO - [2025-01-20T11:31:02.358+0000] {dag.py:3036} INFO - Sync 2 DAGs
[2025-01-20T11:31:02.424+0000] {logging_mixin.py:188} INFO - [2025-01-20T11:31:02.423+0000] {dag.py:3823} INFO - Setting next_dagrun for example_external_task_marker_child to None, run_after=None
[2025-01-20T11:31:02.441+0000] {logging_mixin.py:188} INFO - [2025-01-20T11:31:02.440+0000] {dag.py:3823} INFO - Setting next_dagrun for example_external_task_marker_parent to None, run_after=None
[2025-01-20T11:31:02.501+0000] {processor.py:183} INFO - Processing /home/airflow/.local/lib/python3.8/site-packages/airflow/example_dags/example_external_task_marker_dag.py took 0.263 seconds
[2025-01-20T11:31:32.708+0000] {processor.py:161} INFO - Started process (PID=1723) to work on /home/airflow/.local/lib/python3.8/site-packages/airflow/example_dags/example_external_task_marker_dag.py
[2025-01-20T11:31:32.709+0000] {processor.py:830} INFO - Processing file /home/airflow/.local/lib/python3.8/site-packages/airflow/example_dags/example_external_task_marker_dag.py for tasks to queue
[2025-01-20T11:31:32.712+0000] {logging_mixin.py:188} INFO - [2025-01-20T11:31:32.711+0000] {dagbag.py:538} INFO - Filling up the DagBag from /home/airflow/.local/lib/python3.8/site-packages/airflow/example_dags/example_external_task_marker_dag.py
[2025-01-20T11:31:32.721+0000] {processor.py:840} INFO - DAG(s) 'example_external_task_marker_child', 'example_external_task_marker_parent' retrieved from /home/airflow/.local/lib/python3.8/site-packages/airflow/example_dags/example_external_task_marker_dag.py
[2025-01-20T11:31:32.753+0000] {logging_mixin.py:188} INFO - [2025-01-20T11:31:32.752+0000] {dag.py:3036} INFO - Sync 2 DAGs
[2025-01-20T11:31:32.771+0000] {logging_mixin.py:188} INFO - [2025-01-20T11:31:32.770+0000] {dag.py:3823} INFO - Setting next_dagrun for example_external_task_marker_child to None, run_after=None
[2025-01-20T11:31:32.776+0000] {logging_mixin.py:188} INFO - [2025-01-20T11:31:32.776+0000] {dag.py:3823} INFO - Setting next_dagrun for example_external_task_marker_parent to None, run_after=None
[2025-01-20T11:31:32.804+0000] {processor.py:183} INFO - Processing /home/airflow/.local/lib/python3.8/site-packages/airflow/example_dags/example_external_task_marker_dag.py took 0.101 seconds
[2025-01-20T11:32:03.336+0000] {processor.py:161} INFO - Started process (PID=1778) to work on /home/airflow/.local/lib/python3.8/site-packages/airflow/example_dags/example_external_task_marker_dag.py
[2025-01-20T11:32:03.338+0000] {processor.py:830} INFO - Processing file /home/airflow/.local/lib/python3.8/site-packages/airflow/example_dags/example_external_task_marker_dag.py for tasks to queue
[2025-01-20T11:32:03.342+0000] {logging_mixin.py:188} INFO - [2025-01-20T11:32:03.341+0000] {dagbag.py:538} INFO - Filling up the DagBag from /home/airflow/.local/lib/python3.8/site-packages/airflow/example_dags/example_external_task_marker_dag.py
[2025-01-20T11:32:03.357+0000] {processor.py:840} INFO - DAG(s) 'example_external_task_marker_parent', 'example_external_task_marker_child' retrieved from /home/airflow/.local/lib/python3.8/site-packages/airflow/example_dags/example_external_task_marker_dag.py
[2025-01-20T11:32:03.446+0000] {logging_mixin.py:188} INFO - [2025-01-20T11:32:03.446+0000] {dag.py:3036} INFO - Sync 2 DAGs
[2025-01-20T11:32:03.477+0000] {logging_mixin.py:188} INFO - [2025-01-20T11:32:03.477+0000] {dag.py:3823} INFO - Setting next_dagrun for example_external_task_marker_child to None, run_after=None
[2025-01-20T11:32:03.487+0000] {logging_mixin.py:188} INFO - [2025-01-20T11:32:03.486+0000] {dag.py:3823} INFO - Setting next_dagrun for example_external_task_marker_parent to None, run_after=None
[2025-01-20T11:32:03.548+0000] {processor.py:183} INFO - Processing /home/airflow/.local/lib/python3.8/site-packages/airflow/example_dags/example_external_task_marker_dag.py took 0.218 seconds
[2025-01-20T11:32:33.637+0000] {processor.py:161} INFO - Started process (PID=1833) to work on /home/airflow/.local/lib/python3.8/site-packages/airflow/example_dags/example_external_task_marker_dag.py
[2025-01-20T11:32:33.640+0000] {processor.py:830} INFO - Processing file /home/airflow/.local/lib/python3.8/site-packages/airflow/example_dags/example_external_task_marker_dag.py for tasks to queue
[2025-01-20T11:32:33.646+0000] {logging_mixin.py:188} INFO - [2025-01-20T11:32:33.645+0000] {dagbag.py:538} INFO - Filling up the DagBag from /home/airflow/.local/lib/python3.8/site-packages/airflow/example_dags/example_external_task_marker_dag.py
[2025-01-20T11:32:33.667+0000] {processor.py:840} INFO - DAG(s) 'example_external_task_marker_child', 'example_external_task_marker_parent' retrieved from /home/airflow/.local/lib/python3.8/site-packages/airflow/example_dags/example_external_task_marker_dag.py
[2025-01-20T11:32:33.818+0000] {logging_mixin.py:188} INFO - [2025-01-20T11:32:33.799+0000] {dag.py:3036} INFO - Sync 2 DAGs
[2025-01-20T11:32:33.865+0000] {logging_mixin.py:188} INFO - [2025-01-20T11:32:33.864+0000] {dag.py:3823} INFO - Setting next_dagrun for example_external_task_marker_child to None, run_after=None
[2025-01-20T11:32:33.885+0000] {logging_mixin.py:188} INFO - [2025-01-20T11:32:33.885+0000] {dag.py:3823} INFO - Setting next_dagrun for example_external_task_marker_parent to None, run_after=None
[2025-01-20T11:32:33.958+0000] {processor.py:183} INFO - Processing /home/airflow/.local/lib/python3.8/site-packages/airflow/example_dags/example_external_task_marker_dag.py took 0.332 seconds
[2025-01-20T11:33:04.141+0000] {processor.py:161} INFO - Started process (PID=1894) to work on /home/airflow/.local/lib/python3.8/site-packages/airflow/example_dags/example_external_task_marker_dag.py
[2025-01-20T11:33:04.144+0000] {processor.py:830} INFO - Processing file /home/airflow/.local/lib/python3.8/site-packages/airflow/example_dags/example_external_task_marker_dag.py for tasks to queue
[2025-01-20T11:33:04.148+0000] {logging_mixin.py:188} INFO - [2025-01-20T11:33:04.147+0000] {dagbag.py:538} INFO - Filling up the DagBag from /home/airflow/.local/lib/python3.8/site-packages/airflow/example_dags/example_external_task_marker_dag.py
[2025-01-20T11:33:04.165+0000] {processor.py:840} INFO - DAG(s) 'example_external_task_marker_child', 'example_external_task_marker_parent' retrieved from /home/airflow/.local/lib/python3.8/site-packages/airflow/example_dags/example_external_task_marker_dag.py
[2025-01-20T11:33:04.217+0000] {logging_mixin.py:188} INFO - [2025-01-20T11:33:04.217+0000] {dag.py:3036} INFO - Sync 2 DAGs
[2025-01-20T11:33:04.255+0000] {logging_mixin.py:188} INFO - [2025-01-20T11:33:04.254+0000] {dag.py:3823} INFO - Setting next_dagrun for example_external_task_marker_child to None, run_after=None
[2025-01-20T11:33:04.262+0000] {logging_mixin.py:188} INFO - [2025-01-20T11:33:04.262+0000] {dag.py:3823} INFO - Setting next_dagrun for example_external_task_marker_parent to None, run_after=None
[2025-01-20T11:33:04.307+0000] {processor.py:183} INFO - Processing /home/airflow/.local/lib/python3.8/site-packages/airflow/example_dags/example_external_task_marker_dag.py took 0.178 seconds
[2025-01-20T11:33:34.459+0000] {processor.py:161} INFO - Started process (PID=1949) to work on /home/airflow/.local/lib/python3.8/site-packages/airflow/example_dags/example_external_task_marker_dag.py
[2025-01-20T11:33:34.465+0000] {processor.py:830} INFO - Processing file /home/airflow/.local/lib/python3.8/site-packages/airflow/example_dags/example_external_task_marker_dag.py for tasks to queue
[2025-01-20T11:33:34.478+0000] {logging_mixin.py:188} INFO - [2025-01-20T11:33:34.477+0000] {dagbag.py:538} INFO - Filling up the DagBag from /home/airflow/.local/lib/python3.8/site-packages/airflow/example_dags/example_external_task_marker_dag.py
[2025-01-20T11:33:34.501+0000] {processor.py:840} INFO - DAG(s) 'example_external_task_marker_child', 'example_external_task_marker_parent' retrieved from /home/airflow/.local/lib/python3.8/site-packages/airflow/example_dags/example_external_task_marker_dag.py
[2025-01-20T11:33:34.561+0000] {logging_mixin.py:188} INFO - [2025-01-20T11:33:34.560+0000] {dag.py:3036} INFO - Sync 2 DAGs
[2025-01-20T11:33:34.596+0000] {logging_mixin.py:188} INFO - [2025-01-20T11:33:34.595+0000] {dag.py:3823} INFO - Setting next_dagrun for example_external_task_marker_child to None, run_after=None
[2025-01-20T11:33:34.607+0000] {logging_mixin.py:188} INFO - [2025-01-20T11:33:34.606+0000] {dag.py:3823} INFO - Setting next_dagrun for example_external_task_marker_parent to None, run_after=None
[2025-01-20T11:33:34.674+0000] {processor.py:183} INFO - Processing /home/airflow/.local/lib/python3.8/site-packages/airflow/example_dags/example_external_task_marker_dag.py took 0.232 seconds
[2025-01-20T11:34:04.929+0000] {processor.py:161} INFO - Started process (PID=2004) to work on /home/airflow/.local/lib/python3.8/site-packages/airflow/example_dags/example_external_task_marker_dag.py
[2025-01-20T11:34:04.935+0000] {processor.py:830} INFO - Processing file /home/airflow/.local/lib/python3.8/site-packages/airflow/example_dags/example_external_task_marker_dag.py for tasks to queue
[2025-01-20T11:34:04.951+0000] {logging_mixin.py:188} INFO - [2025-01-20T11:34:04.941+0000] {dagbag.py:538} INFO - Filling up the DagBag from /home/airflow/.local/lib/python3.8/site-packages/airflow/example_dags/example_external_task_marker_dag.py
[2025-01-20T11:34:04.988+0000] {processor.py:840} INFO - DAG(s) 'example_external_task_marker_parent', 'example_external_task_marker_child' retrieved from /home/airflow/.local/lib/python3.8/site-packages/airflow/example_dags/example_external_task_marker_dag.py
[2025-01-20T11:34:05.059+0000] {logging_mixin.py:188} INFO - [2025-01-20T11:34:05.058+0000] {dag.py:3036} INFO - Sync 2 DAGs
[2025-01-20T11:34:05.101+0000] {logging_mixin.py:188} INFO - [2025-01-20T11:34:05.100+0000] {dag.py:3823} INFO - Setting next_dagrun for example_external_task_marker_child to None, run_after=None
[2025-01-20T11:34:05.109+0000] {logging_mixin.py:188} INFO - [2025-01-20T11:34:05.108+0000] {dag.py:3823} INFO - Setting next_dagrun for example_external_task_marker_parent to None, run_after=None
[2025-01-20T11:34:05.136+0000] {processor.py:183} INFO - Processing /home/airflow/.local/lib/python3.8/site-packages/airflow/example_dags/example_external_task_marker_dag.py took 0.229 seconds
[2025-01-20T11:34:35.807+0000] {processor.py:161} INFO - Started process (PID=2059) to work on /home/airflow/.local/lib/python3.8/site-packages/airflow/example_dags/example_external_task_marker_dag.py
[2025-01-20T11:34:35.809+0000] {processor.py:830} INFO - Processing file /home/airflow/.local/lib/python3.8/site-packages/airflow/example_dags/example_external_task_marker_dag.py for tasks to queue
[2025-01-20T11:34:35.813+0000] {logging_mixin.py:188} INFO - [2025-01-20T11:34:35.812+0000] {dagbag.py:538} INFO - Filling up the DagBag from /home/airflow/.local/lib/python3.8/site-packages/airflow/example_dags/example_external_task_marker_dag.py
[2025-01-20T11:34:35.823+0000] {processor.py:840} INFO - DAG(s) 'example_external_task_marker_parent', 'example_external_task_marker_child' retrieved from /home/airflow/.local/lib/python3.8/site-packages/airflow/example_dags/example_external_task_marker_dag.py
[2025-01-20T11:34:35.866+0000] {logging_mixin.py:188} INFO - [2025-01-20T11:34:35.865+0000] {dag.py:3036} INFO - Sync 2 DAGs
[2025-01-20T11:34:35.890+0000] {logging_mixin.py:188} INFO - [2025-01-20T11:34:35.889+0000] {dag.py:3823} INFO - Setting next_dagrun for example_external_task_marker_child to None, run_after=None
[2025-01-20T11:34:35.896+0000] {logging_mixin.py:188} INFO - [2025-01-20T11:34:35.896+0000] {dag.py:3823} INFO - Setting next_dagrun for example_external_task_marker_parent to None, run_after=None
[2025-01-20T11:34:35.924+0000] {processor.py:183} INFO - Processing /home/airflow/.local/lib/python3.8/site-packages/airflow/example_dags/example_external_task_marker_dag.py took 0.122 seconds
[2025-01-20T11:35:06.385+0000] {processor.py:161} INFO - Started process (PID=2114) to work on /home/airflow/.local/lib/python3.8/site-packages/airflow/example_dags/example_external_task_marker_dag.py
[2025-01-20T11:35:06.386+0000] {processor.py:830} INFO - Processing file /home/airflow/.local/lib/python3.8/site-packages/airflow/example_dags/example_external_task_marker_dag.py for tasks to queue
[2025-01-20T11:35:06.389+0000] {logging_mixin.py:188} INFO - [2025-01-20T11:35:06.389+0000] {dagbag.py:538} INFO - Filling up the DagBag from /home/airflow/.local/lib/python3.8/site-packages/airflow/example_dags/example_external_task_marker_dag.py
[2025-01-20T11:35:06.399+0000] {processor.py:840} INFO - DAG(s) 'example_external_task_marker_child', 'example_external_task_marker_parent' retrieved from /home/airflow/.local/lib/python3.8/site-packages/airflow/example_dags/example_external_task_marker_dag.py
[2025-01-20T11:35:06.436+0000] {logging_mixin.py:188} INFO - [2025-01-20T11:35:06.435+0000] {dag.py:3036} INFO - Sync 2 DAGs
[2025-01-20T11:35:06.456+0000] {logging_mixin.py:188} INFO - [2025-01-20T11:35:06.455+0000] {dag.py:3823} INFO - Setting next_dagrun for example_external_task_marker_child to None, run_after=None
[2025-01-20T11:35:06.462+0000] {logging_mixin.py:188} INFO - [2025-01-20T11:35:06.462+0000] {dag.py:3823} INFO - Setting next_dagrun for example_external_task_marker_parent to None, run_after=None
[2025-01-20T11:35:06.512+0000] {processor.py:183} INFO - Processing /home/airflow/.local/lib/python3.8/site-packages/airflow/example_dags/example_external_task_marker_dag.py took 0.133 seconds
[2025-01-20T11:35:36.719+0000] {processor.py:161} INFO - Started process (PID=2169) to work on /home/airflow/.local/lib/python3.8/site-packages/airflow/example_dags/example_external_task_marker_dag.py
[2025-01-20T11:35:36.738+0000] {processor.py:830} INFO - Processing file /home/airflow/.local/lib/python3.8/site-packages/airflow/example_dags/example_external_task_marker_dag.py for tasks to queue
[2025-01-20T11:35:36.757+0000] {logging_mixin.py:188} INFO - [2025-01-20T11:35:36.757+0000] {dagbag.py:538} INFO - Filling up the DagBag from /home/airflow/.local/lib/python3.8/site-packages/airflow/example_dags/example_external_task_marker_dag.py
[2025-01-20T11:35:36.768+0000] {processor.py:840} INFO - DAG(s) 'example_external_task_marker_child', 'example_external_task_marker_parent' retrieved from /home/airflow/.local/lib/python3.8/site-packages/airflow/example_dags/example_external_task_marker_dag.py
[2025-01-20T11:35:36.809+0000] {logging_mixin.py:188} INFO - [2025-01-20T11:35:36.809+0000] {dag.py:3036} INFO - Sync 2 DAGs
[2025-01-20T11:35:36.828+0000] {logging_mixin.py:188} INFO - [2025-01-20T11:35:36.828+0000] {dag.py:3823} INFO - Setting next_dagrun for example_external_task_marker_child to None, run_after=None
[2025-01-20T11:35:36.834+0000] {logging_mixin.py:188} INFO - [2025-01-20T11:35:36.833+0000] {dag.py:3823} INFO - Setting next_dagrun for example_external_task_marker_parent to None, run_after=None
[2025-01-20T11:35:36.868+0000] {processor.py:183} INFO - Processing /home/airflow/.local/lib/python3.8/site-packages/airflow/example_dags/example_external_task_marker_dag.py took 0.202 seconds
[2025-01-20T11:36:06.978+0000] {processor.py:161} INFO - Started process (PID=2224) to work on /home/airflow/.local/lib/python3.8/site-packages/airflow/example_dags/example_external_task_marker_dag.py
[2025-01-20T11:36:06.980+0000] {processor.py:830} INFO - Processing file /home/airflow/.local/lib/python3.8/site-packages/airflow/example_dags/example_external_task_marker_dag.py for tasks to queue
[2025-01-20T11:36:06.983+0000] {logging_mixin.py:188} INFO - [2025-01-20T11:36:06.983+0000] {dagbag.py:538} INFO - Filling up the DagBag from /home/airflow/.local/lib/python3.8/site-packages/airflow/example_dags/example_external_task_marker_dag.py
[2025-01-20T11:36:06.993+0000] {processor.py:840} INFO - DAG(s) 'example_external_task_marker_parent', 'example_external_task_marker_child' retrieved from /home/airflow/.local/lib/python3.8/site-packages/airflow/example_dags/example_external_task_marker_dag.py
[2025-01-20T11:36:07.049+0000] {logging_mixin.py:188} INFO - [2025-01-20T11:36:07.048+0000] {dag.py:3036} INFO - Sync 2 DAGs
[2025-01-20T11:36:07.127+0000] {logging_mixin.py:188} INFO - [2025-01-20T11:36:07.125+0000] {dag.py:3823} INFO - Setting next_dagrun for example_external_task_marker_child to None, run_after=None
[2025-01-20T11:36:07.141+0000] {logging_mixin.py:188} INFO - [2025-01-20T11:36:07.140+0000] {dag.py:3823} INFO - Setting next_dagrun for example_external_task_marker_parent to None, run_after=None
[2025-01-20T11:36:07.181+0000] {processor.py:183} INFO - Processing /home/airflow/.local/lib/python3.8/site-packages/airflow/example_dags/example_external_task_marker_dag.py took 0.208 seconds
[2025-01-20T11:36:37.545+0000] {processor.py:161} INFO - Started process (PID=2279) to work on /home/airflow/.local/lib/python3.8/site-packages/airflow/example_dags/example_external_task_marker_dag.py
[2025-01-20T11:36:37.547+0000] {processor.py:830} INFO - Processing file /home/airflow/.local/lib/python3.8/site-packages/airflow/example_dags/example_external_task_marker_dag.py for tasks to queue
[2025-01-20T11:36:37.552+0000] {logging_mixin.py:188} INFO - [2025-01-20T11:36:37.550+0000] {dagbag.py:538} INFO - Filling up the DagBag from /home/airflow/.local/lib/python3.8/site-packages/airflow/example_dags/example_external_task_marker_dag.py
[2025-01-20T11:36:37.564+0000] {processor.py:840} INFO - DAG(s) 'example_external_task_marker_parent', 'example_external_task_marker_child' retrieved from /home/airflow/.local/lib/python3.8/site-packages/airflow/example_dags/example_external_task_marker_dag.py
[2025-01-20T11:36:37.645+0000] {logging_mixin.py:188} INFO - [2025-01-20T11:36:37.644+0000] {dag.py:3036} INFO - Sync 2 DAGs
[2025-01-20T11:36:37.691+0000] {logging_mixin.py:188} INFO - [2025-01-20T11:36:37.690+0000] {dag.py:3823} INFO - Setting next_dagrun for example_external_task_marker_child to None, run_after=None
[2025-01-20T11:36:37.699+0000] {logging_mixin.py:188} INFO - [2025-01-20T11:36:37.699+0000] {dag.py:3823} INFO - Setting next_dagrun for example_external_task_marker_parent to None, run_after=None
[2025-01-20T11:36:37.747+0000] {processor.py:183} INFO - Processing /home/airflow/.local/lib/python3.8/site-packages/airflow/example_dags/example_external_task_marker_dag.py took 0.209 seconds
[2025-01-20T11:37:08.124+0000] {processor.py:161} INFO - Started process (PID=2334) to work on /home/airflow/.local/lib/python3.8/site-packages/airflow/example_dags/example_external_task_marker_dag.py
[2025-01-20T11:37:08.126+0000] {processor.py:830} INFO - Processing file /home/airflow/.local/lib/python3.8/site-packages/airflow/example_dags/example_external_task_marker_dag.py for tasks to queue
[2025-01-20T11:37:08.129+0000] {logging_mixin.py:188} INFO - [2025-01-20T11:37:08.129+0000] {dagbag.py:538} INFO - Filling up the DagBag from /home/airflow/.local/lib/python3.8/site-packages/airflow/example_dags/example_external_task_marker_dag.py
[2025-01-20T11:37:08.139+0000] {processor.py:840} INFO - DAG(s) 'example_external_task_marker_parent', 'example_external_task_marker_child' retrieved from /home/airflow/.local/lib/python3.8/site-packages/airflow/example_dags/example_external_task_marker_dag.py
[2025-01-20T11:37:08.179+0000] {logging_mixin.py:188} INFO - [2025-01-20T11:37:08.178+0000] {dag.py:3036} INFO - Sync 2 DAGs
[2025-01-20T11:37:08.208+0000] {logging_mixin.py:188} INFO - [2025-01-20T11:37:08.208+0000] {dag.py:3823} INFO - Setting next_dagrun for example_external_task_marker_child to None, run_after=None
[2025-01-20T11:37:08.215+0000] {logging_mixin.py:188} INFO - [2025-01-20T11:37:08.215+0000] {dag.py:3823} INFO - Setting next_dagrun for example_external_task_marker_parent to None, run_after=None
[2025-01-20T11:37:08.252+0000] {processor.py:183} INFO - Processing /home/airflow/.local/lib/python3.8/site-packages/airflow/example_dags/example_external_task_marker_dag.py took 0.134 seconds
