[2025-01-20T11:16:23.429+0000] {processor.py:161} INFO - Started process (PID=97) to work on /home/airflow/.local/lib/python3.8/site-packages/airflow/example_dags/example_bash_operator.py
[2025-01-20T11:16:23.431+0000] {processor.py:830} INFO - Processing file /home/airflow/.local/lib/python3.8/site-packages/airflow/example_dags/example_bash_operator.py for tasks to queue
[2025-01-20T11:16:23.434+0000] {logging_mixin.py:188} INFO - [2025-01-20T11:16:23.433+0000] {dagbag.py:538} INFO - Filling up the DagBag from /home/airflow/.local/lib/python3.8/site-packages/airflow/example_dags/example_bash_operator.py
[2025-01-20T11:16:23.480+0000] {processor.py:840} INFO - DAG(s) 'example_bash_operator' retrieved from /home/airflow/.local/lib/python3.8/site-packages/airflow/example_dags/example_bash_operator.py
[2025-01-20T11:16:23.695+0000] {logging_mixin.py:188} INFO - [2025-01-20T11:16:23.694+0000] {dag.py:3036} INFO - Sync 1 DAGs
[2025-01-20T11:16:23.731+0000] {logging_mixin.py:188} INFO - [2025-01-20T11:16:23.731+0000] {dag.py:3823} INFO - Setting next_dagrun for example_bash_operator to 2025-01-19 00:00:00+00:00, run_after=2025-01-20 00:00:00+00:00
[2025-01-20T11:16:23.841+0000] {processor.py:183} INFO - Processing /home/airflow/.local/lib/python3.8/site-packages/airflow/example_dags/example_bash_operator.py took 0.417 seconds
[2025-01-20T11:16:54.723+0000] {processor.py:161} INFO - Started process (PID=152) to work on /home/airflow/.local/lib/python3.8/site-packages/airflow/example_dags/example_bash_operator.py
[2025-01-20T11:16:54.725+0000] {processor.py:830} INFO - Processing file /home/airflow/.local/lib/python3.8/site-packages/airflow/example_dags/example_bash_operator.py for tasks to queue
[2025-01-20T11:16:54.728+0000] {logging_mixin.py:188} INFO - [2025-01-20T11:16:54.727+0000] {dagbag.py:538} INFO - Filling up the DagBag from /home/airflow/.local/lib/python3.8/site-packages/airflow/example_dags/example_bash_operator.py
[2025-01-20T11:16:54.747+0000] {processor.py:840} INFO - DAG(s) 'example_bash_operator' retrieved from /home/airflow/.local/lib/python3.8/site-packages/airflow/example_dags/example_bash_operator.py
[2025-01-20T11:16:54.804+0000] {logging_mixin.py:188} INFO - [2025-01-20T11:16:54.803+0000] {dag.py:3036} INFO - Sync 1 DAGs
[2025-01-20T11:16:54.845+0000] {logging_mixin.py:188} INFO - [2025-01-20T11:16:54.845+0000] {dag.py:3823} INFO - Setting next_dagrun for example_bash_operator to 2025-01-19 00:00:00+00:00, run_after=2025-01-20 00:00:00+00:00
[2025-01-20T11:16:54.879+0000] {processor.py:183} INFO - Processing /home/airflow/.local/lib/python3.8/site-packages/airflow/example_dags/example_bash_operator.py took 0.160 seconds
[2025-01-20T11:17:25.161+0000] {processor.py:161} INFO - Started process (PID=207) to work on /home/airflow/.local/lib/python3.8/site-packages/airflow/example_dags/example_bash_operator.py
[2025-01-20T11:17:25.162+0000] {processor.py:830} INFO - Processing file /home/airflow/.local/lib/python3.8/site-packages/airflow/example_dags/example_bash_operator.py for tasks to queue
[2025-01-20T11:17:25.165+0000] {logging_mixin.py:188} INFO - [2025-01-20T11:17:25.165+0000] {dagbag.py:538} INFO - Filling up the DagBag from /home/airflow/.local/lib/python3.8/site-packages/airflow/example_dags/example_bash_operator.py
[2025-01-20T11:17:25.183+0000] {processor.py:840} INFO - DAG(s) 'example_bash_operator' retrieved from /home/airflow/.local/lib/python3.8/site-packages/airflow/example_dags/example_bash_operator.py
[2025-01-20T11:17:25.238+0000] {logging_mixin.py:188} INFO - [2025-01-20T11:17:25.238+0000] {dag.py:3036} INFO - Sync 1 DAGs
[2025-01-20T11:17:25.280+0000] {logging_mixin.py:188} INFO - [2025-01-20T11:17:25.279+0000] {dag.py:3823} INFO - Setting next_dagrun for example_bash_operator to 2025-01-19 00:00:00+00:00, run_after=2025-01-20 00:00:00+00:00
[2025-01-20T11:17:25.312+0000] {processor.py:183} INFO - Processing /home/airflow/.local/lib/python3.8/site-packages/airflow/example_dags/example_bash_operator.py took 0.156 seconds
[2025-01-20T11:17:55.365+0000] {processor.py:161} INFO - Started process (PID=262) to work on /home/airflow/.local/lib/python3.8/site-packages/airflow/example_dags/example_bash_operator.py
[2025-01-20T11:17:55.367+0000] {processor.py:830} INFO - Processing file /home/airflow/.local/lib/python3.8/site-packages/airflow/example_dags/example_bash_operator.py for tasks to queue
[2025-01-20T11:17:55.370+0000] {logging_mixin.py:188} INFO - [2025-01-20T11:17:55.370+0000] {dagbag.py:538} INFO - Filling up the DagBag from /home/airflow/.local/lib/python3.8/site-packages/airflow/example_dags/example_bash_operator.py
[2025-01-20T11:17:55.403+0000] {processor.py:840} INFO - DAG(s) 'example_bash_operator' retrieved from /home/airflow/.local/lib/python3.8/site-packages/airflow/example_dags/example_bash_operator.py
[2025-01-20T11:17:55.490+0000] {logging_mixin.py:188} INFO - [2025-01-20T11:17:55.489+0000] {dag.py:3036} INFO - Sync 1 DAGs
[2025-01-20T11:17:55.552+0000] {logging_mixin.py:188} INFO - [2025-01-20T11:17:55.551+0000] {dag.py:3823} INFO - Setting next_dagrun for example_bash_operator to 2025-01-19 00:00:00+00:00, run_after=2025-01-20 00:00:00+00:00
[2025-01-20T11:17:55.598+0000] {processor.py:183} INFO - Processing /home/airflow/.local/lib/python3.8/site-packages/airflow/example_dags/example_bash_operator.py took 0.240 seconds
[2025-01-20T11:18:25.857+0000] {processor.py:161} INFO - Started process (PID=317) to work on /home/airflow/.local/lib/python3.8/site-packages/airflow/example_dags/example_bash_operator.py
[2025-01-20T11:18:25.858+0000] {processor.py:830} INFO - Processing file /home/airflow/.local/lib/python3.8/site-packages/airflow/example_dags/example_bash_operator.py for tasks to queue
[2025-01-20T11:18:25.861+0000] {logging_mixin.py:188} INFO - [2025-01-20T11:18:25.861+0000] {dagbag.py:538} INFO - Filling up the DagBag from /home/airflow/.local/lib/python3.8/site-packages/airflow/example_dags/example_bash_operator.py
[2025-01-20T11:18:25.881+0000] {processor.py:840} INFO - DAG(s) 'example_bash_operator' retrieved from /home/airflow/.local/lib/python3.8/site-packages/airflow/example_dags/example_bash_operator.py
[2025-01-20T11:18:25.929+0000] {logging_mixin.py:188} INFO - [2025-01-20T11:18:25.929+0000] {dag.py:3036} INFO - Sync 1 DAGs
[2025-01-20T11:18:25.964+0000] {logging_mixin.py:188} INFO - [2025-01-20T11:18:25.963+0000] {dag.py:3823} INFO - Setting next_dagrun for example_bash_operator to 2025-01-19 00:00:00+00:00, run_after=2025-01-20 00:00:00+00:00
[2025-01-20T11:18:26.028+0000] {processor.py:183} INFO - Processing /home/airflow/.local/lib/python3.8/site-packages/airflow/example_dags/example_bash_operator.py took 0.176 seconds
[2025-01-20T11:18:56.607+0000] {processor.py:161} INFO - Started process (PID=373) to work on /home/airflow/.local/lib/python3.8/site-packages/airflow/example_dags/example_bash_operator.py
[2025-01-20T11:18:56.609+0000] {processor.py:830} INFO - Processing file /home/airflow/.local/lib/python3.8/site-packages/airflow/example_dags/example_bash_operator.py for tasks to queue
[2025-01-20T11:18:56.613+0000] {logging_mixin.py:188} INFO - [2025-01-20T11:18:56.612+0000] {dagbag.py:538} INFO - Filling up the DagBag from /home/airflow/.local/lib/python3.8/site-packages/airflow/example_dags/example_bash_operator.py
[2025-01-20T11:18:56.661+0000] {processor.py:840} INFO - DAG(s) 'example_bash_operator' retrieved from /home/airflow/.local/lib/python3.8/site-packages/airflow/example_dags/example_bash_operator.py
[2025-01-20T11:18:56.732+0000] {logging_mixin.py:188} INFO - [2025-01-20T11:18:56.732+0000] {dag.py:3036} INFO - Sync 1 DAGs
[2025-01-20T11:18:56.780+0000] {logging_mixin.py:188} INFO - [2025-01-20T11:18:56.779+0000] {dag.py:3823} INFO - Setting next_dagrun for example_bash_operator to 2025-01-19 00:00:00+00:00, run_after=2025-01-20 00:00:00+00:00
[2025-01-20T11:18:56.811+0000] {processor.py:183} INFO - Processing /home/airflow/.local/lib/python3.8/site-packages/airflow/example_dags/example_bash_operator.py took 0.211 seconds
[2025-01-20T11:19:26.918+0000] {processor.py:161} INFO - Started process (PID=427) to work on /home/airflow/.local/lib/python3.8/site-packages/airflow/example_dags/example_bash_operator.py
[2025-01-20T11:19:26.921+0000] {processor.py:830} INFO - Processing file /home/airflow/.local/lib/python3.8/site-packages/airflow/example_dags/example_bash_operator.py for tasks to queue
[2025-01-20T11:19:26.926+0000] {logging_mixin.py:188} INFO - [2025-01-20T11:19:26.925+0000] {dagbag.py:538} INFO - Filling up the DagBag from /home/airflow/.local/lib/python3.8/site-packages/airflow/example_dags/example_bash_operator.py
[2025-01-20T11:19:26.958+0000] {processor.py:840} INFO - DAG(s) 'example_bash_operator' retrieved from /home/airflow/.local/lib/python3.8/site-packages/airflow/example_dags/example_bash_operator.py
[2025-01-20T11:19:27.039+0000] {logging_mixin.py:188} INFO - [2025-01-20T11:19:27.038+0000] {dag.py:3036} INFO - Sync 1 DAGs
[2025-01-20T11:19:27.106+0000] {logging_mixin.py:188} INFO - [2025-01-20T11:19:27.106+0000] {dag.py:3823} INFO - Setting next_dagrun for example_bash_operator to 2025-01-19 00:00:00+00:00, run_after=2025-01-20 00:00:00+00:00
[2025-01-20T11:19:27.145+0000] {processor.py:183} INFO - Processing /home/airflow/.local/lib/python3.8/site-packages/airflow/example_dags/example_bash_operator.py took 0.238 seconds
[2025-01-20T11:19:57.814+0000] {processor.py:161} INFO - Started process (PID=482) to work on /home/airflow/.local/lib/python3.8/site-packages/airflow/example_dags/example_bash_operator.py
[2025-01-20T11:19:57.816+0000] {processor.py:830} INFO - Processing file /home/airflow/.local/lib/python3.8/site-packages/airflow/example_dags/example_bash_operator.py for tasks to queue
[2025-01-20T11:19:57.818+0000] {logging_mixin.py:188} INFO - [2025-01-20T11:19:57.818+0000] {dagbag.py:538} INFO - Filling up the DagBag from /home/airflow/.local/lib/python3.8/site-packages/airflow/example_dags/example_bash_operator.py
[2025-01-20T11:19:57.836+0000] {processor.py:840} INFO - DAG(s) 'example_bash_operator' retrieved from /home/airflow/.local/lib/python3.8/site-packages/airflow/example_dags/example_bash_operator.py
[2025-01-20T11:19:57.886+0000] {logging_mixin.py:188} INFO - [2025-01-20T11:19:57.886+0000] {dag.py:3036} INFO - Sync 1 DAGs
[2025-01-20T11:19:57.926+0000] {logging_mixin.py:188} INFO - [2025-01-20T11:19:57.926+0000] {dag.py:3823} INFO - Setting next_dagrun for example_bash_operator to 2025-01-19 00:00:00+00:00, run_after=2025-01-20 00:00:00+00:00
[2025-01-20T11:19:57.959+0000] {processor.py:183} INFO - Processing /home/airflow/.local/lib/python3.8/site-packages/airflow/example_dags/example_bash_operator.py took 0.149 seconds
[2025-01-20T11:20:28.279+0000] {processor.py:161} INFO - Started process (PID=537) to work on /home/airflow/.local/lib/python3.8/site-packages/airflow/example_dags/example_bash_operator.py
[2025-01-20T11:20:28.281+0000] {processor.py:830} INFO - Processing file /home/airflow/.local/lib/python3.8/site-packages/airflow/example_dags/example_bash_operator.py for tasks to queue
[2025-01-20T11:20:28.284+0000] {logging_mixin.py:188} INFO - [2025-01-20T11:20:28.283+0000] {dagbag.py:538} INFO - Filling up the DagBag from /home/airflow/.local/lib/python3.8/site-packages/airflow/example_dags/example_bash_operator.py
[2025-01-20T11:20:28.309+0000] {processor.py:840} INFO - DAG(s) 'example_bash_operator' retrieved from /home/airflow/.local/lib/python3.8/site-packages/airflow/example_dags/example_bash_operator.py
[2025-01-20T11:20:28.366+0000] {logging_mixin.py:188} INFO - [2025-01-20T11:20:28.365+0000] {dag.py:3036} INFO - Sync 1 DAGs
[2025-01-20T11:20:28.405+0000] {logging_mixin.py:188} INFO - [2025-01-20T11:20:28.405+0000] {dag.py:3823} INFO - Setting next_dagrun for example_bash_operator to 2025-01-19 00:00:00+00:00, run_after=2025-01-20 00:00:00+00:00
[2025-01-20T11:20:28.439+0000] {processor.py:183} INFO - Processing /home/airflow/.local/lib/python3.8/site-packages/airflow/example_dags/example_bash_operator.py took 0.169 seconds
[2025-01-20T11:20:58.580+0000] {processor.py:161} INFO - Started process (PID=592) to work on /home/airflow/.local/lib/python3.8/site-packages/airflow/example_dags/example_bash_operator.py
[2025-01-20T11:20:58.581+0000] {processor.py:830} INFO - Processing file /home/airflow/.local/lib/python3.8/site-packages/airflow/example_dags/example_bash_operator.py for tasks to queue
[2025-01-20T11:20:58.584+0000] {logging_mixin.py:188} INFO - [2025-01-20T11:20:58.584+0000] {dagbag.py:538} INFO - Filling up the DagBag from /home/airflow/.local/lib/python3.8/site-packages/airflow/example_dags/example_bash_operator.py
[2025-01-20T11:20:58.604+0000] {processor.py:840} INFO - DAG(s) 'example_bash_operator' retrieved from /home/airflow/.local/lib/python3.8/site-packages/airflow/example_dags/example_bash_operator.py
[2025-01-20T11:20:58.655+0000] {logging_mixin.py:188} INFO - [2025-01-20T11:20:58.655+0000] {dag.py:3036} INFO - Sync 1 DAGs
[2025-01-20T11:20:58.695+0000] {logging_mixin.py:188} INFO - [2025-01-20T11:20:58.694+0000] {dag.py:3823} INFO - Setting next_dagrun for example_bash_operator to 2025-01-19 00:00:00+00:00, run_after=2025-01-20 00:00:00+00:00
[2025-01-20T11:20:58.727+0000] {processor.py:183} INFO - Processing /home/airflow/.local/lib/python3.8/site-packages/airflow/example_dags/example_bash_operator.py took 0.151 seconds
[2025-01-20T11:21:28.887+0000] {processor.py:161} INFO - Started process (PID=647) to work on /home/airflow/.local/lib/python3.8/site-packages/airflow/example_dags/example_bash_operator.py
[2025-01-20T11:21:28.888+0000] {processor.py:830} INFO - Processing file /home/airflow/.local/lib/python3.8/site-packages/airflow/example_dags/example_bash_operator.py for tasks to queue
[2025-01-20T11:21:28.891+0000] {logging_mixin.py:188} INFO - [2025-01-20T11:21:28.891+0000] {dagbag.py:538} INFO - Filling up the DagBag from /home/airflow/.local/lib/python3.8/site-packages/airflow/example_dags/example_bash_operator.py
[2025-01-20T11:21:28.913+0000] {processor.py:840} INFO - DAG(s) 'example_bash_operator' retrieved from /home/airflow/.local/lib/python3.8/site-packages/airflow/example_dags/example_bash_operator.py
[2025-01-20T11:21:28.976+0000] {logging_mixin.py:188} INFO - [2025-01-20T11:21:28.975+0000] {dag.py:3036} INFO - Sync 1 DAGs
[2025-01-20T11:21:29.017+0000] {logging_mixin.py:188} INFO - [2025-01-20T11:21:29.016+0000] {dag.py:3823} INFO - Setting next_dagrun for example_bash_operator to 2025-01-19 00:00:00+00:00, run_after=2025-01-20 00:00:00+00:00
[2025-01-20T11:21:29.052+0000] {processor.py:183} INFO - Processing /home/airflow/.local/lib/python3.8/site-packages/airflow/example_dags/example_bash_operator.py took 0.170 seconds
[2025-01-20T11:21:59.214+0000] {processor.py:161} INFO - Started process (PID=702) to work on /home/airflow/.local/lib/python3.8/site-packages/airflow/example_dags/example_bash_operator.py
[2025-01-20T11:21:59.215+0000] {processor.py:830} INFO - Processing file /home/airflow/.local/lib/python3.8/site-packages/airflow/example_dags/example_bash_operator.py for tasks to queue
[2025-01-20T11:21:59.219+0000] {logging_mixin.py:188} INFO - [2025-01-20T11:21:59.218+0000] {dagbag.py:538} INFO - Filling up the DagBag from /home/airflow/.local/lib/python3.8/site-packages/airflow/example_dags/example_bash_operator.py
[2025-01-20T11:21:59.241+0000] {processor.py:840} INFO - DAG(s) 'example_bash_operator' retrieved from /home/airflow/.local/lib/python3.8/site-packages/airflow/example_dags/example_bash_operator.py
[2025-01-20T11:21:59.304+0000] {logging_mixin.py:188} INFO - [2025-01-20T11:21:59.303+0000] {dag.py:3036} INFO - Sync 1 DAGs
[2025-01-20T11:21:59.347+0000] {logging_mixin.py:188} INFO - [2025-01-20T11:21:59.347+0000] {dag.py:3823} INFO - Setting next_dagrun for example_bash_operator to 2025-01-19 00:00:00+00:00, run_after=2025-01-20 00:00:00+00:00
[2025-01-20T11:21:59.384+0000] {processor.py:183} INFO - Processing /home/airflow/.local/lib/python3.8/site-packages/airflow/example_dags/example_bash_operator.py took 0.175 seconds
[2025-01-20T11:22:30.010+0000] {processor.py:161} INFO - Started process (PID=757) to work on /home/airflow/.local/lib/python3.8/site-packages/airflow/example_dags/example_bash_operator.py
[2025-01-20T11:22:30.013+0000] {processor.py:830} INFO - Processing file /home/airflow/.local/lib/python3.8/site-packages/airflow/example_dags/example_bash_operator.py for tasks to queue
[2025-01-20T11:22:30.022+0000] {logging_mixin.py:188} INFO - [2025-01-20T11:22:30.021+0000] {dagbag.py:538} INFO - Filling up the DagBag from /home/airflow/.local/lib/python3.8/site-packages/airflow/example_dags/example_bash_operator.py
[2025-01-20T11:22:30.100+0000] {processor.py:840} INFO - DAG(s) 'example_bash_operator' retrieved from /home/airflow/.local/lib/python3.8/site-packages/airflow/example_dags/example_bash_operator.py
[2025-01-20T11:22:30.273+0000] {logging_mixin.py:188} INFO - [2025-01-20T11:22:30.273+0000] {dag.py:3036} INFO - Sync 1 DAGs
[2025-01-20T11:22:30.356+0000] {logging_mixin.py:188} INFO - [2025-01-20T11:22:30.356+0000] {dag.py:3823} INFO - Setting next_dagrun for example_bash_operator to 2025-01-19 00:00:00+00:00, run_after=2025-01-20 00:00:00+00:00
[2025-01-20T11:22:30.412+0000] {processor.py:183} INFO - Processing /home/airflow/.local/lib/python3.8/site-packages/airflow/example_dags/example_bash_operator.py took 0.419 seconds
[2025-01-20T11:23:00.781+0000] {processor.py:161} INFO - Started process (PID=813) to work on /home/airflow/.local/lib/python3.8/site-packages/airflow/example_dags/example_bash_operator.py
[2025-01-20T11:23:00.783+0000] {processor.py:830} INFO - Processing file /home/airflow/.local/lib/python3.8/site-packages/airflow/example_dags/example_bash_operator.py for tasks to queue
[2025-01-20T11:23:00.786+0000] {logging_mixin.py:188} INFO - [2025-01-20T11:23:00.786+0000] {dagbag.py:538} INFO - Filling up the DagBag from /home/airflow/.local/lib/python3.8/site-packages/airflow/example_dags/example_bash_operator.py
[2025-01-20T11:23:00.809+0000] {processor.py:840} INFO - DAG(s) 'example_bash_operator' retrieved from /home/airflow/.local/lib/python3.8/site-packages/airflow/example_dags/example_bash_operator.py
[2025-01-20T11:23:00.870+0000] {logging_mixin.py:188} INFO - [2025-01-20T11:23:00.869+0000] {dag.py:3036} INFO - Sync 1 DAGs
[2025-01-20T11:23:00.911+0000] {logging_mixin.py:188} INFO - [2025-01-20T11:23:00.911+0000] {dag.py:3823} INFO - Setting next_dagrun for example_bash_operator to 2025-01-19 00:00:00+00:00, run_after=2025-01-20 00:00:00+00:00
[2025-01-20T11:23:00.946+0000] {processor.py:183} INFO - Processing /home/airflow/.local/lib/python3.8/site-packages/airflow/example_dags/example_bash_operator.py took 0.171 seconds
[2025-01-20T11:23:31.191+0000] {processor.py:161} INFO - Started process (PID=868) to work on /home/airflow/.local/lib/python3.8/site-packages/airflow/example_dags/example_bash_operator.py
[2025-01-20T11:23:31.193+0000] {processor.py:830} INFO - Processing file /home/airflow/.local/lib/python3.8/site-packages/airflow/example_dags/example_bash_operator.py for tasks to queue
[2025-01-20T11:23:31.196+0000] {logging_mixin.py:188} INFO - [2025-01-20T11:23:31.195+0000] {dagbag.py:538} INFO - Filling up the DagBag from /home/airflow/.local/lib/python3.8/site-packages/airflow/example_dags/example_bash_operator.py
[2025-01-20T11:23:31.215+0000] {processor.py:840} INFO - DAG(s) 'example_bash_operator' retrieved from /home/airflow/.local/lib/python3.8/site-packages/airflow/example_dags/example_bash_operator.py
[2025-01-20T11:23:31.269+0000] {logging_mixin.py:188} INFO - [2025-01-20T11:23:31.269+0000] {dag.py:3036} INFO - Sync 1 DAGs
[2025-01-20T11:23:31.310+0000] {logging_mixin.py:188} INFO - [2025-01-20T11:23:31.309+0000] {dag.py:3823} INFO - Setting next_dagrun for example_bash_operator to 2025-01-19 00:00:00+00:00, run_after=2025-01-20 00:00:00+00:00
[2025-01-20T11:23:31.350+0000] {processor.py:183} INFO - Processing /home/airflow/.local/lib/python3.8/site-packages/airflow/example_dags/example_bash_operator.py took 0.163 seconds
[2025-01-20T11:24:02.487+0000] {processor.py:161} INFO - Started process (PID=928) to work on /home/airflow/.local/lib/python3.8/site-packages/airflow/example_dags/example_bash_operator.py
[2025-01-20T11:24:02.489+0000] {processor.py:830} INFO - Processing file /home/airflow/.local/lib/python3.8/site-packages/airflow/example_dags/example_bash_operator.py for tasks to queue
[2025-01-20T11:24:02.492+0000] {logging_mixin.py:188} INFO - [2025-01-20T11:24:02.492+0000] {dagbag.py:538} INFO - Filling up the DagBag from /home/airflow/.local/lib/python3.8/site-packages/airflow/example_dags/example_bash_operator.py
[2025-01-20T11:24:02.514+0000] {processor.py:840} INFO - DAG(s) 'example_bash_operator' retrieved from /home/airflow/.local/lib/python3.8/site-packages/airflow/example_dags/example_bash_operator.py
[2025-01-20T11:24:02.566+0000] {logging_mixin.py:188} INFO - [2025-01-20T11:24:02.566+0000] {dag.py:3036} INFO - Sync 1 DAGs
[2025-01-20T11:24:02.604+0000] {logging_mixin.py:188} INFO - [2025-01-20T11:24:02.604+0000] {dag.py:3823} INFO - Setting next_dagrun for example_bash_operator to 2025-01-19 00:00:00+00:00, run_after=2025-01-20 00:00:00+00:00
[2025-01-20T11:24:02.637+0000] {processor.py:183} INFO - Processing /home/airflow/.local/lib/python3.8/site-packages/airflow/example_dags/example_bash_operator.py took 0.155 seconds
[2025-01-20T11:24:32.744+0000] {processor.py:161} INFO - Started process (PID=983) to work on /home/airflow/.local/lib/python3.8/site-packages/airflow/example_dags/example_bash_operator.py
[2025-01-20T11:24:32.747+0000] {processor.py:830} INFO - Processing file /home/airflow/.local/lib/python3.8/site-packages/airflow/example_dags/example_bash_operator.py for tasks to queue
[2025-01-20T11:24:32.751+0000] {logging_mixin.py:188} INFO - [2025-01-20T11:24:32.751+0000] {dagbag.py:538} INFO - Filling up the DagBag from /home/airflow/.local/lib/python3.8/site-packages/airflow/example_dags/example_bash_operator.py
[2025-01-20T11:24:32.772+0000] {processor.py:840} INFO - DAG(s) 'example_bash_operator' retrieved from /home/airflow/.local/lib/python3.8/site-packages/airflow/example_dags/example_bash_operator.py
[2025-01-20T11:24:32.827+0000] {logging_mixin.py:188} INFO - [2025-01-20T11:24:32.827+0000] {dag.py:3036} INFO - Sync 1 DAGs
[2025-01-20T11:24:32.880+0000] {logging_mixin.py:188} INFO - [2025-01-20T11:24:32.879+0000] {dag.py:3823} INFO - Setting next_dagrun for example_bash_operator to 2025-01-19 00:00:00+00:00, run_after=2025-01-20 00:00:00+00:00
[2025-01-20T11:24:32.916+0000] {processor.py:183} INFO - Processing /home/airflow/.local/lib/python3.8/site-packages/airflow/example_dags/example_bash_operator.py took 0.178 seconds
[2025-01-20T11:25:03.091+0000] {processor.py:161} INFO - Started process (PID=1038) to work on /home/airflow/.local/lib/python3.8/site-packages/airflow/example_dags/example_bash_operator.py
[2025-01-20T11:25:03.093+0000] {processor.py:830} INFO - Processing file /home/airflow/.local/lib/python3.8/site-packages/airflow/example_dags/example_bash_operator.py for tasks to queue
[2025-01-20T11:25:03.096+0000] {logging_mixin.py:188} INFO - [2025-01-20T11:25:03.096+0000] {dagbag.py:538} INFO - Filling up the DagBag from /home/airflow/.local/lib/python3.8/site-packages/airflow/example_dags/example_bash_operator.py
[2025-01-20T11:25:03.116+0000] {processor.py:840} INFO - DAG(s) 'example_bash_operator' retrieved from /home/airflow/.local/lib/python3.8/site-packages/airflow/example_dags/example_bash_operator.py
[2025-01-20T11:25:03.165+0000] {logging_mixin.py:188} INFO - [2025-01-20T11:25:03.165+0000] {dag.py:3036} INFO - Sync 1 DAGs
[2025-01-20T11:25:03.224+0000] {logging_mixin.py:188} INFO - [2025-01-20T11:25:03.223+0000] {dag.py:3823} INFO - Setting next_dagrun for example_bash_operator to 2025-01-19 00:00:00+00:00, run_after=2025-01-20 00:00:00+00:00
[2025-01-20T11:25:03.269+0000] {processor.py:183} INFO - Processing /home/airflow/.local/lib/python3.8/site-packages/airflow/example_dags/example_bash_operator.py took 0.183 seconds
[2025-01-20T11:25:33.984+0000] {processor.py:161} INFO - Started process (PID=1093) to work on /home/airflow/.local/lib/python3.8/site-packages/airflow/example_dags/example_bash_operator.py
[2025-01-20T11:25:33.987+0000] {processor.py:830} INFO - Processing file /home/airflow/.local/lib/python3.8/site-packages/airflow/example_dags/example_bash_operator.py for tasks to queue
[2025-01-20T11:25:33.992+0000] {logging_mixin.py:188} INFO - [2025-01-20T11:25:33.991+0000] {dagbag.py:538} INFO - Filling up the DagBag from /home/airflow/.local/lib/python3.8/site-packages/airflow/example_dags/example_bash_operator.py
[2025-01-20T11:25:34.029+0000] {processor.py:840} INFO - DAG(s) 'example_bash_operator' retrieved from /home/airflow/.local/lib/python3.8/site-packages/airflow/example_dags/example_bash_operator.py
[2025-01-20T11:25:34.122+0000] {logging_mixin.py:188} INFO - [2025-01-20T11:25:34.121+0000] {dag.py:3036} INFO - Sync 1 DAGs
[2025-01-20T11:25:34.200+0000] {logging_mixin.py:188} INFO - [2025-01-20T11:25:34.200+0000] {dag.py:3823} INFO - Setting next_dagrun for example_bash_operator to 2025-01-19 00:00:00+00:00, run_after=2025-01-20 00:00:00+00:00
[2025-01-20T11:25:34.292+0000] {processor.py:183} INFO - Processing /home/airflow/.local/lib/python3.8/site-packages/airflow/example_dags/example_bash_operator.py took 0.317 seconds
[2025-01-20T11:26:04.507+0000] {processor.py:161} INFO - Started process (PID=1148) to work on /home/airflow/.local/lib/python3.8/site-packages/airflow/example_dags/example_bash_operator.py
[2025-01-20T11:26:04.510+0000] {processor.py:830} INFO - Processing file /home/airflow/.local/lib/python3.8/site-packages/airflow/example_dags/example_bash_operator.py for tasks to queue
[2025-01-20T11:26:04.516+0000] {logging_mixin.py:188} INFO - [2025-01-20T11:26:04.515+0000] {dagbag.py:538} INFO - Filling up the DagBag from /home/airflow/.local/lib/python3.8/site-packages/airflow/example_dags/example_bash_operator.py
[2025-01-20T11:26:04.543+0000] {processor.py:840} INFO - DAG(s) 'example_bash_operator' retrieved from /home/airflow/.local/lib/python3.8/site-packages/airflow/example_dags/example_bash_operator.py
[2025-01-20T11:26:04.628+0000] {logging_mixin.py:188} INFO - [2025-01-20T11:26:04.627+0000] {dag.py:3036} INFO - Sync 1 DAGs
[2025-01-20T11:26:04.699+0000] {logging_mixin.py:188} INFO - [2025-01-20T11:26:04.698+0000] {dag.py:3823} INFO - Setting next_dagrun for example_bash_operator to 2025-01-19 00:00:00+00:00, run_after=2025-01-20 00:00:00+00:00
[2025-01-20T11:26:04.750+0000] {processor.py:183} INFO - Processing /home/airflow/.local/lib/python3.8/site-packages/airflow/example_dags/example_bash_operator.py took 0.253 seconds
[2025-01-20T11:26:35.703+0000] {processor.py:161} INFO - Started process (PID=1203) to work on /home/airflow/.local/lib/python3.8/site-packages/airflow/example_dags/example_bash_operator.py
[2025-01-20T11:26:35.705+0000] {processor.py:830} INFO - Processing file /home/airflow/.local/lib/python3.8/site-packages/airflow/example_dags/example_bash_operator.py for tasks to queue
[2025-01-20T11:26:35.708+0000] {logging_mixin.py:188} INFO - [2025-01-20T11:26:35.708+0000] {dagbag.py:538} INFO - Filling up the DagBag from /home/airflow/.local/lib/python3.8/site-packages/airflow/example_dags/example_bash_operator.py
[2025-01-20T11:26:35.733+0000] {processor.py:840} INFO - DAG(s) 'example_bash_operator' retrieved from /home/airflow/.local/lib/python3.8/site-packages/airflow/example_dags/example_bash_operator.py
[2025-01-20T11:26:35.804+0000] {logging_mixin.py:188} INFO - [2025-01-20T11:26:35.803+0000] {dag.py:3036} INFO - Sync 1 DAGs
[2025-01-20T11:26:35.857+0000] {logging_mixin.py:188} INFO - [2025-01-20T11:26:35.856+0000] {dag.py:3823} INFO - Setting next_dagrun for example_bash_operator to 2025-01-19 00:00:00+00:00, run_after=2025-01-20 00:00:00+00:00
[2025-01-20T11:26:35.903+0000] {processor.py:183} INFO - Processing /home/airflow/.local/lib/python3.8/site-packages/airflow/example_dags/example_bash_operator.py took 0.208 seconds
[2025-01-20T11:27:06.915+0000] {processor.py:161} INFO - Started process (PID=1258) to work on /home/airflow/.local/lib/python3.8/site-packages/airflow/example_dags/example_bash_operator.py
[2025-01-20T11:27:06.917+0000] {processor.py:830} INFO - Processing file /home/airflow/.local/lib/python3.8/site-packages/airflow/example_dags/example_bash_operator.py for tasks to queue
[2025-01-20T11:27:06.921+0000] {logging_mixin.py:188} INFO - [2025-01-20T11:27:06.920+0000] {dagbag.py:538} INFO - Filling up the DagBag from /home/airflow/.local/lib/python3.8/site-packages/airflow/example_dags/example_bash_operator.py
[2025-01-20T11:27:06.956+0000] {processor.py:840} INFO - DAG(s) 'example_bash_operator' retrieved from /home/airflow/.local/lib/python3.8/site-packages/airflow/example_dags/example_bash_operator.py
[2025-01-20T11:27:07.035+0000] {logging_mixin.py:188} INFO - [2025-01-20T11:27:07.034+0000] {dag.py:3036} INFO - Sync 1 DAGs
[2025-01-20T11:27:07.095+0000] {logging_mixin.py:188} INFO - [2025-01-20T11:27:07.094+0000] {dag.py:3823} INFO - Setting next_dagrun for example_bash_operator to 2025-01-19 00:00:00+00:00, run_after=2025-01-20 00:00:00+00:00
[2025-01-20T11:27:07.148+0000] {processor.py:183} INFO - Processing /home/airflow/.local/lib/python3.8/site-packages/airflow/example_dags/example_bash_operator.py took 0.241 seconds
[2025-01-20T11:27:37.236+0000] {processor.py:161} INFO - Started process (PID=1313) to work on /home/airflow/.local/lib/python3.8/site-packages/airflow/example_dags/example_bash_operator.py
[2025-01-20T11:27:37.238+0000] {processor.py:830} INFO - Processing file /home/airflow/.local/lib/python3.8/site-packages/airflow/example_dags/example_bash_operator.py for tasks to queue
[2025-01-20T11:27:37.242+0000] {logging_mixin.py:188} INFO - [2025-01-20T11:27:37.241+0000] {dagbag.py:538} INFO - Filling up the DagBag from /home/airflow/.local/lib/python3.8/site-packages/airflow/example_dags/example_bash_operator.py
[2025-01-20T11:27:37.262+0000] {processor.py:840} INFO - DAG(s) 'example_bash_operator' retrieved from /home/airflow/.local/lib/python3.8/site-packages/airflow/example_dags/example_bash_operator.py
[2025-01-20T11:27:37.315+0000] {logging_mixin.py:188} INFO - [2025-01-20T11:27:37.314+0000] {dag.py:3036} INFO - Sync 1 DAGs
[2025-01-20T11:27:37.352+0000] {logging_mixin.py:188} INFO - [2025-01-20T11:27:37.352+0000] {dag.py:3823} INFO - Setting next_dagrun for example_bash_operator to 2025-01-19 00:00:00+00:00, run_after=2025-01-20 00:00:00+00:00
[2025-01-20T11:27:37.388+0000] {processor.py:183} INFO - Processing /home/airflow/.local/lib/python3.8/site-packages/airflow/example_dags/example_bash_operator.py took 0.157 seconds
[2025-01-20T11:28:07.531+0000] {processor.py:161} INFO - Started process (PID=1368) to work on /home/airflow/.local/lib/python3.8/site-packages/airflow/example_dags/example_bash_operator.py
[2025-01-20T11:28:07.533+0000] {processor.py:830} INFO - Processing file /home/airflow/.local/lib/python3.8/site-packages/airflow/example_dags/example_bash_operator.py for tasks to queue
[2025-01-20T11:28:07.536+0000] {logging_mixin.py:188} INFO - [2025-01-20T11:28:07.535+0000] {dagbag.py:538} INFO - Filling up the DagBag from /home/airflow/.local/lib/python3.8/site-packages/airflow/example_dags/example_bash_operator.py
[2025-01-20T11:28:07.556+0000] {processor.py:840} INFO - DAG(s) 'example_bash_operator' retrieved from /home/airflow/.local/lib/python3.8/site-packages/airflow/example_dags/example_bash_operator.py
[2025-01-20T11:28:07.613+0000] {logging_mixin.py:188} INFO - [2025-01-20T11:28:07.612+0000] {dag.py:3036} INFO - Sync 1 DAGs
[2025-01-20T11:28:07.654+0000] {logging_mixin.py:188} INFO - [2025-01-20T11:28:07.653+0000] {dag.py:3823} INFO - Setting next_dagrun for example_bash_operator to 2025-01-19 00:00:00+00:00, run_after=2025-01-20 00:00:00+00:00
[2025-01-20T11:28:07.686+0000] {processor.py:183} INFO - Processing /home/airflow/.local/lib/python3.8/site-packages/airflow/example_dags/example_bash_operator.py took 0.160 seconds
[2025-01-20T11:28:37.886+0000] {processor.py:161} INFO - Started process (PID=1423) to work on /home/airflow/.local/lib/python3.8/site-packages/airflow/example_dags/example_bash_operator.py
[2025-01-20T11:28:37.888+0000] {processor.py:830} INFO - Processing file /home/airflow/.local/lib/python3.8/site-packages/airflow/example_dags/example_bash_operator.py for tasks to queue
[2025-01-20T11:28:37.890+0000] {logging_mixin.py:188} INFO - [2025-01-20T11:28:37.890+0000] {dagbag.py:538} INFO - Filling up the DagBag from /home/airflow/.local/lib/python3.8/site-packages/airflow/example_dags/example_bash_operator.py
[2025-01-20T11:28:37.911+0000] {processor.py:840} INFO - DAG(s) 'example_bash_operator' retrieved from /home/airflow/.local/lib/python3.8/site-packages/airflow/example_dags/example_bash_operator.py
[2025-01-20T11:28:37.965+0000] {logging_mixin.py:188} INFO - [2025-01-20T11:28:37.964+0000] {dag.py:3036} INFO - Sync 1 DAGs
[2025-01-20T11:28:38.007+0000] {logging_mixin.py:188} INFO - [2025-01-20T11:28:38.007+0000] {dag.py:3823} INFO - Setting next_dagrun for example_bash_operator to 2025-01-19 00:00:00+00:00, run_after=2025-01-20 00:00:00+00:00
[2025-01-20T11:28:38.052+0000] {processor.py:183} INFO - Processing /home/airflow/.local/lib/python3.8/site-packages/airflow/example_dags/example_bash_operator.py took 0.172 seconds
[2025-01-20T11:29:08.742+0000] {processor.py:161} INFO - Started process (PID=1478) to work on /home/airflow/.local/lib/python3.8/site-packages/airflow/example_dags/example_bash_operator.py
[2025-01-20T11:29:08.744+0000] {processor.py:830} INFO - Processing file /home/airflow/.local/lib/python3.8/site-packages/airflow/example_dags/example_bash_operator.py for tasks to queue
[2025-01-20T11:29:08.747+0000] {logging_mixin.py:188} INFO - [2025-01-20T11:29:08.746+0000] {dagbag.py:538} INFO - Filling up the DagBag from /home/airflow/.local/lib/python3.8/site-packages/airflow/example_dags/example_bash_operator.py
[2025-01-20T11:29:08.772+0000] {processor.py:840} INFO - DAG(s) 'example_bash_operator' retrieved from /home/airflow/.local/lib/python3.8/site-packages/airflow/example_dags/example_bash_operator.py
[2025-01-20T11:29:08.830+0000] {logging_mixin.py:188} INFO - [2025-01-20T11:29:08.829+0000] {dag.py:3036} INFO - Sync 1 DAGs
[2025-01-20T11:29:08.872+0000] {logging_mixin.py:188} INFO - [2025-01-20T11:29:08.872+0000] {dag.py:3823} INFO - Setting next_dagrun for example_bash_operator to 2025-01-19 00:00:00+00:00, run_after=2025-01-20 00:00:00+00:00
[2025-01-20T11:29:08.902+0000] {processor.py:183} INFO - Processing /home/airflow/.local/lib/python3.8/site-packages/airflow/example_dags/example_bash_operator.py took 0.166 seconds
[2025-01-20T11:29:39.521+0000] {processor.py:161} INFO - Started process (PID=1534) to work on /home/airflow/.local/lib/python3.8/site-packages/airflow/example_dags/example_bash_operator.py
[2025-01-20T11:29:39.523+0000] {processor.py:830} INFO - Processing file /home/airflow/.local/lib/python3.8/site-packages/airflow/example_dags/example_bash_operator.py for tasks to queue
[2025-01-20T11:29:39.526+0000] {logging_mixin.py:188} INFO - [2025-01-20T11:29:39.526+0000] {dagbag.py:538} INFO - Filling up the DagBag from /home/airflow/.local/lib/python3.8/site-packages/airflow/example_dags/example_bash_operator.py
[2025-01-20T11:29:39.545+0000] {processor.py:840} INFO - DAG(s) 'example_bash_operator' retrieved from /home/airflow/.local/lib/python3.8/site-packages/airflow/example_dags/example_bash_operator.py
[2025-01-20T11:29:39.598+0000] {logging_mixin.py:188} INFO - [2025-01-20T11:29:39.598+0000] {dag.py:3036} INFO - Sync 1 DAGs
[2025-01-20T11:29:39.643+0000] {logging_mixin.py:188} INFO - [2025-01-20T11:29:39.642+0000] {dag.py:3823} INFO - Setting next_dagrun for example_bash_operator to 2025-01-19 00:00:00+00:00, run_after=2025-01-20 00:00:00+00:00
[2025-01-20T11:29:39.672+0000] {processor.py:183} INFO - Processing /home/airflow/.local/lib/python3.8/site-packages/airflow/example_dags/example_bash_operator.py took 0.157 seconds
[2025-01-20T11:30:10.928+0000] {processor.py:161} INFO - Started process (PID=1588) to work on /home/airflow/.local/lib/python3.8/site-packages/airflow/example_dags/example_bash_operator.py
[2025-01-20T11:30:10.932+0000] {processor.py:830} INFO - Processing file /home/airflow/.local/lib/python3.8/site-packages/airflow/example_dags/example_bash_operator.py for tasks to queue
[2025-01-20T11:30:10.941+0000] {logging_mixin.py:188} INFO - [2025-01-20T11:30:10.939+0000] {dagbag.py:538} INFO - Filling up the DagBag from /home/airflow/.local/lib/python3.8/site-packages/airflow/example_dags/example_bash_operator.py
[2025-01-20T11:30:10.988+0000] {processor.py:840} INFO - DAG(s) 'example_bash_operator' retrieved from /home/airflow/.local/lib/python3.8/site-packages/airflow/example_dags/example_bash_operator.py
[2025-01-20T11:30:11.094+0000] {logging_mixin.py:188} INFO - [2025-01-20T11:30:11.093+0000] {dag.py:3036} INFO - Sync 1 DAGs
[2025-01-20T11:30:11.175+0000] {logging_mixin.py:188} INFO - [2025-01-20T11:30:11.174+0000] {dag.py:3823} INFO - Setting next_dagrun for example_bash_operator to 2025-01-19 00:00:00+00:00, run_after=2025-01-20 00:00:00+00:00
[2025-01-20T11:30:11.228+0000] {processor.py:183} INFO - Processing /home/airflow/.local/lib/python3.8/site-packages/airflow/example_dags/example_bash_operator.py took 0.310 seconds
[2025-01-20T11:30:42.232+0000] {processor.py:161} INFO - Started process (PID=1643) to work on /home/airflow/.local/lib/python3.8/site-packages/airflow/example_dags/example_bash_operator.py
[2025-01-20T11:30:42.237+0000] {processor.py:830} INFO - Processing file /home/airflow/.local/lib/python3.8/site-packages/airflow/example_dags/example_bash_operator.py for tasks to queue
[2025-01-20T11:30:42.250+0000] {logging_mixin.py:188} INFO - [2025-01-20T11:30:42.249+0000] {dagbag.py:538} INFO - Filling up the DagBag from /home/airflow/.local/lib/python3.8/site-packages/airflow/example_dags/example_bash_operator.py
[2025-01-20T11:30:42.320+0000] {processor.py:840} INFO - DAG(s) 'example_bash_operator' retrieved from /home/airflow/.local/lib/python3.8/site-packages/airflow/example_dags/example_bash_operator.py
[2025-01-20T11:30:42.429+0000] {logging_mixin.py:188} INFO - [2025-01-20T11:30:42.429+0000] {dag.py:3036} INFO - Sync 1 DAGs
[2025-01-20T11:30:42.536+0000] {logging_mixin.py:188} INFO - [2025-01-20T11:30:42.535+0000] {dag.py:3823} INFO - Setting next_dagrun for example_bash_operator to 2025-01-19 00:00:00+00:00, run_after=2025-01-20 00:00:00+00:00
[2025-01-20T11:30:42.622+0000] {processor.py:183} INFO - Processing /home/airflow/.local/lib/python3.8/site-packages/airflow/example_dags/example_bash_operator.py took 0.410 seconds
[2025-01-20T11:31:13.030+0000] {processor.py:161} INFO - Started process (PID=1698) to work on /home/airflow/.local/lib/python3.8/site-packages/airflow/example_dags/example_bash_operator.py
[2025-01-20T11:31:13.033+0000] {processor.py:830} INFO - Processing file /home/airflow/.local/lib/python3.8/site-packages/airflow/example_dags/example_bash_operator.py for tasks to queue
[2025-01-20T11:31:13.037+0000] {logging_mixin.py:188} INFO - [2025-01-20T11:31:13.037+0000] {dagbag.py:538} INFO - Filling up the DagBag from /home/airflow/.local/lib/python3.8/site-packages/airflow/example_dags/example_bash_operator.py
[2025-01-20T11:31:13.063+0000] {processor.py:840} INFO - DAG(s) 'example_bash_operator' retrieved from /home/airflow/.local/lib/python3.8/site-packages/airflow/example_dags/example_bash_operator.py
[2025-01-20T11:31:13.133+0000] {logging_mixin.py:188} INFO - [2025-01-20T11:31:13.132+0000] {dag.py:3036} INFO - Sync 1 DAGs
[2025-01-20T11:31:13.194+0000] {logging_mixin.py:188} INFO - [2025-01-20T11:31:13.194+0000] {dag.py:3823} INFO - Setting next_dagrun for example_bash_operator to 2025-01-19 00:00:00+00:00, run_after=2025-01-20 00:00:00+00:00
[2025-01-20T11:31:13.241+0000] {processor.py:183} INFO - Processing /home/airflow/.local/lib/python3.8/site-packages/airflow/example_dags/example_bash_operator.py took 0.218 seconds
[2025-01-20T11:31:43.529+0000] {processor.py:161} INFO - Started process (PID=1753) to work on /home/airflow/.local/lib/python3.8/site-packages/airflow/example_dags/example_bash_operator.py
[2025-01-20T11:31:43.531+0000] {processor.py:830} INFO - Processing file /home/airflow/.local/lib/python3.8/site-packages/airflow/example_dags/example_bash_operator.py for tasks to queue
[2025-01-20T11:31:43.535+0000] {logging_mixin.py:188} INFO - [2025-01-20T11:31:43.534+0000] {dagbag.py:538} INFO - Filling up the DagBag from /home/airflow/.local/lib/python3.8/site-packages/airflow/example_dags/example_bash_operator.py
[2025-01-20T11:31:43.565+0000] {processor.py:840} INFO - DAG(s) 'example_bash_operator' retrieved from /home/airflow/.local/lib/python3.8/site-packages/airflow/example_dags/example_bash_operator.py
[2025-01-20T11:31:43.628+0000] {logging_mixin.py:188} INFO - [2025-01-20T11:31:43.628+0000] {dag.py:3036} INFO - Sync 1 DAGs
[2025-01-20T11:31:43.671+0000] {logging_mixin.py:188} INFO - [2025-01-20T11:31:43.670+0000] {dag.py:3823} INFO - Setting next_dagrun for example_bash_operator to 2025-01-19 00:00:00+00:00, run_after=2025-01-20 00:00:00+00:00
[2025-01-20T11:31:43.705+0000] {processor.py:183} INFO - Processing /home/airflow/.local/lib/python3.8/site-packages/airflow/example_dags/example_bash_operator.py took 0.180 seconds
[2025-01-20T11:32:13.917+0000] {processor.py:161} INFO - Started process (PID=1808) to work on /home/airflow/.local/lib/python3.8/site-packages/airflow/example_dags/example_bash_operator.py
[2025-01-20T11:32:13.919+0000] {processor.py:830} INFO - Processing file /home/airflow/.local/lib/python3.8/site-packages/airflow/example_dags/example_bash_operator.py for tasks to queue
[2025-01-20T11:32:13.923+0000] {logging_mixin.py:188} INFO - [2025-01-20T11:32:13.923+0000] {dagbag.py:538} INFO - Filling up the DagBag from /home/airflow/.local/lib/python3.8/site-packages/airflow/example_dags/example_bash_operator.py
[2025-01-20T11:32:13.946+0000] {processor.py:840} INFO - DAG(s) 'example_bash_operator' retrieved from /home/airflow/.local/lib/python3.8/site-packages/airflow/example_dags/example_bash_operator.py
[2025-01-20T11:32:14.002+0000] {logging_mixin.py:188} INFO - [2025-01-20T11:32:14.002+0000] {dag.py:3036} INFO - Sync 1 DAGs
[2025-01-20T11:32:14.047+0000] {logging_mixin.py:188} INFO - [2025-01-20T11:32:14.046+0000] {dag.py:3823} INFO - Setting next_dagrun for example_bash_operator to 2025-01-19 00:00:00+00:00, run_after=2025-01-20 00:00:00+00:00
[2025-01-20T11:32:14.082+0000] {processor.py:183} INFO - Processing /home/airflow/.local/lib/python3.8/site-packages/airflow/example_dags/example_bash_operator.py took 0.172 seconds
[2025-01-20T11:32:44.606+0000] {processor.py:161} INFO - Started process (PID=1863) to work on /home/airflow/.local/lib/python3.8/site-packages/airflow/example_dags/example_bash_operator.py
[2025-01-20T11:32:44.609+0000] {processor.py:830} INFO - Processing file /home/airflow/.local/lib/python3.8/site-packages/airflow/example_dags/example_bash_operator.py for tasks to queue
[2025-01-20T11:32:44.612+0000] {logging_mixin.py:188} INFO - [2025-01-20T11:32:44.612+0000] {dagbag.py:538} INFO - Filling up the DagBag from /home/airflow/.local/lib/python3.8/site-packages/airflow/example_dags/example_bash_operator.py
[2025-01-20T11:32:44.636+0000] {processor.py:840} INFO - DAG(s) 'example_bash_operator' retrieved from /home/airflow/.local/lib/python3.8/site-packages/airflow/example_dags/example_bash_operator.py
[2025-01-20T11:32:44.703+0000] {logging_mixin.py:188} INFO - [2025-01-20T11:32:44.702+0000] {dag.py:3036} INFO - Sync 1 DAGs
[2025-01-20T11:32:44.764+0000] {logging_mixin.py:188} INFO - [2025-01-20T11:32:44.763+0000] {dag.py:3823} INFO - Setting next_dagrun for example_bash_operator to 2025-01-19 00:00:00+00:00, run_after=2025-01-20 00:00:00+00:00
[2025-01-20T11:32:44.800+0000] {processor.py:183} INFO - Processing /home/airflow/.local/lib/python3.8/site-packages/airflow/example_dags/example_bash_operator.py took 0.202 seconds
[2025-01-20T11:33:14.843+0000] {processor.py:161} INFO - Started process (PID=1916) to work on /home/airflow/.local/lib/python3.8/site-packages/airflow/example_dags/example_bash_operator.py
[2025-01-20T11:33:14.845+0000] {processor.py:830} INFO - Processing file /home/airflow/.local/lib/python3.8/site-packages/airflow/example_dags/example_bash_operator.py for tasks to queue
[2025-01-20T11:33:14.849+0000] {logging_mixin.py:188} INFO - [2025-01-20T11:33:14.848+0000] {dagbag.py:538} INFO - Filling up the DagBag from /home/airflow/.local/lib/python3.8/site-packages/airflow/example_dags/example_bash_operator.py
[2025-01-20T11:33:14.871+0000] {processor.py:840} INFO - DAG(s) 'example_bash_operator' retrieved from /home/airflow/.local/lib/python3.8/site-packages/airflow/example_dags/example_bash_operator.py
[2025-01-20T11:33:14.926+0000] {logging_mixin.py:188} INFO - [2025-01-20T11:33:14.926+0000] {dag.py:3036} INFO - Sync 1 DAGs
[2025-01-20T11:33:14.969+0000] {logging_mixin.py:188} INFO - [2025-01-20T11:33:14.969+0000] {dag.py:3823} INFO - Setting next_dagrun for example_bash_operator to 2025-01-19 00:00:00+00:00, run_after=2025-01-20 00:00:00+00:00
[2025-01-20T11:33:15.002+0000] {processor.py:183} INFO - Processing /home/airflow/.local/lib/python3.8/site-packages/airflow/example_dags/example_bash_operator.py took 0.165 seconds
[2025-01-20T11:33:45.187+0000] {processor.py:161} INFO - Started process (PID=1971) to work on /home/airflow/.local/lib/python3.8/site-packages/airflow/example_dags/example_bash_operator.py
[2025-01-20T11:33:45.190+0000] {processor.py:830} INFO - Processing file /home/airflow/.local/lib/python3.8/site-packages/airflow/example_dags/example_bash_operator.py for tasks to queue
[2025-01-20T11:33:45.194+0000] {logging_mixin.py:188} INFO - [2025-01-20T11:33:45.194+0000] {dagbag.py:538} INFO - Filling up the DagBag from /home/airflow/.local/lib/python3.8/site-packages/airflow/example_dags/example_bash_operator.py
[2025-01-20T11:33:45.226+0000] {processor.py:840} INFO - DAG(s) 'example_bash_operator' retrieved from /home/airflow/.local/lib/python3.8/site-packages/airflow/example_dags/example_bash_operator.py
[2025-01-20T11:33:45.322+0000] {logging_mixin.py:188} INFO - [2025-01-20T11:33:45.319+0000] {dag.py:3036} INFO - Sync 1 DAGs
[2025-01-20T11:33:45.384+0000] {logging_mixin.py:188} INFO - [2025-01-20T11:33:45.384+0000] {dag.py:3823} INFO - Setting next_dagrun for example_bash_operator to 2025-01-19 00:00:00+00:00, run_after=2025-01-20 00:00:00+00:00
[2025-01-20T11:33:45.452+0000] {processor.py:183} INFO - Processing /home/airflow/.local/lib/python3.8/site-packages/airflow/example_dags/example_bash_operator.py took 0.271 seconds
[2025-01-20T11:34:15.687+0000] {processor.py:161} INFO - Started process (PID=2026) to work on /home/airflow/.local/lib/python3.8/site-packages/airflow/example_dags/example_bash_operator.py
[2025-01-20T11:34:15.689+0000] {processor.py:830} INFO - Processing file /home/airflow/.local/lib/python3.8/site-packages/airflow/example_dags/example_bash_operator.py for tasks to queue
[2025-01-20T11:34:15.694+0000] {logging_mixin.py:188} INFO - [2025-01-20T11:34:15.693+0000] {dagbag.py:538} INFO - Filling up the DagBag from /home/airflow/.local/lib/python3.8/site-packages/airflow/example_dags/example_bash_operator.py
[2025-01-20T11:34:15.715+0000] {processor.py:840} INFO - DAG(s) 'example_bash_operator' retrieved from /home/airflow/.local/lib/python3.8/site-packages/airflow/example_dags/example_bash_operator.py
[2025-01-20T11:34:15.767+0000] {logging_mixin.py:188} INFO - [2025-01-20T11:34:15.767+0000] {dag.py:3036} INFO - Sync 1 DAGs
[2025-01-20T11:34:15.808+0000] {logging_mixin.py:188} INFO - [2025-01-20T11:34:15.807+0000] {dag.py:3823} INFO - Setting next_dagrun for example_bash_operator to 2025-01-19 00:00:00+00:00, run_after=2025-01-20 00:00:00+00:00
[2025-01-20T11:34:15.838+0000] {processor.py:183} INFO - Processing /home/airflow/.local/lib/python3.8/site-packages/airflow/example_dags/example_bash_operator.py took 0.156 seconds
[2025-01-20T11:34:46.801+0000] {processor.py:161} INFO - Started process (PID=2081) to work on /home/airflow/.local/lib/python3.8/site-packages/airflow/example_dags/example_bash_operator.py
[2025-01-20T11:34:46.803+0000] {processor.py:830} INFO - Processing file /home/airflow/.local/lib/python3.8/site-packages/airflow/example_dags/example_bash_operator.py for tasks to queue
[2025-01-20T11:34:46.806+0000] {logging_mixin.py:188} INFO - [2025-01-20T11:34:46.806+0000] {dagbag.py:538} INFO - Filling up the DagBag from /home/airflow/.local/lib/python3.8/site-packages/airflow/example_dags/example_bash_operator.py
[2025-01-20T11:34:46.833+0000] {processor.py:840} INFO - DAG(s) 'example_bash_operator' retrieved from /home/airflow/.local/lib/python3.8/site-packages/airflow/example_dags/example_bash_operator.py
[2025-01-20T11:34:46.904+0000] {logging_mixin.py:188} INFO - [2025-01-20T11:34:46.903+0000] {dag.py:3036} INFO - Sync 1 DAGs
[2025-01-20T11:34:46.951+0000] {logging_mixin.py:188} INFO - [2025-01-20T11:34:46.951+0000] {dag.py:3823} INFO - Setting next_dagrun for example_bash_operator to 2025-01-19 00:00:00+00:00, run_after=2025-01-20 00:00:00+00:00
[2025-01-20T11:34:46.988+0000] {processor.py:183} INFO - Processing /home/airflow/.local/lib/python3.8/site-packages/airflow/example_dags/example_bash_operator.py took 0.194 seconds
[2025-01-20T11:35:17.682+0000] {processor.py:161} INFO - Started process (PID=2136) to work on /home/airflow/.local/lib/python3.8/site-packages/airflow/example_dags/example_bash_operator.py
[2025-01-20T11:35:17.685+0000] {processor.py:830} INFO - Processing file /home/airflow/.local/lib/python3.8/site-packages/airflow/example_dags/example_bash_operator.py for tasks to queue
[2025-01-20T11:35:17.695+0000] {logging_mixin.py:188} INFO - [2025-01-20T11:35:17.694+0000] {dagbag.py:538} INFO - Filling up the DagBag from /home/airflow/.local/lib/python3.8/site-packages/airflow/example_dags/example_bash_operator.py
[2025-01-20T11:35:17.787+0000] {processor.py:840} INFO - DAG(s) 'example_bash_operator' retrieved from /home/airflow/.local/lib/python3.8/site-packages/airflow/example_dags/example_bash_operator.py
[2025-01-20T11:35:17.905+0000] {logging_mixin.py:188} INFO - [2025-01-20T11:35:17.904+0000] {dag.py:3036} INFO - Sync 1 DAGs
[2025-01-20T11:35:17.961+0000] {logging_mixin.py:188} INFO - [2025-01-20T11:35:17.961+0000] {dag.py:3823} INFO - Setting next_dagrun for example_bash_operator to 2025-01-19 00:00:00+00:00, run_after=2025-01-20 00:00:00+00:00
[2025-01-20T11:35:18.009+0000] {processor.py:183} INFO - Processing /home/airflow/.local/lib/python3.8/site-packages/airflow/example_dags/example_bash_operator.py took 0.335 seconds
[2025-01-20T11:35:48.812+0000] {processor.py:161} INFO - Started process (PID=2191) to work on /home/airflow/.local/lib/python3.8/site-packages/airflow/example_dags/example_bash_operator.py
[2025-01-20T11:35:48.814+0000] {processor.py:830} INFO - Processing file /home/airflow/.local/lib/python3.8/site-packages/airflow/example_dags/example_bash_operator.py for tasks to queue
[2025-01-20T11:35:48.818+0000] {logging_mixin.py:188} INFO - [2025-01-20T11:35:48.817+0000] {dagbag.py:538} INFO - Filling up the DagBag from /home/airflow/.local/lib/python3.8/site-packages/airflow/example_dags/example_bash_operator.py
[2025-01-20T11:35:48.841+0000] {processor.py:840} INFO - DAG(s) 'example_bash_operator' retrieved from /home/airflow/.local/lib/python3.8/site-packages/airflow/example_dags/example_bash_operator.py
[2025-01-20T11:35:48.896+0000] {logging_mixin.py:188} INFO - [2025-01-20T11:35:48.895+0000] {dag.py:3036} INFO - Sync 1 DAGs
[2025-01-20T11:35:48.934+0000] {logging_mixin.py:188} INFO - [2025-01-20T11:35:48.934+0000] {dag.py:3823} INFO - Setting next_dagrun for example_bash_operator to 2025-01-19 00:00:00+00:00, run_after=2025-01-20 00:00:00+00:00
[2025-01-20T11:35:48.972+0000] {processor.py:183} INFO - Processing /home/airflow/.local/lib/python3.8/site-packages/airflow/example_dags/example_bash_operator.py took 0.166 seconds
[2025-01-20T11:36:19.590+0000] {processor.py:161} INFO - Started process (PID=2246) to work on /home/airflow/.local/lib/python3.8/site-packages/airflow/example_dags/example_bash_operator.py
[2025-01-20T11:36:19.593+0000] {processor.py:830} INFO - Processing file /home/airflow/.local/lib/python3.8/site-packages/airflow/example_dags/example_bash_operator.py for tasks to queue
[2025-01-20T11:36:19.596+0000] {logging_mixin.py:188} INFO - [2025-01-20T11:36:19.596+0000] {dagbag.py:538} INFO - Filling up the DagBag from /home/airflow/.local/lib/python3.8/site-packages/airflow/example_dags/example_bash_operator.py
[2025-01-20T11:36:19.622+0000] {processor.py:840} INFO - DAG(s) 'example_bash_operator' retrieved from /home/airflow/.local/lib/python3.8/site-packages/airflow/example_dags/example_bash_operator.py
[2025-01-20T11:36:19.679+0000] {logging_mixin.py:188} INFO - [2025-01-20T11:36:19.679+0000] {dag.py:3036} INFO - Sync 1 DAGs
[2025-01-20T11:36:19.730+0000] {logging_mixin.py:188} INFO - [2025-01-20T11:36:19.729+0000] {dag.py:3823} INFO - Setting next_dagrun for example_bash_operator to 2025-01-19 00:00:00+00:00, run_after=2025-01-20 00:00:00+00:00
[2025-01-20T11:36:19.775+0000] {processor.py:183} INFO - Processing /home/airflow/.local/lib/python3.8/site-packages/airflow/example_dags/example_bash_operator.py took 0.191 seconds
[2025-01-20T11:36:50.153+0000] {processor.py:161} INFO - Started process (PID=2301) to work on /home/airflow/.local/lib/python3.8/site-packages/airflow/example_dags/example_bash_operator.py
[2025-01-20T11:36:50.155+0000] {processor.py:830} INFO - Processing file /home/airflow/.local/lib/python3.8/site-packages/airflow/example_dags/example_bash_operator.py for tasks to queue
[2025-01-20T11:36:50.158+0000] {logging_mixin.py:188} INFO - [2025-01-20T11:36:50.158+0000] {dagbag.py:538} INFO - Filling up the DagBag from /home/airflow/.local/lib/python3.8/site-packages/airflow/example_dags/example_bash_operator.py
[2025-01-20T11:36:50.176+0000] {processor.py:840} INFO - DAG(s) 'example_bash_operator' retrieved from /home/airflow/.local/lib/python3.8/site-packages/airflow/example_dags/example_bash_operator.py
[2025-01-20T11:36:50.226+0000] {logging_mixin.py:188} INFO - [2025-01-20T11:36:50.226+0000] {dag.py:3036} INFO - Sync 1 DAGs
[2025-01-20T11:36:50.265+0000] {logging_mixin.py:188} INFO - [2025-01-20T11:36:50.265+0000] {dag.py:3823} INFO - Setting next_dagrun for example_bash_operator to 2025-01-19 00:00:00+00:00, run_after=2025-01-20 00:00:00+00:00
[2025-01-20T11:36:50.293+0000] {processor.py:183} INFO - Processing /home/airflow/.local/lib/python3.8/site-packages/airflow/example_dags/example_bash_operator.py took 0.145 seconds
