[2025-01-20T11:16:24.013+0000] {processor.py:161} INFO - Started process (PID=100) to work on /home/airflow/.local/lib/python3.8/site-packages/airflow/example_dags/example_subdag_operator.py
[2025-01-20T11:16:24.015+0000] {processor.py:830} INFO - Processing file /home/airflow/.local/lib/python3.8/site-packages/airflow/example_dags/example_subdag_operator.py for tasks to queue
[2025-01-20T11:16:24.018+0000] {logging_mixin.py:188} INFO - [2025-01-20T11:16:24.018+0000] {dagbag.py:538} INFO - Filling up the DagBag from /home/airflow/.local/lib/python3.8/site-packages/airflow/example_dags/example_subdag_operator.py
[2025-01-20T11:16:24.067+0000] {processor.py:840} INFO - DAG(s) 'example_subdag_operator.section-1', 'example_subdag_operator.section-2', 'example_subdag_operator' retrieved from /home/airflow/.local/lib/python3.8/site-packages/airflow/example_dags/example_subdag_operator.py
[2025-01-20T11:16:24.287+0000] {logging_mixin.py:188} INFO - [2025-01-20T11:16:24.286+0000] {dag.py:3036} INFO - Sync 3 DAGs
[2025-01-20T11:16:24.337+0000] {logging_mixin.py:188} INFO - [2025-01-20T11:16:24.336+0000] {dag.py:3823} INFO - Setting next_dagrun for example_subdag_operator to 2022-01-01 00:00:00+00:00, run_after=2022-01-01 00:00:00+00:00
[2025-01-20T11:16:24.345+0000] {logging_mixin.py:188} INFO - [2025-01-20T11:16:24.344+0000] {dag.py:3823} INFO - Setting next_dagrun for example_subdag_operator.section-1 to None, run_after=None
[2025-01-20T11:16:24.349+0000] {logging_mixin.py:188} INFO - [2025-01-20T11:16:24.349+0000] {dag.py:3823} INFO - Setting next_dagrun for example_subdag_operator.section-2 to None, run_after=None
[2025-01-20T11:16:24.370+0000] {logging_mixin.py:188} INFO - [2025-01-20T11:16:24.369+0000] {dag.py:3036} INFO - Sync 2 DAGs
[2025-01-20T11:16:24.382+0000] {logging_mixin.py:188} INFO - [2025-01-20T11:16:24.382+0000] {dag.py:3823} INFO - Setting next_dagrun for example_subdag_operator.section-1 to None, run_after=None
[2025-01-20T11:16:24.384+0000] {logging_mixin.py:188} INFO - [2025-01-20T11:16:24.383+0000] {dag.py:3823} INFO - Setting next_dagrun for example_subdag_operator.section-2 to None, run_after=None
[2025-01-20T11:16:24.423+0000] {processor.py:183} INFO - Processing /home/airflow/.local/lib/python3.8/site-packages/airflow/example_dags/example_subdag_operator.py took 0.415 seconds
[2025-01-20T11:16:54.959+0000] {processor.py:161} INFO - Started process (PID=155) to work on /home/airflow/.local/lib/python3.8/site-packages/airflow/example_dags/example_subdag_operator.py
[2025-01-20T11:16:54.960+0000] {processor.py:830} INFO - Processing file /home/airflow/.local/lib/python3.8/site-packages/airflow/example_dags/example_subdag_operator.py for tasks to queue
[2025-01-20T11:16:54.964+0000] {logging_mixin.py:188} INFO - [2025-01-20T11:16:54.963+0000] {dagbag.py:538} INFO - Filling up the DagBag from /home/airflow/.local/lib/python3.8/site-packages/airflow/example_dags/example_subdag_operator.py
[2025-01-20T11:16:55.009+0000] {processor.py:840} INFO - DAG(s) 'example_subdag_operator.section-1', 'example_subdag_operator.section-2', 'example_subdag_operator' retrieved from /home/airflow/.local/lib/python3.8/site-packages/airflow/example_dags/example_subdag_operator.py
[2025-01-20T11:16:55.039+0000] {logging_mixin.py:188} INFO - [2025-01-20T11:16:55.039+0000] {dag.py:3036} INFO - Sync 3 DAGs
[2025-01-20T11:16:55.079+0000] {logging_mixin.py:188} INFO - [2025-01-20T11:16:55.079+0000] {dag.py:3823} INFO - Setting next_dagrun for example_subdag_operator to 2022-01-01 00:00:00+00:00, run_after=2022-01-01 00:00:00+00:00
[2025-01-20T11:16:55.085+0000] {logging_mixin.py:188} INFO - [2025-01-20T11:16:55.085+0000] {dag.py:3823} INFO - Setting next_dagrun for example_subdag_operator.section-1 to None, run_after=None
[2025-01-20T11:16:55.088+0000] {logging_mixin.py:188} INFO - [2025-01-20T11:16:55.088+0000] {dag.py:3823} INFO - Setting next_dagrun for example_subdag_operator.section-2 to None, run_after=None
[2025-01-20T11:16:55.100+0000] {logging_mixin.py:188} INFO - [2025-01-20T11:16:55.100+0000] {dag.py:3036} INFO - Sync 2 DAGs
[2025-01-20T11:16:55.110+0000] {logging_mixin.py:188} INFO - [2025-01-20T11:16:55.109+0000] {dag.py:3823} INFO - Setting next_dagrun for example_subdag_operator.section-1 to None, run_after=None
[2025-01-20T11:16:55.111+0000] {logging_mixin.py:188} INFO - [2025-01-20T11:16:55.110+0000] {dag.py:3823} INFO - Setting next_dagrun for example_subdag_operator.section-2 to None, run_after=None
[2025-01-20T11:16:55.138+0000] {processor.py:183} INFO - Processing /home/airflow/.local/lib/python3.8/site-packages/airflow/example_dags/example_subdag_operator.py took 0.185 seconds
[2025-01-20T11:17:25.391+0000] {processor.py:161} INFO - Started process (PID=210) to work on /home/airflow/.local/lib/python3.8/site-packages/airflow/example_dags/example_subdag_operator.py
[2025-01-20T11:17:25.393+0000] {processor.py:830} INFO - Processing file /home/airflow/.local/lib/python3.8/site-packages/airflow/example_dags/example_subdag_operator.py for tasks to queue
[2025-01-20T11:17:25.397+0000] {logging_mixin.py:188} INFO - [2025-01-20T11:17:25.396+0000] {dagbag.py:538} INFO - Filling up the DagBag from /home/airflow/.local/lib/python3.8/site-packages/airflow/example_dags/example_subdag_operator.py
[2025-01-20T11:17:25.433+0000] {processor.py:840} INFO - DAG(s) 'example_subdag_operator.section-1', 'example_subdag_operator.section-2', 'example_subdag_operator' retrieved from /home/airflow/.local/lib/python3.8/site-packages/airflow/example_dags/example_subdag_operator.py
[2025-01-20T11:17:25.460+0000] {logging_mixin.py:188} INFO - [2025-01-20T11:17:25.459+0000] {dag.py:3036} INFO - Sync 3 DAGs
[2025-01-20T11:17:25.496+0000] {logging_mixin.py:188} INFO - [2025-01-20T11:17:25.495+0000] {dag.py:3823} INFO - Setting next_dagrun for example_subdag_operator to 2022-01-01 00:00:00+00:00, run_after=2022-01-01 00:00:00+00:00
[2025-01-20T11:17:25.501+0000] {logging_mixin.py:188} INFO - [2025-01-20T11:17:25.501+0000] {dag.py:3823} INFO - Setting next_dagrun for example_subdag_operator.section-1 to None, run_after=None
[2025-01-20T11:17:25.504+0000] {logging_mixin.py:188} INFO - [2025-01-20T11:17:25.504+0000] {dag.py:3823} INFO - Setting next_dagrun for example_subdag_operator.section-2 to None, run_after=None
[2025-01-20T11:17:25.516+0000] {logging_mixin.py:188} INFO - [2025-01-20T11:17:25.516+0000] {dag.py:3036} INFO - Sync 2 DAGs
[2025-01-20T11:17:25.525+0000] {logging_mixin.py:188} INFO - [2025-01-20T11:17:25.524+0000] {dag.py:3823} INFO - Setting next_dagrun for example_subdag_operator.section-1 to None, run_after=None
[2025-01-20T11:17:25.526+0000] {logging_mixin.py:188} INFO - [2025-01-20T11:17:25.525+0000] {dag.py:3823} INFO - Setting next_dagrun for example_subdag_operator.section-2 to None, run_after=None
[2025-01-20T11:17:25.552+0000] {processor.py:183} INFO - Processing /home/airflow/.local/lib/python3.8/site-packages/airflow/example_dags/example_subdag_operator.py took 0.167 seconds
[2025-01-20T11:17:55.851+0000] {processor.py:161} INFO - Started process (PID=265) to work on /home/airflow/.local/lib/python3.8/site-packages/airflow/example_dags/example_subdag_operator.py
[2025-01-20T11:17:55.853+0000] {processor.py:830} INFO - Processing file /home/airflow/.local/lib/python3.8/site-packages/airflow/example_dags/example_subdag_operator.py for tasks to queue
[2025-01-20T11:17:55.859+0000] {logging_mixin.py:188} INFO - [2025-01-20T11:17:55.858+0000] {dagbag.py:538} INFO - Filling up the DagBag from /home/airflow/.local/lib/python3.8/site-packages/airflow/example_dags/example_subdag_operator.py
[2025-01-20T11:17:55.915+0000] {processor.py:840} INFO - DAG(s) 'example_subdag_operator.section-1', 'example_subdag_operator.section-2', 'example_subdag_operator' retrieved from /home/airflow/.local/lib/python3.8/site-packages/airflow/example_dags/example_subdag_operator.py
[2025-01-20T11:17:55.954+0000] {logging_mixin.py:188} INFO - [2025-01-20T11:17:55.953+0000] {dag.py:3036} INFO - Sync 3 DAGs
[2025-01-20T11:17:56.008+0000] {logging_mixin.py:188} INFO - [2025-01-20T11:17:56.007+0000] {dag.py:3823} INFO - Setting next_dagrun for example_subdag_operator to 2022-01-01 00:00:00+00:00, run_after=2022-01-01 00:00:00+00:00
[2025-01-20T11:17:56.015+0000] {logging_mixin.py:188} INFO - [2025-01-20T11:17:56.015+0000] {dag.py:3823} INFO - Setting next_dagrun for example_subdag_operator.section-1 to None, run_after=None
[2025-01-20T11:17:56.020+0000] {logging_mixin.py:188} INFO - [2025-01-20T11:17:56.019+0000] {dag.py:3823} INFO - Setting next_dagrun for example_subdag_operator.section-2 to None, run_after=None
[2025-01-20T11:17:56.035+0000] {logging_mixin.py:188} INFO - [2025-01-20T11:17:56.035+0000] {dag.py:3036} INFO - Sync 2 DAGs
[2025-01-20T11:17:56.045+0000] {logging_mixin.py:188} INFO - [2025-01-20T11:17:56.044+0000] {dag.py:3823} INFO - Setting next_dagrun for example_subdag_operator.section-1 to None, run_after=None
[2025-01-20T11:17:56.047+0000] {logging_mixin.py:188} INFO - [2025-01-20T11:17:56.046+0000] {dag.py:3823} INFO - Setting next_dagrun for example_subdag_operator.section-2 to None, run_after=None
[2025-01-20T11:17:56.074+0000] {processor.py:183} INFO - Processing /home/airflow/.local/lib/python3.8/site-packages/airflow/example_dags/example_subdag_operator.py took 0.233 seconds
[2025-01-20T11:18:26.297+0000] {processor.py:161} INFO - Started process (PID=320) to work on /home/airflow/.local/lib/python3.8/site-packages/airflow/example_dags/example_subdag_operator.py
[2025-01-20T11:18:26.298+0000] {processor.py:830} INFO - Processing file /home/airflow/.local/lib/python3.8/site-packages/airflow/example_dags/example_subdag_operator.py for tasks to queue
[2025-01-20T11:18:26.302+0000] {logging_mixin.py:188} INFO - [2025-01-20T11:18:26.301+0000] {dagbag.py:538} INFO - Filling up the DagBag from /home/airflow/.local/lib/python3.8/site-packages/airflow/example_dags/example_subdag_operator.py
[2025-01-20T11:18:26.339+0000] {processor.py:840} INFO - DAG(s) 'example_subdag_operator.section-1', 'example_subdag_operator.section-2', 'example_subdag_operator' retrieved from /home/airflow/.local/lib/python3.8/site-packages/airflow/example_dags/example_subdag_operator.py
[2025-01-20T11:18:26.366+0000] {logging_mixin.py:188} INFO - [2025-01-20T11:18:26.366+0000] {dag.py:3036} INFO - Sync 3 DAGs
[2025-01-20T11:18:26.406+0000] {logging_mixin.py:188} INFO - [2025-01-20T11:18:26.406+0000] {dag.py:3823} INFO - Setting next_dagrun for example_subdag_operator to 2022-01-01 00:00:00+00:00, run_after=2022-01-01 00:00:00+00:00
[2025-01-20T11:18:26.413+0000] {logging_mixin.py:188} INFO - [2025-01-20T11:18:26.413+0000] {dag.py:3823} INFO - Setting next_dagrun for example_subdag_operator.section-1 to None, run_after=None
[2025-01-20T11:18:26.416+0000] {logging_mixin.py:188} INFO - [2025-01-20T11:18:26.415+0000] {dag.py:3823} INFO - Setting next_dagrun for example_subdag_operator.section-2 to None, run_after=None
[2025-01-20T11:18:26.427+0000] {logging_mixin.py:188} INFO - [2025-01-20T11:18:26.426+0000] {dag.py:3036} INFO - Sync 2 DAGs
[2025-01-20T11:18:26.434+0000] {logging_mixin.py:188} INFO - [2025-01-20T11:18:26.434+0000] {dag.py:3823} INFO - Setting next_dagrun for example_subdag_operator.section-1 to None, run_after=None
[2025-01-20T11:18:26.435+0000] {logging_mixin.py:188} INFO - [2025-01-20T11:18:26.435+0000] {dag.py:3823} INFO - Setting next_dagrun for example_subdag_operator.section-2 to None, run_after=None
[2025-01-20T11:18:26.537+0000] {processor.py:183} INFO - Processing /home/airflow/.local/lib/python3.8/site-packages/airflow/example_dags/example_subdag_operator.py took 0.245 seconds
[2025-01-20T11:18:56.860+0000] {processor.py:161} INFO - Started process (PID=375) to work on /home/airflow/.local/lib/python3.8/site-packages/airflow/example_dags/example_subdag_operator.py
[2025-01-20T11:18:56.862+0000] {processor.py:830} INFO - Processing file /home/airflow/.local/lib/python3.8/site-packages/airflow/example_dags/example_subdag_operator.py for tasks to queue
[2025-01-20T11:18:56.866+0000] {logging_mixin.py:188} INFO - [2025-01-20T11:18:56.865+0000] {dagbag.py:538} INFO - Filling up the DagBag from /home/airflow/.local/lib/python3.8/site-packages/airflow/example_dags/example_subdag_operator.py
[2025-01-20T11:18:56.917+0000] {processor.py:840} INFO - DAG(s) 'example_subdag_operator.section-1', 'example_subdag_operator.section-2', 'example_subdag_operator' retrieved from /home/airflow/.local/lib/python3.8/site-packages/airflow/example_dags/example_subdag_operator.py
[2025-01-20T11:18:56.956+0000] {logging_mixin.py:188} INFO - [2025-01-20T11:18:56.956+0000] {dag.py:3036} INFO - Sync 3 DAGs
[2025-01-20T11:18:57.008+0000] {logging_mixin.py:188} INFO - [2025-01-20T11:18:57.007+0000] {dag.py:3823} INFO - Setting next_dagrun for example_subdag_operator to 2022-01-01 00:00:00+00:00, run_after=2022-01-01 00:00:00+00:00
[2025-01-20T11:18:57.015+0000] {logging_mixin.py:188} INFO - [2025-01-20T11:18:57.015+0000] {dag.py:3823} INFO - Setting next_dagrun for example_subdag_operator.section-1 to None, run_after=None
[2025-01-20T11:18:57.018+0000] {logging_mixin.py:188} INFO - [2025-01-20T11:18:57.018+0000] {dag.py:3823} INFO - Setting next_dagrun for example_subdag_operator.section-2 to None, run_after=None
[2025-01-20T11:18:57.037+0000] {logging_mixin.py:188} INFO - [2025-01-20T11:18:57.036+0000] {dag.py:3036} INFO - Sync 2 DAGs
[2025-01-20T11:18:57.047+0000] {logging_mixin.py:188} INFO - [2025-01-20T11:18:57.046+0000] {dag.py:3823} INFO - Setting next_dagrun for example_subdag_operator.section-1 to None, run_after=None
[2025-01-20T11:18:57.048+0000] {logging_mixin.py:188} INFO - [2025-01-20T11:18:57.048+0000] {dag.py:3823} INFO - Setting next_dagrun for example_subdag_operator.section-2 to None, run_after=None
[2025-01-20T11:18:57.073+0000] {processor.py:183} INFO - Processing /home/airflow/.local/lib/python3.8/site-packages/airflow/example_dags/example_subdag_operator.py took 0.219 seconds
[2025-01-20T11:19:27.189+0000] {processor.py:161} INFO - Started process (PID=430) to work on /home/airflow/.local/lib/python3.8/site-packages/airflow/example_dags/example_subdag_operator.py
[2025-01-20T11:19:27.191+0000] {processor.py:830} INFO - Processing file /home/airflow/.local/lib/python3.8/site-packages/airflow/example_dags/example_subdag_operator.py for tasks to queue
[2025-01-20T11:19:27.195+0000] {logging_mixin.py:188} INFO - [2025-01-20T11:19:27.194+0000] {dagbag.py:538} INFO - Filling up the DagBag from /home/airflow/.local/lib/python3.8/site-packages/airflow/example_dags/example_subdag_operator.py
[2025-01-20T11:19:27.249+0000] {processor.py:840} INFO - DAG(s) 'example_subdag_operator.section-1', 'example_subdag_operator.section-2', 'example_subdag_operator' retrieved from /home/airflow/.local/lib/python3.8/site-packages/airflow/example_dags/example_subdag_operator.py
[2025-01-20T11:19:27.285+0000] {logging_mixin.py:188} INFO - [2025-01-20T11:19:27.284+0000] {dag.py:3036} INFO - Sync 3 DAGs
[2025-01-20T11:19:27.329+0000] {logging_mixin.py:188} INFO - [2025-01-20T11:19:27.329+0000] {dag.py:3823} INFO - Setting next_dagrun for example_subdag_operator to 2022-01-01 00:00:00+00:00, run_after=2022-01-01 00:00:00+00:00
[2025-01-20T11:19:27.337+0000] {logging_mixin.py:188} INFO - [2025-01-20T11:19:27.336+0000] {dag.py:3823} INFO - Setting next_dagrun for example_subdag_operator.section-1 to None, run_after=None
[2025-01-20T11:19:27.339+0000] {logging_mixin.py:188} INFO - [2025-01-20T11:19:27.339+0000] {dag.py:3823} INFO - Setting next_dagrun for example_subdag_operator.section-2 to None, run_after=None
[2025-01-20T11:19:27.354+0000] {logging_mixin.py:188} INFO - [2025-01-20T11:19:27.354+0000] {dag.py:3036} INFO - Sync 2 DAGs
[2025-01-20T11:19:27.365+0000] {logging_mixin.py:188} INFO - [2025-01-20T11:19:27.364+0000] {dag.py:3823} INFO - Setting next_dagrun for example_subdag_operator.section-1 to None, run_after=None
[2025-01-20T11:19:27.366+0000] {logging_mixin.py:188} INFO - [2025-01-20T11:19:27.366+0000] {dag.py:3823} INFO - Setting next_dagrun for example_subdag_operator.section-2 to None, run_after=None
[2025-01-20T11:19:27.392+0000] {processor.py:183} INFO - Processing /home/airflow/.local/lib/python3.8/site-packages/airflow/example_dags/example_subdag_operator.py took 0.209 seconds
[2025-01-20T11:19:58.144+0000] {processor.py:161} INFO - Started process (PID=485) to work on /home/airflow/.local/lib/python3.8/site-packages/airflow/example_dags/example_subdag_operator.py
[2025-01-20T11:19:58.146+0000] {processor.py:830} INFO - Processing file /home/airflow/.local/lib/python3.8/site-packages/airflow/example_dags/example_subdag_operator.py for tasks to queue
[2025-01-20T11:19:58.149+0000] {logging_mixin.py:188} INFO - [2025-01-20T11:19:58.148+0000] {dagbag.py:538} INFO - Filling up the DagBag from /home/airflow/.local/lib/python3.8/site-packages/airflow/example_dags/example_subdag_operator.py
[2025-01-20T11:19:58.188+0000] {processor.py:840} INFO - DAG(s) 'example_subdag_operator.section-1', 'example_subdag_operator.section-2', 'example_subdag_operator' retrieved from /home/airflow/.local/lib/python3.8/site-packages/airflow/example_dags/example_subdag_operator.py
[2025-01-20T11:19:58.215+0000] {logging_mixin.py:188} INFO - [2025-01-20T11:19:58.215+0000] {dag.py:3036} INFO - Sync 3 DAGs
[2025-01-20T11:19:58.249+0000] {logging_mixin.py:188} INFO - [2025-01-20T11:19:58.249+0000] {dag.py:3823} INFO - Setting next_dagrun for example_subdag_operator to 2022-01-01 00:00:00+00:00, run_after=2022-01-01 00:00:00+00:00
[2025-01-20T11:19:58.255+0000] {logging_mixin.py:188} INFO - [2025-01-20T11:19:58.255+0000] {dag.py:3823} INFO - Setting next_dagrun for example_subdag_operator.section-1 to None, run_after=None
[2025-01-20T11:19:58.258+0000] {logging_mixin.py:188} INFO - [2025-01-20T11:19:58.257+0000] {dag.py:3823} INFO - Setting next_dagrun for example_subdag_operator.section-2 to None, run_after=None
[2025-01-20T11:19:58.270+0000] {logging_mixin.py:188} INFO - [2025-01-20T11:19:58.269+0000] {dag.py:3036} INFO - Sync 2 DAGs
[2025-01-20T11:19:58.282+0000] {logging_mixin.py:188} INFO - [2025-01-20T11:19:58.281+0000] {dag.py:3823} INFO - Setting next_dagrun for example_subdag_operator.section-1 to None, run_after=None
[2025-01-20T11:19:58.283+0000] {logging_mixin.py:188} INFO - [2025-01-20T11:19:58.282+0000] {dag.py:3823} INFO - Setting next_dagrun for example_subdag_operator.section-2 to None, run_after=None
[2025-01-20T11:19:58.305+0000] {processor.py:183} INFO - Processing /home/airflow/.local/lib/python3.8/site-packages/airflow/example_dags/example_subdag_operator.py took 0.165 seconds
[2025-01-20T11:20:28.634+0000] {processor.py:161} INFO - Started process (PID=540) to work on /home/airflow/.local/lib/python3.8/site-packages/airflow/example_dags/example_subdag_operator.py
[2025-01-20T11:20:28.636+0000] {processor.py:830} INFO - Processing file /home/airflow/.local/lib/python3.8/site-packages/airflow/example_dags/example_subdag_operator.py for tasks to queue
[2025-01-20T11:20:28.639+0000] {logging_mixin.py:188} INFO - [2025-01-20T11:20:28.639+0000] {dagbag.py:538} INFO - Filling up the DagBag from /home/airflow/.local/lib/python3.8/site-packages/airflow/example_dags/example_subdag_operator.py
[2025-01-20T11:20:28.677+0000] {processor.py:840} INFO - DAG(s) 'example_subdag_operator.section-1', 'example_subdag_operator.section-2', 'example_subdag_operator' retrieved from /home/airflow/.local/lib/python3.8/site-packages/airflow/example_dags/example_subdag_operator.py
[2025-01-20T11:20:28.703+0000] {logging_mixin.py:188} INFO - [2025-01-20T11:20:28.703+0000] {dag.py:3036} INFO - Sync 3 DAGs
[2025-01-20T11:20:28.738+0000] {logging_mixin.py:188} INFO - [2025-01-20T11:20:28.737+0000] {dag.py:3823} INFO - Setting next_dagrun for example_subdag_operator to 2022-01-01 00:00:00+00:00, run_after=2022-01-01 00:00:00+00:00
[2025-01-20T11:20:28.744+0000] {logging_mixin.py:188} INFO - [2025-01-20T11:20:28.743+0000] {dag.py:3823} INFO - Setting next_dagrun for example_subdag_operator.section-1 to None, run_after=None
[2025-01-20T11:20:28.746+0000] {logging_mixin.py:188} INFO - [2025-01-20T11:20:28.746+0000] {dag.py:3823} INFO - Setting next_dagrun for example_subdag_operator.section-2 to None, run_after=None
[2025-01-20T11:20:28.758+0000] {logging_mixin.py:188} INFO - [2025-01-20T11:20:28.757+0000] {dag.py:3036} INFO - Sync 2 DAGs
[2025-01-20T11:20:28.767+0000] {logging_mixin.py:188} INFO - [2025-01-20T11:20:28.766+0000] {dag.py:3823} INFO - Setting next_dagrun for example_subdag_operator.section-1 to None, run_after=None
[2025-01-20T11:20:28.768+0000] {logging_mixin.py:188} INFO - [2025-01-20T11:20:28.768+0000] {dag.py:3823} INFO - Setting next_dagrun for example_subdag_operator.section-2 to None, run_after=None
[2025-01-20T11:20:28.792+0000] {processor.py:183} INFO - Processing /home/airflow/.local/lib/python3.8/site-packages/airflow/example_dags/example_subdag_operator.py took 0.163 seconds
[2025-01-20T11:20:58.881+0000] {processor.py:161} INFO - Started process (PID=595) to work on /home/airflow/.local/lib/python3.8/site-packages/airflow/example_dags/example_subdag_operator.py
[2025-01-20T11:20:58.883+0000] {processor.py:830} INFO - Processing file /home/airflow/.local/lib/python3.8/site-packages/airflow/example_dags/example_subdag_operator.py for tasks to queue
[2025-01-20T11:20:58.886+0000] {logging_mixin.py:188} INFO - [2025-01-20T11:20:58.886+0000] {dagbag.py:538} INFO - Filling up the DagBag from /home/airflow/.local/lib/python3.8/site-packages/airflow/example_dags/example_subdag_operator.py
[2025-01-20T11:20:58.929+0000] {processor.py:840} INFO - DAG(s) 'example_subdag_operator.section-1', 'example_subdag_operator.section-2', 'example_subdag_operator' retrieved from /home/airflow/.local/lib/python3.8/site-packages/airflow/example_dags/example_subdag_operator.py
[2025-01-20T11:20:58.957+0000] {logging_mixin.py:188} INFO - [2025-01-20T11:20:58.956+0000] {dag.py:3036} INFO - Sync 3 DAGs
[2025-01-20T11:20:58.996+0000] {logging_mixin.py:188} INFO - [2025-01-20T11:20:58.995+0000] {dag.py:3823} INFO - Setting next_dagrun for example_subdag_operator to 2022-01-01 00:00:00+00:00, run_after=2022-01-01 00:00:00+00:00
[2025-01-20T11:20:59.002+0000] {logging_mixin.py:188} INFO - [2025-01-20T11:20:59.001+0000] {dag.py:3823} INFO - Setting next_dagrun for example_subdag_operator.section-1 to None, run_after=None
[2025-01-20T11:20:59.004+0000] {logging_mixin.py:188} INFO - [2025-01-20T11:20:59.004+0000] {dag.py:3823} INFO - Setting next_dagrun for example_subdag_operator.section-2 to None, run_after=None
[2025-01-20T11:20:59.016+0000] {logging_mixin.py:188} INFO - [2025-01-20T11:20:59.016+0000] {dag.py:3036} INFO - Sync 2 DAGs
[2025-01-20T11:20:59.026+0000] {logging_mixin.py:188} INFO - [2025-01-20T11:20:59.026+0000] {dag.py:3823} INFO - Setting next_dagrun for example_subdag_operator.section-1 to None, run_after=None
[2025-01-20T11:20:59.027+0000] {logging_mixin.py:188} INFO - [2025-01-20T11:20:59.027+0000] {dag.py:3823} INFO - Setting next_dagrun for example_subdag_operator.section-2 to None, run_after=None
[2025-01-20T11:20:59.046+0000] {processor.py:183} INFO - Processing /home/airflow/.local/lib/python3.8/site-packages/airflow/example_dags/example_subdag_operator.py took 0.172 seconds
[2025-01-20T11:21:29.306+0000] {processor.py:161} INFO - Started process (PID=650) to work on /home/airflow/.local/lib/python3.8/site-packages/airflow/example_dags/example_subdag_operator.py
[2025-01-20T11:21:29.309+0000] {processor.py:830} INFO - Processing file /home/airflow/.local/lib/python3.8/site-packages/airflow/example_dags/example_subdag_operator.py for tasks to queue
[2025-01-20T11:21:29.316+0000] {logging_mixin.py:188} INFO - [2025-01-20T11:21:29.315+0000] {dagbag.py:538} INFO - Filling up the DagBag from /home/airflow/.local/lib/python3.8/site-packages/airflow/example_dags/example_subdag_operator.py
[2025-01-20T11:21:29.368+0000] {processor.py:840} INFO - DAG(s) 'example_subdag_operator.section-1', 'example_subdag_operator.section-2', 'example_subdag_operator' retrieved from /home/airflow/.local/lib/python3.8/site-packages/airflow/example_dags/example_subdag_operator.py
[2025-01-20T11:21:29.401+0000] {logging_mixin.py:188} INFO - [2025-01-20T11:21:29.401+0000] {dag.py:3036} INFO - Sync 3 DAGs
[2025-01-20T11:21:29.444+0000] {logging_mixin.py:188} INFO - [2025-01-20T11:21:29.443+0000] {dag.py:3823} INFO - Setting next_dagrun for example_subdag_operator to 2022-01-01 00:00:00+00:00, run_after=2022-01-01 00:00:00+00:00
[2025-01-20T11:21:29.450+0000] {logging_mixin.py:188} INFO - [2025-01-20T11:21:29.450+0000] {dag.py:3823} INFO - Setting next_dagrun for example_subdag_operator.section-1 to None, run_after=None
[2025-01-20T11:21:29.454+0000] {logging_mixin.py:188} INFO - [2025-01-20T11:21:29.453+0000] {dag.py:3823} INFO - Setting next_dagrun for example_subdag_operator.section-2 to None, run_after=None
[2025-01-20T11:21:29.470+0000] {logging_mixin.py:188} INFO - [2025-01-20T11:21:29.470+0000] {dag.py:3036} INFO - Sync 2 DAGs
[2025-01-20T11:21:29.480+0000] {logging_mixin.py:188} INFO - [2025-01-20T11:21:29.480+0000] {dag.py:3823} INFO - Setting next_dagrun for example_subdag_operator.section-1 to None, run_after=None
[2025-01-20T11:21:29.481+0000] {logging_mixin.py:188} INFO - [2025-01-20T11:21:29.481+0000] {dag.py:3823} INFO - Setting next_dagrun for example_subdag_operator.section-2 to None, run_after=None
[2025-01-20T11:21:29.502+0000] {processor.py:183} INFO - Processing /home/airflow/.local/lib/python3.8/site-packages/airflow/example_dags/example_subdag_operator.py took 0.205 seconds
[2025-01-20T11:21:59.758+0000] {processor.py:161} INFO - Started process (PID=705) to work on /home/airflow/.local/lib/python3.8/site-packages/airflow/example_dags/example_subdag_operator.py
[2025-01-20T11:21:59.760+0000] {processor.py:830} INFO - Processing file /home/airflow/.local/lib/python3.8/site-packages/airflow/example_dags/example_subdag_operator.py for tasks to queue
[2025-01-20T11:21:59.762+0000] {logging_mixin.py:188} INFO - [2025-01-20T11:21:59.762+0000] {dagbag.py:538} INFO - Filling up the DagBag from /home/airflow/.local/lib/python3.8/site-packages/airflow/example_dags/example_subdag_operator.py
[2025-01-20T11:21:59.803+0000] {processor.py:840} INFO - DAG(s) 'example_subdag_operator.section-1', 'example_subdag_operator.section-2', 'example_subdag_operator' retrieved from /home/airflow/.local/lib/python3.8/site-packages/airflow/example_dags/example_subdag_operator.py
[2025-01-20T11:21:59.834+0000] {logging_mixin.py:188} INFO - [2025-01-20T11:21:59.834+0000] {dag.py:3036} INFO - Sync 3 DAGs
[2025-01-20T11:21:59.888+0000] {logging_mixin.py:188} INFO - [2025-01-20T11:21:59.888+0000] {dag.py:3823} INFO - Setting next_dagrun for example_subdag_operator to 2022-01-01 00:00:00+00:00, run_after=2022-01-01 00:00:00+00:00
[2025-01-20T11:21:59.895+0000] {logging_mixin.py:188} INFO - [2025-01-20T11:21:59.895+0000] {dag.py:3823} INFO - Setting next_dagrun for example_subdag_operator.section-1 to None, run_after=None
[2025-01-20T11:21:59.898+0000] {logging_mixin.py:188} INFO - [2025-01-20T11:21:59.898+0000] {dag.py:3823} INFO - Setting next_dagrun for example_subdag_operator.section-2 to None, run_after=None
[2025-01-20T11:21:59.915+0000] {logging_mixin.py:188} INFO - [2025-01-20T11:21:59.914+0000] {dag.py:3036} INFO - Sync 2 DAGs
[2025-01-20T11:21:59.930+0000] {logging_mixin.py:188} INFO - [2025-01-20T11:21:59.930+0000] {dag.py:3823} INFO - Setting next_dagrun for example_subdag_operator.section-1 to None, run_after=None
[2025-01-20T11:21:59.932+0000] {logging_mixin.py:188} INFO - [2025-01-20T11:21:59.932+0000] {dag.py:3823} INFO - Setting next_dagrun for example_subdag_operator.section-2 to None, run_after=None
[2025-01-20T11:21:59.957+0000] {processor.py:183} INFO - Processing /home/airflow/.local/lib/python3.8/site-packages/airflow/example_dags/example_subdag_operator.py took 0.203 seconds
[2025-01-20T11:22:30.491+0000] {processor.py:161} INFO - Started process (PID=760) to work on /home/airflow/.local/lib/python3.8/site-packages/airflow/example_dags/example_subdag_operator.py
[2025-01-20T11:22:30.496+0000] {processor.py:830} INFO - Processing file /home/airflow/.local/lib/python3.8/site-packages/airflow/example_dags/example_subdag_operator.py for tasks to queue
[2025-01-20T11:22:30.500+0000] {logging_mixin.py:188} INFO - [2025-01-20T11:22:30.499+0000] {dagbag.py:538} INFO - Filling up the DagBag from /home/airflow/.local/lib/python3.8/site-packages/airflow/example_dags/example_subdag_operator.py
[2025-01-20T11:22:30.561+0000] {processor.py:840} INFO - DAG(s) 'example_subdag_operator.section-1', 'example_subdag_operator.section-2', 'example_subdag_operator' retrieved from /home/airflow/.local/lib/python3.8/site-packages/airflow/example_dags/example_subdag_operator.py
[2025-01-20T11:22:30.608+0000] {logging_mixin.py:188} INFO - [2025-01-20T11:22:30.607+0000] {dag.py:3036} INFO - Sync 3 DAGs
[2025-01-20T11:22:30.682+0000] {logging_mixin.py:188} INFO - [2025-01-20T11:22:30.681+0000] {dag.py:3823} INFO - Setting next_dagrun for example_subdag_operator to 2022-01-01 00:00:00+00:00, run_after=2022-01-01 00:00:00+00:00
[2025-01-20T11:22:30.707+0000] {logging_mixin.py:188} INFO - [2025-01-20T11:22:30.706+0000] {dag.py:3823} INFO - Setting next_dagrun for example_subdag_operator.section-1 to None, run_after=None
[2025-01-20T11:22:30.711+0000] {logging_mixin.py:188} INFO - [2025-01-20T11:22:30.710+0000] {dag.py:3823} INFO - Setting next_dagrun for example_subdag_operator.section-2 to None, run_after=None
[2025-01-20T11:22:30.729+0000] {logging_mixin.py:188} INFO - [2025-01-20T11:22:30.728+0000] {dag.py:3036} INFO - Sync 2 DAGs
[2025-01-20T11:22:30.741+0000] {logging_mixin.py:188} INFO - [2025-01-20T11:22:30.741+0000] {dag.py:3823} INFO - Setting next_dagrun for example_subdag_operator.section-1 to None, run_after=None
[2025-01-20T11:22:30.743+0000] {logging_mixin.py:188} INFO - [2025-01-20T11:22:30.742+0000] {dag.py:3823} INFO - Setting next_dagrun for example_subdag_operator.section-2 to None, run_after=None
[2025-01-20T11:22:30.771+0000] {processor.py:183} INFO - Processing /home/airflow/.local/lib/python3.8/site-packages/airflow/example_dags/example_subdag_operator.py took 0.289 seconds
[2025-01-20T11:23:01.023+0000] {processor.py:161} INFO - Started process (PID=816) to work on /home/airflow/.local/lib/python3.8/site-packages/airflow/example_dags/example_subdag_operator.py
[2025-01-20T11:23:01.025+0000] {processor.py:830} INFO - Processing file /home/airflow/.local/lib/python3.8/site-packages/airflow/example_dags/example_subdag_operator.py for tasks to queue
[2025-01-20T11:23:01.028+0000] {logging_mixin.py:188} INFO - [2025-01-20T11:23:01.027+0000] {dagbag.py:538} INFO - Filling up the DagBag from /home/airflow/.local/lib/python3.8/site-packages/airflow/example_dags/example_subdag_operator.py
[2025-01-20T11:23:01.068+0000] {processor.py:840} INFO - DAG(s) 'example_subdag_operator.section-1', 'example_subdag_operator.section-2', 'example_subdag_operator' retrieved from /home/airflow/.local/lib/python3.8/site-packages/airflow/example_dags/example_subdag_operator.py
[2025-01-20T11:23:01.100+0000] {logging_mixin.py:188} INFO - [2025-01-20T11:23:01.100+0000] {dag.py:3036} INFO - Sync 3 DAGs
[2025-01-20T11:23:01.139+0000] {logging_mixin.py:188} INFO - [2025-01-20T11:23:01.139+0000] {dag.py:3823} INFO - Setting next_dagrun for example_subdag_operator to 2022-01-01 00:00:00+00:00, run_after=2022-01-01 00:00:00+00:00
[2025-01-20T11:23:01.145+0000] {logging_mixin.py:188} INFO - [2025-01-20T11:23:01.145+0000] {dag.py:3823} INFO - Setting next_dagrun for example_subdag_operator.section-1 to None, run_after=None
[2025-01-20T11:23:01.148+0000] {logging_mixin.py:188} INFO - [2025-01-20T11:23:01.148+0000] {dag.py:3823} INFO - Setting next_dagrun for example_subdag_operator.section-2 to None, run_after=None
[2025-01-20T11:23:01.161+0000] {logging_mixin.py:188} INFO - [2025-01-20T11:23:01.160+0000] {dag.py:3036} INFO - Sync 2 DAGs
[2025-01-20T11:23:01.171+0000] {logging_mixin.py:188} INFO - [2025-01-20T11:23:01.171+0000] {dag.py:3823} INFO - Setting next_dagrun for example_subdag_operator.section-1 to None, run_after=None
[2025-01-20T11:23:01.173+0000] {logging_mixin.py:188} INFO - [2025-01-20T11:23:01.172+0000] {dag.py:3823} INFO - Setting next_dagrun for example_subdag_operator.section-2 to None, run_after=None
[2025-01-20T11:23:01.193+0000] {processor.py:183} INFO - Processing /home/airflow/.local/lib/python3.8/site-packages/airflow/example_dags/example_subdag_operator.py took 0.175 seconds
[2025-01-20T11:23:31.450+0000] {processor.py:161} INFO - Started process (PID=871) to work on /home/airflow/.local/lib/python3.8/site-packages/airflow/example_dags/example_subdag_operator.py
[2025-01-20T11:23:31.453+0000] {processor.py:830} INFO - Processing file /home/airflow/.local/lib/python3.8/site-packages/airflow/example_dags/example_subdag_operator.py for tasks to queue
[2025-01-20T11:23:31.457+0000] {logging_mixin.py:188} INFO - [2025-01-20T11:23:31.456+0000] {dagbag.py:538} INFO - Filling up the DagBag from /home/airflow/.local/lib/python3.8/site-packages/airflow/example_dags/example_subdag_operator.py
[2025-01-20T11:23:31.520+0000] {processor.py:840} INFO - DAG(s) 'example_subdag_operator.section-1', 'example_subdag_operator.section-2', 'example_subdag_operator' retrieved from /home/airflow/.local/lib/python3.8/site-packages/airflow/example_dags/example_subdag_operator.py
[2025-01-20T11:23:31.594+0000] {logging_mixin.py:188} INFO - [2025-01-20T11:23:31.593+0000] {dag.py:3036} INFO - Sync 3 DAGs
[2025-01-20T11:23:31.694+0000] {logging_mixin.py:188} INFO - [2025-01-20T11:23:31.693+0000] {dag.py:3823} INFO - Setting next_dagrun for example_subdag_operator to 2022-01-01 00:00:00+00:00, run_after=2022-01-01 00:00:00+00:00
[2025-01-20T11:23:31.707+0000] {logging_mixin.py:188} INFO - [2025-01-20T11:23:31.707+0000] {dag.py:3823} INFO - Setting next_dagrun for example_subdag_operator.section-1 to None, run_after=None
[2025-01-20T11:23:31.712+0000] {logging_mixin.py:188} INFO - [2025-01-20T11:23:31.711+0000] {dag.py:3823} INFO - Setting next_dagrun for example_subdag_operator.section-2 to None, run_after=None
[2025-01-20T11:23:31.739+0000] {logging_mixin.py:188} INFO - [2025-01-20T11:23:31.738+0000] {dag.py:3036} INFO - Sync 2 DAGs
[2025-01-20T11:23:31.756+0000] {logging_mixin.py:188} INFO - [2025-01-20T11:23:31.755+0000] {dag.py:3823} INFO - Setting next_dagrun for example_subdag_operator.section-1 to None, run_after=None
[2025-01-20T11:23:31.758+0000] {logging_mixin.py:188} INFO - [2025-01-20T11:23:31.758+0000] {dag.py:3823} INFO - Setting next_dagrun for example_subdag_operator.section-2 to None, run_after=None
[2025-01-20T11:23:31.794+0000] {processor.py:183} INFO - Processing /home/airflow/.local/lib/python3.8/site-packages/airflow/example_dags/example_subdag_operator.py took 0.351 seconds
[2025-01-20T11:24:02.796+0000] {processor.py:161} INFO - Started process (PID=931) to work on /home/airflow/.local/lib/python3.8/site-packages/airflow/example_dags/example_subdag_operator.py
[2025-01-20T11:24:02.798+0000] {processor.py:830} INFO - Processing file /home/airflow/.local/lib/python3.8/site-packages/airflow/example_dags/example_subdag_operator.py for tasks to queue
[2025-01-20T11:24:02.802+0000] {logging_mixin.py:188} INFO - [2025-01-20T11:24:02.801+0000] {dagbag.py:538} INFO - Filling up the DagBag from /home/airflow/.local/lib/python3.8/site-packages/airflow/example_dags/example_subdag_operator.py
[2025-01-20T11:24:02.842+0000] {processor.py:840} INFO - DAG(s) 'example_subdag_operator.section-1', 'example_subdag_operator.section-2', 'example_subdag_operator' retrieved from /home/airflow/.local/lib/python3.8/site-packages/airflow/example_dags/example_subdag_operator.py
[2025-01-20T11:24:02.875+0000] {logging_mixin.py:188} INFO - [2025-01-20T11:24:02.875+0000] {dag.py:3036} INFO - Sync 3 DAGs
[2025-01-20T11:24:02.914+0000] {logging_mixin.py:188} INFO - [2025-01-20T11:24:02.913+0000] {dag.py:3823} INFO - Setting next_dagrun for example_subdag_operator to 2022-01-01 00:00:00+00:00, run_after=2022-01-01 00:00:00+00:00
[2025-01-20T11:24:02.922+0000] {logging_mixin.py:188} INFO - [2025-01-20T11:24:02.921+0000] {dag.py:3823} INFO - Setting next_dagrun for example_subdag_operator.section-1 to None, run_after=None
[2025-01-20T11:24:02.925+0000] {logging_mixin.py:188} INFO - [2025-01-20T11:24:02.924+0000] {dag.py:3823} INFO - Setting next_dagrun for example_subdag_operator.section-2 to None, run_after=None
[2025-01-20T11:24:02.938+0000] {logging_mixin.py:188} INFO - [2025-01-20T11:24:02.937+0000] {dag.py:3036} INFO - Sync 2 DAGs
[2025-01-20T11:24:02.948+0000] {logging_mixin.py:188} INFO - [2025-01-20T11:24:02.947+0000] {dag.py:3823} INFO - Setting next_dagrun for example_subdag_operator.section-1 to None, run_after=None
[2025-01-20T11:24:02.949+0000] {logging_mixin.py:188} INFO - [2025-01-20T11:24:02.949+0000] {dag.py:3823} INFO - Setting next_dagrun for example_subdag_operator.section-2 to None, run_after=None
[2025-01-20T11:24:02.990+0000] {processor.py:183} INFO - Processing /home/airflow/.local/lib/python3.8/site-packages/airflow/example_dags/example_subdag_operator.py took 0.199 seconds
[2025-01-20T11:24:33.233+0000] {processor.py:161} INFO - Started process (PID=986) to work on /home/airflow/.local/lib/python3.8/site-packages/airflow/example_dags/example_subdag_operator.py
[2025-01-20T11:24:33.235+0000] {processor.py:830} INFO - Processing file /home/airflow/.local/lib/python3.8/site-packages/airflow/example_dags/example_subdag_operator.py for tasks to queue
[2025-01-20T11:24:33.239+0000] {logging_mixin.py:188} INFO - [2025-01-20T11:24:33.239+0000] {dagbag.py:538} INFO - Filling up the DagBag from /home/airflow/.local/lib/python3.8/site-packages/airflow/example_dags/example_subdag_operator.py
[2025-01-20T11:24:33.286+0000] {processor.py:840} INFO - DAG(s) 'example_subdag_operator.section-1', 'example_subdag_operator.section-2', 'example_subdag_operator' retrieved from /home/airflow/.local/lib/python3.8/site-packages/airflow/example_dags/example_subdag_operator.py
[2025-01-20T11:24:33.319+0000] {logging_mixin.py:188} INFO - [2025-01-20T11:24:33.319+0000] {dag.py:3036} INFO - Sync 3 DAGs
[2025-01-20T11:24:33.356+0000] {logging_mixin.py:188} INFO - [2025-01-20T11:24:33.356+0000] {dag.py:3823} INFO - Setting next_dagrun for example_subdag_operator to 2022-01-01 00:00:00+00:00, run_after=2022-01-01 00:00:00+00:00
[2025-01-20T11:24:33.362+0000] {logging_mixin.py:188} INFO - [2025-01-20T11:24:33.362+0000] {dag.py:3823} INFO - Setting next_dagrun for example_subdag_operator.section-1 to None, run_after=None
[2025-01-20T11:24:33.365+0000] {logging_mixin.py:188} INFO - [2025-01-20T11:24:33.365+0000] {dag.py:3823} INFO - Setting next_dagrun for example_subdag_operator.section-2 to None, run_after=None
[2025-01-20T11:24:33.375+0000] {logging_mixin.py:188} INFO - [2025-01-20T11:24:33.375+0000] {dag.py:3036} INFO - Sync 2 DAGs
[2025-01-20T11:24:33.383+0000] {logging_mixin.py:188} INFO - [2025-01-20T11:24:33.383+0000] {dag.py:3823} INFO - Setting next_dagrun for example_subdag_operator.section-1 to None, run_after=None
[2025-01-20T11:24:33.384+0000] {logging_mixin.py:188} INFO - [2025-01-20T11:24:33.384+0000] {dag.py:3823} INFO - Setting next_dagrun for example_subdag_operator.section-2 to None, run_after=None
[2025-01-20T11:24:33.404+0000] {processor.py:183} INFO - Processing /home/airflow/.local/lib/python3.8/site-packages/airflow/example_dags/example_subdag_operator.py took 0.180 seconds
[2025-01-20T11:25:03.524+0000] {processor.py:161} INFO - Started process (PID=1041) to work on /home/airflow/.local/lib/python3.8/site-packages/airflow/example_dags/example_subdag_operator.py
[2025-01-20T11:25:03.526+0000] {processor.py:830} INFO - Processing file /home/airflow/.local/lib/python3.8/site-packages/airflow/example_dags/example_subdag_operator.py for tasks to queue
[2025-01-20T11:25:03.529+0000] {logging_mixin.py:188} INFO - [2025-01-20T11:25:03.528+0000] {dagbag.py:538} INFO - Filling up the DagBag from /home/airflow/.local/lib/python3.8/site-packages/airflow/example_dags/example_subdag_operator.py
[2025-01-20T11:25:03.569+0000] {processor.py:840} INFO - DAG(s) 'example_subdag_operator.section-1', 'example_subdag_operator.section-2', 'example_subdag_operator' retrieved from /home/airflow/.local/lib/python3.8/site-packages/airflow/example_dags/example_subdag_operator.py
[2025-01-20T11:25:03.597+0000] {logging_mixin.py:188} INFO - [2025-01-20T11:25:03.597+0000] {dag.py:3036} INFO - Sync 3 DAGs
[2025-01-20T11:25:03.633+0000] {logging_mixin.py:188} INFO - [2025-01-20T11:25:03.633+0000] {dag.py:3823} INFO - Setting next_dagrun for example_subdag_operator to 2022-01-01 00:00:00+00:00, run_after=2022-01-01 00:00:00+00:00
[2025-01-20T11:25:03.638+0000] {logging_mixin.py:188} INFO - [2025-01-20T11:25:03.638+0000] {dag.py:3823} INFO - Setting next_dagrun for example_subdag_operator.section-1 to None, run_after=None
[2025-01-20T11:25:03.641+0000] {logging_mixin.py:188} INFO - [2025-01-20T11:25:03.640+0000] {dag.py:3823} INFO - Setting next_dagrun for example_subdag_operator.section-2 to None, run_after=None
[2025-01-20T11:25:03.655+0000] {logging_mixin.py:188} INFO - [2025-01-20T11:25:03.654+0000] {dag.py:3036} INFO - Sync 2 DAGs
[2025-01-20T11:25:03.665+0000] {logging_mixin.py:188} INFO - [2025-01-20T11:25:03.665+0000] {dag.py:3823} INFO - Setting next_dagrun for example_subdag_operator.section-1 to None, run_after=None
[2025-01-20T11:25:03.667+0000] {logging_mixin.py:188} INFO - [2025-01-20T11:25:03.666+0000] {dag.py:3823} INFO - Setting next_dagrun for example_subdag_operator.section-2 to None, run_after=None
[2025-01-20T11:25:03.690+0000] {processor.py:183} INFO - Processing /home/airflow/.local/lib/python3.8/site-packages/airflow/example_dags/example_subdag_operator.py took 0.172 seconds
[2025-01-20T11:25:34.558+0000] {processor.py:161} INFO - Started process (PID=1096) to work on /home/airflow/.local/lib/python3.8/site-packages/airflow/example_dags/example_subdag_operator.py
[2025-01-20T11:25:34.560+0000] {processor.py:830} INFO - Processing file /home/airflow/.local/lib/python3.8/site-packages/airflow/example_dags/example_subdag_operator.py for tasks to queue
[2025-01-20T11:25:34.564+0000] {logging_mixin.py:188} INFO - [2025-01-20T11:25:34.563+0000] {dagbag.py:538} INFO - Filling up the DagBag from /home/airflow/.local/lib/python3.8/site-packages/airflow/example_dags/example_subdag_operator.py
[2025-01-20T11:25:34.605+0000] {processor.py:840} INFO - DAG(s) 'example_subdag_operator.section-1', 'example_subdag_operator.section-2', 'example_subdag_operator' retrieved from /home/airflow/.local/lib/python3.8/site-packages/airflow/example_dags/example_subdag_operator.py
[2025-01-20T11:25:34.632+0000] {logging_mixin.py:188} INFO - [2025-01-20T11:25:34.631+0000] {dag.py:3036} INFO - Sync 3 DAGs
[2025-01-20T11:25:34.671+0000] {logging_mixin.py:188} INFO - [2025-01-20T11:25:34.670+0000] {dag.py:3823} INFO - Setting next_dagrun for example_subdag_operator to 2022-01-01 00:00:00+00:00, run_after=2022-01-01 00:00:00+00:00
[2025-01-20T11:25:34.677+0000] {logging_mixin.py:188} INFO - [2025-01-20T11:25:34.677+0000] {dag.py:3823} INFO - Setting next_dagrun for example_subdag_operator.section-1 to None, run_after=None
[2025-01-20T11:25:34.679+0000] {logging_mixin.py:188} INFO - [2025-01-20T11:25:34.679+0000] {dag.py:3823} INFO - Setting next_dagrun for example_subdag_operator.section-2 to None, run_after=None
[2025-01-20T11:25:34.692+0000] {logging_mixin.py:188} INFO - [2025-01-20T11:25:34.692+0000] {dag.py:3036} INFO - Sync 2 DAGs
[2025-01-20T11:25:34.701+0000] {logging_mixin.py:188} INFO - [2025-01-20T11:25:34.701+0000] {dag.py:3823} INFO - Setting next_dagrun for example_subdag_operator.section-1 to None, run_after=None
[2025-01-20T11:25:34.703+0000] {logging_mixin.py:188} INFO - [2025-01-20T11:25:34.702+0000] {dag.py:3823} INFO - Setting next_dagrun for example_subdag_operator.section-2 to None, run_after=None
[2025-01-20T11:25:34.726+0000] {processor.py:183} INFO - Processing /home/airflow/.local/lib/python3.8/site-packages/airflow/example_dags/example_subdag_operator.py took 0.174 seconds
[2025-01-20T11:26:05.037+0000] {processor.py:161} INFO - Started process (PID=1151) to work on /home/airflow/.local/lib/python3.8/site-packages/airflow/example_dags/example_subdag_operator.py
[2025-01-20T11:26:05.038+0000] {processor.py:830} INFO - Processing file /home/airflow/.local/lib/python3.8/site-packages/airflow/example_dags/example_subdag_operator.py for tasks to queue
[2025-01-20T11:26:05.042+0000] {logging_mixin.py:188} INFO - [2025-01-20T11:26:05.042+0000] {dagbag.py:538} INFO - Filling up the DagBag from /home/airflow/.local/lib/python3.8/site-packages/airflow/example_dags/example_subdag_operator.py
[2025-01-20T11:26:05.140+0000] {processor.py:840} INFO - DAG(s) 'example_subdag_operator.section-1', 'example_subdag_operator.section-2', 'example_subdag_operator' retrieved from /home/airflow/.local/lib/python3.8/site-packages/airflow/example_dags/example_subdag_operator.py
[2025-01-20T11:26:05.183+0000] {logging_mixin.py:188} INFO - [2025-01-20T11:26:05.183+0000] {dag.py:3036} INFO - Sync 3 DAGs
[2025-01-20T11:26:05.230+0000] {logging_mixin.py:188} INFO - [2025-01-20T11:26:05.230+0000] {dag.py:3823} INFO - Setting next_dagrun for example_subdag_operator to 2022-01-01 00:00:00+00:00, run_after=2022-01-01 00:00:00+00:00
[2025-01-20T11:26:05.237+0000] {logging_mixin.py:188} INFO - [2025-01-20T11:26:05.237+0000] {dag.py:3823} INFO - Setting next_dagrun for example_subdag_operator.section-1 to None, run_after=None
[2025-01-20T11:26:05.240+0000] {logging_mixin.py:188} INFO - [2025-01-20T11:26:05.240+0000] {dag.py:3823} INFO - Setting next_dagrun for example_subdag_operator.section-2 to None, run_after=None
[2025-01-20T11:26:05.256+0000] {logging_mixin.py:188} INFO - [2025-01-20T11:26:05.255+0000] {dag.py:3036} INFO - Sync 2 DAGs
[2025-01-20T11:26:05.266+0000] {logging_mixin.py:188} INFO - [2025-01-20T11:26:05.266+0000] {dag.py:3823} INFO - Setting next_dagrun for example_subdag_operator.section-1 to None, run_after=None
[2025-01-20T11:26:05.268+0000] {logging_mixin.py:188} INFO - [2025-01-20T11:26:05.267+0000] {dag.py:3823} INFO - Setting next_dagrun for example_subdag_operator.section-2 to None, run_after=None
[2025-01-20T11:26:05.294+0000] {processor.py:183} INFO - Processing /home/airflow/.local/lib/python3.8/site-packages/airflow/example_dags/example_subdag_operator.py took 0.264 seconds
[2025-01-20T11:26:36.065+0000] {processor.py:161} INFO - Started process (PID=1206) to work on /home/airflow/.local/lib/python3.8/site-packages/airflow/example_dags/example_subdag_operator.py
[2025-01-20T11:26:36.067+0000] {processor.py:830} INFO - Processing file /home/airflow/.local/lib/python3.8/site-packages/airflow/example_dags/example_subdag_operator.py for tasks to queue
[2025-01-20T11:26:36.072+0000] {logging_mixin.py:188} INFO - [2025-01-20T11:26:36.071+0000] {dagbag.py:538} INFO - Filling up the DagBag from /home/airflow/.local/lib/python3.8/site-packages/airflow/example_dags/example_subdag_operator.py
[2025-01-20T11:26:36.128+0000] {processor.py:840} INFO - DAG(s) 'example_subdag_operator.section-1', 'example_subdag_operator.section-2', 'example_subdag_operator' retrieved from /home/airflow/.local/lib/python3.8/site-packages/airflow/example_dags/example_subdag_operator.py
[2025-01-20T11:26:36.161+0000] {logging_mixin.py:188} INFO - [2025-01-20T11:26:36.161+0000] {dag.py:3036} INFO - Sync 3 DAGs
[2025-01-20T11:26:36.219+0000] {logging_mixin.py:188} INFO - [2025-01-20T11:26:36.218+0000] {dag.py:3823} INFO - Setting next_dagrun for example_subdag_operator to 2022-01-01 00:00:00+00:00, run_after=2022-01-01 00:00:00+00:00
[2025-01-20T11:26:36.228+0000] {logging_mixin.py:188} INFO - [2025-01-20T11:26:36.227+0000] {dag.py:3823} INFO - Setting next_dagrun for example_subdag_operator.section-1 to None, run_after=None
[2025-01-20T11:26:36.231+0000] {logging_mixin.py:188} INFO - [2025-01-20T11:26:36.231+0000] {dag.py:3823} INFO - Setting next_dagrun for example_subdag_operator.section-2 to None, run_after=None
[2025-01-20T11:26:36.248+0000] {logging_mixin.py:188} INFO - [2025-01-20T11:26:36.247+0000] {dag.py:3036} INFO - Sync 2 DAGs
[2025-01-20T11:26:36.261+0000] {logging_mixin.py:188} INFO - [2025-01-20T11:26:36.260+0000] {dag.py:3823} INFO - Setting next_dagrun for example_subdag_operator.section-1 to None, run_after=None
[2025-01-20T11:26:36.262+0000] {logging_mixin.py:188} INFO - [2025-01-20T11:26:36.262+0000] {dag.py:3823} INFO - Setting next_dagrun for example_subdag_operator.section-2 to None, run_after=None
[2025-01-20T11:26:36.289+0000] {processor.py:183} INFO - Processing /home/airflow/.local/lib/python3.8/site-packages/airflow/example_dags/example_subdag_operator.py took 0.231 seconds
[2025-01-20T11:27:07.339+0000] {processor.py:161} INFO - Started process (PID=1261) to work on /home/airflow/.local/lib/python3.8/site-packages/airflow/example_dags/example_subdag_operator.py
[2025-01-20T11:27:07.342+0000] {processor.py:830} INFO - Processing file /home/airflow/.local/lib/python3.8/site-packages/airflow/example_dags/example_subdag_operator.py for tasks to queue
[2025-01-20T11:27:07.350+0000] {logging_mixin.py:188} INFO - [2025-01-20T11:27:07.349+0000] {dagbag.py:538} INFO - Filling up the DagBag from /home/airflow/.local/lib/python3.8/site-packages/airflow/example_dags/example_subdag_operator.py
[2025-01-20T11:27:07.414+0000] {processor.py:840} INFO - DAG(s) 'example_subdag_operator.section-1', 'example_subdag_operator.section-2', 'example_subdag_operator' retrieved from /home/airflow/.local/lib/python3.8/site-packages/airflow/example_dags/example_subdag_operator.py
[2025-01-20T11:27:07.451+0000] {logging_mixin.py:188} INFO - [2025-01-20T11:27:07.450+0000] {dag.py:3036} INFO - Sync 3 DAGs
[2025-01-20T11:27:07.507+0000] {logging_mixin.py:188} INFO - [2025-01-20T11:27:07.506+0000] {dag.py:3823} INFO - Setting next_dagrun for example_subdag_operator to 2022-01-01 00:00:00+00:00, run_after=2022-01-01 00:00:00+00:00
[2025-01-20T11:27:07.514+0000] {logging_mixin.py:188} INFO - [2025-01-20T11:27:07.513+0000] {dag.py:3823} INFO - Setting next_dagrun for example_subdag_operator.section-1 to None, run_after=None
[2025-01-20T11:27:07.517+0000] {logging_mixin.py:188} INFO - [2025-01-20T11:27:07.517+0000] {dag.py:3823} INFO - Setting next_dagrun for example_subdag_operator.section-2 to None, run_after=None
[2025-01-20T11:27:07.538+0000] {logging_mixin.py:188} INFO - [2025-01-20T11:27:07.538+0000] {dag.py:3036} INFO - Sync 2 DAGs
[2025-01-20T11:27:07.554+0000] {logging_mixin.py:188} INFO - [2025-01-20T11:27:07.553+0000] {dag.py:3823} INFO - Setting next_dagrun for example_subdag_operator.section-1 to None, run_after=None
[2025-01-20T11:27:07.556+0000] {logging_mixin.py:188} INFO - [2025-01-20T11:27:07.555+0000] {dag.py:3823} INFO - Setting next_dagrun for example_subdag_operator.section-2 to None, run_after=None
[2025-01-20T11:27:07.596+0000] {processor.py:183} INFO - Processing /home/airflow/.local/lib/python3.8/site-packages/airflow/example_dags/example_subdag_operator.py took 0.266 seconds
[2025-01-20T11:27:37.731+0000] {processor.py:161} INFO - Started process (PID=1316) to work on /home/airflow/.local/lib/python3.8/site-packages/airflow/example_dags/example_subdag_operator.py
[2025-01-20T11:27:37.733+0000] {processor.py:830} INFO - Processing file /home/airflow/.local/lib/python3.8/site-packages/airflow/example_dags/example_subdag_operator.py for tasks to queue
[2025-01-20T11:27:37.737+0000] {logging_mixin.py:188} INFO - [2025-01-20T11:27:37.736+0000] {dagbag.py:538} INFO - Filling up the DagBag from /home/airflow/.local/lib/python3.8/site-packages/airflow/example_dags/example_subdag_operator.py
[2025-01-20T11:27:37.779+0000] {processor.py:840} INFO - DAG(s) 'example_subdag_operator.section-1', 'example_subdag_operator.section-2', 'example_subdag_operator' retrieved from /home/airflow/.local/lib/python3.8/site-packages/airflow/example_dags/example_subdag_operator.py
[2025-01-20T11:27:37.810+0000] {logging_mixin.py:188} INFO - [2025-01-20T11:27:37.810+0000] {dag.py:3036} INFO - Sync 3 DAGs
[2025-01-20T11:27:37.850+0000] {logging_mixin.py:188} INFO - [2025-01-20T11:27:37.850+0000] {dag.py:3823} INFO - Setting next_dagrun for example_subdag_operator to 2022-01-01 00:00:00+00:00, run_after=2022-01-01 00:00:00+00:00
[2025-01-20T11:27:37.859+0000] {logging_mixin.py:188} INFO - [2025-01-20T11:27:37.858+0000] {dag.py:3823} INFO - Setting next_dagrun for example_subdag_operator.section-1 to None, run_after=None
[2025-01-20T11:27:37.862+0000] {logging_mixin.py:188} INFO - [2025-01-20T11:27:37.861+0000] {dag.py:3823} INFO - Setting next_dagrun for example_subdag_operator.section-2 to None, run_after=None
[2025-01-20T11:27:37.876+0000] {logging_mixin.py:188} INFO - [2025-01-20T11:27:37.876+0000] {dag.py:3036} INFO - Sync 2 DAGs
[2025-01-20T11:27:37.891+0000] {logging_mixin.py:188} INFO - [2025-01-20T11:27:37.890+0000] {dag.py:3823} INFO - Setting next_dagrun for example_subdag_operator.section-1 to None, run_after=None
[2025-01-20T11:27:37.893+0000] {logging_mixin.py:188} INFO - [2025-01-20T11:27:37.892+0000] {dag.py:3823} INFO - Setting next_dagrun for example_subdag_operator.section-2 to None, run_after=None
[2025-01-20T11:27:37.917+0000] {processor.py:183} INFO - Processing /home/airflow/.local/lib/python3.8/site-packages/airflow/example_dags/example_subdag_operator.py took 0.192 seconds
[2025-01-20T11:28:08.141+0000] {processor.py:161} INFO - Started process (PID=1372) to work on /home/airflow/.local/lib/python3.8/site-packages/airflow/example_dags/example_subdag_operator.py
[2025-01-20T11:28:08.142+0000] {processor.py:830} INFO - Processing file /home/airflow/.local/lib/python3.8/site-packages/airflow/example_dags/example_subdag_operator.py for tasks to queue
[2025-01-20T11:28:08.145+0000] {logging_mixin.py:188} INFO - [2025-01-20T11:28:08.145+0000] {dagbag.py:538} INFO - Filling up the DagBag from /home/airflow/.local/lib/python3.8/site-packages/airflow/example_dags/example_subdag_operator.py
[2025-01-20T11:28:08.181+0000] {processor.py:840} INFO - DAG(s) 'example_subdag_operator.section-1', 'example_subdag_operator.section-2', 'example_subdag_operator' retrieved from /home/airflow/.local/lib/python3.8/site-packages/airflow/example_dags/example_subdag_operator.py
[2025-01-20T11:28:08.205+0000] {logging_mixin.py:188} INFO - [2025-01-20T11:28:08.205+0000] {dag.py:3036} INFO - Sync 3 DAGs
[2025-01-20T11:28:08.240+0000] {logging_mixin.py:188} INFO - [2025-01-20T11:28:08.239+0000] {dag.py:3823} INFO - Setting next_dagrun for example_subdag_operator to 2022-01-01 00:00:00+00:00, run_after=2022-01-01 00:00:00+00:00
[2025-01-20T11:28:08.245+0000] {logging_mixin.py:188} INFO - [2025-01-20T11:28:08.245+0000] {dag.py:3823} INFO - Setting next_dagrun for example_subdag_operator.section-1 to None, run_after=None
[2025-01-20T11:28:08.248+0000] {logging_mixin.py:188} INFO - [2025-01-20T11:28:08.248+0000] {dag.py:3823} INFO - Setting next_dagrun for example_subdag_operator.section-2 to None, run_after=None
[2025-01-20T11:28:08.260+0000] {logging_mixin.py:188} INFO - [2025-01-20T11:28:08.259+0000] {dag.py:3036} INFO - Sync 2 DAGs
[2025-01-20T11:28:08.268+0000] {logging_mixin.py:188} INFO - [2025-01-20T11:28:08.267+0000] {dag.py:3823} INFO - Setting next_dagrun for example_subdag_operator.section-1 to None, run_after=None
[2025-01-20T11:28:08.269+0000] {logging_mixin.py:188} INFO - [2025-01-20T11:28:08.268+0000] {dag.py:3823} INFO - Setting next_dagrun for example_subdag_operator.section-2 to None, run_after=None
[2025-01-20T11:28:08.288+0000] {processor.py:183} INFO - Processing /home/airflow/.local/lib/python3.8/site-packages/airflow/example_dags/example_subdag_operator.py took 0.152 seconds
[2025-01-20T11:28:38.346+0000] {processor.py:161} INFO - Started process (PID=1427) to work on /home/airflow/.local/lib/python3.8/site-packages/airflow/example_dags/example_subdag_operator.py
[2025-01-20T11:28:38.348+0000] {processor.py:830} INFO - Processing file /home/airflow/.local/lib/python3.8/site-packages/airflow/example_dags/example_subdag_operator.py for tasks to queue
[2025-01-20T11:28:38.350+0000] {logging_mixin.py:188} INFO - [2025-01-20T11:28:38.350+0000] {dagbag.py:538} INFO - Filling up the DagBag from /home/airflow/.local/lib/python3.8/site-packages/airflow/example_dags/example_subdag_operator.py
[2025-01-20T11:28:38.386+0000] {processor.py:840} INFO - DAG(s) 'example_subdag_operator.section-1', 'example_subdag_operator.section-2', 'example_subdag_operator' retrieved from /home/airflow/.local/lib/python3.8/site-packages/airflow/example_dags/example_subdag_operator.py
[2025-01-20T11:28:38.410+0000] {logging_mixin.py:188} INFO - [2025-01-20T11:28:38.409+0000] {dag.py:3036} INFO - Sync 3 DAGs
[2025-01-20T11:28:38.439+0000] {logging_mixin.py:188} INFO - [2025-01-20T11:28:38.439+0000] {dag.py:3823} INFO - Setting next_dagrun for example_subdag_operator to 2022-01-01 00:00:00+00:00, run_after=2022-01-01 00:00:00+00:00
[2025-01-20T11:28:38.445+0000] {logging_mixin.py:188} INFO - [2025-01-20T11:28:38.444+0000] {dag.py:3823} INFO - Setting next_dagrun for example_subdag_operator.section-1 to None, run_after=None
[2025-01-20T11:28:38.447+0000] {logging_mixin.py:188} INFO - [2025-01-20T11:28:38.447+0000] {dag.py:3823} INFO - Setting next_dagrun for example_subdag_operator.section-2 to None, run_after=None
[2025-01-20T11:28:38.459+0000] {logging_mixin.py:188} INFO - [2025-01-20T11:28:38.459+0000] {dag.py:3036} INFO - Sync 2 DAGs
[2025-01-20T11:28:38.467+0000] {logging_mixin.py:188} INFO - [2025-01-20T11:28:38.466+0000] {dag.py:3823} INFO - Setting next_dagrun for example_subdag_operator.section-1 to None, run_after=None
[2025-01-20T11:28:38.468+0000] {logging_mixin.py:188} INFO - [2025-01-20T11:28:38.467+0000] {dag.py:3823} INFO - Setting next_dagrun for example_subdag_operator.section-2 to None, run_after=None
[2025-01-20T11:28:38.494+0000] {processor.py:183} INFO - Processing /home/airflow/.local/lib/python3.8/site-packages/airflow/example_dags/example_subdag_operator.py took 0.153 seconds
[2025-01-20T11:29:09.027+0000] {processor.py:161} INFO - Started process (PID=1481) to work on /home/airflow/.local/lib/python3.8/site-packages/airflow/example_dags/example_subdag_operator.py
[2025-01-20T11:29:09.029+0000] {processor.py:830} INFO - Processing file /home/airflow/.local/lib/python3.8/site-packages/airflow/example_dags/example_subdag_operator.py for tasks to queue
[2025-01-20T11:29:09.033+0000] {logging_mixin.py:188} INFO - [2025-01-20T11:29:09.032+0000] {dagbag.py:538} INFO - Filling up the DagBag from /home/airflow/.local/lib/python3.8/site-packages/airflow/example_dags/example_subdag_operator.py
[2025-01-20T11:29:09.079+0000] {processor.py:840} INFO - DAG(s) 'example_subdag_operator.section-1', 'example_subdag_operator.section-2', 'example_subdag_operator' retrieved from /home/airflow/.local/lib/python3.8/site-packages/airflow/example_dags/example_subdag_operator.py
[2025-01-20T11:29:09.110+0000] {logging_mixin.py:188} INFO - [2025-01-20T11:29:09.110+0000] {dag.py:3036} INFO - Sync 3 DAGs
[2025-01-20T11:29:09.152+0000] {logging_mixin.py:188} INFO - [2025-01-20T11:29:09.151+0000] {dag.py:3823} INFO - Setting next_dagrun for example_subdag_operator to 2022-01-01 00:00:00+00:00, run_after=2022-01-01 00:00:00+00:00
[2025-01-20T11:29:09.161+0000] {logging_mixin.py:188} INFO - [2025-01-20T11:29:09.160+0000] {dag.py:3823} INFO - Setting next_dagrun for example_subdag_operator.section-1 to None, run_after=None
[2025-01-20T11:29:09.164+0000] {logging_mixin.py:188} INFO - [2025-01-20T11:29:09.163+0000] {dag.py:3823} INFO - Setting next_dagrun for example_subdag_operator.section-2 to None, run_after=None
[2025-01-20T11:29:09.179+0000] {logging_mixin.py:188} INFO - [2025-01-20T11:29:09.178+0000] {dag.py:3036} INFO - Sync 2 DAGs
[2025-01-20T11:29:09.191+0000] {logging_mixin.py:188} INFO - [2025-01-20T11:29:09.190+0000] {dag.py:3823} INFO - Setting next_dagrun for example_subdag_operator.section-1 to None, run_after=None
[2025-01-20T11:29:09.192+0000] {logging_mixin.py:188} INFO - [2025-01-20T11:29:09.191+0000] {dag.py:3823} INFO - Setting next_dagrun for example_subdag_operator.section-2 to None, run_after=None
[2025-01-20T11:29:09.235+0000] {processor.py:183} INFO - Processing /home/airflow/.local/lib/python3.8/site-packages/airflow/example_dags/example_subdag_operator.py took 0.214 seconds
[2025-01-20T11:29:39.742+0000] {processor.py:161} INFO - Started process (PID=1537) to work on /home/airflow/.local/lib/python3.8/site-packages/airflow/example_dags/example_subdag_operator.py
[2025-01-20T11:29:39.744+0000] {processor.py:830} INFO - Processing file /home/airflow/.local/lib/python3.8/site-packages/airflow/example_dags/example_subdag_operator.py for tasks to queue
[2025-01-20T11:29:39.747+0000] {logging_mixin.py:188} INFO - [2025-01-20T11:29:39.746+0000] {dagbag.py:538} INFO - Filling up the DagBag from /home/airflow/.local/lib/python3.8/site-packages/airflow/example_dags/example_subdag_operator.py
[2025-01-20T11:29:39.785+0000] {processor.py:840} INFO - DAG(s) 'example_subdag_operator.section-1', 'example_subdag_operator.section-2', 'example_subdag_operator' retrieved from /home/airflow/.local/lib/python3.8/site-packages/airflow/example_dags/example_subdag_operator.py
[2025-01-20T11:29:39.813+0000] {logging_mixin.py:188} INFO - [2025-01-20T11:29:39.812+0000] {dag.py:3036} INFO - Sync 3 DAGs
[2025-01-20T11:29:39.850+0000] {logging_mixin.py:188} INFO - [2025-01-20T11:29:39.850+0000] {dag.py:3823} INFO - Setting next_dagrun for example_subdag_operator to 2022-01-01 00:00:00+00:00, run_after=2022-01-01 00:00:00+00:00
[2025-01-20T11:29:39.857+0000] {logging_mixin.py:188} INFO - [2025-01-20T11:29:39.857+0000] {dag.py:3823} INFO - Setting next_dagrun for example_subdag_operator.section-1 to None, run_after=None
[2025-01-20T11:29:39.860+0000] {logging_mixin.py:188} INFO - [2025-01-20T11:29:39.860+0000] {dag.py:3823} INFO - Setting next_dagrun for example_subdag_operator.section-2 to None, run_after=None
[2025-01-20T11:29:39.874+0000] {logging_mixin.py:188} INFO - [2025-01-20T11:29:39.874+0000] {dag.py:3036} INFO - Sync 2 DAGs
[2025-01-20T11:29:39.886+0000] {logging_mixin.py:188} INFO - [2025-01-20T11:29:39.886+0000] {dag.py:3823} INFO - Setting next_dagrun for example_subdag_operator.section-1 to None, run_after=None
[2025-01-20T11:29:39.887+0000] {logging_mixin.py:188} INFO - [2025-01-20T11:29:39.887+0000] {dag.py:3823} INFO - Setting next_dagrun for example_subdag_operator.section-2 to None, run_after=None
[2025-01-20T11:29:39.920+0000] {processor.py:183} INFO - Processing /home/airflow/.local/lib/python3.8/site-packages/airflow/example_dags/example_subdag_operator.py took 0.184 seconds
[2025-01-20T11:30:11.388+0000] {processor.py:161} INFO - Started process (PID=1591) to work on /home/airflow/.local/lib/python3.8/site-packages/airflow/example_dags/example_subdag_operator.py
[2025-01-20T11:30:11.391+0000] {processor.py:830} INFO - Processing file /home/airflow/.local/lib/python3.8/site-packages/airflow/example_dags/example_subdag_operator.py for tasks to queue
[2025-01-20T11:30:11.394+0000] {logging_mixin.py:188} INFO - [2025-01-20T11:30:11.394+0000] {dagbag.py:538} INFO - Filling up the DagBag from /home/airflow/.local/lib/python3.8/site-packages/airflow/example_dags/example_subdag_operator.py
[2025-01-20T11:30:11.446+0000] {processor.py:840} INFO - DAG(s) 'example_subdag_operator.section-1', 'example_subdag_operator.section-2', 'example_subdag_operator' retrieved from /home/airflow/.local/lib/python3.8/site-packages/airflow/example_dags/example_subdag_operator.py
[2025-01-20T11:30:11.483+0000] {logging_mixin.py:188} INFO - [2025-01-20T11:30:11.482+0000] {dag.py:3036} INFO - Sync 3 DAGs
[2025-01-20T11:30:11.530+0000] {logging_mixin.py:188} INFO - [2025-01-20T11:30:11.529+0000] {dag.py:3823} INFO - Setting next_dagrun for example_subdag_operator to 2022-01-01 00:00:00+00:00, run_after=2022-01-01 00:00:00+00:00
[2025-01-20T11:30:11.538+0000] {logging_mixin.py:188} INFO - [2025-01-20T11:30:11.537+0000] {dag.py:3823} INFO - Setting next_dagrun for example_subdag_operator.section-1 to None, run_after=None
[2025-01-20T11:30:11.542+0000] {logging_mixin.py:188} INFO - [2025-01-20T11:30:11.541+0000] {dag.py:3823} INFO - Setting next_dagrun for example_subdag_operator.section-2 to None, run_after=None
[2025-01-20T11:30:11.557+0000] {logging_mixin.py:188} INFO - [2025-01-20T11:30:11.556+0000] {dag.py:3036} INFO - Sync 2 DAGs
[2025-01-20T11:30:11.568+0000] {logging_mixin.py:188} INFO - [2025-01-20T11:30:11.568+0000] {dag.py:3823} INFO - Setting next_dagrun for example_subdag_operator.section-1 to None, run_after=None
[2025-01-20T11:30:11.570+0000] {logging_mixin.py:188} INFO - [2025-01-20T11:30:11.569+0000] {dag.py:3823} INFO - Setting next_dagrun for example_subdag_operator.section-2 to None, run_after=None
[2025-01-20T11:30:11.602+0000] {processor.py:183} INFO - Processing /home/airflow/.local/lib/python3.8/site-packages/airflow/example_dags/example_subdag_operator.py took 0.220 seconds
