[2025-01-20T11:16:27.428+0000] {processor.py:161} INFO - Started process (PID=114) to work on /home/airflow/.local/lib/python3.8/site-packages/airflow/example_dags/example_branch_labels.py
[2025-01-20T11:16:27.430+0000] {processor.py:830} INFO - Processing file /home/airflow/.local/lib/python3.8/site-packages/airflow/example_dags/example_branch_labels.py for tasks to queue
[2025-01-20T11:16:27.434+0000] {logging_mixin.py:188} INFO - [2025-01-20T11:16:27.433+0000] {dagbag.py:538} INFO - Filling up the DagBag from /home/airflow/.local/lib/python3.8/site-packages/airflow/example_dags/example_branch_labels.py
[2025-01-20T11:16:27.451+0000] {processor.py:840} INFO - DAG(s) 'example_branch_labels' retrieved from /home/airflow/.local/lib/python3.8/site-packages/airflow/example_dags/example_branch_labels.py
[2025-01-20T11:16:27.674+0000] {logging_mixin.py:188} INFO - [2025-01-20T11:16:27.673+0000] {dag.py:3036} INFO - Sync 1 DAGs
[2025-01-20T11:16:27.725+0000] {logging_mixin.py:188} INFO - [2025-01-20T11:16:27.724+0000] {dag.py:3823} INFO - Setting next_dagrun for example_branch_labels to 2025-01-19 00:00:00+00:00, run_after=2025-01-20 00:00:00+00:00
[2025-01-20T11:16:27.768+0000] {processor.py:183} INFO - Processing /home/airflow/.local/lib/python3.8/site-packages/airflow/example_dags/example_branch_labels.py took 0.347 seconds
[2025-01-20T11:16:57.834+0000] {processor.py:161} INFO - Started process (PID=169) to work on /home/airflow/.local/lib/python3.8/site-packages/airflow/example_dags/example_branch_labels.py
[2025-01-20T11:16:57.836+0000] {processor.py:830} INFO - Processing file /home/airflow/.local/lib/python3.8/site-packages/airflow/example_dags/example_branch_labels.py for tasks to queue
[2025-01-20T11:16:57.839+0000] {logging_mixin.py:188} INFO - [2025-01-20T11:16:57.838+0000] {dagbag.py:538} INFO - Filling up the DagBag from /home/airflow/.local/lib/python3.8/site-packages/airflow/example_dags/example_branch_labels.py
[2025-01-20T11:16:57.851+0000] {processor.py:840} INFO - DAG(s) 'example_branch_labels' retrieved from /home/airflow/.local/lib/python3.8/site-packages/airflow/example_dags/example_branch_labels.py
[2025-01-20T11:16:57.885+0000] {logging_mixin.py:188} INFO - [2025-01-20T11:16:57.884+0000] {dag.py:3036} INFO - Sync 1 DAGs
[2025-01-20T11:16:57.919+0000] {logging_mixin.py:188} INFO - [2025-01-20T11:16:57.918+0000] {dag.py:3823} INFO - Setting next_dagrun for example_branch_labels to 2025-01-19 00:00:00+00:00, run_after=2025-01-20 00:00:00+00:00
[2025-01-20T11:16:57.948+0000] {processor.py:183} INFO - Processing /home/airflow/.local/lib/python3.8/site-packages/airflow/example_dags/example_branch_labels.py took 0.119 seconds
[2025-01-20T11:17:27.987+0000] {processor.py:161} INFO - Started process (PID=224) to work on /home/airflow/.local/lib/python3.8/site-packages/airflow/example_dags/example_branch_labels.py
[2025-01-20T11:17:27.989+0000] {processor.py:830} INFO - Processing file /home/airflow/.local/lib/python3.8/site-packages/airflow/example_dags/example_branch_labels.py for tasks to queue
[2025-01-20T11:17:27.992+0000] {logging_mixin.py:188} INFO - [2025-01-20T11:17:27.992+0000] {dagbag.py:538} INFO - Filling up the DagBag from /home/airflow/.local/lib/python3.8/site-packages/airflow/example_dags/example_branch_labels.py
[2025-01-20T11:17:28.006+0000] {processor.py:840} INFO - DAG(s) 'example_branch_labels' retrieved from /home/airflow/.local/lib/python3.8/site-packages/airflow/example_dags/example_branch_labels.py
[2025-01-20T11:17:28.039+0000] {logging_mixin.py:188} INFO - [2025-01-20T11:17:28.039+0000] {dag.py:3036} INFO - Sync 1 DAGs
[2025-01-20T11:17:28.079+0000] {logging_mixin.py:188} INFO - [2025-01-20T11:17:28.079+0000] {dag.py:3823} INFO - Setting next_dagrun for example_branch_labels to 2025-01-19 00:00:00+00:00, run_after=2025-01-20 00:00:00+00:00
[2025-01-20T11:17:28.110+0000] {processor.py:183} INFO - Processing /home/airflow/.local/lib/python3.8/site-packages/airflow/example_dags/example_branch_labels.py took 0.128 seconds
[2025-01-20T11:17:58.742+0000] {processor.py:161} INFO - Started process (PID=279) to work on /home/airflow/.local/lib/python3.8/site-packages/airflow/example_dags/example_branch_labels.py
[2025-01-20T11:17:58.745+0000] {processor.py:830} INFO - Processing file /home/airflow/.local/lib/python3.8/site-packages/airflow/example_dags/example_branch_labels.py for tasks to queue
[2025-01-20T11:17:58.748+0000] {logging_mixin.py:188} INFO - [2025-01-20T11:17:58.748+0000] {dagbag.py:538} INFO - Filling up the DagBag from /home/airflow/.local/lib/python3.8/site-packages/airflow/example_dags/example_branch_labels.py
[2025-01-20T11:17:58.765+0000] {processor.py:840} INFO - DAG(s) 'example_branch_labels' retrieved from /home/airflow/.local/lib/python3.8/site-packages/airflow/example_dags/example_branch_labels.py
[2025-01-20T11:17:58.806+0000] {logging_mixin.py:188} INFO - [2025-01-20T11:17:58.806+0000] {dag.py:3036} INFO - Sync 1 DAGs
[2025-01-20T11:17:58.856+0000] {logging_mixin.py:188} INFO - [2025-01-20T11:17:58.856+0000] {dag.py:3823} INFO - Setting next_dagrun for example_branch_labels to 2025-01-19 00:00:00+00:00, run_after=2025-01-20 00:00:00+00:00
[2025-01-20T11:17:58.891+0000] {processor.py:183} INFO - Processing /home/airflow/.local/lib/python3.8/site-packages/airflow/example_dags/example_branch_labels.py took 0.155 seconds
[2025-01-20T11:18:29.228+0000] {processor.py:161} INFO - Started process (PID=334) to work on /home/airflow/.local/lib/python3.8/site-packages/airflow/example_dags/example_branch_labels.py
[2025-01-20T11:18:29.230+0000] {processor.py:830} INFO - Processing file /home/airflow/.local/lib/python3.8/site-packages/airflow/example_dags/example_branch_labels.py for tasks to queue
[2025-01-20T11:18:29.233+0000] {logging_mixin.py:188} INFO - [2025-01-20T11:18:29.233+0000] {dagbag.py:538} INFO - Filling up the DagBag from /home/airflow/.local/lib/python3.8/site-packages/airflow/example_dags/example_branch_labels.py
[2025-01-20T11:18:29.247+0000] {processor.py:840} INFO - DAG(s) 'example_branch_labels' retrieved from /home/airflow/.local/lib/python3.8/site-packages/airflow/example_dags/example_branch_labels.py
[2025-01-20T11:18:29.285+0000] {logging_mixin.py:188} INFO - [2025-01-20T11:18:29.285+0000] {dag.py:3036} INFO - Sync 1 DAGs
[2025-01-20T11:18:29.373+0000] {logging_mixin.py:188} INFO - [2025-01-20T11:18:29.373+0000] {dag.py:3823} INFO - Setting next_dagrun for example_branch_labels to 2025-01-19 00:00:00+00:00, run_after=2025-01-20 00:00:00+00:00
[2025-01-20T11:18:29.428+0000] {processor.py:183} INFO - Processing /home/airflow/.local/lib/python3.8/site-packages/airflow/example_dags/example_branch_labels.py took 0.205 seconds
[2025-01-20T11:18:59.835+0000] {processor.py:161} INFO - Started process (PID=389) to work on /home/airflow/.local/lib/python3.8/site-packages/airflow/example_dags/example_branch_labels.py
[2025-01-20T11:18:59.837+0000] {processor.py:830} INFO - Processing file /home/airflow/.local/lib/python3.8/site-packages/airflow/example_dags/example_branch_labels.py for tasks to queue
[2025-01-20T11:18:59.841+0000] {logging_mixin.py:188} INFO - [2025-01-20T11:18:59.841+0000] {dagbag.py:538} INFO - Filling up the DagBag from /home/airflow/.local/lib/python3.8/site-packages/airflow/example_dags/example_branch_labels.py
[2025-01-20T11:18:59.863+0000] {processor.py:840} INFO - DAG(s) 'example_branch_labels' retrieved from /home/airflow/.local/lib/python3.8/site-packages/airflow/example_dags/example_branch_labels.py
[2025-01-20T11:18:59.925+0000] {logging_mixin.py:188} INFO - [2025-01-20T11:18:59.925+0000] {dag.py:3036} INFO - Sync 1 DAGs
[2025-01-20T11:18:59.977+0000] {logging_mixin.py:188} INFO - [2025-01-20T11:18:59.977+0000] {dag.py:3823} INFO - Setting next_dagrun for example_branch_labels to 2025-01-19 00:00:00+00:00, run_after=2025-01-20 00:00:00+00:00
[2025-01-20T11:19:00.026+0000] {processor.py:183} INFO - Processing /home/airflow/.local/lib/python3.8/site-packages/airflow/example_dags/example_branch_labels.py took 0.198 seconds
[2025-01-20T11:19:30.352+0000] {processor.py:161} INFO - Started process (PID=444) to work on /home/airflow/.local/lib/python3.8/site-packages/airflow/example_dags/example_branch_labels.py
[2025-01-20T11:19:30.355+0000] {processor.py:830} INFO - Processing file /home/airflow/.local/lib/python3.8/site-packages/airflow/example_dags/example_branch_labels.py for tasks to queue
[2025-01-20T11:19:30.359+0000] {logging_mixin.py:188} INFO - [2025-01-20T11:19:30.358+0000] {dagbag.py:538} INFO - Filling up the DagBag from /home/airflow/.local/lib/python3.8/site-packages/airflow/example_dags/example_branch_labels.py
[2025-01-20T11:19:30.380+0000] {processor.py:840} INFO - DAG(s) 'example_branch_labels' retrieved from /home/airflow/.local/lib/python3.8/site-packages/airflow/example_dags/example_branch_labels.py
[2025-01-20T11:19:30.424+0000] {logging_mixin.py:188} INFO - [2025-01-20T11:19:30.423+0000] {dag.py:3036} INFO - Sync 1 DAGs
[2025-01-20T11:19:30.484+0000] {logging_mixin.py:188} INFO - [2025-01-20T11:19:30.484+0000] {dag.py:3823} INFO - Setting next_dagrun for example_branch_labels to 2025-01-19 00:00:00+00:00, run_after=2025-01-20 00:00:00+00:00
[2025-01-20T11:19:30.519+0000] {processor.py:183} INFO - Processing /home/airflow/.local/lib/python3.8/site-packages/airflow/example_dags/example_branch_labels.py took 0.176 seconds
[2025-01-20T11:20:01.971+0000] {processor.py:161} INFO - Started process (PID=505) to work on /home/airflow/.local/lib/python3.8/site-packages/airflow/example_dags/example_branch_labels.py
[2025-01-20T11:20:01.982+0000] {processor.py:830} INFO - Processing file /home/airflow/.local/lib/python3.8/site-packages/airflow/example_dags/example_branch_labels.py for tasks to queue
[2025-01-20T11:20:01.994+0000] {logging_mixin.py:188} INFO - [2025-01-20T11:20:01.993+0000] {dagbag.py:538} INFO - Filling up the DagBag from /home/airflow/.local/lib/python3.8/site-packages/airflow/example_dags/example_branch_labels.py
[2025-01-20T11:20:02.051+0000] {processor.py:840} INFO - DAG(s) 'example_branch_labels' retrieved from /home/airflow/.local/lib/python3.8/site-packages/airflow/example_dags/example_branch_labels.py
[2025-01-20T11:20:02.104+0000] {logging_mixin.py:188} INFO - [2025-01-20T11:20:02.104+0000] {dag.py:3036} INFO - Sync 1 DAGs
[2025-01-20T11:20:02.161+0000] {logging_mixin.py:188} INFO - [2025-01-20T11:20:02.161+0000] {dag.py:3823} INFO - Setting next_dagrun for example_branch_labels to 2025-01-19 00:00:00+00:00, run_after=2025-01-20 00:00:00+00:00
[2025-01-20T11:20:02.199+0000] {processor.py:183} INFO - Processing /home/airflow/.local/lib/python3.8/site-packages/airflow/example_dags/example_branch_labels.py took 0.249 seconds
[2025-01-20T11:20:32.606+0000] {processor.py:161} INFO - Started process (PID=560) to work on /home/airflow/.local/lib/python3.8/site-packages/airflow/example_dags/example_branch_labels.py
[2025-01-20T11:20:32.608+0000] {processor.py:830} INFO - Processing file /home/airflow/.local/lib/python3.8/site-packages/airflow/example_dags/example_branch_labels.py for tasks to queue
[2025-01-20T11:20:32.612+0000] {logging_mixin.py:188} INFO - [2025-01-20T11:20:32.611+0000] {dagbag.py:538} INFO - Filling up the DagBag from /home/airflow/.local/lib/python3.8/site-packages/airflow/example_dags/example_branch_labels.py
[2025-01-20T11:20:32.626+0000] {processor.py:840} INFO - DAG(s) 'example_branch_labels' retrieved from /home/airflow/.local/lib/python3.8/site-packages/airflow/example_dags/example_branch_labels.py
[2025-01-20T11:20:32.665+0000] {logging_mixin.py:188} INFO - [2025-01-20T11:20:32.665+0000] {dag.py:3036} INFO - Sync 1 DAGs
[2025-01-20T11:20:32.705+0000] {logging_mixin.py:188} INFO - [2025-01-20T11:20:32.704+0000] {dag.py:3823} INFO - Setting next_dagrun for example_branch_labels to 2025-01-19 00:00:00+00:00, run_after=2025-01-20 00:00:00+00:00
[2025-01-20T11:20:32.738+0000] {processor.py:183} INFO - Processing /home/airflow/.local/lib/python3.8/site-packages/airflow/example_dags/example_branch_labels.py took 0.137 seconds
[2025-01-20T11:21:03.474+0000] {processor.py:161} INFO - Started process (PID=615) to work on /home/airflow/.local/lib/python3.8/site-packages/airflow/example_dags/example_branch_labels.py
[2025-01-20T11:21:03.476+0000] {processor.py:830} INFO - Processing file /home/airflow/.local/lib/python3.8/site-packages/airflow/example_dags/example_branch_labels.py for tasks to queue
[2025-01-20T11:21:03.479+0000] {logging_mixin.py:188} INFO - [2025-01-20T11:21:03.479+0000] {dagbag.py:538} INFO - Filling up the DagBag from /home/airflow/.local/lib/python3.8/site-packages/airflow/example_dags/example_branch_labels.py
[2025-01-20T11:21:03.495+0000] {processor.py:840} INFO - DAG(s) 'example_branch_labels' retrieved from /home/airflow/.local/lib/python3.8/site-packages/airflow/example_dags/example_branch_labels.py
[2025-01-20T11:21:03.541+0000] {logging_mixin.py:188} INFO - [2025-01-20T11:21:03.541+0000] {dag.py:3036} INFO - Sync 1 DAGs
[2025-01-20T11:21:03.600+0000] {logging_mixin.py:188} INFO - [2025-01-20T11:21:03.599+0000] {dag.py:3823} INFO - Setting next_dagrun for example_branch_labels to 2025-01-19 00:00:00+00:00, run_after=2025-01-20 00:00:00+00:00
[2025-01-20T11:21:03.652+0000] {processor.py:183} INFO - Processing /home/airflow/.local/lib/python3.8/site-packages/airflow/example_dags/example_branch_labels.py took 0.184 seconds
[2025-01-20T11:21:33.936+0000] {processor.py:161} INFO - Started process (PID=670) to work on /home/airflow/.local/lib/python3.8/site-packages/airflow/example_dags/example_branch_labels.py
[2025-01-20T11:21:33.938+0000] {processor.py:830} INFO - Processing file /home/airflow/.local/lib/python3.8/site-packages/airflow/example_dags/example_branch_labels.py for tasks to queue
[2025-01-20T11:21:33.941+0000] {logging_mixin.py:188} INFO - [2025-01-20T11:21:33.941+0000] {dagbag.py:538} INFO - Filling up the DagBag from /home/airflow/.local/lib/python3.8/site-packages/airflow/example_dags/example_branch_labels.py
[2025-01-20T11:21:33.958+0000] {processor.py:840} INFO - DAG(s) 'example_branch_labels' retrieved from /home/airflow/.local/lib/python3.8/site-packages/airflow/example_dags/example_branch_labels.py
[2025-01-20T11:21:33.997+0000] {logging_mixin.py:188} INFO - [2025-01-20T11:21:33.997+0000] {dag.py:3036} INFO - Sync 1 DAGs
[2025-01-20T11:21:34.084+0000] {logging_mixin.py:188} INFO - [2025-01-20T11:21:34.083+0000] {dag.py:3823} INFO - Setting next_dagrun for example_branch_labels to 2025-01-19 00:00:00+00:00, run_after=2025-01-20 00:00:00+00:00
[2025-01-20T11:21:34.114+0000] {processor.py:183} INFO - Processing /home/airflow/.local/lib/python3.8/site-packages/airflow/example_dags/example_branch_labels.py took 0.186 seconds
[2025-01-20T11:22:05.299+0000] {processor.py:161} INFO - Started process (PID=725) to work on /home/airflow/.local/lib/python3.8/site-packages/airflow/example_dags/example_branch_labels.py
[2025-01-20T11:22:05.302+0000] {processor.py:830} INFO - Processing file /home/airflow/.local/lib/python3.8/site-packages/airflow/example_dags/example_branch_labels.py for tasks to queue
[2025-01-20T11:22:05.307+0000] {logging_mixin.py:188} INFO - [2025-01-20T11:22:05.306+0000] {dagbag.py:538} INFO - Filling up the DagBag from /home/airflow/.local/lib/python3.8/site-packages/airflow/example_dags/example_branch_labels.py
[2025-01-20T11:22:05.340+0000] {processor.py:840} INFO - DAG(s) 'example_branch_labels' retrieved from /home/airflow/.local/lib/python3.8/site-packages/airflow/example_dags/example_branch_labels.py
[2025-01-20T11:22:05.416+0000] {logging_mixin.py:188} INFO - [2025-01-20T11:22:05.415+0000] {dag.py:3036} INFO - Sync 1 DAGs
[2025-01-20T11:22:05.488+0000] {logging_mixin.py:188} INFO - [2025-01-20T11:22:05.487+0000] {dag.py:3823} INFO - Setting next_dagrun for example_branch_labels to 2025-01-19 00:00:00+00:00, run_after=2025-01-20 00:00:00+00:00
[2025-01-20T11:22:05.537+0000] {processor.py:183} INFO - Processing /home/airflow/.local/lib/python3.8/site-packages/airflow/example_dags/example_branch_labels.py took 0.254 seconds
[2025-01-20T11:22:35.655+0000] {processor.py:161} INFO - Started process (PID=780) to work on /home/airflow/.local/lib/python3.8/site-packages/airflow/example_dags/example_branch_labels.py
[2025-01-20T11:22:35.657+0000] {processor.py:830} INFO - Processing file /home/airflow/.local/lib/python3.8/site-packages/airflow/example_dags/example_branch_labels.py for tasks to queue
[2025-01-20T11:22:35.660+0000] {logging_mixin.py:188} INFO - [2025-01-20T11:22:35.660+0000] {dagbag.py:538} INFO - Filling up the DagBag from /home/airflow/.local/lib/python3.8/site-packages/airflow/example_dags/example_branch_labels.py
[2025-01-20T11:22:35.691+0000] {processor.py:840} INFO - DAG(s) 'example_branch_labels' retrieved from /home/airflow/.local/lib/python3.8/site-packages/airflow/example_dags/example_branch_labels.py
[2025-01-20T11:22:35.739+0000] {logging_mixin.py:188} INFO - [2025-01-20T11:22:35.738+0000] {dag.py:3036} INFO - Sync 1 DAGs
[2025-01-20T11:22:35.793+0000] {logging_mixin.py:188} INFO - [2025-01-20T11:22:35.791+0000] {dag.py:3823} INFO - Setting next_dagrun for example_branch_labels to 2025-01-19 00:00:00+00:00, run_after=2025-01-20 00:00:00+00:00
[2025-01-20T11:22:35.830+0000] {processor.py:183} INFO - Processing /home/airflow/.local/lib/python3.8/site-packages/airflow/example_dags/example_branch_labels.py took 0.181 seconds
[2025-01-20T11:23:06.501+0000] {processor.py:161} INFO - Started process (PID=835) to work on /home/airflow/.local/lib/python3.8/site-packages/airflow/example_dags/example_branch_labels.py
[2025-01-20T11:23:06.505+0000] {processor.py:830} INFO - Processing file /home/airflow/.local/lib/python3.8/site-packages/airflow/example_dags/example_branch_labels.py for tasks to queue
[2025-01-20T11:23:06.512+0000] {logging_mixin.py:188} INFO - [2025-01-20T11:23:06.510+0000] {dagbag.py:538} INFO - Filling up the DagBag from /home/airflow/.local/lib/python3.8/site-packages/airflow/example_dags/example_branch_labels.py
[2025-01-20T11:23:06.554+0000] {processor.py:840} INFO - DAG(s) 'example_branch_labels' retrieved from /home/airflow/.local/lib/python3.8/site-packages/airflow/example_dags/example_branch_labels.py
[2025-01-20T11:23:06.616+0000] {logging_mixin.py:188} INFO - [2025-01-20T11:23:06.615+0000] {dag.py:3036} INFO - Sync 1 DAGs
[2025-01-20T11:23:06.691+0000] {logging_mixin.py:188} INFO - [2025-01-20T11:23:06.690+0000] {dag.py:3823} INFO - Setting next_dagrun for example_branch_labels to 2025-01-19 00:00:00+00:00, run_after=2025-01-20 00:00:00+00:00
[2025-01-20T11:23:06.757+0000] {processor.py:183} INFO - Processing /home/airflow/.local/lib/python3.8/site-packages/airflow/example_dags/example_branch_labels.py took 0.273 seconds
[2025-01-20T11:23:37.131+0000] {processor.py:161} INFO - Started process (PID=890) to work on /home/airflow/.local/lib/python3.8/site-packages/airflow/example_dags/example_branch_labels.py
[2025-01-20T11:23:37.133+0000] {processor.py:830} INFO - Processing file /home/airflow/.local/lib/python3.8/site-packages/airflow/example_dags/example_branch_labels.py for tasks to queue
[2025-01-20T11:23:37.138+0000] {logging_mixin.py:188} INFO - [2025-01-20T11:23:37.137+0000] {dagbag.py:538} INFO - Filling up the DagBag from /home/airflow/.local/lib/python3.8/site-packages/airflow/example_dags/example_branch_labels.py
[2025-01-20T11:23:37.159+0000] {processor.py:840} INFO - DAG(s) 'example_branch_labels' retrieved from /home/airflow/.local/lib/python3.8/site-packages/airflow/example_dags/example_branch_labels.py
[2025-01-20T11:23:37.212+0000] {logging_mixin.py:188} INFO - [2025-01-20T11:23:37.211+0000] {dag.py:3036} INFO - Sync 1 DAGs
[2025-01-20T11:23:37.278+0000] {logging_mixin.py:188} INFO - [2025-01-20T11:23:37.277+0000] {dag.py:3823} INFO - Setting next_dagrun for example_branch_labels to 2025-01-19 00:00:00+00:00, run_after=2025-01-20 00:00:00+00:00
[2025-01-20T11:23:37.330+0000] {processor.py:183} INFO - Processing /home/airflow/.local/lib/python3.8/site-packages/airflow/example_dags/example_branch_labels.py took 0.210 seconds
[2025-01-20T11:24:07.416+0000] {processor.py:161} INFO - Started process (PID=943) to work on /home/airflow/.local/lib/python3.8/site-packages/airflow/example_dags/example_branch_labels.py
[2025-01-20T11:24:07.419+0000] {processor.py:830} INFO - Processing file /home/airflow/.local/lib/python3.8/site-packages/airflow/example_dags/example_branch_labels.py for tasks to queue
[2025-01-20T11:24:07.423+0000] {logging_mixin.py:188} INFO - [2025-01-20T11:24:07.422+0000] {dagbag.py:538} INFO - Filling up the DagBag from /home/airflow/.local/lib/python3.8/site-packages/airflow/example_dags/example_branch_labels.py
[2025-01-20T11:24:07.443+0000] {processor.py:840} INFO - DAG(s) 'example_branch_labels' retrieved from /home/airflow/.local/lib/python3.8/site-packages/airflow/example_dags/example_branch_labels.py
[2025-01-20T11:24:07.507+0000] {logging_mixin.py:188} INFO - [2025-01-20T11:24:07.507+0000] {dag.py:3036} INFO - Sync 1 DAGs
[2025-01-20T11:24:07.576+0000] {logging_mixin.py:188} INFO - [2025-01-20T11:24:07.576+0000] {dag.py:3823} INFO - Setting next_dagrun for example_branch_labels to 2025-01-19 00:00:00+00:00, run_after=2025-01-20 00:00:00+00:00
[2025-01-20T11:24:07.624+0000] {processor.py:183} INFO - Processing /home/airflow/.local/lib/python3.8/site-packages/airflow/example_dags/example_branch_labels.py took 0.216 seconds
[2025-01-20T11:24:38.254+0000] {processor.py:161} INFO - Started process (PID=999) to work on /home/airflow/.local/lib/python3.8/site-packages/airflow/example_dags/example_branch_labels.py
[2025-01-20T11:24:38.256+0000] {processor.py:830} INFO - Processing file /home/airflow/.local/lib/python3.8/site-packages/airflow/example_dags/example_branch_labels.py for tasks to queue
[2025-01-20T11:24:38.259+0000] {logging_mixin.py:188} INFO - [2025-01-20T11:24:38.258+0000] {dagbag.py:538} INFO - Filling up the DagBag from /home/airflow/.local/lib/python3.8/site-packages/airflow/example_dags/example_branch_labels.py
[2025-01-20T11:24:38.276+0000] {processor.py:840} INFO - DAG(s) 'example_branch_labels' retrieved from /home/airflow/.local/lib/python3.8/site-packages/airflow/example_dags/example_branch_labels.py
[2025-01-20T11:24:38.318+0000] {logging_mixin.py:188} INFO - [2025-01-20T11:24:38.318+0000] {dag.py:3036} INFO - Sync 1 DAGs
[2025-01-20T11:24:38.362+0000] {logging_mixin.py:188} INFO - [2025-01-20T11:24:38.361+0000] {dag.py:3823} INFO - Setting next_dagrun for example_branch_labels to 2025-01-19 00:00:00+00:00, run_after=2025-01-20 00:00:00+00:00
[2025-01-20T11:24:38.392+0000] {processor.py:183} INFO - Processing /home/airflow/.local/lib/python3.8/site-packages/airflow/example_dags/example_branch_labels.py took 0.144 seconds
[2025-01-20T11:25:08.809+0000] {processor.py:161} INFO - Started process (PID=1054) to work on /home/airflow/.local/lib/python3.8/site-packages/airflow/example_dags/example_branch_labels.py
[2025-01-20T11:25:08.810+0000] {processor.py:830} INFO - Processing file /home/airflow/.local/lib/python3.8/site-packages/airflow/example_dags/example_branch_labels.py for tasks to queue
[2025-01-20T11:25:08.814+0000] {logging_mixin.py:188} INFO - [2025-01-20T11:25:08.813+0000] {dagbag.py:538} INFO - Filling up the DagBag from /home/airflow/.local/lib/python3.8/site-packages/airflow/example_dags/example_branch_labels.py
[2025-01-20T11:25:08.829+0000] {processor.py:840} INFO - DAG(s) 'example_branch_labels' retrieved from /home/airflow/.local/lib/python3.8/site-packages/airflow/example_dags/example_branch_labels.py
[2025-01-20T11:25:08.867+0000] {logging_mixin.py:188} INFO - [2025-01-20T11:25:08.867+0000] {dag.py:3036} INFO - Sync 1 DAGs
[2025-01-20T11:25:08.915+0000] {logging_mixin.py:188} INFO - [2025-01-20T11:25:08.914+0000] {dag.py:3823} INFO - Setting next_dagrun for example_branch_labels to 2025-01-19 00:00:00+00:00, run_after=2025-01-20 00:00:00+00:00
[2025-01-20T11:25:08.942+0000] {processor.py:183} INFO - Processing /home/airflow/.local/lib/python3.8/site-packages/airflow/example_dags/example_branch_labels.py took 0.139 seconds
[2025-01-20T11:25:39.289+0000] {processor.py:161} INFO - Started process (PID=1109) to work on /home/airflow/.local/lib/python3.8/site-packages/airflow/example_dags/example_branch_labels.py
[2025-01-20T11:25:39.291+0000] {processor.py:830} INFO - Processing file /home/airflow/.local/lib/python3.8/site-packages/airflow/example_dags/example_branch_labels.py for tasks to queue
[2025-01-20T11:25:39.298+0000] {logging_mixin.py:188} INFO - [2025-01-20T11:25:39.297+0000] {dagbag.py:538} INFO - Filling up the DagBag from /home/airflow/.local/lib/python3.8/site-packages/airflow/example_dags/example_branch_labels.py
[2025-01-20T11:25:39.317+0000] {processor.py:840} INFO - DAG(s) 'example_branch_labels' retrieved from /home/airflow/.local/lib/python3.8/site-packages/airflow/example_dags/example_branch_labels.py
[2025-01-20T11:25:39.357+0000] {logging_mixin.py:188} INFO - [2025-01-20T11:25:39.356+0000] {dag.py:3036} INFO - Sync 1 DAGs
[2025-01-20T11:25:39.394+0000] {logging_mixin.py:188} INFO - [2025-01-20T11:25:39.394+0000] {dag.py:3823} INFO - Setting next_dagrun for example_branch_labels to 2025-01-19 00:00:00+00:00, run_after=2025-01-20 00:00:00+00:00
[2025-01-20T11:25:39.441+0000] {processor.py:183} INFO - Processing /home/airflow/.local/lib/python3.8/site-packages/airflow/example_dags/example_branch_labels.py took 0.159 seconds
[2025-01-20T11:26:10.119+0000] {processor.py:161} INFO - Started process (PID=1164) to work on /home/airflow/.local/lib/python3.8/site-packages/airflow/example_dags/example_branch_labels.py
[2025-01-20T11:26:10.122+0000] {processor.py:830} INFO - Processing file /home/airflow/.local/lib/python3.8/site-packages/airflow/example_dags/example_branch_labels.py for tasks to queue
[2025-01-20T11:26:10.126+0000] {logging_mixin.py:188} INFO - [2025-01-20T11:26:10.125+0000] {dagbag.py:538} INFO - Filling up the DagBag from /home/airflow/.local/lib/python3.8/site-packages/airflow/example_dags/example_branch_labels.py
[2025-01-20T11:26:10.146+0000] {processor.py:840} INFO - DAG(s) 'example_branch_labels' retrieved from /home/airflow/.local/lib/python3.8/site-packages/airflow/example_dags/example_branch_labels.py
[2025-01-20T11:26:10.191+0000] {logging_mixin.py:188} INFO - [2025-01-20T11:26:10.190+0000] {dag.py:3036} INFO - Sync 1 DAGs
[2025-01-20T11:26:10.251+0000] {logging_mixin.py:188} INFO - [2025-01-20T11:26:10.250+0000] {dag.py:3823} INFO - Setting next_dagrun for example_branch_labels to 2025-01-19 00:00:00+00:00, run_after=2025-01-20 00:00:00+00:00
[2025-01-20T11:26:10.306+0000] {processor.py:183} INFO - Processing /home/airflow/.local/lib/python3.8/site-packages/airflow/example_dags/example_branch_labels.py took 0.193 seconds
[2025-01-20T11:26:40.538+0000] {processor.py:161} INFO - Started process (PID=1220) to work on /home/airflow/.local/lib/python3.8/site-packages/airflow/example_dags/example_branch_labels.py
[2025-01-20T11:26:40.541+0000] {processor.py:830} INFO - Processing file /home/airflow/.local/lib/python3.8/site-packages/airflow/example_dags/example_branch_labels.py for tasks to queue
[2025-01-20T11:26:40.545+0000] {logging_mixin.py:188} INFO - [2025-01-20T11:26:40.544+0000] {dagbag.py:538} INFO - Filling up the DagBag from /home/airflow/.local/lib/python3.8/site-packages/airflow/example_dags/example_branch_labels.py
[2025-01-20T11:26:40.564+0000] {processor.py:840} INFO - DAG(s) 'example_branch_labels' retrieved from /home/airflow/.local/lib/python3.8/site-packages/airflow/example_dags/example_branch_labels.py
[2025-01-20T11:26:40.601+0000] {logging_mixin.py:188} INFO - [2025-01-20T11:26:40.600+0000] {dag.py:3036} INFO - Sync 1 DAGs
[2025-01-20T11:26:40.648+0000] {logging_mixin.py:188} INFO - [2025-01-20T11:26:40.647+0000] {dag.py:3823} INFO - Setting next_dagrun for example_branch_labels to 2025-01-19 00:00:00+00:00, run_after=2025-01-20 00:00:00+00:00
[2025-01-20T11:26:40.684+0000] {processor.py:183} INFO - Processing /home/airflow/.local/lib/python3.8/site-packages/airflow/example_dags/example_branch_labels.py took 0.153 seconds
[2025-01-20T11:27:11.195+0000] {processor.py:161} INFO - Started process (PID=1275) to work on /home/airflow/.local/lib/python3.8/site-packages/airflow/example_dags/example_branch_labels.py
[2025-01-20T11:27:11.201+0000] {processor.py:830} INFO - Processing file /home/airflow/.local/lib/python3.8/site-packages/airflow/example_dags/example_branch_labels.py for tasks to queue
[2025-01-20T11:27:11.213+0000] {logging_mixin.py:188} INFO - [2025-01-20T11:27:11.211+0000] {dagbag.py:538} INFO - Filling up the DagBag from /home/airflow/.local/lib/python3.8/site-packages/airflow/example_dags/example_branch_labels.py
[2025-01-20T11:27:11.251+0000] {processor.py:840} INFO - DAG(s) 'example_branch_labels' retrieved from /home/airflow/.local/lib/python3.8/site-packages/airflow/example_dags/example_branch_labels.py
[2025-01-20T11:27:11.315+0000] {logging_mixin.py:188} INFO - [2025-01-20T11:27:11.314+0000] {dag.py:3036} INFO - Sync 1 DAGs
[2025-01-20T11:27:11.411+0000] {logging_mixin.py:188} INFO - [2025-01-20T11:27:11.410+0000] {dag.py:3823} INFO - Setting next_dagrun for example_branch_labels to 2025-01-19 00:00:00+00:00, run_after=2025-01-20 00:00:00+00:00
[2025-01-20T11:27:11.571+0000] {processor.py:183} INFO - Processing /home/airflow/.local/lib/python3.8/site-packages/airflow/example_dags/example_branch_labels.py took 0.388 seconds
[2025-01-20T11:27:42.529+0000] {processor.py:161} INFO - Started process (PID=1329) to work on /home/airflow/.local/lib/python3.8/site-packages/airflow/example_dags/example_branch_labels.py
[2025-01-20T11:27:42.539+0000] {processor.py:830} INFO - Processing file /home/airflow/.local/lib/python3.8/site-packages/airflow/example_dags/example_branch_labels.py for tasks to queue
[2025-01-20T11:27:42.548+0000] {logging_mixin.py:188} INFO - [2025-01-20T11:27:42.548+0000] {dagbag.py:538} INFO - Filling up the DagBag from /home/airflow/.local/lib/python3.8/site-packages/airflow/example_dags/example_branch_labels.py
[2025-01-20T11:27:42.589+0000] {processor.py:840} INFO - DAG(s) 'example_branch_labels' retrieved from /home/airflow/.local/lib/python3.8/site-packages/airflow/example_dags/example_branch_labels.py
[2025-01-20T11:27:42.679+0000] {logging_mixin.py:188} INFO - [2025-01-20T11:27:42.679+0000] {dag.py:3036} INFO - Sync 1 DAGs
[2025-01-20T11:27:42.751+0000] {logging_mixin.py:188} INFO - [2025-01-20T11:27:42.750+0000] {dag.py:3823} INFO - Setting next_dagrun for example_branch_labels to 2025-01-19 00:00:00+00:00, run_after=2025-01-20 00:00:00+00:00
[2025-01-20T11:27:42.793+0000] {processor.py:183} INFO - Processing /home/airflow/.local/lib/python3.8/site-packages/airflow/example_dags/example_branch_labels.py took 0.279 seconds
[2025-01-20T11:28:13.317+0000] {processor.py:161} INFO - Started process (PID=1384) to work on /home/airflow/.local/lib/python3.8/site-packages/airflow/example_dags/example_branch_labels.py
[2025-01-20T11:28:13.319+0000] {processor.py:830} INFO - Processing file /home/airflow/.local/lib/python3.8/site-packages/airflow/example_dags/example_branch_labels.py for tasks to queue
[2025-01-20T11:28:13.322+0000] {logging_mixin.py:188} INFO - [2025-01-20T11:28:13.322+0000] {dagbag.py:538} INFO - Filling up the DagBag from /home/airflow/.local/lib/python3.8/site-packages/airflow/example_dags/example_branch_labels.py
[2025-01-20T11:28:13.335+0000] {processor.py:840} INFO - DAG(s) 'example_branch_labels' retrieved from /home/airflow/.local/lib/python3.8/site-packages/airflow/example_dags/example_branch_labels.py
[2025-01-20T11:28:13.377+0000] {logging_mixin.py:188} INFO - [2025-01-20T11:28:13.376+0000] {dag.py:3036} INFO - Sync 1 DAGs
[2025-01-20T11:28:13.421+0000] {logging_mixin.py:188} INFO - [2025-01-20T11:28:13.420+0000] {dag.py:3823} INFO - Setting next_dagrun for example_branch_labels to 2025-01-19 00:00:00+00:00, run_after=2025-01-20 00:00:00+00:00
[2025-01-20T11:28:13.451+0000] {processor.py:183} INFO - Processing /home/airflow/.local/lib/python3.8/site-packages/airflow/example_dags/example_branch_labels.py took 0.140 seconds
[2025-01-20T11:28:43.600+0000] {processor.py:161} INFO - Started process (PID=1440) to work on /home/airflow/.local/lib/python3.8/site-packages/airflow/example_dags/example_branch_labels.py
[2025-01-20T11:28:43.602+0000] {processor.py:830} INFO - Processing file /home/airflow/.local/lib/python3.8/site-packages/airflow/example_dags/example_branch_labels.py for tasks to queue
[2025-01-20T11:28:43.605+0000] {logging_mixin.py:188} INFO - [2025-01-20T11:28:43.605+0000] {dagbag.py:538} INFO - Filling up the DagBag from /home/airflow/.local/lib/python3.8/site-packages/airflow/example_dags/example_branch_labels.py
[2025-01-20T11:28:43.620+0000] {processor.py:840} INFO - DAG(s) 'example_branch_labels' retrieved from /home/airflow/.local/lib/python3.8/site-packages/airflow/example_dags/example_branch_labels.py
[2025-01-20T11:28:43.657+0000] {logging_mixin.py:188} INFO - [2025-01-20T11:28:43.657+0000] {dag.py:3036} INFO - Sync 1 DAGs
[2025-01-20T11:28:43.708+0000] {logging_mixin.py:188} INFO - [2025-01-20T11:28:43.707+0000] {dag.py:3823} INFO - Setting next_dagrun for example_branch_labels to 2025-01-19 00:00:00+00:00, run_after=2025-01-20 00:00:00+00:00
[2025-01-20T11:28:43.742+0000] {processor.py:183} INFO - Processing /home/airflow/.local/lib/python3.8/site-packages/airflow/example_dags/example_branch_labels.py took 0.147 seconds
[2025-01-20T11:29:14.528+0000] {processor.py:161} INFO - Started process (PID=1494) to work on /home/airflow/.local/lib/python3.8/site-packages/airflow/example_dags/example_branch_labels.py
[2025-01-20T11:29:14.529+0000] {processor.py:830} INFO - Processing file /home/airflow/.local/lib/python3.8/site-packages/airflow/example_dags/example_branch_labels.py for tasks to queue
[2025-01-20T11:29:14.532+0000] {logging_mixin.py:188} INFO - [2025-01-20T11:29:14.532+0000] {dagbag.py:538} INFO - Filling up the DagBag from /home/airflow/.local/lib/python3.8/site-packages/airflow/example_dags/example_branch_labels.py
[2025-01-20T11:29:14.544+0000] {processor.py:840} INFO - DAG(s) 'example_branch_labels' retrieved from /home/airflow/.local/lib/python3.8/site-packages/airflow/example_dags/example_branch_labels.py
[2025-01-20T11:29:14.573+0000] {logging_mixin.py:188} INFO - [2025-01-20T11:29:14.573+0000] {dag.py:3036} INFO - Sync 1 DAGs
[2025-01-20T11:29:14.609+0000] {logging_mixin.py:188} INFO - [2025-01-20T11:29:14.608+0000] {dag.py:3823} INFO - Setting next_dagrun for example_branch_labels to 2025-01-19 00:00:00+00:00, run_after=2025-01-20 00:00:00+00:00
[2025-01-20T11:29:14.638+0000] {processor.py:183} INFO - Processing /home/airflow/.local/lib/python3.8/site-packages/airflow/example_dags/example_branch_labels.py took 0.115 seconds
[2025-01-20T11:29:44.962+0000] {processor.py:161} INFO - Started process (PID=1550) to work on /home/airflow/.local/lib/python3.8/site-packages/airflow/example_dags/example_branch_labels.py
[2025-01-20T11:29:44.964+0000] {processor.py:830} INFO - Processing file /home/airflow/.local/lib/python3.8/site-packages/airflow/example_dags/example_branch_labels.py for tasks to queue
[2025-01-20T11:29:44.969+0000] {logging_mixin.py:188} INFO - [2025-01-20T11:29:44.968+0000] {dagbag.py:538} INFO - Filling up the DagBag from /home/airflow/.local/lib/python3.8/site-packages/airflow/example_dags/example_branch_labels.py
[2025-01-20T11:29:44.993+0000] {processor.py:840} INFO - DAG(s) 'example_branch_labels' retrieved from /home/airflow/.local/lib/python3.8/site-packages/airflow/example_dags/example_branch_labels.py
[2025-01-20T11:29:45.074+0000] {logging_mixin.py:188} INFO - [2025-01-20T11:29:45.073+0000] {dag.py:3036} INFO - Sync 1 DAGs
[2025-01-20T11:29:45.162+0000] {logging_mixin.py:188} INFO - [2025-01-20T11:29:45.162+0000] {dag.py:3823} INFO - Setting next_dagrun for example_branch_labels to 2025-01-19 00:00:00+00:00, run_after=2025-01-20 00:00:00+00:00
[2025-01-20T11:29:45.213+0000] {processor.py:183} INFO - Processing /home/airflow/.local/lib/python3.8/site-packages/airflow/example_dags/example_branch_labels.py took 0.259 seconds
[2025-01-20T11:30:15.642+0000] {processor.py:161} INFO - Started process (PID=1606) to work on /home/airflow/.local/lib/python3.8/site-packages/airflow/example_dags/example_branch_labels.py
[2025-01-20T11:30:15.644+0000] {processor.py:830} INFO - Processing file /home/airflow/.local/lib/python3.8/site-packages/airflow/example_dags/example_branch_labels.py for tasks to queue
[2025-01-20T11:30:15.647+0000] {logging_mixin.py:188} INFO - [2025-01-20T11:30:15.647+0000] {dagbag.py:538} INFO - Filling up the DagBag from /home/airflow/.local/lib/python3.8/site-packages/airflow/example_dags/example_branch_labels.py
[2025-01-20T11:30:15.667+0000] {processor.py:840} INFO - DAG(s) 'example_branch_labels' retrieved from /home/airflow/.local/lib/python3.8/site-packages/airflow/example_dags/example_branch_labels.py
[2025-01-20T11:30:15.758+0000] {logging_mixin.py:188} INFO - [2025-01-20T11:30:15.757+0000] {dag.py:3036} INFO - Sync 1 DAGs
[2025-01-20T11:30:15.808+0000] {logging_mixin.py:188} INFO - [2025-01-20T11:30:15.808+0000] {dag.py:3823} INFO - Setting next_dagrun for example_branch_labels to 2025-01-19 00:00:00+00:00, run_after=2025-01-20 00:00:00+00:00
[2025-01-20T11:30:15.837+0000] {processor.py:183} INFO - Processing /home/airflow/.local/lib/python3.8/site-packages/airflow/example_dags/example_branch_labels.py took 0.202 seconds
[2025-01-20T11:30:46.526+0000] {processor.py:161} INFO - Started process (PID=1659) to work on /home/airflow/.local/lib/python3.8/site-packages/airflow/example_dags/example_branch_labels.py
[2025-01-20T11:30:46.528+0000] {processor.py:830} INFO - Processing file /home/airflow/.local/lib/python3.8/site-packages/airflow/example_dags/example_branch_labels.py for tasks to queue
[2025-01-20T11:30:46.532+0000] {logging_mixin.py:188} INFO - [2025-01-20T11:30:46.531+0000] {dagbag.py:538} INFO - Filling up the DagBag from /home/airflow/.local/lib/python3.8/site-packages/airflow/example_dags/example_branch_labels.py
[2025-01-20T11:30:46.547+0000] {processor.py:840} INFO - DAG(s) 'example_branch_labels' retrieved from /home/airflow/.local/lib/python3.8/site-packages/airflow/example_dags/example_branch_labels.py
[2025-01-20T11:30:46.584+0000] {logging_mixin.py:188} INFO - [2025-01-20T11:30:46.583+0000] {dag.py:3036} INFO - Sync 1 DAGs
[2025-01-20T11:30:46.624+0000] {logging_mixin.py:188} INFO - [2025-01-20T11:30:46.624+0000] {dag.py:3823} INFO - Setting next_dagrun for example_branch_labels to 2025-01-19 00:00:00+00:00, run_after=2025-01-20 00:00:00+00:00
[2025-01-20T11:30:46.656+0000] {processor.py:183} INFO - Processing /home/airflow/.local/lib/python3.8/site-packages/airflow/example_dags/example_branch_labels.py took 0.135 seconds
[2025-01-20T11:31:17.398+0000] {processor.py:161} INFO - Started process (PID=1714) to work on /home/airflow/.local/lib/python3.8/site-packages/airflow/example_dags/example_branch_labels.py
[2025-01-20T11:31:17.401+0000] {processor.py:830} INFO - Processing file /home/airflow/.local/lib/python3.8/site-packages/airflow/example_dags/example_branch_labels.py for tasks to queue
[2025-01-20T11:31:17.404+0000] {logging_mixin.py:188} INFO - [2025-01-20T11:31:17.404+0000] {dagbag.py:538} INFO - Filling up the DagBag from /home/airflow/.local/lib/python3.8/site-packages/airflow/example_dags/example_branch_labels.py
[2025-01-20T11:31:17.425+0000] {processor.py:840} INFO - DAG(s) 'example_branch_labels' retrieved from /home/airflow/.local/lib/python3.8/site-packages/airflow/example_dags/example_branch_labels.py
[2025-01-20T11:31:17.476+0000] {logging_mixin.py:188} INFO - [2025-01-20T11:31:17.476+0000] {dag.py:3036} INFO - Sync 1 DAGs
[2025-01-20T11:31:17.535+0000] {logging_mixin.py:188} INFO - [2025-01-20T11:31:17.535+0000] {dag.py:3823} INFO - Setting next_dagrun for example_branch_labels to 2025-01-19 00:00:00+00:00, run_after=2025-01-20 00:00:00+00:00
[2025-01-20T11:31:17.578+0000] {processor.py:183} INFO - Processing /home/airflow/.local/lib/python3.8/site-packages/airflow/example_dags/example_branch_labels.py took 0.188 seconds
[2025-01-20T11:31:48.072+0000] {processor.py:161} INFO - Started process (PID=1769) to work on /home/airflow/.local/lib/python3.8/site-packages/airflow/example_dags/example_branch_labels.py
[2025-01-20T11:31:48.074+0000] {processor.py:830} INFO - Processing file /home/airflow/.local/lib/python3.8/site-packages/airflow/example_dags/example_branch_labels.py for tasks to queue
[2025-01-20T11:31:48.078+0000] {logging_mixin.py:188} INFO - [2025-01-20T11:31:48.077+0000] {dagbag.py:538} INFO - Filling up the DagBag from /home/airflow/.local/lib/python3.8/site-packages/airflow/example_dags/example_branch_labels.py
[2025-01-20T11:31:48.094+0000] {processor.py:840} INFO - DAG(s) 'example_branch_labels' retrieved from /home/airflow/.local/lib/python3.8/site-packages/airflow/example_dags/example_branch_labels.py
[2025-01-20T11:31:48.129+0000] {logging_mixin.py:188} INFO - [2025-01-20T11:31:48.128+0000] {dag.py:3036} INFO - Sync 1 DAGs
[2025-01-20T11:31:48.169+0000] {logging_mixin.py:188} INFO - [2025-01-20T11:31:48.169+0000] {dag.py:3823} INFO - Setting next_dagrun for example_branch_labels to 2025-01-19 00:00:00+00:00, run_after=2025-01-20 00:00:00+00:00
[2025-01-20T11:31:48.208+0000] {processor.py:183} INFO - Processing /home/airflow/.local/lib/python3.8/site-packages/airflow/example_dags/example_branch_labels.py took 0.143 seconds
[2025-01-20T11:32:18.449+0000] {processor.py:161} INFO - Started process (PID=1824) to work on /home/airflow/.local/lib/python3.8/site-packages/airflow/example_dags/example_branch_labels.py
[2025-01-20T11:32:18.451+0000] {processor.py:830} INFO - Processing file /home/airflow/.local/lib/python3.8/site-packages/airflow/example_dags/example_branch_labels.py for tasks to queue
[2025-01-20T11:32:18.454+0000] {logging_mixin.py:188} INFO - [2025-01-20T11:32:18.454+0000] {dagbag.py:538} INFO - Filling up the DagBag from /home/airflow/.local/lib/python3.8/site-packages/airflow/example_dags/example_branch_labels.py
[2025-01-20T11:32:18.469+0000] {processor.py:840} INFO - DAG(s) 'example_branch_labels' retrieved from /home/airflow/.local/lib/python3.8/site-packages/airflow/example_dags/example_branch_labels.py
[2025-01-20T11:32:18.504+0000] {logging_mixin.py:188} INFO - [2025-01-20T11:32:18.504+0000] {dag.py:3036} INFO - Sync 1 DAGs
[2025-01-20T11:32:18.543+0000] {logging_mixin.py:188} INFO - [2025-01-20T11:32:18.543+0000] {dag.py:3823} INFO - Setting next_dagrun for example_branch_labels to 2025-01-19 00:00:00+00:00, run_after=2025-01-20 00:00:00+00:00
[2025-01-20T11:32:18.594+0000] {processor.py:183} INFO - Processing /home/airflow/.local/lib/python3.8/site-packages/airflow/example_dags/example_branch_labels.py took 0.150 seconds
[2025-01-20T11:32:48.831+0000] {processor.py:161} INFO - Started process (PID=1880) to work on /home/airflow/.local/lib/python3.8/site-packages/airflow/example_dags/example_branch_labels.py
[2025-01-20T11:32:48.833+0000] {processor.py:830} INFO - Processing file /home/airflow/.local/lib/python3.8/site-packages/airflow/example_dags/example_branch_labels.py for tasks to queue
[2025-01-20T11:32:48.836+0000] {logging_mixin.py:188} INFO - [2025-01-20T11:32:48.836+0000] {dagbag.py:538} INFO - Filling up the DagBag from /home/airflow/.local/lib/python3.8/site-packages/airflow/example_dags/example_branch_labels.py
[2025-01-20T11:32:48.854+0000] {processor.py:840} INFO - DAG(s) 'example_branch_labels' retrieved from /home/airflow/.local/lib/python3.8/site-packages/airflow/example_dags/example_branch_labels.py
[2025-01-20T11:32:48.895+0000] {logging_mixin.py:188} INFO - [2025-01-20T11:32:48.894+0000] {dag.py:3036} INFO - Sync 1 DAGs
[2025-01-20T11:32:48.938+0000] {logging_mixin.py:188} INFO - [2025-01-20T11:32:48.937+0000] {dag.py:3823} INFO - Setting next_dagrun for example_branch_labels to 2025-01-19 00:00:00+00:00, run_after=2025-01-20 00:00:00+00:00
[2025-01-20T11:32:48.973+0000] {processor.py:183} INFO - Processing /home/airflow/.local/lib/python3.8/site-packages/airflow/example_dags/example_branch_labels.py took 0.148 seconds
[2025-01-20T11:33:19.825+0000] {processor.py:161} INFO - Started process (PID=1934) to work on /home/airflow/.local/lib/python3.8/site-packages/airflow/example_dags/example_branch_labels.py
[2025-01-20T11:33:19.827+0000] {processor.py:830} INFO - Processing file /home/airflow/.local/lib/python3.8/site-packages/airflow/example_dags/example_branch_labels.py for tasks to queue
[2025-01-20T11:33:19.831+0000] {logging_mixin.py:188} INFO - [2025-01-20T11:33:19.831+0000] {dagbag.py:538} INFO - Filling up the DagBag from /home/airflow/.local/lib/python3.8/site-packages/airflow/example_dags/example_branch_labels.py
[2025-01-20T11:33:19.851+0000] {processor.py:840} INFO - DAG(s) 'example_branch_labels' retrieved from /home/airflow/.local/lib/python3.8/site-packages/airflow/example_dags/example_branch_labels.py
[2025-01-20T11:33:19.891+0000] {logging_mixin.py:188} INFO - [2025-01-20T11:33:19.890+0000] {dag.py:3036} INFO - Sync 1 DAGs
[2025-01-20T11:33:19.943+0000] {logging_mixin.py:188} INFO - [2025-01-20T11:33:19.942+0000] {dag.py:3823} INFO - Setting next_dagrun for example_branch_labels to 2025-01-19 00:00:00+00:00, run_after=2025-01-20 00:00:00+00:00
[2025-01-20T11:33:19.983+0000] {processor.py:183} INFO - Processing /home/airflow/.local/lib/python3.8/site-packages/airflow/example_dags/example_branch_labels.py took 0.165 seconds
[2025-01-20T11:33:50.601+0000] {processor.py:161} INFO - Started process (PID=1989) to work on /home/airflow/.local/lib/python3.8/site-packages/airflow/example_dags/example_branch_labels.py
[2025-01-20T11:33:50.604+0000] {processor.py:830} INFO - Processing file /home/airflow/.local/lib/python3.8/site-packages/airflow/example_dags/example_branch_labels.py for tasks to queue
[2025-01-20T11:33:50.609+0000] {logging_mixin.py:188} INFO - [2025-01-20T11:33:50.608+0000] {dagbag.py:538} INFO - Filling up the DagBag from /home/airflow/.local/lib/python3.8/site-packages/airflow/example_dags/example_branch_labels.py
[2025-01-20T11:33:50.639+0000] {processor.py:840} INFO - DAG(s) 'example_branch_labels' retrieved from /home/airflow/.local/lib/python3.8/site-packages/airflow/example_dags/example_branch_labels.py
[2025-01-20T11:33:50.698+0000] {logging_mixin.py:188} INFO - [2025-01-20T11:33:50.697+0000] {dag.py:3036} INFO - Sync 1 DAGs
[2025-01-20T11:33:50.752+0000] {logging_mixin.py:188} INFO - [2025-01-20T11:33:50.752+0000] {dag.py:3823} INFO - Setting next_dagrun for example_branch_labels to 2025-01-19 00:00:00+00:00, run_after=2025-01-20 00:00:00+00:00
[2025-01-20T11:33:50.792+0000] {processor.py:183} INFO - Processing /home/airflow/.local/lib/python3.8/site-packages/airflow/example_dags/example_branch_labels.py took 0.208 seconds
[2025-01-20T11:34:21.045+0000] {processor.py:161} INFO - Started process (PID=2045) to work on /home/airflow/.local/lib/python3.8/site-packages/airflow/example_dags/example_branch_labels.py
[2025-01-20T11:34:21.047+0000] {processor.py:830} INFO - Processing file /home/airflow/.local/lib/python3.8/site-packages/airflow/example_dags/example_branch_labels.py for tasks to queue
[2025-01-20T11:34:21.051+0000] {logging_mixin.py:188} INFO - [2025-01-20T11:34:21.050+0000] {dagbag.py:538} INFO - Filling up the DagBag from /home/airflow/.local/lib/python3.8/site-packages/airflow/example_dags/example_branch_labels.py
[2025-01-20T11:34:21.065+0000] {processor.py:840} INFO - DAG(s) 'example_branch_labels' retrieved from /home/airflow/.local/lib/python3.8/site-packages/airflow/example_dags/example_branch_labels.py
[2025-01-20T11:34:21.101+0000] {logging_mixin.py:188} INFO - [2025-01-20T11:34:21.101+0000] {dag.py:3036} INFO - Sync 1 DAGs
[2025-01-20T11:34:21.147+0000] {logging_mixin.py:188} INFO - [2025-01-20T11:34:21.147+0000] {dag.py:3823} INFO - Setting next_dagrun for example_branch_labels to 2025-01-19 00:00:00+00:00, run_after=2025-01-20 00:00:00+00:00
[2025-01-20T11:34:21.182+0000] {processor.py:183} INFO - Processing /home/airflow/.local/lib/python3.8/site-packages/airflow/example_dags/example_branch_labels.py took 0.142 seconds
[2025-01-20T11:34:51.709+0000] {processor.py:161} INFO - Started process (PID=2097) to work on /home/airflow/.local/lib/python3.8/site-packages/airflow/example_dags/example_branch_labels.py
[2025-01-20T11:34:51.711+0000] {processor.py:830} INFO - Processing file /home/airflow/.local/lib/python3.8/site-packages/airflow/example_dags/example_branch_labels.py for tasks to queue
[2025-01-20T11:34:51.714+0000] {logging_mixin.py:188} INFO - [2025-01-20T11:34:51.713+0000] {dagbag.py:538} INFO - Filling up the DagBag from /home/airflow/.local/lib/python3.8/site-packages/airflow/example_dags/example_branch_labels.py
[2025-01-20T11:34:51.727+0000] {processor.py:840} INFO - DAG(s) 'example_branch_labels' retrieved from /home/airflow/.local/lib/python3.8/site-packages/airflow/example_dags/example_branch_labels.py
[2025-01-20T11:34:51.764+0000] {logging_mixin.py:188} INFO - [2025-01-20T11:34:51.763+0000] {dag.py:3036} INFO - Sync 1 DAGs
[2025-01-20T11:34:51.801+0000] {logging_mixin.py:188} INFO - [2025-01-20T11:34:51.801+0000] {dag.py:3823} INFO - Setting next_dagrun for example_branch_labels to 2025-01-19 00:00:00+00:00, run_after=2025-01-20 00:00:00+00:00
[2025-01-20T11:34:51.836+0000] {processor.py:183} INFO - Processing /home/airflow/.local/lib/python3.8/site-packages/airflow/example_dags/example_branch_labels.py took 0.132 seconds
[2025-01-20T11:35:22.947+0000] {processor.py:161} INFO - Started process (PID=2152) to work on /home/airflow/.local/lib/python3.8/site-packages/airflow/example_dags/example_branch_labels.py
[2025-01-20T11:35:22.949+0000] {processor.py:830} INFO - Processing file /home/airflow/.local/lib/python3.8/site-packages/airflow/example_dags/example_branch_labels.py for tasks to queue
[2025-01-20T11:35:22.953+0000] {logging_mixin.py:188} INFO - [2025-01-20T11:35:22.952+0000] {dagbag.py:538} INFO - Filling up the DagBag from /home/airflow/.local/lib/python3.8/site-packages/airflow/example_dags/example_branch_labels.py
[2025-01-20T11:35:22.979+0000] {processor.py:840} INFO - DAG(s) 'example_branch_labels' retrieved from /home/airflow/.local/lib/python3.8/site-packages/airflow/example_dags/example_branch_labels.py
[2025-01-20T11:35:23.021+0000] {logging_mixin.py:188} INFO - [2025-01-20T11:35:23.021+0000] {dag.py:3036} INFO - Sync 1 DAGs
[2025-01-20T11:35:23.078+0000] {logging_mixin.py:188} INFO - [2025-01-20T11:35:23.078+0000] {dag.py:3823} INFO - Setting next_dagrun for example_branch_labels to 2025-01-19 00:00:00+00:00, run_after=2025-01-20 00:00:00+00:00
[2025-01-20T11:35:23.121+0000] {processor.py:183} INFO - Processing /home/airflow/.local/lib/python3.8/site-packages/airflow/example_dags/example_branch_labels.py took 0.184 seconds
[2025-01-20T11:35:53.179+0000] {processor.py:161} INFO - Started process (PID=2207) to work on /home/airflow/.local/lib/python3.8/site-packages/airflow/example_dags/example_branch_labels.py
[2025-01-20T11:35:53.181+0000] {processor.py:830} INFO - Processing file /home/airflow/.local/lib/python3.8/site-packages/airflow/example_dags/example_branch_labels.py for tasks to queue
[2025-01-20T11:35:53.184+0000] {logging_mixin.py:188} INFO - [2025-01-20T11:35:53.184+0000] {dagbag.py:538} INFO - Filling up the DagBag from /home/airflow/.local/lib/python3.8/site-packages/airflow/example_dags/example_branch_labels.py
[2025-01-20T11:35:53.199+0000] {processor.py:840} INFO - DAG(s) 'example_branch_labels' retrieved from /home/airflow/.local/lib/python3.8/site-packages/airflow/example_dags/example_branch_labels.py
[2025-01-20T11:35:53.241+0000] {logging_mixin.py:188} INFO - [2025-01-20T11:35:53.240+0000] {dag.py:3036} INFO - Sync 1 DAGs
[2025-01-20T11:35:53.303+0000] {logging_mixin.py:188} INFO - [2025-01-20T11:35:53.302+0000] {dag.py:3823} INFO - Setting next_dagrun for example_branch_labels to 2025-01-19 00:00:00+00:00, run_after=2025-01-20 00:00:00+00:00
[2025-01-20T11:35:53.357+0000] {processor.py:183} INFO - Processing /home/airflow/.local/lib/python3.8/site-packages/airflow/example_dags/example_branch_labels.py took 0.184 seconds
[2025-01-20T11:36:23.967+0000] {processor.py:161} INFO - Started process (PID=2262) to work on /home/airflow/.local/lib/python3.8/site-packages/airflow/example_dags/example_branch_labels.py
[2025-01-20T11:36:23.971+0000] {processor.py:830} INFO - Processing file /home/airflow/.local/lib/python3.8/site-packages/airflow/example_dags/example_branch_labels.py for tasks to queue
[2025-01-20T11:36:23.977+0000] {logging_mixin.py:188} INFO - [2025-01-20T11:36:23.976+0000] {dagbag.py:538} INFO - Filling up the DagBag from /home/airflow/.local/lib/python3.8/site-packages/airflow/example_dags/example_branch_labels.py
[2025-01-20T11:36:24.012+0000] {processor.py:840} INFO - DAG(s) 'example_branch_labels' retrieved from /home/airflow/.local/lib/python3.8/site-packages/airflow/example_dags/example_branch_labels.py
[2025-01-20T11:36:24.085+0000] {logging_mixin.py:188} INFO - [2025-01-20T11:36:24.084+0000] {dag.py:3036} INFO - Sync 1 DAGs
[2025-01-20T11:36:24.160+0000] {logging_mixin.py:188} INFO - [2025-01-20T11:36:24.159+0000] {dag.py:3823} INFO - Setting next_dagrun for example_branch_labels to 2025-01-19 00:00:00+00:00, run_after=2025-01-20 00:00:00+00:00
[2025-01-20T11:36:24.200+0000] {processor.py:183} INFO - Processing /home/airflow/.local/lib/python3.8/site-packages/airflow/example_dags/example_branch_labels.py took 0.246 seconds
[2025-01-20T11:36:54.503+0000] {processor.py:161} INFO - Started process (PID=2318) to work on /home/airflow/.local/lib/python3.8/site-packages/airflow/example_dags/example_branch_labels.py
[2025-01-20T11:36:54.506+0000] {processor.py:830} INFO - Processing file /home/airflow/.local/lib/python3.8/site-packages/airflow/example_dags/example_branch_labels.py for tasks to queue
[2025-01-20T11:36:54.511+0000] {logging_mixin.py:188} INFO - [2025-01-20T11:36:54.509+0000] {dagbag.py:538} INFO - Filling up the DagBag from /home/airflow/.local/lib/python3.8/site-packages/airflow/example_dags/example_branch_labels.py
[2025-01-20T11:36:54.533+0000] {processor.py:840} INFO - DAG(s) 'example_branch_labels' retrieved from /home/airflow/.local/lib/python3.8/site-packages/airflow/example_dags/example_branch_labels.py
[2025-01-20T11:36:54.603+0000] {logging_mixin.py:188} INFO - [2025-01-20T11:36:54.602+0000] {dag.py:3036} INFO - Sync 1 DAGs
[2025-01-20T11:36:54.717+0000] {logging_mixin.py:188} INFO - [2025-01-20T11:36:54.716+0000] {dag.py:3823} INFO - Setting next_dagrun for example_branch_labels to 2025-01-19 00:00:00+00:00, run_after=2025-01-20 00:00:00+00:00
[2025-01-20T11:36:54.773+0000] {processor.py:183} INFO - Processing /home/airflow/.local/lib/python3.8/site-packages/airflow/example_dags/example_branch_labels.py took 0.278 seconds
