[2025-01-20T11:16:24.315+0000] {processor.py:161} INFO - Started process (PID=101) to work on /home/airflow/.local/lib/python3.8/site-packages/airflow/example_dags/example_nested_branch_dag.py
[2025-01-20T11:16:24.317+0000] {processor.py:830} INFO - Processing file /home/airflow/.local/lib/python3.8/site-packages/airflow/example_dags/example_nested_branch_dag.py for tasks to queue
[2025-01-20T11:16:24.321+0000] {logging_mixin.py:188} INFO - [2025-01-20T11:16:24.321+0000] {dagbag.py:538} INFO - Filling up the DagBag from /home/airflow/.local/lib/python3.8/site-packages/airflow/example_dags/example_nested_branch_dag.py
[2025-01-20T11:16:24.347+0000] {processor.py:840} INFO - DAG(s) 'example_nested_branch_dag' retrieved from /home/airflow/.local/lib/python3.8/site-packages/airflow/example_dags/example_nested_branch_dag.py
[2025-01-20T11:16:24.567+0000] {logging_mixin.py:188} INFO - [2025-01-20T11:16:24.567+0000] {dag.py:3036} INFO - Sync 1 DAGs
[2025-01-20T11:16:24.608+0000] {logging_mixin.py:188} INFO - [2025-01-20T11:16:24.607+0000] {dag.py:3823} INFO - Setting next_dagrun for example_nested_branch_dag to 2025-01-19 00:00:00+00:00, run_after=2025-01-20 00:00:00+00:00
[2025-01-20T11:16:24.723+0000] {processor.py:183} INFO - Processing /home/airflow/.local/lib/python3.8/site-packages/airflow/example_dags/example_nested_branch_dag.py took 0.415 seconds
[2025-01-20T11:16:55.064+0000] {processor.py:161} INFO - Started process (PID=156) to work on /home/airflow/.local/lib/python3.8/site-packages/airflow/example_dags/example_nested_branch_dag.py
[2025-01-20T11:16:55.066+0000] {processor.py:830} INFO - Processing file /home/airflow/.local/lib/python3.8/site-packages/airflow/example_dags/example_nested_branch_dag.py for tasks to queue
[2025-01-20T11:16:55.069+0000] {logging_mixin.py:188} INFO - [2025-01-20T11:16:55.069+0000] {dagbag.py:538} INFO - Filling up the DagBag from /home/airflow/.local/lib/python3.8/site-packages/airflow/example_dags/example_nested_branch_dag.py
[2025-01-20T11:16:55.086+0000] {processor.py:840} INFO - DAG(s) 'example_nested_branch_dag' retrieved from /home/airflow/.local/lib/python3.8/site-packages/airflow/example_dags/example_nested_branch_dag.py
[2025-01-20T11:16:55.125+0000] {logging_mixin.py:188} INFO - [2025-01-20T11:16:55.124+0000] {dag.py:3036} INFO - Sync 1 DAGs
[2025-01-20T11:16:55.169+0000] {logging_mixin.py:188} INFO - [2025-01-20T11:16:55.168+0000] {dag.py:3823} INFO - Setting next_dagrun for example_nested_branch_dag to 2025-01-19 00:00:00+00:00, run_after=2025-01-20 00:00:00+00:00
[2025-01-20T11:16:55.203+0000] {processor.py:183} INFO - Processing /home/airflow/.local/lib/python3.8/site-packages/airflow/example_dags/example_nested_branch_dag.py took 0.144 seconds
[2025-01-20T11:17:25.489+0000] {processor.py:161} INFO - Started process (PID=211) to work on /home/airflow/.local/lib/python3.8/site-packages/airflow/example_dags/example_nested_branch_dag.py
[2025-01-20T11:17:25.491+0000] {processor.py:830} INFO - Processing file /home/airflow/.local/lib/python3.8/site-packages/airflow/example_dags/example_nested_branch_dag.py for tasks to queue
[2025-01-20T11:17:25.494+0000] {logging_mixin.py:188} INFO - [2025-01-20T11:17:25.494+0000] {dagbag.py:538} INFO - Filling up the DagBag from /home/airflow/.local/lib/python3.8/site-packages/airflow/example_dags/example_nested_branch_dag.py
[2025-01-20T11:17:25.511+0000] {processor.py:840} INFO - DAG(s) 'example_nested_branch_dag' retrieved from /home/airflow/.local/lib/python3.8/site-packages/airflow/example_dags/example_nested_branch_dag.py
[2025-01-20T11:17:25.545+0000] {logging_mixin.py:188} INFO - [2025-01-20T11:17:25.545+0000] {dag.py:3036} INFO - Sync 1 DAGs
[2025-01-20T11:17:25.584+0000] {logging_mixin.py:188} INFO - [2025-01-20T11:17:25.584+0000] {dag.py:3823} INFO - Setting next_dagrun for example_nested_branch_dag to 2025-01-19 00:00:00+00:00, run_after=2025-01-20 00:00:00+00:00
[2025-01-20T11:17:25.614+0000] {processor.py:183} INFO - Processing /home/airflow/.local/lib/python3.8/site-packages/airflow/example_dags/example_nested_branch_dag.py took 0.131 seconds
[2025-01-20T11:17:55.897+0000] {processor.py:161} INFO - Started process (PID=266) to work on /home/airflow/.local/lib/python3.8/site-packages/airflow/example_dags/example_nested_branch_dag.py
[2025-01-20T11:17:55.911+0000] {processor.py:830} INFO - Processing file /home/airflow/.local/lib/python3.8/site-packages/airflow/example_dags/example_nested_branch_dag.py for tasks to queue
[2025-01-20T11:17:55.916+0000] {logging_mixin.py:188} INFO - [2025-01-20T11:17:55.915+0000] {dagbag.py:538} INFO - Filling up the DagBag from /home/airflow/.local/lib/python3.8/site-packages/airflow/example_dags/example_nested_branch_dag.py
[2025-01-20T11:17:55.939+0000] {processor.py:840} INFO - DAG(s) 'example_nested_branch_dag' retrieved from /home/airflow/.local/lib/python3.8/site-packages/airflow/example_dags/example_nested_branch_dag.py
[2025-01-20T11:17:55.991+0000] {logging_mixin.py:188} INFO - [2025-01-20T11:17:55.991+0000] {dag.py:3036} INFO - Sync 1 DAGs
[2025-01-20T11:17:56.041+0000] {logging_mixin.py:188} INFO - [2025-01-20T11:17:56.040+0000] {dag.py:3823} INFO - Setting next_dagrun for example_nested_branch_dag to 2025-01-19 00:00:00+00:00, run_after=2025-01-20 00:00:00+00:00
[2025-01-20T11:17:56.080+0000] {processor.py:183} INFO - Processing /home/airflow/.local/lib/python3.8/site-packages/airflow/example_dags/example_nested_branch_dag.py took 0.190 seconds
[2025-01-20T11:18:26.297+0000] {processor.py:161} INFO - Started process (PID=321) to work on /home/airflow/.local/lib/python3.8/site-packages/airflow/example_dags/example_nested_branch_dag.py
[2025-01-20T11:18:26.299+0000] {processor.py:830} INFO - Processing file /home/airflow/.local/lib/python3.8/site-packages/airflow/example_dags/example_nested_branch_dag.py for tasks to queue
[2025-01-20T11:18:26.302+0000] {logging_mixin.py:188} INFO - [2025-01-20T11:18:26.301+0000] {dagbag.py:538} INFO - Filling up the DagBag from /home/airflow/.local/lib/python3.8/site-packages/airflow/example_dags/example_nested_branch_dag.py
[2025-01-20T11:18:26.319+0000] {processor.py:840} INFO - DAG(s) 'example_nested_branch_dag' retrieved from /home/airflow/.local/lib/python3.8/site-packages/airflow/example_dags/example_nested_branch_dag.py
[2025-01-20T11:18:26.353+0000] {logging_mixin.py:188} INFO - [2025-01-20T11:18:26.352+0000] {dag.py:3036} INFO - Sync 1 DAGs
[2025-01-20T11:18:26.395+0000] {logging_mixin.py:188} INFO - [2025-01-20T11:18:26.394+0000] {dag.py:3823} INFO - Setting next_dagrun for example_nested_branch_dag to 2025-01-19 00:00:00+00:00, run_after=2025-01-20 00:00:00+00:00
[2025-01-20T11:18:26.538+0000] {processor.py:183} INFO - Processing /home/airflow/.local/lib/python3.8/site-packages/airflow/example_dags/example_nested_branch_dag.py took 0.247 seconds
[2025-01-20T11:18:57.001+0000] {processor.py:161} INFO - Started process (PID=376) to work on /home/airflow/.local/lib/python3.8/site-packages/airflow/example_dags/example_nested_branch_dag.py
[2025-01-20T11:18:57.003+0000] {processor.py:830} INFO - Processing file /home/airflow/.local/lib/python3.8/site-packages/airflow/example_dags/example_nested_branch_dag.py for tasks to queue
[2025-01-20T11:18:57.007+0000] {logging_mixin.py:188} INFO - [2025-01-20T11:18:57.006+0000] {dagbag.py:538} INFO - Filling up the DagBag from /home/airflow/.local/lib/python3.8/site-packages/airflow/example_dags/example_nested_branch_dag.py
[2025-01-20T11:18:57.026+0000] {processor.py:840} INFO - DAG(s) 'example_nested_branch_dag' retrieved from /home/airflow/.local/lib/python3.8/site-packages/airflow/example_dags/example_nested_branch_dag.py
[2025-01-20T11:18:57.067+0000] {logging_mixin.py:188} INFO - [2025-01-20T11:18:57.066+0000] {dag.py:3036} INFO - Sync 1 DAGs
[2025-01-20T11:18:57.115+0000] {logging_mixin.py:188} INFO - [2025-01-20T11:18:57.115+0000] {dag.py:3823} INFO - Setting next_dagrun for example_nested_branch_dag to 2025-01-19 00:00:00+00:00, run_after=2025-01-20 00:00:00+00:00
[2025-01-20T11:18:57.153+0000] {processor.py:183} INFO - Processing /home/airflow/.local/lib/python3.8/site-packages/airflow/example_dags/example_nested_branch_dag.py took 0.159 seconds
[2025-01-20T11:19:27.401+0000] {processor.py:161} INFO - Started process (PID=431) to work on /home/airflow/.local/lib/python3.8/site-packages/airflow/example_dags/example_nested_branch_dag.py
[2025-01-20T11:19:27.404+0000] {processor.py:830} INFO - Processing file /home/airflow/.local/lib/python3.8/site-packages/airflow/example_dags/example_nested_branch_dag.py for tasks to queue
[2025-01-20T11:19:27.408+0000] {logging_mixin.py:188} INFO - [2025-01-20T11:19:27.408+0000] {dagbag.py:538} INFO - Filling up the DagBag from /home/airflow/.local/lib/python3.8/site-packages/airflow/example_dags/example_nested_branch_dag.py
[2025-01-20T11:19:27.430+0000] {processor.py:840} INFO - DAG(s) 'example_nested_branch_dag' retrieved from /home/airflow/.local/lib/python3.8/site-packages/airflow/example_dags/example_nested_branch_dag.py
[2025-01-20T11:19:27.475+0000] {logging_mixin.py:188} INFO - [2025-01-20T11:19:27.475+0000] {dag.py:3036} INFO - Sync 1 DAGs
[2025-01-20T11:19:27.544+0000] {logging_mixin.py:188} INFO - [2025-01-20T11:19:27.543+0000] {dag.py:3823} INFO - Setting next_dagrun for example_nested_branch_dag to 2025-01-19 00:00:00+00:00, run_after=2025-01-20 00:00:00+00:00
[2025-01-20T11:19:27.746+0000] {processor.py:183} INFO - Processing /home/airflow/.local/lib/python3.8/site-packages/airflow/example_dags/example_nested_branch_dag.py took 0.350 seconds
[2025-01-20T11:19:58.189+0000] {processor.py:161} INFO - Started process (PID=486) to work on /home/airflow/.local/lib/python3.8/site-packages/airflow/example_dags/example_nested_branch_dag.py
[2025-01-20T11:19:58.191+0000] {processor.py:830} INFO - Processing file /home/airflow/.local/lib/python3.8/site-packages/airflow/example_dags/example_nested_branch_dag.py for tasks to queue
[2025-01-20T11:19:58.194+0000] {logging_mixin.py:188} INFO - [2025-01-20T11:19:58.194+0000] {dagbag.py:538} INFO - Filling up the DagBag from /home/airflow/.local/lib/python3.8/site-packages/airflow/example_dags/example_nested_branch_dag.py
[2025-01-20T11:19:58.210+0000] {processor.py:840} INFO - DAG(s) 'example_nested_branch_dag' retrieved from /home/airflow/.local/lib/python3.8/site-packages/airflow/example_dags/example_nested_branch_dag.py
[2025-01-20T11:19:58.246+0000] {logging_mixin.py:188} INFO - [2025-01-20T11:19:58.246+0000] {dag.py:3036} INFO - Sync 1 DAGs
[2025-01-20T11:19:58.283+0000] {logging_mixin.py:188} INFO - [2025-01-20T11:19:58.283+0000] {dag.py:3823} INFO - Setting next_dagrun for example_nested_branch_dag to 2025-01-19 00:00:00+00:00, run_after=2025-01-20 00:00:00+00:00
[2025-01-20T11:19:58.314+0000] {processor.py:183} INFO - Processing /home/airflow/.local/lib/python3.8/site-packages/airflow/example_dags/example_nested_branch_dag.py took 0.130 seconds
[2025-01-20T11:20:28.679+0000] {processor.py:161} INFO - Started process (PID=541) to work on /home/airflow/.local/lib/python3.8/site-packages/airflow/example_dags/example_nested_branch_dag.py
[2025-01-20T11:20:28.681+0000] {processor.py:830} INFO - Processing file /home/airflow/.local/lib/python3.8/site-packages/airflow/example_dags/example_nested_branch_dag.py for tasks to queue
[2025-01-20T11:20:28.684+0000] {logging_mixin.py:188} INFO - [2025-01-20T11:20:28.684+0000] {dagbag.py:538} INFO - Filling up the DagBag from /home/airflow/.local/lib/python3.8/site-packages/airflow/example_dags/example_nested_branch_dag.py
[2025-01-20T11:20:28.700+0000] {processor.py:840} INFO - DAG(s) 'example_nested_branch_dag' retrieved from /home/airflow/.local/lib/python3.8/site-packages/airflow/example_dags/example_nested_branch_dag.py
[2025-01-20T11:20:28.736+0000] {logging_mixin.py:188} INFO - [2025-01-20T11:20:28.736+0000] {dag.py:3036} INFO - Sync 1 DAGs
[2025-01-20T11:20:28.773+0000] {logging_mixin.py:188} INFO - [2025-01-20T11:20:28.772+0000] {dag.py:3823} INFO - Setting next_dagrun for example_nested_branch_dag to 2025-01-19 00:00:00+00:00, run_after=2025-01-20 00:00:00+00:00
[2025-01-20T11:20:28.808+0000] {processor.py:183} INFO - Processing /home/airflow/.local/lib/python3.8/site-packages/airflow/example_dags/example_nested_branch_dag.py took 0.134 seconds
[2025-01-20T11:20:59.003+0000] {processor.py:161} INFO - Started process (PID=596) to work on /home/airflow/.local/lib/python3.8/site-packages/airflow/example_dags/example_nested_branch_dag.py
[2025-01-20T11:20:59.005+0000] {processor.py:830} INFO - Processing file /home/airflow/.local/lib/python3.8/site-packages/airflow/example_dags/example_nested_branch_dag.py for tasks to queue
[2025-01-20T11:20:59.008+0000] {logging_mixin.py:188} INFO - [2025-01-20T11:20:59.008+0000] {dagbag.py:538} INFO - Filling up the DagBag from /home/airflow/.local/lib/python3.8/site-packages/airflow/example_dags/example_nested_branch_dag.py
[2025-01-20T11:20:59.026+0000] {processor.py:840} INFO - DAG(s) 'example_nested_branch_dag' retrieved from /home/airflow/.local/lib/python3.8/site-packages/airflow/example_dags/example_nested_branch_dag.py
[2025-01-20T11:20:59.064+0000] {logging_mixin.py:188} INFO - [2025-01-20T11:20:59.064+0000] {dag.py:3036} INFO - Sync 1 DAGs
[2025-01-20T11:20:59.102+0000] {logging_mixin.py:188} INFO - [2025-01-20T11:20:59.101+0000] {dag.py:3823} INFO - Setting next_dagrun for example_nested_branch_dag to 2025-01-19 00:00:00+00:00, run_after=2025-01-20 00:00:00+00:00
[2025-01-20T11:20:59.134+0000] {processor.py:183} INFO - Processing /home/airflow/.local/lib/python3.8/site-packages/airflow/example_dags/example_nested_branch_dag.py took 0.136 seconds
[2025-01-20T11:21:29.464+0000] {processor.py:161} INFO - Started process (PID=651) to work on /home/airflow/.local/lib/python3.8/site-packages/airflow/example_dags/example_nested_branch_dag.py
[2025-01-20T11:21:29.467+0000] {processor.py:830} INFO - Processing file /home/airflow/.local/lib/python3.8/site-packages/airflow/example_dags/example_nested_branch_dag.py for tasks to queue
[2025-01-20T11:21:29.470+0000] {logging_mixin.py:188} INFO - [2025-01-20T11:21:29.469+0000] {dagbag.py:538} INFO - Filling up the DagBag from /home/airflow/.local/lib/python3.8/site-packages/airflow/example_dags/example_nested_branch_dag.py
[2025-01-20T11:21:29.489+0000] {processor.py:840} INFO - DAG(s) 'example_nested_branch_dag' retrieved from /home/airflow/.local/lib/python3.8/site-packages/airflow/example_dags/example_nested_branch_dag.py
[2025-01-20T11:21:29.525+0000] {logging_mixin.py:188} INFO - [2025-01-20T11:21:29.524+0000] {dag.py:3036} INFO - Sync 1 DAGs
[2025-01-20T11:21:29.563+0000] {logging_mixin.py:188} INFO - [2025-01-20T11:21:29.563+0000] {dag.py:3823} INFO - Setting next_dagrun for example_nested_branch_dag to 2025-01-19 00:00:00+00:00, run_after=2025-01-20 00:00:00+00:00
[2025-01-20T11:21:29.609+0000] {processor.py:183} INFO - Processing /home/airflow/.local/lib/python3.8/site-packages/airflow/example_dags/example_nested_branch_dag.py took 0.153 seconds
[2025-01-20T11:21:59.758+0000] {processor.py:161} INFO - Started process (PID=706) to work on /home/airflow/.local/lib/python3.8/site-packages/airflow/example_dags/example_nested_branch_dag.py
[2025-01-20T11:21:59.760+0000] {processor.py:830} INFO - Processing file /home/airflow/.local/lib/python3.8/site-packages/airflow/example_dags/example_nested_branch_dag.py for tasks to queue
[2025-01-20T11:21:59.762+0000] {logging_mixin.py:188} INFO - [2025-01-20T11:21:59.762+0000] {dagbag.py:538} INFO - Filling up the DagBag from /home/airflow/.local/lib/python3.8/site-packages/airflow/example_dags/example_nested_branch_dag.py
[2025-01-20T11:21:59.779+0000] {processor.py:840} INFO - DAG(s) 'example_nested_branch_dag' retrieved from /home/airflow/.local/lib/python3.8/site-packages/airflow/example_dags/example_nested_branch_dag.py
[2025-01-20T11:21:59.815+0000] {logging_mixin.py:188} INFO - [2025-01-20T11:21:59.815+0000] {dag.py:3036} INFO - Sync 1 DAGs
[2025-01-20T11:21:59.863+0000] {logging_mixin.py:188} INFO - [2025-01-20T11:21:59.862+0000] {dag.py:3823} INFO - Setting next_dagrun for example_nested_branch_dag to 2025-01-19 00:00:00+00:00, run_after=2025-01-20 00:00:00+00:00
[2025-01-20T11:21:59.903+0000] {processor.py:183} INFO - Processing /home/airflow/.local/lib/python3.8/site-packages/airflow/example_dags/example_nested_branch_dag.py took 0.150 seconds
[2025-01-20T11:22:30.834+0000] {processor.py:161} INFO - Started process (PID=761) to work on /home/airflow/.local/lib/python3.8/site-packages/airflow/example_dags/example_nested_branch_dag.py
[2025-01-20T11:22:30.836+0000] {processor.py:830} INFO - Processing file /home/airflow/.local/lib/python3.8/site-packages/airflow/example_dags/example_nested_branch_dag.py for tasks to queue
[2025-01-20T11:22:30.839+0000] {logging_mixin.py:188} INFO - [2025-01-20T11:22:30.839+0000] {dagbag.py:538} INFO - Filling up the DagBag from /home/airflow/.local/lib/python3.8/site-packages/airflow/example_dags/example_nested_branch_dag.py
[2025-01-20T11:22:30.860+0000] {processor.py:840} INFO - DAG(s) 'example_nested_branch_dag' retrieved from /home/airflow/.local/lib/python3.8/site-packages/airflow/example_dags/example_nested_branch_dag.py
[2025-01-20T11:22:30.975+0000] {logging_mixin.py:188} INFO - [2025-01-20T11:22:30.974+0000] {dag.py:3036} INFO - Sync 1 DAGs
[2025-01-20T11:22:31.074+0000] {logging_mixin.py:188} INFO - [2025-01-20T11:22:31.073+0000] {dag.py:3823} INFO - Setting next_dagrun for example_nested_branch_dag to 2025-01-19 00:00:00+00:00, run_after=2025-01-20 00:00:00+00:00
[2025-01-20T11:22:31.111+0000] {processor.py:183} INFO - Processing /home/airflow/.local/lib/python3.8/site-packages/airflow/example_dags/example_nested_branch_dag.py took 0.284 seconds
[2025-01-20T11:23:01.241+0000] {processor.py:161} INFO - Started process (PID=817) to work on /home/airflow/.local/lib/python3.8/site-packages/airflow/example_dags/example_nested_branch_dag.py
[2025-01-20T11:23:01.243+0000] {processor.py:830} INFO - Processing file /home/airflow/.local/lib/python3.8/site-packages/airflow/example_dags/example_nested_branch_dag.py for tasks to queue
[2025-01-20T11:23:01.246+0000] {logging_mixin.py:188} INFO - [2025-01-20T11:23:01.245+0000] {dagbag.py:538} INFO - Filling up the DagBag from /home/airflow/.local/lib/python3.8/site-packages/airflow/example_dags/example_nested_branch_dag.py
[2025-01-20T11:23:01.262+0000] {processor.py:840} INFO - DAG(s) 'example_nested_branch_dag' retrieved from /home/airflow/.local/lib/python3.8/site-packages/airflow/example_dags/example_nested_branch_dag.py
[2025-01-20T11:23:01.295+0000] {logging_mixin.py:188} INFO - [2025-01-20T11:23:01.294+0000] {dag.py:3036} INFO - Sync 1 DAGs
[2025-01-20T11:23:01.332+0000] {logging_mixin.py:188} INFO - [2025-01-20T11:23:01.331+0000] {dag.py:3823} INFO - Setting next_dagrun for example_nested_branch_dag to 2025-01-19 00:00:00+00:00, run_after=2025-01-20 00:00:00+00:00
[2025-01-20T11:23:01.365+0000] {processor.py:183} INFO - Processing /home/airflow/.local/lib/python3.8/site-packages/airflow/example_dags/example_nested_branch_dag.py took 0.130 seconds
[2025-01-20T11:23:31.899+0000] {processor.py:161} INFO - Started process (PID=872) to work on /home/airflow/.local/lib/python3.8/site-packages/airflow/example_dags/example_nested_branch_dag.py
[2025-01-20T11:23:31.901+0000] {processor.py:830} INFO - Processing file /home/airflow/.local/lib/python3.8/site-packages/airflow/example_dags/example_nested_branch_dag.py for tasks to queue
[2025-01-20T11:23:31.911+0000] {logging_mixin.py:188} INFO - [2025-01-20T11:23:31.907+0000] {dagbag.py:538} INFO - Filling up the DagBag from /home/airflow/.local/lib/python3.8/site-packages/airflow/example_dags/example_nested_branch_dag.py
[2025-01-20T11:23:31.954+0000] {processor.py:840} INFO - DAG(s) 'example_nested_branch_dag' retrieved from /home/airflow/.local/lib/python3.8/site-packages/airflow/example_dags/example_nested_branch_dag.py
[2025-01-20T11:23:32.025+0000] {logging_mixin.py:188} INFO - [2025-01-20T11:23:32.025+0000] {dag.py:3036} INFO - Sync 1 DAGs
[2025-01-20T11:23:32.132+0000] {logging_mixin.py:188} INFO - [2025-01-20T11:23:32.131+0000] {dag.py:3823} INFO - Setting next_dagrun for example_nested_branch_dag to 2025-01-19 00:00:00+00:00, run_after=2025-01-20 00:00:00+00:00
[2025-01-20T11:23:32.180+0000] {processor.py:183} INFO - Processing /home/airflow/.local/lib/python3.8/site-packages/airflow/example_dags/example_nested_branch_dag.py took 0.296 seconds
[2025-01-20T11:24:02.835+0000] {processor.py:161} INFO - Started process (PID=932) to work on /home/airflow/.local/lib/python3.8/site-packages/airflow/example_dags/example_nested_branch_dag.py
[2025-01-20T11:24:02.837+0000] {processor.py:830} INFO - Processing file /home/airflow/.local/lib/python3.8/site-packages/airflow/example_dags/example_nested_branch_dag.py for tasks to queue
[2025-01-20T11:24:02.840+0000] {logging_mixin.py:188} INFO - [2025-01-20T11:24:02.839+0000] {dagbag.py:538} INFO - Filling up the DagBag from /home/airflow/.local/lib/python3.8/site-packages/airflow/example_dags/example_nested_branch_dag.py
[2025-01-20T11:24:02.857+0000] {processor.py:840} INFO - DAG(s) 'example_nested_branch_dag' retrieved from /home/airflow/.local/lib/python3.8/site-packages/airflow/example_dags/example_nested_branch_dag.py
[2025-01-20T11:24:02.898+0000] {logging_mixin.py:188} INFO - [2025-01-20T11:24:02.897+0000] {dag.py:3036} INFO - Sync 1 DAGs
[2025-01-20T11:24:02.939+0000] {logging_mixin.py:188} INFO - [2025-01-20T11:24:02.939+0000] {dag.py:3823} INFO - Setting next_dagrun for example_nested_branch_dag to 2025-01-19 00:00:00+00:00, run_after=2025-01-20 00:00:00+00:00
[2025-01-20T11:24:02.998+0000] {processor.py:183} INFO - Processing /home/airflow/.local/lib/python3.8/site-packages/airflow/example_dags/example_nested_branch_dag.py took 0.169 seconds
[2025-01-20T11:24:33.462+0000] {processor.py:161} INFO - Started process (PID=987) to work on /home/airflow/.local/lib/python3.8/site-packages/airflow/example_dags/example_nested_branch_dag.py
[2025-01-20T11:24:33.464+0000] {processor.py:830} INFO - Processing file /home/airflow/.local/lib/python3.8/site-packages/airflow/example_dags/example_nested_branch_dag.py for tasks to queue
[2025-01-20T11:24:33.468+0000] {logging_mixin.py:188} INFO - [2025-01-20T11:24:33.467+0000] {dagbag.py:538} INFO - Filling up the DagBag from /home/airflow/.local/lib/python3.8/site-packages/airflow/example_dags/example_nested_branch_dag.py
[2025-01-20T11:24:33.487+0000] {processor.py:840} INFO - DAG(s) 'example_nested_branch_dag' retrieved from /home/airflow/.local/lib/python3.8/site-packages/airflow/example_dags/example_nested_branch_dag.py
[2025-01-20T11:24:33.536+0000] {logging_mixin.py:188} INFO - [2025-01-20T11:24:33.535+0000] {dag.py:3036} INFO - Sync 1 DAGs
[2025-01-20T11:24:33.656+0000] {logging_mixin.py:188} INFO - [2025-01-20T11:24:33.656+0000] {dag.py:3823} INFO - Setting next_dagrun for example_nested_branch_dag to 2025-01-19 00:00:00+00:00, run_after=2025-01-20 00:00:00+00:00
[2025-01-20T11:24:33.700+0000] {processor.py:183} INFO - Processing /home/airflow/.local/lib/python3.8/site-packages/airflow/example_dags/example_nested_branch_dag.py took 0.245 seconds
[2025-01-20T11:25:03.794+0000] {processor.py:161} INFO - Started process (PID=1042) to work on /home/airflow/.local/lib/python3.8/site-packages/airflow/example_dags/example_nested_branch_dag.py
[2025-01-20T11:25:03.797+0000] {processor.py:830} INFO - Processing file /home/airflow/.local/lib/python3.8/site-packages/airflow/example_dags/example_nested_branch_dag.py for tasks to queue
[2025-01-20T11:25:03.801+0000] {logging_mixin.py:188} INFO - [2025-01-20T11:25:03.800+0000] {dagbag.py:538} INFO - Filling up the DagBag from /home/airflow/.local/lib/python3.8/site-packages/airflow/example_dags/example_nested_branch_dag.py
[2025-01-20T11:25:03.821+0000] {processor.py:840} INFO - DAG(s) 'example_nested_branch_dag' retrieved from /home/airflow/.local/lib/python3.8/site-packages/airflow/example_dags/example_nested_branch_dag.py
[2025-01-20T11:25:03.857+0000] {logging_mixin.py:188} INFO - [2025-01-20T11:25:03.856+0000] {dag.py:3036} INFO - Sync 1 DAGs
[2025-01-20T11:25:03.897+0000] {logging_mixin.py:188} INFO - [2025-01-20T11:25:03.896+0000] {dag.py:3823} INFO - Setting next_dagrun for example_nested_branch_dag to 2025-01-19 00:00:00+00:00, run_after=2025-01-20 00:00:00+00:00
[2025-01-20T11:25:03.925+0000] {processor.py:183} INFO - Processing /home/airflow/.local/lib/python3.8/site-packages/airflow/example_dags/example_nested_branch_dag.py took 0.139 seconds
[2025-01-20T11:25:34.813+0000] {processor.py:161} INFO - Started process (PID=1097) to work on /home/airflow/.local/lib/python3.8/site-packages/airflow/example_dags/example_nested_branch_dag.py
[2025-01-20T11:25:34.817+0000] {processor.py:830} INFO - Processing file /home/airflow/.local/lib/python3.8/site-packages/airflow/example_dags/example_nested_branch_dag.py for tasks to queue
[2025-01-20T11:25:34.823+0000] {logging_mixin.py:188} INFO - [2025-01-20T11:25:34.822+0000] {dagbag.py:538} INFO - Filling up the DagBag from /home/airflow/.local/lib/python3.8/site-packages/airflow/example_dags/example_nested_branch_dag.py
[2025-01-20T11:25:34.875+0000] {processor.py:840} INFO - DAG(s) 'example_nested_branch_dag' retrieved from /home/airflow/.local/lib/python3.8/site-packages/airflow/example_dags/example_nested_branch_dag.py
[2025-01-20T11:25:34.930+0000] {logging_mixin.py:188} INFO - [2025-01-20T11:25:34.929+0000] {dag.py:3036} INFO - Sync 1 DAGs
[2025-01-20T11:25:34.983+0000] {logging_mixin.py:188} INFO - [2025-01-20T11:25:34.983+0000] {dag.py:3823} INFO - Setting next_dagrun for example_nested_branch_dag to 2025-01-19 00:00:00+00:00, run_after=2025-01-20 00:00:00+00:00
[2025-01-20T11:25:35.029+0000] {processor.py:183} INFO - Processing /home/airflow/.local/lib/python3.8/site-packages/airflow/example_dags/example_nested_branch_dag.py took 0.237 seconds
[2025-01-20T11:26:05.386+0000] {processor.py:161} INFO - Started process (PID=1152) to work on /home/airflow/.local/lib/python3.8/site-packages/airflow/example_dags/example_nested_branch_dag.py
[2025-01-20T11:26:05.389+0000] {processor.py:830} INFO - Processing file /home/airflow/.local/lib/python3.8/site-packages/airflow/example_dags/example_nested_branch_dag.py for tasks to queue
[2025-01-20T11:26:05.395+0000] {logging_mixin.py:188} INFO - [2025-01-20T11:26:05.394+0000] {dagbag.py:538} INFO - Filling up the DagBag from /home/airflow/.local/lib/python3.8/site-packages/airflow/example_dags/example_nested_branch_dag.py
[2025-01-20T11:26:05.419+0000] {processor.py:840} INFO - DAG(s) 'example_nested_branch_dag' retrieved from /home/airflow/.local/lib/python3.8/site-packages/airflow/example_dags/example_nested_branch_dag.py
[2025-01-20T11:26:05.466+0000] {logging_mixin.py:188} INFO - [2025-01-20T11:26:05.466+0000] {dag.py:3036} INFO - Sync 1 DAGs
[2025-01-20T11:26:05.514+0000] {logging_mixin.py:188} INFO - [2025-01-20T11:26:05.514+0000] {dag.py:3823} INFO - Setting next_dagrun for example_nested_branch_dag to 2025-01-19 00:00:00+00:00, run_after=2025-01-20 00:00:00+00:00
[2025-01-20T11:26:05.553+0000] {processor.py:183} INFO - Processing /home/airflow/.local/lib/python3.8/site-packages/airflow/example_dags/example_nested_branch_dag.py took 0.179 seconds
[2025-01-20T11:26:36.147+0000] {processor.py:161} INFO - Started process (PID=1207) to work on /home/airflow/.local/lib/python3.8/site-packages/airflow/example_dags/example_nested_branch_dag.py
[2025-01-20T11:26:36.149+0000] {processor.py:830} INFO - Processing file /home/airflow/.local/lib/python3.8/site-packages/airflow/example_dags/example_nested_branch_dag.py for tasks to queue
[2025-01-20T11:26:36.153+0000] {logging_mixin.py:188} INFO - [2025-01-20T11:26:36.152+0000] {dagbag.py:538} INFO - Filling up the DagBag from /home/airflow/.local/lib/python3.8/site-packages/airflow/example_dags/example_nested_branch_dag.py
[2025-01-20T11:26:36.174+0000] {processor.py:840} INFO - DAG(s) 'example_nested_branch_dag' retrieved from /home/airflow/.local/lib/python3.8/site-packages/airflow/example_dags/example_nested_branch_dag.py
[2025-01-20T11:26:36.222+0000] {logging_mixin.py:188} INFO - [2025-01-20T11:26:36.221+0000] {dag.py:3036} INFO - Sync 1 DAGs
[2025-01-20T11:26:36.273+0000] {logging_mixin.py:188} INFO - [2025-01-20T11:26:36.273+0000] {dag.py:3823} INFO - Setting next_dagrun for example_nested_branch_dag to 2025-01-19 00:00:00+00:00, run_after=2025-01-20 00:00:00+00:00
[2025-01-20T11:26:36.312+0000] {processor.py:183} INFO - Processing /home/airflow/.local/lib/python3.8/site-packages/airflow/example_dags/example_nested_branch_dag.py took 0.171 seconds
[2025-01-20T11:27:07.434+0000] {processor.py:161} INFO - Started process (PID=1262) to work on /home/airflow/.local/lib/python3.8/site-packages/airflow/example_dags/example_nested_branch_dag.py
[2025-01-20T11:27:07.436+0000] {processor.py:830} INFO - Processing file /home/airflow/.local/lib/python3.8/site-packages/airflow/example_dags/example_nested_branch_dag.py for tasks to queue
[2025-01-20T11:27:07.441+0000] {logging_mixin.py:188} INFO - [2025-01-20T11:27:07.440+0000] {dagbag.py:538} INFO - Filling up the DagBag from /home/airflow/.local/lib/python3.8/site-packages/airflow/example_dags/example_nested_branch_dag.py
[2025-01-20T11:27:07.466+0000] {processor.py:840} INFO - DAG(s) 'example_nested_branch_dag' retrieved from /home/airflow/.local/lib/python3.8/site-packages/airflow/example_dags/example_nested_branch_dag.py
[2025-01-20T11:27:07.516+0000] {logging_mixin.py:188} INFO - [2025-01-20T11:27:07.516+0000] {dag.py:3036} INFO - Sync 1 DAGs
[2025-01-20T11:27:07.586+0000] {logging_mixin.py:188} INFO - [2025-01-20T11:27:07.586+0000] {dag.py:3823} INFO - Setting next_dagrun for example_nested_branch_dag to 2025-01-19 00:00:00+00:00, run_after=2025-01-20 00:00:00+00:00
[2025-01-20T11:27:07.657+0000] {processor.py:183} INFO - Processing /home/airflow/.local/lib/python3.8/site-packages/airflow/example_dags/example_nested_branch_dag.py took 0.230 seconds
[2025-01-20T11:27:37.732+0000] {processor.py:161} INFO - Started process (PID=1317) to work on /home/airflow/.local/lib/python3.8/site-packages/airflow/example_dags/example_nested_branch_dag.py
[2025-01-20T11:27:37.734+0000] {processor.py:830} INFO - Processing file /home/airflow/.local/lib/python3.8/site-packages/airflow/example_dags/example_nested_branch_dag.py for tasks to queue
[2025-01-20T11:27:37.737+0000] {logging_mixin.py:188} INFO - [2025-01-20T11:27:37.736+0000] {dagbag.py:538} INFO - Filling up the DagBag from /home/airflow/.local/lib/python3.8/site-packages/airflow/example_dags/example_nested_branch_dag.py
[2025-01-20T11:27:37.757+0000] {processor.py:840} INFO - DAG(s) 'example_nested_branch_dag' retrieved from /home/airflow/.local/lib/python3.8/site-packages/airflow/example_dags/example_nested_branch_dag.py
[2025-01-20T11:27:37.797+0000] {logging_mixin.py:188} INFO - [2025-01-20T11:27:37.796+0000] {dag.py:3036} INFO - Sync 1 DAGs
[2025-01-20T11:27:37.839+0000] {logging_mixin.py:188} INFO - [2025-01-20T11:27:37.839+0000] {dag.py:3823} INFO - Setting next_dagrun for example_nested_branch_dag to 2025-01-19 00:00:00+00:00, run_after=2025-01-20 00:00:00+00:00
[2025-01-20T11:27:37.875+0000] {processor.py:183} INFO - Processing /home/airflow/.local/lib/python3.8/site-packages/airflow/example_dags/example_nested_branch_dag.py took 0.150 seconds
[2025-01-20T11:28:07.961+0000] {processor.py:161} INFO - Started process (PID=1371) to work on /home/airflow/.local/lib/python3.8/site-packages/airflow/example_dags/example_nested_branch_dag.py
[2025-01-20T11:28:07.963+0000] {processor.py:830} INFO - Processing file /home/airflow/.local/lib/python3.8/site-packages/airflow/example_dags/example_nested_branch_dag.py for tasks to queue
[2025-01-20T11:28:07.966+0000] {logging_mixin.py:188} INFO - [2025-01-20T11:28:07.965+0000] {dagbag.py:538} INFO - Filling up the DagBag from /home/airflow/.local/lib/python3.8/site-packages/airflow/example_dags/example_nested_branch_dag.py
[2025-01-20T11:28:07.981+0000] {processor.py:840} INFO - DAG(s) 'example_nested_branch_dag' retrieved from /home/airflow/.local/lib/python3.8/site-packages/airflow/example_dags/example_nested_branch_dag.py
[2025-01-20T11:28:08.015+0000] {logging_mixin.py:188} INFO - [2025-01-20T11:28:08.015+0000] {dag.py:3036} INFO - Sync 1 DAGs
[2025-01-20T11:28:08.051+0000] {logging_mixin.py:188} INFO - [2025-01-20T11:28:08.050+0000] {dag.py:3823} INFO - Setting next_dagrun for example_nested_branch_dag to 2025-01-19 00:00:00+00:00, run_after=2025-01-20 00:00:00+00:00
[2025-01-20T11:28:08.078+0000] {processor.py:183} INFO - Processing /home/airflow/.local/lib/python3.8/site-packages/airflow/example_dags/example_nested_branch_dag.py took 0.122 seconds
[2025-01-20T11:28:38.136+0000] {processor.py:161} INFO - Started process (PID=1426) to work on /home/airflow/.local/lib/python3.8/site-packages/airflow/example_dags/example_nested_branch_dag.py
[2025-01-20T11:28:38.138+0000] {processor.py:830} INFO - Processing file /home/airflow/.local/lib/python3.8/site-packages/airflow/example_dags/example_nested_branch_dag.py for tasks to queue
[2025-01-20T11:28:38.141+0000] {logging_mixin.py:188} INFO - [2025-01-20T11:28:38.141+0000] {dagbag.py:538} INFO - Filling up the DagBag from /home/airflow/.local/lib/python3.8/site-packages/airflow/example_dags/example_nested_branch_dag.py
[2025-01-20T11:28:38.157+0000] {processor.py:840} INFO - DAG(s) 'example_nested_branch_dag' retrieved from /home/airflow/.local/lib/python3.8/site-packages/airflow/example_dags/example_nested_branch_dag.py
[2025-01-20T11:28:38.194+0000] {logging_mixin.py:188} INFO - [2025-01-20T11:28:38.194+0000] {dag.py:3036} INFO - Sync 1 DAGs
[2025-01-20T11:28:38.231+0000] {logging_mixin.py:188} INFO - [2025-01-20T11:28:38.230+0000] {dag.py:3823} INFO - Setting next_dagrun for example_nested_branch_dag to 2025-01-19 00:00:00+00:00, run_after=2025-01-20 00:00:00+00:00
[2025-01-20T11:28:38.271+0000] {processor.py:183} INFO - Processing /home/airflow/.local/lib/python3.8/site-packages/airflow/example_dags/example_nested_branch_dag.py took 0.140 seconds
[2025-01-20T11:29:09.199+0000] {processor.py:161} INFO - Started process (PID=1482) to work on /home/airflow/.local/lib/python3.8/site-packages/airflow/example_dags/example_nested_branch_dag.py
[2025-01-20T11:29:09.201+0000] {processor.py:830} INFO - Processing file /home/airflow/.local/lib/python3.8/site-packages/airflow/example_dags/example_nested_branch_dag.py for tasks to queue
[2025-01-20T11:29:09.204+0000] {logging_mixin.py:188} INFO - [2025-01-20T11:29:09.204+0000] {dagbag.py:538} INFO - Filling up the DagBag from /home/airflow/.local/lib/python3.8/site-packages/airflow/example_dags/example_nested_branch_dag.py
[2025-01-20T11:29:09.225+0000] {processor.py:840} INFO - DAG(s) 'example_nested_branch_dag' retrieved from /home/airflow/.local/lib/python3.8/site-packages/airflow/example_dags/example_nested_branch_dag.py
[2025-01-20T11:29:09.266+0000] {logging_mixin.py:188} INFO - [2025-01-20T11:29:09.266+0000] {dag.py:3036} INFO - Sync 1 DAGs
[2025-01-20T11:29:09.309+0000] {logging_mixin.py:188} INFO - [2025-01-20T11:29:09.309+0000] {dag.py:3823} INFO - Setting next_dagrun for example_nested_branch_dag to 2025-01-19 00:00:00+00:00, run_after=2025-01-20 00:00:00+00:00
[2025-01-20T11:29:09.341+0000] {processor.py:183} INFO - Processing /home/airflow/.local/lib/python3.8/site-packages/airflow/example_dags/example_nested_branch_dag.py took 0.149 seconds
[2025-01-20T11:29:39.979+0000] {processor.py:161} INFO - Started process (PID=1538) to work on /home/airflow/.local/lib/python3.8/site-packages/airflow/example_dags/example_nested_branch_dag.py
[2025-01-20T11:29:39.981+0000] {processor.py:830} INFO - Processing file /home/airflow/.local/lib/python3.8/site-packages/airflow/example_dags/example_nested_branch_dag.py for tasks to queue
[2025-01-20T11:29:39.984+0000] {logging_mixin.py:188} INFO - [2025-01-20T11:29:39.984+0000] {dagbag.py:538} INFO - Filling up the DagBag from /home/airflow/.local/lib/python3.8/site-packages/airflow/example_dags/example_nested_branch_dag.py
[2025-01-20T11:29:40.003+0000] {processor.py:840} INFO - DAG(s) 'example_nested_branch_dag' retrieved from /home/airflow/.local/lib/python3.8/site-packages/airflow/example_dags/example_nested_branch_dag.py
[2025-01-20T11:29:40.046+0000] {logging_mixin.py:188} INFO - [2025-01-20T11:29:40.046+0000] {dag.py:3036} INFO - Sync 1 DAGs
[2025-01-20T11:29:40.087+0000] {logging_mixin.py:188} INFO - [2025-01-20T11:29:40.086+0000] {dag.py:3823} INFO - Setting next_dagrun for example_nested_branch_dag to 2025-01-19 00:00:00+00:00, run_after=2025-01-20 00:00:00+00:00
[2025-01-20T11:29:40.117+0000] {processor.py:183} INFO - Processing /home/airflow/.local/lib/python3.8/site-packages/airflow/example_dags/example_nested_branch_dag.py took 0.145 seconds
[2025-01-20T11:30:11.457+0000] {processor.py:161} INFO - Started process (PID=1592) to work on /home/airflow/.local/lib/python3.8/site-packages/airflow/example_dags/example_nested_branch_dag.py
[2025-01-20T11:30:11.459+0000] {processor.py:830} INFO - Processing file /home/airflow/.local/lib/python3.8/site-packages/airflow/example_dags/example_nested_branch_dag.py for tasks to queue
[2025-01-20T11:30:11.463+0000] {logging_mixin.py:188} INFO - [2025-01-20T11:30:11.462+0000] {dagbag.py:538} INFO - Filling up the DagBag from /home/airflow/.local/lib/python3.8/site-packages/airflow/example_dags/example_nested_branch_dag.py
[2025-01-20T11:30:11.485+0000] {processor.py:840} INFO - DAG(s) 'example_nested_branch_dag' retrieved from /home/airflow/.local/lib/python3.8/site-packages/airflow/example_dags/example_nested_branch_dag.py
[2025-01-20T11:30:11.532+0000] {logging_mixin.py:188} INFO - [2025-01-20T11:30:11.531+0000] {dag.py:3036} INFO - Sync 1 DAGs
[2025-01-20T11:30:11.587+0000] {logging_mixin.py:188} INFO - [2025-01-20T11:30:11.586+0000] {dag.py:3823} INFO - Setting next_dagrun for example_nested_branch_dag to 2025-01-19 00:00:00+00:00, run_after=2025-01-20 00:00:00+00:00
[2025-01-20T11:30:11.642+0000] {processor.py:183} INFO - Processing /home/airflow/.local/lib/python3.8/site-packages/airflow/example_dags/example_nested_branch_dag.py took 0.193 seconds
