[2025-01-20T11:16:26.159+0000] {processor.py:161} INFO - Started process (PID=109) to work on /home/airflow/.local/lib/python3.8/site-packages/airflow/example_dags/example_sla_dag.py
[2025-01-20T11:16:26.161+0000] {processor.py:830} INFO - Processing file /home/airflow/.local/lib/python3.8/site-packages/airflow/example_dags/example_sla_dag.py for tasks to queue
[2025-01-20T11:16:26.164+0000] {logging_mixin.py:188} INFO - [2025-01-20T11:16:26.164+0000] {dagbag.py:538} INFO - Filling up the DagBag from /home/airflow/.local/lib/python3.8/site-packages/airflow/example_dags/example_sla_dag.py
[2025-01-20T11:16:26.185+0000] {processor.py:840} INFO - DAG(s) 'example_sla_dag' retrieved from /home/airflow/.local/lib/python3.8/site-packages/airflow/example_dags/example_sla_dag.py
[2025-01-20T11:16:26.407+0000] {logging_mixin.py:188} INFO - [2025-01-20T11:16:26.407+0000] {dag.py:3036} INFO - Sync 1 DAGs
[2025-01-20T11:16:26.464+0000] {logging_mixin.py:188} INFO - [2025-01-20T11:16:26.464+0000] {dag.py:3823} INFO - Setting next_dagrun for example_sla_dag to 2025-01-20 11:14:00+00:00, run_after=2025-01-20 11:16:00+00:00
[2025-01-20T11:16:26.508+0000] {processor.py:183} INFO - Processing /home/airflow/.local/lib/python3.8/site-packages/airflow/example_dags/example_sla_dag.py took 0.355 seconds
[2025-01-20T11:16:56.921+0000] {processor.py:161} INFO - Started process (PID=164) to work on /home/airflow/.local/lib/python3.8/site-packages/airflow/example_dags/example_sla_dag.py
[2025-01-20T11:16:56.923+0000] {processor.py:830} INFO - Processing file /home/airflow/.local/lib/python3.8/site-packages/airflow/example_dags/example_sla_dag.py for tasks to queue
[2025-01-20T11:16:56.927+0000] {logging_mixin.py:188} INFO - [2025-01-20T11:16:56.927+0000] {dagbag.py:538} INFO - Filling up the DagBag from /home/airflow/.local/lib/python3.8/site-packages/airflow/example_dags/example_sla_dag.py
[2025-01-20T11:16:56.945+0000] {processor.py:840} INFO - DAG(s) 'example_sla_dag' retrieved from /home/airflow/.local/lib/python3.8/site-packages/airflow/example_dags/example_sla_dag.py
[2025-01-20T11:16:56.977+0000] {logging_mixin.py:188} INFO - [2025-01-20T11:16:56.977+0000] {dag.py:3036} INFO - Sync 1 DAGs
[2025-01-20T11:16:57.018+0000] {logging_mixin.py:188} INFO - [2025-01-20T11:16:57.017+0000] {dag.py:3823} INFO - Setting next_dagrun for example_sla_dag to 2025-01-20 11:14:00+00:00, run_after=2025-01-20 11:16:00+00:00
[2025-01-20T11:16:57.048+0000] {processor.py:183} INFO - Processing /home/airflow/.local/lib/python3.8/site-packages/airflow/example_dags/example_sla_dag.py took 0.132 seconds
[2025-01-20T11:17:27.400+0000] {processor.py:161} INFO - Started process (PID=219) to work on /home/airflow/.local/lib/python3.8/site-packages/airflow/example_dags/example_sla_dag.py
[2025-01-20T11:17:27.401+0000] {processor.py:830} INFO - Processing file /home/airflow/.local/lib/python3.8/site-packages/airflow/example_dags/example_sla_dag.py for tasks to queue
[2025-01-20T11:17:27.404+0000] {logging_mixin.py:188} INFO - [2025-01-20T11:17:27.404+0000] {dagbag.py:538} INFO - Filling up the DagBag from /home/airflow/.local/lib/python3.8/site-packages/airflow/example_dags/example_sla_dag.py
[2025-01-20T11:17:27.419+0000] {processor.py:840} INFO - DAG(s) 'example_sla_dag' retrieved from /home/airflow/.local/lib/python3.8/site-packages/airflow/example_dags/example_sla_dag.py
[2025-01-20T11:17:27.452+0000] {logging_mixin.py:188} INFO - [2025-01-20T11:17:27.452+0000] {dag.py:3036} INFO - Sync 1 DAGs
[2025-01-20T11:17:27.498+0000] {logging_mixin.py:188} INFO - [2025-01-20T11:17:27.498+0000] {dag.py:3823} INFO - Setting next_dagrun for example_sla_dag to 2025-01-20 11:14:00+00:00, run_after=2025-01-20 11:16:00+00:00
[2025-01-20T11:17:27.530+0000] {processor.py:183} INFO - Processing /home/airflow/.local/lib/python3.8/site-packages/airflow/example_dags/example_sla_dag.py took 0.136 seconds
[2025-01-20T11:17:58.190+0000] {processor.py:161} INFO - Started process (PID=274) to work on /home/airflow/.local/lib/python3.8/site-packages/airflow/example_dags/example_sla_dag.py
[2025-01-20T11:17:58.192+0000] {processor.py:830} INFO - Processing file /home/airflow/.local/lib/python3.8/site-packages/airflow/example_dags/example_sla_dag.py for tasks to queue
[2025-01-20T11:17:58.197+0000] {logging_mixin.py:188} INFO - [2025-01-20T11:17:58.196+0000] {dagbag.py:538} INFO - Filling up the DagBag from /home/airflow/.local/lib/python3.8/site-packages/airflow/example_dags/example_sla_dag.py
[2025-01-20T11:17:58.217+0000] {processor.py:840} INFO - DAG(s) 'example_sla_dag' retrieved from /home/airflow/.local/lib/python3.8/site-packages/airflow/example_dags/example_sla_dag.py
[2025-01-20T11:17:58.262+0000] {logging_mixin.py:188} INFO - [2025-01-20T11:17:58.261+0000] {dag.py:3036} INFO - Sync 1 DAGs
[2025-01-20T11:17:58.325+0000] {logging_mixin.py:188} INFO - [2025-01-20T11:17:58.325+0000] {dag.py:3823} INFO - Setting next_dagrun for example_sla_dag to 2025-01-20 11:14:00+00:00, run_after=2025-01-20 11:16:00+00:00
[2025-01-20T11:17:58.366+0000] {processor.py:183} INFO - Processing /home/airflow/.local/lib/python3.8/site-packages/airflow/example_dags/example_sla_dag.py took 0.184 seconds
[2025-01-20T11:18:28.700+0000] {processor.py:161} INFO - Started process (PID=329) to work on /home/airflow/.local/lib/python3.8/site-packages/airflow/example_dags/example_sla_dag.py
[2025-01-20T11:18:28.701+0000] {processor.py:830} INFO - Processing file /home/airflow/.local/lib/python3.8/site-packages/airflow/example_dags/example_sla_dag.py for tasks to queue
[2025-01-20T11:18:28.704+0000] {logging_mixin.py:188} INFO - [2025-01-20T11:18:28.704+0000] {dagbag.py:538} INFO - Filling up the DagBag from /home/airflow/.local/lib/python3.8/site-packages/airflow/example_dags/example_sla_dag.py
[2025-01-20T11:18:28.718+0000] {processor.py:840} INFO - DAG(s) 'example_sla_dag' retrieved from /home/airflow/.local/lib/python3.8/site-packages/airflow/example_dags/example_sla_dag.py
[2025-01-20T11:18:28.748+0000] {logging_mixin.py:188} INFO - [2025-01-20T11:18:28.747+0000] {dag.py:3036} INFO - Sync 1 DAGs
[2025-01-20T11:18:28.786+0000] {logging_mixin.py:188} INFO - [2025-01-20T11:18:28.785+0000] {dag.py:3823} INFO - Setting next_dagrun for example_sla_dag to 2025-01-20 11:16:00+00:00, run_after=2025-01-20 11:18:00+00:00
[2025-01-20T11:18:28.905+0000] {processor.py:183} INFO - Processing /home/airflow/.local/lib/python3.8/site-packages/airflow/example_dags/example_sla_dag.py took 0.210 seconds
[2025-01-20T11:18:59.334+0000] {processor.py:161} INFO - Started process (PID=384) to work on /home/airflow/.local/lib/python3.8/site-packages/airflow/example_dags/example_sla_dag.py
[2025-01-20T11:18:59.335+0000] {processor.py:830} INFO - Processing file /home/airflow/.local/lib/python3.8/site-packages/airflow/example_dags/example_sla_dag.py for tasks to queue
[2025-01-20T11:18:59.338+0000] {logging_mixin.py:188} INFO - [2025-01-20T11:18:59.338+0000] {dagbag.py:538} INFO - Filling up the DagBag from /home/airflow/.local/lib/python3.8/site-packages/airflow/example_dags/example_sla_dag.py
[2025-01-20T11:18:59.352+0000] {processor.py:840} INFO - DAG(s) 'example_sla_dag' retrieved from /home/airflow/.local/lib/python3.8/site-packages/airflow/example_dags/example_sla_dag.py
[2025-01-20T11:18:59.386+0000] {logging_mixin.py:188} INFO - [2025-01-20T11:18:59.386+0000] {dag.py:3036} INFO - Sync 1 DAGs
[2025-01-20T11:18:59.430+0000] {logging_mixin.py:188} INFO - [2025-01-20T11:18:59.430+0000] {dag.py:3823} INFO - Setting next_dagrun for example_sla_dag to 2025-01-20 11:16:00+00:00, run_after=2025-01-20 11:18:00+00:00
[2025-01-20T11:18:59.459+0000] {processor.py:183} INFO - Processing /home/airflow/.local/lib/python3.8/site-packages/airflow/example_dags/example_sla_dag.py took 0.131 seconds
[2025-01-20T11:19:29.844+0000] {processor.py:161} INFO - Started process (PID=440) to work on /home/airflow/.local/lib/python3.8/site-packages/airflow/example_dags/example_sla_dag.py
[2025-01-20T11:19:29.846+0000] {processor.py:830} INFO - Processing file /home/airflow/.local/lib/python3.8/site-packages/airflow/example_dags/example_sla_dag.py for tasks to queue
[2025-01-20T11:19:29.850+0000] {logging_mixin.py:188} INFO - [2025-01-20T11:19:29.850+0000] {dagbag.py:538} INFO - Filling up the DagBag from /home/airflow/.local/lib/python3.8/site-packages/airflow/example_dags/example_sla_dag.py
[2025-01-20T11:19:29.868+0000] {processor.py:840} INFO - DAG(s) 'example_sla_dag' retrieved from /home/airflow/.local/lib/python3.8/site-packages/airflow/example_dags/example_sla_dag.py
[2025-01-20T11:19:29.919+0000] {logging_mixin.py:188} INFO - [2025-01-20T11:19:29.919+0000] {dag.py:3036} INFO - Sync 1 DAGs
[2025-01-20T11:19:29.974+0000] {logging_mixin.py:188} INFO - [2025-01-20T11:19:29.973+0000] {dag.py:3823} INFO - Setting next_dagrun for example_sla_dag to 2025-01-20 11:16:00+00:00, run_after=2025-01-20 11:18:00+00:00
[2025-01-20T11:19:30.010+0000] {processor.py:183} INFO - Processing /home/airflow/.local/lib/python3.8/site-packages/airflow/example_dags/example_sla_dag.py took 0.175 seconds
[2025-01-20T11:20:00.982+0000] {processor.py:161} INFO - Started process (PID=495) to work on /home/airflow/.local/lib/python3.8/site-packages/airflow/example_dags/example_sla_dag.py
[2025-01-20T11:20:00.985+0000] {processor.py:830} INFO - Processing file /home/airflow/.local/lib/python3.8/site-packages/airflow/example_dags/example_sla_dag.py for tasks to queue
[2025-01-20T11:20:00.989+0000] {logging_mixin.py:188} INFO - [2025-01-20T11:20:00.988+0000] {dagbag.py:538} INFO - Filling up the DagBag from /home/airflow/.local/lib/python3.8/site-packages/airflow/example_dags/example_sla_dag.py
[2025-01-20T11:20:01.008+0000] {processor.py:840} INFO - DAG(s) 'example_sla_dag' retrieved from /home/airflow/.local/lib/python3.8/site-packages/airflow/example_dags/example_sla_dag.py
[2025-01-20T11:20:01.061+0000] {logging_mixin.py:188} INFO - [2025-01-20T11:20:01.060+0000] {dag.py:3036} INFO - Sync 1 DAGs
[2025-01-20T11:20:01.120+0000] {logging_mixin.py:188} INFO - [2025-01-20T11:20:01.119+0000] {dag.py:3823} INFO - Setting next_dagrun for example_sla_dag to 2025-01-20 11:18:00+00:00, run_after=2025-01-20 11:20:00+00:00
[2025-01-20T11:20:01.170+0000] {processor.py:183} INFO - Processing /home/airflow/.local/lib/python3.8/site-packages/airflow/example_dags/example_sla_dag.py took 0.195 seconds
[2025-01-20T11:20:31.367+0000] {processor.py:161} INFO - Started process (PID=555) to work on /home/airflow/.local/lib/python3.8/site-packages/airflow/example_dags/example_sla_dag.py
[2025-01-20T11:20:31.370+0000] {processor.py:830} INFO - Processing file /home/airflow/.local/lib/python3.8/site-packages/airflow/example_dags/example_sla_dag.py for tasks to queue
[2025-01-20T11:20:31.374+0000] {logging_mixin.py:188} INFO - [2025-01-20T11:20:31.374+0000] {dagbag.py:538} INFO - Filling up the DagBag from /home/airflow/.local/lib/python3.8/site-packages/airflow/example_dags/example_sla_dag.py
[2025-01-20T11:20:31.406+0000] {processor.py:840} INFO - DAG(s) 'example_sla_dag' retrieved from /home/airflow/.local/lib/python3.8/site-packages/airflow/example_dags/example_sla_dag.py
[2025-01-20T11:20:31.491+0000] {logging_mixin.py:188} INFO - [2025-01-20T11:20:31.490+0000] {dag.py:3036} INFO - Sync 1 DAGs
[2025-01-20T11:20:31.616+0000] {logging_mixin.py:188} INFO - [2025-01-20T11:20:31.616+0000] {dag.py:3823} INFO - Setting next_dagrun for example_sla_dag to 2025-01-20 11:18:00+00:00, run_after=2025-01-20 11:20:00+00:00
[2025-01-20T11:20:31.695+0000] {processor.py:183} INFO - Processing /home/airflow/.local/lib/python3.8/site-packages/airflow/example_dags/example_sla_dag.py took 0.338 seconds
[2025-01-20T11:21:01.828+0000] {processor.py:161} INFO - Started process (PID=610) to work on /home/airflow/.local/lib/python3.8/site-packages/airflow/example_dags/example_sla_dag.py
[2025-01-20T11:21:01.830+0000] {processor.py:830} INFO - Processing file /home/airflow/.local/lib/python3.8/site-packages/airflow/example_dags/example_sla_dag.py for tasks to queue
[2025-01-20T11:21:01.837+0000] {logging_mixin.py:188} INFO - [2025-01-20T11:21:01.836+0000] {dagbag.py:538} INFO - Filling up the DagBag from /home/airflow/.local/lib/python3.8/site-packages/airflow/example_dags/example_sla_dag.py
[2025-01-20T11:21:01.868+0000] {processor.py:840} INFO - DAG(s) 'example_sla_dag' retrieved from /home/airflow/.local/lib/python3.8/site-packages/airflow/example_dags/example_sla_dag.py
[2025-01-20T11:21:01.936+0000] {logging_mixin.py:188} INFO - [2025-01-20T11:21:01.935+0000] {dag.py:3036} INFO - Sync 1 DAGs
[2025-01-20T11:21:01.987+0000] {logging_mixin.py:188} INFO - [2025-01-20T11:21:01.987+0000] {dag.py:3823} INFO - Setting next_dagrun for example_sla_dag to 2025-01-20 11:18:00+00:00, run_after=2025-01-20 11:20:00+00:00
[2025-01-20T11:21:02.027+0000] {processor.py:183} INFO - Processing /home/airflow/.local/lib/python3.8/site-packages/airflow/example_dags/example_sla_dag.py took 0.210 seconds
[2025-01-20T11:21:32.295+0000] {processor.py:161} INFO - Started process (PID=665) to work on /home/airflow/.local/lib/python3.8/site-packages/airflow/example_dags/example_sla_dag.py
[2025-01-20T11:21:32.297+0000] {processor.py:830} INFO - Processing file /home/airflow/.local/lib/python3.8/site-packages/airflow/example_dags/example_sla_dag.py for tasks to queue
[2025-01-20T11:21:32.306+0000] {logging_mixin.py:188} INFO - [2025-01-20T11:21:32.305+0000] {dagbag.py:538} INFO - Filling up the DagBag from /home/airflow/.local/lib/python3.8/site-packages/airflow/example_dags/example_sla_dag.py
[2025-01-20T11:21:32.324+0000] {processor.py:840} INFO - DAG(s) 'example_sla_dag' retrieved from /home/airflow/.local/lib/python3.8/site-packages/airflow/example_dags/example_sla_dag.py
[2025-01-20T11:21:32.362+0000] {logging_mixin.py:188} INFO - [2025-01-20T11:21:32.361+0000] {dag.py:3036} INFO - Sync 1 DAGs
[2025-01-20T11:21:32.409+0000] {logging_mixin.py:188} INFO - [2025-01-20T11:21:32.408+0000] {dag.py:3823} INFO - Setting next_dagrun for example_sla_dag to 2025-01-20 11:18:00+00:00, run_after=2025-01-20 11:20:00+00:00
[2025-01-20T11:21:32.463+0000] {processor.py:183} INFO - Processing /home/airflow/.local/lib/python3.8/site-packages/airflow/example_dags/example_sla_dag.py took 0.174 seconds
[2025-01-20T11:22:03.498+0000] {processor.py:161} INFO - Started process (PID=720) to work on /home/airflow/.local/lib/python3.8/site-packages/airflow/example_dags/example_sla_dag.py
[2025-01-20T11:22:03.504+0000] {processor.py:830} INFO - Processing file /home/airflow/.local/lib/python3.8/site-packages/airflow/example_dags/example_sla_dag.py for tasks to queue
[2025-01-20T11:22:03.512+0000] {logging_mixin.py:188} INFO - [2025-01-20T11:22:03.511+0000] {dagbag.py:538} INFO - Filling up the DagBag from /home/airflow/.local/lib/python3.8/site-packages/airflow/example_dags/example_sla_dag.py
[2025-01-20T11:22:03.531+0000] {processor.py:840} INFO - DAG(s) 'example_sla_dag' retrieved from /home/airflow/.local/lib/python3.8/site-packages/airflow/example_dags/example_sla_dag.py
[2025-01-20T11:22:03.561+0000] {logging_mixin.py:188} INFO - [2025-01-20T11:22:03.561+0000] {dag.py:3036} INFO - Sync 1 DAGs
[2025-01-20T11:22:03.600+0000] {logging_mixin.py:188} INFO - [2025-01-20T11:22:03.599+0000] {dag.py:3823} INFO - Setting next_dagrun for example_sla_dag to 2025-01-20 11:20:00+00:00, run_after=2025-01-20 11:22:00+00:00
[2025-01-20T11:22:03.630+0000] {processor.py:183} INFO - Processing /home/airflow/.local/lib/python3.8/site-packages/airflow/example_dags/example_sla_dag.py took 0.140 seconds
[2025-01-20T11:22:34.208+0000] {processor.py:161} INFO - Started process (PID=776) to work on /home/airflow/.local/lib/python3.8/site-packages/airflow/example_dags/example_sla_dag.py
[2025-01-20T11:22:34.210+0000] {processor.py:830} INFO - Processing file /home/airflow/.local/lib/python3.8/site-packages/airflow/example_dags/example_sla_dag.py for tasks to queue
[2025-01-20T11:22:34.214+0000] {logging_mixin.py:188} INFO - [2025-01-20T11:22:34.213+0000] {dagbag.py:538} INFO - Filling up the DagBag from /home/airflow/.local/lib/python3.8/site-packages/airflow/example_dags/example_sla_dag.py
[2025-01-20T11:22:34.231+0000] {processor.py:840} INFO - DAG(s) 'example_sla_dag' retrieved from /home/airflow/.local/lib/python3.8/site-packages/airflow/example_dags/example_sla_dag.py
[2025-01-20T11:22:34.306+0000] {logging_mixin.py:188} INFO - [2025-01-20T11:22:34.305+0000] {dag.py:3036} INFO - Sync 1 DAGs
[2025-01-20T11:22:34.372+0000] {logging_mixin.py:188} INFO - [2025-01-20T11:22:34.371+0000] {dag.py:3823} INFO - Setting next_dagrun for example_sla_dag to 2025-01-20 11:20:00+00:00, run_after=2025-01-20 11:22:00+00:00
[2025-01-20T11:22:34.425+0000] {processor.py:183} INFO - Processing /home/airflow/.local/lib/python3.8/site-packages/airflow/example_dags/example_sla_dag.py took 0.224 seconds
[2025-01-20T11:23:04.865+0000] {processor.py:161} INFO - Started process (PID=831) to work on /home/airflow/.local/lib/python3.8/site-packages/airflow/example_dags/example_sla_dag.py
[2025-01-20T11:23:04.868+0000] {processor.py:830} INFO - Processing file /home/airflow/.local/lib/python3.8/site-packages/airflow/example_dags/example_sla_dag.py for tasks to queue
[2025-01-20T11:23:04.892+0000] {logging_mixin.py:188} INFO - [2025-01-20T11:23:04.891+0000] {dagbag.py:538} INFO - Filling up the DagBag from /home/airflow/.local/lib/python3.8/site-packages/airflow/example_dags/example_sla_dag.py
[2025-01-20T11:23:04.938+0000] {processor.py:840} INFO - DAG(s) 'example_sla_dag' retrieved from /home/airflow/.local/lib/python3.8/site-packages/airflow/example_dags/example_sla_dag.py
[2025-01-20T11:23:05.006+0000] {logging_mixin.py:188} INFO - [2025-01-20T11:23:05.005+0000] {dag.py:3036} INFO - Sync 1 DAGs
[2025-01-20T11:23:05.107+0000] {logging_mixin.py:188} INFO - [2025-01-20T11:23:05.107+0000] {dag.py:3823} INFO - Setting next_dagrun for example_sla_dag to 2025-01-20 11:20:00+00:00, run_after=2025-01-20 11:22:00+00:00
[2025-01-20T11:23:05.197+0000] {processor.py:183} INFO - Processing /home/airflow/.local/lib/python3.8/site-packages/airflow/example_dags/example_sla_dag.py took 0.352 seconds
[2025-01-20T11:23:35.367+0000] {processor.py:161} INFO - Started process (PID=886) to work on /home/airflow/.local/lib/python3.8/site-packages/airflow/example_dags/example_sla_dag.py
[2025-01-20T11:23:35.372+0000] {processor.py:830} INFO - Processing file /home/airflow/.local/lib/python3.8/site-packages/airflow/example_dags/example_sla_dag.py for tasks to queue
[2025-01-20T11:23:35.376+0000] {logging_mixin.py:188} INFO - [2025-01-20T11:23:35.376+0000] {dagbag.py:538} INFO - Filling up the DagBag from /home/airflow/.local/lib/python3.8/site-packages/airflow/example_dags/example_sla_dag.py
[2025-01-20T11:23:35.398+0000] {processor.py:840} INFO - DAG(s) 'example_sla_dag' retrieved from /home/airflow/.local/lib/python3.8/site-packages/airflow/example_dags/example_sla_dag.py
[2025-01-20T11:23:35.438+0000] {logging_mixin.py:188} INFO - [2025-01-20T11:23:35.437+0000] {dag.py:3036} INFO - Sync 1 DAGs
[2025-01-20T11:23:35.501+0000] {logging_mixin.py:188} INFO - [2025-01-20T11:23:35.501+0000] {dag.py:3823} INFO - Setting next_dagrun for example_sla_dag to 2025-01-20 11:20:00+00:00, run_after=2025-01-20 11:22:00+00:00
[2025-01-20T11:23:35.541+0000] {processor.py:183} INFO - Processing /home/airflow/.local/lib/python3.8/site-packages/airflow/example_dags/example_sla_dag.py took 0.181 seconds
[2025-01-20T11:24:06.216+0000] {processor.py:161} INFO - Started process (PID=940) to work on /home/airflow/.local/lib/python3.8/site-packages/airflow/example_dags/example_sla_dag.py
[2025-01-20T11:24:06.217+0000] {processor.py:830} INFO - Processing file /home/airflow/.local/lib/python3.8/site-packages/airflow/example_dags/example_sla_dag.py for tasks to queue
[2025-01-20T11:24:06.220+0000] {logging_mixin.py:188} INFO - [2025-01-20T11:24:06.220+0000] {dagbag.py:538} INFO - Filling up the DagBag from /home/airflow/.local/lib/python3.8/site-packages/airflow/example_dags/example_sla_dag.py
[2025-01-20T11:24:06.232+0000] {processor.py:840} INFO - DAG(s) 'example_sla_dag' retrieved from /home/airflow/.local/lib/python3.8/site-packages/airflow/example_dags/example_sla_dag.py
[2025-01-20T11:24:06.261+0000] {logging_mixin.py:188} INFO - [2025-01-20T11:24:06.260+0000] {dag.py:3036} INFO - Sync 1 DAGs
[2025-01-20T11:24:06.306+0000] {logging_mixin.py:188} INFO - [2025-01-20T11:24:06.306+0000] {dag.py:3823} INFO - Setting next_dagrun for example_sla_dag to 2025-01-20 11:22:00+00:00, run_after=2025-01-20 11:24:00+00:00
[2025-01-20T11:24:06.407+0000] {processor.py:183} INFO - Processing /home/airflow/.local/lib/python3.8/site-packages/airflow/example_dags/example_sla_dag.py took 0.196 seconds
[2025-01-20T11:24:36.724+0000] {processor.py:161} INFO - Started process (PID=995) to work on /home/airflow/.local/lib/python3.8/site-packages/airflow/example_dags/example_sla_dag.py
[2025-01-20T11:24:36.725+0000] {processor.py:830} INFO - Processing file /home/airflow/.local/lib/python3.8/site-packages/airflow/example_dags/example_sla_dag.py for tasks to queue
[2025-01-20T11:24:36.728+0000] {logging_mixin.py:188} INFO - [2025-01-20T11:24:36.728+0000] {dagbag.py:538} INFO - Filling up the DagBag from /home/airflow/.local/lib/python3.8/site-packages/airflow/example_dags/example_sla_dag.py
[2025-01-20T11:24:36.741+0000] {processor.py:840} INFO - DAG(s) 'example_sla_dag' retrieved from /home/airflow/.local/lib/python3.8/site-packages/airflow/example_dags/example_sla_dag.py
[2025-01-20T11:24:36.781+0000] {logging_mixin.py:188} INFO - [2025-01-20T11:24:36.781+0000] {dag.py:3036} INFO - Sync 1 DAGs
[2025-01-20T11:24:36.840+0000] {logging_mixin.py:188} INFO - [2025-01-20T11:24:36.839+0000] {dag.py:3823} INFO - Setting next_dagrun for example_sla_dag to 2025-01-20 11:22:00+00:00, run_after=2025-01-20 11:24:00+00:00
[2025-01-20T11:24:36.935+0000] {processor.py:183} INFO - Processing /home/airflow/.local/lib/python3.8/site-packages/airflow/example_dags/example_sla_dag.py took 0.216 seconds
[2025-01-20T11:25:07.424+0000] {processor.py:161} INFO - Started process (PID=1050) to work on /home/airflow/.local/lib/python3.8/site-packages/airflow/example_dags/example_sla_dag.py
[2025-01-20T11:25:07.426+0000] {processor.py:830} INFO - Processing file /home/airflow/.local/lib/python3.8/site-packages/airflow/example_dags/example_sla_dag.py for tasks to queue
[2025-01-20T11:25:07.430+0000] {logging_mixin.py:188} INFO - [2025-01-20T11:25:07.430+0000] {dagbag.py:538} INFO - Filling up the DagBag from /home/airflow/.local/lib/python3.8/site-packages/airflow/example_dags/example_sla_dag.py
[2025-01-20T11:25:07.448+0000] {processor.py:840} INFO - DAG(s) 'example_sla_dag' retrieved from /home/airflow/.local/lib/python3.8/site-packages/airflow/example_dags/example_sla_dag.py
[2025-01-20T11:25:07.488+0000] {logging_mixin.py:188} INFO - [2025-01-20T11:25:07.488+0000] {dag.py:3036} INFO - Sync 1 DAGs
[2025-01-20T11:25:07.537+0000] {logging_mixin.py:188} INFO - [2025-01-20T11:25:07.537+0000] {dag.py:3823} INFO - Setting next_dagrun for example_sla_dag to 2025-01-20 11:22:00+00:00, run_after=2025-01-20 11:24:00+00:00
[2025-01-20T11:25:07.577+0000] {processor.py:183} INFO - Processing /home/airflow/.local/lib/python3.8/site-packages/airflow/example_dags/example_sla_dag.py took 0.159 seconds
[2025-01-20T11:25:37.882+0000] {processor.py:161} INFO - Started process (PID=1105) to work on /home/airflow/.local/lib/python3.8/site-packages/airflow/example_dags/example_sla_dag.py
[2025-01-20T11:25:37.884+0000] {processor.py:830} INFO - Processing file /home/airflow/.local/lib/python3.8/site-packages/airflow/example_dags/example_sla_dag.py for tasks to queue
[2025-01-20T11:25:37.887+0000] {logging_mixin.py:188} INFO - [2025-01-20T11:25:37.887+0000] {dagbag.py:538} INFO - Filling up the DagBag from /home/airflow/.local/lib/python3.8/site-packages/airflow/example_dags/example_sla_dag.py
[2025-01-20T11:25:37.901+0000] {processor.py:840} INFO - DAG(s) 'example_sla_dag' retrieved from /home/airflow/.local/lib/python3.8/site-packages/airflow/example_dags/example_sla_dag.py
[2025-01-20T11:25:37.938+0000] {logging_mixin.py:188} INFO - [2025-01-20T11:25:37.938+0000] {dag.py:3036} INFO - Sync 1 DAGs
[2025-01-20T11:25:37.984+0000] {logging_mixin.py:188} INFO - [2025-01-20T11:25:37.984+0000] {dag.py:3823} INFO - Setting next_dagrun for example_sla_dag to 2025-01-20 11:22:00+00:00, run_after=2025-01-20 11:24:00+00:00
[2025-01-20T11:25:38.018+0000] {processor.py:183} INFO - Processing /home/airflow/.local/lib/python3.8/site-packages/airflow/example_dags/example_sla_dag.py took 0.140 seconds
[2025-01-20T11:26:08.469+0000] {processor.py:161} INFO - Started process (PID=1160) to work on /home/airflow/.local/lib/python3.8/site-packages/airflow/example_dags/example_sla_dag.py
[2025-01-20T11:26:08.471+0000] {processor.py:830} INFO - Processing file /home/airflow/.local/lib/python3.8/site-packages/airflow/example_dags/example_sla_dag.py for tasks to queue
[2025-01-20T11:26:08.476+0000] {logging_mixin.py:188} INFO - [2025-01-20T11:26:08.475+0000] {dagbag.py:538} INFO - Filling up the DagBag from /home/airflow/.local/lib/python3.8/site-packages/airflow/example_dags/example_sla_dag.py
[2025-01-20T11:26:08.499+0000] {processor.py:840} INFO - DAG(s) 'example_sla_dag' retrieved from /home/airflow/.local/lib/python3.8/site-packages/airflow/example_dags/example_sla_dag.py
[2025-01-20T11:26:08.569+0000] {logging_mixin.py:188} INFO - [2025-01-20T11:26:08.569+0000] {dag.py:3036} INFO - Sync 1 DAGs
[2025-01-20T11:26:08.728+0000] {logging_mixin.py:188} INFO - [2025-01-20T11:26:08.727+0000] {dag.py:3823} INFO - Setting next_dagrun for example_sla_dag to 2025-01-20 11:24:00+00:00, run_after=2025-01-20 11:26:00+00:00
[2025-01-20T11:26:08.810+0000] {processor.py:183} INFO - Processing /home/airflow/.local/lib/python3.8/site-packages/airflow/example_dags/example_sla_dag.py took 0.351 seconds
[2025-01-20T11:26:39.070+0000] {processor.py:161} INFO - Started process (PID=1215) to work on /home/airflow/.local/lib/python3.8/site-packages/airflow/example_dags/example_sla_dag.py
[2025-01-20T11:26:39.076+0000] {processor.py:830} INFO - Processing file /home/airflow/.local/lib/python3.8/site-packages/airflow/example_dags/example_sla_dag.py for tasks to queue
[2025-01-20T11:26:39.081+0000] {logging_mixin.py:188} INFO - [2025-01-20T11:26:39.080+0000] {dagbag.py:538} INFO - Filling up the DagBag from /home/airflow/.local/lib/python3.8/site-packages/airflow/example_dags/example_sla_dag.py
[2025-01-20T11:26:39.107+0000] {processor.py:840} INFO - DAG(s) 'example_sla_dag' retrieved from /home/airflow/.local/lib/python3.8/site-packages/airflow/example_dags/example_sla_dag.py
[2025-01-20T11:26:39.160+0000] {logging_mixin.py:188} INFO - [2025-01-20T11:26:39.160+0000] {dag.py:3036} INFO - Sync 1 DAGs
[2025-01-20T11:26:39.207+0000] {logging_mixin.py:188} INFO - [2025-01-20T11:26:39.207+0000] {dag.py:3823} INFO - Setting next_dagrun for example_sla_dag to 2025-01-20 11:24:00+00:00, run_after=2025-01-20 11:26:00+00:00
[2025-01-20T11:26:39.251+0000] {processor.py:183} INFO - Processing /home/airflow/.local/lib/python3.8/site-packages/airflow/example_dags/example_sla_dag.py took 0.190 seconds
[2025-01-20T11:27:10.156+0000] {processor.py:161} INFO - Started process (PID=1270) to work on /home/airflow/.local/lib/python3.8/site-packages/airflow/example_dags/example_sla_dag.py
[2025-01-20T11:27:10.160+0000] {processor.py:830} INFO - Processing file /home/airflow/.local/lib/python3.8/site-packages/airflow/example_dags/example_sla_dag.py for tasks to queue
[2025-01-20T11:27:10.185+0000] {logging_mixin.py:188} INFO - [2025-01-20T11:27:10.184+0000] {dagbag.py:538} INFO - Filling up the DagBag from /home/airflow/.local/lib/python3.8/site-packages/airflow/example_dags/example_sla_dag.py
[2025-01-20T11:27:10.249+0000] {processor.py:840} INFO - DAG(s) 'example_sla_dag' retrieved from /home/airflow/.local/lib/python3.8/site-packages/airflow/example_dags/example_sla_dag.py
[2025-01-20T11:27:10.347+0000] {logging_mixin.py:188} INFO - [2025-01-20T11:27:10.339+0000] {dag.py:3036} INFO - Sync 1 DAGs
[2025-01-20T11:27:10.485+0000] {logging_mixin.py:188} INFO - [2025-01-20T11:27:10.485+0000] {dag.py:3823} INFO - Setting next_dagrun for example_sla_dag to 2025-01-20 11:24:00+00:00, run_after=2025-01-20 11:26:00+00:00
[2025-01-20T11:27:10.560+0000] {processor.py:183} INFO - Processing /home/airflow/.local/lib/python3.8/site-packages/airflow/example_dags/example_sla_dag.py took 0.424 seconds
[2025-01-20T11:27:40.727+0000] {processor.py:161} INFO - Started process (PID=1325) to work on /home/airflow/.local/lib/python3.8/site-packages/airflow/example_dags/example_sla_dag.py
[2025-01-20T11:27:40.731+0000] {processor.py:830} INFO - Processing file /home/airflow/.local/lib/python3.8/site-packages/airflow/example_dags/example_sla_dag.py for tasks to queue
[2025-01-20T11:27:40.738+0000] {logging_mixin.py:188} INFO - [2025-01-20T11:27:40.737+0000] {dagbag.py:538} INFO - Filling up the DagBag from /home/airflow/.local/lib/python3.8/site-packages/airflow/example_dags/example_sla_dag.py
[2025-01-20T11:27:40.757+0000] {processor.py:840} INFO - DAG(s) 'example_sla_dag' retrieved from /home/airflow/.local/lib/python3.8/site-packages/airflow/example_dags/example_sla_dag.py
[2025-01-20T11:27:40.796+0000] {logging_mixin.py:188} INFO - [2025-01-20T11:27:40.795+0000] {dag.py:3036} INFO - Sync 1 DAGs
[2025-01-20T11:27:40.845+0000] {logging_mixin.py:188} INFO - [2025-01-20T11:27:40.844+0000] {dag.py:3823} INFO - Setting next_dagrun for example_sla_dag to 2025-01-20 11:24:00+00:00, run_after=2025-01-20 11:26:00+00:00
[2025-01-20T11:27:40.878+0000] {processor.py:183} INFO - Processing /home/airflow/.local/lib/python3.8/site-packages/airflow/example_dags/example_sla_dag.py took 0.157 seconds
[2025-01-20T11:28:10.981+0000] {processor.py:161} INFO - Started process (PID=1380) to work on /home/airflow/.local/lib/python3.8/site-packages/airflow/example_dags/example_sla_dag.py
[2025-01-20T11:28:10.982+0000] {processor.py:830} INFO - Processing file /home/airflow/.local/lib/python3.8/site-packages/airflow/example_dags/example_sla_dag.py for tasks to queue
[2025-01-20T11:28:10.985+0000] {logging_mixin.py:188} INFO - [2025-01-20T11:28:10.985+0000] {dagbag.py:538} INFO - Filling up the DagBag from /home/airflow/.local/lib/python3.8/site-packages/airflow/example_dags/example_sla_dag.py
[2025-01-20T11:28:10.998+0000] {processor.py:840} INFO - DAG(s) 'example_sla_dag' retrieved from /home/airflow/.local/lib/python3.8/site-packages/airflow/example_dags/example_sla_dag.py
[2025-01-20T11:28:11.028+0000] {logging_mixin.py:188} INFO - [2025-01-20T11:28:11.028+0000] {dag.py:3036} INFO - Sync 1 DAGs
[2025-01-20T11:28:11.069+0000] {logging_mixin.py:188} INFO - [2025-01-20T11:28:11.068+0000] {dag.py:3823} INFO - Setting next_dagrun for example_sla_dag to 2025-01-20 11:26:00+00:00, run_after=2025-01-20 11:28:00+00:00
[2025-01-20T11:28:11.108+0000] {processor.py:183} INFO - Processing /home/airflow/.local/lib/python3.8/site-packages/airflow/example_dags/example_sla_dag.py took 0.132 seconds
[2025-01-20T11:28:41.300+0000] {processor.py:161} INFO - Started process (PID=1436) to work on /home/airflow/.local/lib/python3.8/site-packages/airflow/example_dags/example_sla_dag.py
[2025-01-20T11:28:41.302+0000] {processor.py:830} INFO - Processing file /home/airflow/.local/lib/python3.8/site-packages/airflow/example_dags/example_sla_dag.py for tasks to queue
[2025-01-20T11:28:41.305+0000] {logging_mixin.py:188} INFO - [2025-01-20T11:28:41.305+0000] {dagbag.py:538} INFO - Filling up the DagBag from /home/airflow/.local/lib/python3.8/site-packages/airflow/example_dags/example_sla_dag.py
[2025-01-20T11:28:41.318+0000] {processor.py:840} INFO - DAG(s) 'example_sla_dag' retrieved from /home/airflow/.local/lib/python3.8/site-packages/airflow/example_dags/example_sla_dag.py
[2025-01-20T11:28:41.350+0000] {logging_mixin.py:188} INFO - [2025-01-20T11:28:41.350+0000] {dag.py:3036} INFO - Sync 1 DAGs
[2025-01-20T11:28:41.390+0000] {logging_mixin.py:188} INFO - [2025-01-20T11:28:41.390+0000] {dag.py:3823} INFO - Setting next_dagrun for example_sla_dag to 2025-01-20 11:26:00+00:00, run_after=2025-01-20 11:28:00+00:00
[2025-01-20T11:28:41.418+0000] {processor.py:183} INFO - Processing /home/airflow/.local/lib/python3.8/site-packages/airflow/example_dags/example_sla_dag.py took 0.123 seconds
[2025-01-20T11:29:11.897+0000] {processor.py:161} INFO - Started process (PID=1490) to work on /home/airflow/.local/lib/python3.8/site-packages/airflow/example_dags/example_sla_dag.py
[2025-01-20T11:29:11.900+0000] {processor.py:830} INFO - Processing file /home/airflow/.local/lib/python3.8/site-packages/airflow/example_dags/example_sla_dag.py for tasks to queue
[2025-01-20T11:29:11.906+0000] {logging_mixin.py:188} INFO - [2025-01-20T11:29:11.905+0000] {dagbag.py:538} INFO - Filling up the DagBag from /home/airflow/.local/lib/python3.8/site-packages/airflow/example_dags/example_sla_dag.py
[2025-01-20T11:29:11.941+0000] {processor.py:840} INFO - DAG(s) 'example_sla_dag' retrieved from /home/airflow/.local/lib/python3.8/site-packages/airflow/example_dags/example_sla_dag.py
[2025-01-20T11:29:12.006+0000] {logging_mixin.py:188} INFO - [2025-01-20T11:29:12.005+0000] {dag.py:3036} INFO - Sync 1 DAGs
[2025-01-20T11:29:12.080+0000] {logging_mixin.py:188} INFO - [2025-01-20T11:29:12.079+0000] {dag.py:3823} INFO - Setting next_dagrun for example_sla_dag to 2025-01-20 11:26:00+00:00, run_after=2025-01-20 11:28:00+00:00
[2025-01-20T11:29:12.135+0000] {processor.py:183} INFO - Processing /home/airflow/.local/lib/python3.8/site-packages/airflow/example_dags/example_sla_dag.py took 0.248 seconds
[2025-01-20T11:29:42.953+0000] {processor.py:161} INFO - Started process (PID=1546) to work on /home/airflow/.local/lib/python3.8/site-packages/airflow/example_dags/example_sla_dag.py
[2025-01-20T11:29:42.956+0000] {processor.py:830} INFO - Processing file /home/airflow/.local/lib/python3.8/site-packages/airflow/example_dags/example_sla_dag.py for tasks to queue
[2025-01-20T11:29:42.968+0000] {logging_mixin.py:188} INFO - [2025-01-20T11:29:42.967+0000] {dagbag.py:538} INFO - Filling up the DagBag from /home/airflow/.local/lib/python3.8/site-packages/airflow/example_dags/example_sla_dag.py
[2025-01-20T11:29:43.008+0000] {processor.py:840} INFO - DAG(s) 'example_sla_dag' retrieved from /home/airflow/.local/lib/python3.8/site-packages/airflow/example_dags/example_sla_dag.py
[2025-01-20T11:29:43.096+0000] {logging_mixin.py:188} INFO - [2025-01-20T11:29:43.095+0000] {dag.py:3036} INFO - Sync 1 DAGs
[2025-01-20T11:29:43.203+0000] {logging_mixin.py:188} INFO - [2025-01-20T11:29:43.202+0000] {dag.py:3823} INFO - Setting next_dagrun for example_sla_dag to 2025-01-20 11:26:00+00:00, run_after=2025-01-20 11:28:00+00:00
[2025-01-20T11:29:43.252+0000] {processor.py:183} INFO - Processing /home/airflow/.local/lib/python3.8/site-packages/airflow/example_dags/example_sla_dag.py took 0.316 seconds
[2025-01-20T11:30:13.901+0000] {processor.py:161} INFO - Started process (PID=1600) to work on /home/airflow/.local/lib/python3.8/site-packages/airflow/example_dags/example_sla_dag.py
[2025-01-20T11:30:13.906+0000] {processor.py:830} INFO - Processing file /home/airflow/.local/lib/python3.8/site-packages/airflow/example_dags/example_sla_dag.py for tasks to queue
[2025-01-20T11:30:13.911+0000] {logging_mixin.py:188} INFO - [2025-01-20T11:30:13.910+0000] {dagbag.py:538} INFO - Filling up the DagBag from /home/airflow/.local/lib/python3.8/site-packages/airflow/example_dags/example_sla_dag.py
[2025-01-20T11:30:13.958+0000] {processor.py:840} INFO - DAG(s) 'example_sla_dag' retrieved from /home/airflow/.local/lib/python3.8/site-packages/airflow/example_dags/example_sla_dag.py
[2025-01-20T11:30:14.044+0000] {logging_mixin.py:188} INFO - [2025-01-20T11:30:14.044+0000] {dag.py:3036} INFO - Sync 1 DAGs
[2025-01-20T11:30:14.094+0000] {logging_mixin.py:188} INFO - [2025-01-20T11:30:14.094+0000] {dag.py:3823} INFO - Setting next_dagrun for example_sla_dag to 2025-01-20 11:28:00+00:00, run_after=2025-01-20 11:30:00+00:00
[2025-01-20T11:30:14.131+0000] {processor.py:183} INFO - Processing /home/airflow/.local/lib/python3.8/site-packages/airflow/example_dags/example_sla_dag.py took 0.239 seconds
