[2025-01-20T11:16:11.410+0000] {processor.py:161} INFO - Started process (PID=74) to work on /home/airflow/.local/lib/python3.8/site-packages/airflow/example_dags/example_short_circuit_operator.py
[2025-01-20T11:16:11.413+0000] {processor.py:830} INFO - Processing file /home/airflow/.local/lib/python3.8/site-packages/airflow/example_dags/example_short_circuit_operator.py for tasks to queue
[2025-01-20T11:16:11.418+0000] {logging_mixin.py:188} INFO - [2025-01-20T11:16:11.418+0000] {dagbag.py:538} INFO - Filling up the DagBag from /home/airflow/.local/lib/python3.8/site-packages/airflow/example_dags/example_short_circuit_operator.py
[2025-01-20T11:16:11.477+0000] {processor.py:840} INFO - DAG(s) 'example_short_circuit_operator' retrieved from /home/airflow/.local/lib/python3.8/site-packages/airflow/example_dags/example_short_circuit_operator.py
[2025-01-20T11:16:11.884+0000] {logging_mixin.py:188} INFO - [2025-01-20T11:16:11.883+0000] {dag.py:3036} INFO - Sync 1 DAGs
[2025-01-20T11:16:11.964+0000] {logging_mixin.py:188} INFO - [2025-01-20T11:16:11.964+0000] {dag.py:3823} INFO - Setting next_dagrun for example_short_circuit_operator to 2025-01-19 00:00:00+00:00, run_after=2025-01-20 00:00:00+00:00
[2025-01-20T11:16:14.366+0000] {processor.py:183} INFO - Processing /home/airflow/.local/lib/python3.8/site-packages/airflow/example_dags/example_short_circuit_operator.py took 2.972 seconds
[2025-01-20T11:16:44.985+0000] {processor.py:161} INFO - Started process (PID=129) to work on /home/airflow/.local/lib/python3.8/site-packages/airflow/example_dags/example_short_circuit_operator.py
[2025-01-20T11:16:44.988+0000] {processor.py:830} INFO - Processing file /home/airflow/.local/lib/python3.8/site-packages/airflow/example_dags/example_short_circuit_operator.py for tasks to queue
[2025-01-20T11:16:44.991+0000] {logging_mixin.py:188} INFO - [2025-01-20T11:16:44.991+0000] {dagbag.py:538} INFO - Filling up the DagBag from /home/airflow/.local/lib/python3.8/site-packages/airflow/example_dags/example_short_circuit_operator.py
[2025-01-20T11:16:45.008+0000] {processor.py:840} INFO - DAG(s) 'example_short_circuit_operator' retrieved from /home/airflow/.local/lib/python3.8/site-packages/airflow/example_dags/example_short_circuit_operator.py
[2025-01-20T11:16:45.050+0000] {logging_mixin.py:188} INFO - [2025-01-20T11:16:45.049+0000] {dag.py:3036} INFO - Sync 1 DAGs
[2025-01-20T11:16:45.088+0000] {logging_mixin.py:188} INFO - [2025-01-20T11:16:45.088+0000] {dag.py:3823} INFO - Setting next_dagrun for example_short_circuit_operator to 2025-01-19 00:00:00+00:00, run_after=2025-01-20 00:00:00+00:00
[2025-01-20T11:16:45.129+0000] {processor.py:183} INFO - Processing /home/airflow/.local/lib/python3.8/site-packages/airflow/example_dags/example_short_circuit_operator.py took 0.150 seconds
[2025-01-20T11:17:15.846+0000] {processor.py:161} INFO - Started process (PID=184) to work on /home/airflow/.local/lib/python3.8/site-packages/airflow/example_dags/example_short_circuit_operator.py
[2025-01-20T11:17:15.848+0000] {processor.py:830} INFO - Processing file /home/airflow/.local/lib/python3.8/site-packages/airflow/example_dags/example_short_circuit_operator.py for tasks to queue
[2025-01-20T11:17:15.851+0000] {logging_mixin.py:188} INFO - [2025-01-20T11:17:15.851+0000] {dagbag.py:538} INFO - Filling up the DagBag from /home/airflow/.local/lib/python3.8/site-packages/airflow/example_dags/example_short_circuit_operator.py
[2025-01-20T11:17:15.863+0000] {processor.py:840} INFO - DAG(s) 'example_short_circuit_operator' retrieved from /home/airflow/.local/lib/python3.8/site-packages/airflow/example_dags/example_short_circuit_operator.py
[2025-01-20T11:17:15.905+0000] {logging_mixin.py:188} INFO - [2025-01-20T11:17:15.905+0000] {dag.py:3036} INFO - Sync 1 DAGs
[2025-01-20T11:17:15.945+0000] {logging_mixin.py:188} INFO - [2025-01-20T11:17:15.944+0000] {dag.py:3823} INFO - Setting next_dagrun for example_short_circuit_operator to 2025-01-19 00:00:00+00:00, run_after=2025-01-20 00:00:00+00:00
[2025-01-20T11:17:15.982+0000] {processor.py:183} INFO - Processing /home/airflow/.local/lib/python3.8/site-packages/airflow/example_dags/example_short_circuit_operator.py took 0.141 seconds
[2025-01-20T11:17:46.262+0000] {processor.py:161} INFO - Started process (PID=239) to work on /home/airflow/.local/lib/python3.8/site-packages/airflow/example_dags/example_short_circuit_operator.py
[2025-01-20T11:17:46.264+0000] {processor.py:830} INFO - Processing file /home/airflow/.local/lib/python3.8/site-packages/airflow/example_dags/example_short_circuit_operator.py for tasks to queue
[2025-01-20T11:17:46.267+0000] {logging_mixin.py:188} INFO - [2025-01-20T11:17:46.267+0000] {dagbag.py:538} INFO - Filling up the DagBag from /home/airflow/.local/lib/python3.8/site-packages/airflow/example_dags/example_short_circuit_operator.py
[2025-01-20T11:17:46.282+0000] {processor.py:840} INFO - DAG(s) 'example_short_circuit_operator' retrieved from /home/airflow/.local/lib/python3.8/site-packages/airflow/example_dags/example_short_circuit_operator.py
[2025-01-20T11:17:46.320+0000] {logging_mixin.py:188} INFO - [2025-01-20T11:17:46.320+0000] {dag.py:3036} INFO - Sync 1 DAGs
[2025-01-20T11:17:46.365+0000] {logging_mixin.py:188} INFO - [2025-01-20T11:17:46.364+0000] {dag.py:3823} INFO - Setting next_dagrun for example_short_circuit_operator to 2025-01-19 00:00:00+00:00, run_after=2025-01-20 00:00:00+00:00
[2025-01-20T11:17:46.398+0000] {processor.py:183} INFO - Processing /home/airflow/.local/lib/python3.8/site-packages/airflow/example_dags/example_short_circuit_operator.py took 0.140 seconds
[2025-01-20T11:18:16.573+0000] {processor.py:161} INFO - Started process (PID=294) to work on /home/airflow/.local/lib/python3.8/site-packages/airflow/example_dags/example_short_circuit_operator.py
[2025-01-20T11:18:16.575+0000] {processor.py:830} INFO - Processing file /home/airflow/.local/lib/python3.8/site-packages/airflow/example_dags/example_short_circuit_operator.py for tasks to queue
[2025-01-20T11:18:16.578+0000] {logging_mixin.py:188} INFO - [2025-01-20T11:18:16.577+0000] {dagbag.py:538} INFO - Filling up the DagBag from /home/airflow/.local/lib/python3.8/site-packages/airflow/example_dags/example_short_circuit_operator.py
[2025-01-20T11:18:16.594+0000] {processor.py:840} INFO - DAG(s) 'example_short_circuit_operator' retrieved from /home/airflow/.local/lib/python3.8/site-packages/airflow/example_dags/example_short_circuit_operator.py
[2025-01-20T11:18:16.635+0000] {logging_mixin.py:188} INFO - [2025-01-20T11:18:16.635+0000] {dag.py:3036} INFO - Sync 1 DAGs
[2025-01-20T11:18:16.672+0000] {logging_mixin.py:188} INFO - [2025-01-20T11:18:16.672+0000] {dag.py:3823} INFO - Setting next_dagrun for example_short_circuit_operator to 2025-01-19 00:00:00+00:00, run_after=2025-01-20 00:00:00+00:00
[2025-01-20T11:18:16.709+0000] {processor.py:183} INFO - Processing /home/airflow/.local/lib/python3.8/site-packages/airflow/example_dags/example_short_circuit_operator.py took 0.140 seconds
[2025-01-20T11:18:46.841+0000] {processor.py:161} INFO - Started process (PID=349) to work on /home/airflow/.local/lib/python3.8/site-packages/airflow/example_dags/example_short_circuit_operator.py
[2025-01-20T11:18:46.843+0000] {processor.py:830} INFO - Processing file /home/airflow/.local/lib/python3.8/site-packages/airflow/example_dags/example_short_circuit_operator.py for tasks to queue
[2025-01-20T11:18:46.846+0000] {logging_mixin.py:188} INFO - [2025-01-20T11:18:46.845+0000] {dagbag.py:538} INFO - Filling up the DagBag from /home/airflow/.local/lib/python3.8/site-packages/airflow/example_dags/example_short_circuit_operator.py
[2025-01-20T11:18:46.855+0000] {processor.py:840} INFO - DAG(s) 'example_short_circuit_operator' retrieved from /home/airflow/.local/lib/python3.8/site-packages/airflow/example_dags/example_short_circuit_operator.py
[2025-01-20T11:18:46.887+0000] {logging_mixin.py:188} INFO - [2025-01-20T11:18:46.887+0000] {dag.py:3036} INFO - Sync 1 DAGs
[2025-01-20T11:18:46.918+0000] {logging_mixin.py:188} INFO - [2025-01-20T11:18:46.917+0000] {dag.py:3823} INFO - Setting next_dagrun for example_short_circuit_operator to 2025-01-19 00:00:00+00:00, run_after=2025-01-20 00:00:00+00:00
[2025-01-20T11:18:46.945+0000] {processor.py:183} INFO - Processing /home/airflow/.local/lib/python3.8/site-packages/airflow/example_dags/example_short_circuit_operator.py took 0.108 seconds
[2025-01-20T11:19:17.228+0000] {processor.py:161} INFO - Started process (PID=404) to work on /home/airflow/.local/lib/python3.8/site-packages/airflow/example_dags/example_short_circuit_operator.py
[2025-01-20T11:19:17.230+0000] {processor.py:830} INFO - Processing file /home/airflow/.local/lib/python3.8/site-packages/airflow/example_dags/example_short_circuit_operator.py for tasks to queue
[2025-01-20T11:19:17.233+0000] {logging_mixin.py:188} INFO - [2025-01-20T11:19:17.232+0000] {dagbag.py:538} INFO - Filling up the DagBag from /home/airflow/.local/lib/python3.8/site-packages/airflow/example_dags/example_short_circuit_operator.py
[2025-01-20T11:19:17.247+0000] {processor.py:840} INFO - DAG(s) 'example_short_circuit_operator' retrieved from /home/airflow/.local/lib/python3.8/site-packages/airflow/example_dags/example_short_circuit_operator.py
[2025-01-20T11:19:17.296+0000] {logging_mixin.py:188} INFO - [2025-01-20T11:19:17.295+0000] {dag.py:3036} INFO - Sync 1 DAGs
[2025-01-20T11:19:17.338+0000] {logging_mixin.py:188} INFO - [2025-01-20T11:19:17.337+0000] {dag.py:3823} INFO - Setting next_dagrun for example_short_circuit_operator to 2025-01-19 00:00:00+00:00, run_after=2025-01-20 00:00:00+00:00
[2025-01-20T11:19:17.380+0000] {processor.py:183} INFO - Processing /home/airflow/.local/lib/python3.8/site-packages/airflow/example_dags/example_short_circuit_operator.py took 0.158 seconds
[2025-01-20T11:19:47.623+0000] {processor.py:161} INFO - Started process (PID=459) to work on /home/airflow/.local/lib/python3.8/site-packages/airflow/example_dags/example_short_circuit_operator.py
[2025-01-20T11:19:47.624+0000] {processor.py:830} INFO - Processing file /home/airflow/.local/lib/python3.8/site-packages/airflow/example_dags/example_short_circuit_operator.py for tasks to queue
[2025-01-20T11:19:47.626+0000] {logging_mixin.py:188} INFO - [2025-01-20T11:19:47.626+0000] {dagbag.py:538} INFO - Filling up the DagBag from /home/airflow/.local/lib/python3.8/site-packages/airflow/example_dags/example_short_circuit_operator.py
[2025-01-20T11:19:47.636+0000] {processor.py:840} INFO - DAG(s) 'example_short_circuit_operator' retrieved from /home/airflow/.local/lib/python3.8/site-packages/airflow/example_dags/example_short_circuit_operator.py
[2025-01-20T11:19:47.668+0000] {logging_mixin.py:188} INFO - [2025-01-20T11:19:47.668+0000] {dag.py:3036} INFO - Sync 1 DAGs
[2025-01-20T11:19:47.700+0000] {logging_mixin.py:188} INFO - [2025-01-20T11:19:47.700+0000] {dag.py:3823} INFO - Setting next_dagrun for example_short_circuit_operator to 2025-01-19 00:00:00+00:00, run_after=2025-01-20 00:00:00+00:00
[2025-01-20T11:19:47.729+0000] {processor.py:183} INFO - Processing /home/airflow/.local/lib/python3.8/site-packages/airflow/example_dags/example_short_circuit_operator.py took 0.110 seconds
[2025-01-20T11:20:18.541+0000] {processor.py:161} INFO - Started process (PID=514) to work on /home/airflow/.local/lib/python3.8/site-packages/airflow/example_dags/example_short_circuit_operator.py
[2025-01-20T11:20:18.543+0000] {processor.py:830} INFO - Processing file /home/airflow/.local/lib/python3.8/site-packages/airflow/example_dags/example_short_circuit_operator.py for tasks to queue
[2025-01-20T11:20:18.547+0000] {logging_mixin.py:188} INFO - [2025-01-20T11:20:18.546+0000] {dagbag.py:538} INFO - Filling up the DagBag from /home/airflow/.local/lib/python3.8/site-packages/airflow/example_dags/example_short_circuit_operator.py
[2025-01-20T11:20:18.561+0000] {processor.py:840} INFO - DAG(s) 'example_short_circuit_operator' retrieved from /home/airflow/.local/lib/python3.8/site-packages/airflow/example_dags/example_short_circuit_operator.py
[2025-01-20T11:20:18.606+0000] {logging_mixin.py:188} INFO - [2025-01-20T11:20:18.605+0000] {dag.py:3036} INFO - Sync 1 DAGs
[2025-01-20T11:20:18.647+0000] {logging_mixin.py:188} INFO - [2025-01-20T11:20:18.646+0000] {dag.py:3823} INFO - Setting next_dagrun for example_short_circuit_operator to 2025-01-19 00:00:00+00:00, run_after=2025-01-20 00:00:00+00:00
[2025-01-20T11:20:18.731+0000] {processor.py:183} INFO - Processing /home/airflow/.local/lib/python3.8/site-packages/airflow/example_dags/example_short_circuit_operator.py took 0.194 seconds
[2025-01-20T11:20:49.259+0000] {processor.py:161} INFO - Started process (PID=569) to work on /home/airflow/.local/lib/python3.8/site-packages/airflow/example_dags/example_short_circuit_operator.py
[2025-01-20T11:20:49.261+0000] {processor.py:830} INFO - Processing file /home/airflow/.local/lib/python3.8/site-packages/airflow/example_dags/example_short_circuit_operator.py for tasks to queue
[2025-01-20T11:20:49.264+0000] {logging_mixin.py:188} INFO - [2025-01-20T11:20:49.263+0000] {dagbag.py:538} INFO - Filling up the DagBag from /home/airflow/.local/lib/python3.8/site-packages/airflow/example_dags/example_short_circuit_operator.py
[2025-01-20T11:20:49.276+0000] {processor.py:840} INFO - DAG(s) 'example_short_circuit_operator' retrieved from /home/airflow/.local/lib/python3.8/site-packages/airflow/example_dags/example_short_circuit_operator.py
[2025-01-20T11:20:49.317+0000] {logging_mixin.py:188} INFO - [2025-01-20T11:20:49.316+0000] {dag.py:3036} INFO - Sync 1 DAGs
[2025-01-20T11:20:49.350+0000] {logging_mixin.py:188} INFO - [2025-01-20T11:20:49.350+0000] {dag.py:3823} INFO - Setting next_dagrun for example_short_circuit_operator to 2025-01-19 00:00:00+00:00, run_after=2025-01-20 00:00:00+00:00
[2025-01-20T11:20:49.380+0000] {processor.py:183} INFO - Processing /home/airflow/.local/lib/python3.8/site-packages/airflow/example_dags/example_short_circuit_operator.py took 0.126 seconds
[2025-01-20T11:21:19.539+0000] {processor.py:161} INFO - Started process (PID=624) to work on /home/airflow/.local/lib/python3.8/site-packages/airflow/example_dags/example_short_circuit_operator.py
[2025-01-20T11:21:19.544+0000] {processor.py:830} INFO - Processing file /home/airflow/.local/lib/python3.8/site-packages/airflow/example_dags/example_short_circuit_operator.py for tasks to queue
[2025-01-20T11:21:19.550+0000] {logging_mixin.py:188} INFO - [2025-01-20T11:21:19.549+0000] {dagbag.py:538} INFO - Filling up the DagBag from /home/airflow/.local/lib/python3.8/site-packages/airflow/example_dags/example_short_circuit_operator.py
[2025-01-20T11:21:19.573+0000] {processor.py:840} INFO - DAG(s) 'example_short_circuit_operator' retrieved from /home/airflow/.local/lib/python3.8/site-packages/airflow/example_dags/example_short_circuit_operator.py
[2025-01-20T11:21:19.636+0000] {logging_mixin.py:188} INFO - [2025-01-20T11:21:19.635+0000] {dag.py:3036} INFO - Sync 1 DAGs
[2025-01-20T11:21:19.695+0000] {logging_mixin.py:188} INFO - [2025-01-20T11:21:19.695+0000] {dag.py:3823} INFO - Setting next_dagrun for example_short_circuit_operator to 2025-01-19 00:00:00+00:00, run_after=2025-01-20 00:00:00+00:00
[2025-01-20T11:21:19.754+0000] {processor.py:183} INFO - Processing /home/airflow/.local/lib/python3.8/site-packages/airflow/example_dags/example_short_circuit_operator.py took 0.224 seconds
[2025-01-20T11:21:49.959+0000] {processor.py:161} INFO - Started process (PID=679) to work on /home/airflow/.local/lib/python3.8/site-packages/airflow/example_dags/example_short_circuit_operator.py
[2025-01-20T11:21:49.961+0000] {processor.py:830} INFO - Processing file /home/airflow/.local/lib/python3.8/site-packages/airflow/example_dags/example_short_circuit_operator.py for tasks to queue
[2025-01-20T11:21:49.966+0000] {logging_mixin.py:188} INFO - [2025-01-20T11:21:49.965+0000] {dagbag.py:538} INFO - Filling up the DagBag from /home/airflow/.local/lib/python3.8/site-packages/airflow/example_dags/example_short_circuit_operator.py
[2025-01-20T11:21:49.981+0000] {processor.py:840} INFO - DAG(s) 'example_short_circuit_operator' retrieved from /home/airflow/.local/lib/python3.8/site-packages/airflow/example_dags/example_short_circuit_operator.py
[2025-01-20T11:21:50.037+0000] {logging_mixin.py:188} INFO - [2025-01-20T11:21:50.036+0000] {dag.py:3036} INFO - Sync 1 DAGs
[2025-01-20T11:21:50.087+0000] {logging_mixin.py:188} INFO - [2025-01-20T11:21:50.086+0000] {dag.py:3823} INFO - Setting next_dagrun for example_short_circuit_operator to 2025-01-19 00:00:00+00:00, run_after=2025-01-20 00:00:00+00:00
[2025-01-20T11:21:50.136+0000] {processor.py:183} INFO - Processing /home/airflow/.local/lib/python3.8/site-packages/airflow/example_dags/example_short_circuit_operator.py took 0.184 seconds
[2025-01-20T11:22:20.236+0000] {processor.py:161} INFO - Started process (PID=734) to work on /home/airflow/.local/lib/python3.8/site-packages/airflow/example_dags/example_short_circuit_operator.py
[2025-01-20T11:22:20.238+0000] {processor.py:830} INFO - Processing file /home/airflow/.local/lib/python3.8/site-packages/airflow/example_dags/example_short_circuit_operator.py for tasks to queue
[2025-01-20T11:22:20.242+0000] {logging_mixin.py:188} INFO - [2025-01-20T11:22:20.241+0000] {dagbag.py:538} INFO - Filling up the DagBag from /home/airflow/.local/lib/python3.8/site-packages/airflow/example_dags/example_short_circuit_operator.py
[2025-01-20T11:22:20.255+0000] {processor.py:840} INFO - DAG(s) 'example_short_circuit_operator' retrieved from /home/airflow/.local/lib/python3.8/site-packages/airflow/example_dags/example_short_circuit_operator.py
[2025-01-20T11:22:20.297+0000] {logging_mixin.py:188} INFO - [2025-01-20T11:22:20.296+0000] {dag.py:3036} INFO - Sync 1 DAGs
[2025-01-20T11:22:20.337+0000] {logging_mixin.py:188} INFO - [2025-01-20T11:22:20.336+0000] {dag.py:3823} INFO - Setting next_dagrun for example_short_circuit_operator to 2025-01-19 00:00:00+00:00, run_after=2025-01-20 00:00:00+00:00
[2025-01-20T11:22:20.373+0000] {processor.py:183} INFO - Processing /home/airflow/.local/lib/python3.8/site-packages/airflow/example_dags/example_short_circuit_operator.py took 0.143 seconds
[2025-01-20T11:22:50.629+0000] {processor.py:161} INFO - Started process (PID=790) to work on /home/airflow/.local/lib/python3.8/site-packages/airflow/example_dags/example_short_circuit_operator.py
[2025-01-20T11:22:50.631+0000] {processor.py:830} INFO - Processing file /home/airflow/.local/lib/python3.8/site-packages/airflow/example_dags/example_short_circuit_operator.py for tasks to queue
[2025-01-20T11:22:50.634+0000] {logging_mixin.py:188} INFO - [2025-01-20T11:22:50.633+0000] {dagbag.py:538} INFO - Filling up the DagBag from /home/airflow/.local/lib/python3.8/site-packages/airflow/example_dags/example_short_circuit_operator.py
[2025-01-20T11:22:50.646+0000] {processor.py:840} INFO - DAG(s) 'example_short_circuit_operator' retrieved from /home/airflow/.local/lib/python3.8/site-packages/airflow/example_dags/example_short_circuit_operator.py
[2025-01-20T11:22:50.686+0000] {logging_mixin.py:188} INFO - [2025-01-20T11:22:50.686+0000] {dag.py:3036} INFO - Sync 1 DAGs
[2025-01-20T11:22:50.722+0000] {logging_mixin.py:188} INFO - [2025-01-20T11:22:50.722+0000] {dag.py:3823} INFO - Setting next_dagrun for example_short_circuit_operator to 2025-01-19 00:00:00+00:00, run_after=2025-01-20 00:00:00+00:00
[2025-01-20T11:22:50.750+0000] {processor.py:183} INFO - Processing /home/airflow/.local/lib/python3.8/site-packages/airflow/example_dags/example_short_circuit_operator.py took 0.125 seconds
[2025-01-20T11:23:20.939+0000] {processor.py:161} INFO - Started process (PID=845) to work on /home/airflow/.local/lib/python3.8/site-packages/airflow/example_dags/example_short_circuit_operator.py
[2025-01-20T11:23:20.940+0000] {processor.py:830} INFO - Processing file /home/airflow/.local/lib/python3.8/site-packages/airflow/example_dags/example_short_circuit_operator.py for tasks to queue
[2025-01-20T11:23:20.943+0000] {logging_mixin.py:188} INFO - [2025-01-20T11:23:20.943+0000] {dagbag.py:538} INFO - Filling up the DagBag from /home/airflow/.local/lib/python3.8/site-packages/airflow/example_dags/example_short_circuit_operator.py
[2025-01-20T11:23:20.954+0000] {processor.py:840} INFO - DAG(s) 'example_short_circuit_operator' retrieved from /home/airflow/.local/lib/python3.8/site-packages/airflow/example_dags/example_short_circuit_operator.py
[2025-01-20T11:23:20.989+0000] {logging_mixin.py:188} INFO - [2025-01-20T11:23:20.988+0000] {dag.py:3036} INFO - Sync 1 DAGs
[2025-01-20T11:23:21.022+0000] {logging_mixin.py:188} INFO - [2025-01-20T11:23:21.022+0000] {dag.py:3823} INFO - Setting next_dagrun for example_short_circuit_operator to 2025-01-19 00:00:00+00:00, run_after=2025-01-20 00:00:00+00:00
[2025-01-20T11:23:21.059+0000] {processor.py:183} INFO - Processing /home/airflow/.local/lib/python3.8/site-packages/airflow/example_dags/example_short_circuit_operator.py took 0.124 seconds
[2025-01-20T11:23:51.374+0000] {processor.py:161} INFO - Started process (PID=900) to work on /home/airflow/.local/lib/python3.8/site-packages/airflow/example_dags/example_short_circuit_operator.py
[2025-01-20T11:23:51.377+0000] {processor.py:830} INFO - Processing file /home/airflow/.local/lib/python3.8/site-packages/airflow/example_dags/example_short_circuit_operator.py for tasks to queue
[2025-01-20T11:23:51.380+0000] {logging_mixin.py:188} INFO - [2025-01-20T11:23:51.380+0000] {dagbag.py:538} INFO - Filling up the DagBag from /home/airflow/.local/lib/python3.8/site-packages/airflow/example_dags/example_short_circuit_operator.py
[2025-01-20T11:23:51.397+0000] {processor.py:840} INFO - DAG(s) 'example_short_circuit_operator' retrieved from /home/airflow/.local/lib/python3.8/site-packages/airflow/example_dags/example_short_circuit_operator.py
[2025-01-20T11:23:51.444+0000] {logging_mixin.py:188} INFO - [2025-01-20T11:23:51.444+0000] {dag.py:3036} INFO - Sync 1 DAGs
[2025-01-20T11:23:51.496+0000] {logging_mixin.py:188} INFO - [2025-01-20T11:23:51.495+0000] {dag.py:3823} INFO - Setting next_dagrun for example_short_circuit_operator to 2025-01-19 00:00:00+00:00, run_after=2025-01-20 00:00:00+00:00
[2025-01-20T11:23:51.547+0000] {processor.py:183} INFO - Processing /home/airflow/.local/lib/python3.8/site-packages/airflow/example_dags/example_short_circuit_operator.py took 0.181 seconds
[2025-01-20T11:24:21.758+0000] {processor.py:161} INFO - Started process (PID=954) to work on /home/airflow/.local/lib/python3.8/site-packages/airflow/example_dags/example_short_circuit_operator.py
[2025-01-20T11:24:21.761+0000] {processor.py:830} INFO - Processing file /home/airflow/.local/lib/python3.8/site-packages/airflow/example_dags/example_short_circuit_operator.py for tasks to queue
[2025-01-20T11:24:21.782+0000] {logging_mixin.py:188} INFO - [2025-01-20T11:24:21.780+0000] {dagbag.py:538} INFO - Filling up the DagBag from /home/airflow/.local/lib/python3.8/site-packages/airflow/example_dags/example_short_circuit_operator.py
[2025-01-20T11:24:21.899+0000] {processor.py:840} INFO - DAG(s) 'example_short_circuit_operator' retrieved from /home/airflow/.local/lib/python3.8/site-packages/airflow/example_dags/example_short_circuit_operator.py
[2025-01-20T11:24:22.119+0000] {logging_mixin.py:188} INFO - [2025-01-20T11:24:22.118+0000] {dag.py:3036} INFO - Sync 1 DAGs
[2025-01-20T11:24:22.389+0000] {logging_mixin.py:188} INFO - [2025-01-20T11:24:22.388+0000] {dag.py:3823} INFO - Setting next_dagrun for example_short_circuit_operator to 2025-01-19 00:00:00+00:00, run_after=2025-01-20 00:00:00+00:00
[2025-01-20T11:24:22.485+0000] {processor.py:183} INFO - Processing /home/airflow/.local/lib/python3.8/site-packages/airflow/example_dags/example_short_circuit_operator.py took 0.741 seconds
[2025-01-20T11:24:52.835+0000] {processor.py:161} INFO - Started process (PID=1007) to work on /home/airflow/.local/lib/python3.8/site-packages/airflow/example_dags/example_short_circuit_operator.py
[2025-01-20T11:24:52.837+0000] {processor.py:830} INFO - Processing file /home/airflow/.local/lib/python3.8/site-packages/airflow/example_dags/example_short_circuit_operator.py for tasks to queue
[2025-01-20T11:24:52.840+0000] {logging_mixin.py:188} INFO - [2025-01-20T11:24:52.839+0000] {dagbag.py:538} INFO - Filling up the DagBag from /home/airflow/.local/lib/python3.8/site-packages/airflow/example_dags/example_short_circuit_operator.py
[2025-01-20T11:24:52.852+0000] {processor.py:840} INFO - DAG(s) 'example_short_circuit_operator' retrieved from /home/airflow/.local/lib/python3.8/site-packages/airflow/example_dags/example_short_circuit_operator.py
[2025-01-20T11:24:52.891+0000] {logging_mixin.py:188} INFO - [2025-01-20T11:24:52.891+0000] {dag.py:3036} INFO - Sync 1 DAGs
[2025-01-20T11:24:52.930+0000] {logging_mixin.py:188} INFO - [2025-01-20T11:24:52.930+0000] {dag.py:3823} INFO - Setting next_dagrun for example_short_circuit_operator to 2025-01-19 00:00:00+00:00, run_after=2025-01-20 00:00:00+00:00
[2025-01-20T11:24:52.970+0000] {processor.py:183} INFO - Processing /home/airflow/.local/lib/python3.8/site-packages/airflow/example_dags/example_short_circuit_operator.py took 0.140 seconds
[2025-01-20T11:25:23.378+0000] {processor.py:161} INFO - Started process (PID=1062) to work on /home/airflow/.local/lib/python3.8/site-packages/airflow/example_dags/example_short_circuit_operator.py
[2025-01-20T11:25:23.381+0000] {processor.py:830} INFO - Processing file /home/airflow/.local/lib/python3.8/site-packages/airflow/example_dags/example_short_circuit_operator.py for tasks to queue
[2025-01-20T11:25:23.387+0000] {logging_mixin.py:188} INFO - [2025-01-20T11:25:23.386+0000] {dagbag.py:538} INFO - Filling up the DagBag from /home/airflow/.local/lib/python3.8/site-packages/airflow/example_dags/example_short_circuit_operator.py
[2025-01-20T11:25:23.420+0000] {processor.py:840} INFO - DAG(s) 'example_short_circuit_operator' retrieved from /home/airflow/.local/lib/python3.8/site-packages/airflow/example_dags/example_short_circuit_operator.py
[2025-01-20T11:25:23.520+0000] {logging_mixin.py:188} INFO - [2025-01-20T11:25:23.519+0000] {dag.py:3036} INFO - Sync 1 DAGs
[2025-01-20T11:25:23.627+0000] {logging_mixin.py:188} INFO - [2025-01-20T11:25:23.626+0000] {dag.py:3823} INFO - Setting next_dagrun for example_short_circuit_operator to 2025-01-19 00:00:00+00:00, run_after=2025-01-20 00:00:00+00:00
[2025-01-20T11:25:23.705+0000] {processor.py:183} INFO - Processing /home/airflow/.local/lib/python3.8/site-packages/airflow/example_dags/example_short_circuit_operator.py took 0.335 seconds
[2025-01-20T11:25:53.977+0000] {processor.py:161} INFO - Started process (PID=1117) to work on /home/airflow/.local/lib/python3.8/site-packages/airflow/example_dags/example_short_circuit_operator.py
[2025-01-20T11:25:53.979+0000] {processor.py:830} INFO - Processing file /home/airflow/.local/lib/python3.8/site-packages/airflow/example_dags/example_short_circuit_operator.py for tasks to queue
[2025-01-20T11:25:53.982+0000] {logging_mixin.py:188} INFO - [2025-01-20T11:25:53.981+0000] {dagbag.py:538} INFO - Filling up the DagBag from /home/airflow/.local/lib/python3.8/site-packages/airflow/example_dags/example_short_circuit_operator.py
[2025-01-20T11:25:53.992+0000] {processor.py:840} INFO - DAG(s) 'example_short_circuit_operator' retrieved from /home/airflow/.local/lib/python3.8/site-packages/airflow/example_dags/example_short_circuit_operator.py
[2025-01-20T11:25:54.050+0000] {logging_mixin.py:188} INFO - [2025-01-20T11:25:54.049+0000] {dag.py:3036} INFO - Sync 1 DAGs
[2025-01-20T11:25:54.118+0000] {logging_mixin.py:188} INFO - [2025-01-20T11:25:54.118+0000] {dag.py:3823} INFO - Setting next_dagrun for example_short_circuit_operator to 2025-01-19 00:00:00+00:00, run_after=2025-01-20 00:00:00+00:00
[2025-01-20T11:25:54.151+0000] {processor.py:183} INFO - Processing /home/airflow/.local/lib/python3.8/site-packages/airflow/example_dags/example_short_circuit_operator.py took 0.177 seconds
[2025-01-20T11:26:24.731+0000] {processor.py:161} INFO - Started process (PID=1172) to work on /home/airflow/.local/lib/python3.8/site-packages/airflow/example_dags/example_short_circuit_operator.py
[2025-01-20T11:26:24.733+0000] {processor.py:830} INFO - Processing file /home/airflow/.local/lib/python3.8/site-packages/airflow/example_dags/example_short_circuit_operator.py for tasks to queue
[2025-01-20T11:26:24.737+0000] {logging_mixin.py:188} INFO - [2025-01-20T11:26:24.736+0000] {dagbag.py:538} INFO - Filling up the DagBag from /home/airflow/.local/lib/python3.8/site-packages/airflow/example_dags/example_short_circuit_operator.py
[2025-01-20T11:26:24.751+0000] {processor.py:840} INFO - DAG(s) 'example_short_circuit_operator' retrieved from /home/airflow/.local/lib/python3.8/site-packages/airflow/example_dags/example_short_circuit_operator.py
[2025-01-20T11:26:24.797+0000] {logging_mixin.py:188} INFO - [2025-01-20T11:26:24.797+0000] {dag.py:3036} INFO - Sync 1 DAGs
[2025-01-20T11:26:24.838+0000] {logging_mixin.py:188} INFO - [2025-01-20T11:26:24.838+0000] {dag.py:3823} INFO - Setting next_dagrun for example_short_circuit_operator to 2025-01-19 00:00:00+00:00, run_after=2025-01-20 00:00:00+00:00
[2025-01-20T11:26:24.884+0000] {processor.py:183} INFO - Processing /home/airflow/.local/lib/python3.8/site-packages/airflow/example_dags/example_short_circuit_operator.py took 0.160 seconds
[2025-01-20T11:26:55.333+0000] {processor.py:161} INFO - Started process (PID=1227) to work on /home/airflow/.local/lib/python3.8/site-packages/airflow/example_dags/example_short_circuit_operator.py
[2025-01-20T11:26:55.336+0000] {processor.py:830} INFO - Processing file /home/airflow/.local/lib/python3.8/site-packages/airflow/example_dags/example_short_circuit_operator.py for tasks to queue
[2025-01-20T11:26:55.340+0000] {logging_mixin.py:188} INFO - [2025-01-20T11:26:55.340+0000] {dagbag.py:538} INFO - Filling up the DagBag from /home/airflow/.local/lib/python3.8/site-packages/airflow/example_dags/example_short_circuit_operator.py
[2025-01-20T11:26:55.358+0000] {processor.py:840} INFO - DAG(s) 'example_short_circuit_operator' retrieved from /home/airflow/.local/lib/python3.8/site-packages/airflow/example_dags/example_short_circuit_operator.py
[2025-01-20T11:26:55.410+0000] {logging_mixin.py:188} INFO - [2025-01-20T11:26:55.409+0000] {dag.py:3036} INFO - Sync 1 DAGs
[2025-01-20T11:26:55.460+0000] {logging_mixin.py:188} INFO - [2025-01-20T11:26:55.459+0000] {dag.py:3823} INFO - Setting next_dagrun for example_short_circuit_operator to 2025-01-19 00:00:00+00:00, run_after=2025-01-20 00:00:00+00:00
[2025-01-20T11:26:55.498+0000] {processor.py:183} INFO - Processing /home/airflow/.local/lib/python3.8/site-packages/airflow/example_dags/example_short_circuit_operator.py took 0.177 seconds
[2025-01-20T11:27:26.220+0000] {processor.py:161} INFO - Started process (PID=1282) to work on /home/airflow/.local/lib/python3.8/site-packages/airflow/example_dags/example_short_circuit_operator.py
[2025-01-20T11:27:26.223+0000] {processor.py:830} INFO - Processing file /home/airflow/.local/lib/python3.8/site-packages/airflow/example_dags/example_short_circuit_operator.py for tasks to queue
[2025-01-20T11:27:26.228+0000] {logging_mixin.py:188} INFO - [2025-01-20T11:27:26.227+0000] {dagbag.py:538} INFO - Filling up the DagBag from /home/airflow/.local/lib/python3.8/site-packages/airflow/example_dags/example_short_circuit_operator.py
[2025-01-20T11:27:26.263+0000] {processor.py:840} INFO - DAG(s) 'example_short_circuit_operator' retrieved from /home/airflow/.local/lib/python3.8/site-packages/airflow/example_dags/example_short_circuit_operator.py
[2025-01-20T11:27:26.357+0000] {logging_mixin.py:188} INFO - [2025-01-20T11:27:26.356+0000] {dag.py:3036} INFO - Sync 1 DAGs
[2025-01-20T11:27:26.471+0000] {logging_mixin.py:188} INFO - [2025-01-20T11:27:26.467+0000] {dag.py:3823} INFO - Setting next_dagrun for example_short_circuit_operator to 2025-01-19 00:00:00+00:00, run_after=2025-01-20 00:00:00+00:00
[2025-01-20T11:27:26.559+0000] {processor.py:183} INFO - Processing /home/airflow/.local/lib/python3.8/site-packages/airflow/example_dags/example_short_circuit_operator.py took 0.348 seconds
[2025-01-20T11:27:56.637+0000] {processor.py:161} INFO - Started process (PID=1337) to work on /home/airflow/.local/lib/python3.8/site-packages/airflow/example_dags/example_short_circuit_operator.py
[2025-01-20T11:27:56.639+0000] {processor.py:830} INFO - Processing file /home/airflow/.local/lib/python3.8/site-packages/airflow/example_dags/example_short_circuit_operator.py for tasks to queue
[2025-01-20T11:27:56.643+0000] {logging_mixin.py:188} INFO - [2025-01-20T11:27:56.642+0000] {dagbag.py:538} INFO - Filling up the DagBag from /home/airflow/.local/lib/python3.8/site-packages/airflow/example_dags/example_short_circuit_operator.py
[2025-01-20T11:27:56.657+0000] {processor.py:840} INFO - DAG(s) 'example_short_circuit_operator' retrieved from /home/airflow/.local/lib/python3.8/site-packages/airflow/example_dags/example_short_circuit_operator.py
[2025-01-20T11:27:56.698+0000] {logging_mixin.py:188} INFO - [2025-01-20T11:27:56.698+0000] {dag.py:3036} INFO - Sync 1 DAGs
[2025-01-20T11:27:56.740+0000] {logging_mixin.py:188} INFO - [2025-01-20T11:27:56.739+0000] {dag.py:3823} INFO - Setting next_dagrun for example_short_circuit_operator to 2025-01-19 00:00:00+00:00, run_after=2025-01-20 00:00:00+00:00
[2025-01-20T11:27:56.775+0000] {processor.py:183} INFO - Processing /home/airflow/.local/lib/python3.8/site-packages/airflow/example_dags/example_short_circuit_operator.py took 0.144 seconds
[2025-01-20T11:28:26.841+0000] {processor.py:161} INFO - Started process (PID=1392) to work on /home/airflow/.local/lib/python3.8/site-packages/airflow/example_dags/example_short_circuit_operator.py
[2025-01-20T11:28:26.843+0000] {processor.py:830} INFO - Processing file /home/airflow/.local/lib/python3.8/site-packages/airflow/example_dags/example_short_circuit_operator.py for tasks to queue
[2025-01-20T11:28:26.847+0000] {logging_mixin.py:188} INFO - [2025-01-20T11:28:26.846+0000] {dagbag.py:538} INFO - Filling up the DagBag from /home/airflow/.local/lib/python3.8/site-packages/airflow/example_dags/example_short_circuit_operator.py
[2025-01-20T11:28:26.864+0000] {processor.py:840} INFO - DAG(s) 'example_short_circuit_operator' retrieved from /home/airflow/.local/lib/python3.8/site-packages/airflow/example_dags/example_short_circuit_operator.py
[2025-01-20T11:28:26.902+0000] {logging_mixin.py:188} INFO - [2025-01-20T11:28:26.902+0000] {dag.py:3036} INFO - Sync 1 DAGs
[2025-01-20T11:28:26.937+0000] {logging_mixin.py:188} INFO - [2025-01-20T11:28:26.936+0000] {dag.py:3823} INFO - Setting next_dagrun for example_short_circuit_operator to 2025-01-19 00:00:00+00:00, run_after=2025-01-20 00:00:00+00:00
[2025-01-20T11:28:26.970+0000] {processor.py:183} INFO - Processing /home/airflow/.local/lib/python3.8/site-packages/airflow/example_dags/example_short_circuit_operator.py took 0.135 seconds
[2025-01-20T11:28:57.068+0000] {processor.py:161} INFO - Started process (PID=1447) to work on /home/airflow/.local/lib/python3.8/site-packages/airflow/example_dags/example_short_circuit_operator.py
[2025-01-20T11:28:57.070+0000] {processor.py:830} INFO - Processing file /home/airflow/.local/lib/python3.8/site-packages/airflow/example_dags/example_short_circuit_operator.py for tasks to queue
[2025-01-20T11:28:57.072+0000] {logging_mixin.py:188} INFO - [2025-01-20T11:28:57.072+0000] {dagbag.py:538} INFO - Filling up the DagBag from /home/airflow/.local/lib/python3.8/site-packages/airflow/example_dags/example_short_circuit_operator.py
[2025-01-20T11:28:57.082+0000] {processor.py:840} INFO - DAG(s) 'example_short_circuit_operator' retrieved from /home/airflow/.local/lib/python3.8/site-packages/airflow/example_dags/example_short_circuit_operator.py
[2025-01-20T11:28:57.129+0000] {logging_mixin.py:188} INFO - [2025-01-20T11:28:57.128+0000] {dag.py:3036} INFO - Sync 1 DAGs
[2025-01-20T11:28:57.164+0000] {logging_mixin.py:188} INFO - [2025-01-20T11:28:57.164+0000] {dag.py:3823} INFO - Setting next_dagrun for example_short_circuit_operator to 2025-01-19 00:00:00+00:00, run_after=2025-01-20 00:00:00+00:00
[2025-01-20T11:28:57.198+0000] {processor.py:183} INFO - Processing /home/airflow/.local/lib/python3.8/site-packages/airflow/example_dags/example_short_circuit_operator.py took 0.134 seconds
[2025-01-20T11:29:27.604+0000] {processor.py:161} INFO - Started process (PID=1502) to work on /home/airflow/.local/lib/python3.8/site-packages/airflow/example_dags/example_short_circuit_operator.py
[2025-01-20T11:29:27.606+0000] {processor.py:830} INFO - Processing file /home/airflow/.local/lib/python3.8/site-packages/airflow/example_dags/example_short_circuit_operator.py for tasks to queue
[2025-01-20T11:29:27.611+0000] {logging_mixin.py:188} INFO - [2025-01-20T11:29:27.610+0000] {dagbag.py:538} INFO - Filling up the DagBag from /home/airflow/.local/lib/python3.8/site-packages/airflow/example_dags/example_short_circuit_operator.py
[2025-01-20T11:29:27.637+0000] {processor.py:840} INFO - DAG(s) 'example_short_circuit_operator' retrieved from /home/airflow/.local/lib/python3.8/site-packages/airflow/example_dags/example_short_circuit_operator.py
[2025-01-20T11:29:27.690+0000] {logging_mixin.py:188} INFO - [2025-01-20T11:29:27.689+0000] {dag.py:3036} INFO - Sync 1 DAGs
[2025-01-20T11:29:27.740+0000] {logging_mixin.py:188} INFO - [2025-01-20T11:29:27.739+0000] {dag.py:3823} INFO - Setting next_dagrun for example_short_circuit_operator to 2025-01-19 00:00:00+00:00, run_after=2025-01-20 00:00:00+00:00
[2025-01-20T11:29:27.784+0000] {processor.py:183} INFO - Processing /home/airflow/.local/lib/python3.8/site-packages/airflow/example_dags/example_short_circuit_operator.py took 0.188 seconds
[2025-01-20T11:29:58.347+0000] {processor.py:161} INFO - Started process (PID=1558) to work on /home/airflow/.local/lib/python3.8/site-packages/airflow/example_dags/example_short_circuit_operator.py
[2025-01-20T11:29:58.349+0000] {processor.py:830} INFO - Processing file /home/airflow/.local/lib/python3.8/site-packages/airflow/example_dags/example_short_circuit_operator.py for tasks to queue
[2025-01-20T11:29:58.353+0000] {logging_mixin.py:188} INFO - [2025-01-20T11:29:58.352+0000] {dagbag.py:538} INFO - Filling up the DagBag from /home/airflow/.local/lib/python3.8/site-packages/airflow/example_dags/example_short_circuit_operator.py
[2025-01-20T11:29:58.367+0000] {processor.py:840} INFO - DAG(s) 'example_short_circuit_operator' retrieved from /home/airflow/.local/lib/python3.8/site-packages/airflow/example_dags/example_short_circuit_operator.py
[2025-01-20T11:29:58.422+0000] {logging_mixin.py:188} INFO - [2025-01-20T11:29:58.421+0000] {dag.py:3036} INFO - Sync 1 DAGs
[2025-01-20T11:29:58.465+0000] {logging_mixin.py:188} INFO - [2025-01-20T11:29:58.464+0000] {dag.py:3823} INFO - Setting next_dagrun for example_short_circuit_operator to 2025-01-19 00:00:00+00:00, run_after=2025-01-20 00:00:00+00:00
[2025-01-20T11:29:58.497+0000] {processor.py:183} INFO - Processing /home/airflow/.local/lib/python3.8/site-packages/airflow/example_dags/example_short_circuit_operator.py took 0.157 seconds
[2025-01-20T11:30:28.605+0000] {processor.py:161} INFO - Started process (PID=1612) to work on /home/airflow/.local/lib/python3.8/site-packages/airflow/example_dags/example_short_circuit_operator.py
[2025-01-20T11:30:28.609+0000] {processor.py:830} INFO - Processing file /home/airflow/.local/lib/python3.8/site-packages/airflow/example_dags/example_short_circuit_operator.py for tasks to queue
[2025-01-20T11:30:28.616+0000] {logging_mixin.py:188} INFO - [2025-01-20T11:30:28.615+0000] {dagbag.py:538} INFO - Filling up the DagBag from /home/airflow/.local/lib/python3.8/site-packages/airflow/example_dags/example_short_circuit_operator.py
[2025-01-20T11:30:28.664+0000] {processor.py:840} INFO - DAG(s) 'example_short_circuit_operator' retrieved from /home/airflow/.local/lib/python3.8/site-packages/airflow/example_dags/example_short_circuit_operator.py
[2025-01-20T11:30:28.833+0000] {logging_mixin.py:188} INFO - [2025-01-20T11:30:28.833+0000] {dag.py:3036} INFO - Sync 1 DAGs
[2025-01-20T11:30:28.958+0000] {logging_mixin.py:188} INFO - [2025-01-20T11:30:28.957+0000] {dag.py:3823} INFO - Setting next_dagrun for example_short_circuit_operator to 2025-01-19 00:00:00+00:00, run_after=2025-01-20 00:00:00+00:00
[2025-01-20T11:30:29.047+0000] {processor.py:183} INFO - Processing /home/airflow/.local/lib/python3.8/site-packages/airflow/example_dags/example_short_circuit_operator.py took 0.484 seconds
[2025-01-20T11:30:59.156+0000] {processor.py:161} INFO - Started process (PID=1667) to work on /home/airflow/.local/lib/python3.8/site-packages/airflow/example_dags/example_short_circuit_operator.py
[2025-01-20T11:30:59.158+0000] {processor.py:830} INFO - Processing file /home/airflow/.local/lib/python3.8/site-packages/airflow/example_dags/example_short_circuit_operator.py for tasks to queue
[2025-01-20T11:30:59.165+0000] {logging_mixin.py:188} INFO - [2025-01-20T11:30:59.164+0000] {dagbag.py:538} INFO - Filling up the DagBag from /home/airflow/.local/lib/python3.8/site-packages/airflow/example_dags/example_short_circuit_operator.py
[2025-01-20T11:30:59.183+0000] {processor.py:840} INFO - DAG(s) 'example_short_circuit_operator' retrieved from /home/airflow/.local/lib/python3.8/site-packages/airflow/example_dags/example_short_circuit_operator.py
[2025-01-20T11:30:59.220+0000] {logging_mixin.py:188} INFO - [2025-01-20T11:30:59.219+0000] {dag.py:3036} INFO - Sync 1 DAGs
[2025-01-20T11:30:59.254+0000] {logging_mixin.py:188} INFO - [2025-01-20T11:30:59.254+0000] {dag.py:3823} INFO - Setting next_dagrun for example_short_circuit_operator to 2025-01-19 00:00:00+00:00, run_after=2025-01-20 00:00:00+00:00
[2025-01-20T11:30:59.284+0000] {processor.py:183} INFO - Processing /home/airflow/.local/lib/python3.8/site-packages/airflow/example_dags/example_short_circuit_operator.py took 0.135 seconds
[2025-01-20T11:31:29.654+0000] {processor.py:161} INFO - Started process (PID=1722) to work on /home/airflow/.local/lib/python3.8/site-packages/airflow/example_dags/example_short_circuit_operator.py
[2025-01-20T11:31:29.655+0000] {processor.py:830} INFO - Processing file /home/airflow/.local/lib/python3.8/site-packages/airflow/example_dags/example_short_circuit_operator.py for tasks to queue
[2025-01-20T11:31:29.658+0000] {logging_mixin.py:188} INFO - [2025-01-20T11:31:29.658+0000] {dagbag.py:538} INFO - Filling up the DagBag from /home/airflow/.local/lib/python3.8/site-packages/airflow/example_dags/example_short_circuit_operator.py
[2025-01-20T11:31:29.673+0000] {processor.py:840} INFO - DAG(s) 'example_short_circuit_operator' retrieved from /home/airflow/.local/lib/python3.8/site-packages/airflow/example_dags/example_short_circuit_operator.py
[2025-01-20T11:31:29.713+0000] {logging_mixin.py:188} INFO - [2025-01-20T11:31:29.713+0000] {dag.py:3036} INFO - Sync 1 DAGs
[2025-01-20T11:31:29.748+0000] {logging_mixin.py:188} INFO - [2025-01-20T11:31:29.747+0000] {dag.py:3823} INFO - Setting next_dagrun for example_short_circuit_operator to 2025-01-19 00:00:00+00:00, run_after=2025-01-20 00:00:00+00:00
[2025-01-20T11:31:29.781+0000] {processor.py:183} INFO - Processing /home/airflow/.local/lib/python3.8/site-packages/airflow/example_dags/example_short_circuit_operator.py took 0.133 seconds
[2025-01-20T11:32:00.287+0000] {processor.py:161} INFO - Started process (PID=1777) to work on /home/airflow/.local/lib/python3.8/site-packages/airflow/example_dags/example_short_circuit_operator.py
[2025-01-20T11:32:00.289+0000] {processor.py:830} INFO - Processing file /home/airflow/.local/lib/python3.8/site-packages/airflow/example_dags/example_short_circuit_operator.py for tasks to queue
[2025-01-20T11:32:00.295+0000] {logging_mixin.py:188} INFO - [2025-01-20T11:32:00.294+0000] {dagbag.py:538} INFO - Filling up the DagBag from /home/airflow/.local/lib/python3.8/site-packages/airflow/example_dags/example_short_circuit_operator.py
[2025-01-20T11:32:00.315+0000] {processor.py:840} INFO - DAG(s) 'example_short_circuit_operator' retrieved from /home/airflow/.local/lib/python3.8/site-packages/airflow/example_dags/example_short_circuit_operator.py
[2025-01-20T11:32:00.359+0000] {logging_mixin.py:188} INFO - [2025-01-20T11:32:00.358+0000] {dag.py:3036} INFO - Sync 1 DAGs
[2025-01-20T11:32:00.398+0000] {logging_mixin.py:188} INFO - [2025-01-20T11:32:00.398+0000] {dag.py:3823} INFO - Setting next_dagrun for example_short_circuit_operator to 2025-01-19 00:00:00+00:00, run_after=2025-01-20 00:00:00+00:00
[2025-01-20T11:32:00.434+0000] {processor.py:183} INFO - Processing /home/airflow/.local/lib/python3.8/site-packages/airflow/example_dags/example_short_circuit_operator.py took 0.155 seconds
[2025-01-20T11:32:30.550+0000] {processor.py:161} INFO - Started process (PID=1832) to work on /home/airflow/.local/lib/python3.8/site-packages/airflow/example_dags/example_short_circuit_operator.py
[2025-01-20T11:32:30.553+0000] {processor.py:830} INFO - Processing file /home/airflow/.local/lib/python3.8/site-packages/airflow/example_dags/example_short_circuit_operator.py for tasks to queue
[2025-01-20T11:32:30.556+0000] {logging_mixin.py:188} INFO - [2025-01-20T11:32:30.555+0000] {dagbag.py:538} INFO - Filling up the DagBag from /home/airflow/.local/lib/python3.8/site-packages/airflow/example_dags/example_short_circuit_operator.py
[2025-01-20T11:32:30.569+0000] {processor.py:840} INFO - DAG(s) 'example_short_circuit_operator' retrieved from /home/airflow/.local/lib/python3.8/site-packages/airflow/example_dags/example_short_circuit_operator.py
[2025-01-20T11:32:30.614+0000] {logging_mixin.py:188} INFO - [2025-01-20T11:32:30.613+0000] {dag.py:3036} INFO - Sync 1 DAGs
[2025-01-20T11:32:30.657+0000] {logging_mixin.py:188} INFO - [2025-01-20T11:32:30.657+0000] {dag.py:3823} INFO - Setting next_dagrun for example_short_circuit_operator to 2025-01-19 00:00:00+00:00, run_after=2025-01-20 00:00:00+00:00
[2025-01-20T11:32:30.695+0000] {processor.py:183} INFO - Processing /home/airflow/.local/lib/python3.8/site-packages/airflow/example_dags/example_short_circuit_operator.py took 0.151 seconds
[2025-01-20T11:33:00.897+0000] {processor.py:161} INFO - Started process (PID=1887) to work on /home/airflow/.local/lib/python3.8/site-packages/airflow/example_dags/example_short_circuit_operator.py
[2025-01-20T11:33:00.899+0000] {processor.py:830} INFO - Processing file /home/airflow/.local/lib/python3.8/site-packages/airflow/example_dags/example_short_circuit_operator.py for tasks to queue
[2025-01-20T11:33:00.903+0000] {logging_mixin.py:188} INFO - [2025-01-20T11:33:00.903+0000] {dagbag.py:538} INFO - Filling up the DagBag from /home/airflow/.local/lib/python3.8/site-packages/airflow/example_dags/example_short_circuit_operator.py
[2025-01-20T11:33:00.925+0000] {processor.py:840} INFO - DAG(s) 'example_short_circuit_operator' retrieved from /home/airflow/.local/lib/python3.8/site-packages/airflow/example_dags/example_short_circuit_operator.py
[2025-01-20T11:33:00.970+0000] {logging_mixin.py:188} INFO - [2025-01-20T11:33:00.970+0000] {dag.py:3036} INFO - Sync 1 DAGs
[2025-01-20T11:33:01.009+0000] {logging_mixin.py:188} INFO - [2025-01-20T11:33:01.009+0000] {dag.py:3823} INFO - Setting next_dagrun for example_short_circuit_operator to 2025-01-19 00:00:00+00:00, run_after=2025-01-20 00:00:00+00:00
[2025-01-20T11:33:01.046+0000] {processor.py:183} INFO - Processing /home/airflow/.local/lib/python3.8/site-packages/airflow/example_dags/example_short_circuit_operator.py took 0.157 seconds
[2025-01-20T11:33:31.206+0000] {processor.py:161} INFO - Started process (PID=1942) to work on /home/airflow/.local/lib/python3.8/site-packages/airflow/example_dags/example_short_circuit_operator.py
[2025-01-20T11:33:31.207+0000] {processor.py:830} INFO - Processing file /home/airflow/.local/lib/python3.8/site-packages/airflow/example_dags/example_short_circuit_operator.py for tasks to queue
[2025-01-20T11:33:31.212+0000] {logging_mixin.py:188} INFO - [2025-01-20T11:33:31.211+0000] {dagbag.py:538} INFO - Filling up the DagBag from /home/airflow/.local/lib/python3.8/site-packages/airflow/example_dags/example_short_circuit_operator.py
[2025-01-20T11:33:31.227+0000] {processor.py:840} INFO - DAG(s) 'example_short_circuit_operator' retrieved from /home/airflow/.local/lib/python3.8/site-packages/airflow/example_dags/example_short_circuit_operator.py
[2025-01-20T11:33:31.272+0000] {logging_mixin.py:188} INFO - [2025-01-20T11:33:31.272+0000] {dag.py:3036} INFO - Sync 1 DAGs
[2025-01-20T11:33:31.315+0000] {logging_mixin.py:188} INFO - [2025-01-20T11:33:31.315+0000] {dag.py:3823} INFO - Setting next_dagrun for example_short_circuit_operator to 2025-01-19 00:00:00+00:00, run_after=2025-01-20 00:00:00+00:00
[2025-01-20T11:33:31.359+0000] {processor.py:183} INFO - Processing /home/airflow/.local/lib/python3.8/site-packages/airflow/example_dags/example_short_circuit_operator.py took 0.161 seconds
[2025-01-20T11:34:01.852+0000] {processor.py:161} INFO - Started process (PID=1997) to work on /home/airflow/.local/lib/python3.8/site-packages/airflow/example_dags/example_short_circuit_operator.py
[2025-01-20T11:34:01.854+0000] {processor.py:830} INFO - Processing file /home/airflow/.local/lib/python3.8/site-packages/airflow/example_dags/example_short_circuit_operator.py for tasks to queue
[2025-01-20T11:34:01.858+0000] {logging_mixin.py:188} INFO - [2025-01-20T11:34:01.857+0000] {dagbag.py:538} INFO - Filling up the DagBag from /home/airflow/.local/lib/python3.8/site-packages/airflow/example_dags/example_short_circuit_operator.py
[2025-01-20T11:34:01.879+0000] {processor.py:840} INFO - DAG(s) 'example_short_circuit_operator' retrieved from /home/airflow/.local/lib/python3.8/site-packages/airflow/example_dags/example_short_circuit_operator.py
[2025-01-20T11:34:01.951+0000] {logging_mixin.py:188} INFO - [2025-01-20T11:34:01.950+0000] {dag.py:3036} INFO - Sync 1 DAGs
[2025-01-20T11:34:02.050+0000] {logging_mixin.py:188} INFO - [2025-01-20T11:34:02.049+0000] {dag.py:3823} INFO - Setting next_dagrun for example_short_circuit_operator to 2025-01-19 00:00:00+00:00, run_after=2025-01-20 00:00:00+00:00
[2025-01-20T11:34:02.169+0000] {processor.py:183} INFO - Processing /home/airflow/.local/lib/python3.8/site-packages/airflow/example_dags/example_short_circuit_operator.py took 0.323 seconds
[2025-01-20T11:34:32.661+0000] {processor.py:161} INFO - Started process (PID=2052) to work on /home/airflow/.local/lib/python3.8/site-packages/airflow/example_dags/example_short_circuit_operator.py
[2025-01-20T11:34:32.675+0000] {processor.py:830} INFO - Processing file /home/airflow/.local/lib/python3.8/site-packages/airflow/example_dags/example_short_circuit_operator.py for tasks to queue
[2025-01-20T11:34:32.690+0000] {logging_mixin.py:188} INFO - [2025-01-20T11:34:32.687+0000] {dagbag.py:538} INFO - Filling up the DagBag from /home/airflow/.local/lib/python3.8/site-packages/airflow/example_dags/example_short_circuit_operator.py
[2025-01-20T11:34:32.725+0000] {processor.py:840} INFO - DAG(s) 'example_short_circuit_operator' retrieved from /home/airflow/.local/lib/python3.8/site-packages/airflow/example_dags/example_short_circuit_operator.py
[2025-01-20T11:34:32.816+0000] {logging_mixin.py:188} INFO - [2025-01-20T11:34:32.815+0000] {dag.py:3036} INFO - Sync 1 DAGs
[2025-01-20T11:34:32.908+0000] {logging_mixin.py:188} INFO - [2025-01-20T11:34:32.907+0000] {dag.py:3823} INFO - Setting next_dagrun for example_short_circuit_operator to 2025-01-19 00:00:00+00:00, run_after=2025-01-20 00:00:00+00:00
[2025-01-20T11:34:32.987+0000] {processor.py:183} INFO - Processing /home/airflow/.local/lib/python3.8/site-packages/airflow/example_dags/example_short_circuit_operator.py took 0.341 seconds
[2025-01-20T11:35:03.186+0000] {processor.py:161} INFO - Started process (PID=2106) to work on /home/airflow/.local/lib/python3.8/site-packages/airflow/example_dags/example_short_circuit_operator.py
[2025-01-20T11:35:03.187+0000] {processor.py:830} INFO - Processing file /home/airflow/.local/lib/python3.8/site-packages/airflow/example_dags/example_short_circuit_operator.py for tasks to queue
[2025-01-20T11:35:03.190+0000] {logging_mixin.py:188} INFO - [2025-01-20T11:35:03.189+0000] {dagbag.py:538} INFO - Filling up the DagBag from /home/airflow/.local/lib/python3.8/site-packages/airflow/example_dags/example_short_circuit_operator.py
[2025-01-20T11:35:03.202+0000] {processor.py:840} INFO - DAG(s) 'example_short_circuit_operator' retrieved from /home/airflow/.local/lib/python3.8/site-packages/airflow/example_dags/example_short_circuit_operator.py
[2025-01-20T11:35:03.243+0000] {logging_mixin.py:188} INFO - [2025-01-20T11:35:03.243+0000] {dag.py:3036} INFO - Sync 1 DAGs
[2025-01-20T11:35:03.283+0000] {logging_mixin.py:188} INFO - [2025-01-20T11:35:03.282+0000] {dag.py:3823} INFO - Setting next_dagrun for example_short_circuit_operator to 2025-01-19 00:00:00+00:00, run_after=2025-01-20 00:00:00+00:00
[2025-01-20T11:35:03.317+0000] {processor.py:183} INFO - Processing /home/airflow/.local/lib/python3.8/site-packages/airflow/example_dags/example_short_circuit_operator.py took 0.136 seconds
[2025-01-20T11:35:33.606+0000] {processor.py:161} INFO - Started process (PID=2161) to work on /home/airflow/.local/lib/python3.8/site-packages/airflow/example_dags/example_short_circuit_operator.py
[2025-01-20T11:35:33.608+0000] {processor.py:830} INFO - Processing file /home/airflow/.local/lib/python3.8/site-packages/airflow/example_dags/example_short_circuit_operator.py for tasks to queue
[2025-01-20T11:35:33.612+0000] {logging_mixin.py:188} INFO - [2025-01-20T11:35:33.611+0000] {dagbag.py:538} INFO - Filling up the DagBag from /home/airflow/.local/lib/python3.8/site-packages/airflow/example_dags/example_short_circuit_operator.py
[2025-01-20T11:35:33.628+0000] {processor.py:840} INFO - DAG(s) 'example_short_circuit_operator' retrieved from /home/airflow/.local/lib/python3.8/site-packages/airflow/example_dags/example_short_circuit_operator.py
[2025-01-20T11:35:33.670+0000] {logging_mixin.py:188} INFO - [2025-01-20T11:35:33.670+0000] {dag.py:3036} INFO - Sync 1 DAGs
[2025-01-20T11:35:33.707+0000] {logging_mixin.py:188} INFO - [2025-01-20T11:35:33.707+0000] {dag.py:3823} INFO - Setting next_dagrun for example_short_circuit_operator to 2025-01-19 00:00:00+00:00, run_after=2025-01-20 00:00:00+00:00
[2025-01-20T11:35:33.740+0000] {processor.py:183} INFO - Processing /home/airflow/.local/lib/python3.8/site-packages/airflow/example_dags/example_short_circuit_operator.py took 0.141 seconds
[2025-01-20T11:36:03.794+0000] {processor.py:161} INFO - Started process (PID=2216) to work on /home/airflow/.local/lib/python3.8/site-packages/airflow/example_dags/example_short_circuit_operator.py
[2025-01-20T11:36:03.795+0000] {processor.py:830} INFO - Processing file /home/airflow/.local/lib/python3.8/site-packages/airflow/example_dags/example_short_circuit_operator.py for tasks to queue
[2025-01-20T11:36:03.800+0000] {logging_mixin.py:188} INFO - [2025-01-20T11:36:03.799+0000] {dagbag.py:538} INFO - Filling up the DagBag from /home/airflow/.local/lib/python3.8/site-packages/airflow/example_dags/example_short_circuit_operator.py
[2025-01-20T11:36:03.811+0000] {processor.py:840} INFO - DAG(s) 'example_short_circuit_operator' retrieved from /home/airflow/.local/lib/python3.8/site-packages/airflow/example_dags/example_short_circuit_operator.py
[2025-01-20T11:36:03.846+0000] {logging_mixin.py:188} INFO - [2025-01-20T11:36:03.846+0000] {dag.py:3036} INFO - Sync 1 DAGs
[2025-01-20T11:36:03.878+0000] {logging_mixin.py:188} INFO - [2025-01-20T11:36:03.878+0000] {dag.py:3823} INFO - Setting next_dagrun for example_short_circuit_operator to 2025-01-19 00:00:00+00:00, run_after=2025-01-20 00:00:00+00:00
[2025-01-20T11:36:03.906+0000] {processor.py:183} INFO - Processing /home/airflow/.local/lib/python3.8/site-packages/airflow/example_dags/example_short_circuit_operator.py took 0.117 seconds
[2025-01-20T11:36:34.252+0000] {processor.py:161} INFO - Started process (PID=2271) to work on /home/airflow/.local/lib/python3.8/site-packages/airflow/example_dags/example_short_circuit_operator.py
[2025-01-20T11:36:34.255+0000] {processor.py:830} INFO - Processing file /home/airflow/.local/lib/python3.8/site-packages/airflow/example_dags/example_short_circuit_operator.py for tasks to queue
[2025-01-20T11:36:34.258+0000] {logging_mixin.py:188} INFO - [2025-01-20T11:36:34.258+0000] {dagbag.py:538} INFO - Filling up the DagBag from /home/airflow/.local/lib/python3.8/site-packages/airflow/example_dags/example_short_circuit_operator.py
[2025-01-20T11:36:34.275+0000] {processor.py:840} INFO - DAG(s) 'example_short_circuit_operator' retrieved from /home/airflow/.local/lib/python3.8/site-packages/airflow/example_dags/example_short_circuit_operator.py
[2025-01-20T11:36:34.368+0000] {logging_mixin.py:188} INFO - [2025-01-20T11:36:34.367+0000] {dag.py:3036} INFO - Sync 1 DAGs
[2025-01-20T11:36:34.423+0000] {logging_mixin.py:188} INFO - [2025-01-20T11:36:34.423+0000] {dag.py:3823} INFO - Setting next_dagrun for example_short_circuit_operator to 2025-01-19 00:00:00+00:00, run_after=2025-01-20 00:00:00+00:00
[2025-01-20T11:36:34.456+0000] {processor.py:183} INFO - Processing /home/airflow/.local/lib/python3.8/site-packages/airflow/example_dags/example_short_circuit_operator.py took 0.211 seconds
[2025-01-20T11:37:05.073+0000] {processor.py:161} INFO - Started process (PID=2332) to work on /home/airflow/.local/lib/python3.8/site-packages/airflow/example_dags/example_short_circuit_operator.py
[2025-01-20T11:37:05.075+0000] {processor.py:830} INFO - Processing file /home/airflow/.local/lib/python3.8/site-packages/airflow/example_dags/example_short_circuit_operator.py for tasks to queue
[2025-01-20T11:37:05.077+0000] {logging_mixin.py:188} INFO - [2025-01-20T11:37:05.077+0000] {dagbag.py:538} INFO - Filling up the DagBag from /home/airflow/.local/lib/python3.8/site-packages/airflow/example_dags/example_short_circuit_operator.py
[2025-01-20T11:37:05.091+0000] {processor.py:840} INFO - DAG(s) 'example_short_circuit_operator' retrieved from /home/airflow/.local/lib/python3.8/site-packages/airflow/example_dags/example_short_circuit_operator.py
[2025-01-20T11:37:05.128+0000] {logging_mixin.py:188} INFO - [2025-01-20T11:37:05.127+0000] {dag.py:3036} INFO - Sync 1 DAGs
[2025-01-20T11:37:05.163+0000] {logging_mixin.py:188} INFO - [2025-01-20T11:37:05.162+0000] {dag.py:3823} INFO - Setting next_dagrun for example_short_circuit_operator to 2025-01-19 00:00:00+00:00, run_after=2025-01-20 00:00:00+00:00
[2025-01-20T11:37:05.202+0000] {processor.py:183} INFO - Processing /home/airflow/.local/lib/python3.8/site-packages/airflow/example_dags/example_short_circuit_operator.py took 0.134 seconds
