[2025-01-20T11:16:22.586+0000] {processor.py:161} INFO - Started process (PID=94) to work on /home/airflow/.local/lib/python3.8/site-packages/airflow/example_dags/example_xcomargs.py
[2025-01-20T11:16:22.588+0000] {processor.py:830} INFO - Processing file /home/airflow/.local/lib/python3.8/site-packages/airflow/example_dags/example_xcomargs.py for tasks to queue
[2025-01-20T11:16:22.591+0000] {logging_mixin.py:188} INFO - [2025-01-20T11:16:22.591+0000] {dagbag.py:538} INFO - Filling up the DagBag from /home/airflow/.local/lib/python3.8/site-packages/airflow/example_dags/example_xcomargs.py
[2025-01-20T11:16:22.627+0000] {processor.py:840} INFO - DAG(s) 'example_xcom_args', 'example_xcom_args_with_operators' retrieved from /home/airflow/.local/lib/python3.8/site-packages/airflow/example_dags/example_xcomargs.py
[2025-01-20T11:16:22.845+0000] {logging_mixin.py:188} INFO - [2025-01-20T11:16:22.845+0000] {dag.py:3036} INFO - Sync 2 DAGs
[2025-01-20T11:16:22.861+0000] {logging_mixin.py:188} INFO - [2025-01-20T11:16:22.861+0000] {dag.py:3823} INFO - Setting next_dagrun for example_xcom_args to None, run_after=None
[2025-01-20T11:16:22.866+0000] {logging_mixin.py:188} INFO - [2025-01-20T11:16:22.865+0000] {dag.py:3823} INFO - Setting next_dagrun for example_xcom_args_with_operators to None, run_after=None
[2025-01-20T11:16:22.957+0000] {processor.py:183} INFO - Processing /home/airflow/.local/lib/python3.8/site-packages/airflow/example_dags/example_xcomargs.py took 0.376 seconds
[2025-01-20T11:16:53.281+0000] {processor.py:161} INFO - Started process (PID=149) to work on /home/airflow/.local/lib/python3.8/site-packages/airflow/example_dags/example_xcomargs.py
[2025-01-20T11:16:53.283+0000] {processor.py:830} INFO - Processing file /home/airflow/.local/lib/python3.8/site-packages/airflow/example_dags/example_xcomargs.py for tasks to queue
[2025-01-20T11:16:53.287+0000] {logging_mixin.py:188} INFO - [2025-01-20T11:16:53.287+0000] {dagbag.py:538} INFO - Filling up the DagBag from /home/airflow/.local/lib/python3.8/site-packages/airflow/example_dags/example_xcomargs.py
[2025-01-20T11:16:53.304+0000] {processor.py:840} INFO - DAG(s) 'example_xcom_args_with_operators', 'example_xcom_args' retrieved from /home/airflow/.local/lib/python3.8/site-packages/airflow/example_dags/example_xcomargs.py
[2025-01-20T11:16:53.384+0000] {logging_mixin.py:188} INFO - [2025-01-20T11:16:53.383+0000] {dag.py:3036} INFO - Sync 2 DAGs
[2025-01-20T11:16:53.413+0000] {logging_mixin.py:188} INFO - [2025-01-20T11:16:53.412+0000] {dag.py:3823} INFO - Setting next_dagrun for example_xcom_args to None, run_after=None
[2025-01-20T11:16:53.419+0000] {logging_mixin.py:188} INFO - [2025-01-20T11:16:53.419+0000] {dag.py:3823} INFO - Setting next_dagrun for example_xcom_args_with_operators to None, run_after=None
[2025-01-20T11:16:53.464+0000] {processor.py:183} INFO - Processing /home/airflow/.local/lib/python3.8/site-packages/airflow/example_dags/example_xcomargs.py took 0.188 seconds
[2025-01-20T11:17:23.917+0000] {processor.py:161} INFO - Started process (PID=204) to work on /home/airflow/.local/lib/python3.8/site-packages/airflow/example_dags/example_xcomargs.py
[2025-01-20T11:17:23.918+0000] {processor.py:830} INFO - Processing file /home/airflow/.local/lib/python3.8/site-packages/airflow/example_dags/example_xcomargs.py for tasks to queue
[2025-01-20T11:17:23.921+0000] {logging_mixin.py:188} INFO - [2025-01-20T11:17:23.921+0000] {dagbag.py:538} INFO - Filling up the DagBag from /home/airflow/.local/lib/python3.8/site-packages/airflow/example_dags/example_xcomargs.py
[2025-01-20T11:17:23.935+0000] {processor.py:840} INFO - DAG(s) 'example_xcom_args', 'example_xcom_args_with_operators' retrieved from /home/airflow/.local/lib/python3.8/site-packages/airflow/example_dags/example_xcomargs.py
[2025-01-20T11:17:23.975+0000] {logging_mixin.py:188} INFO - [2025-01-20T11:17:23.975+0000] {dag.py:3036} INFO - Sync 2 DAGs
[2025-01-20T11:17:23.995+0000] {logging_mixin.py:188} INFO - [2025-01-20T11:17:23.995+0000] {dag.py:3823} INFO - Setting next_dagrun for example_xcom_args to None, run_after=None
[2025-01-20T11:17:24.002+0000] {logging_mixin.py:188} INFO - [2025-01-20T11:17:24.001+0000] {dag.py:3823} INFO - Setting next_dagrun for example_xcom_args_with_operators to None, run_after=None
[2025-01-20T11:17:24.051+0000] {processor.py:183} INFO - Processing /home/airflow/.local/lib/python3.8/site-packages/airflow/example_dags/example_xcomargs.py took 0.140 seconds
[2025-01-20T11:17:54.927+0000] {processor.py:161} INFO - Started process (PID=259) to work on /home/airflow/.local/lib/python3.8/site-packages/airflow/example_dags/example_xcomargs.py
[2025-01-20T11:17:54.930+0000] {processor.py:830} INFO - Processing file /home/airflow/.local/lib/python3.8/site-packages/airflow/example_dags/example_xcomargs.py for tasks to queue
[2025-01-20T11:17:54.937+0000] {logging_mixin.py:188} INFO - [2025-01-20T11:17:54.936+0000] {dagbag.py:538} INFO - Filling up the DagBag from /home/airflow/.local/lib/python3.8/site-packages/airflow/example_dags/example_xcomargs.py
[2025-01-20T11:17:54.963+0000] {processor.py:840} INFO - DAG(s) 'example_xcom_args', 'example_xcom_args_with_operators' retrieved from /home/airflow/.local/lib/python3.8/site-packages/airflow/example_dags/example_xcomargs.py
[2025-01-20T11:17:55.061+0000] {logging_mixin.py:188} INFO - [2025-01-20T11:17:55.060+0000] {dag.py:3036} INFO - Sync 2 DAGs
[2025-01-20T11:17:55.139+0000] {logging_mixin.py:188} INFO - [2025-01-20T11:17:55.139+0000] {dag.py:3823} INFO - Setting next_dagrun for example_xcom_args to None, run_after=None
[2025-01-20T11:17:55.156+0000] {logging_mixin.py:188} INFO - [2025-01-20T11:17:55.155+0000] {dag.py:3823} INFO - Setting next_dagrun for example_xcom_args_with_operators to None, run_after=None
[2025-01-20T11:17:55.257+0000] {processor.py:183} INFO - Processing /home/airflow/.local/lib/python3.8/site-packages/airflow/example_dags/example_xcomargs.py took 0.341 seconds
[2025-01-20T11:18:25.369+0000] {processor.py:161} INFO - Started process (PID=314) to work on /home/airflow/.local/lib/python3.8/site-packages/airflow/example_dags/example_xcomargs.py
[2025-01-20T11:18:25.372+0000] {processor.py:830} INFO - Processing file /home/airflow/.local/lib/python3.8/site-packages/airflow/example_dags/example_xcomargs.py for tasks to queue
[2025-01-20T11:18:25.378+0000] {logging_mixin.py:188} INFO - [2025-01-20T11:18:25.377+0000] {dagbag.py:538} INFO - Filling up the DagBag from /home/airflow/.local/lib/python3.8/site-packages/airflow/example_dags/example_xcomargs.py
[2025-01-20T11:18:25.406+0000] {processor.py:840} INFO - DAG(s) 'example_xcom_args_with_operators', 'example_xcom_args' retrieved from /home/airflow/.local/lib/python3.8/site-packages/airflow/example_dags/example_xcomargs.py
[2025-01-20T11:18:25.483+0000] {logging_mixin.py:188} INFO - [2025-01-20T11:18:25.482+0000] {dag.py:3036} INFO - Sync 2 DAGs
[2025-01-20T11:18:25.528+0000] {logging_mixin.py:188} INFO - [2025-01-20T11:18:25.528+0000] {dag.py:3823} INFO - Setting next_dagrun for example_xcom_args to None, run_after=None
[2025-01-20T11:18:25.537+0000] {logging_mixin.py:188} INFO - [2025-01-20T11:18:25.537+0000] {dag.py:3823} INFO - Setting next_dagrun for example_xcom_args_with_operators to None, run_after=None
[2025-01-20T11:18:25.590+0000] {processor.py:183} INFO - Processing /home/airflow/.local/lib/python3.8/site-packages/airflow/example_dags/example_xcomargs.py took 0.229 seconds
[2025-01-20T11:18:56.049+0000] {processor.py:161} INFO - Started process (PID=369) to work on /home/airflow/.local/lib/python3.8/site-packages/airflow/example_dags/example_xcomargs.py
[2025-01-20T11:18:56.051+0000] {processor.py:830} INFO - Processing file /home/airflow/.local/lib/python3.8/site-packages/airflow/example_dags/example_xcomargs.py for tasks to queue
[2025-01-20T11:18:56.055+0000] {logging_mixin.py:188} INFO - [2025-01-20T11:18:56.054+0000] {dagbag.py:538} INFO - Filling up the DagBag from /home/airflow/.local/lib/python3.8/site-packages/airflow/example_dags/example_xcomargs.py
[2025-01-20T11:18:56.076+0000] {processor.py:840} INFO - DAG(s) 'example_xcom_args_with_operators', 'example_xcom_args' retrieved from /home/airflow/.local/lib/python3.8/site-packages/airflow/example_dags/example_xcomargs.py
[2025-01-20T11:18:56.159+0000] {logging_mixin.py:188} INFO - [2025-01-20T11:18:56.159+0000] {dag.py:3036} INFO - Sync 2 DAGs
[2025-01-20T11:18:56.187+0000] {logging_mixin.py:188} INFO - [2025-01-20T11:18:56.187+0000] {dag.py:3823} INFO - Setting next_dagrun for example_xcom_args to None, run_after=None
[2025-01-20T11:18:56.195+0000] {logging_mixin.py:188} INFO - [2025-01-20T11:18:56.194+0000] {dag.py:3823} INFO - Setting next_dagrun for example_xcom_args_with_operators to None, run_after=None
[2025-01-20T11:18:56.251+0000] {processor.py:183} INFO - Processing /home/airflow/.local/lib/python3.8/site-packages/airflow/example_dags/example_xcomargs.py took 0.209 seconds
[2025-01-20T11:19:26.382+0000] {processor.py:161} INFO - Started process (PID=424) to work on /home/airflow/.local/lib/python3.8/site-packages/airflow/example_dags/example_xcomargs.py
[2025-01-20T11:19:26.384+0000] {processor.py:830} INFO - Processing file /home/airflow/.local/lib/python3.8/site-packages/airflow/example_dags/example_xcomargs.py for tasks to queue
[2025-01-20T11:19:26.387+0000] {logging_mixin.py:188} INFO - [2025-01-20T11:19:26.387+0000] {dagbag.py:538} INFO - Filling up the DagBag from /home/airflow/.local/lib/python3.8/site-packages/airflow/example_dags/example_xcomargs.py
[2025-01-20T11:19:26.401+0000] {processor.py:840} INFO - DAG(s) 'example_xcom_args_with_operators', 'example_xcom_args' retrieved from /home/airflow/.local/lib/python3.8/site-packages/airflow/example_dags/example_xcomargs.py
[2025-01-20T11:19:26.437+0000] {logging_mixin.py:188} INFO - [2025-01-20T11:19:26.437+0000] {dag.py:3036} INFO - Sync 2 DAGs
[2025-01-20T11:19:26.457+0000] {logging_mixin.py:188} INFO - [2025-01-20T11:19:26.456+0000] {dag.py:3823} INFO - Setting next_dagrun for example_xcom_args to None, run_after=None
[2025-01-20T11:19:26.462+0000] {logging_mixin.py:188} INFO - [2025-01-20T11:19:26.462+0000] {dag.py:3823} INFO - Setting next_dagrun for example_xcom_args_with_operators to None, run_after=None
[2025-01-20T11:19:26.490+0000] {processor.py:183} INFO - Processing /home/airflow/.local/lib/python3.8/site-packages/airflow/example_dags/example_xcomargs.py took 0.113 seconds
[2025-01-20T11:19:56.621+0000] {processor.py:161} INFO - Started process (PID=479) to work on /home/airflow/.local/lib/python3.8/site-packages/airflow/example_dags/example_xcomargs.py
[2025-01-20T11:19:56.623+0000] {processor.py:830} INFO - Processing file /home/airflow/.local/lib/python3.8/site-packages/airflow/example_dags/example_xcomargs.py for tasks to queue
[2025-01-20T11:19:56.626+0000] {logging_mixin.py:188} INFO - [2025-01-20T11:19:56.625+0000] {dagbag.py:538} INFO - Filling up the DagBag from /home/airflow/.local/lib/python3.8/site-packages/airflow/example_dags/example_xcomargs.py
[2025-01-20T11:19:56.640+0000] {processor.py:840} INFO - DAG(s) 'example_xcom_args_with_operators', 'example_xcom_args' retrieved from /home/airflow/.local/lib/python3.8/site-packages/airflow/example_dags/example_xcomargs.py
[2025-01-20T11:19:56.679+0000] {logging_mixin.py:188} INFO - [2025-01-20T11:19:56.679+0000] {dag.py:3036} INFO - Sync 2 DAGs
[2025-01-20T11:19:56.708+0000] {logging_mixin.py:188} INFO - [2025-01-20T11:19:56.708+0000] {dag.py:3823} INFO - Setting next_dagrun for example_xcom_args to None, run_after=None
[2025-01-20T11:19:56.715+0000] {logging_mixin.py:188} INFO - [2025-01-20T11:19:56.715+0000] {dag.py:3823} INFO - Setting next_dagrun for example_xcom_args_with_operators to None, run_after=None
[2025-01-20T11:19:56.764+0000] {processor.py:183} INFO - Processing /home/airflow/.local/lib/python3.8/site-packages/airflow/example_dags/example_xcomargs.py took 0.149 seconds
[2025-01-20T11:20:27.075+0000] {processor.py:161} INFO - Started process (PID=534) to work on /home/airflow/.local/lib/python3.8/site-packages/airflow/example_dags/example_xcomargs.py
[2025-01-20T11:20:27.077+0000] {processor.py:830} INFO - Processing file /home/airflow/.local/lib/python3.8/site-packages/airflow/example_dags/example_xcomargs.py for tasks to queue
[2025-01-20T11:20:27.081+0000] {logging_mixin.py:188} INFO - [2025-01-20T11:20:27.080+0000] {dagbag.py:538} INFO - Filling up the DagBag from /home/airflow/.local/lib/python3.8/site-packages/airflow/example_dags/example_xcomargs.py
[2025-01-20T11:20:27.096+0000] {processor.py:840} INFO - DAG(s) 'example_xcom_args_with_operators', 'example_xcom_args' retrieved from /home/airflow/.local/lib/python3.8/site-packages/airflow/example_dags/example_xcomargs.py
[2025-01-20T11:20:27.139+0000] {logging_mixin.py:188} INFO - [2025-01-20T11:20:27.138+0000] {dag.py:3036} INFO - Sync 2 DAGs
[2025-01-20T11:20:27.161+0000] {logging_mixin.py:188} INFO - [2025-01-20T11:20:27.161+0000] {dag.py:3823} INFO - Setting next_dagrun for example_xcom_args to None, run_after=None
[2025-01-20T11:20:27.168+0000] {logging_mixin.py:188} INFO - [2025-01-20T11:20:27.168+0000] {dag.py:3823} INFO - Setting next_dagrun for example_xcom_args_with_operators to None, run_after=None
[2025-01-20T11:20:27.212+0000] {processor.py:183} INFO - Processing /home/airflow/.local/lib/python3.8/site-packages/airflow/example_dags/example_xcomargs.py took 0.143 seconds
[2025-01-20T11:20:57.398+0000] {processor.py:161} INFO - Started process (PID=589) to work on /home/airflow/.local/lib/python3.8/site-packages/airflow/example_dags/example_xcomargs.py
[2025-01-20T11:20:57.400+0000] {processor.py:830} INFO - Processing file /home/airflow/.local/lib/python3.8/site-packages/airflow/example_dags/example_xcomargs.py for tasks to queue
[2025-01-20T11:20:57.402+0000] {logging_mixin.py:188} INFO - [2025-01-20T11:20:57.402+0000] {dagbag.py:538} INFO - Filling up the DagBag from /home/airflow/.local/lib/python3.8/site-packages/airflow/example_dags/example_xcomargs.py
[2025-01-20T11:20:57.416+0000] {processor.py:840} INFO - DAG(s) 'example_xcom_args_with_operators', 'example_xcom_args' retrieved from /home/airflow/.local/lib/python3.8/site-packages/airflow/example_dags/example_xcomargs.py
[2025-01-20T11:20:57.453+0000] {logging_mixin.py:188} INFO - [2025-01-20T11:20:57.453+0000] {dag.py:3036} INFO - Sync 2 DAGs
[2025-01-20T11:20:57.476+0000] {logging_mixin.py:188} INFO - [2025-01-20T11:20:57.476+0000] {dag.py:3823} INFO - Setting next_dagrun for example_xcom_args to None, run_after=None
[2025-01-20T11:20:57.482+0000] {logging_mixin.py:188} INFO - [2025-01-20T11:20:57.482+0000] {dag.py:3823} INFO - Setting next_dagrun for example_xcom_args_with_operators to None, run_after=None
[2025-01-20T11:20:57.521+0000] {processor.py:183} INFO - Processing /home/airflow/.local/lib/python3.8/site-packages/airflow/example_dags/example_xcomargs.py took 0.128 seconds
[2025-01-20T11:21:27.657+0000] {processor.py:161} INFO - Started process (PID=644) to work on /home/airflow/.local/lib/python3.8/site-packages/airflow/example_dags/example_xcomargs.py
[2025-01-20T11:21:27.659+0000] {processor.py:830} INFO - Processing file /home/airflow/.local/lib/python3.8/site-packages/airflow/example_dags/example_xcomargs.py for tasks to queue
[2025-01-20T11:21:27.663+0000] {logging_mixin.py:188} INFO - [2025-01-20T11:21:27.662+0000] {dagbag.py:538} INFO - Filling up the DagBag from /home/airflow/.local/lib/python3.8/site-packages/airflow/example_dags/example_xcomargs.py
[2025-01-20T11:21:27.677+0000] {processor.py:840} INFO - DAG(s) 'example_xcom_args_with_operators', 'example_xcom_args' retrieved from /home/airflow/.local/lib/python3.8/site-packages/airflow/example_dags/example_xcomargs.py
[2025-01-20T11:21:27.726+0000] {logging_mixin.py:188} INFO - [2025-01-20T11:21:27.725+0000] {dag.py:3036} INFO - Sync 2 DAGs
[2025-01-20T11:21:27.754+0000] {logging_mixin.py:188} INFO - [2025-01-20T11:21:27.753+0000] {dag.py:3823} INFO - Setting next_dagrun for example_xcom_args to None, run_after=None
[2025-01-20T11:21:27.764+0000] {logging_mixin.py:188} INFO - [2025-01-20T11:21:27.763+0000] {dag.py:3823} INFO - Setting next_dagrun for example_xcom_args_with_operators to None, run_after=None
[2025-01-20T11:21:27.798+0000] {processor.py:183} INFO - Processing /home/airflow/.local/lib/python3.8/site-packages/airflow/example_dags/example_xcomargs.py took 0.146 seconds
[2025-01-20T11:21:57.980+0000] {processor.py:161} INFO - Started process (PID=699) to work on /home/airflow/.local/lib/python3.8/site-packages/airflow/example_dags/example_xcomargs.py
[2025-01-20T11:21:57.981+0000] {processor.py:830} INFO - Processing file /home/airflow/.local/lib/python3.8/site-packages/airflow/example_dags/example_xcomargs.py for tasks to queue
[2025-01-20T11:21:57.985+0000] {logging_mixin.py:188} INFO - [2025-01-20T11:21:57.985+0000] {dagbag.py:538} INFO - Filling up the DagBag from /home/airflow/.local/lib/python3.8/site-packages/airflow/example_dags/example_xcomargs.py
[2025-01-20T11:21:58.005+0000] {processor.py:840} INFO - DAG(s) 'example_xcom_args', 'example_xcom_args_with_operators' retrieved from /home/airflow/.local/lib/python3.8/site-packages/airflow/example_dags/example_xcomargs.py
[2025-01-20T11:21:58.049+0000] {logging_mixin.py:188} INFO - [2025-01-20T11:21:58.049+0000] {dag.py:3036} INFO - Sync 2 DAGs
[2025-01-20T11:21:58.073+0000] {logging_mixin.py:188} INFO - [2025-01-20T11:21:58.073+0000] {dag.py:3823} INFO - Setting next_dagrun for example_xcom_args to None, run_after=None
[2025-01-20T11:21:58.080+0000] {logging_mixin.py:188} INFO - [2025-01-20T11:21:58.080+0000] {dag.py:3823} INFO - Setting next_dagrun for example_xcom_args_with_operators to None, run_after=None
[2025-01-20T11:21:58.135+0000] {processor.py:183} INFO - Processing /home/airflow/.local/lib/python3.8/site-packages/airflow/example_dags/example_xcomargs.py took 0.161 seconds
[2025-01-20T11:22:29.445+0000] {processor.py:161} INFO - Started process (PID=754) to work on /home/airflow/.local/lib/python3.8/site-packages/airflow/example_dags/example_xcomargs.py
[2025-01-20T11:22:29.450+0000] {processor.py:830} INFO - Processing file /home/airflow/.local/lib/python3.8/site-packages/airflow/example_dags/example_xcomargs.py for tasks to queue
[2025-01-20T11:22:29.458+0000] {logging_mixin.py:188} INFO - [2025-01-20T11:22:29.457+0000] {dagbag.py:538} INFO - Filling up the DagBag from /home/airflow/.local/lib/python3.8/site-packages/airflow/example_dags/example_xcomargs.py
[2025-01-20T11:22:29.480+0000] {processor.py:840} INFO - DAG(s) 'example_xcom_args_with_operators', 'example_xcom_args' retrieved from /home/airflow/.local/lib/python3.8/site-packages/airflow/example_dags/example_xcomargs.py
[2025-01-20T11:22:29.551+0000] {logging_mixin.py:188} INFO - [2025-01-20T11:22:29.551+0000] {dag.py:3036} INFO - Sync 2 DAGs
[2025-01-20T11:22:29.603+0000] {logging_mixin.py:188} INFO - [2025-01-20T11:22:29.603+0000] {dag.py:3823} INFO - Setting next_dagrun for example_xcom_args to None, run_after=None
[2025-01-20T11:22:29.616+0000] {logging_mixin.py:188} INFO - [2025-01-20T11:22:29.616+0000] {dag.py:3823} INFO - Setting next_dagrun for example_xcom_args_with_operators to None, run_after=None
[2025-01-20T11:22:29.676+0000] {processor.py:183} INFO - Processing /home/airflow/.local/lib/python3.8/site-packages/airflow/example_dags/example_xcomargs.py took 0.241 seconds
[2025-01-20T11:23:00.530+0000] {processor.py:161} INFO - Started process (PID=810) to work on /home/airflow/.local/lib/python3.8/site-packages/airflow/example_dags/example_xcomargs.py
[2025-01-20T11:23:00.533+0000] {processor.py:830} INFO - Processing file /home/airflow/.local/lib/python3.8/site-packages/airflow/example_dags/example_xcomargs.py for tasks to queue
[2025-01-20T11:23:00.536+0000] {logging_mixin.py:188} INFO - [2025-01-20T11:23:00.536+0000] {dagbag.py:538} INFO - Filling up the DagBag from /home/airflow/.local/lib/python3.8/site-packages/airflow/example_dags/example_xcomargs.py
[2025-01-20T11:23:00.550+0000] {processor.py:840} INFO - DAG(s) 'example_xcom_args', 'example_xcom_args_with_operators' retrieved from /home/airflow/.local/lib/python3.8/site-packages/airflow/example_dags/example_xcomargs.py
[2025-01-20T11:23:00.598+0000] {logging_mixin.py:188} INFO - [2025-01-20T11:23:00.598+0000] {dag.py:3036} INFO - Sync 2 DAGs
[2025-01-20T11:23:00.619+0000] {logging_mixin.py:188} INFO - [2025-01-20T11:23:00.619+0000] {dag.py:3823} INFO - Setting next_dagrun for example_xcom_args to None, run_after=None
[2025-01-20T11:23:00.625+0000] {logging_mixin.py:188} INFO - [2025-01-20T11:23:00.625+0000] {dag.py:3823} INFO - Setting next_dagrun for example_xcom_args_with_operators to None, run_after=None
[2025-01-20T11:23:00.652+0000] {processor.py:183} INFO - Processing /home/airflow/.local/lib/python3.8/site-packages/airflow/example_dags/example_xcomargs.py took 0.127 seconds
[2025-01-20T11:23:30.917+0000] {processor.py:161} INFO - Started process (PID=865) to work on /home/airflow/.local/lib/python3.8/site-packages/airflow/example_dags/example_xcomargs.py
[2025-01-20T11:23:30.919+0000] {processor.py:830} INFO - Processing file /home/airflow/.local/lib/python3.8/site-packages/airflow/example_dags/example_xcomargs.py for tasks to queue
[2025-01-20T11:23:30.924+0000] {logging_mixin.py:188} INFO - [2025-01-20T11:23:30.923+0000] {dagbag.py:538} INFO - Filling up the DagBag from /home/airflow/.local/lib/python3.8/site-packages/airflow/example_dags/example_xcomargs.py
[2025-01-20T11:23:30.940+0000] {processor.py:840} INFO - DAG(s) 'example_xcom_args_with_operators', 'example_xcom_args' retrieved from /home/airflow/.local/lib/python3.8/site-packages/airflow/example_dags/example_xcomargs.py
[2025-01-20T11:23:30.989+0000] {logging_mixin.py:188} INFO - [2025-01-20T11:23:30.989+0000] {dag.py:3036} INFO - Sync 2 DAGs
[2025-01-20T11:23:31.013+0000] {logging_mixin.py:188} INFO - [2025-01-20T11:23:31.013+0000] {dag.py:3823} INFO - Setting next_dagrun for example_xcom_args to None, run_after=None
[2025-01-20T11:23:31.020+0000] {logging_mixin.py:188} INFO - [2025-01-20T11:23:31.020+0000] {dag.py:3823} INFO - Setting next_dagrun for example_xcom_args_with_operators to None, run_after=None
[2025-01-20T11:23:31.056+0000] {processor.py:183} INFO - Processing /home/airflow/.local/lib/python3.8/site-packages/airflow/example_dags/example_xcomargs.py took 0.145 seconds
[2025-01-20T11:24:01.967+0000] {processor.py:161} INFO - Started process (PID=920) to work on /home/airflow/.local/lib/python3.8/site-packages/airflow/example_dags/example_xcomargs.py
[2025-01-20T11:24:01.969+0000] {processor.py:830} INFO - Processing file /home/airflow/.local/lib/python3.8/site-packages/airflow/example_dags/example_xcomargs.py for tasks to queue
[2025-01-20T11:24:01.975+0000] {logging_mixin.py:188} INFO - [2025-01-20T11:24:01.974+0000] {dagbag.py:538} INFO - Filling up the DagBag from /home/airflow/.local/lib/python3.8/site-packages/airflow/example_dags/example_xcomargs.py
[2025-01-20T11:24:02.001+0000] {processor.py:840} INFO - DAG(s) 'example_xcom_args', 'example_xcom_args_with_operators' retrieved from /home/airflow/.local/lib/python3.8/site-packages/airflow/example_dags/example_xcomargs.py
[2025-01-20T11:24:02.113+0000] {logging_mixin.py:188} INFO - [2025-01-20T11:24:02.112+0000] {dag.py:3036} INFO - Sync 2 DAGs
[2025-01-20T11:24:02.200+0000] {logging_mixin.py:188} INFO - [2025-01-20T11:24:02.199+0000] {dag.py:3823} INFO - Setting next_dagrun for example_xcom_args to None, run_after=None
[2025-01-20T11:24:02.216+0000] {logging_mixin.py:188} INFO - [2025-01-20T11:24:02.216+0000] {dag.py:3823} INFO - Setting next_dagrun for example_xcom_args_with_operators to None, run_after=None
[2025-01-20T11:24:02.272+0000] {processor.py:183} INFO - Processing /home/airflow/.local/lib/python3.8/site-packages/airflow/example_dags/example_xcomargs.py took 0.315 seconds
[2025-01-20T11:24:32.450+0000] {processor.py:161} INFO - Started process (PID=980) to work on /home/airflow/.local/lib/python3.8/site-packages/airflow/example_dags/example_xcomargs.py
[2025-01-20T11:24:32.452+0000] {processor.py:830} INFO - Processing file /home/airflow/.local/lib/python3.8/site-packages/airflow/example_dags/example_xcomargs.py for tasks to queue
[2025-01-20T11:24:32.456+0000] {logging_mixin.py:188} INFO - [2025-01-20T11:24:32.455+0000] {dagbag.py:538} INFO - Filling up the DagBag from /home/airflow/.local/lib/python3.8/site-packages/airflow/example_dags/example_xcomargs.py
[2025-01-20T11:24:32.473+0000] {processor.py:840} INFO - DAG(s) 'example_xcom_args', 'example_xcom_args_with_operators' retrieved from /home/airflow/.local/lib/python3.8/site-packages/airflow/example_dags/example_xcomargs.py
[2025-01-20T11:24:32.526+0000] {logging_mixin.py:188} INFO - [2025-01-20T11:24:32.525+0000] {dag.py:3036} INFO - Sync 2 DAGs
[2025-01-20T11:24:32.554+0000] {logging_mixin.py:188} INFO - [2025-01-20T11:24:32.553+0000] {dag.py:3823} INFO - Setting next_dagrun for example_xcom_args to None, run_after=None
[2025-01-20T11:24:32.565+0000] {logging_mixin.py:188} INFO - [2025-01-20T11:24:32.565+0000] {dag.py:3823} INFO - Setting next_dagrun for example_xcom_args_with_operators to None, run_after=None
[2025-01-20T11:24:32.599+0000] {processor.py:183} INFO - Processing /home/airflow/.local/lib/python3.8/site-packages/airflow/example_dags/example_xcomargs.py took 0.156 seconds
[2025-01-20T11:25:02.774+0000] {processor.py:161} INFO - Started process (PID=1035) to work on /home/airflow/.local/lib/python3.8/site-packages/airflow/example_dags/example_xcomargs.py
[2025-01-20T11:25:02.776+0000] {processor.py:830} INFO - Processing file /home/airflow/.local/lib/python3.8/site-packages/airflow/example_dags/example_xcomargs.py for tasks to queue
[2025-01-20T11:25:02.780+0000] {logging_mixin.py:188} INFO - [2025-01-20T11:25:02.779+0000] {dagbag.py:538} INFO - Filling up the DagBag from /home/airflow/.local/lib/python3.8/site-packages/airflow/example_dags/example_xcomargs.py
[2025-01-20T11:25:02.793+0000] {processor.py:840} INFO - DAG(s) 'example_xcom_args', 'example_xcom_args_with_operators' retrieved from /home/airflow/.local/lib/python3.8/site-packages/airflow/example_dags/example_xcomargs.py
[2025-01-20T11:25:02.827+0000] {logging_mixin.py:188} INFO - [2025-01-20T11:25:02.827+0000] {dag.py:3036} INFO - Sync 2 DAGs
[2025-01-20T11:25:02.845+0000] {logging_mixin.py:188} INFO - [2025-01-20T11:25:02.845+0000] {dag.py:3823} INFO - Setting next_dagrun for example_xcom_args to None, run_after=None
[2025-01-20T11:25:02.850+0000] {logging_mixin.py:188} INFO - [2025-01-20T11:25:02.850+0000] {dag.py:3823} INFO - Setting next_dagrun for example_xcom_args_with_operators to None, run_after=None
[2025-01-20T11:25:02.879+0000] {processor.py:183} INFO - Processing /home/airflow/.local/lib/python3.8/site-packages/airflow/example_dags/example_xcomargs.py took 0.112 seconds
[2025-01-20T11:25:33.620+0000] {processor.py:161} INFO - Started process (PID=1090) to work on /home/airflow/.local/lib/python3.8/site-packages/airflow/example_dags/example_xcomargs.py
[2025-01-20T11:25:33.622+0000] {processor.py:830} INFO - Processing file /home/airflow/.local/lib/python3.8/site-packages/airflow/example_dags/example_xcomargs.py for tasks to queue
[2025-01-20T11:25:33.627+0000] {logging_mixin.py:188} INFO - [2025-01-20T11:25:33.627+0000] {dagbag.py:538} INFO - Filling up the DagBag from /home/airflow/.local/lib/python3.8/site-packages/airflow/example_dags/example_xcomargs.py
[2025-01-20T11:25:33.658+0000] {processor.py:840} INFO - DAG(s) 'example_xcom_args_with_operators', 'example_xcom_args' retrieved from /home/airflow/.local/lib/python3.8/site-packages/airflow/example_dags/example_xcomargs.py
[2025-01-20T11:25:33.732+0000] {logging_mixin.py:188} INFO - [2025-01-20T11:25:33.732+0000] {dag.py:3036} INFO - Sync 2 DAGs
[2025-01-20T11:25:33.788+0000] {logging_mixin.py:188} INFO - [2025-01-20T11:25:33.788+0000] {dag.py:3823} INFO - Setting next_dagrun for example_xcom_args to None, run_after=None
[2025-01-20T11:25:33.800+0000] {logging_mixin.py:188} INFO - [2025-01-20T11:25:33.799+0000] {dag.py:3823} INFO - Setting next_dagrun for example_xcom_args_with_operators to None, run_after=None
[2025-01-20T11:25:33.843+0000] {processor.py:183} INFO - Processing /home/airflow/.local/lib/python3.8/site-packages/airflow/example_dags/example_xcomargs.py took 0.231 seconds
[2025-01-20T11:26:04.194+0000] {processor.py:161} INFO - Started process (PID=1145) to work on /home/airflow/.local/lib/python3.8/site-packages/airflow/example_dags/example_xcomargs.py
[2025-01-20T11:26:04.196+0000] {processor.py:830} INFO - Processing file /home/airflow/.local/lib/python3.8/site-packages/airflow/example_dags/example_xcomargs.py for tasks to queue
[2025-01-20T11:26:04.199+0000] {logging_mixin.py:188} INFO - [2025-01-20T11:26:04.198+0000] {dagbag.py:538} INFO - Filling up the DagBag from /home/airflow/.local/lib/python3.8/site-packages/airflow/example_dags/example_xcomargs.py
[2025-01-20T11:26:04.216+0000] {processor.py:840} INFO - DAG(s) 'example_xcom_args_with_operators', 'example_xcom_args' retrieved from /home/airflow/.local/lib/python3.8/site-packages/airflow/example_dags/example_xcomargs.py
[2025-01-20T11:26:04.257+0000] {logging_mixin.py:188} INFO - [2025-01-20T11:26:04.257+0000] {dag.py:3036} INFO - Sync 2 DAGs
[2025-01-20T11:26:04.280+0000] {logging_mixin.py:188} INFO - [2025-01-20T11:26:04.280+0000] {dag.py:3823} INFO - Setting next_dagrun for example_xcom_args to None, run_after=None
[2025-01-20T11:26:04.286+0000] {logging_mixin.py:188} INFO - [2025-01-20T11:26:04.286+0000] {dag.py:3823} INFO - Setting next_dagrun for example_xcom_args_with_operators to None, run_after=None
[2025-01-20T11:26:04.335+0000] {processor.py:183} INFO - Processing /home/airflow/.local/lib/python3.8/site-packages/airflow/example_dags/example_xcomargs.py took 0.147 seconds
[2025-01-20T11:26:35.313+0000] {processor.py:161} INFO - Started process (PID=1200) to work on /home/airflow/.local/lib/python3.8/site-packages/airflow/example_dags/example_xcomargs.py
[2025-01-20T11:26:35.315+0000] {processor.py:830} INFO - Processing file /home/airflow/.local/lib/python3.8/site-packages/airflow/example_dags/example_xcomargs.py for tasks to queue
[2025-01-20T11:26:35.320+0000] {logging_mixin.py:188} INFO - [2025-01-20T11:26:35.319+0000] {dagbag.py:538} INFO - Filling up the DagBag from /home/airflow/.local/lib/python3.8/site-packages/airflow/example_dags/example_xcomargs.py
[2025-01-20T11:26:35.343+0000] {processor.py:840} INFO - DAG(s) 'example_xcom_args', 'example_xcom_args_with_operators' retrieved from /home/airflow/.local/lib/python3.8/site-packages/airflow/example_dags/example_xcomargs.py
[2025-01-20T11:26:35.403+0000] {logging_mixin.py:188} INFO - [2025-01-20T11:26:35.401+0000] {dag.py:3036} INFO - Sync 2 DAGs
[2025-01-20T11:26:35.442+0000] {logging_mixin.py:188} INFO - [2025-01-20T11:26:35.442+0000] {dag.py:3823} INFO - Setting next_dagrun for example_xcom_args to None, run_after=None
[2025-01-20T11:26:35.455+0000] {logging_mixin.py:188} INFO - [2025-01-20T11:26:35.455+0000] {dag.py:3823} INFO - Setting next_dagrun for example_xcom_args_with_operators to None, run_after=None
[2025-01-20T11:26:35.497+0000] {processor.py:183} INFO - Processing /home/airflow/.local/lib/python3.8/site-packages/airflow/example_dags/example_xcomargs.py took 0.195 seconds
[2025-01-20T11:27:06.412+0000] {processor.py:161} INFO - Started process (PID=1255) to work on /home/airflow/.local/lib/python3.8/site-packages/airflow/example_dags/example_xcomargs.py
[2025-01-20T11:27:06.417+0000] {processor.py:830} INFO - Processing file /home/airflow/.local/lib/python3.8/site-packages/airflow/example_dags/example_xcomargs.py for tasks to queue
[2025-01-20T11:27:06.422+0000] {logging_mixin.py:188} INFO - [2025-01-20T11:27:06.422+0000] {dagbag.py:538} INFO - Filling up the DagBag from /home/airflow/.local/lib/python3.8/site-packages/airflow/example_dags/example_xcomargs.py
[2025-01-20T11:27:06.447+0000] {processor.py:840} INFO - DAG(s) 'example_xcom_args_with_operators', 'example_xcom_args' retrieved from /home/airflow/.local/lib/python3.8/site-packages/airflow/example_dags/example_xcomargs.py
[2025-01-20T11:27:06.515+0000] {logging_mixin.py:188} INFO - [2025-01-20T11:27:06.515+0000] {dag.py:3036} INFO - Sync 2 DAGs
[2025-01-20T11:27:06.556+0000] {logging_mixin.py:188} INFO - [2025-01-20T11:27:06.556+0000] {dag.py:3823} INFO - Setting next_dagrun for example_xcom_args to None, run_after=None
[2025-01-20T11:27:06.570+0000] {logging_mixin.py:188} INFO - [2025-01-20T11:27:06.569+0000] {dag.py:3823} INFO - Setting next_dagrun for example_xcom_args_with_operators to None, run_after=None
[2025-01-20T11:27:06.630+0000] {processor.py:183} INFO - Processing /home/airflow/.local/lib/python3.8/site-packages/airflow/example_dags/example_xcomargs.py took 0.227 seconds
[2025-01-20T11:27:36.838+0000] {processor.py:161} INFO - Started process (PID=1310) to work on /home/airflow/.local/lib/python3.8/site-packages/airflow/example_dags/example_xcomargs.py
[2025-01-20T11:27:36.841+0000] {processor.py:830} INFO - Processing file /home/airflow/.local/lib/python3.8/site-packages/airflow/example_dags/example_xcomargs.py for tasks to queue
[2025-01-20T11:27:36.844+0000] {logging_mixin.py:188} INFO - [2025-01-20T11:27:36.844+0000] {dagbag.py:538} INFO - Filling up the DagBag from /home/airflow/.local/lib/python3.8/site-packages/airflow/example_dags/example_xcomargs.py
[2025-01-20T11:27:36.862+0000] {processor.py:840} INFO - DAG(s) 'example_xcom_args_with_operators', 'example_xcom_args' retrieved from /home/airflow/.local/lib/python3.8/site-packages/airflow/example_dags/example_xcomargs.py
[2025-01-20T11:27:36.909+0000] {logging_mixin.py:188} INFO - [2025-01-20T11:27:36.908+0000] {dag.py:3036} INFO - Sync 2 DAGs
[2025-01-20T11:27:36.932+0000] {logging_mixin.py:188} INFO - [2025-01-20T11:27:36.931+0000] {dag.py:3823} INFO - Setting next_dagrun for example_xcom_args to None, run_after=None
[2025-01-20T11:27:36.939+0000] {logging_mixin.py:188} INFO - [2025-01-20T11:27:36.938+0000] {dag.py:3823} INFO - Setting next_dagrun for example_xcom_args_with_operators to None, run_after=None
[2025-01-20T11:27:36.977+0000] {processor.py:183} INFO - Processing /home/airflow/.local/lib/python3.8/site-packages/airflow/example_dags/example_xcomargs.py took 0.145 seconds
[2025-01-20T11:28:07.272+0000] {processor.py:161} INFO - Started process (PID=1365) to work on /home/airflow/.local/lib/python3.8/site-packages/airflow/example_dags/example_xcomargs.py
[2025-01-20T11:28:07.274+0000] {processor.py:830} INFO - Processing file /home/airflow/.local/lib/python3.8/site-packages/airflow/example_dags/example_xcomargs.py for tasks to queue
[2025-01-20T11:28:07.278+0000] {logging_mixin.py:188} INFO - [2025-01-20T11:28:07.278+0000] {dagbag.py:538} INFO - Filling up the DagBag from /home/airflow/.local/lib/python3.8/site-packages/airflow/example_dags/example_xcomargs.py
[2025-01-20T11:28:07.293+0000] {processor.py:840} INFO - DAG(s) 'example_xcom_args', 'example_xcom_args_with_operators' retrieved from /home/airflow/.local/lib/python3.8/site-packages/airflow/example_dags/example_xcomargs.py
[2025-01-20T11:28:07.340+0000] {logging_mixin.py:188} INFO - [2025-01-20T11:28:07.339+0000] {dag.py:3036} INFO - Sync 2 DAGs
[2025-01-20T11:28:07.364+0000] {logging_mixin.py:188} INFO - [2025-01-20T11:28:07.363+0000] {dag.py:3823} INFO - Setting next_dagrun for example_xcom_args to None, run_after=None
[2025-01-20T11:28:07.370+0000] {logging_mixin.py:188} INFO - [2025-01-20T11:28:07.369+0000] {dag.py:3823} INFO - Setting next_dagrun for example_xcom_args_with_operators to None, run_after=None
[2025-01-20T11:28:07.400+0000] {processor.py:183} INFO - Processing /home/airflow/.local/lib/python3.8/site-packages/airflow/example_dags/example_xcomargs.py took 0.135 seconds
[2025-01-20T11:28:37.617+0000] {processor.py:161} INFO - Started process (PID=1420) to work on /home/airflow/.local/lib/python3.8/site-packages/airflow/example_dags/example_xcomargs.py
[2025-01-20T11:28:37.619+0000] {processor.py:830} INFO - Processing file /home/airflow/.local/lib/python3.8/site-packages/airflow/example_dags/example_xcomargs.py for tasks to queue
[2025-01-20T11:28:37.621+0000] {logging_mixin.py:188} INFO - [2025-01-20T11:28:37.621+0000] {dagbag.py:538} INFO - Filling up the DagBag from /home/airflow/.local/lib/python3.8/site-packages/airflow/example_dags/example_xcomargs.py
[2025-01-20T11:28:37.637+0000] {processor.py:840} INFO - DAG(s) 'example_xcom_args', 'example_xcom_args_with_operators' retrieved from /home/airflow/.local/lib/python3.8/site-packages/airflow/example_dags/example_xcomargs.py
[2025-01-20T11:28:37.675+0000] {logging_mixin.py:188} INFO - [2025-01-20T11:28:37.675+0000] {dag.py:3036} INFO - Sync 2 DAGs
[2025-01-20T11:28:37.702+0000] {logging_mixin.py:188} INFO - [2025-01-20T11:28:37.701+0000] {dag.py:3823} INFO - Setting next_dagrun for example_xcom_args to None, run_after=None
[2025-01-20T11:28:37.709+0000] {logging_mixin.py:188} INFO - [2025-01-20T11:28:37.709+0000] {dag.py:3823} INFO - Setting next_dagrun for example_xcom_args_with_operators to None, run_after=None
[2025-01-20T11:28:37.738+0000] {processor.py:183} INFO - Processing /home/airflow/.local/lib/python3.8/site-packages/airflow/example_dags/example_xcomargs.py took 0.128 seconds
[2025-01-20T11:29:08.478+0000] {processor.py:161} INFO - Started process (PID=1475) to work on /home/airflow/.local/lib/python3.8/site-packages/airflow/example_dags/example_xcomargs.py
[2025-01-20T11:29:08.480+0000] {processor.py:830} INFO - Processing file /home/airflow/.local/lib/python3.8/site-packages/airflow/example_dags/example_xcomargs.py for tasks to queue
[2025-01-20T11:29:08.484+0000] {logging_mixin.py:188} INFO - [2025-01-20T11:29:08.483+0000] {dagbag.py:538} INFO - Filling up the DagBag from /home/airflow/.local/lib/python3.8/site-packages/airflow/example_dags/example_xcomargs.py
[2025-01-20T11:29:08.498+0000] {processor.py:840} INFO - DAG(s) 'example_xcom_args_with_operators', 'example_xcom_args' retrieved from /home/airflow/.local/lib/python3.8/site-packages/airflow/example_dags/example_xcomargs.py
[2025-01-20T11:29:08.537+0000] {logging_mixin.py:188} INFO - [2025-01-20T11:29:08.537+0000] {dag.py:3036} INFO - Sync 2 DAGs
[2025-01-20T11:29:08.565+0000] {logging_mixin.py:188} INFO - [2025-01-20T11:29:08.564+0000] {dag.py:3823} INFO - Setting next_dagrun for example_xcom_args to None, run_after=None
[2025-01-20T11:29:08.573+0000] {logging_mixin.py:188} INFO - [2025-01-20T11:29:08.572+0000] {dag.py:3823} INFO - Setting next_dagrun for example_xcom_args_with_operators to None, run_after=None
[2025-01-20T11:29:08.609+0000] {processor.py:183} INFO - Processing /home/airflow/.local/lib/python3.8/site-packages/airflow/example_dags/example_xcomargs.py took 0.139 seconds
[2025-01-20T11:29:39.275+0000] {processor.py:161} INFO - Started process (PID=1531) to work on /home/airflow/.local/lib/python3.8/site-packages/airflow/example_dags/example_xcomargs.py
[2025-01-20T11:29:39.277+0000] {processor.py:830} INFO - Processing file /home/airflow/.local/lib/python3.8/site-packages/airflow/example_dags/example_xcomargs.py for tasks to queue
[2025-01-20T11:29:39.281+0000] {logging_mixin.py:188} INFO - [2025-01-20T11:29:39.280+0000] {dagbag.py:538} INFO - Filling up the DagBag from /home/airflow/.local/lib/python3.8/site-packages/airflow/example_dags/example_xcomargs.py
[2025-01-20T11:29:39.298+0000] {processor.py:840} INFO - DAG(s) 'example_xcom_args_with_operators', 'example_xcom_args' retrieved from /home/airflow/.local/lib/python3.8/site-packages/airflow/example_dags/example_xcomargs.py
[2025-01-20T11:29:39.344+0000] {logging_mixin.py:188} INFO - [2025-01-20T11:29:39.343+0000] {dag.py:3036} INFO - Sync 2 DAGs
[2025-01-20T11:29:39.365+0000] {logging_mixin.py:188} INFO - [2025-01-20T11:29:39.365+0000] {dag.py:3823} INFO - Setting next_dagrun for example_xcom_args to None, run_after=None
[2025-01-20T11:29:39.371+0000] {logging_mixin.py:188} INFO - [2025-01-20T11:29:39.371+0000] {dag.py:3823} INFO - Setting next_dagrun for example_xcom_args_with_operators to None, run_after=None
[2025-01-20T11:29:39.398+0000] {processor.py:183} INFO - Processing /home/airflow/.local/lib/python3.8/site-packages/airflow/example_dags/example_xcomargs.py took 0.128 seconds
[2025-01-20T11:30:10.453+0000] {processor.py:161} INFO - Started process (PID=1585) to work on /home/airflow/.local/lib/python3.8/site-packages/airflow/example_dags/example_xcomargs.py
[2025-01-20T11:30:10.458+0000] {processor.py:830} INFO - Processing file /home/airflow/.local/lib/python3.8/site-packages/airflow/example_dags/example_xcomargs.py for tasks to queue
[2025-01-20T11:30:10.465+0000] {logging_mixin.py:188} INFO - [2025-01-20T11:30:10.464+0000] {dagbag.py:538} INFO - Filling up the DagBag from /home/airflow/.local/lib/python3.8/site-packages/airflow/example_dags/example_xcomargs.py
[2025-01-20T11:30:10.496+0000] {processor.py:840} INFO - DAG(s) 'example_xcom_args', 'example_xcom_args_with_operators' retrieved from /home/airflow/.local/lib/python3.8/site-packages/airflow/example_dags/example_xcomargs.py
[2025-01-20T11:30:10.608+0000] {logging_mixin.py:188} INFO - [2025-01-20T11:30:10.607+0000] {dag.py:3036} INFO - Sync 2 DAGs
[2025-01-20T11:30:10.654+0000] {logging_mixin.py:188} INFO - [2025-01-20T11:30:10.654+0000] {dag.py:3823} INFO - Setting next_dagrun for example_xcom_args to None, run_after=None
[2025-01-20T11:30:10.661+0000] {logging_mixin.py:188} INFO - [2025-01-20T11:30:10.661+0000] {dag.py:3823} INFO - Setting next_dagrun for example_xcom_args_with_operators to None, run_after=None
[2025-01-20T11:30:10.691+0000] {processor.py:183} INFO - Processing /home/airflow/.local/lib/python3.8/site-packages/airflow/example_dags/example_xcomargs.py took 0.248 seconds
