[2025-01-20T11:16:26.634+0000] {processor.py:161} INFO - Started process (PID=111) to work on /home/airflow/.local/lib/python3.8/site-packages/airflow/example_dags/example_python_operator.py
[2025-01-20T11:16:26.636+0000] {processor.py:830} INFO - Processing file /home/airflow/.local/lib/python3.8/site-packages/airflow/example_dags/example_python_operator.py for tasks to queue
[2025-01-20T11:16:26.640+0000] {logging_mixin.py:188} INFO - [2025-01-20T11:16:26.639+0000] {dagbag.py:538} INFO - Filling up the DagBag from /home/airflow/.local/lib/python3.8/site-packages/airflow/example_dags/example_python_operator.py
[2025-01-20T11:16:26.665+0000] {processor.py:840} INFO - DAG(s) 'example_python_operator' retrieved from /home/airflow/.local/lib/python3.8/site-packages/airflow/example_dags/example_python_operator.py
[2025-01-20T11:16:26.900+0000] {logging_mixin.py:188} INFO - [2025-01-20T11:16:26.899+0000] {dag.py:3036} INFO - Sync 1 DAGs
[2025-01-20T11:16:26.931+0000] {logging_mixin.py:188} INFO - [2025-01-20T11:16:26.930+0000] {dag.py:3823} INFO - Setting next_dagrun for example_python_operator to None, run_after=None
[2025-01-20T11:16:26.980+0000] {processor.py:183} INFO - Processing /home/airflow/.local/lib/python3.8/site-packages/airflow/example_dags/example_python_operator.py took 0.355 seconds
[2025-01-20T11:16:57.266+0000] {processor.py:161} INFO - Started process (PID=166) to work on /home/airflow/.local/lib/python3.8/site-packages/airflow/example_dags/example_python_operator.py
[2025-01-20T11:16:57.268+0000] {processor.py:830} INFO - Processing file /home/airflow/.local/lib/python3.8/site-packages/airflow/example_dags/example_python_operator.py for tasks to queue
[2025-01-20T11:16:57.271+0000] {logging_mixin.py:188} INFO - [2025-01-20T11:16:57.270+0000] {dagbag.py:538} INFO - Filling up the DagBag from /home/airflow/.local/lib/python3.8/site-packages/airflow/example_dags/example_python_operator.py
[2025-01-20T11:16:57.286+0000] {processor.py:840} INFO - DAG(s) 'example_python_operator' retrieved from /home/airflow/.local/lib/python3.8/site-packages/airflow/example_dags/example_python_operator.py
[2025-01-20T11:16:57.325+0000] {logging_mixin.py:188} INFO - [2025-01-20T11:16:57.325+0000] {dag.py:3036} INFO - Sync 1 DAGs
[2025-01-20T11:16:57.342+0000] {logging_mixin.py:188} INFO - [2025-01-20T11:16:57.342+0000] {dag.py:3823} INFO - Setting next_dagrun for example_python_operator to None, run_after=None
[2025-01-20T11:16:57.379+0000] {processor.py:183} INFO - Processing /home/airflow/.local/lib/python3.8/site-packages/airflow/example_dags/example_python_operator.py took 0.117 seconds
[2025-01-20T11:17:27.585+0000] {processor.py:161} INFO - Started process (PID=221) to work on /home/airflow/.local/lib/python3.8/site-packages/airflow/example_dags/example_python_operator.py
[2025-01-20T11:17:27.587+0000] {processor.py:830} INFO - Processing file /home/airflow/.local/lib/python3.8/site-packages/airflow/example_dags/example_python_operator.py for tasks to queue
[2025-01-20T11:17:27.590+0000] {logging_mixin.py:188} INFO - [2025-01-20T11:17:27.590+0000] {dagbag.py:538} INFO - Filling up the DagBag from /home/airflow/.local/lib/python3.8/site-packages/airflow/example_dags/example_python_operator.py
[2025-01-20T11:17:27.610+0000] {processor.py:840} INFO - DAG(s) 'example_python_operator' retrieved from /home/airflow/.local/lib/python3.8/site-packages/airflow/example_dags/example_python_operator.py
[2025-01-20T11:17:27.645+0000] {logging_mixin.py:188} INFO - [2025-01-20T11:17:27.645+0000] {dag.py:3036} INFO - Sync 1 DAGs
[2025-01-20T11:17:27.664+0000] {logging_mixin.py:188} INFO - [2025-01-20T11:17:27.663+0000] {dag.py:3823} INFO - Setting next_dagrun for example_python_operator to None, run_after=None
[2025-01-20T11:17:27.694+0000] {processor.py:183} INFO - Processing /home/airflow/.local/lib/python3.8/site-packages/airflow/example_dags/example_python_operator.py took 0.114 seconds
[2025-01-20T11:17:58.422+0000] {processor.py:161} INFO - Started process (PID=276) to work on /home/airflow/.local/lib/python3.8/site-packages/airflow/example_dags/example_python_operator.py
[2025-01-20T11:17:58.427+0000] {processor.py:830} INFO - Processing file /home/airflow/.local/lib/python3.8/site-packages/airflow/example_dags/example_python_operator.py for tasks to queue
[2025-01-20T11:17:58.431+0000] {logging_mixin.py:188} INFO - [2025-01-20T11:17:58.430+0000] {dagbag.py:538} INFO - Filling up the DagBag from /home/airflow/.local/lib/python3.8/site-packages/airflow/example_dags/example_python_operator.py
[2025-01-20T11:17:58.454+0000] {processor.py:840} INFO - DAG(s) 'example_python_operator' retrieved from /home/airflow/.local/lib/python3.8/site-packages/airflow/example_dags/example_python_operator.py
[2025-01-20T11:17:58.496+0000] {logging_mixin.py:188} INFO - [2025-01-20T11:17:58.496+0000] {dag.py:3036} INFO - Sync 1 DAGs
[2025-01-20T11:17:58.521+0000] {logging_mixin.py:188} INFO - [2025-01-20T11:17:58.521+0000] {dag.py:3823} INFO - Setting next_dagrun for example_python_operator to None, run_after=None
[2025-01-20T11:17:58.579+0000] {processor.py:183} INFO - Processing /home/airflow/.local/lib/python3.8/site-packages/airflow/example_dags/example_python_operator.py took 0.163 seconds
[2025-01-20T11:18:28.948+0000] {processor.py:161} INFO - Started process (PID=331) to work on /home/airflow/.local/lib/python3.8/site-packages/airflow/example_dags/example_python_operator.py
[2025-01-20T11:18:28.949+0000] {processor.py:830} INFO - Processing file /home/airflow/.local/lib/python3.8/site-packages/airflow/example_dags/example_python_operator.py for tasks to queue
[2025-01-20T11:18:28.953+0000] {logging_mixin.py:188} INFO - [2025-01-20T11:18:28.952+0000] {dagbag.py:538} INFO - Filling up the DagBag from /home/airflow/.local/lib/python3.8/site-packages/airflow/example_dags/example_python_operator.py
[2025-01-20T11:18:28.972+0000] {processor.py:840} INFO - DAG(s) 'example_python_operator' retrieved from /home/airflow/.local/lib/python3.8/site-packages/airflow/example_dags/example_python_operator.py
[2025-01-20T11:18:29.009+0000] {logging_mixin.py:188} INFO - [2025-01-20T11:18:29.009+0000] {dag.py:3036} INFO - Sync 1 DAGs
[2025-01-20T11:18:29.031+0000] {logging_mixin.py:188} INFO - [2025-01-20T11:18:29.030+0000] {dag.py:3823} INFO - Setting next_dagrun for example_python_operator to None, run_after=None
[2025-01-20T11:18:29.119+0000] {processor.py:183} INFO - Processing /home/airflow/.local/lib/python3.8/site-packages/airflow/example_dags/example_python_operator.py took 0.177 seconds
[2025-01-20T11:18:59.511+0000] {processor.py:161} INFO - Started process (PID=386) to work on /home/airflow/.local/lib/python3.8/site-packages/airflow/example_dags/example_python_operator.py
[2025-01-20T11:18:59.513+0000] {processor.py:830} INFO - Processing file /home/airflow/.local/lib/python3.8/site-packages/airflow/example_dags/example_python_operator.py for tasks to queue
[2025-01-20T11:18:59.517+0000] {logging_mixin.py:188} INFO - [2025-01-20T11:18:59.516+0000] {dagbag.py:538} INFO - Filling up the DagBag from /home/airflow/.local/lib/python3.8/site-packages/airflow/example_dags/example_python_operator.py
[2025-01-20T11:18:59.535+0000] {processor.py:840} INFO - DAG(s) 'example_python_operator' retrieved from /home/airflow/.local/lib/python3.8/site-packages/airflow/example_dags/example_python_operator.py
[2025-01-20T11:18:59.568+0000] {logging_mixin.py:188} INFO - [2025-01-20T11:18:59.567+0000] {dag.py:3036} INFO - Sync 1 DAGs
[2025-01-20T11:18:59.584+0000] {logging_mixin.py:188} INFO - [2025-01-20T11:18:59.584+0000] {dag.py:3823} INFO - Setting next_dagrun for example_python_operator to None, run_after=None
[2025-01-20T11:18:59.611+0000] {processor.py:183} INFO - Processing /home/airflow/.local/lib/python3.8/site-packages/airflow/example_dags/example_python_operator.py took 0.107 seconds
[2025-01-20T11:19:30.062+0000] {processor.py:161} INFO - Started process (PID=441) to work on /home/airflow/.local/lib/python3.8/site-packages/airflow/example_dags/example_python_operator.py
[2025-01-20T11:19:30.065+0000] {processor.py:830} INFO - Processing file /home/airflow/.local/lib/python3.8/site-packages/airflow/example_dags/example_python_operator.py for tasks to queue
[2025-01-20T11:19:30.070+0000] {logging_mixin.py:188} INFO - [2025-01-20T11:19:30.070+0000] {dagbag.py:538} INFO - Filling up the DagBag from /home/airflow/.local/lib/python3.8/site-packages/airflow/example_dags/example_python_operator.py
[2025-01-20T11:19:30.097+0000] {processor.py:840} INFO - DAG(s) 'example_python_operator' retrieved from /home/airflow/.local/lib/python3.8/site-packages/airflow/example_dags/example_python_operator.py
[2025-01-20T11:19:30.172+0000] {logging_mixin.py:188} INFO - [2025-01-20T11:19:30.171+0000] {dag.py:3036} INFO - Sync 1 DAGs
[2025-01-20T11:19:30.202+0000] {logging_mixin.py:188} INFO - [2025-01-20T11:19:30.202+0000] {dag.py:3823} INFO - Setting next_dagrun for example_python_operator to None, run_after=None
[2025-01-20T11:19:30.246+0000] {processor.py:183} INFO - Processing /home/airflow/.local/lib/python3.8/site-packages/airflow/example_dags/example_python_operator.py took 0.196 seconds
[2025-01-20T11:20:01.230+0000] {processor.py:161} INFO - Started process (PID=502) to work on /home/airflow/.local/lib/python3.8/site-packages/airflow/example_dags/example_python_operator.py
[2025-01-20T11:20:01.236+0000] {processor.py:830} INFO - Processing file /home/airflow/.local/lib/python3.8/site-packages/airflow/example_dags/example_python_operator.py for tasks to queue
[2025-01-20T11:20:01.241+0000] {logging_mixin.py:188} INFO - [2025-01-20T11:20:01.240+0000] {dagbag.py:538} INFO - Filling up the DagBag from /home/airflow/.local/lib/python3.8/site-packages/airflow/example_dags/example_python_operator.py
[2025-01-20T11:20:01.270+0000] {processor.py:840} INFO - DAG(s) 'example_python_operator' retrieved from /home/airflow/.local/lib/python3.8/site-packages/airflow/example_dags/example_python_operator.py
[2025-01-20T11:20:01.332+0000] {logging_mixin.py:188} INFO - [2025-01-20T11:20:01.332+0000] {dag.py:3036} INFO - Sync 1 DAGs
[2025-01-20T11:20:01.385+0000] {logging_mixin.py:188} INFO - [2025-01-20T11:20:01.384+0000] {dag.py:3823} INFO - Setting next_dagrun for example_python_operator to None, run_after=None
[2025-01-20T11:20:01.469+0000] {processor.py:183} INFO - Processing /home/airflow/.local/lib/python3.8/site-packages/airflow/example_dags/example_python_operator.py took 0.254 seconds
[2025-01-20T11:20:31.811+0000] {processor.py:161} INFO - Started process (PID=556) to work on /home/airflow/.local/lib/python3.8/site-packages/airflow/example_dags/example_python_operator.py
[2025-01-20T11:20:31.820+0000] {processor.py:830} INFO - Processing file /home/airflow/.local/lib/python3.8/site-packages/airflow/example_dags/example_python_operator.py for tasks to queue
[2025-01-20T11:20:31.830+0000] {logging_mixin.py:188} INFO - [2025-01-20T11:20:31.830+0000] {dagbag.py:538} INFO - Filling up the DagBag from /home/airflow/.local/lib/python3.8/site-packages/airflow/example_dags/example_python_operator.py
[2025-01-20T11:20:31.887+0000] {processor.py:840} INFO - DAG(s) 'example_python_operator' retrieved from /home/airflow/.local/lib/python3.8/site-packages/airflow/example_dags/example_python_operator.py
[2025-01-20T11:20:31.992+0000] {logging_mixin.py:188} INFO - [2025-01-20T11:20:31.991+0000] {dag.py:3036} INFO - Sync 1 DAGs
[2025-01-20T11:20:32.071+0000] {logging_mixin.py:188} INFO - [2025-01-20T11:20:32.070+0000] {dag.py:3823} INFO - Setting next_dagrun for example_python_operator to None, run_after=None
[2025-01-20T11:20:32.157+0000] {processor.py:183} INFO - Processing /home/airflow/.local/lib/python3.8/site-packages/airflow/example_dags/example_python_operator.py took 0.364 seconds
[2025-01-20T11:21:02.867+0000] {processor.py:161} INFO - Started process (PID=612) to work on /home/airflow/.local/lib/python3.8/site-packages/airflow/example_dags/example_python_operator.py
[2025-01-20T11:21:02.869+0000] {processor.py:830} INFO - Processing file /home/airflow/.local/lib/python3.8/site-packages/airflow/example_dags/example_python_operator.py for tasks to queue
[2025-01-20T11:21:02.872+0000] {logging_mixin.py:188} INFO - [2025-01-20T11:21:02.872+0000] {dagbag.py:538} INFO - Filling up the DagBag from /home/airflow/.local/lib/python3.8/site-packages/airflow/example_dags/example_python_operator.py
[2025-01-20T11:21:02.899+0000] {processor.py:840} INFO - DAG(s) 'example_python_operator' retrieved from /home/airflow/.local/lib/python3.8/site-packages/airflow/example_dags/example_python_operator.py
[2025-01-20T11:21:02.949+0000] {logging_mixin.py:188} INFO - [2025-01-20T11:21:02.949+0000] {dag.py:3036} INFO - Sync 1 DAGs
[2025-01-20T11:21:02.972+0000] {logging_mixin.py:188} INFO - [2025-01-20T11:21:02.972+0000] {dag.py:3823} INFO - Setting next_dagrun for example_python_operator to None, run_after=None
[2025-01-20T11:21:03.026+0000] {processor.py:183} INFO - Processing /home/airflow/.local/lib/python3.8/site-packages/airflow/example_dags/example_python_operator.py took 0.164 seconds
[2025-01-20T11:21:33.329+0000] {processor.py:161} INFO - Started process (PID=666) to work on /home/airflow/.local/lib/python3.8/site-packages/airflow/example_dags/example_python_operator.py
[2025-01-20T11:21:33.331+0000] {processor.py:830} INFO - Processing file /home/airflow/.local/lib/python3.8/site-packages/airflow/example_dags/example_python_operator.py for tasks to queue
[2025-01-20T11:21:33.335+0000] {logging_mixin.py:188} INFO - [2025-01-20T11:21:33.334+0000] {dagbag.py:538} INFO - Filling up the DagBag from /home/airflow/.local/lib/python3.8/site-packages/airflow/example_dags/example_python_operator.py
[2025-01-20T11:21:33.357+0000] {processor.py:840} INFO - DAG(s) 'example_python_operator' retrieved from /home/airflow/.local/lib/python3.8/site-packages/airflow/example_dags/example_python_operator.py
[2025-01-20T11:21:33.399+0000] {logging_mixin.py:188} INFO - [2025-01-20T11:21:33.398+0000] {dag.py:3036} INFO - Sync 1 DAGs
[2025-01-20T11:21:33.422+0000] {logging_mixin.py:188} INFO - [2025-01-20T11:21:33.422+0000] {dag.py:3823} INFO - Setting next_dagrun for example_python_operator to None, run_after=None
[2025-01-20T11:21:33.457+0000] {processor.py:183} INFO - Processing /home/airflow/.local/lib/python3.8/site-packages/airflow/example_dags/example_python_operator.py took 0.133 seconds
[2025-01-20T11:22:03.697+0000] {processor.py:161} INFO - Started process (PID=721) to work on /home/airflow/.local/lib/python3.8/site-packages/airflow/example_dags/example_python_operator.py
[2025-01-20T11:22:03.699+0000] {processor.py:830} INFO - Processing file /home/airflow/.local/lib/python3.8/site-packages/airflow/example_dags/example_python_operator.py for tasks to queue
[2025-01-20T11:22:03.706+0000] {logging_mixin.py:188} INFO - [2025-01-20T11:22:03.704+0000] {dagbag.py:538} INFO - Filling up the DagBag from /home/airflow/.local/lib/python3.8/site-packages/airflow/example_dags/example_python_operator.py
[2025-01-20T11:22:03.732+0000] {processor.py:840} INFO - DAG(s) 'example_python_operator' retrieved from /home/airflow/.local/lib/python3.8/site-packages/airflow/example_dags/example_python_operator.py
[2025-01-20T11:22:03.771+0000] {logging_mixin.py:188} INFO - [2025-01-20T11:22:03.771+0000] {dag.py:3036} INFO - Sync 1 DAGs
[2025-01-20T11:22:03.795+0000] {logging_mixin.py:188} INFO - [2025-01-20T11:22:03.795+0000] {dag.py:3823} INFO - Setting next_dagrun for example_python_operator to None, run_after=None
[2025-01-20T11:22:03.830+0000] {processor.py:183} INFO - Processing /home/airflow/.local/lib/python3.8/site-packages/airflow/example_dags/example_python_operator.py took 0.141 seconds
[2025-01-20T11:22:34.208+0000] {processor.py:161} INFO - Started process (PID=777) to work on /home/airflow/.local/lib/python3.8/site-packages/airflow/example_dags/example_python_operator.py
[2025-01-20T11:22:34.210+0000] {processor.py:830} INFO - Processing file /home/airflow/.local/lib/python3.8/site-packages/airflow/example_dags/example_python_operator.py for tasks to queue
[2025-01-20T11:22:34.214+0000] {logging_mixin.py:188} INFO - [2025-01-20T11:22:34.213+0000] {dagbag.py:538} INFO - Filling up the DagBag from /home/airflow/.local/lib/python3.8/site-packages/airflow/example_dags/example_python_operator.py
[2025-01-20T11:22:34.236+0000] {processor.py:840} INFO - DAG(s) 'example_python_operator' retrieved from /home/airflow/.local/lib/python3.8/site-packages/airflow/example_dags/example_python_operator.py
[2025-01-20T11:22:34.324+0000] {logging_mixin.py:188} INFO - [2025-01-20T11:22:34.323+0000] {dag.py:3036} INFO - Sync 1 DAGs
[2025-01-20T11:22:34.355+0000] {logging_mixin.py:188} INFO - [2025-01-20T11:22:34.354+0000] {dag.py:3823} INFO - Setting next_dagrun for example_python_operator to None, run_after=None
[2025-01-20T11:22:34.402+0000] {processor.py:183} INFO - Processing /home/airflow/.local/lib/python3.8/site-packages/airflow/example_dags/example_python_operator.py took 0.200 seconds
[2025-01-20T11:23:04.870+0000] {processor.py:161} INFO - Started process (PID=832) to work on /home/airflow/.local/lib/python3.8/site-packages/airflow/example_dags/example_python_operator.py
[2025-01-20T11:23:04.873+0000] {processor.py:830} INFO - Processing file /home/airflow/.local/lib/python3.8/site-packages/airflow/example_dags/example_python_operator.py for tasks to queue
[2025-01-20T11:23:04.892+0000] {logging_mixin.py:188} INFO - [2025-01-20T11:23:04.891+0000] {dagbag.py:538} INFO - Filling up the DagBag from /home/airflow/.local/lib/python3.8/site-packages/airflow/example_dags/example_python_operator.py
[2025-01-20T11:23:04.975+0000] {processor.py:840} INFO - DAG(s) 'example_python_operator' retrieved from /home/airflow/.local/lib/python3.8/site-packages/airflow/example_dags/example_python_operator.py
[2025-01-20T11:23:05.060+0000] {logging_mixin.py:188} INFO - [2025-01-20T11:23:05.060+0000] {dag.py:3036} INFO - Sync 1 DAGs
[2025-01-20T11:23:05.101+0000] {logging_mixin.py:188} INFO - [2025-01-20T11:23:05.101+0000] {dag.py:3823} INFO - Setting next_dagrun for example_python_operator to None, run_after=None
[2025-01-20T11:23:05.200+0000] {processor.py:183} INFO - Processing /home/airflow/.local/lib/python3.8/site-packages/airflow/example_dags/example_python_operator.py took 0.354 seconds
[2025-01-20T11:23:35.372+0000] {processor.py:161} INFO - Started process (PID=887) to work on /home/airflow/.local/lib/python3.8/site-packages/airflow/example_dags/example_python_operator.py
[2025-01-20T11:23:35.374+0000] {processor.py:830} INFO - Processing file /home/airflow/.local/lib/python3.8/site-packages/airflow/example_dags/example_python_operator.py for tasks to queue
[2025-01-20T11:23:35.377+0000] {logging_mixin.py:188} INFO - [2025-01-20T11:23:35.377+0000] {dagbag.py:538} INFO - Filling up the DagBag from /home/airflow/.local/lib/python3.8/site-packages/airflow/example_dags/example_python_operator.py
[2025-01-20T11:23:35.404+0000] {processor.py:840} INFO - DAG(s) 'example_python_operator' retrieved from /home/airflow/.local/lib/python3.8/site-packages/airflow/example_dags/example_python_operator.py
[2025-01-20T11:23:35.458+0000] {logging_mixin.py:188} INFO - [2025-01-20T11:23:35.458+0000] {dag.py:3036} INFO - Sync 1 DAGs
[2025-01-20T11:23:35.488+0000] {logging_mixin.py:188} INFO - [2025-01-20T11:23:35.488+0000] {dag.py:3823} INFO - Setting next_dagrun for example_python_operator to None, run_after=None
[2025-01-20T11:23:35.531+0000] {processor.py:183} INFO - Processing /home/airflow/.local/lib/python3.8/site-packages/airflow/example_dags/example_python_operator.py took 0.168 seconds
[2025-01-20T11:24:06.216+0000] {processor.py:161} INFO - Started process (PID=941) to work on /home/airflow/.local/lib/python3.8/site-packages/airflow/example_dags/example_python_operator.py
[2025-01-20T11:24:06.217+0000] {processor.py:830} INFO - Processing file /home/airflow/.local/lib/python3.8/site-packages/airflow/example_dags/example_python_operator.py for tasks to queue
[2025-01-20T11:24:06.220+0000] {logging_mixin.py:188} INFO - [2025-01-20T11:24:06.220+0000] {dagbag.py:538} INFO - Filling up the DagBag from /home/airflow/.local/lib/python3.8/site-packages/airflow/example_dags/example_python_operator.py
[2025-01-20T11:24:06.235+0000] {processor.py:840} INFO - DAG(s) 'example_python_operator' retrieved from /home/airflow/.local/lib/python3.8/site-packages/airflow/example_dags/example_python_operator.py
[2025-01-20T11:24:06.269+0000] {logging_mixin.py:188} INFO - [2025-01-20T11:24:06.269+0000] {dag.py:3036} INFO - Sync 1 DAGs
[2025-01-20T11:24:06.291+0000] {logging_mixin.py:188} INFO - [2025-01-20T11:24:06.291+0000] {dag.py:3823} INFO - Setting next_dagrun for example_python_operator to None, run_after=None
[2025-01-20T11:24:06.403+0000] {processor.py:183} INFO - Processing /home/airflow/.local/lib/python3.8/site-packages/airflow/example_dags/example_python_operator.py took 0.191 seconds
[2025-01-20T11:24:36.724+0000] {processor.py:161} INFO - Started process (PID=996) to work on /home/airflow/.local/lib/python3.8/site-packages/airflow/example_dags/example_python_operator.py
[2025-01-20T11:24:36.725+0000] {processor.py:830} INFO - Processing file /home/airflow/.local/lib/python3.8/site-packages/airflow/example_dags/example_python_operator.py for tasks to queue
[2025-01-20T11:24:36.728+0000] {logging_mixin.py:188} INFO - [2025-01-20T11:24:36.728+0000] {dagbag.py:538} INFO - Filling up the DagBag from /home/airflow/.local/lib/python3.8/site-packages/airflow/example_dags/example_python_operator.py
[2025-01-20T11:24:36.745+0000] {processor.py:840} INFO - DAG(s) 'example_python_operator' retrieved from /home/airflow/.local/lib/python3.8/site-packages/airflow/example_dags/example_python_operator.py
[2025-01-20T11:24:36.791+0000] {logging_mixin.py:188} INFO - [2025-01-20T11:24:36.790+0000] {dag.py:3036} INFO - Sync 1 DAGs
[2025-01-20T11:24:36.816+0000] {logging_mixin.py:188} INFO - [2025-01-20T11:24:36.816+0000] {dag.py:3823} INFO - Setting next_dagrun for example_python_operator to None, run_after=None
[2025-01-20T11:24:36.901+0000] {processor.py:183} INFO - Processing /home/airflow/.local/lib/python3.8/site-packages/airflow/example_dags/example_python_operator.py took 0.182 seconds
[2025-01-20T11:25:07.424+0000] {processor.py:161} INFO - Started process (PID=1051) to work on /home/airflow/.local/lib/python3.8/site-packages/airflow/example_dags/example_python_operator.py
[2025-01-20T11:25:07.427+0000] {processor.py:830} INFO - Processing file /home/airflow/.local/lib/python3.8/site-packages/airflow/example_dags/example_python_operator.py for tasks to queue
[2025-01-20T11:25:07.430+0000] {logging_mixin.py:188} INFO - [2025-01-20T11:25:07.430+0000] {dagbag.py:538} INFO - Filling up the DagBag from /home/airflow/.local/lib/python3.8/site-packages/airflow/example_dags/example_python_operator.py
[2025-01-20T11:25:07.454+0000] {processor.py:840} INFO - DAG(s) 'example_python_operator' retrieved from /home/airflow/.local/lib/python3.8/site-packages/airflow/example_dags/example_python_operator.py
[2025-01-20T11:25:07.498+0000] {logging_mixin.py:188} INFO - [2025-01-20T11:25:07.497+0000] {dag.py:3036} INFO - Sync 1 DAGs
[2025-01-20T11:25:07.520+0000] {logging_mixin.py:188} INFO - [2025-01-20T11:25:07.520+0000] {dag.py:3823} INFO - Setting next_dagrun for example_python_operator to None, run_after=None
[2025-01-20T11:25:07.561+0000] {processor.py:183} INFO - Processing /home/airflow/.local/lib/python3.8/site-packages/airflow/example_dags/example_python_operator.py took 0.143 seconds
[2025-01-20T11:25:37.883+0000] {processor.py:161} INFO - Started process (PID=1106) to work on /home/airflow/.local/lib/python3.8/site-packages/airflow/example_dags/example_python_operator.py
[2025-01-20T11:25:37.885+0000] {processor.py:830} INFO - Processing file /home/airflow/.local/lib/python3.8/site-packages/airflow/example_dags/example_python_operator.py for tasks to queue
[2025-01-20T11:25:37.888+0000] {logging_mixin.py:188} INFO - [2025-01-20T11:25:37.887+0000] {dagbag.py:538} INFO - Filling up the DagBag from /home/airflow/.local/lib/python3.8/site-packages/airflow/example_dags/example_python_operator.py
[2025-01-20T11:25:37.906+0000] {processor.py:840} INFO - DAG(s) 'example_python_operator' retrieved from /home/airflow/.local/lib/python3.8/site-packages/airflow/example_dags/example_python_operator.py
[2025-01-20T11:25:37.948+0000] {logging_mixin.py:188} INFO - [2025-01-20T11:25:37.947+0000] {dag.py:3036} INFO - Sync 1 DAGs
[2025-01-20T11:25:37.970+0000] {logging_mixin.py:188} INFO - [2025-01-20T11:25:37.970+0000] {dag.py:3823} INFO - Setting next_dagrun for example_python_operator to None, run_after=None
[2025-01-20T11:25:38.002+0000] {processor.py:183} INFO - Processing /home/airflow/.local/lib/python3.8/site-packages/airflow/example_dags/example_python_operator.py took 0.124 seconds
[2025-01-20T11:26:08.470+0000] {processor.py:161} INFO - Started process (PID=1161) to work on /home/airflow/.local/lib/python3.8/site-packages/airflow/example_dags/example_python_operator.py
[2025-01-20T11:26:08.472+0000] {processor.py:830} INFO - Processing file /home/airflow/.local/lib/python3.8/site-packages/airflow/example_dags/example_python_operator.py for tasks to queue
[2025-01-20T11:26:08.477+0000] {logging_mixin.py:188} INFO - [2025-01-20T11:26:08.476+0000] {dagbag.py:538} INFO - Filling up the DagBag from /home/airflow/.local/lib/python3.8/site-packages/airflow/example_dags/example_python_operator.py
[2025-01-20T11:26:08.506+0000] {processor.py:840} INFO - DAG(s) 'example_python_operator' retrieved from /home/airflow/.local/lib/python3.8/site-packages/airflow/example_dags/example_python_operator.py
[2025-01-20T11:26:08.620+0000] {logging_mixin.py:188} INFO - [2025-01-20T11:26:08.619+0000] {dag.py:3036} INFO - Sync 1 DAGs
[2025-01-20T11:26:08.706+0000] {logging_mixin.py:188} INFO - [2025-01-20T11:26:08.705+0000] {dag.py:3823} INFO - Setting next_dagrun for example_python_operator to None, run_after=None
[2025-01-20T11:26:08.786+0000] {processor.py:183} INFO - Processing /home/airflow/.local/lib/python3.8/site-packages/airflow/example_dags/example_python_operator.py took 0.325 seconds
[2025-01-20T11:26:39.071+0000] {processor.py:161} INFO - Started process (PID=1216) to work on /home/airflow/.local/lib/python3.8/site-packages/airflow/example_dags/example_python_operator.py
[2025-01-20T11:26:39.077+0000] {processor.py:830} INFO - Processing file /home/airflow/.local/lib/python3.8/site-packages/airflow/example_dags/example_python_operator.py for tasks to queue
[2025-01-20T11:26:39.081+0000] {logging_mixin.py:188} INFO - [2025-01-20T11:26:39.081+0000] {dagbag.py:538} INFO - Filling up the DagBag from /home/airflow/.local/lib/python3.8/site-packages/airflow/example_dags/example_python_operator.py
[2025-01-20T11:26:39.116+0000] {processor.py:840} INFO - DAG(s) 'example_python_operator' retrieved from /home/airflow/.local/lib/python3.8/site-packages/airflow/example_dags/example_python_operator.py
[2025-01-20T11:26:39.171+0000] {logging_mixin.py:188} INFO - [2025-01-20T11:26:39.171+0000] {dag.py:3036} INFO - Sync 1 DAGs
[2025-01-20T11:26:39.196+0000] {logging_mixin.py:188} INFO - [2025-01-20T11:26:39.195+0000] {dag.py:3823} INFO - Setting next_dagrun for example_python_operator to None, run_after=None
[2025-01-20T11:26:39.230+0000] {processor.py:183} INFO - Processing /home/airflow/.local/lib/python3.8/site-packages/airflow/example_dags/example_python_operator.py took 0.169 seconds
[2025-01-20T11:27:10.164+0000] {processor.py:161} INFO - Started process (PID=1271) to work on /home/airflow/.local/lib/python3.8/site-packages/airflow/example_dags/example_python_operator.py
[2025-01-20T11:27:10.185+0000] {processor.py:830} INFO - Processing file /home/airflow/.local/lib/python3.8/site-packages/airflow/example_dags/example_python_operator.py for tasks to queue
[2025-01-20T11:27:10.201+0000] {logging_mixin.py:188} INFO - [2025-01-20T11:27:10.195+0000] {dagbag.py:538} INFO - Filling up the DagBag from /home/airflow/.local/lib/python3.8/site-packages/airflow/example_dags/example_python_operator.py
[2025-01-20T11:27:10.283+0000] {processor.py:840} INFO - DAG(s) 'example_python_operator' retrieved from /home/airflow/.local/lib/python3.8/site-packages/airflow/example_dags/example_python_operator.py
[2025-01-20T11:27:10.390+0000] {logging_mixin.py:188} INFO - [2025-01-20T11:27:10.389+0000] {dag.py:3036} INFO - Sync 1 DAGs
[2025-01-20T11:27:10.465+0000] {logging_mixin.py:188} INFO - [2025-01-20T11:27:10.462+0000] {dag.py:3823} INFO - Setting next_dagrun for example_python_operator to None, run_after=None
[2025-01-20T11:27:10.531+0000] {processor.py:183} INFO - Processing /home/airflow/.local/lib/python3.8/site-packages/airflow/example_dags/example_python_operator.py took 0.388 seconds
[2025-01-20T11:27:40.725+0000] {processor.py:161} INFO - Started process (PID=1326) to work on /home/airflow/.local/lib/python3.8/site-packages/airflow/example_dags/example_python_operator.py
[2025-01-20T11:27:40.727+0000] {processor.py:830} INFO - Processing file /home/airflow/.local/lib/python3.8/site-packages/airflow/example_dags/example_python_operator.py for tasks to queue
[2025-01-20T11:27:40.730+0000] {logging_mixin.py:188} INFO - [2025-01-20T11:27:40.730+0000] {dagbag.py:538} INFO - Filling up the DagBag from /home/airflow/.local/lib/python3.8/site-packages/airflow/example_dags/example_python_operator.py
[2025-01-20T11:27:40.755+0000] {processor.py:840} INFO - DAG(s) 'example_python_operator' retrieved from /home/airflow/.local/lib/python3.8/site-packages/airflow/example_dags/example_python_operator.py
[2025-01-20T11:27:40.798+0000] {logging_mixin.py:188} INFO - [2025-01-20T11:27:40.798+0000] {dag.py:3036} INFO - Sync 1 DAGs
[2025-01-20T11:27:40.821+0000] {logging_mixin.py:188} INFO - [2025-01-20T11:27:40.820+0000] {dag.py:3823} INFO - Setting next_dagrun for example_python_operator to None, run_after=None
[2025-01-20T11:27:40.858+0000] {processor.py:183} INFO - Processing /home/airflow/.local/lib/python3.8/site-packages/airflow/example_dags/example_python_operator.py took 0.137 seconds
[2025-01-20T11:28:10.981+0000] {processor.py:161} INFO - Started process (PID=1381) to work on /home/airflow/.local/lib/python3.8/site-packages/airflow/example_dags/example_python_operator.py
[2025-01-20T11:28:10.983+0000] {processor.py:830} INFO - Processing file /home/airflow/.local/lib/python3.8/site-packages/airflow/example_dags/example_python_operator.py for tasks to queue
[2025-01-20T11:28:10.985+0000] {logging_mixin.py:188} INFO - [2025-01-20T11:28:10.985+0000] {dagbag.py:538} INFO - Filling up the DagBag from /home/airflow/.local/lib/python3.8/site-packages/airflow/example_dags/example_python_operator.py
[2025-01-20T11:28:11.003+0000] {processor.py:840} INFO - DAG(s) 'example_python_operator' retrieved from /home/airflow/.local/lib/python3.8/site-packages/airflow/example_dags/example_python_operator.py
[2025-01-20T11:28:11.037+0000] {logging_mixin.py:188} INFO - [2025-01-20T11:28:11.037+0000] {dag.py:3036} INFO - Sync 1 DAGs
[2025-01-20T11:28:11.057+0000] {logging_mixin.py:188} INFO - [2025-01-20T11:28:11.057+0000] {dag.py:3823} INFO - Setting next_dagrun for example_python_operator to None, run_after=None
[2025-01-20T11:28:11.088+0000] {processor.py:183} INFO - Processing /home/airflow/.local/lib/python3.8/site-packages/airflow/example_dags/example_python_operator.py took 0.111 seconds
[2025-01-20T11:28:41.137+0000] {processor.py:161} INFO - Started process (PID=1435) to work on /home/airflow/.local/lib/python3.8/site-packages/airflow/example_dags/example_python_operator.py
[2025-01-20T11:28:41.139+0000] {processor.py:830} INFO - Processing file /home/airflow/.local/lib/python3.8/site-packages/airflow/example_dags/example_python_operator.py for tasks to queue
[2025-01-20T11:28:41.142+0000] {logging_mixin.py:188} INFO - [2025-01-20T11:28:41.141+0000] {dagbag.py:538} INFO - Filling up the DagBag from /home/airflow/.local/lib/python3.8/site-packages/airflow/example_dags/example_python_operator.py
[2025-01-20T11:28:41.160+0000] {processor.py:840} INFO - DAG(s) 'example_python_operator' retrieved from /home/airflow/.local/lib/python3.8/site-packages/airflow/example_dags/example_python_operator.py
[2025-01-20T11:28:41.196+0000] {logging_mixin.py:188} INFO - [2025-01-20T11:28:41.195+0000] {dag.py:3036} INFO - Sync 1 DAGs
[2025-01-20T11:28:41.220+0000] {logging_mixin.py:188} INFO - [2025-01-20T11:28:41.219+0000] {dag.py:3823} INFO - Setting next_dagrun for example_python_operator to None, run_after=None
[2025-01-20T11:28:41.256+0000] {processor.py:183} INFO - Processing /home/airflow/.local/lib/python3.8/site-packages/airflow/example_dags/example_python_operator.py took 0.123 seconds
[2025-01-20T11:29:12.197+0000] {processor.py:161} INFO - Started process (PID=1491) to work on /home/airflow/.local/lib/python3.8/site-packages/airflow/example_dags/example_python_operator.py
[2025-01-20T11:29:12.199+0000] {processor.py:830} INFO - Processing file /home/airflow/.local/lib/python3.8/site-packages/airflow/example_dags/example_python_operator.py for tasks to queue
[2025-01-20T11:29:12.204+0000] {logging_mixin.py:188} INFO - [2025-01-20T11:29:12.204+0000] {dagbag.py:538} INFO - Filling up the DagBag from /home/airflow/.local/lib/python3.8/site-packages/airflow/example_dags/example_python_operator.py
[2025-01-20T11:29:12.240+0000] {processor.py:840} INFO - DAG(s) 'example_python_operator' retrieved from /home/airflow/.local/lib/python3.8/site-packages/airflow/example_dags/example_python_operator.py
[2025-01-20T11:29:12.305+0000] {logging_mixin.py:188} INFO - [2025-01-20T11:29:12.305+0000] {dag.py:3036} INFO - Sync 1 DAGs
[2025-01-20T11:29:12.343+0000] {logging_mixin.py:188} INFO - [2025-01-20T11:29:12.342+0000] {dag.py:3823} INFO - Setting next_dagrun for example_python_operator to None, run_after=None
[2025-01-20T11:29:12.391+0000] {processor.py:183} INFO - Processing /home/airflow/.local/lib/python3.8/site-packages/airflow/example_dags/example_python_operator.py took 0.202 seconds
[2025-01-20T11:29:43.312+0000] {processor.py:161} INFO - Started process (PID=1547) to work on /home/airflow/.local/lib/python3.8/site-packages/airflow/example_dags/example_python_operator.py
[2025-01-20T11:29:43.315+0000] {processor.py:830} INFO - Processing file /home/airflow/.local/lib/python3.8/site-packages/airflow/example_dags/example_python_operator.py for tasks to queue
[2025-01-20T11:29:43.319+0000] {logging_mixin.py:188} INFO - [2025-01-20T11:29:43.318+0000] {dagbag.py:538} INFO - Filling up the DagBag from /home/airflow/.local/lib/python3.8/site-packages/airflow/example_dags/example_python_operator.py
[2025-01-20T11:29:43.347+0000] {processor.py:840} INFO - DAG(s) 'example_python_operator' retrieved from /home/airflow/.local/lib/python3.8/site-packages/airflow/example_dags/example_python_operator.py
[2025-01-20T11:29:43.409+0000] {logging_mixin.py:188} INFO - [2025-01-20T11:29:43.408+0000] {dag.py:3036} INFO - Sync 1 DAGs
[2025-01-20T11:29:43.462+0000] {logging_mixin.py:188} INFO - [2025-01-20T11:29:43.461+0000] {dag.py:3823} INFO - Setting next_dagrun for example_python_operator to None, run_after=None
[2025-01-20T11:29:43.536+0000] {processor.py:183} INFO - Processing /home/airflow/.local/lib/python3.8/site-packages/airflow/example_dags/example_python_operator.py took 0.231 seconds
[2025-01-20T11:30:14.173+0000] {processor.py:161} INFO - Started process (PID=1601) to work on /home/airflow/.local/lib/python3.8/site-packages/airflow/example_dags/example_python_operator.py
[2025-01-20T11:30:14.175+0000] {processor.py:830} INFO - Processing file /home/airflow/.local/lib/python3.8/site-packages/airflow/example_dags/example_python_operator.py for tasks to queue
[2025-01-20T11:30:14.179+0000] {logging_mixin.py:188} INFO - [2025-01-20T11:30:14.178+0000] {dagbag.py:538} INFO - Filling up the DagBag from /home/airflow/.local/lib/python3.8/site-packages/airflow/example_dags/example_python_operator.py
[2025-01-20T11:30:14.198+0000] {processor.py:840} INFO - DAG(s) 'example_python_operator' retrieved from /home/airflow/.local/lib/python3.8/site-packages/airflow/example_dags/example_python_operator.py
[2025-01-20T11:30:14.243+0000] {logging_mixin.py:188} INFO - [2025-01-20T11:30:14.243+0000] {dag.py:3036} INFO - Sync 1 DAGs
[2025-01-20T11:30:14.267+0000] {logging_mixin.py:188} INFO - [2025-01-20T11:30:14.267+0000] {dag.py:3823} INFO - Setting next_dagrun for example_python_operator to None, run_after=None
[2025-01-20T11:30:14.310+0000] {processor.py:183} INFO - Processing /home/airflow/.local/lib/python3.8/site-packages/airflow/example_dags/example_python_operator.py took 0.145 seconds
[2025-01-20T11:30:45.248+0000] {processor.py:161} INFO - Started process (PID=1656) to work on /home/airflow/.local/lib/python3.8/site-packages/airflow/example_dags/example_python_operator.py
[2025-01-20T11:30:45.251+0000] {processor.py:830} INFO - Processing file /home/airflow/.local/lib/python3.8/site-packages/airflow/example_dags/example_python_operator.py for tasks to queue
[2025-01-20T11:30:45.256+0000] {logging_mixin.py:188} INFO - [2025-01-20T11:30:45.255+0000] {dagbag.py:538} INFO - Filling up the DagBag from /home/airflow/.local/lib/python3.8/site-packages/airflow/example_dags/example_python_operator.py
[2025-01-20T11:30:45.283+0000] {processor.py:840} INFO - DAG(s) 'example_python_operator' retrieved from /home/airflow/.local/lib/python3.8/site-packages/airflow/example_dags/example_python_operator.py
[2025-01-20T11:30:45.365+0000] {logging_mixin.py:188} INFO - [2025-01-20T11:30:45.364+0000] {dag.py:3036} INFO - Sync 1 DAGs
[2025-01-20T11:30:45.405+0000] {logging_mixin.py:188} INFO - [2025-01-20T11:30:45.404+0000] {dag.py:3823} INFO - Setting next_dagrun for example_python_operator to None, run_after=None
[2025-01-20T11:30:45.464+0000] {processor.py:183} INFO - Processing /home/airflow/.local/lib/python3.8/site-packages/airflow/example_dags/example_python_operator.py took 0.221 seconds
[2025-01-20T11:31:16.043+0000] {processor.py:161} INFO - Started process (PID=1711) to work on /home/airflow/.local/lib/python3.8/site-packages/airflow/example_dags/example_python_operator.py
[2025-01-20T11:31:16.046+0000] {processor.py:830} INFO - Processing file /home/airflow/.local/lib/python3.8/site-packages/airflow/example_dags/example_python_operator.py for tasks to queue
[2025-01-20T11:31:16.055+0000] {logging_mixin.py:188} INFO - [2025-01-20T11:31:16.054+0000] {dagbag.py:538} INFO - Filling up the DagBag from /home/airflow/.local/lib/python3.8/site-packages/airflow/example_dags/example_python_operator.py
[2025-01-20T11:31:16.091+0000] {processor.py:840} INFO - DAG(s) 'example_python_operator' retrieved from /home/airflow/.local/lib/python3.8/site-packages/airflow/example_dags/example_python_operator.py
[2025-01-20T11:31:16.145+0000] {logging_mixin.py:188} INFO - [2025-01-20T11:31:16.145+0000] {dag.py:3036} INFO - Sync 1 DAGs
[2025-01-20T11:31:16.176+0000] {logging_mixin.py:188} INFO - [2025-01-20T11:31:16.176+0000] {dag.py:3823} INFO - Setting next_dagrun for example_python_operator to None, run_after=None
[2025-01-20T11:31:16.216+0000] {processor.py:183} INFO - Processing /home/airflow/.local/lib/python3.8/site-packages/airflow/example_dags/example_python_operator.py took 0.182 seconds
[2025-01-20T11:31:46.796+0000] {processor.py:161} INFO - Started process (PID=1766) to work on /home/airflow/.local/lib/python3.8/site-packages/airflow/example_dags/example_python_operator.py
[2025-01-20T11:31:46.798+0000] {processor.py:830} INFO - Processing file /home/airflow/.local/lib/python3.8/site-packages/airflow/example_dags/example_python_operator.py for tasks to queue
[2025-01-20T11:31:46.801+0000] {logging_mixin.py:188} INFO - [2025-01-20T11:31:46.801+0000] {dagbag.py:538} INFO - Filling up the DagBag from /home/airflow/.local/lib/python3.8/site-packages/airflow/example_dags/example_python_operator.py
[2025-01-20T11:31:46.817+0000] {processor.py:840} INFO - DAG(s) 'example_python_operator' retrieved from /home/airflow/.local/lib/python3.8/site-packages/airflow/example_dags/example_python_operator.py
[2025-01-20T11:31:46.854+0000] {logging_mixin.py:188} INFO - [2025-01-20T11:31:46.854+0000] {dag.py:3036} INFO - Sync 1 DAGs
[2025-01-20T11:31:46.875+0000] {logging_mixin.py:188} INFO - [2025-01-20T11:31:46.874+0000] {dag.py:3823} INFO - Setting next_dagrun for example_python_operator to None, run_after=None
[2025-01-20T11:31:46.906+0000] {processor.py:183} INFO - Processing /home/airflow/.local/lib/python3.8/site-packages/airflow/example_dags/example_python_operator.py took 0.115 seconds
[2025-01-20T11:32:17.178+0000] {processor.py:161} INFO - Started process (PID=1821) to work on /home/airflow/.local/lib/python3.8/site-packages/airflow/example_dags/example_python_operator.py
[2025-01-20T11:32:17.180+0000] {processor.py:830} INFO - Processing file /home/airflow/.local/lib/python3.8/site-packages/airflow/example_dags/example_python_operator.py for tasks to queue
[2025-01-20T11:32:17.184+0000] {logging_mixin.py:188} INFO - [2025-01-20T11:32:17.184+0000] {dagbag.py:538} INFO - Filling up the DagBag from /home/airflow/.local/lib/python3.8/site-packages/airflow/example_dags/example_python_operator.py
[2025-01-20T11:32:17.202+0000] {processor.py:840} INFO - DAG(s) 'example_python_operator' retrieved from /home/airflow/.local/lib/python3.8/site-packages/airflow/example_dags/example_python_operator.py
[2025-01-20T11:32:17.242+0000] {logging_mixin.py:188} INFO - [2025-01-20T11:32:17.242+0000] {dag.py:3036} INFO - Sync 1 DAGs
[2025-01-20T11:32:17.261+0000] {logging_mixin.py:188} INFO - [2025-01-20T11:32:17.260+0000] {dag.py:3823} INFO - Setting next_dagrun for example_python_operator to None, run_after=None
[2025-01-20T11:32:17.291+0000] {processor.py:183} INFO - Processing /home/airflow/.local/lib/python3.8/site-packages/airflow/example_dags/example_python_operator.py took 0.119 seconds
[2025-01-20T11:32:47.516+0000] {processor.py:161} INFO - Started process (PID=1876) to work on /home/airflow/.local/lib/python3.8/site-packages/airflow/example_dags/example_python_operator.py
[2025-01-20T11:32:47.518+0000] {processor.py:830} INFO - Processing file /home/airflow/.local/lib/python3.8/site-packages/airflow/example_dags/example_python_operator.py for tasks to queue
[2025-01-20T11:32:47.521+0000] {logging_mixin.py:188} INFO - [2025-01-20T11:32:47.521+0000] {dagbag.py:538} INFO - Filling up the DagBag from /home/airflow/.local/lib/python3.8/site-packages/airflow/example_dags/example_python_operator.py
[2025-01-20T11:32:47.539+0000] {processor.py:840} INFO - DAG(s) 'example_python_operator' retrieved from /home/airflow/.local/lib/python3.8/site-packages/airflow/example_dags/example_python_operator.py
[2025-01-20T11:32:47.579+0000] {logging_mixin.py:188} INFO - [2025-01-20T11:32:47.579+0000] {dag.py:3036} INFO - Sync 1 DAGs
[2025-01-20T11:32:47.598+0000] {logging_mixin.py:188} INFO - [2025-01-20T11:32:47.598+0000] {dag.py:3823} INFO - Setting next_dagrun for example_python_operator to None, run_after=None
[2025-01-20T11:32:47.633+0000] {processor.py:183} INFO - Processing /home/airflow/.local/lib/python3.8/site-packages/airflow/example_dags/example_python_operator.py took 0.123 seconds
[2025-01-20T11:33:18.542+0000] {processor.py:161} INFO - Started process (PID=1931) to work on /home/airflow/.local/lib/python3.8/site-packages/airflow/example_dags/example_python_operator.py
[2025-01-20T11:33:18.544+0000] {processor.py:830} INFO - Processing file /home/airflow/.local/lib/python3.8/site-packages/airflow/example_dags/example_python_operator.py for tasks to queue
[2025-01-20T11:33:18.547+0000] {logging_mixin.py:188} INFO - [2025-01-20T11:33:18.547+0000] {dagbag.py:538} INFO - Filling up the DagBag from /home/airflow/.local/lib/python3.8/site-packages/airflow/example_dags/example_python_operator.py
[2025-01-20T11:33:18.570+0000] {processor.py:840} INFO - DAG(s) 'example_python_operator' retrieved from /home/airflow/.local/lib/python3.8/site-packages/airflow/example_dags/example_python_operator.py
[2025-01-20T11:33:18.608+0000] {logging_mixin.py:188} INFO - [2025-01-20T11:33:18.608+0000] {dag.py:3036} INFO - Sync 1 DAGs
[2025-01-20T11:33:18.627+0000] {logging_mixin.py:188} INFO - [2025-01-20T11:33:18.627+0000] {dag.py:3823} INFO - Setting next_dagrun for example_python_operator to None, run_after=None
[2025-01-20T11:33:18.666+0000] {processor.py:183} INFO - Processing /home/airflow/.local/lib/python3.8/site-packages/airflow/example_dags/example_python_operator.py took 0.130 seconds
[2025-01-20T11:33:49.344+0000] {processor.py:161} INFO - Started process (PID=1986) to work on /home/airflow/.local/lib/python3.8/site-packages/airflow/example_dags/example_python_operator.py
[2025-01-20T11:33:49.346+0000] {processor.py:830} INFO - Processing file /home/airflow/.local/lib/python3.8/site-packages/airflow/example_dags/example_python_operator.py for tasks to queue
[2025-01-20T11:33:49.351+0000] {logging_mixin.py:188} INFO - [2025-01-20T11:33:49.351+0000] {dagbag.py:538} INFO - Filling up the DagBag from /home/airflow/.local/lib/python3.8/site-packages/airflow/example_dags/example_python_operator.py
[2025-01-20T11:33:49.386+0000] {processor.py:840} INFO - DAG(s) 'example_python_operator' retrieved from /home/airflow/.local/lib/python3.8/site-packages/airflow/example_dags/example_python_operator.py
[2025-01-20T11:33:49.469+0000] {logging_mixin.py:188} INFO - [2025-01-20T11:33:49.469+0000] {dag.py:3036} INFO - Sync 1 DAGs
[2025-01-20T11:33:49.524+0000] {logging_mixin.py:188} INFO - [2025-01-20T11:33:49.523+0000] {dag.py:3823} INFO - Setting next_dagrun for example_python_operator to None, run_after=None
[2025-01-20T11:33:49.575+0000] {processor.py:183} INFO - Processing /home/airflow/.local/lib/python3.8/site-packages/airflow/example_dags/example_python_operator.py took 0.240 seconds
[2025-01-20T11:34:20.064+0000] {processor.py:161} INFO - Started process (PID=2039) to work on /home/airflow/.local/lib/python3.8/site-packages/airflow/example_dags/example_python_operator.py
[2025-01-20T11:34:20.067+0000] {processor.py:830} INFO - Processing file /home/airflow/.local/lib/python3.8/site-packages/airflow/example_dags/example_python_operator.py for tasks to queue
[2025-01-20T11:34:20.070+0000] {logging_mixin.py:188} INFO - [2025-01-20T11:34:20.069+0000] {dagbag.py:538} INFO - Filling up the DagBag from /home/airflow/.local/lib/python3.8/site-packages/airflow/example_dags/example_python_operator.py
[2025-01-20T11:34:20.088+0000] {processor.py:840} INFO - DAG(s) 'example_python_operator' retrieved from /home/airflow/.local/lib/python3.8/site-packages/airflow/example_dags/example_python_operator.py
[2025-01-20T11:34:20.127+0000] {logging_mixin.py:188} INFO - [2025-01-20T11:34:20.127+0000] {dag.py:3036} INFO - Sync 1 DAGs
[2025-01-20T11:34:20.149+0000] {logging_mixin.py:188} INFO - [2025-01-20T11:34:20.149+0000] {dag.py:3823} INFO - Setting next_dagrun for example_python_operator to None, run_after=None
[2025-01-20T11:34:20.183+0000] {processor.py:183} INFO - Processing /home/airflow/.local/lib/python3.8/site-packages/airflow/example_dags/example_python_operator.py took 0.125 seconds
[2025-01-20T11:34:50.527+0000] {processor.py:161} INFO - Started process (PID=2094) to work on /home/airflow/.local/lib/python3.8/site-packages/airflow/example_dags/example_python_operator.py
[2025-01-20T11:34:50.528+0000] {processor.py:830} INFO - Processing file /home/airflow/.local/lib/python3.8/site-packages/airflow/example_dags/example_python_operator.py for tasks to queue
[2025-01-20T11:34:50.531+0000] {logging_mixin.py:188} INFO - [2025-01-20T11:34:50.531+0000] {dagbag.py:538} INFO - Filling up the DagBag from /home/airflow/.local/lib/python3.8/site-packages/airflow/example_dags/example_python_operator.py
[2025-01-20T11:34:50.547+0000] {processor.py:840} INFO - DAG(s) 'example_python_operator' retrieved from /home/airflow/.local/lib/python3.8/site-packages/airflow/example_dags/example_python_operator.py
[2025-01-20T11:34:50.584+0000] {logging_mixin.py:188} INFO - [2025-01-20T11:34:50.583+0000] {dag.py:3036} INFO - Sync 1 DAGs
[2025-01-20T11:34:50.604+0000] {logging_mixin.py:188} INFO - [2025-01-20T11:34:50.604+0000] {dag.py:3823} INFO - Setting next_dagrun for example_python_operator to None, run_after=None
[2025-01-20T11:34:50.636+0000] {processor.py:183} INFO - Processing /home/airflow/.local/lib/python3.8/site-packages/airflow/example_dags/example_python_operator.py took 0.114 seconds
[2025-01-20T11:35:21.364+0000] {processor.py:161} INFO - Started process (PID=2149) to work on /home/airflow/.local/lib/python3.8/site-packages/airflow/example_dags/example_python_operator.py
[2025-01-20T11:35:21.366+0000] {processor.py:830} INFO - Processing file /home/airflow/.local/lib/python3.8/site-packages/airflow/example_dags/example_python_operator.py for tasks to queue
[2025-01-20T11:35:21.369+0000] {logging_mixin.py:188} INFO - [2025-01-20T11:35:21.369+0000] {dagbag.py:538} INFO - Filling up the DagBag from /home/airflow/.local/lib/python3.8/site-packages/airflow/example_dags/example_python_operator.py
[2025-01-20T11:35:21.397+0000] {processor.py:840} INFO - DAG(s) 'example_python_operator' retrieved from /home/airflow/.local/lib/python3.8/site-packages/airflow/example_dags/example_python_operator.py
[2025-01-20T11:35:21.446+0000] {logging_mixin.py:188} INFO - [2025-01-20T11:35:21.446+0000] {dag.py:3036} INFO - Sync 1 DAGs
[2025-01-20T11:35:21.479+0000] {logging_mixin.py:188} INFO - [2025-01-20T11:35:21.479+0000] {dag.py:3823} INFO - Setting next_dagrun for example_python_operator to None, run_after=None
[2025-01-20T11:35:21.521+0000] {processor.py:183} INFO - Processing /home/airflow/.local/lib/python3.8/site-packages/airflow/example_dags/example_python_operator.py took 0.165 seconds
[2025-01-20T11:35:51.872+0000] {processor.py:161} INFO - Started process (PID=2204) to work on /home/airflow/.local/lib/python3.8/site-packages/airflow/example_dags/example_python_operator.py
[2025-01-20T11:35:51.874+0000] {processor.py:830} INFO - Processing file /home/airflow/.local/lib/python3.8/site-packages/airflow/example_dags/example_python_operator.py for tasks to queue
[2025-01-20T11:35:51.877+0000] {logging_mixin.py:188} INFO - [2025-01-20T11:35:51.876+0000] {dagbag.py:538} INFO - Filling up the DagBag from /home/airflow/.local/lib/python3.8/site-packages/airflow/example_dags/example_python_operator.py
[2025-01-20T11:35:51.896+0000] {processor.py:840} INFO - DAG(s) 'example_python_operator' retrieved from /home/airflow/.local/lib/python3.8/site-packages/airflow/example_dags/example_python_operator.py
[2025-01-20T11:35:51.935+0000] {logging_mixin.py:188} INFO - [2025-01-20T11:35:51.935+0000] {dag.py:3036} INFO - Sync 1 DAGs
[2025-01-20T11:35:51.954+0000] {logging_mixin.py:188} INFO - [2025-01-20T11:35:51.954+0000] {dag.py:3823} INFO - Setting next_dagrun for example_python_operator to None, run_after=None
[2025-01-20T11:35:51.981+0000] {processor.py:183} INFO - Processing /home/airflow/.local/lib/python3.8/site-packages/airflow/example_dags/example_python_operator.py took 0.115 seconds
[2025-01-20T11:36:22.523+0000] {processor.py:161} INFO - Started process (PID=2259) to work on /home/airflow/.local/lib/python3.8/site-packages/airflow/example_dags/example_python_operator.py
[2025-01-20T11:36:22.527+0000] {processor.py:830} INFO - Processing file /home/airflow/.local/lib/python3.8/site-packages/airflow/example_dags/example_python_operator.py for tasks to queue
[2025-01-20T11:36:22.536+0000] {logging_mixin.py:188} INFO - [2025-01-20T11:36:22.535+0000] {dagbag.py:538} INFO - Filling up the DagBag from /home/airflow/.local/lib/python3.8/site-packages/airflow/example_dags/example_python_operator.py
[2025-01-20T11:36:22.576+0000] {processor.py:840} INFO - DAG(s) 'example_python_operator' retrieved from /home/airflow/.local/lib/python3.8/site-packages/airflow/example_dags/example_python_operator.py
[2025-01-20T11:36:22.664+0000] {logging_mixin.py:188} INFO - [2025-01-20T11:36:22.664+0000] {dag.py:3036} INFO - Sync 1 DAGs
[2025-01-20T11:36:22.706+0000] {logging_mixin.py:188} INFO - [2025-01-20T11:36:22.705+0000] {dag.py:3823} INFO - Setting next_dagrun for example_python_operator to None, run_after=None
[2025-01-20T11:36:22.787+0000] {processor.py:183} INFO - Processing /home/airflow/.local/lib/python3.8/site-packages/airflow/example_dags/example_python_operator.py took 0.277 seconds
[2025-01-20T11:36:53.031+0000] {processor.py:161} INFO - Started process (PID=2314) to work on /home/airflow/.local/lib/python3.8/site-packages/airflow/example_dags/example_python_operator.py
[2025-01-20T11:36:53.033+0000] {processor.py:830} INFO - Processing file /home/airflow/.local/lib/python3.8/site-packages/airflow/example_dags/example_python_operator.py for tasks to queue
[2025-01-20T11:36:53.036+0000] {logging_mixin.py:188} INFO - [2025-01-20T11:36:53.036+0000] {dagbag.py:538} INFO - Filling up the DagBag from /home/airflow/.local/lib/python3.8/site-packages/airflow/example_dags/example_python_operator.py
[2025-01-20T11:36:53.058+0000] {processor.py:840} INFO - DAG(s) 'example_python_operator' retrieved from /home/airflow/.local/lib/python3.8/site-packages/airflow/example_dags/example_python_operator.py
[2025-01-20T11:36:53.102+0000] {logging_mixin.py:188} INFO - [2025-01-20T11:36:53.101+0000] {dag.py:3036} INFO - Sync 1 DAGs
[2025-01-20T11:36:53.127+0000] {logging_mixin.py:188} INFO - [2025-01-20T11:36:53.127+0000] {dag.py:3823} INFO - Setting next_dagrun for example_python_operator to None, run_after=None
[2025-01-20T11:36:53.167+0000] {processor.py:183} INFO - Processing /home/airflow/.local/lib/python3.8/site-packages/airflow/example_dags/example_python_operator.py took 0.143 seconds
