[2025-01-20T11:16:18.148+0000] {processor.py:161} INFO - Started process (PID=78) to work on /home/airflow/.local/lib/python3.8/site-packages/airflow/example_dags/example_local_kubernetes_executor.py
[2025-01-20T11:16:18.150+0000] {processor.py:830} INFO - Processing file /home/airflow/.local/lib/python3.8/site-packages/airflow/example_dags/example_local_kubernetes_executor.py for tasks to queue
[2025-01-20T11:16:18.159+0000] {logging_mixin.py:188} INFO - [2025-01-20T11:16:18.155+0000] {dagbag.py:538} INFO - Filling up the DagBag from /home/airflow/.local/lib/python3.8/site-packages/airflow/example_dags/example_local_kubernetes_executor.py
[2025-01-20T11:16:18.227+0000] {processor.py:840} INFO - DAG(s) 'example_local_kubernetes_executor' retrieved from /home/airflow/.local/lib/python3.8/site-packages/airflow/example_dags/example_local_kubernetes_executor.py
[2025-01-20T11:16:18.528+0000] {logging_mixin.py:188} INFO - [2025-01-20T11:16:18.527+0000] {dag.py:3036} INFO - Sync 1 DAGs
[2025-01-20T11:16:18.557+0000] {logging_mixin.py:188} INFO - [2025-01-20T11:16:18.557+0000] {dag.py:3823} INFO - Setting next_dagrun for example_local_kubernetes_executor to None, run_after=None
[2025-01-20T11:16:18.618+0000] {processor.py:183} INFO - Processing /home/airflow/.local/lib/python3.8/site-packages/airflow/example_dags/example_local_kubernetes_executor.py took 0.481 seconds
[2025-01-20T11:16:49.408+0000] {processor.py:161} INFO - Started process (PID=133) to work on /home/airflow/.local/lib/python3.8/site-packages/airflow/example_dags/example_local_kubernetes_executor.py
[2025-01-20T11:16:49.437+0000] {processor.py:830} INFO - Processing file /home/airflow/.local/lib/python3.8/site-packages/airflow/example_dags/example_local_kubernetes_executor.py for tasks to queue
[2025-01-20T11:16:49.439+0000] {logging_mixin.py:188} INFO - [2025-01-20T11:16:49.439+0000] {dagbag.py:538} INFO - Filling up the DagBag from /home/airflow/.local/lib/python3.8/site-packages/airflow/example_dags/example_local_kubernetes_executor.py
[2025-01-20T11:16:49.450+0000] {processor.py:840} INFO - DAG(s) 'example_local_kubernetes_executor' retrieved from /home/airflow/.local/lib/python3.8/site-packages/airflow/example_dags/example_local_kubernetes_executor.py
[2025-01-20T11:16:49.515+0000] {logging_mixin.py:188} INFO - [2025-01-20T11:16:49.515+0000] {dag.py:3036} INFO - Sync 1 DAGs
[2025-01-20T11:16:49.540+0000] {logging_mixin.py:188} INFO - [2025-01-20T11:16:49.540+0000] {dag.py:3823} INFO - Setting next_dagrun for example_local_kubernetes_executor to None, run_after=None
[2025-01-20T11:16:49.950+0000] {processor.py:183} INFO - Processing /home/airflow/.local/lib/python3.8/site-packages/airflow/example_dags/example_local_kubernetes_executor.py took 0.549 seconds
[2025-01-20T11:17:20.120+0000] {processor.py:161} INFO - Started process (PID=188) to work on /home/airflow/.local/lib/python3.8/site-packages/airflow/example_dags/example_local_kubernetes_executor.py
[2025-01-20T11:17:20.121+0000] {processor.py:830} INFO - Processing file /home/airflow/.local/lib/python3.8/site-packages/airflow/example_dags/example_local_kubernetes_executor.py for tasks to queue
[2025-01-20T11:17:20.124+0000] {logging_mixin.py:188} INFO - [2025-01-20T11:17:20.123+0000] {dagbag.py:538} INFO - Filling up the DagBag from /home/airflow/.local/lib/python3.8/site-packages/airflow/example_dags/example_local_kubernetes_executor.py
[2025-01-20T11:17:20.134+0000] {processor.py:840} INFO - DAG(s) 'example_local_kubernetes_executor' retrieved from /home/airflow/.local/lib/python3.8/site-packages/airflow/example_dags/example_local_kubernetes_executor.py
[2025-01-20T11:17:20.190+0000] {logging_mixin.py:188} INFO - [2025-01-20T11:17:20.190+0000] {dag.py:3036} INFO - Sync 1 DAGs
[2025-01-20T11:17:20.216+0000] {logging_mixin.py:188} INFO - [2025-01-20T11:17:20.216+0000] {dag.py:3823} INFO - Setting next_dagrun for example_local_kubernetes_executor to None, run_after=None
[2025-01-20T11:17:20.246+0000] {processor.py:183} INFO - Processing /home/airflow/.local/lib/python3.8/site-packages/airflow/example_dags/example_local_kubernetes_executor.py took 0.131 seconds
[2025-01-20T11:17:50.471+0000] {processor.py:161} INFO - Started process (PID=243) to work on /home/airflow/.local/lib/python3.8/site-packages/airflow/example_dags/example_local_kubernetes_executor.py
[2025-01-20T11:17:50.473+0000] {processor.py:830} INFO - Processing file /home/airflow/.local/lib/python3.8/site-packages/airflow/example_dags/example_local_kubernetes_executor.py for tasks to queue
[2025-01-20T11:17:50.475+0000] {logging_mixin.py:188} INFO - [2025-01-20T11:17:50.475+0000] {dagbag.py:538} INFO - Filling up the DagBag from /home/airflow/.local/lib/python3.8/site-packages/airflow/example_dags/example_local_kubernetes_executor.py
[2025-01-20T11:17:50.486+0000] {processor.py:840} INFO - DAG(s) 'example_local_kubernetes_executor' retrieved from /home/airflow/.local/lib/python3.8/site-packages/airflow/example_dags/example_local_kubernetes_executor.py
[2025-01-20T11:17:50.540+0000] {logging_mixin.py:188} INFO - [2025-01-20T11:17:50.540+0000] {dag.py:3036} INFO - Sync 1 DAGs
[2025-01-20T11:17:50.564+0000] {logging_mixin.py:188} INFO - [2025-01-20T11:17:50.564+0000] {dag.py:3823} INFO - Setting next_dagrun for example_local_kubernetes_executor to None, run_after=None
[2025-01-20T11:17:50.599+0000] {processor.py:183} INFO - Processing /home/airflow/.local/lib/python3.8/site-packages/airflow/example_dags/example_local_kubernetes_executor.py took 0.132 seconds
[2025-01-20T11:18:20.837+0000] {processor.py:161} INFO - Started process (PID=298) to work on /home/airflow/.local/lib/python3.8/site-packages/airflow/example_dags/example_local_kubernetes_executor.py
[2025-01-20T11:18:20.840+0000] {processor.py:830} INFO - Processing file /home/airflow/.local/lib/python3.8/site-packages/airflow/example_dags/example_local_kubernetes_executor.py for tasks to queue
[2025-01-20T11:18:20.845+0000] {logging_mixin.py:188} INFO - [2025-01-20T11:18:20.844+0000] {dagbag.py:538} INFO - Filling up the DagBag from /home/airflow/.local/lib/python3.8/site-packages/airflow/example_dags/example_local_kubernetes_executor.py
[2025-01-20T11:18:20.863+0000] {processor.py:840} INFO - DAG(s) 'example_local_kubernetes_executor' retrieved from /home/airflow/.local/lib/python3.8/site-packages/airflow/example_dags/example_local_kubernetes_executor.py
[2025-01-20T11:18:20.947+0000] {logging_mixin.py:188} INFO - [2025-01-20T11:18:20.946+0000] {dag.py:3036} INFO - Sync 1 DAGs
[2025-01-20T11:18:20.974+0000] {logging_mixin.py:188} INFO - [2025-01-20T11:18:20.974+0000] {dag.py:3823} INFO - Setting next_dagrun for example_local_kubernetes_executor to None, run_after=None
[2025-01-20T11:18:21.019+0000] {processor.py:183} INFO - Processing /home/airflow/.local/lib/python3.8/site-packages/airflow/example_dags/example_local_kubernetes_executor.py took 0.219 seconds
[2025-01-20T11:18:51.222+0000] {processor.py:161} INFO - Started process (PID=353) to work on /home/airflow/.local/lib/python3.8/site-packages/airflow/example_dags/example_local_kubernetes_executor.py
[2025-01-20T11:18:51.229+0000] {processor.py:830} INFO - Processing file /home/airflow/.local/lib/python3.8/site-packages/airflow/example_dags/example_local_kubernetes_executor.py for tasks to queue
[2025-01-20T11:18:51.246+0000] {logging_mixin.py:188} INFO - [2025-01-20T11:18:51.245+0000] {dagbag.py:538} INFO - Filling up the DagBag from /home/airflow/.local/lib/python3.8/site-packages/airflow/example_dags/example_local_kubernetes_executor.py
[2025-01-20T11:18:51.284+0000] {processor.py:840} INFO - DAG(s) 'example_local_kubernetes_executor' retrieved from /home/airflow/.local/lib/python3.8/site-packages/airflow/example_dags/example_local_kubernetes_executor.py
[2025-01-20T11:18:51.419+0000] {logging_mixin.py:188} INFO - [2025-01-20T11:18:51.419+0000] {dag.py:3036} INFO - Sync 1 DAGs
[2025-01-20T11:18:51.460+0000] {logging_mixin.py:188} INFO - [2025-01-20T11:18:51.459+0000] {dag.py:3823} INFO - Setting next_dagrun for example_local_kubernetes_executor to None, run_after=None
[2025-01-20T11:18:51.522+0000] {processor.py:183} INFO - Processing /home/airflow/.local/lib/python3.8/site-packages/airflow/example_dags/example_local_kubernetes_executor.py took 0.309 seconds
[2025-01-20T11:19:21.737+0000] {processor.py:161} INFO - Started process (PID=408) to work on /home/airflow/.local/lib/python3.8/site-packages/airflow/example_dags/example_local_kubernetes_executor.py
[2025-01-20T11:19:21.740+0000] {processor.py:830} INFO - Processing file /home/airflow/.local/lib/python3.8/site-packages/airflow/example_dags/example_local_kubernetes_executor.py for tasks to queue
[2025-01-20T11:19:21.747+0000] {logging_mixin.py:188} INFO - [2025-01-20T11:19:21.746+0000] {dagbag.py:538} INFO - Filling up the DagBag from /home/airflow/.local/lib/python3.8/site-packages/airflow/example_dags/example_local_kubernetes_executor.py
[2025-01-20T11:19:21.771+0000] {processor.py:840} INFO - DAG(s) 'example_local_kubernetes_executor' retrieved from /home/airflow/.local/lib/python3.8/site-packages/airflow/example_dags/example_local_kubernetes_executor.py
[2025-01-20T11:19:21.881+0000] {logging_mixin.py:188} INFO - [2025-01-20T11:19:21.881+0000] {dag.py:3036} INFO - Sync 1 DAGs
[2025-01-20T11:19:21.905+0000] {logging_mixin.py:188} INFO - [2025-01-20T11:19:21.905+0000] {dag.py:3823} INFO - Setting next_dagrun for example_local_kubernetes_executor to None, run_after=None
[2025-01-20T11:19:21.944+0000] {processor.py:183} INFO - Processing /home/airflow/.local/lib/python3.8/site-packages/airflow/example_dags/example_local_kubernetes_executor.py took 0.225 seconds
[2025-01-20T11:19:52.974+0000] {processor.py:161} INFO - Started process (PID=463) to work on /home/airflow/.local/lib/python3.8/site-packages/airflow/example_dags/example_local_kubernetes_executor.py
[2025-01-20T11:19:52.975+0000] {processor.py:830} INFO - Processing file /home/airflow/.local/lib/python3.8/site-packages/airflow/example_dags/example_local_kubernetes_executor.py for tasks to queue
[2025-01-20T11:19:52.978+0000] {logging_mixin.py:188} INFO - [2025-01-20T11:19:52.977+0000] {dagbag.py:538} INFO - Filling up the DagBag from /home/airflow/.local/lib/python3.8/site-packages/airflow/example_dags/example_local_kubernetes_executor.py
[2025-01-20T11:19:52.988+0000] {processor.py:840} INFO - DAG(s) 'example_local_kubernetes_executor' retrieved from /home/airflow/.local/lib/python3.8/site-packages/airflow/example_dags/example_local_kubernetes_executor.py
[2025-01-20T11:19:53.037+0000] {logging_mixin.py:188} INFO - [2025-01-20T11:19:53.037+0000] {dag.py:3036} INFO - Sync 1 DAGs
[2025-01-20T11:19:53.055+0000] {logging_mixin.py:188} INFO - [2025-01-20T11:19:53.055+0000] {dag.py:3823} INFO - Setting next_dagrun for example_local_kubernetes_executor to None, run_after=None
[2025-01-20T11:19:53.082+0000] {processor.py:183} INFO - Processing /home/airflow/.local/lib/python3.8/site-packages/airflow/example_dags/example_local_kubernetes_executor.py took 0.112 seconds
[2025-01-20T11:20:23.166+0000] {processor.py:161} INFO - Started process (PID=518) to work on /home/airflow/.local/lib/python3.8/site-packages/airflow/example_dags/example_local_kubernetes_executor.py
[2025-01-20T11:20:23.168+0000] {processor.py:830} INFO - Processing file /home/airflow/.local/lib/python3.8/site-packages/airflow/example_dags/example_local_kubernetes_executor.py for tasks to queue
[2025-01-20T11:20:23.171+0000] {logging_mixin.py:188} INFO - [2025-01-20T11:20:23.170+0000] {dagbag.py:538} INFO - Filling up the DagBag from /home/airflow/.local/lib/python3.8/site-packages/airflow/example_dags/example_local_kubernetes_executor.py
[2025-01-20T11:20:23.182+0000] {processor.py:840} INFO - DAG(s) 'example_local_kubernetes_executor' retrieved from /home/airflow/.local/lib/python3.8/site-packages/airflow/example_dags/example_local_kubernetes_executor.py
[2025-01-20T11:20:23.251+0000] {logging_mixin.py:188} INFO - [2025-01-20T11:20:23.250+0000] {dag.py:3036} INFO - Sync 1 DAGs
[2025-01-20T11:20:23.285+0000] {logging_mixin.py:188} INFO - [2025-01-20T11:20:23.285+0000] {dag.py:3823} INFO - Setting next_dagrun for example_local_kubernetes_executor to None, run_after=None
[2025-01-20T11:20:23.340+0000] {processor.py:183} INFO - Processing /home/airflow/.local/lib/python3.8/site-packages/airflow/example_dags/example_local_kubernetes_executor.py took 0.180 seconds
[2025-01-20T11:20:53.628+0000] {processor.py:161} INFO - Started process (PID=573) to work on /home/airflow/.local/lib/python3.8/site-packages/airflow/example_dags/example_local_kubernetes_executor.py
[2025-01-20T11:20:53.630+0000] {processor.py:830} INFO - Processing file /home/airflow/.local/lib/python3.8/site-packages/airflow/example_dags/example_local_kubernetes_executor.py for tasks to queue
[2025-01-20T11:20:53.634+0000] {logging_mixin.py:188} INFO - [2025-01-20T11:20:53.634+0000] {dagbag.py:538} INFO - Filling up the DagBag from /home/airflow/.local/lib/python3.8/site-packages/airflow/example_dags/example_local_kubernetes_executor.py
[2025-01-20T11:20:53.649+0000] {processor.py:840} INFO - DAG(s) 'example_local_kubernetes_executor' retrieved from /home/airflow/.local/lib/python3.8/site-packages/airflow/example_dags/example_local_kubernetes_executor.py
[2025-01-20T11:20:53.707+0000] {logging_mixin.py:188} INFO - [2025-01-20T11:20:53.707+0000] {dag.py:3036} INFO - Sync 1 DAGs
[2025-01-20T11:20:53.727+0000] {logging_mixin.py:188} INFO - [2025-01-20T11:20:53.727+0000] {dag.py:3823} INFO - Setting next_dagrun for example_local_kubernetes_executor to None, run_after=None
[2025-01-20T11:20:53.758+0000] {processor.py:183} INFO - Processing /home/airflow/.local/lib/python3.8/site-packages/airflow/example_dags/example_local_kubernetes_executor.py took 0.136 seconds
[2025-01-20T11:21:24.179+0000] {processor.py:161} INFO - Started process (PID=628) to work on /home/airflow/.local/lib/python3.8/site-packages/airflow/example_dags/example_local_kubernetes_executor.py
[2025-01-20T11:21:24.181+0000] {processor.py:830} INFO - Processing file /home/airflow/.local/lib/python3.8/site-packages/airflow/example_dags/example_local_kubernetes_executor.py for tasks to queue
[2025-01-20T11:21:24.186+0000] {logging_mixin.py:188} INFO - [2025-01-20T11:21:24.185+0000] {dagbag.py:538} INFO - Filling up the DagBag from /home/airflow/.local/lib/python3.8/site-packages/airflow/example_dags/example_local_kubernetes_executor.py
[2025-01-20T11:21:24.202+0000] {processor.py:840} INFO - DAG(s) 'example_local_kubernetes_executor' retrieved from /home/airflow/.local/lib/python3.8/site-packages/airflow/example_dags/example_local_kubernetes_executor.py
[2025-01-20T11:21:24.279+0000] {logging_mixin.py:188} INFO - [2025-01-20T11:21:24.279+0000] {dag.py:3036} INFO - Sync 1 DAGs
[2025-01-20T11:21:24.325+0000] {logging_mixin.py:188} INFO - [2025-01-20T11:21:24.324+0000] {dag.py:3823} INFO - Setting next_dagrun for example_local_kubernetes_executor to None, run_after=None
[2025-01-20T11:21:24.387+0000] {processor.py:183} INFO - Processing /home/airflow/.local/lib/python3.8/site-packages/airflow/example_dags/example_local_kubernetes_executor.py took 0.215 seconds
[2025-01-20T11:21:54.474+0000] {processor.py:161} INFO - Started process (PID=683) to work on /home/airflow/.local/lib/python3.8/site-packages/airflow/example_dags/example_local_kubernetes_executor.py
[2025-01-20T11:21:54.476+0000] {processor.py:830} INFO - Processing file /home/airflow/.local/lib/python3.8/site-packages/airflow/example_dags/example_local_kubernetes_executor.py for tasks to queue
[2025-01-20T11:21:54.480+0000] {logging_mixin.py:188} INFO - [2025-01-20T11:21:54.479+0000] {dagbag.py:538} INFO - Filling up the DagBag from /home/airflow/.local/lib/python3.8/site-packages/airflow/example_dags/example_local_kubernetes_executor.py
[2025-01-20T11:21:54.505+0000] {processor.py:840} INFO - DAG(s) 'example_local_kubernetes_executor' retrieved from /home/airflow/.local/lib/python3.8/site-packages/airflow/example_dags/example_local_kubernetes_executor.py
[2025-01-20T11:21:54.597+0000] {logging_mixin.py:188} INFO - [2025-01-20T11:21:54.596+0000] {dag.py:3036} INFO - Sync 1 DAGs
[2025-01-20T11:21:54.627+0000] {logging_mixin.py:188} INFO - [2025-01-20T11:21:54.626+0000] {dag.py:3823} INFO - Setting next_dagrun for example_local_kubernetes_executor to None, run_after=None
[2025-01-20T11:21:54.667+0000] {processor.py:183} INFO - Processing /home/airflow/.local/lib/python3.8/site-packages/airflow/example_dags/example_local_kubernetes_executor.py took 0.199 seconds
[2025-01-20T11:22:24.852+0000] {processor.py:161} INFO - Started process (PID=738) to work on /home/airflow/.local/lib/python3.8/site-packages/airflow/example_dags/example_local_kubernetes_executor.py
[2025-01-20T11:22:24.854+0000] {processor.py:830} INFO - Processing file /home/airflow/.local/lib/python3.8/site-packages/airflow/example_dags/example_local_kubernetes_executor.py for tasks to queue
[2025-01-20T11:22:24.859+0000] {logging_mixin.py:188} INFO - [2025-01-20T11:22:24.858+0000] {dagbag.py:538} INFO - Filling up the DagBag from /home/airflow/.local/lib/python3.8/site-packages/airflow/example_dags/example_local_kubernetes_executor.py
[2025-01-20T11:22:24.881+0000] {processor.py:840} INFO - DAG(s) 'example_local_kubernetes_executor' retrieved from /home/airflow/.local/lib/python3.8/site-packages/airflow/example_dags/example_local_kubernetes_executor.py
[2025-01-20T11:22:24.976+0000] {logging_mixin.py:188} INFO - [2025-01-20T11:22:24.975+0000] {dag.py:3036} INFO - Sync 1 DAGs
[2025-01-20T11:22:25.017+0000] {logging_mixin.py:188} INFO - [2025-01-20T11:22:25.017+0000] {dag.py:3823} INFO - Setting next_dagrun for example_local_kubernetes_executor to None, run_after=None
[2025-01-20T11:22:25.099+0000] {processor.py:183} INFO - Processing /home/airflow/.local/lib/python3.8/site-packages/airflow/example_dags/example_local_kubernetes_executor.py took 0.256 seconds
[2025-01-20T11:22:56.005+0000] {processor.py:161} INFO - Started process (PID=794) to work on /home/airflow/.local/lib/python3.8/site-packages/airflow/example_dags/example_local_kubernetes_executor.py
[2025-01-20T11:22:56.007+0000] {processor.py:830} INFO - Processing file /home/airflow/.local/lib/python3.8/site-packages/airflow/example_dags/example_local_kubernetes_executor.py for tasks to queue
[2025-01-20T11:22:56.011+0000] {logging_mixin.py:188} INFO - [2025-01-20T11:22:56.010+0000] {dagbag.py:538} INFO - Filling up the DagBag from /home/airflow/.local/lib/python3.8/site-packages/airflow/example_dags/example_local_kubernetes_executor.py
[2025-01-20T11:22:56.028+0000] {processor.py:840} INFO - DAG(s) 'example_local_kubernetes_executor' retrieved from /home/airflow/.local/lib/python3.8/site-packages/airflow/example_dags/example_local_kubernetes_executor.py
[2025-01-20T11:22:56.101+0000] {logging_mixin.py:188} INFO - [2025-01-20T11:22:56.100+0000] {dag.py:3036} INFO - Sync 1 DAGs
[2025-01-20T11:22:56.126+0000] {logging_mixin.py:188} INFO - [2025-01-20T11:22:56.126+0000] {dag.py:3823} INFO - Setting next_dagrun for example_local_kubernetes_executor to None, run_after=None
[2025-01-20T11:22:56.162+0000] {processor.py:183} INFO - Processing /home/airflow/.local/lib/python3.8/site-packages/airflow/example_dags/example_local_kubernetes_executor.py took 0.163 seconds
[2025-01-20T11:23:26.319+0000] {processor.py:161} INFO - Started process (PID=849) to work on /home/airflow/.local/lib/python3.8/site-packages/airflow/example_dags/example_local_kubernetes_executor.py
[2025-01-20T11:23:26.322+0000] {processor.py:830} INFO - Processing file /home/airflow/.local/lib/python3.8/site-packages/airflow/example_dags/example_local_kubernetes_executor.py for tasks to queue
[2025-01-20T11:23:26.326+0000] {logging_mixin.py:188} INFO - [2025-01-20T11:23:26.326+0000] {dagbag.py:538} INFO - Filling up the DagBag from /home/airflow/.local/lib/python3.8/site-packages/airflow/example_dags/example_local_kubernetes_executor.py
[2025-01-20T11:23:26.344+0000] {processor.py:840} INFO - DAG(s) 'example_local_kubernetes_executor' retrieved from /home/airflow/.local/lib/python3.8/site-packages/airflow/example_dags/example_local_kubernetes_executor.py
[2025-01-20T11:23:26.426+0000] {logging_mixin.py:188} INFO - [2025-01-20T11:23:26.425+0000] {dag.py:3036} INFO - Sync 1 DAGs
[2025-01-20T11:23:26.479+0000] {logging_mixin.py:188} INFO - [2025-01-20T11:23:26.478+0000] {dag.py:3823} INFO - Setting next_dagrun for example_local_kubernetes_executor to None, run_after=None
[2025-01-20T11:23:26.536+0000] {processor.py:183} INFO - Processing /home/airflow/.local/lib/python3.8/site-packages/airflow/example_dags/example_local_kubernetes_executor.py took 0.223 seconds
[2025-01-20T11:23:56.874+0000] {processor.py:161} INFO - Started process (PID=904) to work on /home/airflow/.local/lib/python3.8/site-packages/airflow/example_dags/example_local_kubernetes_executor.py
[2025-01-20T11:23:56.876+0000] {processor.py:830} INFO - Processing file /home/airflow/.local/lib/python3.8/site-packages/airflow/example_dags/example_local_kubernetes_executor.py for tasks to queue
[2025-01-20T11:23:56.879+0000] {logging_mixin.py:188} INFO - [2025-01-20T11:23:56.878+0000] {dagbag.py:538} INFO - Filling up the DagBag from /home/airflow/.local/lib/python3.8/site-packages/airflow/example_dags/example_local_kubernetes_executor.py
[2025-01-20T11:23:56.894+0000] {processor.py:840} INFO - DAG(s) 'example_local_kubernetes_executor' retrieved from /home/airflow/.local/lib/python3.8/site-packages/airflow/example_dags/example_local_kubernetes_executor.py
[2025-01-20T11:23:56.965+0000] {logging_mixin.py:188} INFO - [2025-01-20T11:23:56.965+0000] {dag.py:3036} INFO - Sync 1 DAGs
[2025-01-20T11:23:57.000+0000] {logging_mixin.py:188} INFO - [2025-01-20T11:23:56.999+0000] {dag.py:3823} INFO - Setting next_dagrun for example_local_kubernetes_executor to None, run_after=None
[2025-01-20T11:23:57.064+0000] {processor.py:183} INFO - Processing /home/airflow/.local/lib/python3.8/site-packages/airflow/example_dags/example_local_kubernetes_executor.py took 0.197 seconds
[2025-01-20T11:24:27.775+0000] {processor.py:161} INFO - Started process (PID=958) to work on /home/airflow/.local/lib/python3.8/site-packages/airflow/example_dags/example_local_kubernetes_executor.py
[2025-01-20T11:24:27.777+0000] {processor.py:830} INFO - Processing file /home/airflow/.local/lib/python3.8/site-packages/airflow/example_dags/example_local_kubernetes_executor.py for tasks to queue
[2025-01-20T11:24:27.780+0000] {logging_mixin.py:188} INFO - [2025-01-20T11:24:27.779+0000] {dagbag.py:538} INFO - Filling up the DagBag from /home/airflow/.local/lib/python3.8/site-packages/airflow/example_dags/example_local_kubernetes_executor.py
[2025-01-20T11:24:27.800+0000] {processor.py:840} INFO - DAG(s) 'example_local_kubernetes_executor' retrieved from /home/airflow/.local/lib/python3.8/site-packages/airflow/example_dags/example_local_kubernetes_executor.py
[2025-01-20T11:24:27.874+0000] {logging_mixin.py:188} INFO - [2025-01-20T11:24:27.874+0000] {dag.py:3036} INFO - Sync 1 DAGs
[2025-01-20T11:24:27.896+0000] {logging_mixin.py:188} INFO - [2025-01-20T11:24:27.896+0000] {dag.py:3823} INFO - Setting next_dagrun for example_local_kubernetes_executor to None, run_after=None
[2025-01-20T11:24:27.939+0000] {processor.py:183} INFO - Processing /home/airflow/.local/lib/python3.8/site-packages/airflow/example_dags/example_local_kubernetes_executor.py took 0.170 seconds
[2025-01-20T11:24:58.213+0000] {processor.py:161} INFO - Started process (PID=1013) to work on /home/airflow/.local/lib/python3.8/site-packages/airflow/example_dags/example_local_kubernetes_executor.py
[2025-01-20T11:24:58.215+0000] {processor.py:830} INFO - Processing file /home/airflow/.local/lib/python3.8/site-packages/airflow/example_dags/example_local_kubernetes_executor.py for tasks to queue
[2025-01-20T11:24:58.218+0000] {logging_mixin.py:188} INFO - [2025-01-20T11:24:58.218+0000] {dagbag.py:538} INFO - Filling up the DagBag from /home/airflow/.local/lib/python3.8/site-packages/airflow/example_dags/example_local_kubernetes_executor.py
[2025-01-20T11:24:58.230+0000] {processor.py:840} INFO - DAG(s) 'example_local_kubernetes_executor' retrieved from /home/airflow/.local/lib/python3.8/site-packages/airflow/example_dags/example_local_kubernetes_executor.py
[2025-01-20T11:24:58.284+0000] {logging_mixin.py:188} INFO - [2025-01-20T11:24:58.284+0000] {dag.py:3036} INFO - Sync 1 DAGs
[2025-01-20T11:24:58.309+0000] {logging_mixin.py:188} INFO - [2025-01-20T11:24:58.309+0000] {dag.py:3823} INFO - Setting next_dagrun for example_local_kubernetes_executor to None, run_after=None
[2025-01-20T11:24:58.337+0000] {processor.py:183} INFO - Processing /home/airflow/.local/lib/python3.8/site-packages/airflow/example_dags/example_local_kubernetes_executor.py took 0.128 seconds
[2025-01-20T11:25:29.303+0000] {processor.py:161} INFO - Started process (PID=1068) to work on /home/airflow/.local/lib/python3.8/site-packages/airflow/example_dags/example_local_kubernetes_executor.py
[2025-01-20T11:25:29.305+0000] {processor.py:830} INFO - Processing file /home/airflow/.local/lib/python3.8/site-packages/airflow/example_dags/example_local_kubernetes_executor.py for tasks to queue
[2025-01-20T11:25:29.309+0000] {logging_mixin.py:188} INFO - [2025-01-20T11:25:29.309+0000] {dagbag.py:538} INFO - Filling up the DagBag from /home/airflow/.local/lib/python3.8/site-packages/airflow/example_dags/example_local_kubernetes_executor.py
[2025-01-20T11:25:29.324+0000] {processor.py:840} INFO - DAG(s) 'example_local_kubernetes_executor' retrieved from /home/airflow/.local/lib/python3.8/site-packages/airflow/example_dags/example_local_kubernetes_executor.py
[2025-01-20T11:25:29.403+0000] {logging_mixin.py:188} INFO - [2025-01-20T11:25:29.402+0000] {dag.py:3036} INFO - Sync 1 DAGs
[2025-01-20T11:25:29.428+0000] {logging_mixin.py:188} INFO - [2025-01-20T11:25:29.427+0000] {dag.py:3823} INFO - Setting next_dagrun for example_local_kubernetes_executor to None, run_after=None
[2025-01-20T11:25:29.477+0000] {processor.py:183} INFO - Processing /home/airflow/.local/lib/python3.8/site-packages/airflow/example_dags/example_local_kubernetes_executor.py took 0.180 seconds
[2025-01-20T11:25:59.804+0000] {processor.py:161} INFO - Started process (PID=1123) to work on /home/airflow/.local/lib/python3.8/site-packages/airflow/example_dags/example_local_kubernetes_executor.py
[2025-01-20T11:25:59.806+0000] {processor.py:830} INFO - Processing file /home/airflow/.local/lib/python3.8/site-packages/airflow/example_dags/example_local_kubernetes_executor.py for tasks to queue
[2025-01-20T11:25:59.810+0000] {logging_mixin.py:188} INFO - [2025-01-20T11:25:59.810+0000] {dagbag.py:538} INFO - Filling up the DagBag from /home/airflow/.local/lib/python3.8/site-packages/airflow/example_dags/example_local_kubernetes_executor.py
[2025-01-20T11:25:59.826+0000] {processor.py:840} INFO - DAG(s) 'example_local_kubernetes_executor' retrieved from /home/airflow/.local/lib/python3.8/site-packages/airflow/example_dags/example_local_kubernetes_executor.py
[2025-01-20T11:25:59.904+0000] {logging_mixin.py:188} INFO - [2025-01-20T11:25:59.903+0000] {dag.py:3036} INFO - Sync 1 DAGs
[2025-01-20T11:25:59.931+0000] {logging_mixin.py:188} INFO - [2025-01-20T11:25:59.930+0000] {dag.py:3823} INFO - Setting next_dagrun for example_local_kubernetes_executor to None, run_after=None
[2025-01-20T11:25:59.967+0000] {processor.py:183} INFO - Processing /home/airflow/.local/lib/python3.8/site-packages/airflow/example_dags/example_local_kubernetes_executor.py took 0.169 seconds
[2025-01-20T11:26:30.175+0000] {processor.py:161} INFO - Started process (PID=1178) to work on /home/airflow/.local/lib/python3.8/site-packages/airflow/example_dags/example_local_kubernetes_executor.py
[2025-01-20T11:26:30.176+0000] {processor.py:830} INFO - Processing file /home/airflow/.local/lib/python3.8/site-packages/airflow/example_dags/example_local_kubernetes_executor.py for tasks to queue
[2025-01-20T11:26:30.180+0000] {logging_mixin.py:188} INFO - [2025-01-20T11:26:30.179+0000] {dagbag.py:538} INFO - Filling up the DagBag from /home/airflow/.local/lib/python3.8/site-packages/airflow/example_dags/example_local_kubernetes_executor.py
[2025-01-20T11:26:30.191+0000] {processor.py:840} INFO - DAG(s) 'example_local_kubernetes_executor' retrieved from /home/airflow/.local/lib/python3.8/site-packages/airflow/example_dags/example_local_kubernetes_executor.py
[2025-01-20T11:26:30.257+0000] {logging_mixin.py:188} INFO - [2025-01-20T11:26:30.256+0000] {dag.py:3036} INFO - Sync 1 DAGs
[2025-01-20T11:26:30.286+0000] {logging_mixin.py:188} INFO - [2025-01-20T11:26:30.285+0000] {dag.py:3823} INFO - Setting next_dagrun for example_local_kubernetes_executor to None, run_after=None
[2025-01-20T11:26:30.324+0000] {processor.py:183} INFO - Processing /home/airflow/.local/lib/python3.8/site-packages/airflow/example_dags/example_local_kubernetes_executor.py took 0.154 seconds
[2025-01-20T11:27:01.068+0000] {processor.py:161} INFO - Started process (PID=1233) to work on /home/airflow/.local/lib/python3.8/site-packages/airflow/example_dags/example_local_kubernetes_executor.py
[2025-01-20T11:27:01.071+0000] {processor.py:830} INFO - Processing file /home/airflow/.local/lib/python3.8/site-packages/airflow/example_dags/example_local_kubernetes_executor.py for tasks to queue
[2025-01-20T11:27:01.076+0000] {logging_mixin.py:188} INFO - [2025-01-20T11:27:01.075+0000] {dagbag.py:538} INFO - Filling up the DagBag from /home/airflow/.local/lib/python3.8/site-packages/airflow/example_dags/example_local_kubernetes_executor.py
[2025-01-20T11:27:01.092+0000] {processor.py:840} INFO - DAG(s) 'example_local_kubernetes_executor' retrieved from /home/airflow/.local/lib/python3.8/site-packages/airflow/example_dags/example_local_kubernetes_executor.py
[2025-01-20T11:27:01.256+0000] {logging_mixin.py:188} INFO - [2025-01-20T11:27:01.255+0000] {dag.py:3036} INFO - Sync 1 DAGs
[2025-01-20T11:27:01.329+0000] {logging_mixin.py:188} INFO - [2025-01-20T11:27:01.329+0000] {dag.py:3823} INFO - Setting next_dagrun for example_local_kubernetes_executor to None, run_after=None
[2025-01-20T11:27:01.384+0000] {processor.py:183} INFO - Processing /home/airflow/.local/lib/python3.8/site-packages/airflow/example_dags/example_local_kubernetes_executor.py took 0.328 seconds
[2025-01-20T11:27:31.803+0000] {processor.py:161} INFO - Started process (PID=1288) to work on /home/airflow/.local/lib/python3.8/site-packages/airflow/example_dags/example_local_kubernetes_executor.py
[2025-01-20T11:27:31.819+0000] {processor.py:830} INFO - Processing file /home/airflow/.local/lib/python3.8/site-packages/airflow/example_dags/example_local_kubernetes_executor.py for tasks to queue
[2025-01-20T11:27:31.832+0000] {logging_mixin.py:188} INFO - [2025-01-20T11:27:31.831+0000] {dagbag.py:538} INFO - Filling up the DagBag from /home/airflow/.local/lib/python3.8/site-packages/airflow/example_dags/example_local_kubernetes_executor.py
[2025-01-20T11:27:31.920+0000] {processor.py:840} INFO - DAG(s) 'example_local_kubernetes_executor' retrieved from /home/airflow/.local/lib/python3.8/site-packages/airflow/example_dags/example_local_kubernetes_executor.py
[2025-01-20T11:27:32.115+0000] {logging_mixin.py:188} INFO - [2025-01-20T11:27:32.114+0000] {dag.py:3036} INFO - Sync 1 DAGs
[2025-01-20T11:27:32.158+0000] {logging_mixin.py:188} INFO - [2025-01-20T11:27:32.157+0000] {dag.py:3823} INFO - Setting next_dagrun for example_local_kubernetes_executor to None, run_after=None
[2025-01-20T11:27:32.228+0000] {processor.py:183} INFO - Processing /home/airflow/.local/lib/python3.8/site-packages/airflow/example_dags/example_local_kubernetes_executor.py took 0.457 seconds
[2025-01-20T11:28:02.728+0000] {processor.py:161} INFO - Started process (PID=1343) to work on /home/airflow/.local/lib/python3.8/site-packages/airflow/example_dags/example_local_kubernetes_executor.py
[2025-01-20T11:28:02.730+0000] {processor.py:830} INFO - Processing file /home/airflow/.local/lib/python3.8/site-packages/airflow/example_dags/example_local_kubernetes_executor.py for tasks to queue
[2025-01-20T11:28:02.732+0000] {logging_mixin.py:188} INFO - [2025-01-20T11:28:02.732+0000] {dagbag.py:538} INFO - Filling up the DagBag from /home/airflow/.local/lib/python3.8/site-packages/airflow/example_dags/example_local_kubernetes_executor.py
[2025-01-20T11:28:02.743+0000] {processor.py:840} INFO - DAG(s) 'example_local_kubernetes_executor' retrieved from /home/airflow/.local/lib/python3.8/site-packages/airflow/example_dags/example_local_kubernetes_executor.py
[2025-01-20T11:28:02.808+0000] {logging_mixin.py:188} INFO - [2025-01-20T11:28:02.808+0000] {dag.py:3036} INFO - Sync 1 DAGs
[2025-01-20T11:28:02.830+0000] {logging_mixin.py:188} INFO - [2025-01-20T11:28:02.829+0000] {dag.py:3823} INFO - Setting next_dagrun for example_local_kubernetes_executor to None, run_after=None
[2025-01-20T11:28:02.884+0000] {processor.py:183} INFO - Processing /home/airflow/.local/lib/python3.8/site-packages/airflow/example_dags/example_local_kubernetes_executor.py took 0.160 seconds
[2025-01-20T11:28:33.098+0000] {processor.py:161} INFO - Started process (PID=1404) to work on /home/airflow/.local/lib/python3.8/site-packages/airflow/example_dags/example_local_kubernetes_executor.py
[2025-01-20T11:28:33.100+0000] {processor.py:830} INFO - Processing file /home/airflow/.local/lib/python3.8/site-packages/airflow/example_dags/example_local_kubernetes_executor.py for tasks to queue
[2025-01-20T11:28:33.103+0000] {logging_mixin.py:188} INFO - [2025-01-20T11:28:33.103+0000] {dagbag.py:538} INFO - Filling up the DagBag from /home/airflow/.local/lib/python3.8/site-packages/airflow/example_dags/example_local_kubernetes_executor.py
[2025-01-20T11:28:33.125+0000] {processor.py:840} INFO - DAG(s) 'example_local_kubernetes_executor' retrieved from /home/airflow/.local/lib/python3.8/site-packages/airflow/example_dags/example_local_kubernetes_executor.py
[2025-01-20T11:28:33.194+0000] {logging_mixin.py:188} INFO - [2025-01-20T11:28:33.193+0000] {dag.py:3036} INFO - Sync 1 DAGs
[2025-01-20T11:28:33.216+0000] {logging_mixin.py:188} INFO - [2025-01-20T11:28:33.216+0000] {dag.py:3823} INFO - Setting next_dagrun for example_local_kubernetes_executor to None, run_after=None
[2025-01-20T11:28:33.254+0000] {processor.py:183} INFO - Processing /home/airflow/.local/lib/python3.8/site-packages/airflow/example_dags/example_local_kubernetes_executor.py took 0.164 seconds
[2025-01-20T11:29:03.435+0000] {processor.py:161} INFO - Started process (PID=1457) to work on /home/airflow/.local/lib/python3.8/site-packages/airflow/example_dags/example_local_kubernetes_executor.py
[2025-01-20T11:29:03.437+0000] {processor.py:830} INFO - Processing file /home/airflow/.local/lib/python3.8/site-packages/airflow/example_dags/example_local_kubernetes_executor.py for tasks to queue
[2025-01-20T11:29:03.439+0000] {logging_mixin.py:188} INFO - [2025-01-20T11:29:03.439+0000] {dagbag.py:538} INFO - Filling up the DagBag from /home/airflow/.local/lib/python3.8/site-packages/airflow/example_dags/example_local_kubernetes_executor.py
[2025-01-20T11:29:03.449+0000] {processor.py:840} INFO - DAG(s) 'example_local_kubernetes_executor' retrieved from /home/airflow/.local/lib/python3.8/site-packages/airflow/example_dags/example_local_kubernetes_executor.py
[2025-01-20T11:29:03.502+0000] {logging_mixin.py:188} INFO - [2025-01-20T11:29:03.501+0000] {dag.py:3036} INFO - Sync 1 DAGs
[2025-01-20T11:29:03.521+0000] {logging_mixin.py:188} INFO - [2025-01-20T11:29:03.520+0000] {dag.py:3823} INFO - Setting next_dagrun for example_local_kubernetes_executor to None, run_after=None
[2025-01-20T11:29:03.551+0000] {processor.py:183} INFO - Processing /home/airflow/.local/lib/python3.8/site-packages/airflow/example_dags/example_local_kubernetes_executor.py took 0.120 seconds
[2025-01-20T11:29:33.968+0000] {processor.py:161} INFO - Started process (PID=1513) to work on /home/airflow/.local/lib/python3.8/site-packages/airflow/example_dags/example_local_kubernetes_executor.py
[2025-01-20T11:29:33.970+0000] {processor.py:830} INFO - Processing file /home/airflow/.local/lib/python3.8/site-packages/airflow/example_dags/example_local_kubernetes_executor.py for tasks to queue
[2025-01-20T11:29:33.973+0000] {logging_mixin.py:188} INFO - [2025-01-20T11:29:33.972+0000] {dagbag.py:538} INFO - Filling up the DagBag from /home/airflow/.local/lib/python3.8/site-packages/airflow/example_dags/example_local_kubernetes_executor.py
[2025-01-20T11:29:33.985+0000] {processor.py:840} INFO - DAG(s) 'example_local_kubernetes_executor' retrieved from /home/airflow/.local/lib/python3.8/site-packages/airflow/example_dags/example_local_kubernetes_executor.py
[2025-01-20T11:29:34.083+0000] {logging_mixin.py:188} INFO - [2025-01-20T11:29:34.083+0000] {dag.py:3036} INFO - Sync 1 DAGs
[2025-01-20T11:29:34.109+0000] {logging_mixin.py:188} INFO - [2025-01-20T11:29:34.109+0000] {dag.py:3823} INFO - Setting next_dagrun for example_local_kubernetes_executor to None, run_after=None
[2025-01-20T11:29:34.151+0000] {processor.py:183} INFO - Processing /home/airflow/.local/lib/python3.8/site-packages/airflow/example_dags/example_local_kubernetes_executor.py took 0.188 seconds
[2025-01-20T11:30:04.534+0000] {processor.py:161} INFO - Started process (PID=1567) to work on /home/airflow/.local/lib/python3.8/site-packages/airflow/example_dags/example_local_kubernetes_executor.py
[2025-01-20T11:30:04.536+0000] {processor.py:830} INFO - Processing file /home/airflow/.local/lib/python3.8/site-packages/airflow/example_dags/example_local_kubernetes_executor.py for tasks to queue
[2025-01-20T11:30:04.541+0000] {logging_mixin.py:188} INFO - [2025-01-20T11:30:04.540+0000] {dagbag.py:538} INFO - Filling up the DagBag from /home/airflow/.local/lib/python3.8/site-packages/airflow/example_dags/example_local_kubernetes_executor.py
[2025-01-20T11:30:04.559+0000] {processor.py:840} INFO - DAG(s) 'example_local_kubernetes_executor' retrieved from /home/airflow/.local/lib/python3.8/site-packages/airflow/example_dags/example_local_kubernetes_executor.py
[2025-01-20T11:30:04.640+0000] {logging_mixin.py:188} INFO - [2025-01-20T11:30:04.640+0000] {dag.py:3036} INFO - Sync 1 DAGs
[2025-01-20T11:30:04.666+0000] {logging_mixin.py:188} INFO - [2025-01-20T11:30:04.665+0000] {dag.py:3823} INFO - Setting next_dagrun for example_local_kubernetes_executor to None, run_after=None
[2025-01-20T11:30:04.719+0000] {processor.py:183} INFO - Processing /home/airflow/.local/lib/python3.8/site-packages/airflow/example_dags/example_local_kubernetes_executor.py took 0.192 seconds
