[2025-01-20T11:16:26.121+0000] {processor.py:161} INFO - Started process (PID=108) to work on /home/airflow/.local/lib/python3.8/site-packages/airflow/example_dags/example_params_ui_tutorial.py
[2025-01-20T11:16:26.123+0000] {processor.py:830} INFO - Processing file /home/airflow/.local/lib/python3.8/site-packages/airflow/example_dags/example_params_ui_tutorial.py for tasks to queue
[2025-01-20T11:16:26.128+0000] {logging_mixin.py:188} INFO - [2025-01-20T11:16:26.127+0000] {dagbag.py:538} INFO - Filling up the DagBag from /home/airflow/.local/lib/python3.8/site-packages/airflow/example_dags/example_params_ui_tutorial.py
[2025-01-20T11:16:26.159+0000] {processor.py:840} INFO - DAG(s) 'example_params_ui_tutorial' retrieved from /home/airflow/.local/lib/python3.8/site-packages/airflow/example_dags/example_params_ui_tutorial.py
[2025-01-20T11:16:26.491+0000] {logging_mixin.py:188} INFO - [2025-01-20T11:16:26.491+0000] {dag.py:3036} INFO - Sync 1 DAGs
[2025-01-20T11:16:26.519+0000] {logging_mixin.py:188} INFO - [2025-01-20T11:16:26.518+0000] {dag.py:3823} INFO - Setting next_dagrun for example_params_ui_tutorial to None, run_after=None
[2025-01-20T11:16:26.570+0000] {processor.py:183} INFO - Processing /home/airflow/.local/lib/python3.8/site-packages/airflow/example_dags/example_params_ui_tutorial.py took 0.456 seconds
[2025-01-20T11:16:56.844+0000] {processor.py:161} INFO - Started process (PID=163) to work on /home/airflow/.local/lib/python3.8/site-packages/airflow/example_dags/example_params_ui_tutorial.py
[2025-01-20T11:16:56.846+0000] {processor.py:830} INFO - Processing file /home/airflow/.local/lib/python3.8/site-packages/airflow/example_dags/example_params_ui_tutorial.py for tasks to queue
[2025-01-20T11:16:56.849+0000] {logging_mixin.py:188} INFO - [2025-01-20T11:16:56.849+0000] {dagbag.py:538} INFO - Filling up the DagBag from /home/airflow/.local/lib/python3.8/site-packages/airflow/example_dags/example_params_ui_tutorial.py
[2025-01-20T11:16:56.870+0000] {processor.py:840} INFO - DAG(s) 'example_params_ui_tutorial' retrieved from /home/airflow/.local/lib/python3.8/site-packages/airflow/example_dags/example_params_ui_tutorial.py
[2025-01-20T11:16:56.989+0000] {logging_mixin.py:188} INFO - [2025-01-20T11:16:56.988+0000] {dag.py:3036} INFO - Sync 1 DAGs
[2025-01-20T11:16:57.007+0000] {logging_mixin.py:188} INFO - [2025-01-20T11:16:57.007+0000] {dag.py:3823} INFO - Setting next_dagrun for example_params_ui_tutorial to None, run_after=None
[2025-01-20T11:16:57.039+0000] {processor.py:183} INFO - Processing /home/airflow/.local/lib/python3.8/site-packages/airflow/example_dags/example_params_ui_tutorial.py took 0.201 seconds
[2025-01-20T11:17:27.150+0000] {processor.py:161} INFO - Started process (PID=218) to work on /home/airflow/.local/lib/python3.8/site-packages/airflow/example_dags/example_params_ui_tutorial.py
[2025-01-20T11:17:27.152+0000] {processor.py:830} INFO - Processing file /home/airflow/.local/lib/python3.8/site-packages/airflow/example_dags/example_params_ui_tutorial.py for tasks to queue
[2025-01-20T11:17:27.155+0000] {logging_mixin.py:188} INFO - [2025-01-20T11:17:27.155+0000] {dagbag.py:538} INFO - Filling up the DagBag from /home/airflow/.local/lib/python3.8/site-packages/airflow/example_dags/example_params_ui_tutorial.py
[2025-01-20T11:17:27.182+0000] {processor.py:840} INFO - DAG(s) 'example_params_ui_tutorial' retrieved from /home/airflow/.local/lib/python3.8/site-packages/airflow/example_dags/example_params_ui_tutorial.py
[2025-01-20T11:17:27.308+0000] {logging_mixin.py:188} INFO - [2025-01-20T11:17:27.308+0000] {dag.py:3036} INFO - Sync 1 DAGs
[2025-01-20T11:17:27.327+0000] {logging_mixin.py:188} INFO - [2025-01-20T11:17:27.327+0000] {dag.py:3823} INFO - Setting next_dagrun for example_params_ui_tutorial to None, run_after=None
[2025-01-20T11:17:27.357+0000] {processor.py:183} INFO - Processing /home/airflow/.local/lib/python3.8/site-packages/airflow/example_dags/example_params_ui_tutorial.py took 0.212 seconds
[2025-01-20T11:17:57.932+0000] {processor.py:161} INFO - Started process (PID=273) to work on /home/airflow/.local/lib/python3.8/site-packages/airflow/example_dags/example_params_ui_tutorial.py
[2025-01-20T11:17:57.935+0000] {processor.py:830} INFO - Processing file /home/airflow/.local/lib/python3.8/site-packages/airflow/example_dags/example_params_ui_tutorial.py for tasks to queue
[2025-01-20T11:17:57.939+0000] {logging_mixin.py:188} INFO - [2025-01-20T11:17:57.939+0000] {dagbag.py:538} INFO - Filling up the DagBag from /home/airflow/.local/lib/python3.8/site-packages/airflow/example_dags/example_params_ui_tutorial.py
[2025-01-20T11:17:57.964+0000] {processor.py:840} INFO - DAG(s) 'example_params_ui_tutorial' retrieved from /home/airflow/.local/lib/python3.8/site-packages/airflow/example_dags/example_params_ui_tutorial.py
[2025-01-20T11:17:58.080+0000] {logging_mixin.py:188} INFO - [2025-01-20T11:17:58.079+0000] {dag.py:3036} INFO - Sync 1 DAGs
[2025-01-20T11:17:58.101+0000] {logging_mixin.py:188} INFO - [2025-01-20T11:17:58.100+0000] {dag.py:3823} INFO - Setting next_dagrun for example_params_ui_tutorial to None, run_after=None
[2025-01-20T11:17:58.141+0000] {processor.py:183} INFO - Processing /home/airflow/.local/lib/python3.8/site-packages/airflow/example_dags/example_params_ui_tutorial.py took 0.217 seconds
[2025-01-20T11:18:28.348+0000] {processor.py:161} INFO - Started process (PID=328) to work on /home/airflow/.local/lib/python3.8/site-packages/airflow/example_dags/example_params_ui_tutorial.py
[2025-01-20T11:18:28.350+0000] {processor.py:830} INFO - Processing file /home/airflow/.local/lib/python3.8/site-packages/airflow/example_dags/example_params_ui_tutorial.py for tasks to queue
[2025-01-20T11:18:28.353+0000] {logging_mixin.py:188} INFO - [2025-01-20T11:18:28.352+0000] {dagbag.py:538} INFO - Filling up the DagBag from /home/airflow/.local/lib/python3.8/site-packages/airflow/example_dags/example_params_ui_tutorial.py
[2025-01-20T11:18:28.375+0000] {processor.py:840} INFO - DAG(s) 'example_params_ui_tutorial' retrieved from /home/airflow/.local/lib/python3.8/site-packages/airflow/example_dags/example_params_ui_tutorial.py
[2025-01-20T11:18:28.494+0000] {logging_mixin.py:188} INFO - [2025-01-20T11:18:28.493+0000] {dag.py:3036} INFO - Sync 1 DAGs
[2025-01-20T11:18:28.516+0000] {logging_mixin.py:188} INFO - [2025-01-20T11:18:28.516+0000] {dag.py:3823} INFO - Setting next_dagrun for example_params_ui_tutorial to None, run_after=None
[2025-01-20T11:18:28.630+0000] {processor.py:183} INFO - Processing /home/airflow/.local/lib/python3.8/site-packages/airflow/example_dags/example_params_ui_tutorial.py took 0.286 seconds
[2025-01-20T11:18:58.683+0000] {processor.py:161} INFO - Started process (PID=382) to work on /home/airflow/.local/lib/python3.8/site-packages/airflow/example_dags/example_params_ui_tutorial.py
[2025-01-20T11:18:58.684+0000] {processor.py:830} INFO - Processing file /home/airflow/.local/lib/python3.8/site-packages/airflow/example_dags/example_params_ui_tutorial.py for tasks to queue
[2025-01-20T11:18:58.687+0000] {logging_mixin.py:188} INFO - [2025-01-20T11:18:58.687+0000] {dagbag.py:538} INFO - Filling up the DagBag from /home/airflow/.local/lib/python3.8/site-packages/airflow/example_dags/example_params_ui_tutorial.py
[2025-01-20T11:18:58.706+0000] {processor.py:840} INFO - DAG(s) 'example_params_ui_tutorial' retrieved from /home/airflow/.local/lib/python3.8/site-packages/airflow/example_dags/example_params_ui_tutorial.py
[2025-01-20T11:18:58.807+0000] {logging_mixin.py:188} INFO - [2025-01-20T11:18:58.806+0000] {dag.py:3036} INFO - Sync 1 DAGs
[2025-01-20T11:18:58.825+0000] {logging_mixin.py:188} INFO - [2025-01-20T11:18:58.825+0000] {dag.py:3823} INFO - Setting next_dagrun for example_params_ui_tutorial to None, run_after=None
[2025-01-20T11:18:58.863+0000] {processor.py:183} INFO - Processing /home/airflow/.local/lib/python3.8/site-packages/airflow/example_dags/example_params_ui_tutorial.py took 0.185 seconds
[2025-01-20T11:19:29.247+0000] {processor.py:161} INFO - Started process (PID=437) to work on /home/airflow/.local/lib/python3.8/site-packages/airflow/example_dags/example_params_ui_tutorial.py
[2025-01-20T11:19:29.249+0000] {processor.py:830} INFO - Processing file /home/airflow/.local/lib/python3.8/site-packages/airflow/example_dags/example_params_ui_tutorial.py for tasks to queue
[2025-01-20T11:19:29.253+0000] {logging_mixin.py:188} INFO - [2025-01-20T11:19:29.253+0000] {dagbag.py:538} INFO - Filling up the DagBag from /home/airflow/.local/lib/python3.8/site-packages/airflow/example_dags/example_params_ui_tutorial.py
[2025-01-20T11:19:29.279+0000] {processor.py:840} INFO - DAG(s) 'example_params_ui_tutorial' retrieved from /home/airflow/.local/lib/python3.8/site-packages/airflow/example_dags/example_params_ui_tutorial.py
[2025-01-20T11:19:29.507+0000] {logging_mixin.py:188} INFO - [2025-01-20T11:19:29.507+0000] {dag.py:3036} INFO - Sync 1 DAGs
[2025-01-20T11:19:29.537+0000] {logging_mixin.py:188} INFO - [2025-01-20T11:19:29.537+0000] {dag.py:3823} INFO - Setting next_dagrun for example_params_ui_tutorial to None, run_after=None
[2025-01-20T11:19:29.577+0000] {processor.py:183} INFO - Processing /home/airflow/.local/lib/python3.8/site-packages/airflow/example_dags/example_params_ui_tutorial.py took 0.337 seconds
[2025-01-20T11:19:59.721+0000] {processor.py:161} INFO - Started process (PID=492) to work on /home/airflow/.local/lib/python3.8/site-packages/airflow/example_dags/example_params_ui_tutorial.py
[2025-01-20T11:19:59.723+0000] {processor.py:830} INFO - Processing file /home/airflow/.local/lib/python3.8/site-packages/airflow/example_dags/example_params_ui_tutorial.py for tasks to queue
[2025-01-20T11:19:59.727+0000] {logging_mixin.py:188} INFO - [2025-01-20T11:19:59.726+0000] {dagbag.py:538} INFO - Filling up the DagBag from /home/airflow/.local/lib/python3.8/site-packages/airflow/example_dags/example_params_ui_tutorial.py
[2025-01-20T11:19:59.747+0000] {processor.py:840} INFO - DAG(s) 'example_params_ui_tutorial' retrieved from /home/airflow/.local/lib/python3.8/site-packages/airflow/example_dags/example_params_ui_tutorial.py
[2025-01-20T11:19:59.863+0000] {logging_mixin.py:188} INFO - [2025-01-20T11:19:59.862+0000] {dag.py:3036} INFO - Sync 1 DAGs
[2025-01-20T11:19:59.882+0000] {logging_mixin.py:188} INFO - [2025-01-20T11:19:59.882+0000] {dag.py:3823} INFO - Setting next_dagrun for example_params_ui_tutorial to None, run_after=None
[2025-01-20T11:19:59.912+0000] {processor.py:183} INFO - Processing /home/airflow/.local/lib/python3.8/site-packages/airflow/example_dags/example_params_ui_tutorial.py took 0.197 seconds
[2025-01-20T11:20:30.086+0000] {processor.py:161} INFO - Started process (PID=547) to work on /home/airflow/.local/lib/python3.8/site-packages/airflow/example_dags/example_params_ui_tutorial.py
[2025-01-20T11:20:30.089+0000] {processor.py:830} INFO - Processing file /home/airflow/.local/lib/python3.8/site-packages/airflow/example_dags/example_params_ui_tutorial.py for tasks to queue
[2025-01-20T11:20:30.095+0000] {logging_mixin.py:188} INFO - [2025-01-20T11:20:30.094+0000] {dagbag.py:538} INFO - Filling up the DagBag from /home/airflow/.local/lib/python3.8/site-packages/airflow/example_dags/example_params_ui_tutorial.py
[2025-01-20T11:20:30.120+0000] {processor.py:840} INFO - DAG(s) 'example_params_ui_tutorial' retrieved from /home/airflow/.local/lib/python3.8/site-packages/airflow/example_dags/example_params_ui_tutorial.py
[2025-01-20T11:20:30.230+0000] {logging_mixin.py:188} INFO - [2025-01-20T11:20:30.230+0000] {dag.py:3036} INFO - Sync 1 DAGs
[2025-01-20T11:20:30.250+0000] {logging_mixin.py:188} INFO - [2025-01-20T11:20:30.249+0000] {dag.py:3823} INFO - Setting next_dagrun for example_params_ui_tutorial to None, run_after=None
[2025-01-20T11:20:30.281+0000] {processor.py:183} INFO - Processing /home/airflow/.local/lib/python3.8/site-packages/airflow/example_dags/example_params_ui_tutorial.py took 0.201 seconds
[2025-01-20T11:21:00.520+0000] {processor.py:161} INFO - Started process (PID=602) to work on /home/airflow/.local/lib/python3.8/site-packages/airflow/example_dags/example_params_ui_tutorial.py
[2025-01-20T11:21:00.522+0000] {processor.py:830} INFO - Processing file /home/airflow/.local/lib/python3.8/site-packages/airflow/example_dags/example_params_ui_tutorial.py for tasks to queue
[2025-01-20T11:21:00.525+0000] {logging_mixin.py:188} INFO - [2025-01-20T11:21:00.525+0000] {dagbag.py:538} INFO - Filling up the DagBag from /home/airflow/.local/lib/python3.8/site-packages/airflow/example_dags/example_params_ui_tutorial.py
[2025-01-20T11:21:00.546+0000] {processor.py:840} INFO - DAG(s) 'example_params_ui_tutorial' retrieved from /home/airflow/.local/lib/python3.8/site-packages/airflow/example_dags/example_params_ui_tutorial.py
[2025-01-20T11:21:00.665+0000] {logging_mixin.py:188} INFO - [2025-01-20T11:21:00.665+0000] {dag.py:3036} INFO - Sync 1 DAGs
[2025-01-20T11:21:00.686+0000] {logging_mixin.py:188} INFO - [2025-01-20T11:21:00.686+0000] {dag.py:3823} INFO - Setting next_dagrun for example_params_ui_tutorial to None, run_after=None
[2025-01-20T11:21:00.718+0000] {processor.py:183} INFO - Processing /home/airflow/.local/lib/python3.8/site-packages/airflow/example_dags/example_params_ui_tutorial.py took 0.202 seconds
[2025-01-20T11:21:30.980+0000] {processor.py:161} INFO - Started process (PID=657) to work on /home/airflow/.local/lib/python3.8/site-packages/airflow/example_dags/example_params_ui_tutorial.py
[2025-01-20T11:21:30.983+0000] {processor.py:830} INFO - Processing file /home/airflow/.local/lib/python3.8/site-packages/airflow/example_dags/example_params_ui_tutorial.py for tasks to queue
[2025-01-20T11:21:30.988+0000] {logging_mixin.py:188} INFO - [2025-01-20T11:21:30.987+0000] {dagbag.py:538} INFO - Filling up the DagBag from /home/airflow/.local/lib/python3.8/site-packages/airflow/example_dags/example_params_ui_tutorial.py
[2025-01-20T11:21:31.022+0000] {processor.py:840} INFO - DAG(s) 'example_params_ui_tutorial' retrieved from /home/airflow/.local/lib/python3.8/site-packages/airflow/example_dags/example_params_ui_tutorial.py
[2025-01-20T11:21:31.151+0000] {logging_mixin.py:188} INFO - [2025-01-20T11:21:31.150+0000] {dag.py:3036} INFO - Sync 1 DAGs
[2025-01-20T11:21:31.174+0000] {logging_mixin.py:188} INFO - [2025-01-20T11:21:31.173+0000] {dag.py:3823} INFO - Setting next_dagrun for example_params_ui_tutorial to None, run_after=None
[2025-01-20T11:21:31.210+0000] {processor.py:183} INFO - Processing /home/airflow/.local/lib/python3.8/site-packages/airflow/example_dags/example_params_ui_tutorial.py took 0.238 seconds
[2025-01-20T11:22:01.675+0000] {processor.py:161} INFO - Started process (PID=718) to work on /home/airflow/.local/lib/python3.8/site-packages/airflow/example_dags/example_params_ui_tutorial.py
[2025-01-20T11:22:01.689+0000] {processor.py:830} INFO - Processing file /home/airflow/.local/lib/python3.8/site-packages/airflow/example_dags/example_params_ui_tutorial.py for tasks to queue
[2025-01-20T11:22:01.703+0000] {logging_mixin.py:188} INFO - [2025-01-20T11:22:01.697+0000] {dagbag.py:538} INFO - Filling up the DagBag from /home/airflow/.local/lib/python3.8/site-packages/airflow/example_dags/example_params_ui_tutorial.py
[2025-01-20T11:22:01.764+0000] {processor.py:840} INFO - DAG(s) 'example_params_ui_tutorial' retrieved from /home/airflow/.local/lib/python3.8/site-packages/airflow/example_dags/example_params_ui_tutorial.py
[2025-01-20T11:22:02.183+0000] {logging_mixin.py:188} INFO - [2025-01-20T11:22:02.181+0000] {dag.py:3036} INFO - Sync 1 DAGs
[2025-01-20T11:22:02.235+0000] {logging_mixin.py:188} INFO - [2025-01-20T11:22:02.233+0000] {dag.py:3823} INFO - Setting next_dagrun for example_params_ui_tutorial to None, run_after=None
[2025-01-20T11:22:02.314+0000] {processor.py:183} INFO - Processing /home/airflow/.local/lib/python3.8/site-packages/airflow/example_dags/example_params_ui_tutorial.py took 0.661 seconds
[2025-01-20T11:22:32.732+0000] {processor.py:161} INFO - Started process (PID=774) to work on /home/airflow/.local/lib/python3.8/site-packages/airflow/example_dags/example_params_ui_tutorial.py
[2025-01-20T11:22:32.747+0000] {processor.py:830} INFO - Processing file /home/airflow/.local/lib/python3.8/site-packages/airflow/example_dags/example_params_ui_tutorial.py for tasks to queue
[2025-01-20T11:22:32.762+0000] {logging_mixin.py:188} INFO - [2025-01-20T11:22:32.760+0000] {dagbag.py:538} INFO - Filling up the DagBag from /home/airflow/.local/lib/python3.8/site-packages/airflow/example_dags/example_params_ui_tutorial.py
[2025-01-20T11:22:32.854+0000] {processor.py:840} INFO - DAG(s) 'example_params_ui_tutorial' retrieved from /home/airflow/.local/lib/python3.8/site-packages/airflow/example_dags/example_params_ui_tutorial.py
[2025-01-20T11:22:33.075+0000] {logging_mixin.py:188} INFO - [2025-01-20T11:22:33.074+0000] {dag.py:3036} INFO - Sync 1 DAGs
[2025-01-20T11:22:33.107+0000] {logging_mixin.py:188} INFO - [2025-01-20T11:22:33.106+0000] {dag.py:3823} INFO - Setting next_dagrun for example_params_ui_tutorial to None, run_after=None
[2025-01-20T11:22:33.146+0000] {processor.py:183} INFO - Processing /home/airflow/.local/lib/python3.8/site-packages/airflow/example_dags/example_params_ui_tutorial.py took 0.438 seconds
[2025-01-20T11:23:03.539+0000] {processor.py:161} INFO - Started process (PID=829) to work on /home/airflow/.local/lib/python3.8/site-packages/airflow/example_dags/example_params_ui_tutorial.py
[2025-01-20T11:23:03.541+0000] {processor.py:830} INFO - Processing file /home/airflow/.local/lib/python3.8/site-packages/airflow/example_dags/example_params_ui_tutorial.py for tasks to queue
[2025-01-20T11:23:03.545+0000] {logging_mixin.py:188} INFO - [2025-01-20T11:23:03.544+0000] {dagbag.py:538} INFO - Filling up the DagBag from /home/airflow/.local/lib/python3.8/site-packages/airflow/example_dags/example_params_ui_tutorial.py
[2025-01-20T11:23:03.573+0000] {processor.py:840} INFO - DAG(s) 'example_params_ui_tutorial' retrieved from /home/airflow/.local/lib/python3.8/site-packages/airflow/example_dags/example_params_ui_tutorial.py
[2025-01-20T11:23:03.783+0000] {logging_mixin.py:188} INFO - [2025-01-20T11:23:03.782+0000] {dag.py:3036} INFO - Sync 1 DAGs
[2025-01-20T11:23:03.821+0000] {logging_mixin.py:188} INFO - [2025-01-20T11:23:03.820+0000] {dag.py:3823} INFO - Setting next_dagrun for example_params_ui_tutorial to None, run_after=None
[2025-01-20T11:23:03.866+0000] {processor.py:183} INFO - Processing /home/airflow/.local/lib/python3.8/site-packages/airflow/example_dags/example_params_ui_tutorial.py took 0.333 seconds
[2025-01-20T11:23:34.009+0000] {processor.py:161} INFO - Started process (PID=884) to work on /home/airflow/.local/lib/python3.8/site-packages/airflow/example_dags/example_params_ui_tutorial.py
[2025-01-20T11:23:34.015+0000] {processor.py:830} INFO - Processing file /home/airflow/.local/lib/python3.8/site-packages/airflow/example_dags/example_params_ui_tutorial.py for tasks to queue
[2025-01-20T11:23:34.020+0000] {logging_mixin.py:188} INFO - [2025-01-20T11:23:34.019+0000] {dagbag.py:538} INFO - Filling up the DagBag from /home/airflow/.local/lib/python3.8/site-packages/airflow/example_dags/example_params_ui_tutorial.py
[2025-01-20T11:23:34.051+0000] {processor.py:840} INFO - DAG(s) 'example_params_ui_tutorial' retrieved from /home/airflow/.local/lib/python3.8/site-packages/airflow/example_dags/example_params_ui_tutorial.py
[2025-01-20T11:23:34.223+0000] {logging_mixin.py:188} INFO - [2025-01-20T11:23:34.222+0000] {dag.py:3036} INFO - Sync 1 DAGs
[2025-01-20T11:23:34.247+0000] {logging_mixin.py:188} INFO - [2025-01-20T11:23:34.247+0000] {dag.py:3823} INFO - Setting next_dagrun for example_params_ui_tutorial to None, run_after=None
[2025-01-20T11:23:34.277+0000] {processor.py:183} INFO - Processing /home/airflow/.local/lib/python3.8/site-packages/airflow/example_dags/example_params_ui_tutorial.py took 0.277 seconds
[2025-01-20T11:24:04.958+0000] {processor.py:161} INFO - Started process (PID=938) to work on /home/airflow/.local/lib/python3.8/site-packages/airflow/example_dags/example_params_ui_tutorial.py
[2025-01-20T11:24:04.960+0000] {processor.py:830} INFO - Processing file /home/airflow/.local/lib/python3.8/site-packages/airflow/example_dags/example_params_ui_tutorial.py for tasks to queue
[2025-01-20T11:24:04.967+0000] {logging_mixin.py:188} INFO - [2025-01-20T11:24:04.966+0000] {dagbag.py:538} INFO - Filling up the DagBag from /home/airflow/.local/lib/python3.8/site-packages/airflow/example_dags/example_params_ui_tutorial.py
[2025-01-20T11:24:05.016+0000] {processor.py:840} INFO - DAG(s) 'example_params_ui_tutorial' retrieved from /home/airflow/.local/lib/python3.8/site-packages/airflow/example_dags/example_params_ui_tutorial.py
[2025-01-20T11:24:05.229+0000] {logging_mixin.py:188} INFO - [2025-01-20T11:24:05.225+0000] {dag.py:3036} INFO - Sync 1 DAGs
[2025-01-20T11:24:05.271+0000] {logging_mixin.py:188} INFO - [2025-01-20T11:24:05.271+0000] {dag.py:3823} INFO - Setting next_dagrun for example_params_ui_tutorial to None, run_after=None
[2025-01-20T11:24:05.330+0000] {processor.py:183} INFO - Processing /home/airflow/.local/lib/python3.8/site-packages/airflow/example_dags/example_params_ui_tutorial.py took 0.388 seconds
[2025-01-20T11:24:35.482+0000] {processor.py:161} INFO - Started process (PID=994) to work on /home/airflow/.local/lib/python3.8/site-packages/airflow/example_dags/example_params_ui_tutorial.py
[2025-01-20T11:24:35.484+0000] {processor.py:830} INFO - Processing file /home/airflow/.local/lib/python3.8/site-packages/airflow/example_dags/example_params_ui_tutorial.py for tasks to queue
[2025-01-20T11:24:35.488+0000] {logging_mixin.py:188} INFO - [2025-01-20T11:24:35.487+0000] {dagbag.py:538} INFO - Filling up the DagBag from /home/airflow/.local/lib/python3.8/site-packages/airflow/example_dags/example_params_ui_tutorial.py
[2025-01-20T11:24:35.514+0000] {processor.py:840} INFO - DAG(s) 'example_params_ui_tutorial' retrieved from /home/airflow/.local/lib/python3.8/site-packages/airflow/example_dags/example_params_ui_tutorial.py
[2025-01-20T11:24:35.655+0000] {logging_mixin.py:188} INFO - [2025-01-20T11:24:35.655+0000] {dag.py:3036} INFO - Sync 1 DAGs
[2025-01-20T11:24:35.676+0000] {logging_mixin.py:188} INFO - [2025-01-20T11:24:35.676+0000] {dag.py:3823} INFO - Setting next_dagrun for example_params_ui_tutorial to None, run_after=None
[2025-01-20T11:24:35.778+0000] {processor.py:183} INFO - Processing /home/airflow/.local/lib/python3.8/site-packages/airflow/example_dags/example_params_ui_tutorial.py took 0.301 seconds
[2025-01-20T11:25:06.192+0000] {processor.py:161} INFO - Started process (PID=1048) to work on /home/airflow/.local/lib/python3.8/site-packages/airflow/example_dags/example_params_ui_tutorial.py
[2025-01-20T11:25:06.194+0000] {processor.py:830} INFO - Processing file /home/airflow/.local/lib/python3.8/site-packages/airflow/example_dags/example_params_ui_tutorial.py for tasks to queue
[2025-01-20T11:25:06.197+0000] {logging_mixin.py:188} INFO - [2025-01-20T11:25:06.197+0000] {dagbag.py:538} INFO - Filling up the DagBag from /home/airflow/.local/lib/python3.8/site-packages/airflow/example_dags/example_params_ui_tutorial.py
[2025-01-20T11:25:06.221+0000] {processor.py:840} INFO - DAG(s) 'example_params_ui_tutorial' retrieved from /home/airflow/.local/lib/python3.8/site-packages/airflow/example_dags/example_params_ui_tutorial.py
[2025-01-20T11:25:06.347+0000] {logging_mixin.py:188} INFO - [2025-01-20T11:25:06.346+0000] {dag.py:3036} INFO - Sync 1 DAGs
[2025-01-20T11:25:06.374+0000] {logging_mixin.py:188} INFO - [2025-01-20T11:25:06.374+0000] {dag.py:3823} INFO - Setting next_dagrun for example_params_ui_tutorial to None, run_after=None
[2025-01-20T11:25:06.414+0000] {processor.py:183} INFO - Processing /home/airflow/.local/lib/python3.8/site-packages/airflow/example_dags/example_params_ui_tutorial.py took 0.227 seconds
[2025-01-20T11:25:36.620+0000] {processor.py:161} INFO - Started process (PID=1103) to work on /home/airflow/.local/lib/python3.8/site-packages/airflow/example_dags/example_params_ui_tutorial.py
[2025-01-20T11:25:36.622+0000] {processor.py:830} INFO - Processing file /home/airflow/.local/lib/python3.8/site-packages/airflow/example_dags/example_params_ui_tutorial.py for tasks to queue
[2025-01-20T11:25:36.628+0000] {logging_mixin.py:188} INFO - [2025-01-20T11:25:36.627+0000] {dagbag.py:538} INFO - Filling up the DagBag from /home/airflow/.local/lib/python3.8/site-packages/airflow/example_dags/example_params_ui_tutorial.py
[2025-01-20T11:25:36.660+0000] {processor.py:840} INFO - DAG(s) 'example_params_ui_tutorial' retrieved from /home/airflow/.local/lib/python3.8/site-packages/airflow/example_dags/example_params_ui_tutorial.py
[2025-01-20T11:25:36.819+0000] {logging_mixin.py:188} INFO - [2025-01-20T11:25:36.819+0000] {dag.py:3036} INFO - Sync 1 DAGs
[2025-01-20T11:25:36.841+0000] {logging_mixin.py:188} INFO - [2025-01-20T11:25:36.841+0000] {dag.py:3823} INFO - Setting next_dagrun for example_params_ui_tutorial to None, run_after=None
[2025-01-20T11:25:36.873+0000] {processor.py:183} INFO - Processing /home/airflow/.local/lib/python3.8/site-packages/airflow/example_dags/example_params_ui_tutorial.py took 0.259 seconds
[2025-01-20T11:26:07.077+0000] {processor.py:161} INFO - Started process (PID=1158) to work on /home/airflow/.local/lib/python3.8/site-packages/airflow/example_dags/example_params_ui_tutorial.py
[2025-01-20T11:26:07.081+0000] {processor.py:830} INFO - Processing file /home/airflow/.local/lib/python3.8/site-packages/airflow/example_dags/example_params_ui_tutorial.py for tasks to queue
[2025-01-20T11:26:07.088+0000] {logging_mixin.py:188} INFO - [2025-01-20T11:26:07.086+0000] {dagbag.py:538} INFO - Filling up the DagBag from /home/airflow/.local/lib/python3.8/site-packages/airflow/example_dags/example_params_ui_tutorial.py
[2025-01-20T11:26:07.131+0000] {processor.py:840} INFO - DAG(s) 'example_params_ui_tutorial' retrieved from /home/airflow/.local/lib/python3.8/site-packages/airflow/example_dags/example_params_ui_tutorial.py
[2025-01-20T11:26:07.371+0000] {logging_mixin.py:188} INFO - [2025-01-20T11:26:07.370+0000] {dag.py:3036} INFO - Sync 1 DAGs
[2025-01-20T11:26:07.416+0000] {logging_mixin.py:188} INFO - [2025-01-20T11:26:07.416+0000] {dag.py:3823} INFO - Setting next_dagrun for example_params_ui_tutorial to None, run_after=None
[2025-01-20T11:26:07.490+0000] {processor.py:183} INFO - Processing /home/airflow/.local/lib/python3.8/site-packages/airflow/example_dags/example_params_ui_tutorial.py took 0.427 seconds
[2025-01-20T11:26:37.825+0000] {processor.py:161} INFO - Started process (PID=1213) to work on /home/airflow/.local/lib/python3.8/site-packages/airflow/example_dags/example_params_ui_tutorial.py
[2025-01-20T11:26:37.827+0000] {processor.py:830} INFO - Processing file /home/airflow/.local/lib/python3.8/site-packages/airflow/example_dags/example_params_ui_tutorial.py for tasks to queue
[2025-01-20T11:26:37.831+0000] {logging_mixin.py:188} INFO - [2025-01-20T11:26:37.830+0000] {dagbag.py:538} INFO - Filling up the DagBag from /home/airflow/.local/lib/python3.8/site-packages/airflow/example_dags/example_params_ui_tutorial.py
[2025-01-20T11:26:37.857+0000] {processor.py:840} INFO - DAG(s) 'example_params_ui_tutorial' retrieved from /home/airflow/.local/lib/python3.8/site-packages/airflow/example_dags/example_params_ui_tutorial.py
[2025-01-20T11:26:38.009+0000] {logging_mixin.py:188} INFO - [2025-01-20T11:26:38.008+0000] {dag.py:3036} INFO - Sync 1 DAGs
[2025-01-20T11:26:38.028+0000] {logging_mixin.py:188} INFO - [2025-01-20T11:26:38.028+0000] {dag.py:3823} INFO - Setting next_dagrun for example_params_ui_tutorial to None, run_after=None
[2025-01-20T11:26:38.077+0000] {processor.py:183} INFO - Processing /home/airflow/.local/lib/python3.8/site-packages/airflow/example_dags/example_params_ui_tutorial.py took 0.258 seconds
[2025-01-20T11:27:08.717+0000] {processor.py:161} INFO - Started process (PID=1268) to work on /home/airflow/.local/lib/python3.8/site-packages/airflow/example_dags/example_params_ui_tutorial.py
[2025-01-20T11:27:08.718+0000] {processor.py:830} INFO - Processing file /home/airflow/.local/lib/python3.8/site-packages/airflow/example_dags/example_params_ui_tutorial.py for tasks to queue
[2025-01-20T11:27:08.722+0000] {logging_mixin.py:188} INFO - [2025-01-20T11:27:08.722+0000] {dagbag.py:538} INFO - Filling up the DagBag from /home/airflow/.local/lib/python3.8/site-packages/airflow/example_dags/example_params_ui_tutorial.py
[2025-01-20T11:27:08.753+0000] {processor.py:840} INFO - DAG(s) 'example_params_ui_tutorial' retrieved from /home/airflow/.local/lib/python3.8/site-packages/airflow/example_dags/example_params_ui_tutorial.py
[2025-01-20T11:27:08.905+0000] {logging_mixin.py:188} INFO - [2025-01-20T11:27:08.905+0000] {dag.py:3036} INFO - Sync 1 DAGs
[2025-01-20T11:27:08.935+0000] {logging_mixin.py:188} INFO - [2025-01-20T11:27:08.934+0000] {dag.py:3823} INFO - Setting next_dagrun for example_params_ui_tutorial to None, run_after=None
[2025-01-20T11:27:09.005+0000] {processor.py:183} INFO - Processing /home/airflow/.local/lib/python3.8/site-packages/airflow/example_dags/example_params_ui_tutorial.py took 0.295 seconds
[2025-01-20T11:27:39.534+0000] {processor.py:161} INFO - Started process (PID=1323) to work on /home/airflow/.local/lib/python3.8/site-packages/airflow/example_dags/example_params_ui_tutorial.py
[2025-01-20T11:27:39.536+0000] {processor.py:830} INFO - Processing file /home/airflow/.local/lib/python3.8/site-packages/airflow/example_dags/example_params_ui_tutorial.py for tasks to queue
[2025-01-20T11:27:39.539+0000] {logging_mixin.py:188} INFO - [2025-01-20T11:27:39.539+0000] {dagbag.py:538} INFO - Filling up the DagBag from /home/airflow/.local/lib/python3.8/site-packages/airflow/example_dags/example_params_ui_tutorial.py
[2025-01-20T11:27:39.562+0000] {processor.py:840} INFO - DAG(s) 'example_params_ui_tutorial' retrieved from /home/airflow/.local/lib/python3.8/site-packages/airflow/example_dags/example_params_ui_tutorial.py
[2025-01-20T11:27:39.709+0000] {logging_mixin.py:188} INFO - [2025-01-20T11:27:39.708+0000] {dag.py:3036} INFO - Sync 1 DAGs
[2025-01-20T11:27:39.734+0000] {logging_mixin.py:188} INFO - [2025-01-20T11:27:39.733+0000] {dag.py:3823} INFO - Setting next_dagrun for example_params_ui_tutorial to None, run_after=None
[2025-01-20T11:27:39.765+0000] {processor.py:183} INFO - Processing /home/airflow/.local/lib/python3.8/site-packages/airflow/example_dags/example_params_ui_tutorial.py took 0.237 seconds
[2025-01-20T11:28:09.978+0000] {processor.py:161} INFO - Started process (PID=1379) to work on /home/airflow/.local/lib/python3.8/site-packages/airflow/example_dags/example_params_ui_tutorial.py
[2025-01-20T11:28:09.980+0000] {processor.py:830} INFO - Processing file /home/airflow/.local/lib/python3.8/site-packages/airflow/example_dags/example_params_ui_tutorial.py for tasks to queue
[2025-01-20T11:28:09.984+0000] {logging_mixin.py:188} INFO - [2025-01-20T11:28:09.983+0000] {dagbag.py:538} INFO - Filling up the DagBag from /home/airflow/.local/lib/python3.8/site-packages/airflow/example_dags/example_params_ui_tutorial.py
[2025-01-20T11:28:10.007+0000] {processor.py:840} INFO - DAG(s) 'example_params_ui_tutorial' retrieved from /home/airflow/.local/lib/python3.8/site-packages/airflow/example_dags/example_params_ui_tutorial.py
[2025-01-20T11:28:10.136+0000] {logging_mixin.py:188} INFO - [2025-01-20T11:28:10.135+0000] {dag.py:3036} INFO - Sync 1 DAGs
[2025-01-20T11:28:10.157+0000] {logging_mixin.py:188} INFO - [2025-01-20T11:28:10.157+0000] {dag.py:3823} INFO - Setting next_dagrun for example_params_ui_tutorial to None, run_after=None
[2025-01-20T11:28:10.192+0000] {processor.py:183} INFO - Processing /home/airflow/.local/lib/python3.8/site-packages/airflow/example_dags/example_params_ui_tutorial.py took 0.220 seconds
[2025-01-20T11:28:41.122+0000] {processor.py:161} INFO - Started process (PID=1434) to work on /home/airflow/.local/lib/python3.8/site-packages/airflow/example_dags/example_params_ui_tutorial.py
[2025-01-20T11:28:41.123+0000] {processor.py:830} INFO - Processing file /home/airflow/.local/lib/python3.8/site-packages/airflow/example_dags/example_params_ui_tutorial.py for tasks to queue
[2025-01-20T11:28:41.127+0000] {logging_mixin.py:188} INFO - [2025-01-20T11:28:41.126+0000] {dagbag.py:538} INFO - Filling up the DagBag from /home/airflow/.local/lib/python3.8/site-packages/airflow/example_dags/example_params_ui_tutorial.py
[2025-01-20T11:28:41.146+0000] {processor.py:840} INFO - DAG(s) 'example_params_ui_tutorial' retrieved from /home/airflow/.local/lib/python3.8/site-packages/airflow/example_dags/example_params_ui_tutorial.py
[2025-01-20T11:28:41.258+0000] {logging_mixin.py:188} INFO - [2025-01-20T11:28:41.258+0000] {dag.py:3036} INFO - Sync 1 DAGs
[2025-01-20T11:28:41.283+0000] {logging_mixin.py:188} INFO - [2025-01-20T11:28:41.283+0000] {dag.py:3823} INFO - Setting next_dagrun for example_params_ui_tutorial to None, run_after=None
[2025-01-20T11:28:41.338+0000] {processor.py:183} INFO - Processing /home/airflow/.local/lib/python3.8/site-packages/airflow/example_dags/example_params_ui_tutorial.py took 0.221 seconds
[2025-01-20T11:29:11.896+0000] {processor.py:161} INFO - Started process (PID=1489) to work on /home/airflow/.local/lib/python3.8/site-packages/airflow/example_dags/example_params_ui_tutorial.py
[2025-01-20T11:29:11.899+0000] {processor.py:830} INFO - Processing file /home/airflow/.local/lib/python3.8/site-packages/airflow/example_dags/example_params_ui_tutorial.py for tasks to queue
[2025-01-20T11:29:11.904+0000] {logging_mixin.py:188} INFO - [2025-01-20T11:29:11.904+0000] {dagbag.py:538} INFO - Filling up the DagBag from /home/airflow/.local/lib/python3.8/site-packages/airflow/example_dags/example_params_ui_tutorial.py
[2025-01-20T11:29:11.948+0000] {processor.py:840} INFO - DAG(s) 'example_params_ui_tutorial' retrieved from /home/airflow/.local/lib/python3.8/site-packages/airflow/example_dags/example_params_ui_tutorial.py
[2025-01-20T11:29:12.162+0000] {logging_mixin.py:188} INFO - [2025-01-20T11:29:12.161+0000] {dag.py:3036} INFO - Sync 1 DAGs
[2025-01-20T11:29:12.204+0000] {logging_mixin.py:188} INFO - [2025-01-20T11:29:12.203+0000] {dag.py:3823} INFO - Setting next_dagrun for example_params_ui_tutorial to None, run_after=None
[2025-01-20T11:29:12.264+0000] {processor.py:183} INFO - Processing /home/airflow/.local/lib/python3.8/site-packages/airflow/example_dags/example_params_ui_tutorial.py took 0.378 seconds
[2025-01-20T11:29:42.951+0000] {processor.py:161} INFO - Started process (PID=1545) to work on /home/airflow/.local/lib/python3.8/site-packages/airflow/example_dags/example_params_ui_tutorial.py
[2025-01-20T11:29:42.955+0000] {processor.py:830} INFO - Processing file /home/airflow/.local/lib/python3.8/site-packages/airflow/example_dags/example_params_ui_tutorial.py for tasks to queue
[2025-01-20T11:29:42.970+0000] {logging_mixin.py:188} INFO - [2025-01-20T11:29:42.969+0000] {dagbag.py:538} INFO - Filling up the DagBag from /home/airflow/.local/lib/python3.8/site-packages/airflow/example_dags/example_params_ui_tutorial.py
[2025-01-20T11:29:43.021+0000] {processor.py:840} INFO - DAG(s) 'example_params_ui_tutorial' retrieved from /home/airflow/.local/lib/python3.8/site-packages/airflow/example_dags/example_params_ui_tutorial.py
[2025-01-20T11:29:43.290+0000] {logging_mixin.py:188} INFO - [2025-01-20T11:29:43.290+0000] {dag.py:3036} INFO - Sync 1 DAGs
[2025-01-20T11:29:43.322+0000] {logging_mixin.py:188} INFO - [2025-01-20T11:29:43.322+0000] {dag.py:3823} INFO - Setting next_dagrun for example_params_ui_tutorial to None, run_after=None
[2025-01-20T11:29:43.365+0000] {processor.py:183} INFO - Processing /home/airflow/.local/lib/python3.8/site-packages/airflow/example_dags/example_params_ui_tutorial.py took 0.430 seconds
[2025-01-20T11:30:13.901+0000] {processor.py:161} INFO - Started process (PID=1599) to work on /home/airflow/.local/lib/python3.8/site-packages/airflow/example_dags/example_params_ui_tutorial.py
[2025-01-20T11:30:13.904+0000] {processor.py:830} INFO - Processing file /home/airflow/.local/lib/python3.8/site-packages/airflow/example_dags/example_params_ui_tutorial.py for tasks to queue
[2025-01-20T11:30:13.909+0000] {logging_mixin.py:188} INFO - [2025-01-20T11:30:13.908+0000] {dagbag.py:538} INFO - Filling up the DagBag from /home/airflow/.local/lib/python3.8/site-packages/airflow/example_dags/example_params_ui_tutorial.py
[2025-01-20T11:30:13.977+0000] {processor.py:840} INFO - DAG(s) 'example_params_ui_tutorial' retrieved from /home/airflow/.local/lib/python3.8/site-packages/airflow/example_dags/example_params_ui_tutorial.py
[2025-01-20T11:30:14.140+0000] {logging_mixin.py:188} INFO - [2025-01-20T11:30:14.139+0000] {dag.py:3036} INFO - Sync 1 DAGs
[2025-01-20T11:30:14.164+0000] {logging_mixin.py:188} INFO - [2025-01-20T11:30:14.163+0000] {dag.py:3823} INFO - Setting next_dagrun for example_params_ui_tutorial to None, run_after=None
[2025-01-20T11:30:14.210+0000] {processor.py:183} INFO - Processing /home/airflow/.local/lib/python3.8/site-packages/airflow/example_dags/example_params_ui_tutorial.py took 0.318 seconds
