[2025-01-20T11:16:20.814+0000] {processor.py:161} INFO - Started process (PID=87) to work on /home/airflow/.local/lib/python3.8/site-packages/airflow/example_dags/example_trigger_target_dag.py
[2025-01-20T11:16:20.816+0000] {processor.py:830} INFO - Processing file /home/airflow/.local/lib/python3.8/site-packages/airflow/example_dags/example_trigger_target_dag.py for tasks to queue
[2025-01-20T11:16:20.820+0000] {logging_mixin.py:188} INFO - [2025-01-20T11:16:20.820+0000] {dagbag.py:538} INFO - Filling up the DagBag from /home/airflow/.local/lib/python3.8/site-packages/airflow/example_dags/example_trigger_target_dag.py
[2025-01-20T11:16:20.848+0000] {processor.py:840} INFO - DAG(s) 'example_trigger_target_dag' retrieved from /home/airflow/.local/lib/python3.8/site-packages/airflow/example_dags/example_trigger_target_dag.py
[2025-01-20T11:16:21.073+0000] {logging_mixin.py:188} INFO - [2025-01-20T11:16:21.072+0000] {dag.py:3036} INFO - Sync 1 DAGs
[2025-01-20T11:16:21.094+0000] {logging_mixin.py:188} INFO - [2025-01-20T11:16:21.094+0000] {dag.py:3823} INFO - Setting next_dagrun for example_trigger_target_dag to None, run_after=None
[2025-01-20T11:16:21.222+0000] {processor.py:183} INFO - Processing /home/airflow/.local/lib/python3.8/site-packages/airflow/example_dags/example_trigger_target_dag.py took 0.414 seconds
[2025-01-20T11:16:51.613+0000] {processor.py:161} INFO - Started process (PID=142) to work on /home/airflow/.local/lib/python3.8/site-packages/airflow/example_dags/example_trigger_target_dag.py
[2025-01-20T11:16:51.616+0000] {processor.py:830} INFO - Processing file /home/airflow/.local/lib/python3.8/site-packages/airflow/example_dags/example_trigger_target_dag.py for tasks to queue
[2025-01-20T11:16:51.622+0000] {logging_mixin.py:188} INFO - [2025-01-20T11:16:51.621+0000] {dagbag.py:538} INFO - Filling up the DagBag from /home/airflow/.local/lib/python3.8/site-packages/airflow/example_dags/example_trigger_target_dag.py
[2025-01-20T11:16:51.643+0000] {processor.py:840} INFO - DAG(s) 'example_trigger_target_dag' retrieved from /home/airflow/.local/lib/python3.8/site-packages/airflow/example_dags/example_trigger_target_dag.py
[2025-01-20T11:16:51.702+0000] {logging_mixin.py:188} INFO - [2025-01-20T11:16:51.701+0000] {dag.py:3036} INFO - Sync 1 DAGs
[2025-01-20T11:16:51.744+0000] {logging_mixin.py:188} INFO - [2025-01-20T11:16:51.743+0000] {dag.py:3823} INFO - Setting next_dagrun for example_trigger_target_dag to None, run_after=None
[2025-01-20T11:16:51.817+0000] {processor.py:183} INFO - Processing /home/airflow/.local/lib/python3.8/site-packages/airflow/example_dags/example_trigger_target_dag.py took 0.217 seconds
[2025-01-20T11:17:22.297+0000] {processor.py:161} INFO - Started process (PID=197) to work on /home/airflow/.local/lib/python3.8/site-packages/airflow/example_dags/example_trigger_target_dag.py
[2025-01-20T11:17:22.299+0000] {processor.py:830} INFO - Processing file /home/airflow/.local/lib/python3.8/site-packages/airflow/example_dags/example_trigger_target_dag.py for tasks to queue
[2025-01-20T11:17:22.302+0000] {logging_mixin.py:188} INFO - [2025-01-20T11:17:22.302+0000] {dagbag.py:538} INFO - Filling up the DagBag from /home/airflow/.local/lib/python3.8/site-packages/airflow/example_dags/example_trigger_target_dag.py
[2025-01-20T11:17:22.313+0000] {processor.py:840} INFO - DAG(s) 'example_trigger_target_dag' retrieved from /home/airflow/.local/lib/python3.8/site-packages/airflow/example_dags/example_trigger_target_dag.py
[2025-01-20T11:17:22.346+0000] {logging_mixin.py:188} INFO - [2025-01-20T11:17:22.345+0000] {dag.py:3036} INFO - Sync 1 DAGs
[2025-01-20T11:17:22.367+0000] {logging_mixin.py:188} INFO - [2025-01-20T11:17:22.366+0000] {dag.py:3823} INFO - Setting next_dagrun for example_trigger_target_dag to None, run_after=None
[2025-01-20T11:17:22.415+0000] {processor.py:183} INFO - Processing /home/airflow/.local/lib/python3.8/site-packages/airflow/example_dags/example_trigger_target_dag.py took 0.125 seconds
[2025-01-20T11:17:52.686+0000] {processor.py:161} INFO - Started process (PID=252) to work on /home/airflow/.local/lib/python3.8/site-packages/airflow/example_dags/example_trigger_target_dag.py
[2025-01-20T11:17:52.688+0000] {processor.py:830} INFO - Processing file /home/airflow/.local/lib/python3.8/site-packages/airflow/example_dags/example_trigger_target_dag.py for tasks to queue
[2025-01-20T11:17:52.691+0000] {logging_mixin.py:188} INFO - [2025-01-20T11:17:52.690+0000] {dagbag.py:538} INFO - Filling up the DagBag from /home/airflow/.local/lib/python3.8/site-packages/airflow/example_dags/example_trigger_target_dag.py
[2025-01-20T11:17:52.700+0000] {processor.py:840} INFO - DAG(s) 'example_trigger_target_dag' retrieved from /home/airflow/.local/lib/python3.8/site-packages/airflow/example_dags/example_trigger_target_dag.py
[2025-01-20T11:17:52.731+0000] {logging_mixin.py:188} INFO - [2025-01-20T11:17:52.731+0000] {dag.py:3036} INFO - Sync 1 DAGs
[2025-01-20T11:17:52.761+0000] {logging_mixin.py:188} INFO - [2025-01-20T11:17:52.760+0000] {dag.py:3823} INFO - Setting next_dagrun for example_trigger_target_dag to None, run_after=None
[2025-01-20T11:17:52.797+0000] {processor.py:183} INFO - Processing /home/airflow/.local/lib/python3.8/site-packages/airflow/example_dags/example_trigger_target_dag.py took 0.117 seconds
[2025-01-20T11:18:23.646+0000] {processor.py:161} INFO - Started process (PID=307) to work on /home/airflow/.local/lib/python3.8/site-packages/airflow/example_dags/example_trigger_target_dag.py
[2025-01-20T11:18:23.649+0000] {processor.py:830} INFO - Processing file /home/airflow/.local/lib/python3.8/site-packages/airflow/example_dags/example_trigger_target_dag.py for tasks to queue
[2025-01-20T11:18:23.652+0000] {logging_mixin.py:188} INFO - [2025-01-20T11:18:23.651+0000] {dagbag.py:538} INFO - Filling up the DagBag from /home/airflow/.local/lib/python3.8/site-packages/airflow/example_dags/example_trigger_target_dag.py
[2025-01-20T11:18:23.661+0000] {processor.py:840} INFO - DAG(s) 'example_trigger_target_dag' retrieved from /home/airflow/.local/lib/python3.8/site-packages/airflow/example_dags/example_trigger_target_dag.py
[2025-01-20T11:18:23.692+0000] {logging_mixin.py:188} INFO - [2025-01-20T11:18:23.691+0000] {dag.py:3036} INFO - Sync 1 DAGs
[2025-01-20T11:18:23.711+0000] {logging_mixin.py:188} INFO - [2025-01-20T11:18:23.711+0000] {dag.py:3823} INFO - Setting next_dagrun for example_trigger_target_dag to None, run_after=None
[2025-01-20T11:18:23.748+0000] {processor.py:183} INFO - Processing /home/airflow/.local/lib/python3.8/site-packages/airflow/example_dags/example_trigger_target_dag.py took 0.107 seconds
[2025-01-20T11:18:54.186+0000] {processor.py:161} INFO - Started process (PID=362) to work on /home/airflow/.local/lib/python3.8/site-packages/airflow/example_dags/example_trigger_target_dag.py
[2025-01-20T11:18:54.187+0000] {processor.py:830} INFO - Processing file /home/airflow/.local/lib/python3.8/site-packages/airflow/example_dags/example_trigger_target_dag.py for tasks to queue
[2025-01-20T11:18:54.192+0000] {logging_mixin.py:188} INFO - [2025-01-20T11:18:54.191+0000] {dagbag.py:538} INFO - Filling up the DagBag from /home/airflow/.local/lib/python3.8/site-packages/airflow/example_dags/example_trigger_target_dag.py
[2025-01-20T11:18:54.203+0000] {processor.py:840} INFO - DAG(s) 'example_trigger_target_dag' retrieved from /home/airflow/.local/lib/python3.8/site-packages/airflow/example_dags/example_trigger_target_dag.py
[2025-01-20T11:18:54.248+0000] {logging_mixin.py:188} INFO - [2025-01-20T11:18:54.247+0000] {dag.py:3036} INFO - Sync 1 DAGs
[2025-01-20T11:18:54.272+0000] {logging_mixin.py:188} INFO - [2025-01-20T11:18:54.272+0000] {dag.py:3823} INFO - Setting next_dagrun for example_trigger_target_dag to None, run_after=None
[2025-01-20T11:18:54.318+0000] {processor.py:183} INFO - Processing /home/airflow/.local/lib/python3.8/site-packages/airflow/example_dags/example_trigger_target_dag.py took 0.139 seconds
[2025-01-20T11:19:24.748+0000] {processor.py:161} INFO - Started process (PID=417) to work on /home/airflow/.local/lib/python3.8/site-packages/airflow/example_dags/example_trigger_target_dag.py
[2025-01-20T11:19:24.751+0000] {processor.py:830} INFO - Processing file /home/airflow/.local/lib/python3.8/site-packages/airflow/example_dags/example_trigger_target_dag.py for tasks to queue
[2025-01-20T11:19:24.757+0000] {logging_mixin.py:188} INFO - [2025-01-20T11:19:24.756+0000] {dagbag.py:538} INFO - Filling up the DagBag from /home/airflow/.local/lib/python3.8/site-packages/airflow/example_dags/example_trigger_target_dag.py
[2025-01-20T11:19:24.769+0000] {processor.py:840} INFO - DAG(s) 'example_trigger_target_dag' retrieved from /home/airflow/.local/lib/python3.8/site-packages/airflow/example_dags/example_trigger_target_dag.py
[2025-01-20T11:19:24.805+0000] {logging_mixin.py:188} INFO - [2025-01-20T11:19:24.805+0000] {dag.py:3036} INFO - Sync 1 DAGs
[2025-01-20T11:19:24.826+0000] {logging_mixin.py:188} INFO - [2025-01-20T11:19:24.826+0000] {dag.py:3823} INFO - Setting next_dagrun for example_trigger_target_dag to None, run_after=None
[2025-01-20T11:19:24.868+0000] {processor.py:183} INFO - Processing /home/airflow/.local/lib/python3.8/site-packages/airflow/example_dags/example_trigger_target_dag.py took 0.129 seconds
[2025-01-20T11:19:55.774+0000] {processor.py:161} INFO - Started process (PID=472) to work on /home/airflow/.local/lib/python3.8/site-packages/airflow/example_dags/example_trigger_target_dag.py
[2025-01-20T11:19:55.776+0000] {processor.py:830} INFO - Processing file /home/airflow/.local/lib/python3.8/site-packages/airflow/example_dags/example_trigger_target_dag.py for tasks to queue
[2025-01-20T11:19:55.779+0000] {logging_mixin.py:188} INFO - [2025-01-20T11:19:55.779+0000] {dagbag.py:538} INFO - Filling up the DagBag from /home/airflow/.local/lib/python3.8/site-packages/airflow/example_dags/example_trigger_target_dag.py
[2025-01-20T11:19:55.789+0000] {processor.py:840} INFO - DAG(s) 'example_trigger_target_dag' retrieved from /home/airflow/.local/lib/python3.8/site-packages/airflow/example_dags/example_trigger_target_dag.py
[2025-01-20T11:19:55.829+0000] {logging_mixin.py:188} INFO - [2025-01-20T11:19:55.828+0000] {dag.py:3036} INFO - Sync 1 DAGs
[2025-01-20T11:19:55.849+0000] {logging_mixin.py:188} INFO - [2025-01-20T11:19:55.849+0000] {dag.py:3823} INFO - Setting next_dagrun for example_trigger_target_dag to None, run_after=None
[2025-01-20T11:19:55.881+0000] {processor.py:183} INFO - Processing /home/airflow/.local/lib/python3.8/site-packages/airflow/example_dags/example_trigger_target_dag.py took 0.113 seconds
[2025-01-20T11:20:26.019+0000] {processor.py:161} INFO - Started process (PID=527) to work on /home/airflow/.local/lib/python3.8/site-packages/airflow/example_dags/example_trigger_target_dag.py
[2025-01-20T11:20:26.021+0000] {processor.py:830} INFO - Processing file /home/airflow/.local/lib/python3.8/site-packages/airflow/example_dags/example_trigger_target_dag.py for tasks to queue
[2025-01-20T11:20:26.026+0000] {logging_mixin.py:188} INFO - [2025-01-20T11:20:26.025+0000] {dagbag.py:538} INFO - Filling up the DagBag from /home/airflow/.local/lib/python3.8/site-packages/airflow/example_dags/example_trigger_target_dag.py
[2025-01-20T11:20:26.040+0000] {processor.py:840} INFO - DAG(s) 'example_trigger_target_dag' retrieved from /home/airflow/.local/lib/python3.8/site-packages/airflow/example_dags/example_trigger_target_dag.py
[2025-01-20T11:20:26.076+0000] {logging_mixin.py:188} INFO - [2025-01-20T11:20:26.076+0000] {dag.py:3036} INFO - Sync 1 DAGs
[2025-01-20T11:20:26.099+0000] {logging_mixin.py:188} INFO - [2025-01-20T11:20:26.099+0000] {dag.py:3823} INFO - Setting next_dagrun for example_trigger_target_dag to None, run_after=None
[2025-01-20T11:20:26.149+0000] {processor.py:183} INFO - Processing /home/airflow/.local/lib/python3.8/site-packages/airflow/example_dags/example_trigger_target_dag.py took 0.137 seconds
[2025-01-20T11:20:56.551+0000] {processor.py:161} INFO - Started process (PID=582) to work on /home/airflow/.local/lib/python3.8/site-packages/airflow/example_dags/example_trigger_target_dag.py
[2025-01-20T11:20:56.554+0000] {processor.py:830} INFO - Processing file /home/airflow/.local/lib/python3.8/site-packages/airflow/example_dags/example_trigger_target_dag.py for tasks to queue
[2025-01-20T11:20:56.558+0000] {logging_mixin.py:188} INFO - [2025-01-20T11:20:56.558+0000] {dagbag.py:538} INFO - Filling up the DagBag from /home/airflow/.local/lib/python3.8/site-packages/airflow/example_dags/example_trigger_target_dag.py
[2025-01-20T11:20:56.572+0000] {processor.py:840} INFO - DAG(s) 'example_trigger_target_dag' retrieved from /home/airflow/.local/lib/python3.8/site-packages/airflow/example_dags/example_trigger_target_dag.py
[2025-01-20T11:20:56.607+0000] {logging_mixin.py:188} INFO - [2025-01-20T11:20:56.607+0000] {dag.py:3036} INFO - Sync 1 DAGs
[2025-01-20T11:20:56.632+0000] {logging_mixin.py:188} INFO - [2025-01-20T11:20:56.631+0000] {dag.py:3823} INFO - Setting next_dagrun for example_trigger_target_dag to None, run_after=None
[2025-01-20T11:20:56.671+0000] {processor.py:183} INFO - Processing /home/airflow/.local/lib/python3.8/site-packages/airflow/example_dags/example_trigger_target_dag.py took 0.126 seconds
[2025-01-20T11:21:27.013+0000] {processor.py:161} INFO - Started process (PID=637) to work on /home/airflow/.local/lib/python3.8/site-packages/airflow/example_dags/example_trigger_target_dag.py
[2025-01-20T11:21:27.016+0000] {processor.py:830} INFO - Processing file /home/airflow/.local/lib/python3.8/site-packages/airflow/example_dags/example_trigger_target_dag.py for tasks to queue
[2025-01-20T11:21:27.022+0000] {logging_mixin.py:188} INFO - [2025-01-20T11:21:27.021+0000] {dagbag.py:538} INFO - Filling up the DagBag from /home/airflow/.local/lib/python3.8/site-packages/airflow/example_dags/example_trigger_target_dag.py
[2025-01-20T11:21:27.042+0000] {processor.py:840} INFO - DAG(s) 'example_trigger_target_dag' retrieved from /home/airflow/.local/lib/python3.8/site-packages/airflow/example_dags/example_trigger_target_dag.py
[2025-01-20T11:21:27.087+0000] {logging_mixin.py:188} INFO - [2025-01-20T11:21:27.087+0000] {dag.py:3036} INFO - Sync 1 DAGs
[2025-01-20T11:21:27.110+0000] {logging_mixin.py:188} INFO - [2025-01-20T11:21:27.109+0000] {dag.py:3823} INFO - Setting next_dagrun for example_trigger_target_dag to None, run_after=None
[2025-01-20T11:21:27.140+0000] {processor.py:183} INFO - Processing /home/airflow/.local/lib/python3.8/site-packages/airflow/example_dags/example_trigger_target_dag.py took 0.139 seconds
[2025-01-20T11:21:57.333+0000] {processor.py:161} INFO - Started process (PID=692) to work on /home/airflow/.local/lib/python3.8/site-packages/airflow/example_dags/example_trigger_target_dag.py
[2025-01-20T11:21:57.334+0000] {processor.py:830} INFO - Processing file /home/airflow/.local/lib/python3.8/site-packages/airflow/example_dags/example_trigger_target_dag.py for tasks to queue
[2025-01-20T11:21:57.337+0000] {logging_mixin.py:188} INFO - [2025-01-20T11:21:57.337+0000] {dagbag.py:538} INFO - Filling up the DagBag from /home/airflow/.local/lib/python3.8/site-packages/airflow/example_dags/example_trigger_target_dag.py
[2025-01-20T11:21:57.347+0000] {processor.py:840} INFO - DAG(s) 'example_trigger_target_dag' retrieved from /home/airflow/.local/lib/python3.8/site-packages/airflow/example_dags/example_trigger_target_dag.py
[2025-01-20T11:21:57.379+0000] {logging_mixin.py:188} INFO - [2025-01-20T11:21:57.378+0000] {dag.py:3036} INFO - Sync 1 DAGs
[2025-01-20T11:21:57.402+0000] {logging_mixin.py:188} INFO - [2025-01-20T11:21:57.401+0000] {dag.py:3823} INFO - Setting next_dagrun for example_trigger_target_dag to None, run_after=None
[2025-01-20T11:21:57.434+0000] {processor.py:183} INFO - Processing /home/airflow/.local/lib/python3.8/site-packages/airflow/example_dags/example_trigger_target_dag.py took 0.107 seconds
[2025-01-20T11:22:28.338+0000] {processor.py:161} INFO - Started process (PID=747) to work on /home/airflow/.local/lib/python3.8/site-packages/airflow/example_dags/example_trigger_target_dag.py
[2025-01-20T11:22:28.341+0000] {processor.py:830} INFO - Processing file /home/airflow/.local/lib/python3.8/site-packages/airflow/example_dags/example_trigger_target_dag.py for tasks to queue
[2025-01-20T11:22:28.353+0000] {logging_mixin.py:188} INFO - [2025-01-20T11:22:28.352+0000] {dagbag.py:538} INFO - Filling up the DagBag from /home/airflow/.local/lib/python3.8/site-packages/airflow/example_dags/example_trigger_target_dag.py
[2025-01-20T11:22:28.374+0000] {processor.py:840} INFO - DAG(s) 'example_trigger_target_dag' retrieved from /home/airflow/.local/lib/python3.8/site-packages/airflow/example_dags/example_trigger_target_dag.py
[2025-01-20T11:22:28.432+0000] {logging_mixin.py:188} INFO - [2025-01-20T11:22:28.432+0000] {dag.py:3036} INFO - Sync 1 DAGs
[2025-01-20T11:22:28.475+0000] {logging_mixin.py:188} INFO - [2025-01-20T11:22:28.475+0000] {dag.py:3823} INFO - Setting next_dagrun for example_trigger_target_dag to None, run_after=None
[2025-01-20T11:22:28.534+0000] {processor.py:183} INFO - Processing /home/airflow/.local/lib/python3.8/site-packages/airflow/example_dags/example_trigger_target_dag.py took 0.214 seconds
[2025-01-20T11:22:58.618+0000] {processor.py:161} INFO - Started process (PID=803) to work on /home/airflow/.local/lib/python3.8/site-packages/airflow/example_dags/example_trigger_target_dag.py
[2025-01-20T11:22:58.620+0000] {processor.py:830} INFO - Processing file /home/airflow/.local/lib/python3.8/site-packages/airflow/example_dags/example_trigger_target_dag.py for tasks to queue
[2025-01-20T11:22:58.628+0000] {logging_mixin.py:188} INFO - [2025-01-20T11:22:58.627+0000] {dagbag.py:538} INFO - Filling up the DagBag from /home/airflow/.local/lib/python3.8/site-packages/airflow/example_dags/example_trigger_target_dag.py
[2025-01-20T11:22:58.647+0000] {processor.py:840} INFO - DAG(s) 'example_trigger_target_dag' retrieved from /home/airflow/.local/lib/python3.8/site-packages/airflow/example_dags/example_trigger_target_dag.py
[2025-01-20T11:22:58.698+0000] {logging_mixin.py:188} INFO - [2025-01-20T11:22:58.698+0000] {dag.py:3036} INFO - Sync 1 DAGs
[2025-01-20T11:22:58.731+0000] {logging_mixin.py:188} INFO - [2025-01-20T11:22:58.731+0000] {dag.py:3823} INFO - Setting next_dagrun for example_trigger_target_dag to None, run_after=None
[2025-01-20T11:22:58.771+0000] {processor.py:183} INFO - Processing /home/airflow/.local/lib/python3.8/site-packages/airflow/example_dags/example_trigger_target_dag.py took 0.163 seconds
[2025-01-20T11:23:29.181+0000] {processor.py:161} INFO - Started process (PID=858) to work on /home/airflow/.local/lib/python3.8/site-packages/airflow/example_dags/example_trigger_target_dag.py
[2025-01-20T11:23:29.183+0000] {processor.py:830} INFO - Processing file /home/airflow/.local/lib/python3.8/site-packages/airflow/example_dags/example_trigger_target_dag.py for tasks to queue
[2025-01-20T11:23:29.187+0000] {logging_mixin.py:188} INFO - [2025-01-20T11:23:29.186+0000] {dagbag.py:538} INFO - Filling up the DagBag from /home/airflow/.local/lib/python3.8/site-packages/airflow/example_dags/example_trigger_target_dag.py
[2025-01-20T11:23:29.199+0000] {processor.py:840} INFO - DAG(s) 'example_trigger_target_dag' retrieved from /home/airflow/.local/lib/python3.8/site-packages/airflow/example_dags/example_trigger_target_dag.py
[2025-01-20T11:23:29.246+0000] {logging_mixin.py:188} INFO - [2025-01-20T11:23:29.245+0000] {dag.py:3036} INFO - Sync 1 DAGs
[2025-01-20T11:23:29.277+0000] {logging_mixin.py:188} INFO - [2025-01-20T11:23:29.277+0000] {dag.py:3823} INFO - Setting next_dagrun for example_trigger_target_dag to None, run_after=None
[2025-01-20T11:23:29.329+0000] {processor.py:183} INFO - Processing /home/airflow/.local/lib/python3.8/site-packages/airflow/example_dags/example_trigger_target_dag.py took 0.155 seconds
[2025-01-20T11:23:59.888+0000] {processor.py:161} INFO - Started process (PID=913) to work on /home/airflow/.local/lib/python3.8/site-packages/airflow/example_dags/example_trigger_target_dag.py
[2025-01-20T11:23:59.889+0000] {processor.py:830} INFO - Processing file /home/airflow/.local/lib/python3.8/site-packages/airflow/example_dags/example_trigger_target_dag.py for tasks to queue
[2025-01-20T11:23:59.893+0000] {logging_mixin.py:188} INFO - [2025-01-20T11:23:59.892+0000] {dagbag.py:538} INFO - Filling up the DagBag from /home/airflow/.local/lib/python3.8/site-packages/airflow/example_dags/example_trigger_target_dag.py
[2025-01-20T11:23:59.907+0000] {processor.py:840} INFO - DAG(s) 'example_trigger_target_dag' retrieved from /home/airflow/.local/lib/python3.8/site-packages/airflow/example_dags/example_trigger_target_dag.py
[2025-01-20T11:23:59.945+0000] {logging_mixin.py:188} INFO - [2025-01-20T11:23:59.945+0000] {dag.py:3036} INFO - Sync 1 DAGs
[2025-01-20T11:23:59.973+0000] {logging_mixin.py:188} INFO - [2025-01-20T11:23:59.972+0000] {dag.py:3823} INFO - Setting next_dagrun for example_trigger_target_dag to None, run_after=None
[2025-01-20T11:24:00.028+0000] {processor.py:183} INFO - Processing /home/airflow/.local/lib/python3.8/site-packages/airflow/example_dags/example_trigger_target_dag.py took 0.147 seconds
[2025-01-20T11:24:30.584+0000] {processor.py:161} INFO - Started process (PID=967) to work on /home/airflow/.local/lib/python3.8/site-packages/airflow/example_dags/example_trigger_target_dag.py
[2025-01-20T11:24:30.586+0000] {processor.py:830} INFO - Processing file /home/airflow/.local/lib/python3.8/site-packages/airflow/example_dags/example_trigger_target_dag.py for tasks to queue
[2025-01-20T11:24:30.590+0000] {logging_mixin.py:188} INFO - [2025-01-20T11:24:30.590+0000] {dagbag.py:538} INFO - Filling up the DagBag from /home/airflow/.local/lib/python3.8/site-packages/airflow/example_dags/example_trigger_target_dag.py
[2025-01-20T11:24:30.604+0000] {processor.py:840} INFO - DAG(s) 'example_trigger_target_dag' retrieved from /home/airflow/.local/lib/python3.8/site-packages/airflow/example_dags/example_trigger_target_dag.py
[2025-01-20T11:24:30.641+0000] {logging_mixin.py:188} INFO - [2025-01-20T11:24:30.641+0000] {dag.py:3036} INFO - Sync 1 DAGs
[2025-01-20T11:24:30.666+0000] {logging_mixin.py:188} INFO - [2025-01-20T11:24:30.666+0000] {dag.py:3823} INFO - Setting next_dagrun for example_trigger_target_dag to None, run_after=None
[2025-01-20T11:24:30.707+0000] {processor.py:183} INFO - Processing /home/airflow/.local/lib/python3.8/site-packages/airflow/example_dags/example_trigger_target_dag.py took 0.131 seconds
[2025-01-20T11:25:01.880+0000] {processor.py:161} INFO - Started process (PID=1022) to work on /home/airflow/.local/lib/python3.8/site-packages/airflow/example_dags/example_trigger_target_dag.py
[2025-01-20T11:25:01.882+0000] {processor.py:830} INFO - Processing file /home/airflow/.local/lib/python3.8/site-packages/airflow/example_dags/example_trigger_target_dag.py for tasks to queue
[2025-01-20T11:25:01.887+0000] {logging_mixin.py:188} INFO - [2025-01-20T11:25:01.887+0000] {dagbag.py:538} INFO - Filling up the DagBag from /home/airflow/.local/lib/python3.8/site-packages/airflow/example_dags/example_trigger_target_dag.py
[2025-01-20T11:25:01.905+0000] {processor.py:840} INFO - DAG(s) 'example_trigger_target_dag' retrieved from /home/airflow/.local/lib/python3.8/site-packages/airflow/example_dags/example_trigger_target_dag.py
[2025-01-20T11:25:01.959+0000] {logging_mixin.py:188} INFO - [2025-01-20T11:25:01.958+0000] {dag.py:3036} INFO - Sync 1 DAGs
[2025-01-20T11:25:02.010+0000] {logging_mixin.py:188} INFO - [2025-01-20T11:25:02.010+0000] {dag.py:3823} INFO - Setting next_dagrun for example_trigger_target_dag to None, run_after=None
[2025-01-20T11:25:02.086+0000] {processor.py:183} INFO - Processing /home/airflow/.local/lib/python3.8/site-packages/airflow/example_dags/example_trigger_target_dag.py took 0.216 seconds
[2025-01-20T11:25:32.678+0000] {processor.py:161} INFO - Started process (PID=1083) to work on /home/airflow/.local/lib/python3.8/site-packages/airflow/example_dags/example_trigger_target_dag.py
[2025-01-20T11:25:32.680+0000] {processor.py:830} INFO - Processing file /home/airflow/.local/lib/python3.8/site-packages/airflow/example_dags/example_trigger_target_dag.py for tasks to queue
[2025-01-20T11:25:32.684+0000] {logging_mixin.py:188} INFO - [2025-01-20T11:25:32.683+0000] {dagbag.py:538} INFO - Filling up the DagBag from /home/airflow/.local/lib/python3.8/site-packages/airflow/example_dags/example_trigger_target_dag.py
[2025-01-20T11:25:32.695+0000] {processor.py:840} INFO - DAG(s) 'example_trigger_target_dag' retrieved from /home/airflow/.local/lib/python3.8/site-packages/airflow/example_dags/example_trigger_target_dag.py
[2025-01-20T11:25:32.735+0000] {logging_mixin.py:188} INFO - [2025-01-20T11:25:32.734+0000] {dag.py:3036} INFO - Sync 1 DAGs
[2025-01-20T11:25:32.769+0000] {logging_mixin.py:188} INFO - [2025-01-20T11:25:32.769+0000] {dag.py:3823} INFO - Setting next_dagrun for example_trigger_target_dag to None, run_after=None
[2025-01-20T11:25:32.803+0000] {processor.py:183} INFO - Processing /home/airflow/.local/lib/python3.8/site-packages/airflow/example_dags/example_trigger_target_dag.py took 0.132 seconds
[2025-01-20T11:26:03.128+0000] {processor.py:161} INFO - Started process (PID=1138) to work on /home/airflow/.local/lib/python3.8/site-packages/airflow/example_dags/example_trigger_target_dag.py
[2025-01-20T11:26:03.130+0000] {processor.py:830} INFO - Processing file /home/airflow/.local/lib/python3.8/site-packages/airflow/example_dags/example_trigger_target_dag.py for tasks to queue
[2025-01-20T11:26:03.135+0000] {logging_mixin.py:188} INFO - [2025-01-20T11:26:03.134+0000] {dagbag.py:538} INFO - Filling up the DagBag from /home/airflow/.local/lib/python3.8/site-packages/airflow/example_dags/example_trigger_target_dag.py
[2025-01-20T11:26:03.147+0000] {processor.py:840} INFO - DAG(s) 'example_trigger_target_dag' retrieved from /home/airflow/.local/lib/python3.8/site-packages/airflow/example_dags/example_trigger_target_dag.py
[2025-01-20T11:26:03.194+0000] {logging_mixin.py:188} INFO - [2025-01-20T11:26:03.193+0000] {dag.py:3036} INFO - Sync 1 DAGs
[2025-01-20T11:26:03.230+0000] {logging_mixin.py:188} INFO - [2025-01-20T11:26:03.230+0000] {dag.py:3823} INFO - Setting next_dagrun for example_trigger_target_dag to None, run_after=None
[2025-01-20T11:26:03.307+0000] {processor.py:183} INFO - Processing /home/airflow/.local/lib/python3.8/site-packages/airflow/example_dags/example_trigger_target_dag.py took 0.189 seconds
[2025-01-20T11:26:34.360+0000] {processor.py:161} INFO - Started process (PID=1193) to work on /home/airflow/.local/lib/python3.8/site-packages/airflow/example_dags/example_trigger_target_dag.py
[2025-01-20T11:26:34.363+0000] {processor.py:830} INFO - Processing file /home/airflow/.local/lib/python3.8/site-packages/airflow/example_dags/example_trigger_target_dag.py for tasks to queue
[2025-01-20T11:26:34.369+0000] {logging_mixin.py:188} INFO - [2025-01-20T11:26:34.368+0000] {dagbag.py:538} INFO - Filling up the DagBag from /home/airflow/.local/lib/python3.8/site-packages/airflow/example_dags/example_trigger_target_dag.py
[2025-01-20T11:26:34.385+0000] {processor.py:840} INFO - DAG(s) 'example_trigger_target_dag' retrieved from /home/airflow/.local/lib/python3.8/site-packages/airflow/example_dags/example_trigger_target_dag.py
[2025-01-20T11:26:34.466+0000] {logging_mixin.py:188} INFO - [2025-01-20T11:26:34.465+0000] {dag.py:3036} INFO - Sync 1 DAGs
[2025-01-20T11:26:34.494+0000] {logging_mixin.py:188} INFO - [2025-01-20T11:26:34.494+0000] {dag.py:3823} INFO - Setting next_dagrun for example_trigger_target_dag to None, run_after=None
[2025-01-20T11:26:34.533+0000] {processor.py:183} INFO - Processing /home/airflow/.local/lib/python3.8/site-packages/airflow/example_dags/example_trigger_target_dag.py took 0.183 seconds
[2025-01-20T11:27:04.874+0000] {processor.py:161} INFO - Started process (PID=1248) to work on /home/airflow/.local/lib/python3.8/site-packages/airflow/example_dags/example_trigger_target_dag.py
[2025-01-20T11:27:04.877+0000] {processor.py:830} INFO - Processing file /home/airflow/.local/lib/python3.8/site-packages/airflow/example_dags/example_trigger_target_dag.py for tasks to queue
[2025-01-20T11:27:04.884+0000] {logging_mixin.py:188} INFO - [2025-01-20T11:27:04.883+0000] {dagbag.py:538} INFO - Filling up the DagBag from /home/airflow/.local/lib/python3.8/site-packages/airflow/example_dags/example_trigger_target_dag.py
[2025-01-20T11:27:04.905+0000] {processor.py:840} INFO - DAG(s) 'example_trigger_target_dag' retrieved from /home/airflow/.local/lib/python3.8/site-packages/airflow/example_dags/example_trigger_target_dag.py
[2025-01-20T11:27:04.955+0000] {logging_mixin.py:188} INFO - [2025-01-20T11:27:04.955+0000] {dag.py:3036} INFO - Sync 1 DAGs
[2025-01-20T11:27:04.981+0000] {logging_mixin.py:188} INFO - [2025-01-20T11:27:04.980+0000] {dag.py:3823} INFO - Setting next_dagrun for example_trigger_target_dag to None, run_after=None
[2025-01-20T11:27:05.047+0000] {processor.py:183} INFO - Processing /home/airflow/.local/lib/python3.8/site-packages/airflow/example_dags/example_trigger_target_dag.py took 0.181 seconds
[2025-01-20T11:27:35.899+0000] {processor.py:161} INFO - Started process (PID=1303) to work on /home/airflow/.local/lib/python3.8/site-packages/airflow/example_dags/example_trigger_target_dag.py
[2025-01-20T11:27:35.902+0000] {processor.py:830} INFO - Processing file /home/airflow/.local/lib/python3.8/site-packages/airflow/example_dags/example_trigger_target_dag.py for tasks to queue
[2025-01-20T11:27:35.906+0000] {logging_mixin.py:188} INFO - [2025-01-20T11:27:35.906+0000] {dagbag.py:538} INFO - Filling up the DagBag from /home/airflow/.local/lib/python3.8/site-packages/airflow/example_dags/example_trigger_target_dag.py
[2025-01-20T11:27:35.917+0000] {processor.py:840} INFO - DAG(s) 'example_trigger_target_dag' retrieved from /home/airflow/.local/lib/python3.8/site-packages/airflow/example_dags/example_trigger_target_dag.py
[2025-01-20T11:27:35.950+0000] {logging_mixin.py:188} INFO - [2025-01-20T11:27:35.949+0000] {dag.py:3036} INFO - Sync 1 DAGs
[2025-01-20T11:27:35.970+0000] {logging_mixin.py:188} INFO - [2025-01-20T11:27:35.970+0000] {dag.py:3823} INFO - Setting next_dagrun for example_trigger_target_dag to None, run_after=None
[2025-01-20T11:27:36.001+0000] {processor.py:183} INFO - Processing /home/airflow/.local/lib/python3.8/site-packages/airflow/example_dags/example_trigger_target_dag.py took 0.109 seconds
[2025-01-20T11:28:06.571+0000] {processor.py:161} INFO - Started process (PID=1358) to work on /home/airflow/.local/lib/python3.8/site-packages/airflow/example_dags/example_trigger_target_dag.py
[2025-01-20T11:28:06.574+0000] {processor.py:830} INFO - Processing file /home/airflow/.local/lib/python3.8/site-packages/airflow/example_dags/example_trigger_target_dag.py for tasks to queue
[2025-01-20T11:28:06.579+0000] {logging_mixin.py:188} INFO - [2025-01-20T11:28:06.578+0000] {dagbag.py:538} INFO - Filling up the DagBag from /home/airflow/.local/lib/python3.8/site-packages/airflow/example_dags/example_trigger_target_dag.py
[2025-01-20T11:28:06.593+0000] {processor.py:840} INFO - DAG(s) 'example_trigger_target_dag' retrieved from /home/airflow/.local/lib/python3.8/site-packages/airflow/example_dags/example_trigger_target_dag.py
[2025-01-20T11:28:06.625+0000] {logging_mixin.py:188} INFO - [2025-01-20T11:28:06.625+0000] {dag.py:3036} INFO - Sync 1 DAGs
[2025-01-20T11:28:06.647+0000] {logging_mixin.py:188} INFO - [2025-01-20T11:28:06.647+0000] {dag.py:3823} INFO - Setting next_dagrun for example_trigger_target_dag to None, run_after=None
[2025-01-20T11:28:06.697+0000] {processor.py:183} INFO - Processing /home/airflow/.local/lib/python3.8/site-packages/airflow/example_dags/example_trigger_target_dag.py took 0.131 seconds
[2025-01-20T11:28:37.003+0000] {processor.py:161} INFO - Started process (PID=1413) to work on /home/airflow/.local/lib/python3.8/site-packages/airflow/example_dags/example_trigger_target_dag.py
[2025-01-20T11:28:37.004+0000] {processor.py:830} INFO - Processing file /home/airflow/.local/lib/python3.8/site-packages/airflow/example_dags/example_trigger_target_dag.py for tasks to queue
[2025-01-20T11:28:37.008+0000] {logging_mixin.py:188} INFO - [2025-01-20T11:28:37.007+0000] {dagbag.py:538} INFO - Filling up the DagBag from /home/airflow/.local/lib/python3.8/site-packages/airflow/example_dags/example_trigger_target_dag.py
[2025-01-20T11:28:37.017+0000] {processor.py:840} INFO - DAG(s) 'example_trigger_target_dag' retrieved from /home/airflow/.local/lib/python3.8/site-packages/airflow/example_dags/example_trigger_target_dag.py
[2025-01-20T11:28:37.049+0000] {logging_mixin.py:188} INFO - [2025-01-20T11:28:37.049+0000] {dag.py:3036} INFO - Sync 1 DAGs
[2025-01-20T11:28:37.069+0000] {logging_mixin.py:188} INFO - [2025-01-20T11:28:37.069+0000] {dag.py:3823} INFO - Setting next_dagrun for example_trigger_target_dag to None, run_after=None
[2025-01-20T11:28:37.103+0000] {processor.py:183} INFO - Processing /home/airflow/.local/lib/python3.8/site-packages/airflow/example_dags/example_trigger_target_dag.py took 0.105 seconds
[2025-01-20T11:29:07.752+0000] {processor.py:161} INFO - Started process (PID=1468) to work on /home/airflow/.local/lib/python3.8/site-packages/airflow/example_dags/example_trigger_target_dag.py
[2025-01-20T11:29:07.754+0000] {processor.py:830} INFO - Processing file /home/airflow/.local/lib/python3.8/site-packages/airflow/example_dags/example_trigger_target_dag.py for tasks to queue
[2025-01-20T11:29:07.757+0000] {logging_mixin.py:188} INFO - [2025-01-20T11:29:07.757+0000] {dagbag.py:538} INFO - Filling up the DagBag from /home/airflow/.local/lib/python3.8/site-packages/airflow/example_dags/example_trigger_target_dag.py
[2025-01-20T11:29:07.770+0000] {processor.py:840} INFO - DAG(s) 'example_trigger_target_dag' retrieved from /home/airflow/.local/lib/python3.8/site-packages/airflow/example_dags/example_trigger_target_dag.py
[2025-01-20T11:29:07.808+0000] {logging_mixin.py:188} INFO - [2025-01-20T11:29:07.808+0000] {dag.py:3036} INFO - Sync 1 DAGs
[2025-01-20T11:29:07.831+0000] {logging_mixin.py:188} INFO - [2025-01-20T11:29:07.831+0000] {dag.py:3823} INFO - Setting next_dagrun for example_trigger_target_dag to None, run_after=None
[2025-01-20T11:29:07.868+0000] {processor.py:183} INFO - Processing /home/airflow/.local/lib/python3.8/site-packages/airflow/example_dags/example_trigger_target_dag.py took 0.121 seconds
[2025-01-20T11:29:38.605+0000] {processor.py:161} INFO - Started process (PID=1524) to work on /home/airflow/.local/lib/python3.8/site-packages/airflow/example_dags/example_trigger_target_dag.py
[2025-01-20T11:29:38.607+0000] {processor.py:830} INFO - Processing file /home/airflow/.local/lib/python3.8/site-packages/airflow/example_dags/example_trigger_target_dag.py for tasks to queue
[2025-01-20T11:29:38.611+0000] {logging_mixin.py:188} INFO - [2025-01-20T11:29:38.611+0000] {dagbag.py:538} INFO - Filling up the DagBag from /home/airflow/.local/lib/python3.8/site-packages/airflow/example_dags/example_trigger_target_dag.py
[2025-01-20T11:29:38.624+0000] {processor.py:840} INFO - DAG(s) 'example_trigger_target_dag' retrieved from /home/airflow/.local/lib/python3.8/site-packages/airflow/example_dags/example_trigger_target_dag.py
[2025-01-20T11:29:38.672+0000] {logging_mixin.py:188} INFO - [2025-01-20T11:29:38.672+0000] {dag.py:3036} INFO - Sync 1 DAGs
[2025-01-20T11:29:38.710+0000] {logging_mixin.py:188} INFO - [2025-01-20T11:29:38.709+0000] {dag.py:3823} INFO - Setting next_dagrun for example_trigger_target_dag to None, run_after=None
[2025-01-20T11:29:38.759+0000] {processor.py:183} INFO - Processing /home/airflow/.local/lib/python3.8/site-packages/airflow/example_dags/example_trigger_target_dag.py took 0.163 seconds
[2025-01-20T11:30:09.533+0000] {processor.py:161} INFO - Started process (PID=1578) to work on /home/airflow/.local/lib/python3.8/site-packages/airflow/example_dags/example_trigger_target_dag.py
[2025-01-20T11:30:09.535+0000] {processor.py:830} INFO - Processing file /home/airflow/.local/lib/python3.8/site-packages/airflow/example_dags/example_trigger_target_dag.py for tasks to queue
[2025-01-20T11:30:09.538+0000] {logging_mixin.py:188} INFO - [2025-01-20T11:30:09.538+0000] {dagbag.py:538} INFO - Filling up the DagBag from /home/airflow/.local/lib/python3.8/site-packages/airflow/example_dags/example_trigger_target_dag.py
[2025-01-20T11:30:09.549+0000] {processor.py:840} INFO - DAG(s) 'example_trigger_target_dag' retrieved from /home/airflow/.local/lib/python3.8/site-packages/airflow/example_dags/example_trigger_target_dag.py
[2025-01-20T11:30:09.587+0000] {logging_mixin.py:188} INFO - [2025-01-20T11:30:09.587+0000] {dag.py:3036} INFO - Sync 1 DAGs
[2025-01-20T11:30:09.618+0000] {logging_mixin.py:188} INFO - [2025-01-20T11:30:09.617+0000] {dag.py:3823} INFO - Setting next_dagrun for example_trigger_target_dag to None, run_after=None
[2025-01-20T11:30:09.662+0000] {processor.py:183} INFO - Processing /home/airflow/.local/lib/python3.8/site-packages/airflow/example_dags/example_trigger_target_dag.py took 0.136 seconds
[2025-01-20T11:30:39.850+0000] {processor.py:161} INFO - Started process (PID=1633) to work on /home/airflow/.local/lib/python3.8/site-packages/airflow/example_dags/example_trigger_target_dag.py
[2025-01-20T11:30:39.853+0000] {processor.py:830} INFO - Processing file /home/airflow/.local/lib/python3.8/site-packages/airflow/example_dags/example_trigger_target_dag.py for tasks to queue
[2025-01-20T11:30:39.858+0000] {logging_mixin.py:188} INFO - [2025-01-20T11:30:39.857+0000] {dagbag.py:538} INFO - Filling up the DagBag from /home/airflow/.local/lib/python3.8/site-packages/airflow/example_dags/example_trigger_target_dag.py
[2025-01-20T11:30:39.869+0000] {processor.py:840} INFO - DAG(s) 'example_trigger_target_dag' retrieved from /home/airflow/.local/lib/python3.8/site-packages/airflow/example_dags/example_trigger_target_dag.py
[2025-01-20T11:30:39.934+0000] {logging_mixin.py:188} INFO - [2025-01-20T11:30:39.933+0000] {dag.py:3036} INFO - Sync 1 DAGs
[2025-01-20T11:30:39.969+0000] {logging_mixin.py:188} INFO - [2025-01-20T11:30:39.968+0000] {dag.py:3823} INFO - Setting next_dagrun for example_trigger_target_dag to None, run_after=None
[2025-01-20T11:30:40.022+0000] {processor.py:183} INFO - Processing /home/airflow/.local/lib/python3.8/site-packages/airflow/example_dags/example_trigger_target_dag.py took 0.181 seconds
[2025-01-20T11:31:10.211+0000] {processor.py:161} INFO - Started process (PID=1687) to work on /home/airflow/.local/lib/python3.8/site-packages/airflow/example_dags/example_trigger_target_dag.py
[2025-01-20T11:31:10.214+0000] {processor.py:830} INFO - Processing file /home/airflow/.local/lib/python3.8/site-packages/airflow/example_dags/example_trigger_target_dag.py for tasks to queue
[2025-01-20T11:31:10.217+0000] {logging_mixin.py:188} INFO - [2025-01-20T11:31:10.217+0000] {dagbag.py:538} INFO - Filling up the DagBag from /home/airflow/.local/lib/python3.8/site-packages/airflow/example_dags/example_trigger_target_dag.py
[2025-01-20T11:31:10.229+0000] {processor.py:840} INFO - DAG(s) 'example_trigger_target_dag' retrieved from /home/airflow/.local/lib/python3.8/site-packages/airflow/example_dags/example_trigger_target_dag.py
[2025-01-20T11:31:10.265+0000] {logging_mixin.py:188} INFO - [2025-01-20T11:31:10.264+0000] {dag.py:3036} INFO - Sync 1 DAGs
[2025-01-20T11:31:10.288+0000] {logging_mixin.py:188} INFO - [2025-01-20T11:31:10.288+0000] {dag.py:3823} INFO - Setting next_dagrun for example_trigger_target_dag to None, run_after=None
[2025-01-20T11:31:10.323+0000] {processor.py:183} INFO - Processing /home/airflow/.local/lib/python3.8/site-packages/airflow/example_dags/example_trigger_target_dag.py took 0.118 seconds
[2025-01-20T11:31:40.664+0000] {processor.py:161} INFO - Started process (PID=1741) to work on /home/airflow/.local/lib/python3.8/site-packages/airflow/example_dags/example_trigger_target_dag.py
[2025-01-20T11:31:40.666+0000] {processor.py:830} INFO - Processing file /home/airflow/.local/lib/python3.8/site-packages/airflow/example_dags/example_trigger_target_dag.py for tasks to queue
[2025-01-20T11:31:40.670+0000] {logging_mixin.py:188} INFO - [2025-01-20T11:31:40.670+0000] {dagbag.py:538} INFO - Filling up the DagBag from /home/airflow/.local/lib/python3.8/site-packages/airflow/example_dags/example_trigger_target_dag.py
[2025-01-20T11:31:40.683+0000] {processor.py:840} INFO - DAG(s) 'example_trigger_target_dag' retrieved from /home/airflow/.local/lib/python3.8/site-packages/airflow/example_dags/example_trigger_target_dag.py
[2025-01-20T11:31:40.718+0000] {logging_mixin.py:188} INFO - [2025-01-20T11:31:40.717+0000] {dag.py:3036} INFO - Sync 1 DAGs
[2025-01-20T11:31:40.739+0000] {logging_mixin.py:188} INFO - [2025-01-20T11:31:40.738+0000] {dag.py:3823} INFO - Setting next_dagrun for example_trigger_target_dag to None, run_after=None
[2025-01-20T11:31:40.771+0000] {processor.py:183} INFO - Processing /home/airflow/.local/lib/python3.8/site-packages/airflow/example_dags/example_trigger_target_dag.py took 0.113 seconds
[2025-01-20T11:32:11.482+0000] {processor.py:161} INFO - Started process (PID=1796) to work on /home/airflow/.local/lib/python3.8/site-packages/airflow/example_dags/example_trigger_target_dag.py
[2025-01-20T11:32:11.484+0000] {processor.py:830} INFO - Processing file /home/airflow/.local/lib/python3.8/site-packages/airflow/example_dags/example_trigger_target_dag.py for tasks to queue
[2025-01-20T11:32:11.488+0000] {logging_mixin.py:188} INFO - [2025-01-20T11:32:11.488+0000] {dagbag.py:538} INFO - Filling up the DagBag from /home/airflow/.local/lib/python3.8/site-packages/airflow/example_dags/example_trigger_target_dag.py
[2025-01-20T11:32:11.500+0000] {processor.py:840} INFO - DAG(s) 'example_trigger_target_dag' retrieved from /home/airflow/.local/lib/python3.8/site-packages/airflow/example_dags/example_trigger_target_dag.py
[2025-01-20T11:32:11.537+0000] {logging_mixin.py:188} INFO - [2025-01-20T11:32:11.536+0000] {dag.py:3036} INFO - Sync 1 DAGs
[2025-01-20T11:32:11.558+0000] {logging_mixin.py:188} INFO - [2025-01-20T11:32:11.558+0000] {dag.py:3823} INFO - Setting next_dagrun for example_trigger_target_dag to None, run_after=None
[2025-01-20T11:32:11.599+0000] {processor.py:183} INFO - Processing /home/airflow/.local/lib/python3.8/site-packages/airflow/example_dags/example_trigger_target_dag.py took 0.123 seconds
[2025-01-20T11:32:41.895+0000] {processor.py:161} INFO - Started process (PID=1851) to work on /home/airflow/.local/lib/python3.8/site-packages/airflow/example_dags/example_trigger_target_dag.py
[2025-01-20T11:32:41.898+0000] {processor.py:830} INFO - Processing file /home/airflow/.local/lib/python3.8/site-packages/airflow/example_dags/example_trigger_target_dag.py for tasks to queue
[2025-01-20T11:32:41.903+0000] {logging_mixin.py:188} INFO - [2025-01-20T11:32:41.902+0000] {dagbag.py:538} INFO - Filling up the DagBag from /home/airflow/.local/lib/python3.8/site-packages/airflow/example_dags/example_trigger_target_dag.py
[2025-01-20T11:32:41.925+0000] {processor.py:840} INFO - DAG(s) 'example_trigger_target_dag' retrieved from /home/airflow/.local/lib/python3.8/site-packages/airflow/example_dags/example_trigger_target_dag.py
[2025-01-20T11:32:41.977+0000] {logging_mixin.py:188} INFO - [2025-01-20T11:32:41.977+0000] {dag.py:3036} INFO - Sync 1 DAGs
[2025-01-20T11:32:42.044+0000] {logging_mixin.py:188} INFO - [2025-01-20T11:32:42.044+0000] {dag.py:3823} INFO - Setting next_dagrun for example_trigger_target_dag to None, run_after=None
[2025-01-20T11:32:42.159+0000] {processor.py:183} INFO - Processing /home/airflow/.local/lib/python3.8/site-packages/airflow/example_dags/example_trigger_target_dag.py took 0.275 seconds
[2025-01-20T11:33:12.271+0000] {processor.py:161} INFO - Started process (PID=1906) to work on /home/airflow/.local/lib/python3.8/site-packages/airflow/example_dags/example_trigger_target_dag.py
[2025-01-20T11:33:12.273+0000] {processor.py:830} INFO - Processing file /home/airflow/.local/lib/python3.8/site-packages/airflow/example_dags/example_trigger_target_dag.py for tasks to queue
[2025-01-20T11:33:12.279+0000] {logging_mixin.py:188} INFO - [2025-01-20T11:33:12.278+0000] {dagbag.py:538} INFO - Filling up the DagBag from /home/airflow/.local/lib/python3.8/site-packages/airflow/example_dags/example_trigger_target_dag.py
[2025-01-20T11:33:12.299+0000] {processor.py:840} INFO - DAG(s) 'example_trigger_target_dag' retrieved from /home/airflow/.local/lib/python3.8/site-packages/airflow/example_dags/example_trigger_target_dag.py
[2025-01-20T11:33:12.358+0000] {logging_mixin.py:188} INFO - [2025-01-20T11:33:12.358+0000] {dag.py:3036} INFO - Sync 1 DAGs
[2025-01-20T11:33:12.400+0000] {logging_mixin.py:188} INFO - [2025-01-20T11:33:12.400+0000] {dag.py:3823} INFO - Setting next_dagrun for example_trigger_target_dag to None, run_after=None
[2025-01-20T11:33:12.476+0000] {processor.py:183} INFO - Processing /home/airflow/.local/lib/python3.8/site-packages/airflow/example_dags/example_trigger_target_dag.py took 0.216 seconds
[2025-01-20T11:33:42.751+0000] {processor.py:161} INFO - Started process (PID=1961) to work on /home/airflow/.local/lib/python3.8/site-packages/airflow/example_dags/example_trigger_target_dag.py
[2025-01-20T11:33:42.755+0000] {processor.py:830} INFO - Processing file /home/airflow/.local/lib/python3.8/site-packages/airflow/example_dags/example_trigger_target_dag.py for tasks to queue
[2025-01-20T11:33:42.768+0000] {logging_mixin.py:188} INFO - [2025-01-20T11:33:42.767+0000] {dagbag.py:538} INFO - Filling up the DagBag from /home/airflow/.local/lib/python3.8/site-packages/airflow/example_dags/example_trigger_target_dag.py
[2025-01-20T11:33:42.799+0000] {processor.py:840} INFO - DAG(s) 'example_trigger_target_dag' retrieved from /home/airflow/.local/lib/python3.8/site-packages/airflow/example_dags/example_trigger_target_dag.py
[2025-01-20T11:33:42.877+0000] {logging_mixin.py:188} INFO - [2025-01-20T11:33:42.877+0000] {dag.py:3036} INFO - Sync 1 DAGs
[2025-01-20T11:33:42.908+0000] {logging_mixin.py:188} INFO - [2025-01-20T11:33:42.907+0000] {dag.py:3823} INFO - Setting next_dagrun for example_trigger_target_dag to None, run_after=None
[2025-01-20T11:33:42.958+0000] {processor.py:183} INFO - Processing /home/airflow/.local/lib/python3.8/site-packages/airflow/example_dags/example_trigger_target_dag.py took 0.228 seconds
[2025-01-20T11:34:13.785+0000] {processor.py:161} INFO - Started process (PID=2016) to work on /home/airflow/.local/lib/python3.8/site-packages/airflow/example_dags/example_trigger_target_dag.py
[2025-01-20T11:34:13.787+0000] {processor.py:830} INFO - Processing file /home/airflow/.local/lib/python3.8/site-packages/airflow/example_dags/example_trigger_target_dag.py for tasks to queue
[2025-01-20T11:34:13.792+0000] {logging_mixin.py:188} INFO - [2025-01-20T11:34:13.791+0000] {dagbag.py:538} INFO - Filling up the DagBag from /home/airflow/.local/lib/python3.8/site-packages/airflow/example_dags/example_trigger_target_dag.py
[2025-01-20T11:34:13.803+0000] {processor.py:840} INFO - DAG(s) 'example_trigger_target_dag' retrieved from /home/airflow/.local/lib/python3.8/site-packages/airflow/example_dags/example_trigger_target_dag.py
[2025-01-20T11:34:13.838+0000] {logging_mixin.py:188} INFO - [2025-01-20T11:34:13.838+0000] {dag.py:3036} INFO - Sync 1 DAGs
[2025-01-20T11:34:13.863+0000] {logging_mixin.py:188} INFO - [2025-01-20T11:34:13.862+0000] {dag.py:3823} INFO - Setting next_dagrun for example_trigger_target_dag to None, run_after=None
[2025-01-20T11:34:13.898+0000] {processor.py:183} INFO - Processing /home/airflow/.local/lib/python3.8/site-packages/airflow/example_dags/example_trigger_target_dag.py took 0.118 seconds
[2025-01-20T11:34:44.638+0000] {processor.py:161} INFO - Started process (PID=2071) to work on /home/airflow/.local/lib/python3.8/site-packages/airflow/example_dags/example_trigger_target_dag.py
[2025-01-20T11:34:44.640+0000] {processor.py:830} INFO - Processing file /home/airflow/.local/lib/python3.8/site-packages/airflow/example_dags/example_trigger_target_dag.py for tasks to queue
[2025-01-20T11:34:44.644+0000] {logging_mixin.py:188} INFO - [2025-01-20T11:34:44.643+0000] {dagbag.py:538} INFO - Filling up the DagBag from /home/airflow/.local/lib/python3.8/site-packages/airflow/example_dags/example_trigger_target_dag.py
[2025-01-20T11:34:44.655+0000] {processor.py:840} INFO - DAG(s) 'example_trigger_target_dag' retrieved from /home/airflow/.local/lib/python3.8/site-packages/airflow/example_dags/example_trigger_target_dag.py
[2025-01-20T11:34:44.692+0000] {logging_mixin.py:188} INFO - [2025-01-20T11:34:44.692+0000] {dag.py:3036} INFO - Sync 1 DAGs
[2025-01-20T11:34:44.716+0000] {logging_mixin.py:188} INFO - [2025-01-20T11:34:44.715+0000] {dag.py:3823} INFO - Setting next_dagrun for example_trigger_target_dag to None, run_after=None
[2025-01-20T11:34:44.756+0000] {processor.py:183} INFO - Processing /home/airflow/.local/lib/python3.8/site-packages/airflow/example_dags/example_trigger_target_dag.py took 0.126 seconds
[2025-01-20T11:35:15.118+0000] {processor.py:161} INFO - Started process (PID=2126) to work on /home/airflow/.local/lib/python3.8/site-packages/airflow/example_dags/example_trigger_target_dag.py
[2025-01-20T11:35:15.121+0000] {processor.py:830} INFO - Processing file /home/airflow/.local/lib/python3.8/site-packages/airflow/example_dags/example_trigger_target_dag.py for tasks to queue
[2025-01-20T11:35:15.126+0000] {logging_mixin.py:188} INFO - [2025-01-20T11:35:15.125+0000] {dagbag.py:538} INFO - Filling up the DagBag from /home/airflow/.local/lib/python3.8/site-packages/airflow/example_dags/example_trigger_target_dag.py
[2025-01-20T11:35:15.138+0000] {processor.py:840} INFO - DAG(s) 'example_trigger_target_dag' retrieved from /home/airflow/.local/lib/python3.8/site-packages/airflow/example_dags/example_trigger_target_dag.py
[2025-01-20T11:35:15.195+0000] {logging_mixin.py:188} INFO - [2025-01-20T11:35:15.194+0000] {dag.py:3036} INFO - Sync 1 DAGs
[2025-01-20T11:35:15.238+0000] {logging_mixin.py:188} INFO - [2025-01-20T11:35:15.237+0000] {dag.py:3823} INFO - Setting next_dagrun for example_trigger_target_dag to None, run_after=None
[2025-01-20T11:35:15.290+0000] {processor.py:183} INFO - Processing /home/airflow/.local/lib/python3.8/site-packages/airflow/example_dags/example_trigger_target_dag.py took 0.180 seconds
[2025-01-20T11:35:45.828+0000] {processor.py:161} INFO - Started process (PID=2181) to work on /home/airflow/.local/lib/python3.8/site-packages/airflow/example_dags/example_trigger_target_dag.py
[2025-01-20T11:35:45.830+0000] {processor.py:830} INFO - Processing file /home/airflow/.local/lib/python3.8/site-packages/airflow/example_dags/example_trigger_target_dag.py for tasks to queue
[2025-01-20T11:35:45.834+0000] {logging_mixin.py:188} INFO - [2025-01-20T11:35:45.833+0000] {dagbag.py:538} INFO - Filling up the DagBag from /home/airflow/.local/lib/python3.8/site-packages/airflow/example_dags/example_trigger_target_dag.py
[2025-01-20T11:35:45.845+0000] {processor.py:840} INFO - DAG(s) 'example_trigger_target_dag' retrieved from /home/airflow/.local/lib/python3.8/site-packages/airflow/example_dags/example_trigger_target_dag.py
[2025-01-20T11:35:45.879+0000] {logging_mixin.py:188} INFO - [2025-01-20T11:35:45.878+0000] {dag.py:3036} INFO - Sync 1 DAGs
[2025-01-20T11:35:45.899+0000] {logging_mixin.py:188} INFO - [2025-01-20T11:35:45.899+0000] {dag.py:3823} INFO - Setting next_dagrun for example_trigger_target_dag to None, run_after=None
[2025-01-20T11:35:45.947+0000] {processor.py:183} INFO - Processing /home/airflow/.local/lib/python3.8/site-packages/airflow/example_dags/example_trigger_target_dag.py took 0.125 seconds
[2025-01-20T11:36:16.395+0000] {processor.py:161} INFO - Started process (PID=2236) to work on /home/airflow/.local/lib/python3.8/site-packages/airflow/example_dags/example_trigger_target_dag.py
[2025-01-20T11:36:16.397+0000] {processor.py:830} INFO - Processing file /home/airflow/.local/lib/python3.8/site-packages/airflow/example_dags/example_trigger_target_dag.py for tasks to queue
[2025-01-20T11:36:16.402+0000] {logging_mixin.py:188} INFO - [2025-01-20T11:36:16.401+0000] {dagbag.py:538} INFO - Filling up the DagBag from /home/airflow/.local/lib/python3.8/site-packages/airflow/example_dags/example_trigger_target_dag.py
[2025-01-20T11:36:16.418+0000] {processor.py:840} INFO - DAG(s) 'example_trigger_target_dag' retrieved from /home/airflow/.local/lib/python3.8/site-packages/airflow/example_dags/example_trigger_target_dag.py
[2025-01-20T11:36:16.464+0000] {logging_mixin.py:188} INFO - [2025-01-20T11:36:16.464+0000] {dag.py:3036} INFO - Sync 1 DAGs
[2025-01-20T11:36:16.490+0000] {logging_mixin.py:188} INFO - [2025-01-20T11:36:16.489+0000] {dag.py:3823} INFO - Setting next_dagrun for example_trigger_target_dag to None, run_after=None
[2025-01-20T11:36:16.528+0000] {processor.py:183} INFO - Processing /home/airflow/.local/lib/python3.8/site-packages/airflow/example_dags/example_trigger_target_dag.py took 0.142 seconds
[2025-01-20T11:36:46.829+0000] {processor.py:161} INFO - Started process (PID=2291) to work on /home/airflow/.local/lib/python3.8/site-packages/airflow/example_dags/example_trigger_target_dag.py
[2025-01-20T11:36:46.834+0000] {processor.py:830} INFO - Processing file /home/airflow/.local/lib/python3.8/site-packages/airflow/example_dags/example_trigger_target_dag.py for tasks to queue
[2025-01-20T11:36:46.844+0000] {logging_mixin.py:188} INFO - [2025-01-20T11:36:46.843+0000] {dagbag.py:538} INFO - Filling up the DagBag from /home/airflow/.local/lib/python3.8/site-packages/airflow/example_dags/example_trigger_target_dag.py
[2025-01-20T11:36:46.867+0000] {processor.py:840} INFO - DAG(s) 'example_trigger_target_dag' retrieved from /home/airflow/.local/lib/python3.8/site-packages/airflow/example_dags/example_trigger_target_dag.py
[2025-01-20T11:36:46.967+0000] {logging_mixin.py:188} INFO - [2025-01-20T11:36:46.966+0000] {dag.py:3036} INFO - Sync 1 DAGs
[2025-01-20T11:36:47.018+0000] {logging_mixin.py:188} INFO - [2025-01-20T11:36:47.017+0000] {dag.py:3823} INFO - Setting next_dagrun for example_trigger_target_dag to None, run_after=None
[2025-01-20T11:36:47.108+0000] {processor.py:183} INFO - Processing /home/airflow/.local/lib/python3.8/site-packages/airflow/example_dags/example_trigger_target_dag.py took 0.292 seconds
[2025-01-20T11:37:17.627+0000] {processor.py:161} INFO - Started process (PID=2346) to work on /home/airflow/.local/lib/python3.8/site-packages/airflow/example_dags/example_trigger_target_dag.py
[2025-01-20T11:37:17.630+0000] {processor.py:830} INFO - Processing file /home/airflow/.local/lib/python3.8/site-packages/airflow/example_dags/example_trigger_target_dag.py for tasks to queue
[2025-01-20T11:37:17.635+0000] {logging_mixin.py:188} INFO - [2025-01-20T11:37:17.634+0000] {dagbag.py:538} INFO - Filling up the DagBag from /home/airflow/.local/lib/python3.8/site-packages/airflow/example_dags/example_trigger_target_dag.py
[2025-01-20T11:37:17.648+0000] {processor.py:840} INFO - DAG(s) 'example_trigger_target_dag' retrieved from /home/airflow/.local/lib/python3.8/site-packages/airflow/example_dags/example_trigger_target_dag.py
[2025-01-20T11:37:17.688+0000] {logging_mixin.py:188} INFO - [2025-01-20T11:37:17.688+0000] {dag.py:3036} INFO - Sync 1 DAGs
[2025-01-20T11:37:17.717+0000] {logging_mixin.py:188} INFO - [2025-01-20T11:37:17.716+0000] {dag.py:3823} INFO - Setting next_dagrun for example_trigger_target_dag to None, run_after=None
[2025-01-20T11:37:17.759+0000] {processor.py:183} INFO - Processing /home/airflow/.local/lib/python3.8/site-packages/airflow/example_dags/example_trigger_target_dag.py took 0.141 seconds
