[2025-01-20T11:16:18.304+0000] {processor.py:161} INFO - Started process (PID=79) to work on /home/airflow/.local/lib/python3.8/site-packages/airflow/example_dags/example_skip_dag.py
[2025-01-20T11:16:18.306+0000] {processor.py:830} INFO - Processing file /home/airflow/.local/lib/python3.8/site-packages/airflow/example_dags/example_skip_dag.py for tasks to queue
[2025-01-20T11:16:18.309+0000] {logging_mixin.py:188} INFO - [2025-01-20T11:16:18.309+0000] {dagbag.py:538} INFO - Filling up the DagBag from /home/airflow/.local/lib/python3.8/site-packages/airflow/example_dags/example_skip_dag.py
[2025-01-20T11:16:18.330+0000] {processor.py:840} INFO - DAG(s) 'example_skip_dag' retrieved from /home/airflow/.local/lib/python3.8/site-packages/airflow/example_dags/example_skip_dag.py
[2025-01-20T11:16:18.595+0000] {logging_mixin.py:188} INFO - [2025-01-20T11:16:18.594+0000] {dag.py:3036} INFO - Sync 1 DAGs
[2025-01-20T11:16:18.647+0000] {logging_mixin.py:188} INFO - [2025-01-20T11:16:18.646+0000] {dag.py:3823} INFO - Setting next_dagrun for example_skip_dag to 2025-01-19 00:00:00+00:00, run_after=2025-01-20 00:00:00+00:00
[2025-01-20T11:16:18.767+0000] {processor.py:183} INFO - Processing /home/airflow/.local/lib/python3.8/site-packages/airflow/example_dags/example_skip_dag.py took 0.470 seconds
[2025-01-20T11:16:49.408+0000] {processor.py:161} INFO - Started process (PID=134) to work on /home/airflow/.local/lib/python3.8/site-packages/airflow/example_dags/example_skip_dag.py
[2025-01-20T11:16:49.437+0000] {processor.py:830} INFO - Processing file /home/airflow/.local/lib/python3.8/site-packages/airflow/example_dags/example_skip_dag.py for tasks to queue
[2025-01-20T11:16:49.440+0000] {logging_mixin.py:188} INFO - [2025-01-20T11:16:49.439+0000] {dagbag.py:538} INFO - Filling up the DagBag from /home/airflow/.local/lib/python3.8/site-packages/airflow/example_dags/example_skip_dag.py
[2025-01-20T11:16:49.449+0000] {processor.py:840} INFO - DAG(s) 'example_skip_dag' retrieved from /home/airflow/.local/lib/python3.8/site-packages/airflow/example_dags/example_skip_dag.py
[2025-01-20T11:16:49.481+0000] {logging_mixin.py:188} INFO - [2025-01-20T11:16:49.481+0000] {dag.py:3036} INFO - Sync 1 DAGs
[2025-01-20T11:16:49.519+0000] {logging_mixin.py:188} INFO - [2025-01-20T11:16:49.519+0000] {dag.py:3823} INFO - Setting next_dagrun for example_skip_dag to 2025-01-19 00:00:00+00:00, run_after=2025-01-20 00:00:00+00:00
[2025-01-20T11:16:49.841+0000] {processor.py:183} INFO - Processing /home/airflow/.local/lib/python3.8/site-packages/airflow/example_dags/example_skip_dag.py took 0.439 seconds
[2025-01-20T11:17:20.120+0000] {processor.py:161} INFO - Started process (PID=189) to work on /home/airflow/.local/lib/python3.8/site-packages/airflow/example_dags/example_skip_dag.py
[2025-01-20T11:17:20.121+0000] {processor.py:830} INFO - Processing file /home/airflow/.local/lib/python3.8/site-packages/airflow/example_dags/example_skip_dag.py for tasks to queue
[2025-01-20T11:17:20.124+0000] {logging_mixin.py:188} INFO - [2025-01-20T11:17:20.123+0000] {dagbag.py:538} INFO - Filling up the DagBag from /home/airflow/.local/lib/python3.8/site-packages/airflow/example_dags/example_skip_dag.py
[2025-01-20T11:17:20.133+0000] {processor.py:840} INFO - DAG(s) 'example_skip_dag' retrieved from /home/airflow/.local/lib/python3.8/site-packages/airflow/example_dags/example_skip_dag.py
[2025-01-20T11:17:20.168+0000] {logging_mixin.py:188} INFO - [2025-01-20T11:17:20.168+0000] {dag.py:3036} INFO - Sync 1 DAGs
[2025-01-20T11:17:20.208+0000] {logging_mixin.py:188} INFO - [2025-01-20T11:17:20.208+0000] {dag.py:3823} INFO - Setting next_dagrun for example_skip_dag to 2025-01-19 00:00:00+00:00, run_after=2025-01-20 00:00:00+00:00
[2025-01-20T11:17:20.238+0000] {processor.py:183} INFO - Processing /home/airflow/.local/lib/python3.8/site-packages/airflow/example_dags/example_skip_dag.py took 0.123 seconds
[2025-01-20T11:17:50.471+0000] {processor.py:161} INFO - Started process (PID=244) to work on /home/airflow/.local/lib/python3.8/site-packages/airflow/example_dags/example_skip_dag.py
[2025-01-20T11:17:50.473+0000] {processor.py:830} INFO - Processing file /home/airflow/.local/lib/python3.8/site-packages/airflow/example_dags/example_skip_dag.py for tasks to queue
[2025-01-20T11:17:50.475+0000] {logging_mixin.py:188} INFO - [2025-01-20T11:17:50.475+0000] {dagbag.py:538} INFO - Filling up the DagBag from /home/airflow/.local/lib/python3.8/site-packages/airflow/example_dags/example_skip_dag.py
[2025-01-20T11:17:50.485+0000] {processor.py:840} INFO - DAG(s) 'example_skip_dag' retrieved from /home/airflow/.local/lib/python3.8/site-packages/airflow/example_dags/example_skip_dag.py
[2025-01-20T11:17:50.519+0000] {logging_mixin.py:188} INFO - [2025-01-20T11:17:50.518+0000] {dag.py:3036} INFO - Sync 1 DAGs
[2025-01-20T11:17:50.559+0000] {logging_mixin.py:188} INFO - [2025-01-20T11:17:50.558+0000] {dag.py:3823} INFO - Setting next_dagrun for example_skip_dag to 2025-01-19 00:00:00+00:00, run_after=2025-01-20 00:00:00+00:00
[2025-01-20T11:17:50.595+0000] {processor.py:183} INFO - Processing /home/airflow/.local/lib/python3.8/site-packages/airflow/example_dags/example_skip_dag.py took 0.129 seconds
[2025-01-20T11:18:20.893+0000] {processor.py:161} INFO - Started process (PID=299) to work on /home/airflow/.local/lib/python3.8/site-packages/airflow/example_dags/example_skip_dag.py
[2025-01-20T11:18:20.896+0000] {processor.py:830} INFO - Processing file /home/airflow/.local/lib/python3.8/site-packages/airflow/example_dags/example_skip_dag.py for tasks to queue
[2025-01-20T11:18:20.900+0000] {logging_mixin.py:188} INFO - [2025-01-20T11:18:20.899+0000] {dagbag.py:538} INFO - Filling up the DagBag from /home/airflow/.local/lib/python3.8/site-packages/airflow/example_dags/example_skip_dag.py
[2025-01-20T11:18:20.920+0000] {processor.py:840} INFO - DAG(s) 'example_skip_dag' retrieved from /home/airflow/.local/lib/python3.8/site-packages/airflow/example_dags/example_skip_dag.py
[2025-01-20T11:18:20.965+0000] {logging_mixin.py:188} INFO - [2025-01-20T11:18:20.964+0000] {dag.py:3036} INFO - Sync 1 DAGs
[2025-01-20T11:18:21.011+0000] {logging_mixin.py:188} INFO - [2025-01-20T11:18:21.010+0000] {dag.py:3823} INFO - Setting next_dagrun for example_skip_dag to 2025-01-19 00:00:00+00:00, run_after=2025-01-20 00:00:00+00:00
[2025-01-20T11:18:21.056+0000] {processor.py:183} INFO - Processing /home/airflow/.local/lib/python3.8/site-packages/airflow/example_dags/example_skip_dag.py took 0.171 seconds
[2025-01-20T11:18:51.286+0000] {processor.py:161} INFO - Started process (PID=354) to work on /home/airflow/.local/lib/python3.8/site-packages/airflow/example_dags/example_skip_dag.py
[2025-01-20T11:18:51.289+0000] {processor.py:830} INFO - Processing file /home/airflow/.local/lib/python3.8/site-packages/airflow/example_dags/example_skip_dag.py for tasks to queue
[2025-01-20T11:18:51.305+0000] {logging_mixin.py:188} INFO - [2025-01-20T11:18:51.295+0000] {dagbag.py:538} INFO - Filling up the DagBag from /home/airflow/.local/lib/python3.8/site-packages/airflow/example_dags/example_skip_dag.py
[2025-01-20T11:18:51.338+0000] {processor.py:840} INFO - DAG(s) 'example_skip_dag' retrieved from /home/airflow/.local/lib/python3.8/site-packages/airflow/example_dags/example_skip_dag.py
[2025-01-20T11:18:51.416+0000] {logging_mixin.py:188} INFO - [2025-01-20T11:18:51.415+0000] {dag.py:3036} INFO - Sync 1 DAGs
[2025-01-20T11:18:51.501+0000] {logging_mixin.py:188} INFO - [2025-01-20T11:18:51.500+0000] {dag.py:3823} INFO - Setting next_dagrun for example_skip_dag to 2025-01-19 00:00:00+00:00, run_after=2025-01-20 00:00:00+00:00
[2025-01-20T11:18:51.559+0000] {processor.py:183} INFO - Processing /home/airflow/.local/lib/python3.8/site-packages/airflow/example_dags/example_skip_dag.py took 0.285 seconds
[2025-01-20T11:19:21.993+0000] {processor.py:161} INFO - Started process (PID=409) to work on /home/airflow/.local/lib/python3.8/site-packages/airflow/example_dags/example_skip_dag.py
[2025-01-20T11:19:21.995+0000] {processor.py:830} INFO - Processing file /home/airflow/.local/lib/python3.8/site-packages/airflow/example_dags/example_skip_dag.py for tasks to queue
[2025-01-20T11:19:21.998+0000] {logging_mixin.py:188} INFO - [2025-01-20T11:19:21.997+0000] {dagbag.py:538} INFO - Filling up the DagBag from /home/airflow/.local/lib/python3.8/site-packages/airflow/example_dags/example_skip_dag.py
[2025-01-20T11:19:22.009+0000] {processor.py:840} INFO - DAG(s) 'example_skip_dag' retrieved from /home/airflow/.local/lib/python3.8/site-packages/airflow/example_dags/example_skip_dag.py
[2025-01-20T11:19:22.043+0000] {logging_mixin.py:188} INFO - [2025-01-20T11:19:22.043+0000] {dag.py:3036} INFO - Sync 1 DAGs
[2025-01-20T11:19:22.074+0000] {logging_mixin.py:188} INFO - [2025-01-20T11:19:22.074+0000] {dag.py:3823} INFO - Setting next_dagrun for example_skip_dag to 2025-01-19 00:00:00+00:00, run_after=2025-01-20 00:00:00+00:00
[2025-01-20T11:19:22.102+0000] {processor.py:183} INFO - Processing /home/airflow/.local/lib/python3.8/site-packages/airflow/example_dags/example_skip_dag.py took 0.113 seconds
[2025-01-20T11:19:52.974+0000] {processor.py:161} INFO - Started process (PID=464) to work on /home/airflow/.local/lib/python3.8/site-packages/airflow/example_dags/example_skip_dag.py
[2025-01-20T11:19:52.975+0000] {processor.py:830} INFO - Processing file /home/airflow/.local/lib/python3.8/site-packages/airflow/example_dags/example_skip_dag.py for tasks to queue
[2025-01-20T11:19:52.978+0000] {logging_mixin.py:188} INFO - [2025-01-20T11:19:52.977+0000] {dagbag.py:538} INFO - Filling up the DagBag from /home/airflow/.local/lib/python3.8/site-packages/airflow/example_dags/example_skip_dag.py
[2025-01-20T11:19:52.987+0000] {processor.py:840} INFO - DAG(s) 'example_skip_dag' retrieved from /home/airflow/.local/lib/python3.8/site-packages/airflow/example_dags/example_skip_dag.py
[2025-01-20T11:19:53.019+0000] {logging_mixin.py:188} INFO - [2025-01-20T11:19:53.019+0000] {dag.py:3036} INFO - Sync 1 DAGs
[2025-01-20T11:19:53.050+0000] {logging_mixin.py:188} INFO - [2025-01-20T11:19:53.050+0000] {dag.py:3823} INFO - Setting next_dagrun for example_skip_dag to 2025-01-19 00:00:00+00:00, run_after=2025-01-20 00:00:00+00:00
[2025-01-20T11:19:53.081+0000] {processor.py:183} INFO - Processing /home/airflow/.local/lib/python3.8/site-packages/airflow/example_dags/example_skip_dag.py took 0.111 seconds
[2025-01-20T11:20:23.166+0000] {processor.py:161} INFO - Started process (PID=519) to work on /home/airflow/.local/lib/python3.8/site-packages/airflow/example_dags/example_skip_dag.py
[2025-01-20T11:20:23.168+0000] {processor.py:830} INFO - Processing file /home/airflow/.local/lib/python3.8/site-packages/airflow/example_dags/example_skip_dag.py for tasks to queue
[2025-01-20T11:20:23.171+0000] {logging_mixin.py:188} INFO - [2025-01-20T11:20:23.171+0000] {dagbag.py:538} INFO - Filling up the DagBag from /home/airflow/.local/lib/python3.8/site-packages/airflow/example_dags/example_skip_dag.py
[2025-01-20T11:20:23.181+0000] {processor.py:840} INFO - DAG(s) 'example_skip_dag' retrieved from /home/airflow/.local/lib/python3.8/site-packages/airflow/example_dags/example_skip_dag.py
[2025-01-20T11:20:23.217+0000] {logging_mixin.py:188} INFO - [2025-01-20T11:20:23.216+0000] {dag.py:3036} INFO - Sync 1 DAGs
[2025-01-20T11:20:23.275+0000] {logging_mixin.py:188} INFO - [2025-01-20T11:20:23.275+0000] {dag.py:3823} INFO - Setting next_dagrun for example_skip_dag to 2025-01-19 00:00:00+00:00, run_after=2025-01-20 00:00:00+00:00
[2025-01-20T11:20:23.329+0000] {processor.py:183} INFO - Processing /home/airflow/.local/lib/python3.8/site-packages/airflow/example_dags/example_skip_dag.py took 0.168 seconds
[2025-01-20T11:20:53.851+0000] {processor.py:161} INFO - Started process (PID=574) to work on /home/airflow/.local/lib/python3.8/site-packages/airflow/example_dags/example_skip_dag.py
[2025-01-20T11:20:53.853+0000] {processor.py:830} INFO - Processing file /home/airflow/.local/lib/python3.8/site-packages/airflow/example_dags/example_skip_dag.py for tasks to queue
[2025-01-20T11:20:53.856+0000] {logging_mixin.py:188} INFO - [2025-01-20T11:20:53.856+0000] {dagbag.py:538} INFO - Filling up the DagBag from /home/airflow/.local/lib/python3.8/site-packages/airflow/example_dags/example_skip_dag.py
[2025-01-20T11:20:53.868+0000] {processor.py:840} INFO - DAG(s) 'example_skip_dag' retrieved from /home/airflow/.local/lib/python3.8/site-packages/airflow/example_dags/example_skip_dag.py
[2025-01-20T11:20:53.901+0000] {logging_mixin.py:188} INFO - [2025-01-20T11:20:53.900+0000] {dag.py:3036} INFO - Sync 1 DAGs
[2025-01-20T11:20:53.935+0000] {logging_mixin.py:188} INFO - [2025-01-20T11:20:53.935+0000] {dag.py:3823} INFO - Setting next_dagrun for example_skip_dag to 2025-01-19 00:00:00+00:00, run_after=2025-01-20 00:00:00+00:00
[2025-01-20T11:20:53.965+0000] {processor.py:183} INFO - Processing /home/airflow/.local/lib/python3.8/site-packages/airflow/example_dags/example_skip_dag.py took 0.121 seconds
[2025-01-20T11:21:24.195+0000] {processor.py:161} INFO - Started process (PID=629) to work on /home/airflow/.local/lib/python3.8/site-packages/airflow/example_dags/example_skip_dag.py
[2025-01-20T11:21:24.197+0000] {processor.py:830} INFO - Processing file /home/airflow/.local/lib/python3.8/site-packages/airflow/example_dags/example_skip_dag.py for tasks to queue
[2025-01-20T11:21:24.200+0000] {logging_mixin.py:188} INFO - [2025-01-20T11:21:24.200+0000] {dagbag.py:538} INFO - Filling up the DagBag from /home/airflow/.local/lib/python3.8/site-packages/airflow/example_dags/example_skip_dag.py
[2025-01-20T11:21:24.216+0000] {processor.py:840} INFO - DAG(s) 'example_skip_dag' retrieved from /home/airflow/.local/lib/python3.8/site-packages/airflow/example_dags/example_skip_dag.py
[2025-01-20T11:21:24.267+0000] {logging_mixin.py:188} INFO - [2025-01-20T11:21:24.267+0000] {dag.py:3036} INFO - Sync 1 DAGs
[2025-01-20T11:21:24.331+0000] {logging_mixin.py:188} INFO - [2025-01-20T11:21:24.330+0000] {dag.py:3823} INFO - Setting next_dagrun for example_skip_dag to 2025-01-19 00:00:00+00:00, run_after=2025-01-20 00:00:00+00:00
[2025-01-20T11:21:24.409+0000] {processor.py:183} INFO - Processing /home/airflow/.local/lib/python3.8/site-packages/airflow/example_dags/example_skip_dag.py took 0.223 seconds
[2025-01-20T11:21:54.766+0000] {processor.py:161} INFO - Started process (PID=684) to work on /home/airflow/.local/lib/python3.8/site-packages/airflow/example_dags/example_skip_dag.py
[2025-01-20T11:21:54.769+0000] {processor.py:830} INFO - Processing file /home/airflow/.local/lib/python3.8/site-packages/airflow/example_dags/example_skip_dag.py for tasks to queue
[2025-01-20T11:21:54.774+0000] {logging_mixin.py:188} INFO - [2025-01-20T11:21:54.773+0000] {dagbag.py:538} INFO - Filling up the DagBag from /home/airflow/.local/lib/python3.8/site-packages/airflow/example_dags/example_skip_dag.py
[2025-01-20T11:21:54.812+0000] {processor.py:840} INFO - DAG(s) 'example_skip_dag' retrieved from /home/airflow/.local/lib/python3.8/site-packages/airflow/example_dags/example_skip_dag.py
[2025-01-20T11:21:54.876+0000] {logging_mixin.py:188} INFO - [2025-01-20T11:21:54.876+0000] {dag.py:3036} INFO - Sync 1 DAGs
[2025-01-20T11:21:54.926+0000] {logging_mixin.py:188} INFO - [2025-01-20T11:21:54.926+0000] {dag.py:3823} INFO - Setting next_dagrun for example_skip_dag to 2025-01-19 00:00:00+00:00, run_after=2025-01-20 00:00:00+00:00
[2025-01-20T11:21:54.969+0000] {processor.py:183} INFO - Processing /home/airflow/.local/lib/python3.8/site-packages/airflow/example_dags/example_skip_dag.py took 0.213 seconds
[2025-01-20T11:22:25.187+0000] {processor.py:161} INFO - Started process (PID=739) to work on /home/airflow/.local/lib/python3.8/site-packages/airflow/example_dags/example_skip_dag.py
[2025-01-20T11:22:25.190+0000] {processor.py:830} INFO - Processing file /home/airflow/.local/lib/python3.8/site-packages/airflow/example_dags/example_skip_dag.py for tasks to queue
[2025-01-20T11:22:25.195+0000] {logging_mixin.py:188} INFO - [2025-01-20T11:22:25.194+0000] {dagbag.py:538} INFO - Filling up the DagBag from /home/airflow/.local/lib/python3.8/site-packages/airflow/example_dags/example_skip_dag.py
[2025-01-20T11:22:25.212+0000] {processor.py:840} INFO - DAG(s) 'example_skip_dag' retrieved from /home/airflow/.local/lib/python3.8/site-packages/airflow/example_dags/example_skip_dag.py
[2025-01-20T11:22:25.276+0000] {logging_mixin.py:188} INFO - [2025-01-20T11:22:25.275+0000] {dag.py:3036} INFO - Sync 1 DAGs
[2025-01-20T11:22:25.329+0000] {logging_mixin.py:188} INFO - [2025-01-20T11:22:25.329+0000] {dag.py:3823} INFO - Setting next_dagrun for example_skip_dag to 2025-01-19 00:00:00+00:00, run_after=2025-01-20 00:00:00+00:00
[2025-01-20T11:22:25.371+0000] {processor.py:183} INFO - Processing /home/airflow/.local/lib/python3.8/site-packages/airflow/example_dags/example_skip_dag.py took 0.192 seconds
[2025-01-20T11:22:56.008+0000] {processor.py:161} INFO - Started process (PID=795) to work on /home/airflow/.local/lib/python3.8/site-packages/airflow/example_dags/example_skip_dag.py
[2025-01-20T11:22:56.010+0000] {processor.py:830} INFO - Processing file /home/airflow/.local/lib/python3.8/site-packages/airflow/example_dags/example_skip_dag.py for tasks to queue
[2025-01-20T11:22:56.014+0000] {logging_mixin.py:188} INFO - [2025-01-20T11:22:56.014+0000] {dagbag.py:538} INFO - Filling up the DagBag from /home/airflow/.local/lib/python3.8/site-packages/airflow/example_dags/example_skip_dag.py
[2025-01-20T11:22:56.029+0000] {processor.py:840} INFO - DAG(s) 'example_skip_dag' retrieved from /home/airflow/.local/lib/python3.8/site-packages/airflow/example_dags/example_skip_dag.py
[2025-01-20T11:22:56.073+0000] {logging_mixin.py:188} INFO - [2025-01-20T11:22:56.072+0000] {dag.py:3036} INFO - Sync 1 DAGs
[2025-01-20T11:22:56.116+0000] {logging_mixin.py:188} INFO - [2025-01-20T11:22:56.115+0000] {dag.py:3823} INFO - Setting next_dagrun for example_skip_dag to 2025-01-19 00:00:00+00:00, run_after=2025-01-20 00:00:00+00:00
[2025-01-20T11:22:56.151+0000] {processor.py:183} INFO - Processing /home/airflow/.local/lib/python3.8/site-packages/airflow/example_dags/example_skip_dag.py took 0.151 seconds
[2025-01-20T11:23:26.319+0000] {processor.py:161} INFO - Started process (PID=850) to work on /home/airflow/.local/lib/python3.8/site-packages/airflow/example_dags/example_skip_dag.py
[2025-01-20T11:23:26.322+0000] {processor.py:830} INFO - Processing file /home/airflow/.local/lib/python3.8/site-packages/airflow/example_dags/example_skip_dag.py for tasks to queue
[2025-01-20T11:23:26.326+0000] {logging_mixin.py:188} INFO - [2025-01-20T11:23:26.325+0000] {dagbag.py:538} INFO - Filling up the DagBag from /home/airflow/.local/lib/python3.8/site-packages/airflow/example_dags/example_skip_dag.py
[2025-01-20T11:23:26.344+0000] {processor.py:840} INFO - DAG(s) 'example_skip_dag' retrieved from /home/airflow/.local/lib/python3.8/site-packages/airflow/example_dags/example_skip_dag.py
[2025-01-20T11:23:26.390+0000] {logging_mixin.py:188} INFO - [2025-01-20T11:23:26.390+0000] {dag.py:3036} INFO - Sync 1 DAGs
[2025-01-20T11:23:26.465+0000] {logging_mixin.py:188} INFO - [2025-01-20T11:23:26.464+0000] {dag.py:3823} INFO - Setting next_dagrun for example_skip_dag to 2025-01-19 00:00:00+00:00, run_after=2025-01-20 00:00:00+00:00
[2025-01-20T11:23:26.520+0000] {processor.py:183} INFO - Processing /home/airflow/.local/lib/python3.8/site-packages/airflow/example_dags/example_skip_dag.py took 0.207 seconds
[2025-01-20T11:23:56.874+0000] {processor.py:161} INFO - Started process (PID=905) to work on /home/airflow/.local/lib/python3.8/site-packages/airflow/example_dags/example_skip_dag.py
[2025-01-20T11:23:56.876+0000] {processor.py:830} INFO - Processing file /home/airflow/.local/lib/python3.8/site-packages/airflow/example_dags/example_skip_dag.py for tasks to queue
[2025-01-20T11:23:56.879+0000] {logging_mixin.py:188} INFO - [2025-01-20T11:23:56.879+0000] {dagbag.py:538} INFO - Filling up the DagBag from /home/airflow/.local/lib/python3.8/site-packages/airflow/example_dags/example_skip_dag.py
[2025-01-20T11:23:56.892+0000] {processor.py:840} INFO - DAG(s) 'example_skip_dag' retrieved from /home/airflow/.local/lib/python3.8/site-packages/airflow/example_dags/example_skip_dag.py
[2025-01-20T11:23:56.935+0000] {logging_mixin.py:188} INFO - [2025-01-20T11:23:56.935+0000] {dag.py:3036} INFO - Sync 1 DAGs
[2025-01-20T11:23:56.986+0000] {logging_mixin.py:188} INFO - [2025-01-20T11:23:56.985+0000] {dag.py:3823} INFO - Setting next_dagrun for example_skip_dag to 2025-01-19 00:00:00+00:00, run_after=2025-01-20 00:00:00+00:00
[2025-01-20T11:23:57.053+0000] {processor.py:183} INFO - Processing /home/airflow/.local/lib/python3.8/site-packages/airflow/example_dags/example_skip_dag.py took 0.186 seconds
[2025-01-20T11:24:27.775+0000] {processor.py:161} INFO - Started process (PID=959) to work on /home/airflow/.local/lib/python3.8/site-packages/airflow/example_dags/example_skip_dag.py
[2025-01-20T11:24:27.777+0000] {processor.py:830} INFO - Processing file /home/airflow/.local/lib/python3.8/site-packages/airflow/example_dags/example_skip_dag.py for tasks to queue
[2025-01-20T11:24:27.780+0000] {logging_mixin.py:188} INFO - [2025-01-20T11:24:27.779+0000] {dagbag.py:538} INFO - Filling up the DagBag from /home/airflow/.local/lib/python3.8/site-packages/airflow/example_dags/example_skip_dag.py
[2025-01-20T11:24:27.800+0000] {processor.py:840} INFO - DAG(s) 'example_skip_dag' retrieved from /home/airflow/.local/lib/python3.8/site-packages/airflow/example_dags/example_skip_dag.py
[2025-01-20T11:24:27.859+0000] {logging_mixin.py:188} INFO - [2025-01-20T11:24:27.859+0000] {dag.py:3036} INFO - Sync 1 DAGs
[2025-01-20T11:24:27.901+0000] {logging_mixin.py:188} INFO - [2025-01-20T11:24:27.900+0000] {dag.py:3823} INFO - Setting next_dagrun for example_skip_dag to 2025-01-19 00:00:00+00:00, run_after=2025-01-20 00:00:00+00:00
[2025-01-20T11:24:27.952+0000] {processor.py:183} INFO - Processing /home/airflow/.local/lib/python3.8/site-packages/airflow/example_dags/example_skip_dag.py took 0.183 seconds
[2025-01-20T11:24:58.214+0000] {processor.py:161} INFO - Started process (PID=1014) to work on /home/airflow/.local/lib/python3.8/site-packages/airflow/example_dags/example_skip_dag.py
[2025-01-20T11:24:58.215+0000] {processor.py:830} INFO - Processing file /home/airflow/.local/lib/python3.8/site-packages/airflow/example_dags/example_skip_dag.py for tasks to queue
[2025-01-20T11:24:58.218+0000] {logging_mixin.py:188} INFO - [2025-01-20T11:24:58.218+0000] {dagbag.py:538} INFO - Filling up the DagBag from /home/airflow/.local/lib/python3.8/site-packages/airflow/example_dags/example_skip_dag.py
[2025-01-20T11:24:58.228+0000] {processor.py:840} INFO - DAG(s) 'example_skip_dag' retrieved from /home/airflow/.local/lib/python3.8/site-packages/airflow/example_dags/example_skip_dag.py
[2025-01-20T11:24:58.262+0000] {logging_mixin.py:188} INFO - [2025-01-20T11:24:58.261+0000] {dag.py:3036} INFO - Sync 1 DAGs
[2025-01-20T11:24:58.303+0000] {logging_mixin.py:188} INFO - [2025-01-20T11:24:58.303+0000] {dag.py:3823} INFO - Setting next_dagrun for example_skip_dag to 2025-01-19 00:00:00+00:00, run_after=2025-01-20 00:00:00+00:00
[2025-01-20T11:24:58.335+0000] {processor.py:183} INFO - Processing /home/airflow/.local/lib/python3.8/site-packages/airflow/example_dags/example_skip_dag.py took 0.126 seconds
[2025-01-20T11:25:29.303+0000] {processor.py:161} INFO - Started process (PID=1069) to work on /home/airflow/.local/lib/python3.8/site-packages/airflow/example_dags/example_skip_dag.py
[2025-01-20T11:25:29.305+0000] {processor.py:830} INFO - Processing file /home/airflow/.local/lib/python3.8/site-packages/airflow/example_dags/example_skip_dag.py for tasks to queue
[2025-01-20T11:25:29.309+0000] {logging_mixin.py:188} INFO - [2025-01-20T11:25:29.309+0000] {dagbag.py:538} INFO - Filling up the DagBag from /home/airflow/.local/lib/python3.8/site-packages/airflow/example_dags/example_skip_dag.py
[2025-01-20T11:25:29.323+0000] {processor.py:840} INFO - DAG(s) 'example_skip_dag' retrieved from /home/airflow/.local/lib/python3.8/site-packages/airflow/example_dags/example_skip_dag.py
[2025-01-20T11:25:29.380+0000] {logging_mixin.py:188} INFO - [2025-01-20T11:25:29.379+0000] {dag.py:3036} INFO - Sync 1 DAGs
[2025-01-20T11:25:29.421+0000] {logging_mixin.py:188} INFO - [2025-01-20T11:25:29.421+0000] {dag.py:3823} INFO - Setting next_dagrun for example_skip_dag to 2025-01-19 00:00:00+00:00, run_after=2025-01-20 00:00:00+00:00
[2025-01-20T11:25:29.464+0000] {processor.py:183} INFO - Processing /home/airflow/.local/lib/python3.8/site-packages/airflow/example_dags/example_skip_dag.py took 0.168 seconds
[2025-01-20T11:25:59.805+0000] {processor.py:161} INFO - Started process (PID=1124) to work on /home/airflow/.local/lib/python3.8/site-packages/airflow/example_dags/example_skip_dag.py
[2025-01-20T11:25:59.807+0000] {processor.py:830} INFO - Processing file /home/airflow/.local/lib/python3.8/site-packages/airflow/example_dags/example_skip_dag.py for tasks to queue
[2025-01-20T11:25:59.810+0000] {logging_mixin.py:188} INFO - [2025-01-20T11:25:59.810+0000] {dagbag.py:538} INFO - Filling up the DagBag from /home/airflow/.local/lib/python3.8/site-packages/airflow/example_dags/example_skip_dag.py
[2025-01-20T11:25:59.829+0000] {processor.py:840} INFO - DAG(s) 'example_skip_dag' retrieved from /home/airflow/.local/lib/python3.8/site-packages/airflow/example_dags/example_skip_dag.py
[2025-01-20T11:25:59.880+0000] {logging_mixin.py:188} INFO - [2025-01-20T11:25:59.880+0000] {dag.py:3036} INFO - Sync 1 DAGs
[2025-01-20T11:25:59.930+0000] {logging_mixin.py:188} INFO - [2025-01-20T11:25:59.929+0000] {dag.py:3823} INFO - Setting next_dagrun for example_skip_dag to 2025-01-19 00:00:00+00:00, run_after=2025-01-20 00:00:00+00:00
[2025-01-20T11:25:59.968+0000] {processor.py:183} INFO - Processing /home/airflow/.local/lib/python3.8/site-packages/airflow/example_dags/example_skip_dag.py took 0.169 seconds
[2025-01-20T11:26:30.175+0000] {processor.py:161} INFO - Started process (PID=1179) to work on /home/airflow/.local/lib/python3.8/site-packages/airflow/example_dags/example_skip_dag.py
[2025-01-20T11:26:30.176+0000] {processor.py:830} INFO - Processing file /home/airflow/.local/lib/python3.8/site-packages/airflow/example_dags/example_skip_dag.py for tasks to queue
[2025-01-20T11:26:30.180+0000] {logging_mixin.py:188} INFO - [2025-01-20T11:26:30.179+0000] {dagbag.py:538} INFO - Filling up the DagBag from /home/airflow/.local/lib/python3.8/site-packages/airflow/example_dags/example_skip_dag.py
[2025-01-20T11:26:30.190+0000] {processor.py:840} INFO - DAG(s) 'example_skip_dag' retrieved from /home/airflow/.local/lib/python3.8/site-packages/airflow/example_dags/example_skip_dag.py
[2025-01-20T11:26:30.227+0000] {logging_mixin.py:188} INFO - [2025-01-20T11:26:30.226+0000] {dag.py:3036} INFO - Sync 1 DAGs
[2025-01-20T11:26:30.280+0000] {logging_mixin.py:188} INFO - [2025-01-20T11:26:30.279+0000] {dag.py:3823} INFO - Setting next_dagrun for example_skip_dag to 2025-01-19 00:00:00+00:00, run_after=2025-01-20 00:00:00+00:00
[2025-01-20T11:26:30.319+0000] {processor.py:183} INFO - Processing /home/airflow/.local/lib/python3.8/site-packages/airflow/example_dags/example_skip_dag.py took 0.149 seconds
[2025-01-20T11:27:01.065+0000] {processor.py:161} INFO - Started process (PID=1234) to work on /home/airflow/.local/lib/python3.8/site-packages/airflow/example_dags/example_skip_dag.py
[2025-01-20T11:27:01.069+0000] {processor.py:830} INFO - Processing file /home/airflow/.local/lib/python3.8/site-packages/airflow/example_dags/example_skip_dag.py for tasks to queue
[2025-01-20T11:27:01.074+0000] {logging_mixin.py:188} INFO - [2025-01-20T11:27:01.073+0000] {dagbag.py:538} INFO - Filling up the DagBag from /home/airflow/.local/lib/python3.8/site-packages/airflow/example_dags/example_skip_dag.py
[2025-01-20T11:27:01.091+0000] {processor.py:840} INFO - DAG(s) 'example_skip_dag' retrieved from /home/airflow/.local/lib/python3.8/site-packages/airflow/example_dags/example_skip_dag.py
[2025-01-20T11:27:01.183+0000] {logging_mixin.py:188} INFO - [2025-01-20T11:27:01.182+0000] {dag.py:3036} INFO - Sync 1 DAGs
[2025-01-20T11:27:01.320+0000] {logging_mixin.py:188} INFO - [2025-01-20T11:27:01.320+0000] {dag.py:3823} INFO - Setting next_dagrun for example_skip_dag to 2025-01-19 00:00:00+00:00, run_after=2025-01-20 00:00:00+00:00
[2025-01-20T11:27:01.386+0000] {processor.py:183} INFO - Processing /home/airflow/.local/lib/python3.8/site-packages/airflow/example_dags/example_skip_dag.py took 0.330 seconds
[2025-01-20T11:27:31.799+0000] {processor.py:161} INFO - Started process (PID=1289) to work on /home/airflow/.local/lib/python3.8/site-packages/airflow/example_dags/example_skip_dag.py
[2025-01-20T11:27:31.809+0000] {processor.py:830} INFO - Processing file /home/airflow/.local/lib/python3.8/site-packages/airflow/example_dags/example_skip_dag.py for tasks to queue
[2025-01-20T11:27:31.821+0000] {logging_mixin.py:188} INFO - [2025-01-20T11:27:31.820+0000] {dagbag.py:538} INFO - Filling up the DagBag from /home/airflow/.local/lib/python3.8/site-packages/airflow/example_dags/example_skip_dag.py
[2025-01-20T11:27:31.889+0000] {processor.py:840} INFO - DAG(s) 'example_skip_dag' retrieved from /home/airflow/.local/lib/python3.8/site-packages/airflow/example_dags/example_skip_dag.py
[2025-01-20T11:27:32.036+0000] {logging_mixin.py:188} INFO - [2025-01-20T11:27:32.035+0000] {dag.py:3036} INFO - Sync 1 DAGs
[2025-01-20T11:27:32.141+0000] {logging_mixin.py:188} INFO - [2025-01-20T11:27:32.140+0000] {dag.py:3823} INFO - Setting next_dagrun for example_skip_dag to 2025-01-19 00:00:00+00:00, run_after=2025-01-20 00:00:00+00:00
[2025-01-20T11:27:32.209+0000] {processor.py:183} INFO - Processing /home/airflow/.local/lib/python3.8/site-packages/airflow/example_dags/example_skip_dag.py took 0.439 seconds
[2025-01-20T11:28:02.730+0000] {processor.py:161} INFO - Started process (PID=1344) to work on /home/airflow/.local/lib/python3.8/site-packages/airflow/example_dags/example_skip_dag.py
[2025-01-20T11:28:02.732+0000] {processor.py:830} INFO - Processing file /home/airflow/.local/lib/python3.8/site-packages/airflow/example_dags/example_skip_dag.py for tasks to queue
[2025-01-20T11:28:02.735+0000] {logging_mixin.py:188} INFO - [2025-01-20T11:28:02.734+0000] {dagbag.py:538} INFO - Filling up the DagBag from /home/airflow/.local/lib/python3.8/site-packages/airflow/example_dags/example_skip_dag.py
[2025-01-20T11:28:02.744+0000] {processor.py:840} INFO - DAG(s) 'example_skip_dag' retrieved from /home/airflow/.local/lib/python3.8/site-packages/airflow/example_dags/example_skip_dag.py
[2025-01-20T11:28:02.784+0000] {logging_mixin.py:188} INFO - [2025-01-20T11:28:02.783+0000] {dag.py:3036} INFO - Sync 1 DAGs
[2025-01-20T11:28:02.823+0000] {logging_mixin.py:188} INFO - [2025-01-20T11:28:02.822+0000] {dag.py:3823} INFO - Setting next_dagrun for example_skip_dag to 2025-01-19 00:00:00+00:00, run_after=2025-01-20 00:00:00+00:00
[2025-01-20T11:28:02.875+0000] {processor.py:183} INFO - Processing /home/airflow/.local/lib/python3.8/site-packages/airflow/example_dags/example_skip_dag.py took 0.149 seconds
[2025-01-20T11:28:33.101+0000] {processor.py:161} INFO - Started process (PID=1405) to work on /home/airflow/.local/lib/python3.8/site-packages/airflow/example_dags/example_skip_dag.py
[2025-01-20T11:28:33.103+0000] {processor.py:830} INFO - Processing file /home/airflow/.local/lib/python3.8/site-packages/airflow/example_dags/example_skip_dag.py for tasks to queue
[2025-01-20T11:28:33.106+0000] {logging_mixin.py:188} INFO - [2025-01-20T11:28:33.106+0000] {dagbag.py:538} INFO - Filling up the DagBag from /home/airflow/.local/lib/python3.8/site-packages/airflow/example_dags/example_skip_dag.py
[2025-01-20T11:28:33.128+0000] {processor.py:840} INFO - DAG(s) 'example_skip_dag' retrieved from /home/airflow/.local/lib/python3.8/site-packages/airflow/example_dags/example_skip_dag.py
[2025-01-20T11:28:33.169+0000] {logging_mixin.py:188} INFO - [2025-01-20T11:28:33.168+0000] {dag.py:3036} INFO - Sync 1 DAGs
[2025-01-20T11:28:33.206+0000] {logging_mixin.py:188} INFO - [2025-01-20T11:28:33.205+0000] {dag.py:3823} INFO - Setting next_dagrun for example_skip_dag to 2025-01-19 00:00:00+00:00, run_after=2025-01-20 00:00:00+00:00
[2025-01-20T11:28:33.245+0000] {processor.py:183} INFO - Processing /home/airflow/.local/lib/python3.8/site-packages/airflow/example_dags/example_skip_dag.py took 0.150 seconds
[2025-01-20T11:29:03.435+0000] {processor.py:161} INFO - Started process (PID=1458) to work on /home/airflow/.local/lib/python3.8/site-packages/airflow/example_dags/example_skip_dag.py
[2025-01-20T11:29:03.437+0000] {processor.py:830} INFO - Processing file /home/airflow/.local/lib/python3.8/site-packages/airflow/example_dags/example_skip_dag.py for tasks to queue
[2025-01-20T11:29:03.439+0000] {logging_mixin.py:188} INFO - [2025-01-20T11:29:03.439+0000] {dagbag.py:538} INFO - Filling up the DagBag from /home/airflow/.local/lib/python3.8/site-packages/airflow/example_dags/example_skip_dag.py
[2025-01-20T11:29:03.448+0000] {processor.py:840} INFO - DAG(s) 'example_skip_dag' retrieved from /home/airflow/.local/lib/python3.8/site-packages/airflow/example_dags/example_skip_dag.py
[2025-01-20T11:29:03.480+0000] {logging_mixin.py:188} INFO - [2025-01-20T11:29:03.480+0000] {dag.py:3036} INFO - Sync 1 DAGs
[2025-01-20T11:29:03.516+0000] {logging_mixin.py:188} INFO - [2025-01-20T11:29:03.515+0000] {dag.py:3823} INFO - Setting next_dagrun for example_skip_dag to 2025-01-19 00:00:00+00:00, run_after=2025-01-20 00:00:00+00:00
[2025-01-20T11:29:03.548+0000] {processor.py:183} INFO - Processing /home/airflow/.local/lib/python3.8/site-packages/airflow/example_dags/example_skip_dag.py took 0.116 seconds
[2025-01-20T11:29:33.968+0000] {processor.py:161} INFO - Started process (PID=1514) to work on /home/airflow/.local/lib/python3.8/site-packages/airflow/example_dags/example_skip_dag.py
[2025-01-20T11:29:33.970+0000] {processor.py:830} INFO - Processing file /home/airflow/.local/lib/python3.8/site-packages/airflow/example_dags/example_skip_dag.py for tasks to queue
[2025-01-20T11:29:33.973+0000] {logging_mixin.py:188} INFO - [2025-01-20T11:29:33.972+0000] {dagbag.py:538} INFO - Filling up the DagBag from /home/airflow/.local/lib/python3.8/site-packages/airflow/example_dags/example_skip_dag.py
[2025-01-20T11:29:33.985+0000] {processor.py:840} INFO - DAG(s) 'example_skip_dag' retrieved from /home/airflow/.local/lib/python3.8/site-packages/airflow/example_dags/example_skip_dag.py
[2025-01-20T11:29:34.042+0000] {logging_mixin.py:188} INFO - [2025-01-20T11:29:34.041+0000] {dag.py:3036} INFO - Sync 1 DAGs
[2025-01-20T11:29:34.100+0000] {logging_mixin.py:188} INFO - [2025-01-20T11:29:34.099+0000] {dag.py:3823} INFO - Setting next_dagrun for example_skip_dag to 2025-01-19 00:00:00+00:00, run_after=2025-01-20 00:00:00+00:00
[2025-01-20T11:29:34.151+0000] {processor.py:183} INFO - Processing /home/airflow/.local/lib/python3.8/site-packages/airflow/example_dags/example_skip_dag.py took 0.188 seconds
[2025-01-20T11:30:04.534+0000] {processor.py:161} INFO - Started process (PID=1568) to work on /home/airflow/.local/lib/python3.8/site-packages/airflow/example_dags/example_skip_dag.py
[2025-01-20T11:30:04.536+0000] {processor.py:830} INFO - Processing file /home/airflow/.local/lib/python3.8/site-packages/airflow/example_dags/example_skip_dag.py for tasks to queue
[2025-01-20T11:30:04.540+0000] {logging_mixin.py:188} INFO - [2025-01-20T11:30:04.539+0000] {dagbag.py:538} INFO - Filling up the DagBag from /home/airflow/.local/lib/python3.8/site-packages/airflow/example_dags/example_skip_dag.py
[2025-01-20T11:30:04.558+0000] {processor.py:840} INFO - DAG(s) 'example_skip_dag' retrieved from /home/airflow/.local/lib/python3.8/site-packages/airflow/example_dags/example_skip_dag.py
[2025-01-20T11:30:04.608+0000] {logging_mixin.py:188} INFO - [2025-01-20T11:30:04.607+0000] {dag.py:3036} INFO - Sync 1 DAGs
[2025-01-20T11:30:04.660+0000] {logging_mixin.py:188} INFO - [2025-01-20T11:30:04.659+0000] {dag.py:3823} INFO - Setting next_dagrun for example_skip_dag to 2025-01-19 00:00:00+00:00, run_after=2025-01-20 00:00:00+00:00
[2025-01-20T11:30:04.702+0000] {processor.py:183} INFO - Processing /home/airflow/.local/lib/python3.8/site-packages/airflow/example_dags/example_skip_dag.py took 0.174 seconds
[2025-01-20T11:30:34.991+0000] {processor.py:161} INFO - Started process (PID=1623) to work on /home/airflow/.local/lib/python3.8/site-packages/airflow/example_dags/example_skip_dag.py
[2025-01-20T11:30:34.994+0000] {processor.py:830} INFO - Processing file /home/airflow/.local/lib/python3.8/site-packages/airflow/example_dags/example_skip_dag.py for tasks to queue
[2025-01-20T11:30:34.997+0000] {logging_mixin.py:188} INFO - [2025-01-20T11:30:34.997+0000] {dagbag.py:538} INFO - Filling up the DagBag from /home/airflow/.local/lib/python3.8/site-packages/airflow/example_dags/example_skip_dag.py
[2025-01-20T11:30:35.010+0000] {processor.py:840} INFO - DAG(s) 'example_skip_dag' retrieved from /home/airflow/.local/lib/python3.8/site-packages/airflow/example_dags/example_skip_dag.py
[2025-01-20T11:30:35.056+0000] {logging_mixin.py:188} INFO - [2025-01-20T11:30:35.056+0000] {dag.py:3036} INFO - Sync 1 DAGs
[2025-01-20T11:30:35.101+0000] {logging_mixin.py:188} INFO - [2025-01-20T11:30:35.100+0000] {dag.py:3823} INFO - Setting next_dagrun for example_skip_dag to 2025-01-19 00:00:00+00:00, run_after=2025-01-20 00:00:00+00:00
[2025-01-20T11:30:35.158+0000] {processor.py:183} INFO - Processing /home/airflow/.local/lib/python3.8/site-packages/airflow/example_dags/example_skip_dag.py took 0.175 seconds
[2025-01-20T11:31:05.651+0000] {processor.py:161} INFO - Started process (PID=1678) to work on /home/airflow/.local/lib/python3.8/site-packages/airflow/example_dags/example_skip_dag.py
[2025-01-20T11:31:05.653+0000] {processor.py:830} INFO - Processing file /home/airflow/.local/lib/python3.8/site-packages/airflow/example_dags/example_skip_dag.py for tasks to queue
[2025-01-20T11:31:05.656+0000] {logging_mixin.py:188} INFO - [2025-01-20T11:31:05.656+0000] {dagbag.py:538} INFO - Filling up the DagBag from /home/airflow/.local/lib/python3.8/site-packages/airflow/example_dags/example_skip_dag.py
[2025-01-20T11:31:05.668+0000] {processor.py:840} INFO - DAG(s) 'example_skip_dag' retrieved from /home/airflow/.local/lib/python3.8/site-packages/airflow/example_dags/example_skip_dag.py
[2025-01-20T11:31:05.704+0000] {logging_mixin.py:188} INFO - [2025-01-20T11:31:05.703+0000] {dag.py:3036} INFO - Sync 1 DAGs
[2025-01-20T11:31:05.737+0000] {logging_mixin.py:188} INFO - [2025-01-20T11:31:05.737+0000] {dag.py:3823} INFO - Setting next_dagrun for example_skip_dag to 2025-01-19 00:00:00+00:00, run_after=2025-01-20 00:00:00+00:00
[2025-01-20T11:31:05.768+0000] {processor.py:183} INFO - Processing /home/airflow/.local/lib/python3.8/site-packages/airflow/example_dags/example_skip_dag.py took 0.124 seconds
[2025-01-20T11:31:36.152+0000] {processor.py:161} INFO - Started process (PID=1733) to work on /home/airflow/.local/lib/python3.8/site-packages/airflow/example_dags/example_skip_dag.py
[2025-01-20T11:31:36.154+0000] {processor.py:830} INFO - Processing file /home/airflow/.local/lib/python3.8/site-packages/airflow/example_dags/example_skip_dag.py for tasks to queue
[2025-01-20T11:31:36.157+0000] {logging_mixin.py:188} INFO - [2025-01-20T11:31:36.157+0000] {dagbag.py:538} INFO - Filling up the DagBag from /home/airflow/.local/lib/python3.8/site-packages/airflow/example_dags/example_skip_dag.py
[2025-01-20T11:31:36.168+0000] {processor.py:840} INFO - DAG(s) 'example_skip_dag' retrieved from /home/airflow/.local/lib/python3.8/site-packages/airflow/example_dags/example_skip_dag.py
[2025-01-20T11:31:36.206+0000] {logging_mixin.py:188} INFO - [2025-01-20T11:31:36.206+0000] {dag.py:3036} INFO - Sync 1 DAGs
[2025-01-20T11:31:36.240+0000] {logging_mixin.py:188} INFO - [2025-01-20T11:31:36.240+0000] {dag.py:3823} INFO - Setting next_dagrun for example_skip_dag to 2025-01-19 00:00:00+00:00, run_after=2025-01-20 00:00:00+00:00
[2025-01-20T11:31:36.274+0000] {processor.py:183} INFO - Processing /home/airflow/.local/lib/python3.8/site-packages/airflow/example_dags/example_skip_dag.py took 0.128 seconds
[2025-01-20T11:32:06.724+0000] {processor.py:161} INFO - Started process (PID=1788) to work on /home/airflow/.local/lib/python3.8/site-packages/airflow/example_dags/example_skip_dag.py
[2025-01-20T11:32:06.726+0000] {processor.py:830} INFO - Processing file /home/airflow/.local/lib/python3.8/site-packages/airflow/example_dags/example_skip_dag.py for tasks to queue
[2025-01-20T11:32:06.729+0000] {logging_mixin.py:188} INFO - [2025-01-20T11:32:06.729+0000] {dagbag.py:538} INFO - Filling up the DagBag from /home/airflow/.local/lib/python3.8/site-packages/airflow/example_dags/example_skip_dag.py
[2025-01-20T11:32:06.742+0000] {processor.py:840} INFO - DAG(s) 'example_skip_dag' retrieved from /home/airflow/.local/lib/python3.8/site-packages/airflow/example_dags/example_skip_dag.py
[2025-01-20T11:32:06.790+0000] {logging_mixin.py:188} INFO - [2025-01-20T11:32:06.790+0000] {dag.py:3036} INFO - Sync 1 DAGs
[2025-01-20T11:32:06.842+0000] {logging_mixin.py:188} INFO - [2025-01-20T11:32:06.841+0000] {dag.py:3823} INFO - Setting next_dagrun for example_skip_dag to 2025-01-19 00:00:00+00:00, run_after=2025-01-20 00:00:00+00:00
[2025-01-20T11:32:06.893+0000] {processor.py:183} INFO - Processing /home/airflow/.local/lib/python3.8/site-packages/airflow/example_dags/example_skip_dag.py took 0.175 seconds
[2025-01-20T11:32:37.040+0000] {processor.py:161} INFO - Started process (PID=1843) to work on /home/airflow/.local/lib/python3.8/site-packages/airflow/example_dags/example_skip_dag.py
[2025-01-20T11:32:37.043+0000] {processor.py:830} INFO - Processing file /home/airflow/.local/lib/python3.8/site-packages/airflow/example_dags/example_skip_dag.py for tasks to queue
[2025-01-20T11:32:37.047+0000] {logging_mixin.py:188} INFO - [2025-01-20T11:32:37.046+0000] {dagbag.py:538} INFO - Filling up the DagBag from /home/airflow/.local/lib/python3.8/site-packages/airflow/example_dags/example_skip_dag.py
[2025-01-20T11:32:37.063+0000] {processor.py:840} INFO - DAG(s) 'example_skip_dag' retrieved from /home/airflow/.local/lib/python3.8/site-packages/airflow/example_dags/example_skip_dag.py
[2025-01-20T11:32:37.127+0000] {logging_mixin.py:188} INFO - [2025-01-20T11:32:37.126+0000] {dag.py:3036} INFO - Sync 1 DAGs
[2025-01-20T11:32:37.186+0000] {logging_mixin.py:188} INFO - [2025-01-20T11:32:37.185+0000] {dag.py:3823} INFO - Setting next_dagrun for example_skip_dag to 2025-01-19 00:00:00+00:00, run_after=2025-01-20 00:00:00+00:00
[2025-01-20T11:32:37.224+0000] {processor.py:183} INFO - Processing /home/airflow/.local/lib/python3.8/site-packages/airflow/example_dags/example_skip_dag.py took 0.191 seconds
[2025-01-20T11:33:07.354+0000] {processor.py:161} INFO - Started process (PID=1898) to work on /home/airflow/.local/lib/python3.8/site-packages/airflow/example_dags/example_skip_dag.py
[2025-01-20T11:33:07.356+0000] {processor.py:830} INFO - Processing file /home/airflow/.local/lib/python3.8/site-packages/airflow/example_dags/example_skip_dag.py for tasks to queue
[2025-01-20T11:33:07.366+0000] {logging_mixin.py:188} INFO - [2025-01-20T11:33:07.366+0000] {dagbag.py:538} INFO - Filling up the DagBag from /home/airflow/.local/lib/python3.8/site-packages/airflow/example_dags/example_skip_dag.py
[2025-01-20T11:33:07.377+0000] {processor.py:840} INFO - DAG(s) 'example_skip_dag' retrieved from /home/airflow/.local/lib/python3.8/site-packages/airflow/example_dags/example_skip_dag.py
[2025-01-20T11:33:07.420+0000] {logging_mixin.py:188} INFO - [2025-01-20T11:33:07.419+0000] {dag.py:3036} INFO - Sync 1 DAGs
[2025-01-20T11:33:07.459+0000] {logging_mixin.py:188} INFO - [2025-01-20T11:33:07.458+0000] {dag.py:3823} INFO - Setting next_dagrun for example_skip_dag to 2025-01-19 00:00:00+00:00, run_after=2025-01-20 00:00:00+00:00
[2025-01-20T11:33:07.514+0000] {processor.py:183} INFO - Processing /home/airflow/.local/lib/python3.8/site-packages/airflow/example_dags/example_skip_dag.py took 0.166 seconds
[2025-01-20T11:33:37.771+0000] {processor.py:161} INFO - Started process (PID=1953) to work on /home/airflow/.local/lib/python3.8/site-packages/airflow/example_dags/example_skip_dag.py
[2025-01-20T11:33:37.773+0000] {processor.py:830} INFO - Processing file /home/airflow/.local/lib/python3.8/site-packages/airflow/example_dags/example_skip_dag.py for tasks to queue
[2025-01-20T11:33:37.777+0000] {logging_mixin.py:188} INFO - [2025-01-20T11:33:37.776+0000] {dagbag.py:538} INFO - Filling up the DagBag from /home/airflow/.local/lib/python3.8/site-packages/airflow/example_dags/example_skip_dag.py
[2025-01-20T11:33:37.790+0000] {processor.py:840} INFO - DAG(s) 'example_skip_dag' retrieved from /home/airflow/.local/lib/python3.8/site-packages/airflow/example_dags/example_skip_dag.py
[2025-01-20T11:33:37.831+0000] {logging_mixin.py:188} INFO - [2025-01-20T11:33:37.831+0000] {dag.py:3036} INFO - Sync 1 DAGs
[2025-01-20T11:33:37.874+0000] {logging_mixin.py:188} INFO - [2025-01-20T11:33:37.873+0000] {dag.py:3823} INFO - Setting next_dagrun for example_skip_dag to 2025-01-19 00:00:00+00:00, run_after=2025-01-20 00:00:00+00:00
[2025-01-20T11:33:37.910+0000] {processor.py:183} INFO - Processing /home/airflow/.local/lib/python3.8/site-packages/airflow/example_dags/example_skip_dag.py took 0.145 seconds
[2025-01-20T11:34:08.081+0000] {processor.py:161} INFO - Started process (PID=2008) to work on /home/airflow/.local/lib/python3.8/site-packages/airflow/example_dags/example_skip_dag.py
[2025-01-20T11:34:08.083+0000] {processor.py:830} INFO - Processing file /home/airflow/.local/lib/python3.8/site-packages/airflow/example_dags/example_skip_dag.py for tasks to queue
[2025-01-20T11:34:08.085+0000] {logging_mixin.py:188} INFO - [2025-01-20T11:34:08.085+0000] {dagbag.py:538} INFO - Filling up the DagBag from /home/airflow/.local/lib/python3.8/site-packages/airflow/example_dags/example_skip_dag.py
[2025-01-20T11:34:08.095+0000] {processor.py:840} INFO - DAG(s) 'example_skip_dag' retrieved from /home/airflow/.local/lib/python3.8/site-packages/airflow/example_dags/example_skip_dag.py
[2025-01-20T11:34:08.129+0000] {logging_mixin.py:188} INFO - [2025-01-20T11:34:08.129+0000] {dag.py:3036} INFO - Sync 1 DAGs
[2025-01-20T11:34:08.173+0000] {logging_mixin.py:188} INFO - [2025-01-20T11:34:08.173+0000] {dag.py:3823} INFO - Setting next_dagrun for example_skip_dag to 2025-01-19 00:00:00+00:00, run_after=2025-01-20 00:00:00+00:00
[2025-01-20T11:34:08.209+0000] {processor.py:183} INFO - Processing /home/airflow/.local/lib/python3.8/site-packages/airflow/example_dags/example_skip_dag.py took 0.132 seconds
[2025-01-20T11:34:39.051+0000] {processor.py:161} INFO - Started process (PID=2063) to work on /home/airflow/.local/lib/python3.8/site-packages/airflow/example_dags/example_skip_dag.py
[2025-01-20T11:34:39.053+0000] {processor.py:830} INFO - Processing file /home/airflow/.local/lib/python3.8/site-packages/airflow/example_dags/example_skip_dag.py for tasks to queue
[2025-01-20T11:34:39.056+0000] {logging_mixin.py:188} INFO - [2025-01-20T11:34:39.056+0000] {dagbag.py:538} INFO - Filling up the DagBag from /home/airflow/.local/lib/python3.8/site-packages/airflow/example_dags/example_skip_dag.py
[2025-01-20T11:34:39.069+0000] {processor.py:840} INFO - DAG(s) 'example_skip_dag' retrieved from /home/airflow/.local/lib/python3.8/site-packages/airflow/example_dags/example_skip_dag.py
[2025-01-20T11:34:39.112+0000] {logging_mixin.py:188} INFO - [2025-01-20T11:34:39.111+0000] {dag.py:3036} INFO - Sync 1 DAGs
[2025-01-20T11:34:39.154+0000] {logging_mixin.py:188} INFO - [2025-01-20T11:34:39.154+0000] {dag.py:3823} INFO - Setting next_dagrun for example_skip_dag to 2025-01-19 00:00:00+00:00, run_after=2025-01-20 00:00:00+00:00
[2025-01-20T11:34:39.191+0000] {processor.py:183} INFO - Processing /home/airflow/.local/lib/python3.8/site-packages/airflow/example_dags/example_skip_dag.py took 0.146 seconds
[2025-01-20T11:35:09.568+0000] {processor.py:161} INFO - Started process (PID=2118) to work on /home/airflow/.local/lib/python3.8/site-packages/airflow/example_dags/example_skip_dag.py
[2025-01-20T11:35:09.569+0000] {processor.py:830} INFO - Processing file /home/airflow/.local/lib/python3.8/site-packages/airflow/example_dags/example_skip_dag.py for tasks to queue
[2025-01-20T11:35:09.573+0000] {logging_mixin.py:188} INFO - [2025-01-20T11:35:09.572+0000] {dagbag.py:538} INFO - Filling up the DagBag from /home/airflow/.local/lib/python3.8/site-packages/airflow/example_dags/example_skip_dag.py
[2025-01-20T11:35:09.583+0000] {processor.py:840} INFO - DAG(s) 'example_skip_dag' retrieved from /home/airflow/.local/lib/python3.8/site-packages/airflow/example_dags/example_skip_dag.py
[2025-01-20T11:35:09.616+0000] {logging_mixin.py:188} INFO - [2025-01-20T11:35:09.615+0000] {dag.py:3036} INFO - Sync 1 DAGs
[2025-01-20T11:35:09.653+0000] {logging_mixin.py:188} INFO - [2025-01-20T11:35:09.653+0000] {dag.py:3823} INFO - Setting next_dagrun for example_skip_dag to 2025-01-19 00:00:00+00:00, run_after=2025-01-20 00:00:00+00:00
[2025-01-20T11:35:09.689+0000] {processor.py:183} INFO - Processing /home/airflow/.local/lib/python3.8/site-packages/airflow/example_dags/example_skip_dag.py took 0.126 seconds
[2025-01-20T11:35:40.048+0000] {processor.py:161} INFO - Started process (PID=2173) to work on /home/airflow/.local/lib/python3.8/site-packages/airflow/example_dags/example_skip_dag.py
[2025-01-20T11:35:40.050+0000] {processor.py:830} INFO - Processing file /home/airflow/.local/lib/python3.8/site-packages/airflow/example_dags/example_skip_dag.py for tasks to queue
[2025-01-20T11:35:40.054+0000] {logging_mixin.py:188} INFO - [2025-01-20T11:35:40.053+0000] {dagbag.py:538} INFO - Filling up the DagBag from /home/airflow/.local/lib/python3.8/site-packages/airflow/example_dags/example_skip_dag.py
[2025-01-20T11:35:40.067+0000] {processor.py:840} INFO - DAG(s) 'example_skip_dag' retrieved from /home/airflow/.local/lib/python3.8/site-packages/airflow/example_dags/example_skip_dag.py
[2025-01-20T11:35:40.106+0000] {logging_mixin.py:188} INFO - [2025-01-20T11:35:40.106+0000] {dag.py:3036} INFO - Sync 1 DAGs
[2025-01-20T11:35:40.147+0000] {logging_mixin.py:188} INFO - [2025-01-20T11:35:40.147+0000] {dag.py:3823} INFO - Setting next_dagrun for example_skip_dag to 2025-01-19 00:00:00+00:00, run_after=2025-01-20 00:00:00+00:00
[2025-01-20T11:35:40.185+0000] {processor.py:183} INFO - Processing /home/airflow/.local/lib/python3.8/site-packages/airflow/example_dags/example_skip_dag.py took 0.141 seconds
[2025-01-20T11:36:10.456+0000] {processor.py:161} INFO - Started process (PID=2228) to work on /home/airflow/.local/lib/python3.8/site-packages/airflow/example_dags/example_skip_dag.py
[2025-01-20T11:36:10.458+0000] {processor.py:830} INFO - Processing file /home/airflow/.local/lib/python3.8/site-packages/airflow/example_dags/example_skip_dag.py for tasks to queue
[2025-01-20T11:36:10.461+0000] {logging_mixin.py:188} INFO - [2025-01-20T11:36:10.461+0000] {dagbag.py:538} INFO - Filling up the DagBag from /home/airflow/.local/lib/python3.8/site-packages/airflow/example_dags/example_skip_dag.py
[2025-01-20T11:36:10.473+0000] {processor.py:840} INFO - DAG(s) 'example_skip_dag' retrieved from /home/airflow/.local/lib/python3.8/site-packages/airflow/example_dags/example_skip_dag.py
[2025-01-20T11:36:10.511+0000] {logging_mixin.py:188} INFO - [2025-01-20T11:36:10.510+0000] {dag.py:3036} INFO - Sync 1 DAGs
[2025-01-20T11:36:10.547+0000] {logging_mixin.py:188} INFO - [2025-01-20T11:36:10.546+0000] {dag.py:3823} INFO - Setting next_dagrun for example_skip_dag to 2025-01-19 00:00:00+00:00, run_after=2025-01-20 00:00:00+00:00
[2025-01-20T11:36:10.580+0000] {processor.py:183} INFO - Processing /home/airflow/.local/lib/python3.8/site-packages/airflow/example_dags/example_skip_dag.py took 0.128 seconds
[2025-01-20T11:36:40.894+0000] {processor.py:161} INFO - Started process (PID=2283) to work on /home/airflow/.local/lib/python3.8/site-packages/airflow/example_dags/example_skip_dag.py
[2025-01-20T11:36:40.897+0000] {processor.py:830} INFO - Processing file /home/airflow/.local/lib/python3.8/site-packages/airflow/example_dags/example_skip_dag.py for tasks to queue
[2025-01-20T11:36:40.902+0000] {logging_mixin.py:188} INFO - [2025-01-20T11:36:40.901+0000] {dagbag.py:538} INFO - Filling up the DagBag from /home/airflow/.local/lib/python3.8/site-packages/airflow/example_dags/example_skip_dag.py
[2025-01-20T11:36:40.927+0000] {processor.py:840} INFO - DAG(s) 'example_skip_dag' retrieved from /home/airflow/.local/lib/python3.8/site-packages/airflow/example_dags/example_skip_dag.py
[2025-01-20T11:36:41.016+0000] {logging_mixin.py:188} INFO - [2025-01-20T11:36:41.015+0000] {dag.py:3036} INFO - Sync 1 DAGs
[2025-01-20T11:36:41.214+0000] {logging_mixin.py:188} INFO - [2025-01-20T11:36:41.214+0000] {dag.py:3823} INFO - Setting next_dagrun for example_skip_dag to 2025-01-19 00:00:00+00:00, run_after=2025-01-20 00:00:00+00:00
[2025-01-20T11:36:41.339+0000] {processor.py:183} INFO - Processing /home/airflow/.local/lib/python3.8/site-packages/airflow/example_dags/example_skip_dag.py took 0.463 seconds
[2025-01-20T11:37:11.473+0000] {processor.py:161} INFO - Started process (PID=2338) to work on /home/airflow/.local/lib/python3.8/site-packages/airflow/example_dags/example_skip_dag.py
[2025-01-20T11:37:11.474+0000] {processor.py:830} INFO - Processing file /home/airflow/.local/lib/python3.8/site-packages/airflow/example_dags/example_skip_dag.py for tasks to queue
[2025-01-20T11:37:11.477+0000] {logging_mixin.py:188} INFO - [2025-01-20T11:37:11.476+0000] {dagbag.py:538} INFO - Filling up the DagBag from /home/airflow/.local/lib/python3.8/site-packages/airflow/example_dags/example_skip_dag.py
[2025-01-20T11:37:11.487+0000] {processor.py:840} INFO - DAG(s) 'example_skip_dag' retrieved from /home/airflow/.local/lib/python3.8/site-packages/airflow/example_dags/example_skip_dag.py
[2025-01-20T11:37:11.523+0000] {logging_mixin.py:188} INFO - [2025-01-20T11:37:11.523+0000] {dag.py:3036} INFO - Sync 1 DAGs
[2025-01-20T11:37:11.565+0000] {logging_mixin.py:188} INFO - [2025-01-20T11:37:11.565+0000] {dag.py:3823} INFO - Setting next_dagrun for example_skip_dag to 2025-01-19 00:00:00+00:00, run_after=2025-01-20 00:00:00+00:00
[2025-01-20T11:37:11.604+0000] {processor.py:183} INFO - Processing /home/airflow/.local/lib/python3.8/site-packages/airflow/example_dags/example_skip_dag.py took 0.135 seconds
