[2025-01-20T11:16:23.064+0000] {processor.py:161} INFO - Started process (PID=96) to work on /home/airflow/.local/lib/python3.8/site-packages/airflow/example_dags/example_xcom.py
[2025-01-20T11:16:23.066+0000] {processor.py:830} INFO - Processing file /home/airflow/.local/lib/python3.8/site-packages/airflow/example_dags/example_xcom.py for tasks to queue
[2025-01-20T11:16:23.069+0000] {logging_mixin.py:188} INFO - [2025-01-20T11:16:23.068+0000] {dagbag.py:538} INFO - Filling up the DagBag from /home/airflow/.local/lib/python3.8/site-packages/airflow/example_dags/example_xcom.py
[2025-01-20T11:16:23.137+0000] {processor.py:840} INFO - DAG(s) 'example_xcom' retrieved from /home/airflow/.local/lib/python3.8/site-packages/airflow/example_dags/example_xcom.py
[2025-01-20T11:16:23.321+0000] {logging_mixin.py:188} INFO - [2025-01-20T11:16:23.321+0000] {dag.py:3036} INFO - Sync 1 DAGs
[2025-01-20T11:16:23.350+0000] {logging_mixin.py:188} INFO - [2025-01-20T11:16:23.349+0000] {dag.py:3823} INFO - Setting next_dagrun for example_xcom to 2021-01-01 00:00:00+00:00, run_after=2021-01-01 00:00:00+00:00
[2025-01-20T11:16:23.443+0000] {processor.py:183} INFO - Processing /home/airflow/.local/lib/python3.8/site-packages/airflow/example_dags/example_xcom.py took 0.385 seconds
[2025-01-20T11:16:53.507+0000] {processor.py:161} INFO - Started process (PID=151) to work on /home/airflow/.local/lib/python3.8/site-packages/airflow/example_dags/example_xcom.py
[2025-01-20T11:16:53.509+0000] {processor.py:830} INFO - Processing file /home/airflow/.local/lib/python3.8/site-packages/airflow/example_dags/example_xcom.py for tasks to queue
[2025-01-20T11:16:53.512+0000] {logging_mixin.py:188} INFO - [2025-01-20T11:16:53.511+0000] {dagbag.py:538} INFO - Filling up the DagBag from /home/airflow/.local/lib/python3.8/site-packages/airflow/example_dags/example_xcom.py
[2025-01-20T11:16:53.529+0000] {processor.py:840} INFO - DAG(s) 'example_xcom' retrieved from /home/airflow/.local/lib/python3.8/site-packages/airflow/example_dags/example_xcom.py
[2025-01-20T11:16:53.564+0000] {logging_mixin.py:188} INFO - [2025-01-20T11:16:53.563+0000] {dag.py:3036} INFO - Sync 1 DAGs
[2025-01-20T11:16:53.624+0000] {logging_mixin.py:188} INFO - [2025-01-20T11:16:53.623+0000] {dag.py:3823} INFO - Setting next_dagrun for example_xcom to 2021-01-01 00:00:00+00:00, run_after=2021-01-01 00:00:00+00:00
[2025-01-20T11:16:53.669+0000] {processor.py:183} INFO - Processing /home/airflow/.local/lib/python3.8/site-packages/airflow/example_dags/example_xcom.py took 0.167 seconds
[2025-01-20T11:17:24.100+0000] {processor.py:161} INFO - Started process (PID=206) to work on /home/airflow/.local/lib/python3.8/site-packages/airflow/example_dags/example_xcom.py
[2025-01-20T11:17:24.102+0000] {processor.py:830} INFO - Processing file /home/airflow/.local/lib/python3.8/site-packages/airflow/example_dags/example_xcom.py for tasks to queue
[2025-01-20T11:17:24.105+0000] {logging_mixin.py:188} INFO - [2025-01-20T11:17:24.105+0000] {dagbag.py:538} INFO - Filling up the DagBag from /home/airflow/.local/lib/python3.8/site-packages/airflow/example_dags/example_xcom.py
[2025-01-20T11:17:24.121+0000] {processor.py:840} INFO - DAG(s) 'example_xcom' retrieved from /home/airflow/.local/lib/python3.8/site-packages/airflow/example_dags/example_xcom.py
[2025-01-20T11:17:24.170+0000] {logging_mixin.py:188} INFO - [2025-01-20T11:17:24.170+0000] {dag.py:3036} INFO - Sync 1 DAGs
[2025-01-20T11:17:24.217+0000] {logging_mixin.py:188} INFO - [2025-01-20T11:17:24.216+0000] {dag.py:3823} INFO - Setting next_dagrun for example_xcom to 2021-01-01 00:00:00+00:00, run_after=2021-01-01 00:00:00+00:00
[2025-01-20T11:17:24.254+0000] {processor.py:183} INFO - Processing /home/airflow/.local/lib/python3.8/site-packages/airflow/example_dags/example_xcom.py took 0.160 seconds
[2025-01-20T11:17:55.316+0000] {processor.py:161} INFO - Started process (PID=261) to work on /home/airflow/.local/lib/python3.8/site-packages/airflow/example_dags/example_xcom.py
[2025-01-20T11:17:55.318+0000] {processor.py:830} INFO - Processing file /home/airflow/.local/lib/python3.8/site-packages/airflow/example_dags/example_xcom.py for tasks to queue
[2025-01-20T11:17:55.321+0000] {logging_mixin.py:188} INFO - [2025-01-20T11:17:55.321+0000] {dagbag.py:538} INFO - Filling up the DagBag from /home/airflow/.local/lib/python3.8/site-packages/airflow/example_dags/example_xcom.py
[2025-01-20T11:17:55.343+0000] {processor.py:840} INFO - DAG(s) 'example_xcom' retrieved from /home/airflow/.local/lib/python3.8/site-packages/airflow/example_dags/example_xcom.py
[2025-01-20T11:17:55.396+0000] {logging_mixin.py:188} INFO - [2025-01-20T11:17:55.395+0000] {dag.py:3036} INFO - Sync 1 DAGs
[2025-01-20T11:17:55.457+0000] {logging_mixin.py:188} INFO - [2025-01-20T11:17:55.456+0000] {dag.py:3823} INFO - Setting next_dagrun for example_xcom to 2021-01-01 00:00:00+00:00, run_after=2021-01-01 00:00:00+00:00
[2025-01-20T11:17:55.506+0000] {processor.py:183} INFO - Processing /home/airflow/.local/lib/python3.8/site-packages/airflow/example_dags/example_xcom.py took 0.197 seconds
[2025-01-20T11:18:25.647+0000] {processor.py:161} INFO - Started process (PID=316) to work on /home/airflow/.local/lib/python3.8/site-packages/airflow/example_dags/example_xcom.py
[2025-01-20T11:18:25.648+0000] {processor.py:830} INFO - Processing file /home/airflow/.local/lib/python3.8/site-packages/airflow/example_dags/example_xcom.py for tasks to queue
[2025-01-20T11:18:25.651+0000] {logging_mixin.py:188} INFO - [2025-01-20T11:18:25.650+0000] {dagbag.py:538} INFO - Filling up the DagBag from /home/airflow/.local/lib/python3.8/site-packages/airflow/example_dags/example_xcom.py
[2025-01-20T11:18:25.663+0000] {processor.py:840} INFO - DAG(s) 'example_xcom' retrieved from /home/airflow/.local/lib/python3.8/site-packages/airflow/example_dags/example_xcom.py
[2025-01-20T11:18:25.698+0000] {logging_mixin.py:188} INFO - [2025-01-20T11:18:25.697+0000] {dag.py:3036} INFO - Sync 1 DAGs
[2025-01-20T11:18:25.734+0000] {logging_mixin.py:188} INFO - [2025-01-20T11:18:25.733+0000] {dag.py:3823} INFO - Setting next_dagrun for example_xcom to 2021-01-01 00:00:00+00:00, run_after=2021-01-01 00:00:00+00:00
[2025-01-20T11:18:25.810+0000] {processor.py:183} INFO - Processing /home/airflow/.local/lib/python3.8/site-packages/airflow/example_dags/example_xcom.py took 0.170 seconds
[2025-01-20T11:18:56.343+0000] {processor.py:161} INFO - Started process (PID=371) to work on /home/airflow/.local/lib/python3.8/site-packages/airflow/example_dags/example_xcom.py
[2025-01-20T11:18:56.345+0000] {processor.py:830} INFO - Processing file /home/airflow/.local/lib/python3.8/site-packages/airflow/example_dags/example_xcom.py for tasks to queue
[2025-01-20T11:18:56.349+0000] {logging_mixin.py:188} INFO - [2025-01-20T11:18:56.348+0000] {dagbag.py:538} INFO - Filling up the DagBag from /home/airflow/.local/lib/python3.8/site-packages/airflow/example_dags/example_xcom.py
[2025-01-20T11:18:56.388+0000] {processor.py:840} INFO - DAG(s) 'example_xcom' retrieved from /home/airflow/.local/lib/python3.8/site-packages/airflow/example_dags/example_xcom.py
[2025-01-20T11:18:56.435+0000] {logging_mixin.py:188} INFO - [2025-01-20T11:18:56.434+0000] {dag.py:3036} INFO - Sync 1 DAGs
[2025-01-20T11:18:56.501+0000] {logging_mixin.py:188} INFO - [2025-01-20T11:18:56.500+0000] {dag.py:3823} INFO - Setting next_dagrun for example_xcom to 2021-01-01 00:00:00+00:00, run_after=2021-01-01 00:00:00+00:00
[2025-01-20T11:18:56.551+0000] {processor.py:183} INFO - Processing /home/airflow/.local/lib/python3.8/site-packages/airflow/example_dags/example_xcom.py took 0.242 seconds
[2025-01-20T11:19:26.716+0000] {processor.py:161} INFO - Started process (PID=426) to work on /home/airflow/.local/lib/python3.8/site-packages/airflow/example_dags/example_xcom.py
[2025-01-20T11:19:26.719+0000] {processor.py:830} INFO - Processing file /home/airflow/.local/lib/python3.8/site-packages/airflow/example_dags/example_xcom.py for tasks to queue
[2025-01-20T11:19:26.722+0000] {logging_mixin.py:188} INFO - [2025-01-20T11:19:26.722+0000] {dagbag.py:538} INFO - Filling up the DagBag from /home/airflow/.local/lib/python3.8/site-packages/airflow/example_dags/example_xcom.py
[2025-01-20T11:19:26.736+0000] {processor.py:840} INFO - DAG(s) 'example_xcom' retrieved from /home/airflow/.local/lib/python3.8/site-packages/airflow/example_dags/example_xcom.py
[2025-01-20T11:19:26.776+0000] {logging_mixin.py:188} INFO - [2025-01-20T11:19:26.775+0000] {dag.py:3036} INFO - Sync 1 DAGs
[2025-01-20T11:19:26.815+0000] {logging_mixin.py:188} INFO - [2025-01-20T11:19:26.815+0000] {dag.py:3823} INFO - Setting next_dagrun for example_xcom to 2021-01-01 00:00:00+00:00, run_after=2021-01-01 00:00:00+00:00
[2025-01-20T11:19:26.849+0000] {processor.py:183} INFO - Processing /home/airflow/.local/lib/python3.8/site-packages/airflow/example_dags/example_xcom.py took 0.140 seconds
[2025-01-20T11:19:57.814+0000] {processor.py:161} INFO - Started process (PID=481) to work on /home/airflow/.local/lib/python3.8/site-packages/airflow/example_dags/example_xcom.py
[2025-01-20T11:19:57.816+0000] {processor.py:830} INFO - Processing file /home/airflow/.local/lib/python3.8/site-packages/airflow/example_dags/example_xcom.py for tasks to queue
[2025-01-20T11:19:57.818+0000] {logging_mixin.py:188} INFO - [2025-01-20T11:19:57.818+0000] {dagbag.py:538} INFO - Filling up the DagBag from /home/airflow/.local/lib/python3.8/site-packages/airflow/example_dags/example_xcom.py
[2025-01-20T11:19:57.829+0000] {processor.py:840} INFO - DAG(s) 'example_xcom' retrieved from /home/airflow/.local/lib/python3.8/site-packages/airflow/example_dags/example_xcom.py
[2025-01-20T11:19:57.860+0000] {logging_mixin.py:188} INFO - [2025-01-20T11:19:57.860+0000] {dag.py:3036} INFO - Sync 1 DAGs
[2025-01-20T11:19:57.894+0000] {logging_mixin.py:188} INFO - [2025-01-20T11:19:57.894+0000] {dag.py:3823} INFO - Setting next_dagrun for example_xcom to 2021-01-01 00:00:00+00:00, run_after=2021-01-01 00:00:00+00:00
[2025-01-20T11:19:57.928+0000] {processor.py:183} INFO - Processing /home/airflow/.local/lib/python3.8/site-packages/airflow/example_dags/example_xcom.py took 0.118 seconds
[2025-01-20T11:20:28.278+0000] {processor.py:161} INFO - Started process (PID=536) to work on /home/airflow/.local/lib/python3.8/site-packages/airflow/example_dags/example_xcom.py
[2025-01-20T11:20:28.281+0000] {processor.py:830} INFO - Processing file /home/airflow/.local/lib/python3.8/site-packages/airflow/example_dags/example_xcom.py for tasks to queue
[2025-01-20T11:20:28.284+0000] {logging_mixin.py:188} INFO - [2025-01-20T11:20:28.284+0000] {dagbag.py:538} INFO - Filling up the DagBag from /home/airflow/.local/lib/python3.8/site-packages/airflow/example_dags/example_xcom.py
[2025-01-20T11:20:28.301+0000] {processor.py:840} INFO - DAG(s) 'example_xcom' retrieved from /home/airflow/.local/lib/python3.8/site-packages/airflow/example_dags/example_xcom.py
[2025-01-20T11:20:28.336+0000] {logging_mixin.py:188} INFO - [2025-01-20T11:20:28.336+0000] {dag.py:3036} INFO - Sync 1 DAGs
[2025-01-20T11:20:28.375+0000] {logging_mixin.py:188} INFO - [2025-01-20T11:20:28.374+0000] {dag.py:3823} INFO - Setting next_dagrun for example_xcom to 2021-01-01 00:00:00+00:00, run_after=2021-01-01 00:00:00+00:00
[2025-01-20T11:20:28.408+0000] {processor.py:183} INFO - Processing /home/airflow/.local/lib/python3.8/site-packages/airflow/example_dags/example_xcom.py took 0.137 seconds
[2025-01-20T11:20:58.580+0000] {processor.py:161} INFO - Started process (PID=591) to work on /home/airflow/.local/lib/python3.8/site-packages/airflow/example_dags/example_xcom.py
[2025-01-20T11:20:58.581+0000] {processor.py:830} INFO - Processing file /home/airflow/.local/lib/python3.8/site-packages/airflow/example_dags/example_xcom.py for tasks to queue
[2025-01-20T11:20:58.584+0000] {logging_mixin.py:188} INFO - [2025-01-20T11:20:58.584+0000] {dagbag.py:538} INFO - Filling up the DagBag from /home/airflow/.local/lib/python3.8/site-packages/airflow/example_dags/example_xcom.py
[2025-01-20T11:20:58.596+0000] {processor.py:840} INFO - DAG(s) 'example_xcom' retrieved from /home/airflow/.local/lib/python3.8/site-packages/airflow/example_dags/example_xcom.py
[2025-01-20T11:20:58.630+0000] {logging_mixin.py:188} INFO - [2025-01-20T11:20:58.629+0000] {dag.py:3036} INFO - Sync 1 DAGs
[2025-01-20T11:20:58.664+0000] {logging_mixin.py:188} INFO - [2025-01-20T11:20:58.663+0000] {dag.py:3823} INFO - Setting next_dagrun for example_xcom to 2021-01-01 00:00:00+00:00, run_after=2021-01-01 00:00:00+00:00
[2025-01-20T11:20:58.697+0000] {processor.py:183} INFO - Processing /home/airflow/.local/lib/python3.8/site-packages/airflow/example_dags/example_xcom.py took 0.121 seconds
[2025-01-20T11:21:28.887+0000] {processor.py:161} INFO - Started process (PID=646) to work on /home/airflow/.local/lib/python3.8/site-packages/airflow/example_dags/example_xcom.py
[2025-01-20T11:21:28.888+0000] {processor.py:830} INFO - Processing file /home/airflow/.local/lib/python3.8/site-packages/airflow/example_dags/example_xcom.py for tasks to queue
[2025-01-20T11:21:28.891+0000] {logging_mixin.py:188} INFO - [2025-01-20T11:21:28.891+0000] {dagbag.py:538} INFO - Filling up the DagBag from /home/airflow/.local/lib/python3.8/site-packages/airflow/example_dags/example_xcom.py
[2025-01-20T11:21:28.903+0000] {processor.py:840} INFO - DAG(s) 'example_xcom' retrieved from /home/airflow/.local/lib/python3.8/site-packages/airflow/example_dags/example_xcom.py
[2025-01-20T11:21:28.942+0000] {logging_mixin.py:188} INFO - [2025-01-20T11:21:28.942+0000] {dag.py:3036} INFO - Sync 1 DAGs
[2025-01-20T11:21:28.984+0000] {logging_mixin.py:188} INFO - [2025-01-20T11:21:28.984+0000] {dag.py:3823} INFO - Setting next_dagrun for example_xcom to 2021-01-01 00:00:00+00:00, run_after=2021-01-01 00:00:00+00:00
[2025-01-20T11:21:29.018+0000] {processor.py:183} INFO - Processing /home/airflow/.local/lib/python3.8/site-packages/airflow/example_dags/example_xcom.py took 0.136 seconds
[2025-01-20T11:21:59.214+0000] {processor.py:161} INFO - Started process (PID=701) to work on /home/airflow/.local/lib/python3.8/site-packages/airflow/example_dags/example_xcom.py
[2025-01-20T11:21:59.215+0000] {processor.py:830} INFO - Processing file /home/airflow/.local/lib/python3.8/site-packages/airflow/example_dags/example_xcom.py for tasks to queue
[2025-01-20T11:21:59.219+0000] {logging_mixin.py:188} INFO - [2025-01-20T11:21:59.218+0000] {dagbag.py:538} INFO - Filling up the DagBag from /home/airflow/.local/lib/python3.8/site-packages/airflow/example_dags/example_xcom.py
[2025-01-20T11:21:59.231+0000] {processor.py:840} INFO - DAG(s) 'example_xcom' retrieved from /home/airflow/.local/lib/python3.8/site-packages/airflow/example_dags/example_xcom.py
[2025-01-20T11:21:59.270+0000] {logging_mixin.py:188} INFO - [2025-01-20T11:21:59.269+0000] {dag.py:3036} INFO - Sync 1 DAGs
[2025-01-20T11:21:59.317+0000] {logging_mixin.py:188} INFO - [2025-01-20T11:21:59.316+0000] {dag.py:3823} INFO - Setting next_dagrun for example_xcom to 2021-01-01 00:00:00+00:00, run_after=2021-01-01 00:00:00+00:00
[2025-01-20T11:21:59.353+0000] {processor.py:183} INFO - Processing /home/airflow/.local/lib/python3.8/site-packages/airflow/example_dags/example_xcom.py took 0.144 seconds
[2025-01-20T11:22:29.763+0000] {processor.py:161} INFO - Started process (PID=756) to work on /home/airflow/.local/lib/python3.8/site-packages/airflow/example_dags/example_xcom.py
[2025-01-20T11:22:29.766+0000] {processor.py:830} INFO - Processing file /home/airflow/.local/lib/python3.8/site-packages/airflow/example_dags/example_xcom.py for tasks to queue
[2025-01-20T11:22:29.772+0000] {logging_mixin.py:188} INFO - [2025-01-20T11:22:29.771+0000] {dagbag.py:538} INFO - Filling up the DagBag from /home/airflow/.local/lib/python3.8/site-packages/airflow/example_dags/example_xcom.py
[2025-01-20T11:22:29.806+0000] {processor.py:840} INFO - DAG(s) 'example_xcom' retrieved from /home/airflow/.local/lib/python3.8/site-packages/airflow/example_dags/example_xcom.py
[2025-01-20T11:22:29.863+0000] {logging_mixin.py:188} INFO - [2025-01-20T11:22:29.863+0000] {dag.py:3036} INFO - Sync 1 DAGs
[2025-01-20T11:22:29.931+0000] {logging_mixin.py:188} INFO - [2025-01-20T11:22:29.930+0000] {dag.py:3823} INFO - Setting next_dagrun for example_xcom to 2021-01-01 00:00:00+00:00, run_after=2021-01-01 00:00:00+00:00
[2025-01-20T11:22:29.995+0000] {processor.py:183} INFO - Processing /home/airflow/.local/lib/python3.8/site-packages/airflow/example_dags/example_xcom.py took 0.246 seconds
[2025-01-20T11:23:00.695+0000] {processor.py:161} INFO - Started process (PID=812) to work on /home/airflow/.local/lib/python3.8/site-packages/airflow/example_dags/example_xcom.py
[2025-01-20T11:23:00.697+0000] {processor.py:830} INFO - Processing file /home/airflow/.local/lib/python3.8/site-packages/airflow/example_dags/example_xcom.py for tasks to queue
[2025-01-20T11:23:00.701+0000] {logging_mixin.py:188} INFO - [2025-01-20T11:23:00.700+0000] {dagbag.py:538} INFO - Filling up the DagBag from /home/airflow/.local/lib/python3.8/site-packages/airflow/example_dags/example_xcom.py
[2025-01-20T11:23:00.714+0000] {processor.py:840} INFO - DAG(s) 'example_xcom' retrieved from /home/airflow/.local/lib/python3.8/site-packages/airflow/example_dags/example_xcom.py
[2025-01-20T11:23:00.753+0000] {logging_mixin.py:188} INFO - [2025-01-20T11:23:00.753+0000] {dag.py:3036} INFO - Sync 1 DAGs
[2025-01-20T11:23:00.794+0000] {logging_mixin.py:188} INFO - [2025-01-20T11:23:00.793+0000] {dag.py:3823} INFO - Setting next_dagrun for example_xcom to 2021-01-01 00:00:00+00:00, run_after=2021-01-01 00:00:00+00:00
[2025-01-20T11:23:00.826+0000] {processor.py:183} INFO - Processing /home/airflow/.local/lib/python3.8/site-packages/airflow/example_dags/example_xcom.py took 0.137 seconds
[2025-01-20T11:23:31.107+0000] {processor.py:161} INFO - Started process (PID=867) to work on /home/airflow/.local/lib/python3.8/site-packages/airflow/example_dags/example_xcom.py
[2025-01-20T11:23:31.109+0000] {processor.py:830} INFO - Processing file /home/airflow/.local/lib/python3.8/site-packages/airflow/example_dags/example_xcom.py for tasks to queue
[2025-01-20T11:23:31.113+0000] {logging_mixin.py:188} INFO - [2025-01-20T11:23:31.112+0000] {dagbag.py:538} INFO - Filling up the DagBag from /home/airflow/.local/lib/python3.8/site-packages/airflow/example_dags/example_xcom.py
[2025-01-20T11:23:31.131+0000] {processor.py:840} INFO - DAG(s) 'example_xcom' retrieved from /home/airflow/.local/lib/python3.8/site-packages/airflow/example_dags/example_xcom.py
[2025-01-20T11:23:31.171+0000] {logging_mixin.py:188} INFO - [2025-01-20T11:23:31.171+0000] {dag.py:3036} INFO - Sync 1 DAGs
[2025-01-20T11:23:31.207+0000] {logging_mixin.py:188} INFO - [2025-01-20T11:23:31.207+0000] {dag.py:3823} INFO - Setting next_dagrun for example_xcom to 2021-01-01 00:00:00+00:00, run_after=2021-01-01 00:00:00+00:00
[2025-01-20T11:23:31.234+0000] {processor.py:183} INFO - Processing /home/airflow/.local/lib/python3.8/site-packages/airflow/example_dags/example_xcom.py took 0.133 seconds
[2025-01-20T11:24:02.351+0000] {processor.py:161} INFO - Started process (PID=927) to work on /home/airflow/.local/lib/python3.8/site-packages/airflow/example_dags/example_xcom.py
[2025-01-20T11:24:02.357+0000] {processor.py:830} INFO - Processing file /home/airflow/.local/lib/python3.8/site-packages/airflow/example_dags/example_xcom.py for tasks to queue
[2025-01-20T11:24:02.363+0000] {logging_mixin.py:188} INFO - [2025-01-20T11:24:02.362+0000] {dagbag.py:538} INFO - Filling up the DagBag from /home/airflow/.local/lib/python3.8/site-packages/airflow/example_dags/example_xcom.py
[2025-01-20T11:24:02.397+0000] {processor.py:840} INFO - DAG(s) 'example_xcom' retrieved from /home/airflow/.local/lib/python3.8/site-packages/airflow/example_dags/example_xcom.py
[2025-01-20T11:24:02.448+0000] {logging_mixin.py:188} INFO - [2025-01-20T11:24:02.448+0000] {dag.py:3036} INFO - Sync 1 DAGs
[2025-01-20T11:24:02.494+0000] {logging_mixin.py:188} INFO - [2025-01-20T11:24:02.494+0000] {dag.py:3823} INFO - Setting next_dagrun for example_xcom to 2021-01-01 00:00:00+00:00, run_after=2021-01-01 00:00:00+00:00
[2025-01-20T11:24:02.523+0000] {processor.py:183} INFO - Processing /home/airflow/.local/lib/python3.8/site-packages/airflow/example_dags/example_xcom.py took 0.183 seconds
[2025-01-20T11:24:32.667+0000] {processor.py:161} INFO - Started process (PID=982) to work on /home/airflow/.local/lib/python3.8/site-packages/airflow/example_dags/example_xcom.py
[2025-01-20T11:24:32.669+0000] {processor.py:830} INFO - Processing file /home/airflow/.local/lib/python3.8/site-packages/airflow/example_dags/example_xcom.py for tasks to queue
[2025-01-20T11:24:32.672+0000] {logging_mixin.py:188} INFO - [2025-01-20T11:24:32.671+0000] {dagbag.py:538} INFO - Filling up the DagBag from /home/airflow/.local/lib/python3.8/site-packages/airflow/example_dags/example_xcom.py
[2025-01-20T11:24:32.685+0000] {processor.py:840} INFO - DAG(s) 'example_xcom' retrieved from /home/airflow/.local/lib/python3.8/site-packages/airflow/example_dags/example_xcom.py
[2025-01-20T11:24:32.724+0000] {logging_mixin.py:188} INFO - [2025-01-20T11:24:32.724+0000] {dag.py:3036} INFO - Sync 1 DAGs
[2025-01-20T11:24:32.763+0000] {logging_mixin.py:188} INFO - [2025-01-20T11:24:32.763+0000] {dag.py:3823} INFO - Setting next_dagrun for example_xcom to 2021-01-01 00:00:00+00:00, run_after=2021-01-01 00:00:00+00:00
[2025-01-20T11:24:32.798+0000] {processor.py:183} INFO - Processing /home/airflow/.local/lib/python3.8/site-packages/airflow/example_dags/example_xcom.py took 0.136 seconds
[2025-01-20T11:25:03.091+0000] {processor.py:161} INFO - Started process (PID=1037) to work on /home/airflow/.local/lib/python3.8/site-packages/airflow/example_dags/example_xcom.py
[2025-01-20T11:25:03.093+0000] {processor.py:830} INFO - Processing file /home/airflow/.local/lib/python3.8/site-packages/airflow/example_dags/example_xcom.py for tasks to queue
[2025-01-20T11:25:03.096+0000] {logging_mixin.py:188} INFO - [2025-01-20T11:25:03.095+0000] {dagbag.py:538} INFO - Filling up the DagBag from /home/airflow/.local/lib/python3.8/site-packages/airflow/example_dags/example_xcom.py
[2025-01-20T11:25:03.107+0000] {processor.py:840} INFO - DAG(s) 'example_xcom' retrieved from /home/airflow/.local/lib/python3.8/site-packages/airflow/example_dags/example_xcom.py
[2025-01-20T11:25:03.142+0000] {logging_mixin.py:188} INFO - [2025-01-20T11:25:03.142+0000] {dag.py:3036} INFO - Sync 1 DAGs
[2025-01-20T11:25:03.176+0000] {logging_mixin.py:188} INFO - [2025-01-20T11:25:03.176+0000] {dag.py:3823} INFO - Setting next_dagrun for example_xcom to 2021-01-01 00:00:00+00:00, run_after=2021-01-01 00:00:00+00:00
[2025-01-20T11:25:03.229+0000] {processor.py:183} INFO - Processing /home/airflow/.local/lib/python3.8/site-packages/airflow/example_dags/example_xcom.py took 0.142 seconds
[2025-01-20T11:25:33.892+0000] {processor.py:161} INFO - Started process (PID=1092) to work on /home/airflow/.local/lib/python3.8/site-packages/airflow/example_dags/example_xcom.py
[2025-01-20T11:25:33.899+0000] {processor.py:830} INFO - Processing file /home/airflow/.local/lib/python3.8/site-packages/airflow/example_dags/example_xcom.py for tasks to queue
[2025-01-20T11:25:33.906+0000] {logging_mixin.py:188} INFO - [2025-01-20T11:25:33.905+0000] {dagbag.py:538} INFO - Filling up the DagBag from /home/airflow/.local/lib/python3.8/site-packages/airflow/example_dags/example_xcom.py
[2025-01-20T11:25:33.929+0000] {processor.py:840} INFO - DAG(s) 'example_xcom' retrieved from /home/airflow/.local/lib/python3.8/site-packages/airflow/example_dags/example_xcom.py
[2025-01-20T11:25:33.997+0000] {logging_mixin.py:188} INFO - [2025-01-20T11:25:33.997+0000] {dag.py:3036} INFO - Sync 1 DAGs
[2025-01-20T11:25:34.054+0000] {logging_mixin.py:188} INFO - [2025-01-20T11:25:34.053+0000] {dag.py:3823} INFO - Setting next_dagrun for example_xcom to 2021-01-01 00:00:00+00:00, run_after=2021-01-01 00:00:00+00:00
[2025-01-20T11:25:34.109+0000] {processor.py:183} INFO - Processing /home/airflow/.local/lib/python3.8/site-packages/airflow/example_dags/example_xcom.py took 0.223 seconds
[2025-01-20T11:26:04.409+0000] {processor.py:161} INFO - Started process (PID=1147) to work on /home/airflow/.local/lib/python3.8/site-packages/airflow/example_dags/example_xcom.py
[2025-01-20T11:26:04.411+0000] {processor.py:830} INFO - Processing file /home/airflow/.local/lib/python3.8/site-packages/airflow/example_dags/example_xcom.py for tasks to queue
[2025-01-20T11:26:04.415+0000] {logging_mixin.py:188} INFO - [2025-01-20T11:26:04.415+0000] {dagbag.py:538} INFO - Filling up the DagBag from /home/airflow/.local/lib/python3.8/site-packages/airflow/example_dags/example_xcom.py
[2025-01-20T11:26:04.431+0000] {processor.py:840} INFO - DAG(s) 'example_xcom' retrieved from /home/airflow/.local/lib/python3.8/site-packages/airflow/example_dags/example_xcom.py
[2025-01-20T11:26:04.507+0000] {logging_mixin.py:188} INFO - [2025-01-20T11:26:04.506+0000] {dag.py:3036} INFO - Sync 1 DAGs
[2025-01-20T11:26:04.558+0000] {logging_mixin.py:188} INFO - [2025-01-20T11:26:04.558+0000] {dag.py:3823} INFO - Setting next_dagrun for example_xcom to 2021-01-01 00:00:00+00:00, run_after=2021-01-01 00:00:00+00:00
[2025-01-20T11:26:04.603+0000] {processor.py:183} INFO - Processing /home/airflow/.local/lib/python3.8/site-packages/airflow/example_dags/example_xcom.py took 0.201 seconds
[2025-01-20T11:26:35.547+0000] {processor.py:161} INFO - Started process (PID=1202) to work on /home/airflow/.local/lib/python3.8/site-packages/airflow/example_dags/example_xcom.py
[2025-01-20T11:26:35.549+0000] {processor.py:830} INFO - Processing file /home/airflow/.local/lib/python3.8/site-packages/airflow/example_dags/example_xcom.py for tasks to queue
[2025-01-20T11:26:35.553+0000] {logging_mixin.py:188} INFO - [2025-01-20T11:26:35.553+0000] {dagbag.py:538} INFO - Filling up the DagBag from /home/airflow/.local/lib/python3.8/site-packages/airflow/example_dags/example_xcom.py
[2025-01-20T11:26:35.568+0000] {processor.py:840} INFO - DAG(s) 'example_xcom' retrieved from /home/airflow/.local/lib/python3.8/site-packages/airflow/example_dags/example_xcom.py
[2025-01-20T11:26:35.610+0000] {logging_mixin.py:188} INFO - [2025-01-20T11:26:35.609+0000] {dag.py:3036} INFO - Sync 1 DAGs
[2025-01-20T11:26:35.679+0000] {logging_mixin.py:188} INFO - [2025-01-20T11:26:35.678+0000] {dag.py:3823} INFO - Setting next_dagrun for example_xcom to 2021-01-01 00:00:00+00:00, run_after=2021-01-01 00:00:00+00:00
[2025-01-20T11:26:35.718+0000] {processor.py:183} INFO - Processing /home/airflow/.local/lib/python3.8/site-packages/airflow/example_dags/example_xcom.py took 0.179 seconds
[2025-01-20T11:27:06.717+0000] {processor.py:161} INFO - Started process (PID=1257) to work on /home/airflow/.local/lib/python3.8/site-packages/airflow/example_dags/example_xcom.py
[2025-01-20T11:27:06.720+0000] {processor.py:830} INFO - Processing file /home/airflow/.local/lib/python3.8/site-packages/airflow/example_dags/example_xcom.py for tasks to queue
[2025-01-20T11:27:06.725+0000] {logging_mixin.py:188} INFO - [2025-01-20T11:27:06.724+0000] {dagbag.py:538} INFO - Filling up the DagBag from /home/airflow/.local/lib/python3.8/site-packages/airflow/example_dags/example_xcom.py
[2025-01-20T11:27:06.756+0000] {processor.py:840} INFO - DAG(s) 'example_xcom' retrieved from /home/airflow/.local/lib/python3.8/site-packages/airflow/example_dags/example_xcom.py
[2025-01-20T11:27:06.825+0000] {logging_mixin.py:188} INFO - [2025-01-20T11:27:06.824+0000] {dag.py:3036} INFO - Sync 1 DAGs
[2025-01-20T11:27:06.889+0000] {logging_mixin.py:188} INFO - [2025-01-20T11:27:06.888+0000] {dag.py:3823} INFO - Setting next_dagrun for example_xcom to 2021-01-01 00:00:00+00:00, run_after=2021-01-01 00:00:00+00:00
[2025-01-20T11:27:06.937+0000] {processor.py:183} INFO - Processing /home/airflow/.local/lib/python3.8/site-packages/airflow/example_dags/example_xcom.py took 0.232 seconds
[2025-01-20T11:27:37.031+0000] {processor.py:161} INFO - Started process (PID=1312) to work on /home/airflow/.local/lib/python3.8/site-packages/airflow/example_dags/example_xcom.py
[2025-01-20T11:27:37.033+0000] {processor.py:830} INFO - Processing file /home/airflow/.local/lib/python3.8/site-packages/airflow/example_dags/example_xcom.py for tasks to queue
[2025-01-20T11:27:37.036+0000] {logging_mixin.py:188} INFO - [2025-01-20T11:27:37.036+0000] {dagbag.py:538} INFO - Filling up the DagBag from /home/airflow/.local/lib/python3.8/site-packages/airflow/example_dags/example_xcom.py
[2025-01-20T11:27:37.054+0000] {processor.py:840} INFO - DAG(s) 'example_xcom' retrieved from /home/airflow/.local/lib/python3.8/site-packages/airflow/example_dags/example_xcom.py
[2025-01-20T11:27:37.092+0000] {logging_mixin.py:188} INFO - [2025-01-20T11:27:37.092+0000] {dag.py:3036} INFO - Sync 1 DAGs
[2025-01-20T11:27:37.134+0000] {logging_mixin.py:188} INFO - [2025-01-20T11:27:37.134+0000] {dag.py:3823} INFO - Setting next_dagrun for example_xcom to 2021-01-01 00:00:00+00:00, run_after=2021-01-01 00:00:00+00:00
[2025-01-20T11:27:37.169+0000] {processor.py:183} INFO - Processing /home/airflow/.local/lib/python3.8/site-packages/airflow/example_dags/example_xcom.py took 0.145 seconds
[2025-01-20T11:28:07.445+0000] {processor.py:161} INFO - Started process (PID=1367) to work on /home/airflow/.local/lib/python3.8/site-packages/airflow/example_dags/example_xcom.py
[2025-01-20T11:28:07.447+0000] {processor.py:830} INFO - Processing file /home/airflow/.local/lib/python3.8/site-packages/airflow/example_dags/example_xcom.py for tasks to queue
[2025-01-20T11:28:07.451+0000] {logging_mixin.py:188} INFO - [2025-01-20T11:28:07.451+0000] {dagbag.py:538} INFO - Filling up the DagBag from /home/airflow/.local/lib/python3.8/site-packages/airflow/example_dags/example_xcom.py
[2025-01-20T11:28:07.465+0000] {processor.py:840} INFO - DAG(s) 'example_xcom' retrieved from /home/airflow/.local/lib/python3.8/site-packages/airflow/example_dags/example_xcom.py
[2025-01-20T11:28:07.507+0000] {logging_mixin.py:188} INFO - [2025-01-20T11:28:07.507+0000] {dag.py:3036} INFO - Sync 1 DAGs
[2025-01-20T11:28:07.543+0000] {logging_mixin.py:188} INFO - [2025-01-20T11:28:07.543+0000] {dag.py:3823} INFO - Setting next_dagrun for example_xcom to 2021-01-01 00:00:00+00:00, run_after=2021-01-01 00:00:00+00:00
[2025-01-20T11:28:07.575+0000] {processor.py:183} INFO - Processing /home/airflow/.local/lib/python3.8/site-packages/airflow/example_dags/example_xcom.py took 0.135 seconds
[2025-01-20T11:28:37.781+0000] {processor.py:161} INFO - Started process (PID=1422) to work on /home/airflow/.local/lib/python3.8/site-packages/airflow/example_dags/example_xcom.py
[2025-01-20T11:28:37.783+0000] {processor.py:830} INFO - Processing file /home/airflow/.local/lib/python3.8/site-packages/airflow/example_dags/example_xcom.py for tasks to queue
[2025-01-20T11:28:37.787+0000] {logging_mixin.py:188} INFO - [2025-01-20T11:28:37.786+0000] {dagbag.py:538} INFO - Filling up the DagBag from /home/airflow/.local/lib/python3.8/site-packages/airflow/example_dags/example_xcom.py
[2025-01-20T11:28:37.803+0000] {processor.py:840} INFO - DAG(s) 'example_xcom' retrieved from /home/airflow/.local/lib/python3.8/site-packages/airflow/example_dags/example_xcom.py
[2025-01-20T11:28:37.841+0000] {logging_mixin.py:188} INFO - [2025-01-20T11:28:37.840+0000] {dag.py:3036} INFO - Sync 1 DAGs
[2025-01-20T11:28:37.883+0000] {logging_mixin.py:188} INFO - [2025-01-20T11:28:37.883+0000] {dag.py:3823} INFO - Setting next_dagrun for example_xcom to 2021-01-01 00:00:00+00:00, run_after=2021-01-01 00:00:00+00:00
[2025-01-20T11:28:37.929+0000] {processor.py:183} INFO - Processing /home/airflow/.local/lib/python3.8/site-packages/airflow/example_dags/example_xcom.py took 0.154 seconds
[2025-01-20T11:29:08.651+0000] {processor.py:161} INFO - Started process (PID=1477) to work on /home/airflow/.local/lib/python3.8/site-packages/airflow/example_dags/example_xcom.py
[2025-01-20T11:29:08.652+0000] {processor.py:830} INFO - Processing file /home/airflow/.local/lib/python3.8/site-packages/airflow/example_dags/example_xcom.py for tasks to queue
[2025-01-20T11:29:08.655+0000] {logging_mixin.py:188} INFO - [2025-01-20T11:29:08.655+0000] {dagbag.py:538} INFO - Filling up the DagBag from /home/airflow/.local/lib/python3.8/site-packages/airflow/example_dags/example_xcom.py
[2025-01-20T11:29:08.669+0000] {processor.py:840} INFO - DAG(s) 'example_xcom' retrieved from /home/airflow/.local/lib/python3.8/site-packages/airflow/example_dags/example_xcom.py
[2025-01-20T11:29:08.706+0000] {logging_mixin.py:188} INFO - [2025-01-20T11:29:08.705+0000] {dag.py:3036} INFO - Sync 1 DAGs
[2025-01-20T11:29:08.753+0000] {logging_mixin.py:188} INFO - [2025-01-20T11:29:08.753+0000] {dag.py:3823} INFO - Setting next_dagrun for example_xcom to 2021-01-01 00:00:00+00:00, run_after=2021-01-01 00:00:00+00:00
[2025-01-20T11:29:08.808+0000] {processor.py:183} INFO - Processing /home/airflow/.local/lib/python3.8/site-packages/airflow/example_dags/example_xcom.py took 0.163 seconds
[2025-01-20T11:29:39.437+0000] {processor.py:161} INFO - Started process (PID=1533) to work on /home/airflow/.local/lib/python3.8/site-packages/airflow/example_dags/example_xcom.py
[2025-01-20T11:29:39.438+0000] {processor.py:830} INFO - Processing file /home/airflow/.local/lib/python3.8/site-packages/airflow/example_dags/example_xcom.py for tasks to queue
[2025-01-20T11:29:39.441+0000] {logging_mixin.py:188} INFO - [2025-01-20T11:29:39.440+0000] {dagbag.py:538} INFO - Filling up the DagBag from /home/airflow/.local/lib/python3.8/site-packages/airflow/example_dags/example_xcom.py
[2025-01-20T11:29:39.453+0000] {processor.py:840} INFO - DAG(s) 'example_xcom' retrieved from /home/airflow/.local/lib/python3.8/site-packages/airflow/example_dags/example_xcom.py
[2025-01-20T11:29:39.485+0000] {logging_mixin.py:188} INFO - [2025-01-20T11:29:39.485+0000] {dag.py:3036} INFO - Sync 1 DAGs
[2025-01-20T11:29:39.528+0000] {logging_mixin.py:188} INFO - [2025-01-20T11:29:39.527+0000] {dag.py:3823} INFO - Setting next_dagrun for example_xcom to 2021-01-01 00:00:00+00:00, run_after=2021-01-01 00:00:00+00:00
[2025-01-20T11:29:39.560+0000] {processor.py:183} INFO - Processing /home/airflow/.local/lib/python3.8/site-packages/airflow/example_dags/example_xcom.py took 0.129 seconds
[2025-01-20T11:30:10.747+0000] {processor.py:161} INFO - Started process (PID=1587) to work on /home/airflow/.local/lib/python3.8/site-packages/airflow/example_dags/example_xcom.py
[2025-01-20T11:30:10.753+0000] {processor.py:830} INFO - Processing file /home/airflow/.local/lib/python3.8/site-packages/airflow/example_dags/example_xcom.py for tasks to queue
[2025-01-20T11:30:10.758+0000] {logging_mixin.py:188} INFO - [2025-01-20T11:30:10.757+0000] {dagbag.py:538} INFO - Filling up the DagBag from /home/airflow/.local/lib/python3.8/site-packages/airflow/example_dags/example_xcom.py
[2025-01-20T11:30:10.781+0000] {processor.py:840} INFO - DAG(s) 'example_xcom' retrieved from /home/airflow/.local/lib/python3.8/site-packages/airflow/example_dags/example_xcom.py
[2025-01-20T11:30:10.852+0000] {logging_mixin.py:188} INFO - [2025-01-20T11:30:10.851+0000] {dag.py:3036} INFO - Sync 1 DAGs
[2025-01-20T11:30:10.917+0000] {logging_mixin.py:188} INFO - [2025-01-20T11:30:10.916+0000] {dag.py:3823} INFO - Setting next_dagrun for example_xcom to 2021-01-01 00:00:00+00:00, run_after=2021-01-01 00:00:00+00:00
[2025-01-20T11:30:10.970+0000] {processor.py:183} INFO - Processing /home/airflow/.local/lib/python3.8/site-packages/airflow/example_dags/example_xcom.py took 0.233 seconds
