[2025-01-20T11:16:19.246+0000] {processor.py:161} INFO - Started process (PID=82) to work on /home/airflow/.local/lib/python3.8/site-packages/airflow/example_dags/example_latest_only_with_trigger.py
[2025-01-20T11:16:19.248+0000] {processor.py:830} INFO - Processing file /home/airflow/.local/lib/python3.8/site-packages/airflow/example_dags/example_latest_only_with_trigger.py for tasks to queue
[2025-01-20T11:16:19.252+0000] {logging_mixin.py:188} INFO - [2025-01-20T11:16:19.251+0000] {dagbag.py:538} INFO - Filling up the DagBag from /home/airflow/.local/lib/python3.8/site-packages/airflow/example_dags/example_latest_only_with_trigger.py
[2025-01-20T11:16:19.272+0000] {processor.py:840} INFO - DAG(s) 'latest_only_with_trigger' retrieved from /home/airflow/.local/lib/python3.8/site-packages/airflow/example_dags/example_latest_only_with_trigger.py
[2025-01-20T11:16:19.508+0000] {logging_mixin.py:188} INFO - [2025-01-20T11:16:19.508+0000] {dag.py:3036} INFO - Sync 1 DAGs
[2025-01-20T11:16:19.544+0000] {logging_mixin.py:188} INFO - [2025-01-20T11:16:19.544+0000] {dag.py:3823} INFO - Setting next_dagrun for latest_only_with_trigger to 2025-01-20 04:00:00+00:00, run_after=2025-01-20 08:00:00+00:00
[2025-01-20T11:16:19.633+0000] {processor.py:183} INFO - Processing /home/airflow/.local/lib/python3.8/site-packages/airflow/example_dags/example_latest_only_with_trigger.py took 0.392 seconds
[2025-01-20T11:16:50.054+0000] {processor.py:161} INFO - Started process (PID=137) to work on /home/airflow/.local/lib/python3.8/site-packages/airflow/example_dags/example_latest_only_with_trigger.py
[2025-01-20T11:16:50.056+0000] {processor.py:830} INFO - Processing file /home/airflow/.local/lib/python3.8/site-packages/airflow/example_dags/example_latest_only_with_trigger.py for tasks to queue
[2025-01-20T11:16:50.059+0000] {logging_mixin.py:188} INFO - [2025-01-20T11:16:50.059+0000] {dagbag.py:538} INFO - Filling up the DagBag from /home/airflow/.local/lib/python3.8/site-packages/airflow/example_dags/example_latest_only_with_trigger.py
[2025-01-20T11:16:50.069+0000] {processor.py:840} INFO - DAG(s) 'latest_only_with_trigger' retrieved from /home/airflow/.local/lib/python3.8/site-packages/airflow/example_dags/example_latest_only_with_trigger.py
[2025-01-20T11:16:50.103+0000] {logging_mixin.py:188} INFO - [2025-01-20T11:16:50.102+0000] {dag.py:3036} INFO - Sync 1 DAGs
[2025-01-20T11:16:50.150+0000] {logging_mixin.py:188} INFO - [2025-01-20T11:16:50.149+0000] {dag.py:3823} INFO - Setting next_dagrun for latest_only_with_trigger to 2025-01-20 04:00:00+00:00, run_after=2025-01-20 08:00:00+00:00
[2025-01-20T11:16:50.205+0000] {processor.py:183} INFO - Processing /home/airflow/.local/lib/python3.8/site-packages/airflow/example_dags/example_latest_only_with_trigger.py took 0.157 seconds
[2025-01-20T11:17:20.635+0000] {processor.py:161} INFO - Started process (PID=192) to work on /home/airflow/.local/lib/python3.8/site-packages/airflow/example_dags/example_latest_only_with_trigger.py
[2025-01-20T11:17:20.637+0000] {processor.py:830} INFO - Processing file /home/airflow/.local/lib/python3.8/site-packages/airflow/example_dags/example_latest_only_with_trigger.py for tasks to queue
[2025-01-20T11:17:20.640+0000] {logging_mixin.py:188} INFO - [2025-01-20T11:17:20.640+0000] {dagbag.py:538} INFO - Filling up the DagBag from /home/airflow/.local/lib/python3.8/site-packages/airflow/example_dags/example_latest_only_with_trigger.py
[2025-01-20T11:17:20.650+0000] {processor.py:840} INFO - DAG(s) 'latest_only_with_trigger' retrieved from /home/airflow/.local/lib/python3.8/site-packages/airflow/example_dags/example_latest_only_with_trigger.py
[2025-01-20T11:17:20.688+0000] {logging_mixin.py:188} INFO - [2025-01-20T11:17:20.687+0000] {dag.py:3036} INFO - Sync 1 DAGs
[2025-01-20T11:17:20.725+0000] {logging_mixin.py:188} INFO - [2025-01-20T11:17:20.725+0000] {dag.py:3823} INFO - Setting next_dagrun for latest_only_with_trigger to 2025-01-20 04:00:00+00:00, run_after=2025-01-20 08:00:00+00:00
[2025-01-20T11:17:20.798+0000] {processor.py:183} INFO - Processing /home/airflow/.local/lib/python3.8/site-packages/airflow/example_dags/example_latest_only_with_trigger.py took 0.168 seconds
[2025-01-20T11:17:51.737+0000] {processor.py:161} INFO - Started process (PID=247) to work on /home/airflow/.local/lib/python3.8/site-packages/airflow/example_dags/example_latest_only_with_trigger.py
[2025-01-20T11:17:51.740+0000] {processor.py:830} INFO - Processing file /home/airflow/.local/lib/python3.8/site-packages/airflow/example_dags/example_latest_only_with_trigger.py for tasks to queue
[2025-01-20T11:17:51.749+0000] {logging_mixin.py:188} INFO - [2025-01-20T11:17:51.748+0000] {dagbag.py:538} INFO - Filling up the DagBag from /home/airflow/.local/lib/python3.8/site-packages/airflow/example_dags/example_latest_only_with_trigger.py
[2025-01-20T11:17:51.775+0000] {processor.py:840} INFO - DAG(s) 'latest_only_with_trigger' retrieved from /home/airflow/.local/lib/python3.8/site-packages/airflow/example_dags/example_latest_only_with_trigger.py
[2025-01-20T11:17:51.844+0000] {logging_mixin.py:188} INFO - [2025-01-20T11:17:51.844+0000] {dag.py:3036} INFO - Sync 1 DAGs
[2025-01-20T11:17:51.937+0000] {logging_mixin.py:188} INFO - [2025-01-20T11:17:51.937+0000] {dag.py:3823} INFO - Setting next_dagrun for latest_only_with_trigger to 2025-01-20 04:00:00+00:00, run_after=2025-01-20 08:00:00+00:00
[2025-01-20T11:17:51.981+0000] {processor.py:183} INFO - Processing /home/airflow/.local/lib/python3.8/site-packages/airflow/example_dags/example_latest_only_with_trigger.py took 0.263 seconds
[2025-01-20T11:18:22.125+0000] {processor.py:161} INFO - Started process (PID=302) to work on /home/airflow/.local/lib/python3.8/site-packages/airflow/example_dags/example_latest_only_with_trigger.py
[2025-01-20T11:18:22.127+0000] {processor.py:830} INFO - Processing file /home/airflow/.local/lib/python3.8/site-packages/airflow/example_dags/example_latest_only_with_trigger.py for tasks to queue
[2025-01-20T11:18:22.131+0000] {logging_mixin.py:188} INFO - [2025-01-20T11:18:22.130+0000] {dagbag.py:538} INFO - Filling up the DagBag from /home/airflow/.local/lib/python3.8/site-packages/airflow/example_dags/example_latest_only_with_trigger.py
[2025-01-20T11:18:22.146+0000] {processor.py:840} INFO - DAG(s) 'latest_only_with_trigger' retrieved from /home/airflow/.local/lib/python3.8/site-packages/airflow/example_dags/example_latest_only_with_trigger.py
[2025-01-20T11:18:22.196+0000] {logging_mixin.py:188} INFO - [2025-01-20T11:18:22.196+0000] {dag.py:3036} INFO - Sync 1 DAGs
[2025-01-20T11:18:22.241+0000] {logging_mixin.py:188} INFO - [2025-01-20T11:18:22.241+0000] {dag.py:3823} INFO - Setting next_dagrun for latest_only_with_trigger to 2025-01-20 04:00:00+00:00, run_after=2025-01-20 08:00:00+00:00
[2025-01-20T11:18:22.292+0000] {processor.py:183} INFO - Processing /home/airflow/.local/lib/python3.8/site-packages/airflow/example_dags/example_latest_only_with_trigger.py took 0.173 seconds
[2025-01-20T11:18:52.634+0000] {processor.py:161} INFO - Started process (PID=357) to work on /home/airflow/.local/lib/python3.8/site-packages/airflow/example_dags/example_latest_only_with_trigger.py
[2025-01-20T11:18:52.636+0000] {processor.py:830} INFO - Processing file /home/airflow/.local/lib/python3.8/site-packages/airflow/example_dags/example_latest_only_with_trigger.py for tasks to queue
[2025-01-20T11:18:52.640+0000] {logging_mixin.py:188} INFO - [2025-01-20T11:18:52.639+0000] {dagbag.py:538} INFO - Filling up the DagBag from /home/airflow/.local/lib/python3.8/site-packages/airflow/example_dags/example_latest_only_with_trigger.py
[2025-01-20T11:18:52.651+0000] {processor.py:840} INFO - DAG(s) 'latest_only_with_trigger' retrieved from /home/airflow/.local/lib/python3.8/site-packages/airflow/example_dags/example_latest_only_with_trigger.py
[2025-01-20T11:18:52.689+0000] {logging_mixin.py:188} INFO - [2025-01-20T11:18:52.688+0000] {dag.py:3036} INFO - Sync 1 DAGs
[2025-01-20T11:18:52.729+0000] {logging_mixin.py:188} INFO - [2025-01-20T11:18:52.728+0000] {dag.py:3823} INFO - Setting next_dagrun for latest_only_with_trigger to 2025-01-20 04:00:00+00:00, run_after=2025-01-20 08:00:00+00:00
[2025-01-20T11:18:52.781+0000] {processor.py:183} INFO - Processing /home/airflow/.local/lib/python3.8/site-packages/airflow/example_dags/example_latest_only_with_trigger.py took 0.155 seconds
[2025-01-20T11:19:23.164+0000] {processor.py:161} INFO - Started process (PID=412) to work on /home/airflow/.local/lib/python3.8/site-packages/airflow/example_dags/example_latest_only_with_trigger.py
[2025-01-20T11:19:23.165+0000] {processor.py:830} INFO - Processing file /home/airflow/.local/lib/python3.8/site-packages/airflow/example_dags/example_latest_only_with_trigger.py for tasks to queue
[2025-01-20T11:19:23.168+0000] {logging_mixin.py:188} INFO - [2025-01-20T11:19:23.167+0000] {dagbag.py:538} INFO - Filling up the DagBag from /home/airflow/.local/lib/python3.8/site-packages/airflow/example_dags/example_latest_only_with_trigger.py
[2025-01-20T11:19:23.176+0000] {processor.py:840} INFO - DAG(s) 'latest_only_with_trigger' retrieved from /home/airflow/.local/lib/python3.8/site-packages/airflow/example_dags/example_latest_only_with_trigger.py
[2025-01-20T11:19:23.208+0000] {logging_mixin.py:188} INFO - [2025-01-20T11:19:23.208+0000] {dag.py:3036} INFO - Sync 1 DAGs
[2025-01-20T11:19:23.241+0000] {logging_mixin.py:188} INFO - [2025-01-20T11:19:23.241+0000] {dag.py:3823} INFO - Setting next_dagrun for latest_only_with_trigger to 2025-01-20 04:00:00+00:00, run_after=2025-01-20 08:00:00+00:00
[2025-01-20T11:19:23.271+0000] {processor.py:183} INFO - Processing /home/airflow/.local/lib/python3.8/site-packages/airflow/example_dags/example_latest_only_with_trigger.py took 0.111 seconds
[2025-01-20T11:19:54.143+0000] {processor.py:161} INFO - Started process (PID=467) to work on /home/airflow/.local/lib/python3.8/site-packages/airflow/example_dags/example_latest_only_with_trigger.py
[2025-01-20T11:19:54.145+0000] {processor.py:830} INFO - Processing file /home/airflow/.local/lib/python3.8/site-packages/airflow/example_dags/example_latest_only_with_trigger.py for tasks to queue
[2025-01-20T11:19:54.148+0000] {logging_mixin.py:188} INFO - [2025-01-20T11:19:54.148+0000] {dagbag.py:538} INFO - Filling up the DagBag from /home/airflow/.local/lib/python3.8/site-packages/airflow/example_dags/example_latest_only_with_trigger.py
[2025-01-20T11:19:54.160+0000] {processor.py:840} INFO - DAG(s) 'latest_only_with_trigger' retrieved from /home/airflow/.local/lib/python3.8/site-packages/airflow/example_dags/example_latest_only_with_trigger.py
[2025-01-20T11:19:54.206+0000] {logging_mixin.py:188} INFO - [2025-01-20T11:19:54.206+0000] {dag.py:3036} INFO - Sync 1 DAGs
[2025-01-20T11:19:54.244+0000] {logging_mixin.py:188} INFO - [2025-01-20T11:19:54.244+0000] {dag.py:3823} INFO - Setting next_dagrun for latest_only_with_trigger to 2025-01-20 04:00:00+00:00, run_after=2025-01-20 08:00:00+00:00
[2025-01-20T11:19:54.286+0000] {processor.py:183} INFO - Processing /home/airflow/.local/lib/python3.8/site-packages/airflow/example_dags/example_latest_only_with_trigger.py took 0.148 seconds
[2025-01-20T11:20:24.421+0000] {processor.py:161} INFO - Started process (PID=522) to work on /home/airflow/.local/lib/python3.8/site-packages/airflow/example_dags/example_latest_only_with_trigger.py
[2025-01-20T11:20:24.424+0000] {processor.py:830} INFO - Processing file /home/airflow/.local/lib/python3.8/site-packages/airflow/example_dags/example_latest_only_with_trigger.py for tasks to queue
[2025-01-20T11:20:24.429+0000] {logging_mixin.py:188} INFO - [2025-01-20T11:20:24.428+0000] {dagbag.py:538} INFO - Filling up the DagBag from /home/airflow/.local/lib/python3.8/site-packages/airflow/example_dags/example_latest_only_with_trigger.py
[2025-01-20T11:20:24.441+0000] {processor.py:840} INFO - DAG(s) 'latest_only_with_trigger' retrieved from /home/airflow/.local/lib/python3.8/site-packages/airflow/example_dags/example_latest_only_with_trigger.py
[2025-01-20T11:20:24.487+0000] {logging_mixin.py:188} INFO - [2025-01-20T11:20:24.486+0000] {dag.py:3036} INFO - Sync 1 DAGs
[2025-01-20T11:20:24.533+0000] {logging_mixin.py:188} INFO - [2025-01-20T11:20:24.533+0000] {dag.py:3823} INFO - Setting next_dagrun for latest_only_with_trigger to 2025-01-20 04:00:00+00:00, run_after=2025-01-20 08:00:00+00:00
[2025-01-20T11:20:24.584+0000] {processor.py:183} INFO - Processing /home/airflow/.local/lib/python3.8/site-packages/airflow/example_dags/example_latest_only_with_trigger.py took 0.171 seconds
[2025-01-20T11:20:55.045+0000] {processor.py:161} INFO - Started process (PID=577) to work on /home/airflow/.local/lib/python3.8/site-packages/airflow/example_dags/example_latest_only_with_trigger.py
[2025-01-20T11:20:55.048+0000] {processor.py:830} INFO - Processing file /home/airflow/.local/lib/python3.8/site-packages/airflow/example_dags/example_latest_only_with_trigger.py for tasks to queue
[2025-01-20T11:20:55.053+0000] {logging_mixin.py:188} INFO - [2025-01-20T11:20:55.051+0000] {dagbag.py:538} INFO - Filling up the DagBag from /home/airflow/.local/lib/python3.8/site-packages/airflow/example_dags/example_latest_only_with_trigger.py
[2025-01-20T11:20:55.069+0000] {processor.py:840} INFO - DAG(s) 'latest_only_with_trigger' retrieved from /home/airflow/.local/lib/python3.8/site-packages/airflow/example_dags/example_latest_only_with_trigger.py
[2025-01-20T11:20:55.110+0000] {logging_mixin.py:188} INFO - [2025-01-20T11:20:55.110+0000] {dag.py:3036} INFO - Sync 1 DAGs
[2025-01-20T11:20:55.153+0000] {logging_mixin.py:188} INFO - [2025-01-20T11:20:55.153+0000] {dag.py:3823} INFO - Setting next_dagrun for latest_only_with_trigger to 2025-01-20 04:00:00+00:00, run_after=2025-01-20 08:00:00+00:00
[2025-01-20T11:20:55.204+0000] {processor.py:183} INFO - Processing /home/airflow/.local/lib/python3.8/site-packages/airflow/example_dags/example_latest_only_with_trigger.py took 0.166 seconds
[2025-01-20T11:21:25.481+0000] {processor.py:161} INFO - Started process (PID=632) to work on /home/airflow/.local/lib/python3.8/site-packages/airflow/example_dags/example_latest_only_with_trigger.py
[2025-01-20T11:21:25.483+0000] {processor.py:830} INFO - Processing file /home/airflow/.local/lib/python3.8/site-packages/airflow/example_dags/example_latest_only_with_trigger.py for tasks to queue
[2025-01-20T11:21:25.487+0000] {logging_mixin.py:188} INFO - [2025-01-20T11:21:25.487+0000] {dagbag.py:538} INFO - Filling up the DagBag from /home/airflow/.local/lib/python3.8/site-packages/airflow/example_dags/example_latest_only_with_trigger.py
[2025-01-20T11:21:25.497+0000] {processor.py:840} INFO - DAG(s) 'latest_only_with_trigger' retrieved from /home/airflow/.local/lib/python3.8/site-packages/airflow/example_dags/example_latest_only_with_trigger.py
[2025-01-20T11:21:25.535+0000] {logging_mixin.py:188} INFO - [2025-01-20T11:21:25.534+0000] {dag.py:3036} INFO - Sync 1 DAGs
[2025-01-20T11:21:25.581+0000] {logging_mixin.py:188} INFO - [2025-01-20T11:21:25.580+0000] {dag.py:3823} INFO - Setting next_dagrun for latest_only_with_trigger to 2025-01-20 04:00:00+00:00, run_after=2025-01-20 08:00:00+00:00
[2025-01-20T11:21:25.621+0000] {processor.py:183} INFO - Processing /home/airflow/.local/lib/python3.8/site-packages/airflow/example_dags/example_latest_only_with_trigger.py took 0.148 seconds
[2025-01-20T11:21:55.791+0000] {processor.py:161} INFO - Started process (PID=687) to work on /home/airflow/.local/lib/python3.8/site-packages/airflow/example_dags/example_latest_only_with_trigger.py
[2025-01-20T11:21:55.793+0000] {processor.py:830} INFO - Processing file /home/airflow/.local/lib/python3.8/site-packages/airflow/example_dags/example_latest_only_with_trigger.py for tasks to queue
[2025-01-20T11:21:55.796+0000] {logging_mixin.py:188} INFO - [2025-01-20T11:21:55.795+0000] {dagbag.py:538} INFO - Filling up the DagBag from /home/airflow/.local/lib/python3.8/site-packages/airflow/example_dags/example_latest_only_with_trigger.py
[2025-01-20T11:21:55.804+0000] {processor.py:840} INFO - DAG(s) 'latest_only_with_trigger' retrieved from /home/airflow/.local/lib/python3.8/site-packages/airflow/example_dags/example_latest_only_with_trigger.py
[2025-01-20T11:21:55.845+0000] {logging_mixin.py:188} INFO - [2025-01-20T11:21:55.845+0000] {dag.py:3036} INFO - Sync 1 DAGs
[2025-01-20T11:21:55.887+0000] {logging_mixin.py:188} INFO - [2025-01-20T11:21:55.887+0000] {dag.py:3823} INFO - Setting next_dagrun for latest_only_with_trigger to 2025-01-20 04:00:00+00:00, run_after=2025-01-20 08:00:00+00:00
[2025-01-20T11:21:55.935+0000] {processor.py:183} INFO - Processing /home/airflow/.local/lib/python3.8/site-packages/airflow/example_dags/example_latest_only_with_trigger.py took 0.148 seconds
[2025-01-20T11:22:26.228+0000] {processor.py:161} INFO - Started process (PID=742) to work on /home/airflow/.local/lib/python3.8/site-packages/airflow/example_dags/example_latest_only_with_trigger.py
[2025-01-20T11:22:26.231+0000] {processor.py:830} INFO - Processing file /home/airflow/.local/lib/python3.8/site-packages/airflow/example_dags/example_latest_only_with_trigger.py for tasks to queue
[2025-01-20T11:22:26.238+0000] {logging_mixin.py:188} INFO - [2025-01-20T11:22:26.237+0000] {dagbag.py:538} INFO - Filling up the DagBag from /home/airflow/.local/lib/python3.8/site-packages/airflow/example_dags/example_latest_only_with_trigger.py
[2025-01-20T11:22:26.261+0000] {processor.py:840} INFO - DAG(s) 'latest_only_with_trigger' retrieved from /home/airflow/.local/lib/python3.8/site-packages/airflow/example_dags/example_latest_only_with_trigger.py
[2025-01-20T11:22:26.335+0000] {logging_mixin.py:188} INFO - [2025-01-20T11:22:26.334+0000] {dag.py:3036} INFO - Sync 1 DAGs
[2025-01-20T11:22:26.418+0000] {logging_mixin.py:188} INFO - [2025-01-20T11:22:26.416+0000] {dag.py:3823} INFO - Setting next_dagrun for latest_only_with_trigger to 2025-01-20 04:00:00+00:00, run_after=2025-01-20 08:00:00+00:00
[2025-01-20T11:22:26.519+0000] {processor.py:183} INFO - Processing /home/airflow/.local/lib/python3.8/site-packages/airflow/example_dags/example_latest_only_with_trigger.py took 0.300 seconds
[2025-01-20T11:22:56.617+0000] {processor.py:161} INFO - Started process (PID=798) to work on /home/airflow/.local/lib/python3.8/site-packages/airflow/example_dags/example_latest_only_with_trigger.py
[2025-01-20T11:22:56.619+0000] {processor.py:830} INFO - Processing file /home/airflow/.local/lib/python3.8/site-packages/airflow/example_dags/example_latest_only_with_trigger.py for tasks to queue
[2025-01-20T11:22:56.624+0000] {logging_mixin.py:188} INFO - [2025-01-20T11:22:56.623+0000] {dagbag.py:538} INFO - Filling up the DagBag from /home/airflow/.local/lib/python3.8/site-packages/airflow/example_dags/example_latest_only_with_trigger.py
[2025-01-20T11:22:56.641+0000] {processor.py:840} INFO - DAG(s) 'latest_only_with_trigger' retrieved from /home/airflow/.local/lib/python3.8/site-packages/airflow/example_dags/example_latest_only_with_trigger.py
[2025-01-20T11:22:56.707+0000] {logging_mixin.py:188} INFO - [2025-01-20T11:22:56.706+0000] {dag.py:3036} INFO - Sync 1 DAGs
[2025-01-20T11:22:56.853+0000] {logging_mixin.py:188} INFO - [2025-01-20T11:22:56.852+0000] {dag.py:3823} INFO - Setting next_dagrun for latest_only_with_trigger to 2025-01-20 04:00:00+00:00, run_after=2025-01-20 08:00:00+00:00
[2025-01-20T11:22:57.017+0000] {processor.py:183} INFO - Processing /home/airflow/.local/lib/python3.8/site-packages/airflow/example_dags/example_latest_only_with_trigger.py took 0.407 seconds
[2025-01-20T11:23:27.783+0000] {processor.py:161} INFO - Started process (PID=853) to work on /home/airflow/.local/lib/python3.8/site-packages/airflow/example_dags/example_latest_only_with_trigger.py
[2025-01-20T11:23:27.785+0000] {processor.py:830} INFO - Processing file /home/airflow/.local/lib/python3.8/site-packages/airflow/example_dags/example_latest_only_with_trigger.py for tasks to queue
[2025-01-20T11:23:27.789+0000] {logging_mixin.py:188} INFO - [2025-01-20T11:23:27.788+0000] {dagbag.py:538} INFO - Filling up the DagBag from /home/airflow/.local/lib/python3.8/site-packages/airflow/example_dags/example_latest_only_with_trigger.py
[2025-01-20T11:23:27.805+0000] {processor.py:840} INFO - DAG(s) 'latest_only_with_trigger' retrieved from /home/airflow/.local/lib/python3.8/site-packages/airflow/example_dags/example_latest_only_with_trigger.py
[2025-01-20T11:23:27.848+0000] {logging_mixin.py:188} INFO - [2025-01-20T11:23:27.847+0000] {dag.py:3036} INFO - Sync 1 DAGs
[2025-01-20T11:23:27.888+0000] {logging_mixin.py:188} INFO - [2025-01-20T11:23:27.887+0000] {dag.py:3823} INFO - Setting next_dagrun for latest_only_with_trigger to 2025-01-20 04:00:00+00:00, run_after=2025-01-20 08:00:00+00:00
[2025-01-20T11:23:27.920+0000] {processor.py:183} INFO - Processing /home/airflow/.local/lib/python3.8/site-packages/airflow/example_dags/example_latest_only_with_trigger.py took 0.144 seconds
[2025-01-20T11:23:58.300+0000] {processor.py:161} INFO - Started process (PID=908) to work on /home/airflow/.local/lib/python3.8/site-packages/airflow/example_dags/example_latest_only_with_trigger.py
[2025-01-20T11:23:58.302+0000] {processor.py:830} INFO - Processing file /home/airflow/.local/lib/python3.8/site-packages/airflow/example_dags/example_latest_only_with_trigger.py for tasks to queue
[2025-01-20T11:23:58.306+0000] {logging_mixin.py:188} INFO - [2025-01-20T11:23:58.305+0000] {dagbag.py:538} INFO - Filling up the DagBag from /home/airflow/.local/lib/python3.8/site-packages/airflow/example_dags/example_latest_only_with_trigger.py
[2025-01-20T11:23:58.317+0000] {processor.py:840} INFO - DAG(s) 'latest_only_with_trigger' retrieved from /home/airflow/.local/lib/python3.8/site-packages/airflow/example_dags/example_latest_only_with_trigger.py
[2025-01-20T11:23:58.350+0000] {logging_mixin.py:188} INFO - [2025-01-20T11:23:58.350+0000] {dag.py:3036} INFO - Sync 1 DAGs
[2025-01-20T11:23:58.384+0000] {logging_mixin.py:188} INFO - [2025-01-20T11:23:58.383+0000] {dag.py:3823} INFO - Setting next_dagrun for latest_only_with_trigger to 2025-01-20 04:00:00+00:00, run_after=2025-01-20 08:00:00+00:00
[2025-01-20T11:23:58.431+0000] {processor.py:183} INFO - Processing /home/airflow/.local/lib/python3.8/site-packages/airflow/example_dags/example_latest_only_with_trigger.py took 0.140 seconds
[2025-01-20T11:24:29.190+0000] {processor.py:161} INFO - Started process (PID=962) to work on /home/airflow/.local/lib/python3.8/site-packages/airflow/example_dags/example_latest_only_with_trigger.py
[2025-01-20T11:24:29.191+0000] {processor.py:830} INFO - Processing file /home/airflow/.local/lib/python3.8/site-packages/airflow/example_dags/example_latest_only_with_trigger.py for tasks to queue
[2025-01-20T11:24:29.194+0000] {logging_mixin.py:188} INFO - [2025-01-20T11:24:29.194+0000] {dagbag.py:538} INFO - Filling up the DagBag from /home/airflow/.local/lib/python3.8/site-packages/airflow/example_dags/example_latest_only_with_trigger.py
[2025-01-20T11:24:29.206+0000] {processor.py:840} INFO - DAG(s) 'latest_only_with_trigger' retrieved from /home/airflow/.local/lib/python3.8/site-packages/airflow/example_dags/example_latest_only_with_trigger.py
[2025-01-20T11:24:29.256+0000] {logging_mixin.py:188} INFO - [2025-01-20T11:24:29.256+0000] {dag.py:3036} INFO - Sync 1 DAGs
[2025-01-20T11:24:29.303+0000] {logging_mixin.py:188} INFO - [2025-01-20T11:24:29.303+0000] {dag.py:3823} INFO - Setting next_dagrun for latest_only_with_trigger to 2025-01-20 04:00:00+00:00, run_after=2025-01-20 08:00:00+00:00
[2025-01-20T11:24:29.347+0000] {processor.py:183} INFO - Processing /home/airflow/.local/lib/python3.8/site-packages/airflow/example_dags/example_latest_only_with_trigger.py took 0.163 seconds
[2025-01-20T11:24:59.409+0000] {processor.py:161} INFO - Started process (PID=1017) to work on /home/airflow/.local/lib/python3.8/site-packages/airflow/example_dags/example_latest_only_with_trigger.py
[2025-01-20T11:24:59.411+0000] {processor.py:830} INFO - Processing file /home/airflow/.local/lib/python3.8/site-packages/airflow/example_dags/example_latest_only_with_trigger.py for tasks to queue
[2025-01-20T11:24:59.414+0000] {logging_mixin.py:188} INFO - [2025-01-20T11:24:59.413+0000] {dagbag.py:538} INFO - Filling up the DagBag from /home/airflow/.local/lib/python3.8/site-packages/airflow/example_dags/example_latest_only_with_trigger.py
[2025-01-20T11:24:59.422+0000] {processor.py:840} INFO - DAG(s) 'latest_only_with_trigger' retrieved from /home/airflow/.local/lib/python3.8/site-packages/airflow/example_dags/example_latest_only_with_trigger.py
[2025-01-20T11:24:59.453+0000] {logging_mixin.py:188} INFO - [2025-01-20T11:24:59.452+0000] {dag.py:3036} INFO - Sync 1 DAGs
[2025-01-20T11:24:59.483+0000] {logging_mixin.py:188} INFO - [2025-01-20T11:24:59.482+0000] {dag.py:3823} INFO - Setting next_dagrun for latest_only_with_trigger to 2025-01-20 04:00:00+00:00, run_after=2025-01-20 08:00:00+00:00
[2025-01-20T11:24:59.516+0000] {processor.py:183} INFO - Processing /home/airflow/.local/lib/python3.8/site-packages/airflow/example_dags/example_latest_only_with_trigger.py took 0.112 seconds
[2025-01-20T11:25:29.913+0000] {processor.py:161} INFO - Started process (PID=1072) to work on /home/airflow/.local/lib/python3.8/site-packages/airflow/example_dags/example_latest_only_with_trigger.py
[2025-01-20T11:25:29.915+0000] {processor.py:830} INFO - Processing file /home/airflow/.local/lib/python3.8/site-packages/airflow/example_dags/example_latest_only_with_trigger.py for tasks to queue
[2025-01-20T11:25:29.918+0000] {logging_mixin.py:188} INFO - [2025-01-20T11:25:29.918+0000] {dagbag.py:538} INFO - Filling up the DagBag from /home/airflow/.local/lib/python3.8/site-packages/airflow/example_dags/example_latest_only_with_trigger.py
[2025-01-20T11:25:29.927+0000] {processor.py:840} INFO - DAG(s) 'latest_only_with_trigger' retrieved from /home/airflow/.local/lib/python3.8/site-packages/airflow/example_dags/example_latest_only_with_trigger.py
[2025-01-20T11:25:29.964+0000] {logging_mixin.py:188} INFO - [2025-01-20T11:25:29.963+0000] {dag.py:3036} INFO - Sync 1 DAGs
[2025-01-20T11:25:30.010+0000] {logging_mixin.py:188} INFO - [2025-01-20T11:25:30.009+0000] {dag.py:3823} INFO - Setting next_dagrun for latest_only_with_trigger to 2025-01-20 04:00:00+00:00, run_after=2025-01-20 08:00:00+00:00
[2025-01-20T11:25:30.053+0000] {processor.py:183} INFO - Processing /home/airflow/.local/lib/python3.8/site-packages/airflow/example_dags/example_latest_only_with_trigger.py took 0.146 seconds
[2025-01-20T11:26:00.253+0000] {processor.py:161} INFO - Started process (PID=1127) to work on /home/airflow/.local/lib/python3.8/site-packages/airflow/example_dags/example_latest_only_with_trigger.py
[2025-01-20T11:26:00.257+0000] {processor.py:830} INFO - Processing file /home/airflow/.local/lib/python3.8/site-packages/airflow/example_dags/example_latest_only_with_trigger.py for tasks to queue
[2025-01-20T11:26:00.261+0000] {logging_mixin.py:188} INFO - [2025-01-20T11:26:00.260+0000] {dagbag.py:538} INFO - Filling up the DagBag from /home/airflow/.local/lib/python3.8/site-packages/airflow/example_dags/example_latest_only_with_trigger.py
[2025-01-20T11:26:00.280+0000] {processor.py:840} INFO - DAG(s) 'latest_only_with_trigger' retrieved from /home/airflow/.local/lib/python3.8/site-packages/airflow/example_dags/example_latest_only_with_trigger.py
[2025-01-20T11:26:00.353+0000] {logging_mixin.py:188} INFO - [2025-01-20T11:26:00.351+0000] {dag.py:3036} INFO - Sync 1 DAGs
[2025-01-20T11:26:00.469+0000] {logging_mixin.py:188} INFO - [2025-01-20T11:26:00.468+0000] {dag.py:3823} INFO - Setting next_dagrun for latest_only_with_trigger to 2025-01-20 04:00:00+00:00, run_after=2025-01-20 08:00:00+00:00
[2025-01-20T11:26:00.513+0000] {processor.py:183} INFO - Processing /home/airflow/.local/lib/python3.8/site-packages/airflow/example_dags/example_latest_only_with_trigger.py took 0.273 seconds
[2025-01-20T11:26:31.385+0000] {processor.py:161} INFO - Started process (PID=1182) to work on /home/airflow/.local/lib/python3.8/site-packages/airflow/example_dags/example_latest_only_with_trigger.py
[2025-01-20T11:26:31.387+0000] {processor.py:830} INFO - Processing file /home/airflow/.local/lib/python3.8/site-packages/airflow/example_dags/example_latest_only_with_trigger.py for tasks to queue
[2025-01-20T11:26:31.390+0000] {logging_mixin.py:188} INFO - [2025-01-20T11:26:31.389+0000] {dagbag.py:538} INFO - Filling up the DagBag from /home/airflow/.local/lib/python3.8/site-packages/airflow/example_dags/example_latest_only_with_trigger.py
[2025-01-20T11:26:31.401+0000] {processor.py:840} INFO - DAG(s) 'latest_only_with_trigger' retrieved from /home/airflow/.local/lib/python3.8/site-packages/airflow/example_dags/example_latest_only_with_trigger.py
[2025-01-20T11:26:31.442+0000] {logging_mixin.py:188} INFO - [2025-01-20T11:26:31.441+0000] {dag.py:3036} INFO - Sync 1 DAGs
[2025-01-20T11:26:31.483+0000] {logging_mixin.py:188} INFO - [2025-01-20T11:26:31.483+0000] {dag.py:3823} INFO - Setting next_dagrun for latest_only_with_trigger to 2025-01-20 04:00:00+00:00, run_after=2025-01-20 08:00:00+00:00
[2025-01-20T11:26:31.518+0000] {processor.py:183} INFO - Processing /home/airflow/.local/lib/python3.8/site-packages/airflow/example_dags/example_latest_only_with_trigger.py took 0.137 seconds
[2025-01-20T11:27:01.755+0000] {processor.py:161} INFO - Started process (PID=1237) to work on /home/airflow/.local/lib/python3.8/site-packages/airflow/example_dags/example_latest_only_with_trigger.py
[2025-01-20T11:27:01.758+0000] {processor.py:830} INFO - Processing file /home/airflow/.local/lib/python3.8/site-packages/airflow/example_dags/example_latest_only_with_trigger.py for tasks to queue
[2025-01-20T11:27:01.766+0000] {logging_mixin.py:188} INFO - [2025-01-20T11:27:01.764+0000] {dagbag.py:538} INFO - Filling up the DagBag from /home/airflow/.local/lib/python3.8/site-packages/airflow/example_dags/example_latest_only_with_trigger.py
[2025-01-20T11:27:01.804+0000] {processor.py:840} INFO - DAG(s) 'latest_only_with_trigger' retrieved from /home/airflow/.local/lib/python3.8/site-packages/airflow/example_dags/example_latest_only_with_trigger.py
[2025-01-20T11:27:01.993+0000] {logging_mixin.py:188} INFO - [2025-01-20T11:27:01.992+0000] {dag.py:3036} INFO - Sync 1 DAGs
[2025-01-20T11:27:02.129+0000] {logging_mixin.py:188} INFO - [2025-01-20T11:27:02.128+0000] {dag.py:3823} INFO - Setting next_dagrun for latest_only_with_trigger to 2025-01-20 04:00:00+00:00, run_after=2025-01-20 08:00:00+00:00
[2025-01-20T11:27:02.212+0000] {processor.py:183} INFO - Processing /home/airflow/.local/lib/python3.8/site-packages/airflow/example_dags/example_latest_only_with_trigger.py took 0.474 seconds
[2025-01-20T11:27:32.599+0000] {processor.py:161} INFO - Started process (PID=1292) to work on /home/airflow/.local/lib/python3.8/site-packages/airflow/example_dags/example_latest_only_with_trigger.py
[2025-01-20T11:27:32.602+0000] {processor.py:830} INFO - Processing file /home/airflow/.local/lib/python3.8/site-packages/airflow/example_dags/example_latest_only_with_trigger.py for tasks to queue
[2025-01-20T11:27:32.606+0000] {logging_mixin.py:188} INFO - [2025-01-20T11:27:32.606+0000] {dagbag.py:538} INFO - Filling up the DagBag from /home/airflow/.local/lib/python3.8/site-packages/airflow/example_dags/example_latest_only_with_trigger.py
[2025-01-20T11:27:32.618+0000] {processor.py:840} INFO - DAG(s) 'latest_only_with_trigger' retrieved from /home/airflow/.local/lib/python3.8/site-packages/airflow/example_dags/example_latest_only_with_trigger.py
[2025-01-20T11:27:32.662+0000] {logging_mixin.py:188} INFO - [2025-01-20T11:27:32.662+0000] {dag.py:3036} INFO - Sync 1 DAGs
[2025-01-20T11:27:32.713+0000] {logging_mixin.py:188} INFO - [2025-01-20T11:27:32.712+0000] {dag.py:3823} INFO - Setting next_dagrun for latest_only_with_trigger to 2025-01-20 04:00:00+00:00, run_after=2025-01-20 08:00:00+00:00
[2025-01-20T11:27:32.754+0000] {processor.py:183} INFO - Processing /home/airflow/.local/lib/python3.8/site-packages/airflow/example_dags/example_latest_only_with_trigger.py took 0.164 seconds
[2025-01-20T11:28:03.255+0000] {processor.py:161} INFO - Started process (PID=1353) to work on /home/airflow/.local/lib/python3.8/site-packages/airflow/example_dags/example_latest_only_with_trigger.py
[2025-01-20T11:28:03.257+0000] {processor.py:830} INFO - Processing file /home/airflow/.local/lib/python3.8/site-packages/airflow/example_dags/example_latest_only_with_trigger.py for tasks to queue
[2025-01-20T11:28:03.260+0000] {logging_mixin.py:188} INFO - [2025-01-20T11:28:03.259+0000] {dagbag.py:538} INFO - Filling up the DagBag from /home/airflow/.local/lib/python3.8/site-packages/airflow/example_dags/example_latest_only_with_trigger.py
[2025-01-20T11:28:03.269+0000] {processor.py:840} INFO - DAG(s) 'latest_only_with_trigger' retrieved from /home/airflow/.local/lib/python3.8/site-packages/airflow/example_dags/example_latest_only_with_trigger.py
[2025-01-20T11:28:03.300+0000] {logging_mixin.py:188} INFO - [2025-01-20T11:28:03.300+0000] {dag.py:3036} INFO - Sync 1 DAGs
[2025-01-20T11:28:03.332+0000] {logging_mixin.py:188} INFO - [2025-01-20T11:28:03.332+0000] {dag.py:3823} INFO - Setting next_dagrun for latest_only_with_trigger to 2025-01-20 04:00:00+00:00, run_after=2025-01-20 08:00:00+00:00
[2025-01-20T11:28:03.362+0000] {processor.py:183} INFO - Processing /home/airflow/.local/lib/python3.8/site-packages/airflow/example_dags/example_latest_only_with_trigger.py took 0.111 seconds
[2025-01-20T11:28:33.495+0000] {processor.py:161} INFO - Started process (PID=1408) to work on /home/airflow/.local/lib/python3.8/site-packages/airflow/example_dags/example_latest_only_with_trigger.py
[2025-01-20T11:28:33.497+0000] {processor.py:830} INFO - Processing file /home/airflow/.local/lib/python3.8/site-packages/airflow/example_dags/example_latest_only_with_trigger.py for tasks to queue
[2025-01-20T11:28:33.501+0000] {logging_mixin.py:188} INFO - [2025-01-20T11:28:33.500+0000] {dagbag.py:538} INFO - Filling up the DagBag from /home/airflow/.local/lib/python3.8/site-packages/airflow/example_dags/example_latest_only_with_trigger.py
[2025-01-20T11:28:33.514+0000] {processor.py:840} INFO - DAG(s) 'latest_only_with_trigger' retrieved from /home/airflow/.local/lib/python3.8/site-packages/airflow/example_dags/example_latest_only_with_trigger.py
[2025-01-20T11:28:33.552+0000] {logging_mixin.py:188} INFO - [2025-01-20T11:28:33.551+0000] {dag.py:3036} INFO - Sync 1 DAGs
[2025-01-20T11:28:33.589+0000] {logging_mixin.py:188} INFO - [2025-01-20T11:28:33.589+0000] {dag.py:3823} INFO - Setting next_dagrun for latest_only_with_trigger to 2025-01-20 04:00:00+00:00, run_after=2025-01-20 08:00:00+00:00
[2025-01-20T11:28:33.628+0000] {processor.py:183} INFO - Processing /home/airflow/.local/lib/python3.8/site-packages/airflow/example_dags/example_latest_only_with_trigger.py took 0.139 seconds
[2025-01-20T11:29:04.448+0000] {processor.py:161} INFO - Started process (PID=1463) to work on /home/airflow/.local/lib/python3.8/site-packages/airflow/example_dags/example_latest_only_with_trigger.py
[2025-01-20T11:29:04.450+0000] {processor.py:830} INFO - Processing file /home/airflow/.local/lib/python3.8/site-packages/airflow/example_dags/example_latest_only_with_trigger.py for tasks to queue
[2025-01-20T11:29:04.453+0000] {logging_mixin.py:188} INFO - [2025-01-20T11:29:04.453+0000] {dagbag.py:538} INFO - Filling up the DagBag from /home/airflow/.local/lib/python3.8/site-packages/airflow/example_dags/example_latest_only_with_trigger.py
[2025-01-20T11:29:04.464+0000] {processor.py:840} INFO - DAG(s) 'latest_only_with_trigger' retrieved from /home/airflow/.local/lib/python3.8/site-packages/airflow/example_dags/example_latest_only_with_trigger.py
[2025-01-20T11:29:04.498+0000] {logging_mixin.py:188} INFO - [2025-01-20T11:29:04.498+0000] {dag.py:3036} INFO - Sync 1 DAGs
[2025-01-20T11:29:04.535+0000] {logging_mixin.py:188} INFO - [2025-01-20T11:29:04.534+0000] {dag.py:3823} INFO - Setting next_dagrun for latest_only_with_trigger to 2025-01-20 04:00:00+00:00, run_after=2025-01-20 08:00:00+00:00
[2025-01-20T11:29:04.570+0000] {processor.py:183} INFO - Processing /home/airflow/.local/lib/python3.8/site-packages/airflow/example_dags/example_latest_only_with_trigger.py took 0.127 seconds
[2025-01-20T11:29:35.277+0000] {processor.py:161} INFO - Started process (PID=1517) to work on /home/airflow/.local/lib/python3.8/site-packages/airflow/example_dags/example_latest_only_with_trigger.py
[2025-01-20T11:29:35.279+0000] {processor.py:830} INFO - Processing file /home/airflow/.local/lib/python3.8/site-packages/airflow/example_dags/example_latest_only_with_trigger.py for tasks to queue
[2025-01-20T11:29:35.282+0000] {logging_mixin.py:188} INFO - [2025-01-20T11:29:35.282+0000] {dagbag.py:538} INFO - Filling up the DagBag from /home/airflow/.local/lib/python3.8/site-packages/airflow/example_dags/example_latest_only_with_trigger.py
[2025-01-20T11:29:35.293+0000] {processor.py:840} INFO - DAG(s) 'latest_only_with_trigger' retrieved from /home/airflow/.local/lib/python3.8/site-packages/airflow/example_dags/example_latest_only_with_trigger.py
[2025-01-20T11:29:35.337+0000] {logging_mixin.py:188} INFO - [2025-01-20T11:29:35.337+0000] {dag.py:3036} INFO - Sync 1 DAGs
[2025-01-20T11:29:35.382+0000] {logging_mixin.py:188} INFO - [2025-01-20T11:29:35.382+0000] {dag.py:3823} INFO - Setting next_dagrun for latest_only_with_trigger to 2025-01-20 04:00:00+00:00, run_after=2025-01-20 08:00:00+00:00
[2025-01-20T11:29:35.441+0000] {processor.py:183} INFO - Processing /home/airflow/.local/lib/python3.8/site-packages/airflow/example_dags/example_latest_only_with_trigger.py took 0.172 seconds
[2025-01-20T11:30:06.013+0000] {processor.py:161} INFO - Started process (PID=1571) to work on /home/airflow/.local/lib/python3.8/site-packages/airflow/example_dags/example_latest_only_with_trigger.py
[2025-01-20T11:30:06.015+0000] {processor.py:830} INFO - Processing file /home/airflow/.local/lib/python3.8/site-packages/airflow/example_dags/example_latest_only_with_trigger.py for tasks to queue
[2025-01-20T11:30:06.018+0000] {logging_mixin.py:188} INFO - [2025-01-20T11:30:06.017+0000] {dagbag.py:538} INFO - Filling up the DagBag from /home/airflow/.local/lib/python3.8/site-packages/airflow/example_dags/example_latest_only_with_trigger.py
[2025-01-20T11:30:06.029+0000] {processor.py:840} INFO - DAG(s) 'latest_only_with_trigger' retrieved from /home/airflow/.local/lib/python3.8/site-packages/airflow/example_dags/example_latest_only_with_trigger.py
[2025-01-20T11:30:06.065+0000] {logging_mixin.py:188} INFO - [2025-01-20T11:30:06.065+0000] {dag.py:3036} INFO - Sync 1 DAGs
[2025-01-20T11:30:06.108+0000] {logging_mixin.py:188} INFO - [2025-01-20T11:30:06.107+0000] {dag.py:3823} INFO - Setting next_dagrun for latest_only_with_trigger to 2025-01-20 04:00:00+00:00, run_after=2025-01-20 08:00:00+00:00
[2025-01-20T11:30:06.142+0000] {processor.py:183} INFO - Processing /home/airflow/.local/lib/python3.8/site-packages/airflow/example_dags/example_latest_only_with_trigger.py took 0.135 seconds
