[2025-01-20T11:16:27.051+0000] {processor.py:161} INFO - Started process (PID=113) to work on /home/airflow/.local/lib/python3.8/site-packages/airflow/example_dags/example_branch_datetime_operator.py
[2025-01-20T11:16:27.054+0000] {processor.py:830} INFO - Processing file /home/airflow/.local/lib/python3.8/site-packages/airflow/example_dags/example_branch_datetime_operator.py for tasks to queue
[2025-01-20T11:16:27.058+0000] {logging_mixin.py:188} INFO - [2025-01-20T11:16:27.057+0000] {dagbag.py:538} INFO - Filling up the DagBag from /home/airflow/.local/lib/python3.8/site-packages/airflow/example_dags/example_branch_datetime_operator.py
[2025-01-20T11:16:27.088+0000] {processor.py:840} INFO - DAG(s) 'example_branch_datetime_operator_3', 'example_branch_datetime_operator', 'example_branch_datetime_operator_2' retrieved from /home/airflow/.local/lib/python3.8/site-packages/airflow/example_dags/example_branch_datetime_operator.py
[2025-01-20T11:16:27.401+0000] {logging_mixin.py:188} INFO - [2025-01-20T11:16:27.401+0000] {dag.py:3036} INFO - Sync 3 DAGs
[2025-01-20T11:16:27.450+0000] {logging_mixin.py:188} INFO - [2025-01-20T11:16:27.449+0000] {dag.py:3823} INFO - Setting next_dagrun for example_branch_datetime_operator to 2025-01-19 00:00:00+00:00, run_after=2025-01-20 00:00:00+00:00
[2025-01-20T11:16:27.460+0000] {logging_mixin.py:188} INFO - [2025-01-20T11:16:27.459+0000] {dag.py:3823} INFO - Setting next_dagrun for example_branch_datetime_operator_2 to 2025-01-19 00:00:00+00:00, run_after=2025-01-20 00:00:00+00:00
[2025-01-20T11:16:27.466+0000] {logging_mixin.py:188} INFO - [2025-01-20T11:16:27.465+0000] {dag.py:3823} INFO - Setting next_dagrun for example_branch_datetime_operator_3 to 2025-01-19 00:00:00+00:00, run_after=2025-01-20 00:00:00+00:00
[2025-01-20T11:16:27.507+0000] {processor.py:183} INFO - Processing /home/airflow/.local/lib/python3.8/site-packages/airflow/example_dags/example_branch_datetime_operator.py took 0.464 seconds
[2025-01-20T11:16:57.618+0000] {processor.py:161} INFO - Started process (PID=168) to work on /home/airflow/.local/lib/python3.8/site-packages/airflow/example_dags/example_branch_datetime_operator.py
[2025-01-20T11:16:57.619+0000] {processor.py:830} INFO - Processing file /home/airflow/.local/lib/python3.8/site-packages/airflow/example_dags/example_branch_datetime_operator.py for tasks to queue
[2025-01-20T11:16:57.622+0000] {logging_mixin.py:188} INFO - [2025-01-20T11:16:57.622+0000] {dagbag.py:538} INFO - Filling up the DagBag from /home/airflow/.local/lib/python3.8/site-packages/airflow/example_dags/example_branch_datetime_operator.py
[2025-01-20T11:16:57.645+0000] {processor.py:840} INFO - DAG(s) 'example_branch_datetime_operator_3', 'example_branch_datetime_operator_2', 'example_branch_datetime_operator' retrieved from /home/airflow/.local/lib/python3.8/site-packages/airflow/example_dags/example_branch_datetime_operator.py
[2025-01-20T11:16:57.697+0000] {logging_mixin.py:188} INFO - [2025-01-20T11:16:57.696+0000] {dag.py:3036} INFO - Sync 3 DAGs
[2025-01-20T11:16:57.740+0000] {logging_mixin.py:188} INFO - [2025-01-20T11:16:57.739+0000] {dag.py:3823} INFO - Setting next_dagrun for example_branch_datetime_operator to 2025-01-19 00:00:00+00:00, run_after=2025-01-20 00:00:00+00:00
[2025-01-20T11:16:57.749+0000] {logging_mixin.py:188} INFO - [2025-01-20T11:16:57.749+0000] {dag.py:3823} INFO - Setting next_dagrun for example_branch_datetime_operator_2 to 2025-01-19 00:00:00+00:00, run_after=2025-01-20 00:00:00+00:00
[2025-01-20T11:16:57.755+0000] {logging_mixin.py:188} INFO - [2025-01-20T11:16:57.754+0000] {dag.py:3823} INFO - Setting next_dagrun for example_branch_datetime_operator_3 to 2025-01-19 00:00:00+00:00, run_after=2025-01-20 00:00:00+00:00
[2025-01-20T11:16:57.786+0000] {processor.py:183} INFO - Processing /home/airflow/.local/lib/python3.8/site-packages/airflow/example_dags/example_branch_datetime_operator.py took 0.173 seconds
[2025-01-20T11:17:27.987+0000] {processor.py:161} INFO - Started process (PID=223) to work on /home/airflow/.local/lib/python3.8/site-packages/airflow/example_dags/example_branch_datetime_operator.py
[2025-01-20T11:17:27.989+0000] {processor.py:830} INFO - Processing file /home/airflow/.local/lib/python3.8/site-packages/airflow/example_dags/example_branch_datetime_operator.py for tasks to queue
[2025-01-20T11:17:27.994+0000] {logging_mixin.py:188} INFO - [2025-01-20T11:17:27.993+0000] {dagbag.py:538} INFO - Filling up the DagBag from /home/airflow/.local/lib/python3.8/site-packages/airflow/example_dags/example_branch_datetime_operator.py
[2025-01-20T11:17:28.010+0000] {processor.py:840} INFO - DAG(s) 'example_branch_datetime_operator_2', 'example_branch_datetime_operator_3', 'example_branch_datetime_operator' retrieved from /home/airflow/.local/lib/python3.8/site-packages/airflow/example_dags/example_branch_datetime_operator.py
[2025-01-20T11:17:28.060+0000] {logging_mixin.py:188} INFO - [2025-01-20T11:17:28.059+0000] {dag.py:3036} INFO - Sync 3 DAGs
[2025-01-20T11:17:28.100+0000] {logging_mixin.py:188} INFO - [2025-01-20T11:17:28.100+0000] {dag.py:3823} INFO - Setting next_dagrun for example_branch_datetime_operator to 2025-01-19 00:00:00+00:00, run_after=2025-01-20 00:00:00+00:00
[2025-01-20T11:17:28.109+0000] {logging_mixin.py:188} INFO - [2025-01-20T11:17:28.109+0000] {dag.py:3823} INFO - Setting next_dagrun for example_branch_datetime_operator_2 to 2025-01-19 00:00:00+00:00, run_after=2025-01-20 00:00:00+00:00
[2025-01-20T11:17:28.114+0000] {logging_mixin.py:188} INFO - [2025-01-20T11:17:28.114+0000] {dag.py:3823} INFO - Setting next_dagrun for example_branch_datetime_operator_3 to 2025-01-19 00:00:00+00:00, run_after=2025-01-20 00:00:00+00:00
[2025-01-20T11:17:28.145+0000] {processor.py:183} INFO - Processing /home/airflow/.local/lib/python3.8/site-packages/airflow/example_dags/example_branch_datetime_operator.py took 0.163 seconds
[2025-01-20T11:17:58.628+0000] {processor.py:161} INFO - Started process (PID=278) to work on /home/airflow/.local/lib/python3.8/site-packages/airflow/example_dags/example_branch_datetime_operator.py
[2025-01-20T11:17:58.630+0000] {processor.py:830} INFO - Processing file /home/airflow/.local/lib/python3.8/site-packages/airflow/example_dags/example_branch_datetime_operator.py for tasks to queue
[2025-01-20T11:17:58.634+0000] {logging_mixin.py:188} INFO - [2025-01-20T11:17:58.633+0000] {dagbag.py:538} INFO - Filling up the DagBag from /home/airflow/.local/lib/python3.8/site-packages/airflow/example_dags/example_branch_datetime_operator.py
[2025-01-20T11:17:58.656+0000] {processor.py:840} INFO - DAG(s) 'example_branch_datetime_operator', 'example_branch_datetime_operator_3', 'example_branch_datetime_operator_2' retrieved from /home/airflow/.local/lib/python3.8/site-packages/airflow/example_dags/example_branch_datetime_operator.py
[2025-01-20T11:17:58.715+0000] {logging_mixin.py:188} INFO - [2025-01-20T11:17:58.714+0000] {dag.py:3036} INFO - Sync 3 DAGs
[2025-01-20T11:17:58.767+0000] {logging_mixin.py:188} INFO - [2025-01-20T11:17:58.766+0000] {dag.py:3823} INFO - Setting next_dagrun for example_branch_datetime_operator to 2025-01-19 00:00:00+00:00, run_after=2025-01-20 00:00:00+00:00
[2025-01-20T11:17:58.779+0000] {logging_mixin.py:188} INFO - [2025-01-20T11:17:58.778+0000] {dag.py:3823} INFO - Setting next_dagrun for example_branch_datetime_operator_2 to 2025-01-19 00:00:00+00:00, run_after=2025-01-20 00:00:00+00:00
[2025-01-20T11:17:58.784+0000] {logging_mixin.py:188} INFO - [2025-01-20T11:17:58.784+0000] {dag.py:3823} INFO - Setting next_dagrun for example_branch_datetime_operator_3 to 2025-01-19 00:00:00+00:00, run_after=2025-01-20 00:00:00+00:00
[2025-01-20T11:17:58.815+0000] {processor.py:183} INFO - Processing /home/airflow/.local/lib/python3.8/site-packages/airflow/example_dags/example_branch_datetime_operator.py took 0.194 seconds
[2025-01-20T11:18:29.167+0000] {processor.py:161} INFO - Started process (PID=333) to work on /home/airflow/.local/lib/python3.8/site-packages/airflow/example_dags/example_branch_datetime_operator.py
[2025-01-20T11:18:29.168+0000] {processor.py:830} INFO - Processing file /home/airflow/.local/lib/python3.8/site-packages/airflow/example_dags/example_branch_datetime_operator.py for tasks to queue
[2025-01-20T11:18:29.172+0000] {logging_mixin.py:188} INFO - [2025-01-20T11:18:29.171+0000] {dagbag.py:538} INFO - Filling up the DagBag from /home/airflow/.local/lib/python3.8/site-packages/airflow/example_dags/example_branch_datetime_operator.py
[2025-01-20T11:18:29.190+0000] {processor.py:840} INFO - DAG(s) 'example_branch_datetime_operator_3', 'example_branch_datetime_operator_2', 'example_branch_datetime_operator' retrieved from /home/airflow/.local/lib/python3.8/site-packages/airflow/example_dags/example_branch_datetime_operator.py
[2025-01-20T11:18:29.240+0000] {logging_mixin.py:188} INFO - [2025-01-20T11:18:29.240+0000] {dag.py:3036} INFO - Sync 3 DAGs
[2025-01-20T11:18:29.280+0000] {logging_mixin.py:188} INFO - [2025-01-20T11:18:29.280+0000] {dag.py:3823} INFO - Setting next_dagrun for example_branch_datetime_operator to 2025-01-19 00:00:00+00:00, run_after=2025-01-20 00:00:00+00:00
[2025-01-20T11:18:29.300+0000] {logging_mixin.py:188} INFO - [2025-01-20T11:18:29.299+0000] {dag.py:3823} INFO - Setting next_dagrun for example_branch_datetime_operator_2 to 2025-01-19 00:00:00+00:00, run_after=2025-01-20 00:00:00+00:00
[2025-01-20T11:18:29.310+0000] {logging_mixin.py:188} INFO - [2025-01-20T11:18:29.309+0000] {dag.py:3823} INFO - Setting next_dagrun for example_branch_datetime_operator_3 to 2025-01-19 00:00:00+00:00, run_after=2025-01-20 00:00:00+00:00
[2025-01-20T11:18:29.371+0000] {processor.py:183} INFO - Processing /home/airflow/.local/lib/python3.8/site-packages/airflow/example_dags/example_branch_datetime_operator.py took 0.209 seconds
[2025-01-20T11:18:59.834+0000] {processor.py:161} INFO - Started process (PID=388) to work on /home/airflow/.local/lib/python3.8/site-packages/airflow/example_dags/example_branch_datetime_operator.py
[2025-01-20T11:18:59.836+0000] {processor.py:830} INFO - Processing file /home/airflow/.local/lib/python3.8/site-packages/airflow/example_dags/example_branch_datetime_operator.py for tasks to queue
[2025-01-20T11:18:59.840+0000] {logging_mixin.py:188} INFO - [2025-01-20T11:18:59.839+0000] {dagbag.py:538} INFO - Filling up the DagBag from /home/airflow/.local/lib/python3.8/site-packages/airflow/example_dags/example_branch_datetime_operator.py
[2025-01-20T11:18:59.870+0000] {processor.py:840} INFO - DAG(s) 'example_branch_datetime_operator_2', 'example_branch_datetime_operator', 'example_branch_datetime_operator_3' retrieved from /home/airflow/.local/lib/python3.8/site-packages/airflow/example_dags/example_branch_datetime_operator.py
[2025-01-20T11:18:59.938+0000] {logging_mixin.py:188} INFO - [2025-01-20T11:18:59.937+0000] {dag.py:3036} INFO - Sync 3 DAGs
[2025-01-20T11:18:59.989+0000] {logging_mixin.py:188} INFO - [2025-01-20T11:18:59.988+0000] {dag.py:3823} INFO - Setting next_dagrun for example_branch_datetime_operator to 2025-01-19 00:00:00+00:00, run_after=2025-01-20 00:00:00+00:00
[2025-01-20T11:19:00.002+0000] {logging_mixin.py:188} INFO - [2025-01-20T11:19:00.002+0000] {dag.py:3823} INFO - Setting next_dagrun for example_branch_datetime_operator_2 to 2025-01-19 00:00:00+00:00, run_after=2025-01-20 00:00:00+00:00
[2025-01-20T11:19:00.013+0000] {logging_mixin.py:188} INFO - [2025-01-20T11:19:00.012+0000] {dag.py:3823} INFO - Setting next_dagrun for example_branch_datetime_operator_3 to 2025-01-19 00:00:00+00:00, run_after=2025-01-20 00:00:00+00:00
[2025-01-20T11:19:00.062+0000] {processor.py:183} INFO - Processing /home/airflow/.local/lib/python3.8/site-packages/airflow/example_dags/example_branch_datetime_operator.py took 0.235 seconds
[2025-01-20T11:19:30.300+0000] {processor.py:161} INFO - Started process (PID=443) to work on /home/airflow/.local/lib/python3.8/site-packages/airflow/example_dags/example_branch_datetime_operator.py
[2025-01-20T11:19:30.303+0000] {processor.py:830} INFO - Processing file /home/airflow/.local/lib/python3.8/site-packages/airflow/example_dags/example_branch_datetime_operator.py for tasks to queue
[2025-01-20T11:19:30.307+0000] {logging_mixin.py:188} INFO - [2025-01-20T11:19:30.306+0000] {dagbag.py:538} INFO - Filling up the DagBag from /home/airflow/.local/lib/python3.8/site-packages/airflow/example_dags/example_branch_datetime_operator.py
[2025-01-20T11:19:30.336+0000] {processor.py:840} INFO - DAG(s) 'example_branch_datetime_operator_3', 'example_branch_datetime_operator_2', 'example_branch_datetime_operator' retrieved from /home/airflow/.local/lib/python3.8/site-packages/airflow/example_dags/example_branch_datetime_operator.py
[2025-01-20T11:19:30.398+0000] {logging_mixin.py:188} INFO - [2025-01-20T11:19:30.398+0000] {dag.py:3036} INFO - Sync 3 DAGs
[2025-01-20T11:19:30.452+0000] {logging_mixin.py:188} INFO - [2025-01-20T11:19:30.451+0000] {dag.py:3823} INFO - Setting next_dagrun for example_branch_datetime_operator to 2025-01-19 00:00:00+00:00, run_after=2025-01-20 00:00:00+00:00
[2025-01-20T11:19:30.465+0000] {logging_mixin.py:188} INFO - [2025-01-20T11:19:30.464+0000] {dag.py:3823} INFO - Setting next_dagrun for example_branch_datetime_operator_2 to 2025-01-19 00:00:00+00:00, run_after=2025-01-20 00:00:00+00:00
[2025-01-20T11:19:30.474+0000] {logging_mixin.py:188} INFO - [2025-01-20T11:19:30.474+0000] {dag.py:3823} INFO - Setting next_dagrun for example_branch_datetime_operator_3 to 2025-01-19 00:00:00+00:00, run_after=2025-01-20 00:00:00+00:00
[2025-01-20T11:19:30.509+0000] {processor.py:183} INFO - Processing /home/airflow/.local/lib/python3.8/site-packages/airflow/example_dags/example_branch_datetime_operator.py took 0.217 seconds
[2025-01-20T11:20:01.856+0000] {processor.py:161} INFO - Started process (PID=504) to work on /home/airflow/.local/lib/python3.8/site-packages/airflow/example_dags/example_branch_datetime_operator.py
[2025-01-20T11:20:01.859+0000] {processor.py:830} INFO - Processing file /home/airflow/.local/lib/python3.8/site-packages/airflow/example_dags/example_branch_datetime_operator.py for tasks to queue
[2025-01-20T11:20:01.874+0000] {logging_mixin.py:188} INFO - [2025-01-20T11:20:01.873+0000] {dagbag.py:538} INFO - Filling up the DagBag from /home/airflow/.local/lib/python3.8/site-packages/airflow/example_dags/example_branch_datetime_operator.py
[2025-01-20T11:20:01.952+0000] {processor.py:840} INFO - DAG(s) 'example_branch_datetime_operator', 'example_branch_datetime_operator_3', 'example_branch_datetime_operator_2' retrieved from /home/airflow/.local/lib/python3.8/site-packages/airflow/example_dags/example_branch_datetime_operator.py
[2025-01-20T11:20:02.085+0000] {logging_mixin.py:188} INFO - [2025-01-20T11:20:02.085+0000] {dag.py:3036} INFO - Sync 3 DAGs
[2025-01-20T11:20:02.145+0000] {logging_mixin.py:188} INFO - [2025-01-20T11:20:02.145+0000] {dag.py:3823} INFO - Setting next_dagrun for example_branch_datetime_operator to 2025-01-19 00:00:00+00:00, run_after=2025-01-20 00:00:00+00:00
[2025-01-20T11:20:02.160+0000] {logging_mixin.py:188} INFO - [2025-01-20T11:20:02.159+0000] {dag.py:3823} INFO - Setting next_dagrun for example_branch_datetime_operator_2 to 2025-01-19 00:00:00+00:00, run_after=2025-01-20 00:00:00+00:00
[2025-01-20T11:20:02.167+0000] {logging_mixin.py:188} INFO - [2025-01-20T11:20:02.167+0000] {dag.py:3823} INFO - Setting next_dagrun for example_branch_datetime_operator_3 to 2025-01-19 00:00:00+00:00, run_after=2025-01-20 00:00:00+00:00
[2025-01-20T11:20:02.200+0000] {processor.py:183} INFO - Processing /home/airflow/.local/lib/python3.8/site-packages/airflow/example_dags/example_branch_datetime_operator.py took 0.364 seconds
[2025-01-20T11:20:32.408+0000] {processor.py:161} INFO - Started process (PID=559) to work on /home/airflow/.local/lib/python3.8/site-packages/airflow/example_dags/example_branch_datetime_operator.py
[2025-01-20T11:20:32.410+0000] {processor.py:830} INFO - Processing file /home/airflow/.local/lib/python3.8/site-packages/airflow/example_dags/example_branch_datetime_operator.py for tasks to queue
[2025-01-20T11:20:32.414+0000] {logging_mixin.py:188} INFO - [2025-01-20T11:20:32.413+0000] {dagbag.py:538} INFO - Filling up the DagBag from /home/airflow/.local/lib/python3.8/site-packages/airflow/example_dags/example_branch_datetime_operator.py
[2025-01-20T11:20:32.431+0000] {processor.py:840} INFO - DAG(s) 'example_branch_datetime_operator_2', 'example_branch_datetime_operator_3', 'example_branch_datetime_operator' retrieved from /home/airflow/.local/lib/python3.8/site-packages/airflow/example_dags/example_branch_datetime_operator.py
[2025-01-20T11:20:32.480+0000] {logging_mixin.py:188} INFO - [2025-01-20T11:20:32.479+0000] {dag.py:3036} INFO - Sync 3 DAGs
[2025-01-20T11:20:32.522+0000] {logging_mixin.py:188} INFO - [2025-01-20T11:20:32.522+0000] {dag.py:3823} INFO - Setting next_dagrun for example_branch_datetime_operator to 2025-01-19 00:00:00+00:00, run_after=2025-01-20 00:00:00+00:00
[2025-01-20T11:20:32.531+0000] {logging_mixin.py:188} INFO - [2025-01-20T11:20:32.530+0000] {dag.py:3823} INFO - Setting next_dagrun for example_branch_datetime_operator_2 to 2025-01-19 00:00:00+00:00, run_after=2025-01-20 00:00:00+00:00
[2025-01-20T11:20:32.536+0000] {logging_mixin.py:188} INFO - [2025-01-20T11:20:32.535+0000] {dag.py:3823} INFO - Setting next_dagrun for example_branch_datetime_operator_3 to 2025-01-19 00:00:00+00:00, run_after=2025-01-20 00:00:00+00:00
[2025-01-20T11:20:32.564+0000] {processor.py:183} INFO - Processing /home/airflow/.local/lib/python3.8/site-packages/airflow/example_dags/example_branch_datetime_operator.py took 0.161 seconds
[2025-01-20T11:21:03.309+0000] {processor.py:161} INFO - Started process (PID=614) to work on /home/airflow/.local/lib/python3.8/site-packages/airflow/example_dags/example_branch_datetime_operator.py
[2025-01-20T11:21:03.311+0000] {processor.py:830} INFO - Processing file /home/airflow/.local/lib/python3.8/site-packages/airflow/example_dags/example_branch_datetime_operator.py for tasks to queue
[2025-01-20T11:21:03.316+0000] {logging_mixin.py:188} INFO - [2025-01-20T11:21:03.315+0000] {dagbag.py:538} INFO - Filling up the DagBag from /home/airflow/.local/lib/python3.8/site-packages/airflow/example_dags/example_branch_datetime_operator.py
[2025-01-20T11:21:03.341+0000] {processor.py:840} INFO - DAG(s) 'example_branch_datetime_operator_2', 'example_branch_datetime_operator', 'example_branch_datetime_operator_3' retrieved from /home/airflow/.local/lib/python3.8/site-packages/airflow/example_dags/example_branch_datetime_operator.py
[2025-01-20T11:21:03.397+0000] {logging_mixin.py:188} INFO - [2025-01-20T11:21:03.396+0000] {dag.py:3036} INFO - Sync 3 DAGs
[2025-01-20T11:21:03.445+0000] {logging_mixin.py:188} INFO - [2025-01-20T11:21:03.445+0000] {dag.py:3823} INFO - Setting next_dagrun for example_branch_datetime_operator to 2025-01-19 00:00:00+00:00, run_after=2025-01-20 00:00:00+00:00
[2025-01-20T11:21:03.464+0000] {logging_mixin.py:188} INFO - [2025-01-20T11:21:03.463+0000] {dag.py:3823} INFO - Setting next_dagrun for example_branch_datetime_operator_2 to 2025-01-19 00:00:00+00:00, run_after=2025-01-20 00:00:00+00:00
[2025-01-20T11:21:03.470+0000] {logging_mixin.py:188} INFO - [2025-01-20T11:21:03.469+0000] {dag.py:3823} INFO - Setting next_dagrun for example_branch_datetime_operator_3 to 2025-01-19 00:00:00+00:00, run_after=2025-01-20 00:00:00+00:00
[2025-01-20T11:21:03.501+0000] {processor.py:183} INFO - Processing /home/airflow/.local/lib/python3.8/site-packages/airflow/example_dags/example_branch_datetime_operator.py took 0.197 seconds
[2025-01-20T11:21:33.935+0000] {processor.py:161} INFO - Started process (PID=669) to work on /home/airflow/.local/lib/python3.8/site-packages/airflow/example_dags/example_branch_datetime_operator.py
[2025-01-20T11:21:33.936+0000] {processor.py:830} INFO - Processing file /home/airflow/.local/lib/python3.8/site-packages/airflow/example_dags/example_branch_datetime_operator.py for tasks to queue
[2025-01-20T11:21:33.939+0000] {logging_mixin.py:188} INFO - [2025-01-20T11:21:33.939+0000] {dagbag.py:538} INFO - Filling up the DagBag from /home/airflow/.local/lib/python3.8/site-packages/airflow/example_dags/example_branch_datetime_operator.py
[2025-01-20T11:21:33.960+0000] {processor.py:840} INFO - DAG(s) 'example_branch_datetime_operator_2', 'example_branch_datetime_operator', 'example_branch_datetime_operator_3' retrieved from /home/airflow/.local/lib/python3.8/site-packages/airflow/example_dags/example_branch_datetime_operator.py
[2025-01-20T11:21:34.032+0000] {logging_mixin.py:188} INFO - [2025-01-20T11:21:34.032+0000] {dag.py:3036} INFO - Sync 3 DAGs
[2025-01-20T11:21:34.097+0000] {logging_mixin.py:188} INFO - [2025-01-20T11:21:34.097+0000] {dag.py:3823} INFO - Setting next_dagrun for example_branch_datetime_operator to 2025-01-19 00:00:00+00:00, run_after=2025-01-20 00:00:00+00:00
[2025-01-20T11:21:34.106+0000] {logging_mixin.py:188} INFO - [2025-01-20T11:21:34.106+0000] {dag.py:3823} INFO - Setting next_dagrun for example_branch_datetime_operator_2 to 2025-01-19 00:00:00+00:00, run_after=2025-01-20 00:00:00+00:00
[2025-01-20T11:21:34.111+0000] {logging_mixin.py:188} INFO - [2025-01-20T11:21:34.111+0000] {dag.py:3823} INFO - Setting next_dagrun for example_branch_datetime_operator_3 to 2025-01-19 00:00:00+00:00, run_after=2025-01-20 00:00:00+00:00
[2025-01-20T11:21:34.143+0000] {processor.py:183} INFO - Processing /home/airflow/.local/lib/python3.8/site-packages/airflow/example_dags/example_branch_datetime_operator.py took 0.215 seconds
[2025-01-20T11:22:04.909+0000] {processor.py:161} INFO - Started process (PID=724) to work on /home/airflow/.local/lib/python3.8/site-packages/airflow/example_dags/example_branch_datetime_operator.py
[2025-01-20T11:22:04.911+0000] {processor.py:830} INFO - Processing file /home/airflow/.local/lib/python3.8/site-packages/airflow/example_dags/example_branch_datetime_operator.py for tasks to queue
[2025-01-20T11:22:04.915+0000] {logging_mixin.py:188} INFO - [2025-01-20T11:22:04.914+0000] {dagbag.py:538} INFO - Filling up the DagBag from /home/airflow/.local/lib/python3.8/site-packages/airflow/example_dags/example_branch_datetime_operator.py
[2025-01-20T11:22:04.945+0000] {processor.py:840} INFO - DAG(s) 'example_branch_datetime_operator', 'example_branch_datetime_operator_2', 'example_branch_datetime_operator_3' retrieved from /home/airflow/.local/lib/python3.8/site-packages/airflow/example_dags/example_branch_datetime_operator.py
[2025-01-20T11:22:05.010+0000] {logging_mixin.py:188} INFO - [2025-01-20T11:22:05.009+0000] {dag.py:3036} INFO - Sync 3 DAGs
[2025-01-20T11:22:05.105+0000] {logging_mixin.py:188} INFO - [2025-01-20T11:22:05.102+0000] {dag.py:3823} INFO - Setting next_dagrun for example_branch_datetime_operator to 2025-01-19 00:00:00+00:00, run_after=2025-01-20 00:00:00+00:00
[2025-01-20T11:22:05.122+0000] {logging_mixin.py:188} INFO - [2025-01-20T11:22:05.122+0000] {dag.py:3823} INFO - Setting next_dagrun for example_branch_datetime_operator_2 to 2025-01-19 00:00:00+00:00, run_after=2025-01-20 00:00:00+00:00
[2025-01-20T11:22:05.133+0000] {logging_mixin.py:188} INFO - [2025-01-20T11:22:05.132+0000] {dag.py:3823} INFO - Setting next_dagrun for example_branch_datetime_operator_3 to 2025-01-19 00:00:00+00:00, run_after=2025-01-20 00:00:00+00:00
[2025-01-20T11:22:05.202+0000] {processor.py:183} INFO - Processing /home/airflow/.local/lib/python3.8/site-packages/airflow/example_dags/example_branch_datetime_operator.py took 0.301 seconds
[2025-01-20T11:22:35.499+0000] {processor.py:161} INFO - Started process (PID=779) to work on /home/airflow/.local/lib/python3.8/site-packages/airflow/example_dags/example_branch_datetime_operator.py
[2025-01-20T11:22:35.501+0000] {processor.py:830} INFO - Processing file /home/airflow/.local/lib/python3.8/site-packages/airflow/example_dags/example_branch_datetime_operator.py for tasks to queue
[2025-01-20T11:22:35.504+0000] {logging_mixin.py:188} INFO - [2025-01-20T11:22:35.503+0000] {dagbag.py:538} INFO - Filling up the DagBag from /home/airflow/.local/lib/python3.8/site-packages/airflow/example_dags/example_branch_datetime_operator.py
[2025-01-20T11:22:35.524+0000] {processor.py:840} INFO - DAG(s) 'example_branch_datetime_operator_2', 'example_branch_datetime_operator_3', 'example_branch_datetime_operator' retrieved from /home/airflow/.local/lib/python3.8/site-packages/airflow/example_dags/example_branch_datetime_operator.py
[2025-01-20T11:22:35.571+0000] {logging_mixin.py:188} INFO - [2025-01-20T11:22:35.571+0000] {dag.py:3036} INFO - Sync 3 DAGs
[2025-01-20T11:22:35.609+0000] {logging_mixin.py:188} INFO - [2025-01-20T11:22:35.608+0000] {dag.py:3823} INFO - Setting next_dagrun for example_branch_datetime_operator to 2025-01-19 00:00:00+00:00, run_after=2025-01-20 00:00:00+00:00
[2025-01-20T11:22:35.617+0000] {logging_mixin.py:188} INFO - [2025-01-20T11:22:35.616+0000] {dag.py:3823} INFO - Setting next_dagrun for example_branch_datetime_operator_2 to 2025-01-19 00:00:00+00:00, run_after=2025-01-20 00:00:00+00:00
[2025-01-20T11:22:35.621+0000] {logging_mixin.py:188} INFO - [2025-01-20T11:22:35.621+0000] {dag.py:3823} INFO - Setting next_dagrun for example_branch_datetime_operator_3 to 2025-01-19 00:00:00+00:00, run_after=2025-01-20 00:00:00+00:00
[2025-01-20T11:22:35.651+0000] {processor.py:183} INFO - Processing /home/airflow/.local/lib/python3.8/site-packages/airflow/example_dags/example_branch_datetime_operator.py took 0.157 seconds
[2025-01-20T11:23:06.054+0000] {processor.py:161} INFO - Started process (PID=834) to work on /home/airflow/.local/lib/python3.8/site-packages/airflow/example_dags/example_branch_datetime_operator.py
[2025-01-20T11:23:06.062+0000] {processor.py:830} INFO - Processing file /home/airflow/.local/lib/python3.8/site-packages/airflow/example_dags/example_branch_datetime_operator.py for tasks to queue
[2025-01-20T11:23:06.077+0000] {logging_mixin.py:188} INFO - [2025-01-20T11:23:06.077+0000] {dagbag.py:538} INFO - Filling up the DagBag from /home/airflow/.local/lib/python3.8/site-packages/airflow/example_dags/example_branch_datetime_operator.py
[2025-01-20T11:23:06.167+0000] {processor.py:840} INFO - DAG(s) 'example_branch_datetime_operator_2', 'example_branch_datetime_operator_3', 'example_branch_datetime_operator' retrieved from /home/airflow/.local/lib/python3.8/site-packages/airflow/example_dags/example_branch_datetime_operator.py
[2025-01-20T11:23:06.378+0000] {logging_mixin.py:188} INFO - [2025-01-20T11:23:06.377+0000] {dag.py:3036} INFO - Sync 3 DAGs
[2025-01-20T11:23:06.527+0000] {logging_mixin.py:188} INFO - [2025-01-20T11:23:06.526+0000] {dag.py:3823} INFO - Setting next_dagrun for example_branch_datetime_operator to 2025-01-19 00:00:00+00:00, run_after=2025-01-20 00:00:00+00:00
[2025-01-20T11:23:06.552+0000] {logging_mixin.py:188} INFO - [2025-01-20T11:23:06.551+0000] {dag.py:3823} INFO - Setting next_dagrun for example_branch_datetime_operator_2 to 2025-01-19 00:00:00+00:00, run_after=2025-01-20 00:00:00+00:00
[2025-01-20T11:23:06.563+0000] {logging_mixin.py:188} INFO - [2025-01-20T11:23:06.562+0000] {dag.py:3823} INFO - Setting next_dagrun for example_branch_datetime_operator_3 to 2025-01-19 00:00:00+00:00, run_after=2025-01-20 00:00:00+00:00
[2025-01-20T11:23:06.614+0000] {processor.py:183} INFO - Processing /home/airflow/.local/lib/python3.8/site-packages/airflow/example_dags/example_branch_datetime_operator.py took 0.604 seconds
[2025-01-20T11:23:37.130+0000] {processor.py:161} INFO - Started process (PID=889) to work on /home/airflow/.local/lib/python3.8/site-packages/airflow/example_dags/example_branch_datetime_operator.py
[2025-01-20T11:23:37.132+0000] {processor.py:830} INFO - Processing file /home/airflow/.local/lib/python3.8/site-packages/airflow/example_dags/example_branch_datetime_operator.py for tasks to queue
[2025-01-20T11:23:37.138+0000] {logging_mixin.py:188} INFO - [2025-01-20T11:23:37.137+0000] {dagbag.py:538} INFO - Filling up the DagBag from /home/airflow/.local/lib/python3.8/site-packages/airflow/example_dags/example_branch_datetime_operator.py
[2025-01-20T11:23:37.166+0000] {processor.py:840} INFO - DAG(s) 'example_branch_datetime_operator_2', 'example_branch_datetime_operator_3', 'example_branch_datetime_operator' retrieved from /home/airflow/.local/lib/python3.8/site-packages/airflow/example_dags/example_branch_datetime_operator.py
[2025-01-20T11:23:37.248+0000] {logging_mixin.py:188} INFO - [2025-01-20T11:23:37.247+0000] {dag.py:3036} INFO - Sync 3 DAGs
[2025-01-20T11:23:37.301+0000] {logging_mixin.py:188} INFO - [2025-01-20T11:23:37.300+0000] {dag.py:3823} INFO - Setting next_dagrun for example_branch_datetime_operator to 2025-01-19 00:00:00+00:00, run_after=2025-01-20 00:00:00+00:00
[2025-01-20T11:23:37.317+0000] {logging_mixin.py:188} INFO - [2025-01-20T11:23:37.316+0000] {dag.py:3823} INFO - Setting next_dagrun for example_branch_datetime_operator_2 to 2025-01-19 00:00:00+00:00, run_after=2025-01-20 00:00:00+00:00
[2025-01-20T11:23:37.323+0000] {logging_mixin.py:188} INFO - [2025-01-20T11:23:37.323+0000] {dag.py:3823} INFO - Setting next_dagrun for example_branch_datetime_operator_3 to 2025-01-19 00:00:00+00:00, run_after=2025-01-20 00:00:00+00:00
[2025-01-20T11:23:37.365+0000] {processor.py:183} INFO - Processing /home/airflow/.local/lib/python3.8/site-packages/airflow/example_dags/example_branch_datetime_operator.py took 0.247 seconds
[2025-01-20T11:24:07.707+0000] {processor.py:161} INFO - Started process (PID=944) to work on /home/airflow/.local/lib/python3.8/site-packages/airflow/example_dags/example_branch_datetime_operator.py
[2025-01-20T11:24:07.709+0000] {processor.py:830} INFO - Processing file /home/airflow/.local/lib/python3.8/site-packages/airflow/example_dags/example_branch_datetime_operator.py for tasks to queue
[2025-01-20T11:24:07.714+0000] {logging_mixin.py:188} INFO - [2025-01-20T11:24:07.713+0000] {dagbag.py:538} INFO - Filling up the DagBag from /home/airflow/.local/lib/python3.8/site-packages/airflow/example_dags/example_branch_datetime_operator.py
[2025-01-20T11:24:07.743+0000] {processor.py:840} INFO - DAG(s) 'example_branch_datetime_operator', 'example_branch_datetime_operator_2', 'example_branch_datetime_operator_3' retrieved from /home/airflow/.local/lib/python3.8/site-packages/airflow/example_dags/example_branch_datetime_operator.py
[2025-01-20T11:24:07.809+0000] {logging_mixin.py:188} INFO - [2025-01-20T11:24:07.809+0000] {dag.py:3036} INFO - Sync 3 DAGs
[2025-01-20T11:24:07.852+0000] {logging_mixin.py:188} INFO - [2025-01-20T11:24:07.851+0000] {dag.py:3823} INFO - Setting next_dagrun for example_branch_datetime_operator to 2025-01-19 00:00:00+00:00, run_after=2025-01-20 00:00:00+00:00
[2025-01-20T11:24:07.861+0000] {logging_mixin.py:188} INFO - [2025-01-20T11:24:07.860+0000] {dag.py:3823} INFO - Setting next_dagrun for example_branch_datetime_operator_2 to 2025-01-19 00:00:00+00:00, run_after=2025-01-20 00:00:00+00:00
[2025-01-20T11:24:07.867+0000] {logging_mixin.py:188} INFO - [2025-01-20T11:24:07.867+0000] {dag.py:3823} INFO - Setting next_dagrun for example_branch_datetime_operator_3 to 2025-01-19 00:00:00+00:00, run_after=2025-01-20 00:00:00+00:00
[2025-01-20T11:24:07.898+0000] {processor.py:183} INFO - Processing /home/airflow/.local/lib/python3.8/site-packages/airflow/example_dags/example_branch_datetime_operator.py took 0.199 seconds
[2025-01-20T11:24:37.984+0000] {processor.py:161} INFO - Started process (PID=998) to work on /home/airflow/.local/lib/python3.8/site-packages/airflow/example_dags/example_branch_datetime_operator.py
[2025-01-20T11:24:37.987+0000] {processor.py:830} INFO - Processing file /home/airflow/.local/lib/python3.8/site-packages/airflow/example_dags/example_branch_datetime_operator.py for tasks to queue
[2025-01-20T11:24:37.991+0000] {logging_mixin.py:188} INFO - [2025-01-20T11:24:37.991+0000] {dagbag.py:538} INFO - Filling up the DagBag from /home/airflow/.local/lib/python3.8/site-packages/airflow/example_dags/example_branch_datetime_operator.py
[2025-01-20T11:24:38.048+0000] {processor.py:840} INFO - DAG(s) 'example_branch_datetime_operator_3', 'example_branch_datetime_operator_2', 'example_branch_datetime_operator' retrieved from /home/airflow/.local/lib/python3.8/site-packages/airflow/example_dags/example_branch_datetime_operator.py
[2025-01-20T11:24:38.135+0000] {logging_mixin.py:188} INFO - [2025-01-20T11:24:38.134+0000] {dag.py:3036} INFO - Sync 3 DAGs
[2025-01-20T11:24:38.192+0000] {logging_mixin.py:188} INFO - [2025-01-20T11:24:38.191+0000] {dag.py:3823} INFO - Setting next_dagrun for example_branch_datetime_operator to 2025-01-19 00:00:00+00:00, run_after=2025-01-20 00:00:00+00:00
[2025-01-20T11:24:38.203+0000] {logging_mixin.py:188} INFO - [2025-01-20T11:24:38.202+0000] {dag.py:3823} INFO - Setting next_dagrun for example_branch_datetime_operator_2 to 2025-01-19 00:00:00+00:00, run_after=2025-01-20 00:00:00+00:00
[2025-01-20T11:24:38.208+0000] {logging_mixin.py:188} INFO - [2025-01-20T11:24:38.208+0000] {dag.py:3823} INFO - Setting next_dagrun for example_branch_datetime_operator_3 to 2025-01-19 00:00:00+00:00, run_after=2025-01-20 00:00:00+00:00
[2025-01-20T11:24:38.238+0000] {processor.py:183} INFO - Processing /home/airflow/.local/lib/python3.8/site-packages/airflow/example_dags/example_branch_datetime_operator.py took 0.265 seconds
[2025-01-20T11:25:08.616+0000] {processor.py:161} INFO - Started process (PID=1053) to work on /home/airflow/.local/lib/python3.8/site-packages/airflow/example_dags/example_branch_datetime_operator.py
[2025-01-20T11:25:08.618+0000] {processor.py:830} INFO - Processing file /home/airflow/.local/lib/python3.8/site-packages/airflow/example_dags/example_branch_datetime_operator.py for tasks to queue
[2025-01-20T11:25:08.621+0000] {logging_mixin.py:188} INFO - [2025-01-20T11:25:08.620+0000] {dagbag.py:538} INFO - Filling up the DagBag from /home/airflow/.local/lib/python3.8/site-packages/airflow/example_dags/example_branch_datetime_operator.py
[2025-01-20T11:25:08.637+0000] {processor.py:840} INFO - DAG(s) 'example_branch_datetime_operator_3', 'example_branch_datetime_operator', 'example_branch_datetime_operator_2' retrieved from /home/airflow/.local/lib/python3.8/site-packages/airflow/example_dags/example_branch_datetime_operator.py
[2025-01-20T11:25:08.686+0000] {logging_mixin.py:188} INFO - [2025-01-20T11:25:08.685+0000] {dag.py:3036} INFO - Sync 3 DAGs
[2025-01-20T11:25:08.749+0000] {logging_mixin.py:188} INFO - [2025-01-20T11:25:08.748+0000] {dag.py:3823} INFO - Setting next_dagrun for example_branch_datetime_operator to 2025-01-19 00:00:00+00:00, run_after=2025-01-20 00:00:00+00:00
[2025-01-20T11:25:08.761+0000] {logging_mixin.py:188} INFO - [2025-01-20T11:25:08.761+0000] {dag.py:3823} INFO - Setting next_dagrun for example_branch_datetime_operator_2 to 2025-01-19 00:00:00+00:00, run_after=2025-01-20 00:00:00+00:00
[2025-01-20T11:25:08.766+0000] {logging_mixin.py:188} INFO - [2025-01-20T11:25:08.766+0000] {dag.py:3823} INFO - Setting next_dagrun for example_branch_datetime_operator_3 to 2025-01-19 00:00:00+00:00, run_after=2025-01-20 00:00:00+00:00
[2025-01-20T11:25:08.799+0000] {processor.py:183} INFO - Processing /home/airflow/.local/lib/python3.8/site-packages/airflow/example_dags/example_branch_datetime_operator.py took 0.187 seconds
[2025-01-20T11:25:39.060+0000] {processor.py:161} INFO - Started process (PID=1108) to work on /home/airflow/.local/lib/python3.8/site-packages/airflow/example_dags/example_branch_datetime_operator.py
[2025-01-20T11:25:39.061+0000] {processor.py:830} INFO - Processing file /home/airflow/.local/lib/python3.8/site-packages/airflow/example_dags/example_branch_datetime_operator.py for tasks to queue
[2025-01-20T11:25:39.064+0000] {logging_mixin.py:188} INFO - [2025-01-20T11:25:39.064+0000] {dagbag.py:538} INFO - Filling up the DagBag from /home/airflow/.local/lib/python3.8/site-packages/airflow/example_dags/example_branch_datetime_operator.py
[2025-01-20T11:25:39.084+0000] {processor.py:840} INFO - DAG(s) 'example_branch_datetime_operator_2', 'example_branch_datetime_operator', 'example_branch_datetime_operator_3' retrieved from /home/airflow/.local/lib/python3.8/site-packages/airflow/example_dags/example_branch_datetime_operator.py
[2025-01-20T11:25:39.136+0000] {logging_mixin.py:188} INFO - [2025-01-20T11:25:39.136+0000] {dag.py:3036} INFO - Sync 3 DAGs
[2025-01-20T11:25:39.185+0000] {logging_mixin.py:188} INFO - [2025-01-20T11:25:39.185+0000] {dag.py:3823} INFO - Setting next_dagrun for example_branch_datetime_operator to 2025-01-19 00:00:00+00:00, run_after=2025-01-20 00:00:00+00:00
[2025-01-20T11:25:39.196+0000] {logging_mixin.py:188} INFO - [2025-01-20T11:25:39.195+0000] {dag.py:3823} INFO - Setting next_dagrun for example_branch_datetime_operator_2 to 2025-01-19 00:00:00+00:00, run_after=2025-01-20 00:00:00+00:00
[2025-01-20T11:25:39.201+0000] {logging_mixin.py:188} INFO - [2025-01-20T11:25:39.201+0000] {dag.py:3823} INFO - Setting next_dagrun for example_branch_datetime_operator_3 to 2025-01-19 00:00:00+00:00, run_after=2025-01-20 00:00:00+00:00
[2025-01-20T11:25:39.235+0000] {processor.py:183} INFO - Processing /home/airflow/.local/lib/python3.8/site-packages/airflow/example_dags/example_branch_datetime_operator.py took 0.180 seconds
[2025-01-20T11:26:09.855+0000] {processor.py:161} INFO - Started process (PID=1163) to work on /home/airflow/.local/lib/python3.8/site-packages/airflow/example_dags/example_branch_datetime_operator.py
[2025-01-20T11:26:09.857+0000] {processor.py:830} INFO - Processing file /home/airflow/.local/lib/python3.8/site-packages/airflow/example_dags/example_branch_datetime_operator.py for tasks to queue
[2025-01-20T11:26:09.864+0000] {logging_mixin.py:188} INFO - [2025-01-20T11:26:09.863+0000] {dagbag.py:538} INFO - Filling up the DagBag from /home/airflow/.local/lib/python3.8/site-packages/airflow/example_dags/example_branch_datetime_operator.py
[2025-01-20T11:26:09.899+0000] {processor.py:840} INFO - DAG(s) 'example_branch_datetime_operator_3', 'example_branch_datetime_operator', 'example_branch_datetime_operator_2' retrieved from /home/airflow/.local/lib/python3.8/site-packages/airflow/example_dags/example_branch_datetime_operator.py
[2025-01-20T11:26:09.989+0000] {logging_mixin.py:188} INFO - [2025-01-20T11:26:09.989+0000] {dag.py:3036} INFO - Sync 3 DAGs
[2025-01-20T11:26:10.044+0000] {logging_mixin.py:188} INFO - [2025-01-20T11:26:10.043+0000] {dag.py:3823} INFO - Setting next_dagrun for example_branch_datetime_operator to 2025-01-19 00:00:00+00:00, run_after=2025-01-20 00:00:00+00:00
[2025-01-20T11:26:10.055+0000] {logging_mixin.py:188} INFO - [2025-01-20T11:26:10.054+0000] {dag.py:3823} INFO - Setting next_dagrun for example_branch_datetime_operator_2 to 2025-01-19 00:00:00+00:00, run_after=2025-01-20 00:00:00+00:00
[2025-01-20T11:26:10.060+0000] {logging_mixin.py:188} INFO - [2025-01-20T11:26:10.060+0000] {dag.py:3823} INFO - Setting next_dagrun for example_branch_datetime_operator_3 to 2025-01-19 00:00:00+00:00, run_after=2025-01-20 00:00:00+00:00
[2025-01-20T11:26:10.095+0000] {processor.py:183} INFO - Processing /home/airflow/.local/lib/python3.8/site-packages/airflow/example_dags/example_branch_datetime_operator.py took 0.246 seconds
[2025-01-20T11:26:40.302+0000] {processor.py:161} INFO - Started process (PID=1218) to work on /home/airflow/.local/lib/python3.8/site-packages/airflow/example_dags/example_branch_datetime_operator.py
[2025-01-20T11:26:40.304+0000] {processor.py:830} INFO - Processing file /home/airflow/.local/lib/python3.8/site-packages/airflow/example_dags/example_branch_datetime_operator.py for tasks to queue
[2025-01-20T11:26:40.307+0000] {logging_mixin.py:188} INFO - [2025-01-20T11:26:40.307+0000] {dagbag.py:538} INFO - Filling up the DagBag from /home/airflow/.local/lib/python3.8/site-packages/airflow/example_dags/example_branch_datetime_operator.py
[2025-01-20T11:26:40.329+0000] {processor.py:840} INFO - DAG(s) 'example_branch_datetime_operator_2', 'example_branch_datetime_operator', 'example_branch_datetime_operator_3' retrieved from /home/airflow/.local/lib/python3.8/site-packages/airflow/example_dags/example_branch_datetime_operator.py
[2025-01-20T11:26:40.389+0000] {logging_mixin.py:188} INFO - [2025-01-20T11:26:40.388+0000] {dag.py:3036} INFO - Sync 3 DAGs
[2025-01-20T11:26:40.435+0000] {logging_mixin.py:188} INFO - [2025-01-20T11:26:40.435+0000] {dag.py:3823} INFO - Setting next_dagrun for example_branch_datetime_operator to 2025-01-19 00:00:00+00:00, run_after=2025-01-20 00:00:00+00:00
[2025-01-20T11:26:40.445+0000] {logging_mixin.py:188} INFO - [2025-01-20T11:26:40.444+0000] {dag.py:3823} INFO - Setting next_dagrun for example_branch_datetime_operator_2 to 2025-01-19 00:00:00+00:00, run_after=2025-01-20 00:00:00+00:00
[2025-01-20T11:26:40.450+0000] {logging_mixin.py:188} INFO - [2025-01-20T11:26:40.450+0000] {dag.py:3823} INFO - Setting next_dagrun for example_branch_datetime_operator_3 to 2025-01-19 00:00:00+00:00, run_after=2025-01-20 00:00:00+00:00
[2025-01-20T11:26:40.487+0000] {processor.py:183} INFO - Processing /home/airflow/.local/lib/python3.8/site-packages/airflow/example_dags/example_branch_datetime_operator.py took 0.190 seconds
[2025-01-20T11:27:11.057+0000] {processor.py:161} INFO - Started process (PID=1273) to work on /home/airflow/.local/lib/python3.8/site-packages/airflow/example_dags/example_branch_datetime_operator.py
[2025-01-20T11:27:11.060+0000] {processor.py:830} INFO - Processing file /home/airflow/.local/lib/python3.8/site-packages/airflow/example_dags/example_branch_datetime_operator.py for tasks to queue
[2025-01-20T11:27:11.067+0000] {logging_mixin.py:188} INFO - [2025-01-20T11:27:11.066+0000] {dagbag.py:538} INFO - Filling up the DagBag from /home/airflow/.local/lib/python3.8/site-packages/airflow/example_dags/example_branch_datetime_operator.py
[2025-01-20T11:27:11.107+0000] {processor.py:840} INFO - DAG(s) 'example_branch_datetime_operator_2', 'example_branch_datetime_operator_3', 'example_branch_datetime_operator' retrieved from /home/airflow/.local/lib/python3.8/site-packages/airflow/example_dags/example_branch_datetime_operator.py
[2025-01-20T11:27:11.207+0000] {logging_mixin.py:188} INFO - [2025-01-20T11:27:11.206+0000] {dag.py:3036} INFO - Sync 3 DAGs
[2025-01-20T11:27:11.292+0000] {logging_mixin.py:188} INFO - [2025-01-20T11:27:11.291+0000] {dag.py:3823} INFO - Setting next_dagrun for example_branch_datetime_operator to 2025-01-19 00:00:00+00:00, run_after=2025-01-20 00:00:00+00:00
[2025-01-20T11:27:11.306+0000] {logging_mixin.py:188} INFO - [2025-01-20T11:27:11.305+0000] {dag.py:3823} INFO - Setting next_dagrun for example_branch_datetime_operator_2 to 2025-01-19 00:00:00+00:00, run_after=2025-01-20 00:00:00+00:00
[2025-01-20T11:27:11.312+0000] {logging_mixin.py:188} INFO - [2025-01-20T11:27:11.311+0000] {dag.py:3823} INFO - Setting next_dagrun for example_branch_datetime_operator_3 to 2025-01-19 00:00:00+00:00, run_after=2025-01-20 00:00:00+00:00
[2025-01-20T11:27:11.367+0000] {processor.py:183} INFO - Processing /home/airflow/.local/lib/python3.8/site-packages/airflow/example_dags/example_branch_datetime_operator.py took 0.327 seconds
[2025-01-20T11:27:42.038+0000] {processor.py:161} INFO - Started process (PID=1328) to work on /home/airflow/.local/lib/python3.8/site-packages/airflow/example_dags/example_branch_datetime_operator.py
[2025-01-20T11:27:42.044+0000] {processor.py:830} INFO - Processing file /home/airflow/.local/lib/python3.8/site-packages/airflow/example_dags/example_branch_datetime_operator.py for tasks to queue
[2025-01-20T11:27:42.052+0000] {logging_mixin.py:188} INFO - [2025-01-20T11:27:42.050+0000] {dagbag.py:538} INFO - Filling up the DagBag from /home/airflow/.local/lib/python3.8/site-packages/airflow/example_dags/example_branch_datetime_operator.py
[2025-01-20T11:27:42.103+0000] {processor.py:840} INFO - DAG(s) 'example_branch_datetime_operator', 'example_branch_datetime_operator_3', 'example_branch_datetime_operator_2' retrieved from /home/airflow/.local/lib/python3.8/site-packages/airflow/example_dags/example_branch_datetime_operator.py
[2025-01-20T11:27:42.254+0000] {logging_mixin.py:188} INFO - [2025-01-20T11:27:42.253+0000] {dag.py:3036} INFO - Sync 3 DAGs
[2025-01-20T11:27:42.368+0000] {logging_mixin.py:188} INFO - [2025-01-20T11:27:42.367+0000] {dag.py:3823} INFO - Setting next_dagrun for example_branch_datetime_operator to 2025-01-19 00:00:00+00:00, run_after=2025-01-20 00:00:00+00:00
[2025-01-20T11:27:42.395+0000] {logging_mixin.py:188} INFO - [2025-01-20T11:27:42.393+0000] {dag.py:3823} INFO - Setting next_dagrun for example_branch_datetime_operator_2 to 2025-01-19 00:00:00+00:00, run_after=2025-01-20 00:00:00+00:00
[2025-01-20T11:27:42.413+0000] {logging_mixin.py:188} INFO - [2025-01-20T11:27:42.413+0000] {dag.py:3823} INFO - Setting next_dagrun for example_branch_datetime_operator_3 to 2025-01-19 00:00:00+00:00, run_after=2025-01-20 00:00:00+00:00
[2025-01-20T11:27:42.501+0000] {processor.py:183} INFO - Processing /home/airflow/.local/lib/python3.8/site-packages/airflow/example_dags/example_branch_datetime_operator.py took 0.479 seconds
[2025-01-20T11:28:13.143+0000] {processor.py:161} INFO - Started process (PID=1383) to work on /home/airflow/.local/lib/python3.8/site-packages/airflow/example_dags/example_branch_datetime_operator.py
[2025-01-20T11:28:13.145+0000] {processor.py:830} INFO - Processing file /home/airflow/.local/lib/python3.8/site-packages/airflow/example_dags/example_branch_datetime_operator.py for tasks to queue
[2025-01-20T11:28:13.148+0000] {logging_mixin.py:188} INFO - [2025-01-20T11:28:13.148+0000] {dagbag.py:538} INFO - Filling up the DagBag from /home/airflow/.local/lib/python3.8/site-packages/airflow/example_dags/example_branch_datetime_operator.py
[2025-01-20T11:28:13.166+0000] {processor.py:840} INFO - DAG(s) 'example_branch_datetime_operator_3', 'example_branch_datetime_operator', 'example_branch_datetime_operator_2' retrieved from /home/airflow/.local/lib/python3.8/site-packages/airflow/example_dags/example_branch_datetime_operator.py
[2025-01-20T11:28:13.211+0000] {logging_mixin.py:188} INFO - [2025-01-20T11:28:13.210+0000] {dag.py:3036} INFO - Sync 3 DAGs
[2025-01-20T11:28:13.253+0000] {logging_mixin.py:188} INFO - [2025-01-20T11:28:13.253+0000] {dag.py:3823} INFO - Setting next_dagrun for example_branch_datetime_operator to 2025-01-19 00:00:00+00:00, run_after=2025-01-20 00:00:00+00:00
[2025-01-20T11:28:13.265+0000] {logging_mixin.py:188} INFO - [2025-01-20T11:28:13.265+0000] {dag.py:3823} INFO - Setting next_dagrun for example_branch_datetime_operator_2 to 2025-01-19 00:00:00+00:00, run_after=2025-01-20 00:00:00+00:00
[2025-01-20T11:28:13.271+0000] {logging_mixin.py:188} INFO - [2025-01-20T11:28:13.271+0000] {dag.py:3823} INFO - Setting next_dagrun for example_branch_datetime_operator_3 to 2025-01-19 00:00:00+00:00, run_after=2025-01-20 00:00:00+00:00
[2025-01-20T11:28:13.301+0000] {processor.py:183} INFO - Processing /home/airflow/.local/lib/python3.8/site-packages/airflow/example_dags/example_branch_datetime_operator.py took 0.163 seconds
[2025-01-20T11:28:43.403+0000] {processor.py:161} INFO - Started process (PID=1438) to work on /home/airflow/.local/lib/python3.8/site-packages/airflow/example_dags/example_branch_datetime_operator.py
[2025-01-20T11:28:43.404+0000] {processor.py:830} INFO - Processing file /home/airflow/.local/lib/python3.8/site-packages/airflow/example_dags/example_branch_datetime_operator.py for tasks to queue
[2025-01-20T11:28:43.407+0000] {logging_mixin.py:188} INFO - [2025-01-20T11:28:43.406+0000] {dagbag.py:538} INFO - Filling up the DagBag from /home/airflow/.local/lib/python3.8/site-packages/airflow/example_dags/example_branch_datetime_operator.py
[2025-01-20T11:28:43.424+0000] {processor.py:840} INFO - DAG(s) 'example_branch_datetime_operator_3', 'example_branch_datetime_operator', 'example_branch_datetime_operator_2' retrieved from /home/airflow/.local/lib/python3.8/site-packages/airflow/example_dags/example_branch_datetime_operator.py
[2025-01-20T11:28:43.471+0000] {logging_mixin.py:188} INFO - [2025-01-20T11:28:43.470+0000] {dag.py:3036} INFO - Sync 3 DAGs
[2025-01-20T11:28:43.511+0000] {logging_mixin.py:188} INFO - [2025-01-20T11:28:43.510+0000] {dag.py:3823} INFO - Setting next_dagrun for example_branch_datetime_operator to 2025-01-19 00:00:00+00:00, run_after=2025-01-20 00:00:00+00:00
[2025-01-20T11:28:43.520+0000] {logging_mixin.py:188} INFO - [2025-01-20T11:28:43.519+0000] {dag.py:3823} INFO - Setting next_dagrun for example_branch_datetime_operator_2 to 2025-01-19 00:00:00+00:00, run_after=2025-01-20 00:00:00+00:00
[2025-01-20T11:28:43.525+0000] {logging_mixin.py:188} INFO - [2025-01-20T11:28:43.525+0000] {dag.py:3823} INFO - Setting next_dagrun for example_branch_datetime_operator_3 to 2025-01-19 00:00:00+00:00, run_after=2025-01-20 00:00:00+00:00
[2025-01-20T11:28:43.556+0000] {processor.py:183} INFO - Processing /home/airflow/.local/lib/python3.8/site-packages/airflow/example_dags/example_branch_datetime_operator.py took 0.158 seconds
[2025-01-20T11:29:14.332+0000] {processor.py:161} INFO - Started process (PID=1493) to work on /home/airflow/.local/lib/python3.8/site-packages/airflow/example_dags/example_branch_datetime_operator.py
[2025-01-20T11:29:14.334+0000] {processor.py:830} INFO - Processing file /home/airflow/.local/lib/python3.8/site-packages/airflow/example_dags/example_branch_datetime_operator.py for tasks to queue
[2025-01-20T11:29:14.336+0000] {logging_mixin.py:188} INFO - [2025-01-20T11:29:14.336+0000] {dagbag.py:538} INFO - Filling up the DagBag from /home/airflow/.local/lib/python3.8/site-packages/airflow/example_dags/example_branch_datetime_operator.py
[2025-01-20T11:29:14.355+0000] {processor.py:840} INFO - DAG(s) 'example_branch_datetime_operator_3', 'example_branch_datetime_operator', 'example_branch_datetime_operator_2' retrieved from /home/airflow/.local/lib/python3.8/site-packages/airflow/example_dags/example_branch_datetime_operator.py
[2025-01-20T11:29:14.404+0000] {logging_mixin.py:188} INFO - [2025-01-20T11:29:14.404+0000] {dag.py:3036} INFO - Sync 3 DAGs
[2025-01-20T11:29:14.441+0000] {logging_mixin.py:188} INFO - [2025-01-20T11:29:14.440+0000] {dag.py:3823} INFO - Setting next_dagrun for example_branch_datetime_operator to 2025-01-19 00:00:00+00:00, run_after=2025-01-20 00:00:00+00:00
[2025-01-20T11:29:14.448+0000] {logging_mixin.py:188} INFO - [2025-01-20T11:29:14.448+0000] {dag.py:3823} INFO - Setting next_dagrun for example_branch_datetime_operator_2 to 2025-01-19 00:00:00+00:00, run_after=2025-01-20 00:00:00+00:00
[2025-01-20T11:29:14.453+0000] {logging_mixin.py:188} INFO - [2025-01-20T11:29:14.453+0000] {dag.py:3823} INFO - Setting next_dagrun for example_branch_datetime_operator_3 to 2025-01-19 00:00:00+00:00, run_after=2025-01-20 00:00:00+00:00
[2025-01-20T11:29:14.481+0000] {processor.py:183} INFO - Processing /home/airflow/.local/lib/python3.8/site-packages/airflow/example_dags/example_branch_datetime_operator.py took 0.153 seconds
[2025-01-20T11:29:44.626+0000] {processor.py:161} INFO - Started process (PID=1549) to work on /home/airflow/.local/lib/python3.8/site-packages/airflow/example_dags/example_branch_datetime_operator.py
[2025-01-20T11:29:44.628+0000] {processor.py:830} INFO - Processing file /home/airflow/.local/lib/python3.8/site-packages/airflow/example_dags/example_branch_datetime_operator.py for tasks to queue
[2025-01-20T11:29:44.633+0000] {logging_mixin.py:188} INFO - [2025-01-20T11:29:44.632+0000] {dagbag.py:538} INFO - Filling up the DagBag from /home/airflow/.local/lib/python3.8/site-packages/airflow/example_dags/example_branch_datetime_operator.py
[2025-01-20T11:29:44.666+0000] {processor.py:840} INFO - DAG(s) 'example_branch_datetime_operator_3', 'example_branch_datetime_operator_2', 'example_branch_datetime_operator' retrieved from /home/airflow/.local/lib/python3.8/site-packages/airflow/example_dags/example_branch_datetime_operator.py
[2025-01-20T11:29:44.802+0000] {logging_mixin.py:188} INFO - [2025-01-20T11:29:44.802+0000] {dag.py:3036} INFO - Sync 3 DAGs
[2025-01-20T11:29:44.872+0000] {logging_mixin.py:188} INFO - [2025-01-20T11:29:44.871+0000] {dag.py:3823} INFO - Setting next_dagrun for example_branch_datetime_operator to 2025-01-19 00:00:00+00:00, run_after=2025-01-20 00:00:00+00:00
[2025-01-20T11:29:44.889+0000] {logging_mixin.py:188} INFO - [2025-01-20T11:29:44.887+0000] {dag.py:3823} INFO - Setting next_dagrun for example_branch_datetime_operator_2 to 2025-01-19 00:00:00+00:00, run_after=2025-01-20 00:00:00+00:00
[2025-01-20T11:29:44.896+0000] {logging_mixin.py:188} INFO - [2025-01-20T11:29:44.896+0000] {dag.py:3823} INFO - Setting next_dagrun for example_branch_datetime_operator_3 to 2025-01-19 00:00:00+00:00, run_after=2025-01-20 00:00:00+00:00
[2025-01-20T11:29:44.951+0000] {processor.py:183} INFO - Processing /home/airflow/.local/lib/python3.8/site-packages/airflow/example_dags/example_branch_datetime_operator.py took 0.332 seconds
[2025-01-20T11:30:15.310+0000] {processor.py:161} INFO - Started process (PID=1603) to work on /home/airflow/.local/lib/python3.8/site-packages/airflow/example_dags/example_branch_datetime_operator.py
[2025-01-20T11:30:15.314+0000] {processor.py:830} INFO - Processing file /home/airflow/.local/lib/python3.8/site-packages/airflow/example_dags/example_branch_datetime_operator.py for tasks to queue
[2025-01-20T11:30:15.319+0000] {logging_mixin.py:188} INFO - [2025-01-20T11:30:15.318+0000] {dagbag.py:538} INFO - Filling up the DagBag from /home/airflow/.local/lib/python3.8/site-packages/airflow/example_dags/example_branch_datetime_operator.py
[2025-01-20T11:30:15.352+0000] {processor.py:840} INFO - DAG(s) 'example_branch_datetime_operator_2', 'example_branch_datetime_operator_3', 'example_branch_datetime_operator' retrieved from /home/airflow/.local/lib/python3.8/site-packages/airflow/example_dags/example_branch_datetime_operator.py
[2025-01-20T11:30:15.432+0000] {logging_mixin.py:188} INFO - [2025-01-20T11:30:15.432+0000] {dag.py:3036} INFO - Sync 3 DAGs
[2025-01-20T11:30:15.478+0000] {logging_mixin.py:188} INFO - [2025-01-20T11:30:15.478+0000] {dag.py:3823} INFO - Setting next_dagrun for example_branch_datetime_operator to 2025-01-19 00:00:00+00:00, run_after=2025-01-20 00:00:00+00:00
[2025-01-20T11:30:15.487+0000] {logging_mixin.py:188} INFO - [2025-01-20T11:30:15.487+0000] {dag.py:3823} INFO - Setting next_dagrun for example_branch_datetime_operator_2 to 2025-01-19 00:00:00+00:00, run_after=2025-01-20 00:00:00+00:00
[2025-01-20T11:30:15.492+0000] {logging_mixin.py:188} INFO - [2025-01-20T11:30:15.492+0000] {dag.py:3823} INFO - Setting next_dagrun for example_branch_datetime_operator_3 to 2025-01-19 00:00:00+00:00, run_after=2025-01-20 00:00:00+00:00
[2025-01-20T11:30:15.529+0000] {processor.py:183} INFO - Processing /home/airflow/.local/lib/python3.8/site-packages/airflow/example_dags/example_branch_datetime_operator.py took 0.230 seconds
[2025-01-20T11:30:46.351+0000] {processor.py:161} INFO - Started process (PID=1658) to work on /home/airflow/.local/lib/python3.8/site-packages/airflow/example_dags/example_branch_datetime_operator.py
[2025-01-20T11:30:46.353+0000] {processor.py:830} INFO - Processing file /home/airflow/.local/lib/python3.8/site-packages/airflow/example_dags/example_branch_datetime_operator.py for tasks to queue
[2025-01-20T11:30:46.355+0000] {logging_mixin.py:188} INFO - [2025-01-20T11:30:46.355+0000] {dagbag.py:538} INFO - Filling up the DagBag from /home/airflow/.local/lib/python3.8/site-packages/airflow/example_dags/example_branch_datetime_operator.py
[2025-01-20T11:30:46.372+0000] {processor.py:840} INFO - DAG(s) 'example_branch_datetime_operator', 'example_branch_datetime_operator_3', 'example_branch_datetime_operator_2' retrieved from /home/airflow/.local/lib/python3.8/site-packages/airflow/example_dags/example_branch_datetime_operator.py
[2025-01-20T11:30:46.418+0000] {logging_mixin.py:188} INFO - [2025-01-20T11:30:46.418+0000] {dag.py:3036} INFO - Sync 3 DAGs
[2025-01-20T11:30:46.459+0000] {logging_mixin.py:188} INFO - [2025-01-20T11:30:46.458+0000] {dag.py:3823} INFO - Setting next_dagrun for example_branch_datetime_operator to 2025-01-19 00:00:00+00:00, run_after=2025-01-20 00:00:00+00:00
[2025-01-20T11:30:46.468+0000] {logging_mixin.py:188} INFO - [2025-01-20T11:30:46.468+0000] {dag.py:3823} INFO - Setting next_dagrun for example_branch_datetime_operator_2 to 2025-01-19 00:00:00+00:00, run_after=2025-01-20 00:00:00+00:00
[2025-01-20T11:30:46.474+0000] {logging_mixin.py:188} INFO - [2025-01-20T11:30:46.474+0000] {dag.py:3823} INFO - Setting next_dagrun for example_branch_datetime_operator_3 to 2025-01-19 00:00:00+00:00, run_after=2025-01-20 00:00:00+00:00
[2025-01-20T11:30:46.506+0000] {processor.py:183} INFO - Processing /home/airflow/.local/lib/python3.8/site-packages/airflow/example_dags/example_branch_datetime_operator.py took 0.160 seconds
[2025-01-20T11:31:17.160+0000] {processor.py:161} INFO - Started process (PID=1713) to work on /home/airflow/.local/lib/python3.8/site-packages/airflow/example_dags/example_branch_datetime_operator.py
[2025-01-20T11:31:17.163+0000] {processor.py:830} INFO - Processing file /home/airflow/.local/lib/python3.8/site-packages/airflow/example_dags/example_branch_datetime_operator.py for tasks to queue
[2025-01-20T11:31:17.167+0000] {logging_mixin.py:188} INFO - [2025-01-20T11:31:17.167+0000] {dagbag.py:538} INFO - Filling up the DagBag from /home/airflow/.local/lib/python3.8/site-packages/airflow/example_dags/example_branch_datetime_operator.py
[2025-01-20T11:31:17.196+0000] {processor.py:840} INFO - DAG(s) 'example_branch_datetime_operator_2', 'example_branch_datetime_operator_3', 'example_branch_datetime_operator' retrieved from /home/airflow/.local/lib/python3.8/site-packages/airflow/example_dags/example_branch_datetime_operator.py
[2025-01-20T11:31:17.261+0000] {logging_mixin.py:188} INFO - [2025-01-20T11:31:17.260+0000] {dag.py:3036} INFO - Sync 3 DAGs
[2025-01-20T11:31:17.317+0000] {logging_mixin.py:188} INFO - [2025-01-20T11:31:17.317+0000] {dag.py:3823} INFO - Setting next_dagrun for example_branch_datetime_operator to 2025-01-19 00:00:00+00:00, run_after=2025-01-20 00:00:00+00:00
[2025-01-20T11:31:17.334+0000] {logging_mixin.py:188} INFO - [2025-01-20T11:31:17.333+0000] {dag.py:3823} INFO - Setting next_dagrun for example_branch_datetime_operator_2 to 2025-01-19 00:00:00+00:00, run_after=2025-01-20 00:00:00+00:00
[2025-01-20T11:31:17.341+0000] {logging_mixin.py:188} INFO - [2025-01-20T11:31:17.340+0000] {dag.py:3823} INFO - Setting next_dagrun for example_branch_datetime_operator_3 to 2025-01-19 00:00:00+00:00, run_after=2025-01-20 00:00:00+00:00
[2025-01-20T11:31:17.385+0000] {processor.py:183} INFO - Processing /home/airflow/.local/lib/python3.8/site-packages/airflow/example_dags/example_branch_datetime_operator.py took 0.230 seconds
[2025-01-20T11:31:47.896+0000] {processor.py:161} INFO - Started process (PID=1768) to work on /home/airflow/.local/lib/python3.8/site-packages/airflow/example_dags/example_branch_datetime_operator.py
[2025-01-20T11:31:47.898+0000] {processor.py:830} INFO - Processing file /home/airflow/.local/lib/python3.8/site-packages/airflow/example_dags/example_branch_datetime_operator.py for tasks to queue
[2025-01-20T11:31:47.901+0000] {logging_mixin.py:188} INFO - [2025-01-20T11:31:47.901+0000] {dagbag.py:538} INFO - Filling up the DagBag from /home/airflow/.local/lib/python3.8/site-packages/airflow/example_dags/example_branch_datetime_operator.py
[2025-01-20T11:31:47.919+0000] {processor.py:840} INFO - DAG(s) 'example_branch_datetime_operator_2', 'example_branch_datetime_operator', 'example_branch_datetime_operator_3' retrieved from /home/airflow/.local/lib/python3.8/site-packages/airflow/example_dags/example_branch_datetime_operator.py
[2025-01-20T11:31:47.966+0000] {logging_mixin.py:188} INFO - [2025-01-20T11:31:47.965+0000] {dag.py:3036} INFO - Sync 3 DAGs
[2025-01-20T11:31:48.005+0000] {logging_mixin.py:188} INFO - [2025-01-20T11:31:48.004+0000] {dag.py:3823} INFO - Setting next_dagrun for example_branch_datetime_operator to 2025-01-19 00:00:00+00:00, run_after=2025-01-20 00:00:00+00:00
[2025-01-20T11:31:48.014+0000] {logging_mixin.py:188} INFO - [2025-01-20T11:31:48.014+0000] {dag.py:3823} INFO - Setting next_dagrun for example_branch_datetime_operator_2 to 2025-01-19 00:00:00+00:00, run_after=2025-01-20 00:00:00+00:00
[2025-01-20T11:31:48.019+0000] {logging_mixin.py:188} INFO - [2025-01-20T11:31:48.019+0000] {dag.py:3823} INFO - Setting next_dagrun for example_branch_datetime_operator_3 to 2025-01-19 00:00:00+00:00, run_after=2025-01-20 00:00:00+00:00
[2025-01-20T11:31:48.052+0000] {processor.py:183} INFO - Processing /home/airflow/.local/lib/python3.8/site-packages/airflow/example_dags/example_branch_datetime_operator.py took 0.160 seconds
[2025-01-20T11:32:18.260+0000] {processor.py:161} INFO - Started process (PID=1823) to work on /home/airflow/.local/lib/python3.8/site-packages/airflow/example_dags/example_branch_datetime_operator.py
[2025-01-20T11:32:18.261+0000] {processor.py:830} INFO - Processing file /home/airflow/.local/lib/python3.8/site-packages/airflow/example_dags/example_branch_datetime_operator.py for tasks to queue
[2025-01-20T11:32:18.264+0000] {logging_mixin.py:188} INFO - [2025-01-20T11:32:18.264+0000] {dagbag.py:538} INFO - Filling up the DagBag from /home/airflow/.local/lib/python3.8/site-packages/airflow/example_dags/example_branch_datetime_operator.py
[2025-01-20T11:32:18.282+0000] {processor.py:840} INFO - DAG(s) 'example_branch_datetime_operator', 'example_branch_datetime_operator_2', 'example_branch_datetime_operator_3' retrieved from /home/airflow/.local/lib/python3.8/site-packages/airflow/example_dags/example_branch_datetime_operator.py
[2025-01-20T11:32:18.334+0000] {logging_mixin.py:188} INFO - [2025-01-20T11:32:18.333+0000] {dag.py:3036} INFO - Sync 3 DAGs
[2025-01-20T11:32:18.380+0000] {logging_mixin.py:188} INFO - [2025-01-20T11:32:18.379+0000] {dag.py:3823} INFO - Setting next_dagrun for example_branch_datetime_operator to 2025-01-19 00:00:00+00:00, run_after=2025-01-20 00:00:00+00:00
[2025-01-20T11:32:18.391+0000] {logging_mixin.py:188} INFO - [2025-01-20T11:32:18.390+0000] {dag.py:3823} INFO - Setting next_dagrun for example_branch_datetime_operator_2 to 2025-01-19 00:00:00+00:00, run_after=2025-01-20 00:00:00+00:00
[2025-01-20T11:32:18.396+0000] {logging_mixin.py:188} INFO - [2025-01-20T11:32:18.396+0000] {dag.py:3823} INFO - Setting next_dagrun for example_branch_datetime_operator_3 to 2025-01-19 00:00:00+00:00, run_after=2025-01-20 00:00:00+00:00
[2025-01-20T11:32:18.428+0000] {processor.py:183} INFO - Processing /home/airflow/.local/lib/python3.8/site-packages/airflow/example_dags/example_branch_datetime_operator.py took 0.173 seconds
[2025-01-20T11:32:48.605+0000] {processor.py:161} INFO - Started process (PID=1878) to work on /home/airflow/.local/lib/python3.8/site-packages/airflow/example_dags/example_branch_datetime_operator.py
[2025-01-20T11:32:48.606+0000] {processor.py:830} INFO - Processing file /home/airflow/.local/lib/python3.8/site-packages/airflow/example_dags/example_branch_datetime_operator.py for tasks to queue
[2025-01-20T11:32:48.609+0000] {logging_mixin.py:188} INFO - [2025-01-20T11:32:48.609+0000] {dagbag.py:538} INFO - Filling up the DagBag from /home/airflow/.local/lib/python3.8/site-packages/airflow/example_dags/example_branch_datetime_operator.py
[2025-01-20T11:32:48.635+0000] {processor.py:840} INFO - DAG(s) 'example_branch_datetime_operator_3', 'example_branch_datetime_operator', 'example_branch_datetime_operator_2' retrieved from /home/airflow/.local/lib/python3.8/site-packages/airflow/example_dags/example_branch_datetime_operator.py
[2025-01-20T11:32:48.687+0000] {logging_mixin.py:188} INFO - [2025-01-20T11:32:48.686+0000] {dag.py:3036} INFO - Sync 3 DAGs
[2025-01-20T11:32:48.729+0000] {logging_mixin.py:188} INFO - [2025-01-20T11:32:48.729+0000] {dag.py:3823} INFO - Setting next_dagrun for example_branch_datetime_operator to 2025-01-19 00:00:00+00:00, run_after=2025-01-20 00:00:00+00:00
[2025-01-20T11:32:48.738+0000] {logging_mixin.py:188} INFO - [2025-01-20T11:32:48.737+0000] {dag.py:3823} INFO - Setting next_dagrun for example_branch_datetime_operator_2 to 2025-01-19 00:00:00+00:00, run_after=2025-01-20 00:00:00+00:00
[2025-01-20T11:32:48.743+0000] {logging_mixin.py:188} INFO - [2025-01-20T11:32:48.742+0000] {dag.py:3823} INFO - Setting next_dagrun for example_branch_datetime_operator_3 to 2025-01-19 00:00:00+00:00, run_after=2025-01-20 00:00:00+00:00
[2025-01-20T11:32:48.776+0000] {processor.py:183} INFO - Processing /home/airflow/.local/lib/python3.8/site-packages/airflow/example_dags/example_branch_datetime_operator.py took 0.176 seconds
[2025-01-20T11:33:19.636+0000] {processor.py:161} INFO - Started process (PID=1933) to work on /home/airflow/.local/lib/python3.8/site-packages/airflow/example_dags/example_branch_datetime_operator.py
[2025-01-20T11:33:19.637+0000] {processor.py:830} INFO - Processing file /home/airflow/.local/lib/python3.8/site-packages/airflow/example_dags/example_branch_datetime_operator.py for tasks to queue
[2025-01-20T11:33:19.639+0000] {logging_mixin.py:188} INFO - [2025-01-20T11:33:19.639+0000] {dagbag.py:538} INFO - Filling up the DagBag from /home/airflow/.local/lib/python3.8/site-packages/airflow/example_dags/example_branch_datetime_operator.py
[2025-01-20T11:33:19.656+0000] {processor.py:840} INFO - DAG(s) 'example_branch_datetime_operator', 'example_branch_datetime_operator_2', 'example_branch_datetime_operator_3' retrieved from /home/airflow/.local/lib/python3.8/site-packages/airflow/example_dags/example_branch_datetime_operator.py
[2025-01-20T11:33:19.708+0000] {logging_mixin.py:188} INFO - [2025-01-20T11:33:19.707+0000] {dag.py:3036} INFO - Sync 3 DAGs
[2025-01-20T11:33:19.753+0000] {logging_mixin.py:188} INFO - [2025-01-20T11:33:19.753+0000] {dag.py:3823} INFO - Setting next_dagrun for example_branch_datetime_operator to 2025-01-19 00:00:00+00:00, run_after=2025-01-20 00:00:00+00:00
[2025-01-20T11:33:19.766+0000] {logging_mixin.py:188} INFO - [2025-01-20T11:33:19.766+0000] {dag.py:3823} INFO - Setting next_dagrun for example_branch_datetime_operator_2 to 2025-01-19 00:00:00+00:00, run_after=2025-01-20 00:00:00+00:00
[2025-01-20T11:33:19.773+0000] {logging_mixin.py:188} INFO - [2025-01-20T11:33:19.773+0000] {dag.py:3823} INFO - Setting next_dagrun for example_branch_datetime_operator_3 to 2025-01-19 00:00:00+00:00, run_after=2025-01-20 00:00:00+00:00
[2025-01-20T11:33:19.807+0000] {processor.py:183} INFO - Processing /home/airflow/.local/lib/python3.8/site-packages/airflow/example_dags/example_branch_datetime_operator.py took 0.176 seconds
[2025-01-20T11:33:50.356+0000] {processor.py:161} INFO - Started process (PID=1988) to work on /home/airflow/.local/lib/python3.8/site-packages/airflow/example_dags/example_branch_datetime_operator.py
[2025-01-20T11:33:50.359+0000] {processor.py:830} INFO - Processing file /home/airflow/.local/lib/python3.8/site-packages/airflow/example_dags/example_branch_datetime_operator.py for tasks to queue
[2025-01-20T11:33:50.364+0000] {logging_mixin.py:188} INFO - [2025-01-20T11:33:50.363+0000] {dagbag.py:538} INFO - Filling up the DagBag from /home/airflow/.local/lib/python3.8/site-packages/airflow/example_dags/example_branch_datetime_operator.py
[2025-01-20T11:33:50.387+0000] {processor.py:840} INFO - DAG(s) 'example_branch_datetime_operator_2', 'example_branch_datetime_operator', 'example_branch_datetime_operator_3' retrieved from /home/airflow/.local/lib/python3.8/site-packages/airflow/example_dags/example_branch_datetime_operator.py
[2025-01-20T11:33:50.449+0000] {logging_mixin.py:188} INFO - [2025-01-20T11:33:50.449+0000] {dag.py:3036} INFO - Sync 3 DAGs
[2025-01-20T11:33:50.498+0000] {logging_mixin.py:188} INFO - [2025-01-20T11:33:50.498+0000] {dag.py:3823} INFO - Setting next_dagrun for example_branch_datetime_operator to 2025-01-19 00:00:00+00:00, run_after=2025-01-20 00:00:00+00:00
[2025-01-20T11:33:50.516+0000] {logging_mixin.py:188} INFO - [2025-01-20T11:33:50.516+0000] {dag.py:3823} INFO - Setting next_dagrun for example_branch_datetime_operator_2 to 2025-01-19 00:00:00+00:00, run_after=2025-01-20 00:00:00+00:00
[2025-01-20T11:33:50.525+0000] {logging_mixin.py:188} INFO - [2025-01-20T11:33:50.525+0000] {dag.py:3823} INFO - Setting next_dagrun for example_branch_datetime_operator_3 to 2025-01-19 00:00:00+00:00, run_after=2025-01-20 00:00:00+00:00
[2025-01-20T11:33:50.575+0000] {processor.py:183} INFO - Processing /home/airflow/.local/lib/python3.8/site-packages/airflow/example_dags/example_branch_datetime_operator.py took 0.227 seconds
[2025-01-20T11:34:20.831+0000] {processor.py:161} INFO - Started process (PID=2043) to work on /home/airflow/.local/lib/python3.8/site-packages/airflow/example_dags/example_branch_datetime_operator.py
[2025-01-20T11:34:20.833+0000] {processor.py:830} INFO - Processing file /home/airflow/.local/lib/python3.8/site-packages/airflow/example_dags/example_branch_datetime_operator.py for tasks to queue
[2025-01-20T11:34:20.835+0000] {logging_mixin.py:188} INFO - [2025-01-20T11:34:20.835+0000] {dagbag.py:538} INFO - Filling up the DagBag from /home/airflow/.local/lib/python3.8/site-packages/airflow/example_dags/example_branch_datetime_operator.py
[2025-01-20T11:34:20.853+0000] {processor.py:840} INFO - DAG(s) 'example_branch_datetime_operator_2', 'example_branch_datetime_operator', 'example_branch_datetime_operator_3' retrieved from /home/airflow/.local/lib/python3.8/site-packages/airflow/example_dags/example_branch_datetime_operator.py
[2025-01-20T11:34:20.904+0000] {logging_mixin.py:188} INFO - [2025-01-20T11:34:20.903+0000] {dag.py:3036} INFO - Sync 3 DAGs
[2025-01-20T11:34:20.948+0000] {logging_mixin.py:188} INFO - [2025-01-20T11:34:20.948+0000] {dag.py:3823} INFO - Setting next_dagrun for example_branch_datetime_operator to 2025-01-19 00:00:00+00:00, run_after=2025-01-20 00:00:00+00:00
[2025-01-20T11:34:20.958+0000] {logging_mixin.py:188} INFO - [2025-01-20T11:34:20.958+0000] {dag.py:3823} INFO - Setting next_dagrun for example_branch_datetime_operator_2 to 2025-01-19 00:00:00+00:00, run_after=2025-01-20 00:00:00+00:00
[2025-01-20T11:34:20.964+0000] {logging_mixin.py:188} INFO - [2025-01-20T11:34:20.963+0000] {dag.py:3823} INFO - Setting next_dagrun for example_branch_datetime_operator_3 to 2025-01-19 00:00:00+00:00, run_after=2025-01-20 00:00:00+00:00
[2025-01-20T11:34:20.998+0000] {processor.py:183} INFO - Processing /home/airflow/.local/lib/python3.8/site-packages/airflow/example_dags/example_branch_datetime_operator.py took 0.172 seconds
[2025-01-20T11:34:51.533+0000] {processor.py:161} INFO - Started process (PID=2096) to work on /home/airflow/.local/lib/python3.8/site-packages/airflow/example_dags/example_branch_datetime_operator.py
[2025-01-20T11:34:51.535+0000] {processor.py:830} INFO - Processing file /home/airflow/.local/lib/python3.8/site-packages/airflow/example_dags/example_branch_datetime_operator.py for tasks to queue
[2025-01-20T11:34:51.537+0000] {logging_mixin.py:188} INFO - [2025-01-20T11:34:51.537+0000] {dagbag.py:538} INFO - Filling up the DagBag from /home/airflow/.local/lib/python3.8/site-packages/airflow/example_dags/example_branch_datetime_operator.py
[2025-01-20T11:34:51.554+0000] {processor.py:840} INFO - DAG(s) 'example_branch_datetime_operator', 'example_branch_datetime_operator_2', 'example_branch_datetime_operator_3' retrieved from /home/airflow/.local/lib/python3.8/site-packages/airflow/example_dags/example_branch_datetime_operator.py
[2025-01-20T11:34:51.603+0000] {logging_mixin.py:188} INFO - [2025-01-20T11:34:51.603+0000] {dag.py:3036} INFO - Sync 3 DAGs
[2025-01-20T11:34:51.643+0000] {logging_mixin.py:188} INFO - [2025-01-20T11:34:51.643+0000] {dag.py:3823} INFO - Setting next_dagrun for example_branch_datetime_operator to 2025-01-19 00:00:00+00:00, run_after=2025-01-20 00:00:00+00:00
[2025-01-20T11:34:51.652+0000] {logging_mixin.py:188} INFO - [2025-01-20T11:34:51.652+0000] {dag.py:3823} INFO - Setting next_dagrun for example_branch_datetime_operator_2 to 2025-01-19 00:00:00+00:00, run_after=2025-01-20 00:00:00+00:00
[2025-01-20T11:34:51.659+0000] {logging_mixin.py:188} INFO - [2025-01-20T11:34:51.658+0000] {dag.py:3823} INFO - Setting next_dagrun for example_branch_datetime_operator_3 to 2025-01-19 00:00:00+00:00, run_after=2025-01-20 00:00:00+00:00
[2025-01-20T11:34:51.691+0000] {processor.py:183} INFO - Processing /home/airflow/.local/lib/python3.8/site-packages/airflow/example_dags/example_branch_datetime_operator.py took 0.162 seconds
[2025-01-20T11:35:22.536+0000] {processor.py:161} INFO - Started process (PID=2151) to work on /home/airflow/.local/lib/python3.8/site-packages/airflow/example_dags/example_branch_datetime_operator.py
[2025-01-20T11:35:22.539+0000] {processor.py:830} INFO - Processing file /home/airflow/.local/lib/python3.8/site-packages/airflow/example_dags/example_branch_datetime_operator.py for tasks to queue
[2025-01-20T11:35:22.546+0000] {logging_mixin.py:188} INFO - [2025-01-20T11:35:22.545+0000] {dagbag.py:538} INFO - Filling up the DagBag from /home/airflow/.local/lib/python3.8/site-packages/airflow/example_dags/example_branch_datetime_operator.py
[2025-01-20T11:35:22.592+0000] {processor.py:840} INFO - DAG(s) 'example_branch_datetime_operator_2', 'example_branch_datetime_operator_3', 'example_branch_datetime_operator' retrieved from /home/airflow/.local/lib/python3.8/site-packages/airflow/example_dags/example_branch_datetime_operator.py
[2025-01-20T11:35:22.756+0000] {logging_mixin.py:188} INFO - [2025-01-20T11:35:22.755+0000] {dag.py:3036} INFO - Sync 3 DAGs
[2025-01-20T11:35:22.857+0000] {logging_mixin.py:188} INFO - [2025-01-20T11:35:22.856+0000] {dag.py:3823} INFO - Setting next_dagrun for example_branch_datetime_operator to 2025-01-19 00:00:00+00:00, run_after=2025-01-20 00:00:00+00:00
[2025-01-20T11:35:22.877+0000] {logging_mixin.py:188} INFO - [2025-01-20T11:35:22.876+0000] {dag.py:3823} INFO - Setting next_dagrun for example_branch_datetime_operator_2 to 2025-01-19 00:00:00+00:00, run_after=2025-01-20 00:00:00+00:00
[2025-01-20T11:35:22.891+0000] {logging_mixin.py:188} INFO - [2025-01-20T11:35:22.890+0000] {dag.py:3823} INFO - Setting next_dagrun for example_branch_datetime_operator_3 to 2025-01-19 00:00:00+00:00, run_after=2025-01-20 00:00:00+00:00
[2025-01-20T11:35:22.932+0000] {processor.py:183} INFO - Processing /home/airflow/.local/lib/python3.8/site-packages/airflow/example_dags/example_branch_datetime_operator.py took 0.406 seconds
[2025-01-20T11:35:53.037+0000] {processor.py:161} INFO - Started process (PID=2206) to work on /home/airflow/.local/lib/python3.8/site-packages/airflow/example_dags/example_branch_datetime_operator.py
[2025-01-20T11:35:53.039+0000] {processor.py:830} INFO - Processing file /home/airflow/.local/lib/python3.8/site-packages/airflow/example_dags/example_branch_datetime_operator.py for tasks to queue
[2025-01-20T11:35:53.042+0000] {logging_mixin.py:188} INFO - [2025-01-20T11:35:53.042+0000] {dagbag.py:538} INFO - Filling up the DagBag from /home/airflow/.local/lib/python3.8/site-packages/airflow/example_dags/example_branch_datetime_operator.py
[2025-01-20T11:35:53.068+0000] {processor.py:840} INFO - DAG(s) 'example_branch_datetime_operator_2', 'example_branch_datetime_operator', 'example_branch_datetime_operator_3' retrieved from /home/airflow/.local/lib/python3.8/site-packages/airflow/example_dags/example_branch_datetime_operator.py
[2025-01-20T11:35:53.126+0000] {logging_mixin.py:188} INFO - [2025-01-20T11:35:53.126+0000] {dag.py:3036} INFO - Sync 3 DAGs
[2025-01-20T11:35:53.177+0000] {logging_mixin.py:188} INFO - [2025-01-20T11:35:53.176+0000] {dag.py:3823} INFO - Setting next_dagrun for example_branch_datetime_operator to 2025-01-19 00:00:00+00:00, run_after=2025-01-20 00:00:00+00:00
[2025-01-20T11:35:53.187+0000] {logging_mixin.py:188} INFO - [2025-01-20T11:35:53.186+0000] {dag.py:3823} INFO - Setting next_dagrun for example_branch_datetime_operator_2 to 2025-01-19 00:00:00+00:00, run_after=2025-01-20 00:00:00+00:00
[2025-01-20T11:35:53.192+0000] {logging_mixin.py:188} INFO - [2025-01-20T11:35:53.192+0000] {dag.py:3823} INFO - Setting next_dagrun for example_branch_datetime_operator_3 to 2025-01-19 00:00:00+00:00, run_after=2025-01-20 00:00:00+00:00
[2025-01-20T11:35:53.222+0000] {processor.py:183} INFO - Processing /home/airflow/.local/lib/python3.8/site-packages/airflow/example_dags/example_branch_datetime_operator.py took 0.191 seconds
[2025-01-20T11:36:23.705+0000] {processor.py:161} INFO - Started process (PID=2261) to work on /home/airflow/.local/lib/python3.8/site-packages/airflow/example_dags/example_branch_datetime_operator.py
[2025-01-20T11:36:23.706+0000] {processor.py:830} INFO - Processing file /home/airflow/.local/lib/python3.8/site-packages/airflow/example_dags/example_branch_datetime_operator.py for tasks to queue
[2025-01-20T11:36:23.710+0000] {logging_mixin.py:188} INFO - [2025-01-20T11:36:23.709+0000] {dagbag.py:538} INFO - Filling up the DagBag from /home/airflow/.local/lib/python3.8/site-packages/airflow/example_dags/example_branch_datetime_operator.py
[2025-01-20T11:36:23.732+0000] {processor.py:840} INFO - DAG(s) 'example_branch_datetime_operator', 'example_branch_datetime_operator_2', 'example_branch_datetime_operator_3' retrieved from /home/airflow/.local/lib/python3.8/site-packages/airflow/example_dags/example_branch_datetime_operator.py
[2025-01-20T11:36:23.823+0000] {logging_mixin.py:188} INFO - [2025-01-20T11:36:23.822+0000] {dag.py:3036} INFO - Sync 3 DAGs
[2025-01-20T11:36:23.875+0000] {logging_mixin.py:188} INFO - [2025-01-20T11:36:23.874+0000] {dag.py:3823} INFO - Setting next_dagrun for example_branch_datetime_operator to 2025-01-19 00:00:00+00:00, run_after=2025-01-20 00:00:00+00:00
[2025-01-20T11:36:23.888+0000] {logging_mixin.py:188} INFO - [2025-01-20T11:36:23.887+0000] {dag.py:3823} INFO - Setting next_dagrun for example_branch_datetime_operator_2 to 2025-01-19 00:00:00+00:00, run_after=2025-01-20 00:00:00+00:00
[2025-01-20T11:36:23.896+0000] {logging_mixin.py:188} INFO - [2025-01-20T11:36:23.896+0000] {dag.py:3823} INFO - Setting next_dagrun for example_branch_datetime_operator_3 to 2025-01-19 00:00:00+00:00, run_after=2025-01-20 00:00:00+00:00
[2025-01-20T11:36:23.945+0000] {processor.py:183} INFO - Processing /home/airflow/.local/lib/python3.8/site-packages/airflow/example_dags/example_branch_datetime_operator.py took 0.247 seconds
[2025-01-20T11:36:54.236+0000] {processor.py:161} INFO - Started process (PID=2316) to work on /home/airflow/.local/lib/python3.8/site-packages/airflow/example_dags/example_branch_datetime_operator.py
[2025-01-20T11:36:54.238+0000] {processor.py:830} INFO - Processing file /home/airflow/.local/lib/python3.8/site-packages/airflow/example_dags/example_branch_datetime_operator.py for tasks to queue
[2025-01-20T11:36:54.243+0000] {logging_mixin.py:188} INFO - [2025-01-20T11:36:54.242+0000] {dagbag.py:538} INFO - Filling up the DagBag from /home/airflow/.local/lib/python3.8/site-packages/airflow/example_dags/example_branch_datetime_operator.py
[2025-01-20T11:36:54.270+0000] {processor.py:840} INFO - DAG(s) 'example_branch_datetime_operator', 'example_branch_datetime_operator_3', 'example_branch_datetime_operator_2' retrieved from /home/airflow/.local/lib/python3.8/site-packages/airflow/example_dags/example_branch_datetime_operator.py
[2025-01-20T11:36:54.341+0000] {logging_mixin.py:188} INFO - [2025-01-20T11:36:54.340+0000] {dag.py:3036} INFO - Sync 3 DAGs
[2025-01-20T11:36:54.387+0000] {logging_mixin.py:188} INFO - [2025-01-20T11:36:54.387+0000] {dag.py:3823} INFO - Setting next_dagrun for example_branch_datetime_operator to 2025-01-19 00:00:00+00:00, run_after=2025-01-20 00:00:00+00:00
[2025-01-20T11:36:54.400+0000] {logging_mixin.py:188} INFO - [2025-01-20T11:36:54.399+0000] {dag.py:3823} INFO - Setting next_dagrun for example_branch_datetime_operator_2 to 2025-01-19 00:00:00+00:00, run_after=2025-01-20 00:00:00+00:00
[2025-01-20T11:36:54.405+0000] {logging_mixin.py:188} INFO - [2025-01-20T11:36:54.405+0000] {dag.py:3823} INFO - Setting next_dagrun for example_branch_datetime_operator_3 to 2025-01-19 00:00:00+00:00, run_after=2025-01-20 00:00:00+00:00
[2025-01-20T11:36:54.445+0000] {processor.py:183} INFO - Processing /home/airflow/.local/lib/python3.8/site-packages/airflow/example_dags/example_branch_datetime_operator.py took 0.215 seconds
