[2025-01-20T11:16:24.479+0000] {processor.py:161} INFO - Started process (PID=102) to work on /home/airflow/.local/lib/python3.8/site-packages/airflow/example_dags/example_task_group_decorator.py
[2025-01-20T11:16:24.481+0000] {processor.py:830} INFO - Processing file /home/airflow/.local/lib/python3.8/site-packages/airflow/example_dags/example_task_group_decorator.py for tasks to queue
[2025-01-20T11:16:24.485+0000] {logging_mixin.py:188} INFO - [2025-01-20T11:16:24.484+0000] {dagbag.py:538} INFO - Filling up the DagBag from /home/airflow/.local/lib/python3.8/site-packages/airflow/example_dags/example_task_group_decorator.py
[2025-01-20T11:16:24.525+0000] {processor.py:840} INFO - DAG(s) 'example_task_group_decorator' retrieved from /home/airflow/.local/lib/python3.8/site-packages/airflow/example_dags/example_task_group_decorator.py
[2025-01-20T11:16:24.720+0000] {logging_mixin.py:188} INFO - [2025-01-20T11:16:24.720+0000] {dag.py:3036} INFO - Sync 1 DAGs
[2025-01-20T11:16:24.756+0000] {logging_mixin.py:188} INFO - [2025-01-20T11:16:24.756+0000] {dag.py:3823} INFO - Setting next_dagrun for example_task_group_decorator to 2025-01-19 00:00:00+00:00, run_after=2025-01-20 00:00:00+00:00
[2025-01-20T11:16:24.812+0000] {processor.py:183} INFO - Processing /home/airflow/.local/lib/python3.8/site-packages/airflow/example_dags/example_task_group_decorator.py took 0.339 seconds
[2025-01-20T11:16:55.182+0000] {processor.py:161} INFO - Started process (PID=157) to work on /home/airflow/.local/lib/python3.8/site-packages/airflow/example_dags/example_task_group_decorator.py
[2025-01-20T11:16:55.184+0000] {processor.py:830} INFO - Processing file /home/airflow/.local/lib/python3.8/site-packages/airflow/example_dags/example_task_group_decorator.py for tasks to queue
[2025-01-20T11:16:55.188+0000] {logging_mixin.py:188} INFO - [2025-01-20T11:16:55.187+0000] {dagbag.py:538} INFO - Filling up the DagBag from /home/airflow/.local/lib/python3.8/site-packages/airflow/example_dags/example_task_group_decorator.py
[2025-01-20T11:16:55.216+0000] {processor.py:840} INFO - DAG(s) 'example_task_group_decorator' retrieved from /home/airflow/.local/lib/python3.8/site-packages/airflow/example_dags/example_task_group_decorator.py
[2025-01-20T11:16:55.261+0000] {logging_mixin.py:188} INFO - [2025-01-20T11:16:55.260+0000] {dag.py:3036} INFO - Sync 1 DAGs
[2025-01-20T11:16:55.297+0000] {logging_mixin.py:188} INFO - [2025-01-20T11:16:55.297+0000] {dag.py:3823} INFO - Setting next_dagrun for example_task_group_decorator to 2025-01-19 00:00:00+00:00, run_after=2025-01-20 00:00:00+00:00
[2025-01-20T11:16:55.328+0000] {processor.py:183} INFO - Processing /home/airflow/.local/lib/python3.8/site-packages/airflow/example_dags/example_task_group_decorator.py took 0.151 seconds
[2025-01-20T11:17:25.591+0000] {processor.py:161} INFO - Started process (PID=212) to work on /home/airflow/.local/lib/python3.8/site-packages/airflow/example_dags/example_task_group_decorator.py
[2025-01-20T11:17:25.592+0000] {processor.py:830} INFO - Processing file /home/airflow/.local/lib/python3.8/site-packages/airflow/example_dags/example_task_group_decorator.py for tasks to queue
[2025-01-20T11:17:25.596+0000] {logging_mixin.py:188} INFO - [2025-01-20T11:17:25.595+0000] {dagbag.py:538} INFO - Filling up the DagBag from /home/airflow/.local/lib/python3.8/site-packages/airflow/example_dags/example_task_group_decorator.py
[2025-01-20T11:17:25.621+0000] {processor.py:840} INFO - DAG(s) 'example_task_group_decorator' retrieved from /home/airflow/.local/lib/python3.8/site-packages/airflow/example_dags/example_task_group_decorator.py
[2025-01-20T11:17:25.661+0000] {logging_mixin.py:188} INFO - [2025-01-20T11:17:25.661+0000] {dag.py:3036} INFO - Sync 1 DAGs
[2025-01-20T11:17:25.700+0000] {logging_mixin.py:188} INFO - [2025-01-20T11:17:25.699+0000] {dag.py:3823} INFO - Setting next_dagrun for example_task_group_decorator to 2025-01-19 00:00:00+00:00, run_after=2025-01-20 00:00:00+00:00
[2025-01-20T11:17:25.734+0000] {processor.py:183} INFO - Processing /home/airflow/.local/lib/python3.8/site-packages/airflow/example_dags/example_task_group_decorator.py took 0.149 seconds
[2025-01-20T11:17:56.146+0000] {processor.py:161} INFO - Started process (PID=267) to work on /home/airflow/.local/lib/python3.8/site-packages/airflow/example_dags/example_task_group_decorator.py
[2025-01-20T11:17:56.148+0000] {processor.py:830} INFO - Processing file /home/airflow/.local/lib/python3.8/site-packages/airflow/example_dags/example_task_group_decorator.py for tasks to queue
[2025-01-20T11:17:56.153+0000] {logging_mixin.py:188} INFO - [2025-01-20T11:17:56.151+0000] {dagbag.py:538} INFO - Filling up the DagBag from /home/airflow/.local/lib/python3.8/site-packages/airflow/example_dags/example_task_group_decorator.py
[2025-01-20T11:17:56.185+0000] {processor.py:840} INFO - DAG(s) 'example_task_group_decorator' retrieved from /home/airflow/.local/lib/python3.8/site-packages/airflow/example_dags/example_task_group_decorator.py
[2025-01-20T11:17:56.242+0000] {logging_mixin.py:188} INFO - [2025-01-20T11:17:56.242+0000] {dag.py:3036} INFO - Sync 1 DAGs
[2025-01-20T11:17:56.280+0000] {logging_mixin.py:188} INFO - [2025-01-20T11:17:56.279+0000] {dag.py:3823} INFO - Setting next_dagrun for example_task_group_decorator to 2025-01-19 00:00:00+00:00, run_after=2025-01-20 00:00:00+00:00
[2025-01-20T11:17:56.316+0000] {processor.py:183} INFO - Processing /home/airflow/.local/lib/python3.8/site-packages/airflow/example_dags/example_task_group_decorator.py took 0.178 seconds
[2025-01-20T11:18:26.589+0000] {processor.py:161} INFO - Started process (PID=322) to work on /home/airflow/.local/lib/python3.8/site-packages/airflow/example_dags/example_task_group_decorator.py
[2025-01-20T11:18:26.591+0000] {processor.py:830} INFO - Processing file /home/airflow/.local/lib/python3.8/site-packages/airflow/example_dags/example_task_group_decorator.py for tasks to queue
[2025-01-20T11:18:26.594+0000] {logging_mixin.py:188} INFO - [2025-01-20T11:18:26.593+0000] {dagbag.py:538} INFO - Filling up the DagBag from /home/airflow/.local/lib/python3.8/site-packages/airflow/example_dags/example_task_group_decorator.py
[2025-01-20T11:18:26.616+0000] {processor.py:840} INFO - DAG(s) 'example_task_group_decorator' retrieved from /home/airflow/.local/lib/python3.8/site-packages/airflow/example_dags/example_task_group_decorator.py
[2025-01-20T11:18:26.655+0000] {logging_mixin.py:188} INFO - [2025-01-20T11:18:26.654+0000] {dag.py:3036} INFO - Sync 1 DAGs
[2025-01-20T11:18:26.685+0000] {logging_mixin.py:188} INFO - [2025-01-20T11:18:26.685+0000] {dag.py:3823} INFO - Setting next_dagrun for example_task_group_decorator to 2025-01-19 00:00:00+00:00, run_after=2025-01-20 00:00:00+00:00
[2025-01-20T11:18:26.801+0000] {processor.py:183} INFO - Processing /home/airflow/.local/lib/python3.8/site-packages/airflow/example_dags/example_task_group_decorator.py took 0.216 seconds
[2025-01-20T11:18:57.117+0000] {processor.py:161} INFO - Started process (PID=377) to work on /home/airflow/.local/lib/python3.8/site-packages/airflow/example_dags/example_task_group_decorator.py
[2025-01-20T11:18:57.119+0000] {processor.py:830} INFO - Processing file /home/airflow/.local/lib/python3.8/site-packages/airflow/example_dags/example_task_group_decorator.py for tasks to queue
[2025-01-20T11:18:57.122+0000] {logging_mixin.py:188} INFO - [2025-01-20T11:18:57.122+0000] {dagbag.py:538} INFO - Filling up the DagBag from /home/airflow/.local/lib/python3.8/site-packages/airflow/example_dags/example_task_group_decorator.py
[2025-01-20T11:18:57.152+0000] {processor.py:840} INFO - DAG(s) 'example_task_group_decorator' retrieved from /home/airflow/.local/lib/python3.8/site-packages/airflow/example_dags/example_task_group_decorator.py
[2025-01-20T11:18:57.213+0000] {logging_mixin.py:188} INFO - [2025-01-20T11:18:57.212+0000] {dag.py:3036} INFO - Sync 1 DAGs
[2025-01-20T11:18:57.257+0000] {logging_mixin.py:188} INFO - [2025-01-20T11:18:57.256+0000] {dag.py:3823} INFO - Setting next_dagrun for example_task_group_decorator to 2025-01-19 00:00:00+00:00, run_after=2025-01-20 00:00:00+00:00
[2025-01-20T11:18:57.290+0000] {processor.py:183} INFO - Processing /home/airflow/.local/lib/python3.8/site-packages/airflow/example_dags/example_task_group_decorator.py took 0.179 seconds
[2025-01-20T11:19:27.441+0000] {processor.py:161} INFO - Started process (PID=432) to work on /home/airflow/.local/lib/python3.8/site-packages/airflow/example_dags/example_task_group_decorator.py
[2025-01-20T11:19:27.444+0000] {processor.py:830} INFO - Processing file /home/airflow/.local/lib/python3.8/site-packages/airflow/example_dags/example_task_group_decorator.py for tasks to queue
[2025-01-20T11:19:27.448+0000] {logging_mixin.py:188} INFO - [2025-01-20T11:19:27.447+0000] {dagbag.py:538} INFO - Filling up the DagBag from /home/airflow/.local/lib/python3.8/site-packages/airflow/example_dags/example_task_group_decorator.py
[2025-01-20T11:19:27.484+0000] {processor.py:840} INFO - DAG(s) 'example_task_group_decorator' retrieved from /home/airflow/.local/lib/python3.8/site-packages/airflow/example_dags/example_task_group_decorator.py
[2025-01-20T11:19:27.625+0000] {logging_mixin.py:188} INFO - [2025-01-20T11:19:27.624+0000] {dag.py:3036} INFO - Sync 1 DAGs
[2025-01-20T11:19:27.812+0000] {logging_mixin.py:188} INFO - [2025-01-20T11:19:27.809+0000] {dag.py:3823} INFO - Setting next_dagrun for example_task_group_decorator to 2025-01-19 00:00:00+00:00, run_after=2025-01-20 00:00:00+00:00
[2025-01-20T11:19:27.909+0000] {processor.py:183} INFO - Processing /home/airflow/.local/lib/python3.8/site-packages/airflow/example_dags/example_task_group_decorator.py took 0.474 seconds
[2025-01-20T11:19:58.355+0000] {processor.py:161} INFO - Started process (PID=487) to work on /home/airflow/.local/lib/python3.8/site-packages/airflow/example_dags/example_task_group_decorator.py
[2025-01-20T11:19:58.357+0000] {processor.py:830} INFO - Processing file /home/airflow/.local/lib/python3.8/site-packages/airflow/example_dags/example_task_group_decorator.py for tasks to queue
[2025-01-20T11:19:58.359+0000] {logging_mixin.py:188} INFO - [2025-01-20T11:19:58.359+0000] {dagbag.py:538} INFO - Filling up the DagBag from /home/airflow/.local/lib/python3.8/site-packages/airflow/example_dags/example_task_group_decorator.py
[2025-01-20T11:19:58.382+0000] {processor.py:840} INFO - DAG(s) 'example_task_group_decorator' retrieved from /home/airflow/.local/lib/python3.8/site-packages/airflow/example_dags/example_task_group_decorator.py
[2025-01-20T11:19:58.421+0000] {logging_mixin.py:188} INFO - [2025-01-20T11:19:58.421+0000] {dag.py:3036} INFO - Sync 1 DAGs
[2025-01-20T11:19:58.451+0000] {logging_mixin.py:188} INFO - [2025-01-20T11:19:58.451+0000] {dag.py:3823} INFO - Setting next_dagrun for example_task_group_decorator to 2025-01-19 00:00:00+00:00, run_after=2025-01-20 00:00:00+00:00
[2025-01-20T11:19:58.480+0000] {processor.py:183} INFO - Processing /home/airflow/.local/lib/python3.8/site-packages/airflow/example_dags/example_task_group_decorator.py took 0.130 seconds
[2025-01-20T11:20:28.835+0000] {processor.py:161} INFO - Started process (PID=542) to work on /home/airflow/.local/lib/python3.8/site-packages/airflow/example_dags/example_task_group_decorator.py
[2025-01-20T11:20:28.837+0000] {processor.py:830} INFO - Processing file /home/airflow/.local/lib/python3.8/site-packages/airflow/example_dags/example_task_group_decorator.py for tasks to queue
[2025-01-20T11:20:28.840+0000] {logging_mixin.py:188} INFO - [2025-01-20T11:20:28.840+0000] {dagbag.py:538} INFO - Filling up the DagBag from /home/airflow/.local/lib/python3.8/site-packages/airflow/example_dags/example_task_group_decorator.py
[2025-01-20T11:20:28.865+0000] {processor.py:840} INFO - DAG(s) 'example_task_group_decorator' retrieved from /home/airflow/.local/lib/python3.8/site-packages/airflow/example_dags/example_task_group_decorator.py
[2025-01-20T11:20:28.907+0000] {logging_mixin.py:188} INFO - [2025-01-20T11:20:28.906+0000] {dag.py:3036} INFO - Sync 1 DAGs
[2025-01-20T11:20:28.943+0000] {logging_mixin.py:188} INFO - [2025-01-20T11:20:28.942+0000] {dag.py:3823} INFO - Setting next_dagrun for example_task_group_decorator to 2025-01-19 00:00:00+00:00, run_after=2025-01-20 00:00:00+00:00
[2025-01-20T11:20:28.971+0000] {processor.py:183} INFO - Processing /home/airflow/.local/lib/python3.8/site-packages/airflow/example_dags/example_task_group_decorator.py took 0.141 seconds
[2025-01-20T11:20:59.091+0000] {processor.py:161} INFO - Started process (PID=597) to work on /home/airflow/.local/lib/python3.8/site-packages/airflow/example_dags/example_task_group_decorator.py
[2025-01-20T11:20:59.093+0000] {processor.py:830} INFO - Processing file /home/airflow/.local/lib/python3.8/site-packages/airflow/example_dags/example_task_group_decorator.py for tasks to queue
[2025-01-20T11:20:59.096+0000] {logging_mixin.py:188} INFO - [2025-01-20T11:20:59.096+0000] {dagbag.py:538} INFO - Filling up the DagBag from /home/airflow/.local/lib/python3.8/site-packages/airflow/example_dags/example_task_group_decorator.py
[2025-01-20T11:20:59.120+0000] {processor.py:840} INFO - DAG(s) 'example_task_group_decorator' retrieved from /home/airflow/.local/lib/python3.8/site-packages/airflow/example_dags/example_task_group_decorator.py
[2025-01-20T11:20:59.164+0000] {logging_mixin.py:188} INFO - [2025-01-20T11:20:59.164+0000] {dag.py:3036} INFO - Sync 1 DAGs
[2025-01-20T11:20:59.200+0000] {logging_mixin.py:188} INFO - [2025-01-20T11:20:59.200+0000] {dag.py:3823} INFO - Setting next_dagrun for example_task_group_decorator to 2025-01-19 00:00:00+00:00, run_after=2025-01-20 00:00:00+00:00
[2025-01-20T11:20:59.231+0000] {processor.py:183} INFO - Processing /home/airflow/.local/lib/python3.8/site-packages/airflow/example_dags/example_task_group_decorator.py took 0.145 seconds
[2025-01-20T11:21:29.541+0000] {processor.py:161} INFO - Started process (PID=652) to work on /home/airflow/.local/lib/python3.8/site-packages/airflow/example_dags/example_task_group_decorator.py
[2025-01-20T11:21:29.543+0000] {processor.py:830} INFO - Processing file /home/airflow/.local/lib/python3.8/site-packages/airflow/example_dags/example_task_group_decorator.py for tasks to queue
[2025-01-20T11:21:29.546+0000] {logging_mixin.py:188} INFO - [2025-01-20T11:21:29.546+0000] {dagbag.py:538} INFO - Filling up the DagBag from /home/airflow/.local/lib/python3.8/site-packages/airflow/example_dags/example_task_group_decorator.py
[2025-01-20T11:21:29.573+0000] {processor.py:840} INFO - DAG(s) 'example_task_group_decorator' retrieved from /home/airflow/.local/lib/python3.8/site-packages/airflow/example_dags/example_task_group_decorator.py
[2025-01-20T11:21:29.620+0000] {logging_mixin.py:188} INFO - [2025-01-20T11:21:29.619+0000] {dag.py:3036} INFO - Sync 1 DAGs
[2025-01-20T11:21:29.659+0000] {logging_mixin.py:188} INFO - [2025-01-20T11:21:29.658+0000] {dag.py:3823} INFO - Setting next_dagrun for example_task_group_decorator to 2025-01-19 00:00:00+00:00, run_after=2025-01-20 00:00:00+00:00
[2025-01-20T11:21:29.700+0000] {processor.py:183} INFO - Processing /home/airflow/.local/lib/python3.8/site-packages/airflow/example_dags/example_task_group_decorator.py took 0.164 seconds
[2025-01-20T11:21:59.953+0000] {processor.py:161} INFO - Started process (PID=707) to work on /home/airflow/.local/lib/python3.8/site-packages/airflow/example_dags/example_task_group_decorator.py
[2025-01-20T11:21:59.955+0000] {processor.py:830} INFO - Processing file /home/airflow/.local/lib/python3.8/site-packages/airflow/example_dags/example_task_group_decorator.py for tasks to queue
[2025-01-20T11:21:59.958+0000] {logging_mixin.py:188} INFO - [2025-01-20T11:21:59.958+0000] {dagbag.py:538} INFO - Filling up the DagBag from /home/airflow/.local/lib/python3.8/site-packages/airflow/example_dags/example_task_group_decorator.py
[2025-01-20T11:21:59.995+0000] {processor.py:840} INFO - DAG(s) 'example_task_group_decorator' retrieved from /home/airflow/.local/lib/python3.8/site-packages/airflow/example_dags/example_task_group_decorator.py
[2025-01-20T11:22:00.048+0000] {logging_mixin.py:188} INFO - [2025-01-20T11:22:00.048+0000] {dag.py:3036} INFO - Sync 1 DAGs
[2025-01-20T11:22:00.088+0000] {logging_mixin.py:188} INFO - [2025-01-20T11:22:00.087+0000] {dag.py:3823} INFO - Setting next_dagrun for example_task_group_decorator to 2025-01-19 00:00:00+00:00, run_after=2025-01-20 00:00:00+00:00
[2025-01-20T11:22:00.121+0000] {processor.py:183} INFO - Processing /home/airflow/.local/lib/python3.8/site-packages/airflow/example_dags/example_task_group_decorator.py took 0.175 seconds
[2025-01-20T11:22:31.172+0000] {processor.py:161} INFO - Started process (PID=762) to work on /home/airflow/.local/lib/python3.8/site-packages/airflow/example_dags/example_task_group_decorator.py
[2025-01-20T11:22:31.174+0000] {processor.py:830} INFO - Processing file /home/airflow/.local/lib/python3.8/site-packages/airflow/example_dags/example_task_group_decorator.py for tasks to queue
[2025-01-20T11:22:31.178+0000] {logging_mixin.py:188} INFO - [2025-01-20T11:22:31.177+0000] {dagbag.py:538} INFO - Filling up the DagBag from /home/airflow/.local/lib/python3.8/site-packages/airflow/example_dags/example_task_group_decorator.py
[2025-01-20T11:22:31.218+0000] {processor.py:840} INFO - DAG(s) 'example_task_group_decorator' retrieved from /home/airflow/.local/lib/python3.8/site-packages/airflow/example_dags/example_task_group_decorator.py
[2025-01-20T11:22:31.276+0000] {logging_mixin.py:188} INFO - [2025-01-20T11:22:31.276+0000] {dag.py:3036} INFO - Sync 1 DAGs
[2025-01-20T11:22:31.326+0000] {logging_mixin.py:188} INFO - [2025-01-20T11:22:31.326+0000] {dag.py:3823} INFO - Setting next_dagrun for example_task_group_decorator to 2025-01-19 00:00:00+00:00, run_after=2025-01-20 00:00:00+00:00
[2025-01-20T11:22:31.413+0000] {processor.py:183} INFO - Processing /home/airflow/.local/lib/python3.8/site-packages/airflow/example_dags/example_task_group_decorator.py took 0.247 seconds
[2025-01-20T11:23:01.881+0000] {processor.py:161} INFO - Started process (PID=819) to work on /home/airflow/.local/lib/python3.8/site-packages/airflow/example_dags/example_task_group_decorator.py
[2025-01-20T11:23:01.884+0000] {processor.py:830} INFO - Processing file /home/airflow/.local/lib/python3.8/site-packages/airflow/example_dags/example_task_group_decorator.py for tasks to queue
[2025-01-20T11:23:01.888+0000] {logging_mixin.py:188} INFO - [2025-01-20T11:23:01.887+0000] {dagbag.py:538} INFO - Filling up the DagBag from /home/airflow/.local/lib/python3.8/site-packages/airflow/example_dags/example_task_group_decorator.py
[2025-01-20T11:23:01.945+0000] {processor.py:840} INFO - DAG(s) 'example_task_group_decorator' retrieved from /home/airflow/.local/lib/python3.8/site-packages/airflow/example_dags/example_task_group_decorator.py
[2025-01-20T11:23:02.020+0000] {logging_mixin.py:188} INFO - [2025-01-20T11:23:02.019+0000] {dag.py:3036} INFO - Sync 1 DAGs
[2025-01-20T11:23:02.114+0000] {logging_mixin.py:188} INFO - [2025-01-20T11:23:02.113+0000] {dag.py:3823} INFO - Setting next_dagrun for example_task_group_decorator to 2025-01-19 00:00:00+00:00, run_after=2025-01-20 00:00:00+00:00
[2025-01-20T11:23:02.190+0000] {processor.py:183} INFO - Processing /home/airflow/.local/lib/python3.8/site-packages/airflow/example_dags/example_task_group_decorator.py took 0.318 seconds
[2025-01-20T11:23:32.453+0000] {processor.py:161} INFO - Started process (PID=880) to work on /home/airflow/.local/lib/python3.8/site-packages/airflow/example_dags/example_task_group_decorator.py
[2025-01-20T11:23:32.456+0000] {processor.py:830} INFO - Processing file /home/airflow/.local/lib/python3.8/site-packages/airflow/example_dags/example_task_group_decorator.py for tasks to queue
[2025-01-20T11:23:32.460+0000] {logging_mixin.py:188} INFO - [2025-01-20T11:23:32.459+0000] {dagbag.py:538} INFO - Filling up the DagBag from /home/airflow/.local/lib/python3.8/site-packages/airflow/example_dags/example_task_group_decorator.py
[2025-01-20T11:23:32.513+0000] {processor.py:840} INFO - DAG(s) 'example_task_group_decorator' retrieved from /home/airflow/.local/lib/python3.8/site-packages/airflow/example_dags/example_task_group_decorator.py
[2025-01-20T11:23:32.572+0000] {logging_mixin.py:188} INFO - [2025-01-20T11:23:32.571+0000] {dag.py:3036} INFO - Sync 1 DAGs
[2025-01-20T11:23:32.614+0000] {logging_mixin.py:188} INFO - [2025-01-20T11:23:32.614+0000] {dag.py:3823} INFO - Setting next_dagrun for example_task_group_decorator to 2025-01-19 00:00:00+00:00, run_after=2025-01-20 00:00:00+00:00
[2025-01-20T11:23:32.670+0000] {processor.py:183} INFO - Processing /home/airflow/.local/lib/python3.8/site-packages/airflow/example_dags/example_task_group_decorator.py took 0.228 seconds
[2025-01-20T11:24:03.254+0000] {processor.py:161} INFO - Started process (PID=934) to work on /home/airflow/.local/lib/python3.8/site-packages/airflow/example_dags/example_task_group_decorator.py
[2025-01-20T11:24:03.256+0000] {processor.py:830} INFO - Processing file /home/airflow/.local/lib/python3.8/site-packages/airflow/example_dags/example_task_group_decorator.py for tasks to queue
[2025-01-20T11:24:03.259+0000] {logging_mixin.py:188} INFO - [2025-01-20T11:24:03.259+0000] {dagbag.py:538} INFO - Filling up the DagBag from /home/airflow/.local/lib/python3.8/site-packages/airflow/example_dags/example_task_group_decorator.py
[2025-01-20T11:24:03.283+0000] {processor.py:840} INFO - DAG(s) 'example_task_group_decorator' retrieved from /home/airflow/.local/lib/python3.8/site-packages/airflow/example_dags/example_task_group_decorator.py
[2025-01-20T11:24:03.328+0000] {logging_mixin.py:188} INFO - [2025-01-20T11:24:03.328+0000] {dag.py:3036} INFO - Sync 1 DAGs
[2025-01-20T11:24:03.380+0000] {logging_mixin.py:188} INFO - [2025-01-20T11:24:03.380+0000] {dag.py:3823} INFO - Setting next_dagrun for example_task_group_decorator to 2025-01-19 00:00:00+00:00, run_after=2025-01-20 00:00:00+00:00
[2025-01-20T11:24:03.474+0000] {processor.py:183} INFO - Processing /home/airflow/.local/lib/python3.8/site-packages/airflow/example_dags/example_task_group_decorator.py took 0.226 seconds
[2025-01-20T11:24:33.756+0000] {processor.py:161} INFO - Started process (PID=988) to work on /home/airflow/.local/lib/python3.8/site-packages/airflow/example_dags/example_task_group_decorator.py
[2025-01-20T11:24:33.758+0000] {processor.py:830} INFO - Processing file /home/airflow/.local/lib/python3.8/site-packages/airflow/example_dags/example_task_group_decorator.py for tasks to queue
[2025-01-20T11:24:33.760+0000] {logging_mixin.py:188} INFO - [2025-01-20T11:24:33.760+0000] {dagbag.py:538} INFO - Filling up the DagBag from /home/airflow/.local/lib/python3.8/site-packages/airflow/example_dags/example_task_group_decorator.py
[2025-01-20T11:24:33.794+0000] {processor.py:840} INFO - DAG(s) 'example_task_group_decorator' retrieved from /home/airflow/.local/lib/python3.8/site-packages/airflow/example_dags/example_task_group_decorator.py
[2025-01-20T11:24:33.874+0000] {logging_mixin.py:188} INFO - [2025-01-20T11:24:33.873+0000] {dag.py:3036} INFO - Sync 1 DAGs
[2025-01-20T11:24:33.977+0000] {logging_mixin.py:188} INFO - [2025-01-20T11:24:33.977+0000] {dag.py:3823} INFO - Setting next_dagrun for example_task_group_decorator to 2025-01-19 00:00:00+00:00, run_after=2025-01-20 00:00:00+00:00
[2025-01-20T11:24:34.140+0000] {processor.py:183} INFO - Processing /home/airflow/.local/lib/python3.8/site-packages/airflow/example_dags/example_task_group_decorator.py took 0.393 seconds
[2025-01-20T11:25:04.796+0000] {processor.py:161} INFO - Started process (PID=1043) to work on /home/airflow/.local/lib/python3.8/site-packages/airflow/example_dags/example_task_group_decorator.py
[2025-01-20T11:25:04.799+0000] {processor.py:830} INFO - Processing file /home/airflow/.local/lib/python3.8/site-packages/airflow/example_dags/example_task_group_decorator.py for tasks to queue
[2025-01-20T11:25:04.805+0000] {logging_mixin.py:188} INFO - [2025-01-20T11:25:04.804+0000] {dagbag.py:538} INFO - Filling up the DagBag from /home/airflow/.local/lib/python3.8/site-packages/airflow/example_dags/example_task_group_decorator.py
[2025-01-20T11:25:04.838+0000] {processor.py:840} INFO - DAG(s) 'example_task_group_decorator' retrieved from /home/airflow/.local/lib/python3.8/site-packages/airflow/example_dags/example_task_group_decorator.py
[2025-01-20T11:25:04.894+0000] {logging_mixin.py:188} INFO - [2025-01-20T11:25:04.893+0000] {dag.py:3036} INFO - Sync 1 DAGs
[2025-01-20T11:25:04.936+0000] {logging_mixin.py:188} INFO - [2025-01-20T11:25:04.936+0000] {dag.py:3823} INFO - Setting next_dagrun for example_task_group_decorator to 2025-01-19 00:00:00+00:00, run_after=2025-01-20 00:00:00+00:00
[2025-01-20T11:25:04.971+0000] {processor.py:183} INFO - Processing /home/airflow/.local/lib/python3.8/site-packages/airflow/example_dags/example_task_group_decorator.py took 0.185 seconds
[2025-01-20T11:25:35.107+0000] {processor.py:161} INFO - Started process (PID=1098) to work on /home/airflow/.local/lib/python3.8/site-packages/airflow/example_dags/example_task_group_decorator.py
[2025-01-20T11:25:35.111+0000] {processor.py:830} INFO - Processing file /home/airflow/.local/lib/python3.8/site-packages/airflow/example_dags/example_task_group_decorator.py for tasks to queue
[2025-01-20T11:25:35.117+0000] {logging_mixin.py:188} INFO - [2025-01-20T11:25:35.116+0000] {dagbag.py:538} INFO - Filling up the DagBag from /home/airflow/.local/lib/python3.8/site-packages/airflow/example_dags/example_task_group_decorator.py
[2025-01-20T11:25:35.159+0000] {processor.py:840} INFO - DAG(s) 'example_task_group_decorator' retrieved from /home/airflow/.local/lib/python3.8/site-packages/airflow/example_dags/example_task_group_decorator.py
[2025-01-20T11:25:35.217+0000] {logging_mixin.py:188} INFO - [2025-01-20T11:25:35.216+0000] {dag.py:3036} INFO - Sync 1 DAGs
[2025-01-20T11:25:35.261+0000] {logging_mixin.py:188} INFO - [2025-01-20T11:25:35.260+0000] {dag.py:3823} INFO - Setting next_dagrun for example_task_group_decorator to 2025-01-19 00:00:00+00:00, run_after=2025-01-20 00:00:00+00:00
[2025-01-20T11:25:35.293+0000] {processor.py:183} INFO - Processing /home/airflow/.local/lib/python3.8/site-packages/airflow/example_dags/example_task_group_decorator.py took 0.198 seconds
[2025-01-20T11:26:05.388+0000] {processor.py:161} INFO - Started process (PID=1153) to work on /home/airflow/.local/lib/python3.8/site-packages/airflow/example_dags/example_task_group_decorator.py
[2025-01-20T11:26:05.391+0000] {processor.py:830} INFO - Processing file /home/airflow/.local/lib/python3.8/site-packages/airflow/example_dags/example_task_group_decorator.py for tasks to queue
[2025-01-20T11:26:05.396+0000] {logging_mixin.py:188} INFO - [2025-01-20T11:26:05.395+0000] {dagbag.py:538} INFO - Filling up the DagBag from /home/airflow/.local/lib/python3.8/site-packages/airflow/example_dags/example_task_group_decorator.py
[2025-01-20T11:26:05.433+0000] {processor.py:840} INFO - DAG(s) 'example_task_group_decorator' retrieved from /home/airflow/.local/lib/python3.8/site-packages/airflow/example_dags/example_task_group_decorator.py
[2025-01-20T11:26:05.484+0000] {logging_mixin.py:188} INFO - [2025-01-20T11:26:05.483+0000] {dag.py:3036} INFO - Sync 1 DAGs
[2025-01-20T11:26:05.525+0000] {logging_mixin.py:188} INFO - [2025-01-20T11:26:05.525+0000] {dag.py:3823} INFO - Setting next_dagrun for example_task_group_decorator to 2025-01-19 00:00:00+00:00, run_after=2025-01-20 00:00:00+00:00
[2025-01-20T11:26:05.566+0000] {processor.py:183} INFO - Processing /home/airflow/.local/lib/python3.8/site-packages/airflow/example_dags/example_task_group_decorator.py took 0.192 seconds
[2025-01-20T11:26:36.338+0000] {processor.py:161} INFO - Started process (PID=1208) to work on /home/airflow/.local/lib/python3.8/site-packages/airflow/example_dags/example_task_group_decorator.py
[2025-01-20T11:26:36.340+0000] {processor.py:830} INFO - Processing file /home/airflow/.local/lib/python3.8/site-packages/airflow/example_dags/example_task_group_decorator.py for tasks to queue
[2025-01-20T11:26:36.344+0000] {logging_mixin.py:188} INFO - [2025-01-20T11:26:36.343+0000] {dagbag.py:538} INFO - Filling up the DagBag from /home/airflow/.local/lib/python3.8/site-packages/airflow/example_dags/example_task_group_decorator.py
[2025-01-20T11:26:36.375+0000] {processor.py:840} INFO - DAG(s) 'example_task_group_decorator' retrieved from /home/airflow/.local/lib/python3.8/site-packages/airflow/example_dags/example_task_group_decorator.py
[2025-01-20T11:26:36.430+0000] {logging_mixin.py:188} INFO - [2025-01-20T11:26:36.430+0000] {dag.py:3036} INFO - Sync 1 DAGs
[2025-01-20T11:26:36.489+0000] {logging_mixin.py:188} INFO - [2025-01-20T11:26:36.489+0000] {dag.py:3823} INFO - Setting next_dagrun for example_task_group_decorator to 2025-01-19 00:00:00+00:00, run_after=2025-01-20 00:00:00+00:00
[2025-01-20T11:26:36.525+0000] {processor.py:183} INFO - Processing /home/airflow/.local/lib/python3.8/site-packages/airflow/example_dags/example_task_group_decorator.py took 0.193 seconds
[2025-01-20T11:27:07.680+0000] {processor.py:161} INFO - Started process (PID=1263) to work on /home/airflow/.local/lib/python3.8/site-packages/airflow/example_dags/example_task_group_decorator.py
[2025-01-20T11:27:07.683+0000] {processor.py:830} INFO - Processing file /home/airflow/.local/lib/python3.8/site-packages/airflow/example_dags/example_task_group_decorator.py for tasks to queue
[2025-01-20T11:27:07.693+0000] {logging_mixin.py:188} INFO - [2025-01-20T11:27:07.692+0000] {dagbag.py:538} INFO - Filling up the DagBag from /home/airflow/.local/lib/python3.8/site-packages/airflow/example_dags/example_task_group_decorator.py
[2025-01-20T11:27:07.754+0000] {processor.py:840} INFO - DAG(s) 'example_task_group_decorator' retrieved from /home/airflow/.local/lib/python3.8/site-packages/airflow/example_dags/example_task_group_decorator.py
[2025-01-20T11:27:07.829+0000] {logging_mixin.py:188} INFO - [2025-01-20T11:27:07.827+0000] {dag.py:3036} INFO - Sync 1 DAGs
[2025-01-20T11:27:07.938+0000] {logging_mixin.py:188} INFO - [2025-01-20T11:27:07.936+0000] {dag.py:3823} INFO - Setting next_dagrun for example_task_group_decorator to 2025-01-19 00:00:00+00:00, run_after=2025-01-20 00:00:00+00:00
[2025-01-20T11:27:08.014+0000] {processor.py:183} INFO - Processing /home/airflow/.local/lib/python3.8/site-packages/airflow/example_dags/example_task_group_decorator.py took 0.345 seconds
[2025-01-20T11:27:38.931+0000] {processor.py:161} INFO - Started process (PID=1318) to work on /home/airflow/.local/lib/python3.8/site-packages/airflow/example_dags/example_task_group_decorator.py
[2025-01-20T11:27:38.933+0000] {processor.py:830} INFO - Processing file /home/airflow/.local/lib/python3.8/site-packages/airflow/example_dags/example_task_group_decorator.py for tasks to queue
[2025-01-20T11:27:38.936+0000] {logging_mixin.py:188} INFO - [2025-01-20T11:27:38.936+0000] {dagbag.py:538} INFO - Filling up the DagBag from /home/airflow/.local/lib/python3.8/site-packages/airflow/example_dags/example_task_group_decorator.py
[2025-01-20T11:27:38.961+0000] {processor.py:840} INFO - DAG(s) 'example_task_group_decorator' retrieved from /home/airflow/.local/lib/python3.8/site-packages/airflow/example_dags/example_task_group_decorator.py
[2025-01-20T11:27:39.008+0000] {logging_mixin.py:188} INFO - [2025-01-20T11:27:39.008+0000] {dag.py:3036} INFO - Sync 1 DAGs
[2025-01-20T11:27:39.040+0000] {logging_mixin.py:188} INFO - [2025-01-20T11:27:39.039+0000] {dag.py:3823} INFO - Setting next_dagrun for example_task_group_decorator to 2025-01-19 00:00:00+00:00, run_after=2025-01-20 00:00:00+00:00
[2025-01-20T11:27:39.071+0000] {processor.py:183} INFO - Processing /home/airflow/.local/lib/python3.8/site-packages/airflow/example_dags/example_task_group_decorator.py took 0.144 seconds
[2025-01-20T11:28:09.139+0000] {processor.py:161} INFO - Started process (PID=1373) to work on /home/airflow/.local/lib/python3.8/site-packages/airflow/example_dags/example_task_group_decorator.py
[2025-01-20T11:28:09.141+0000] {processor.py:830} INFO - Processing file /home/airflow/.local/lib/python3.8/site-packages/airflow/example_dags/example_task_group_decorator.py for tasks to queue
[2025-01-20T11:28:09.145+0000] {logging_mixin.py:188} INFO - [2025-01-20T11:28:09.144+0000] {dagbag.py:538} INFO - Filling up the DagBag from /home/airflow/.local/lib/python3.8/site-packages/airflow/example_dags/example_task_group_decorator.py
[2025-01-20T11:28:09.172+0000] {processor.py:840} INFO - DAG(s) 'example_task_group_decorator' retrieved from /home/airflow/.local/lib/python3.8/site-packages/airflow/example_dags/example_task_group_decorator.py
[2025-01-20T11:28:09.236+0000] {logging_mixin.py:188} INFO - [2025-01-20T11:28:09.236+0000] {dag.py:3036} INFO - Sync 1 DAGs
[2025-01-20T11:28:09.300+0000] {logging_mixin.py:188} INFO - [2025-01-20T11:28:09.300+0000] {dag.py:3823} INFO - Setting next_dagrun for example_task_group_decorator to 2025-01-19 00:00:00+00:00, run_after=2025-01-20 00:00:00+00:00
[2025-01-20T11:28:09.352+0000] {processor.py:183} INFO - Processing /home/airflow/.local/lib/python3.8/site-packages/airflow/example_dags/example_task_group_decorator.py took 0.218 seconds
[2025-01-20T11:28:39.550+0000] {processor.py:161} INFO - Started process (PID=1428) to work on /home/airflow/.local/lib/python3.8/site-packages/airflow/example_dags/example_task_group_decorator.py
[2025-01-20T11:28:39.551+0000] {processor.py:830} INFO - Processing file /home/airflow/.local/lib/python3.8/site-packages/airflow/example_dags/example_task_group_decorator.py for tasks to queue
[2025-01-20T11:28:39.554+0000] {logging_mixin.py:188} INFO - [2025-01-20T11:28:39.553+0000] {dagbag.py:538} INFO - Filling up the DagBag from /home/airflow/.local/lib/python3.8/site-packages/airflow/example_dags/example_task_group_decorator.py
[2025-01-20T11:28:39.576+0000] {processor.py:840} INFO - DAG(s) 'example_task_group_decorator' retrieved from /home/airflow/.local/lib/python3.8/site-packages/airflow/example_dags/example_task_group_decorator.py
[2025-01-20T11:28:39.621+0000] {logging_mixin.py:188} INFO - [2025-01-20T11:28:39.620+0000] {dag.py:3036} INFO - Sync 1 DAGs
[2025-01-20T11:28:39.656+0000] {logging_mixin.py:188} INFO - [2025-01-20T11:28:39.655+0000] {dag.py:3823} INFO - Setting next_dagrun for example_task_group_decorator to 2025-01-19 00:00:00+00:00, run_after=2025-01-20 00:00:00+00:00
[2025-01-20T11:28:39.692+0000] {processor.py:183} INFO - Processing /home/airflow/.local/lib/python3.8/site-packages/airflow/example_dags/example_task_group_decorator.py took 0.147 seconds
[2025-01-20T11:29:10.292+0000] {processor.py:161} INFO - Started process (PID=1483) to work on /home/airflow/.local/lib/python3.8/site-packages/airflow/example_dags/example_task_group_decorator.py
[2025-01-20T11:29:10.294+0000] {processor.py:830} INFO - Processing file /home/airflow/.local/lib/python3.8/site-packages/airflow/example_dags/example_task_group_decorator.py for tasks to queue
[2025-01-20T11:29:10.296+0000] {logging_mixin.py:188} INFO - [2025-01-20T11:29:10.296+0000] {dagbag.py:538} INFO - Filling up the DagBag from /home/airflow/.local/lib/python3.8/site-packages/airflow/example_dags/example_task_group_decorator.py
[2025-01-20T11:29:10.317+0000] {processor.py:840} INFO - DAG(s) 'example_task_group_decorator' retrieved from /home/airflow/.local/lib/python3.8/site-packages/airflow/example_dags/example_task_group_decorator.py
[2025-01-20T11:29:10.360+0000] {logging_mixin.py:188} INFO - [2025-01-20T11:29:10.359+0000] {dag.py:3036} INFO - Sync 1 DAGs
[2025-01-20T11:29:10.393+0000] {logging_mixin.py:188} INFO - [2025-01-20T11:29:10.392+0000] {dag.py:3823} INFO - Setting next_dagrun for example_task_group_decorator to 2025-01-19 00:00:00+00:00, run_after=2025-01-20 00:00:00+00:00
[2025-01-20T11:29:10.431+0000] {processor.py:183} INFO - Processing /home/airflow/.local/lib/python3.8/site-packages/airflow/example_dags/example_task_group_decorator.py took 0.143 seconds
[2025-01-20T11:29:40.995+0000] {processor.py:161} INFO - Started process (PID=1539) to work on /home/airflow/.local/lib/python3.8/site-packages/airflow/example_dags/example_task_group_decorator.py
[2025-01-20T11:29:40.997+0000] {processor.py:830} INFO - Processing file /home/airflow/.local/lib/python3.8/site-packages/airflow/example_dags/example_task_group_decorator.py for tasks to queue
[2025-01-20T11:29:41.001+0000] {logging_mixin.py:188} INFO - [2025-01-20T11:29:41.000+0000] {dagbag.py:538} INFO - Filling up the DagBag from /home/airflow/.local/lib/python3.8/site-packages/airflow/example_dags/example_task_group_decorator.py
[2025-01-20T11:29:41.033+0000] {processor.py:840} INFO - DAG(s) 'example_task_group_decorator' retrieved from /home/airflow/.local/lib/python3.8/site-packages/airflow/example_dags/example_task_group_decorator.py
[2025-01-20T11:29:41.098+0000] {logging_mixin.py:188} INFO - [2025-01-20T11:29:41.097+0000] {dag.py:3036} INFO - Sync 1 DAGs
[2025-01-20T11:29:41.164+0000] {logging_mixin.py:188} INFO - [2025-01-20T11:29:41.163+0000] {dag.py:3823} INFO - Setting next_dagrun for example_task_group_decorator to 2025-01-19 00:00:00+00:00, run_after=2025-01-20 00:00:00+00:00
[2025-01-20T11:29:41.226+0000] {processor.py:183} INFO - Processing /home/airflow/.local/lib/python3.8/site-packages/airflow/example_dags/example_task_group_decorator.py took 0.237 seconds
[2025-01-20T11:30:11.696+0000] {processor.py:161} INFO - Started process (PID=1593) to work on /home/airflow/.local/lib/python3.8/site-packages/airflow/example_dags/example_task_group_decorator.py
[2025-01-20T11:30:11.704+0000] {processor.py:830} INFO - Processing file /home/airflow/.local/lib/python3.8/site-packages/airflow/example_dags/example_task_group_decorator.py for tasks to queue
[2025-01-20T11:30:11.716+0000] {logging_mixin.py:188} INFO - [2025-01-20T11:30:11.715+0000] {dagbag.py:538} INFO - Filling up the DagBag from /home/airflow/.local/lib/python3.8/site-packages/airflow/example_dags/example_task_group_decorator.py
[2025-01-20T11:30:11.821+0000] {processor.py:840} INFO - DAG(s) 'example_task_group_decorator' retrieved from /home/airflow/.local/lib/python3.8/site-packages/airflow/example_dags/example_task_group_decorator.py
[2025-01-20T11:30:11.956+0000] {logging_mixin.py:188} INFO - [2025-01-20T11:30:11.955+0000] {dag.py:3036} INFO - Sync 1 DAGs
[2025-01-20T11:30:12.083+0000] {logging_mixin.py:188} INFO - [2025-01-20T11:30:12.082+0000] {dag.py:3823} INFO - Setting next_dagrun for example_task_group_decorator to 2025-01-19 00:00:00+00:00, run_after=2025-01-20 00:00:00+00:00
[2025-01-20T11:30:12.152+0000] {processor.py:183} INFO - Processing /home/airflow/.local/lib/python3.8/site-packages/airflow/example_dags/example_task_group_decorator.py took 0.475 seconds
