[2025-01-20T11:16:19.329+0000] {processor.py:161} INFO - Started process (PID=83) to work on /home/airflow/.local/lib/python3.8/site-packages/airflow/example_dags/tutorial_taskflow_api.py
[2025-01-20T11:16:19.331+0000] {processor.py:830} INFO - Processing file /home/airflow/.local/lib/python3.8/site-packages/airflow/example_dags/tutorial_taskflow_api.py for tasks to queue
[2025-01-20T11:16:19.335+0000] {logging_mixin.py:188} INFO - [2025-01-20T11:16:19.334+0000] {dagbag.py:538} INFO - Filling up the DagBag from /home/airflow/.local/lib/python3.8/site-packages/airflow/example_dags/tutorial_taskflow_api.py
[2025-01-20T11:16:19.356+0000] {processor.py:840} INFO - DAG(s) 'tutorial_taskflow_api' retrieved from /home/airflow/.local/lib/python3.8/site-packages/airflow/example_dags/tutorial_taskflow_api.py
[2025-01-20T11:16:19.574+0000] {logging_mixin.py:188} INFO - [2025-01-20T11:16:19.574+0000] {dag.py:3036} INFO - Sync 1 DAGs
[2025-01-20T11:16:19.593+0000] {logging_mixin.py:188} INFO - [2025-01-20T11:16:19.593+0000] {dag.py:3823} INFO - Setting next_dagrun for tutorial_taskflow_api to None, run_after=None
[2025-01-20T11:16:19.688+0000] {processor.py:183} INFO - Processing /home/airflow/.local/lib/python3.8/site-packages/airflow/example_dags/tutorial_taskflow_api.py took 0.364 seconds
[2025-01-20T11:16:50.151+0000] {processor.py:161} INFO - Started process (PID=138) to work on /home/airflow/.local/lib/python3.8/site-packages/airflow/example_dags/tutorial_taskflow_api.py
[2025-01-20T11:16:50.153+0000] {processor.py:830} INFO - Processing file /home/airflow/.local/lib/python3.8/site-packages/airflow/example_dags/tutorial_taskflow_api.py for tasks to queue
[2025-01-20T11:16:50.157+0000] {logging_mixin.py:188} INFO - [2025-01-20T11:16:50.157+0000] {dagbag.py:538} INFO - Filling up the DagBag from /home/airflow/.local/lib/python3.8/site-packages/airflow/example_dags/tutorial_taskflow_api.py
[2025-01-20T11:16:50.181+0000] {processor.py:840} INFO - DAG(s) 'tutorial_taskflow_api' retrieved from /home/airflow/.local/lib/python3.8/site-packages/airflow/example_dags/tutorial_taskflow_api.py
[2025-01-20T11:16:50.211+0000] {logging_mixin.py:188} INFO - [2025-01-20T11:16:50.211+0000] {dag.py:3036} INFO - Sync 1 DAGs
[2025-01-20T11:16:50.232+0000] {logging_mixin.py:188} INFO - [2025-01-20T11:16:50.231+0000] {dag.py:3823} INFO - Setting next_dagrun for tutorial_taskflow_api to None, run_after=None
[2025-01-20T11:16:50.277+0000] {processor.py:183} INFO - Processing /home/airflow/.local/lib/python3.8/site-packages/airflow/example_dags/tutorial_taskflow_api.py took 0.133 seconds
[2025-01-20T11:17:20.868+0000] {processor.py:161} INFO - Started process (PID=193) to work on /home/airflow/.local/lib/python3.8/site-packages/airflow/example_dags/tutorial_taskflow_api.py
[2025-01-20T11:17:20.870+0000] {processor.py:830} INFO - Processing file /home/airflow/.local/lib/python3.8/site-packages/airflow/example_dags/tutorial_taskflow_api.py for tasks to queue
[2025-01-20T11:17:20.874+0000] {logging_mixin.py:188} INFO - [2025-01-20T11:17:20.873+0000] {dagbag.py:538} INFO - Filling up the DagBag from /home/airflow/.local/lib/python3.8/site-packages/airflow/example_dags/tutorial_taskflow_api.py
[2025-01-20T11:17:20.885+0000] {processor.py:840} INFO - DAG(s) 'tutorial_taskflow_api' retrieved from /home/airflow/.local/lib/python3.8/site-packages/airflow/example_dags/tutorial_taskflow_api.py
[2025-01-20T11:17:20.918+0000] {logging_mixin.py:188} INFO - [2025-01-20T11:17:20.918+0000] {dag.py:3036} INFO - Sync 1 DAGs
[2025-01-20T11:17:20.936+0000] {logging_mixin.py:188} INFO - [2025-01-20T11:17:20.936+0000] {dag.py:3823} INFO - Setting next_dagrun for tutorial_taskflow_api to None, run_after=None
[2025-01-20T11:17:20.964+0000] {processor.py:183} INFO - Processing /home/airflow/.local/lib/python3.8/site-packages/airflow/example_dags/tutorial_taskflow_api.py took 0.103 seconds
[2025-01-20T11:17:51.994+0000] {processor.py:161} INFO - Started process (PID=248) to work on /home/airflow/.local/lib/python3.8/site-packages/airflow/example_dags/tutorial_taskflow_api.py
[2025-01-20T11:17:51.997+0000] {processor.py:830} INFO - Processing file /home/airflow/.local/lib/python3.8/site-packages/airflow/example_dags/tutorial_taskflow_api.py for tasks to queue
[2025-01-20T11:17:52.003+0000] {logging_mixin.py:188} INFO - [2025-01-20T11:17:52.002+0000] {dagbag.py:538} INFO - Filling up the DagBag from /home/airflow/.local/lib/python3.8/site-packages/airflow/example_dags/tutorial_taskflow_api.py
[2025-01-20T11:17:52.017+0000] {processor.py:840} INFO - DAG(s) 'tutorial_taskflow_api' retrieved from /home/airflow/.local/lib/python3.8/site-packages/airflow/example_dags/tutorial_taskflow_api.py
[2025-01-20T11:17:52.077+0000] {logging_mixin.py:188} INFO - [2025-01-20T11:17:52.076+0000] {dag.py:3036} INFO - Sync 1 DAGs
[2025-01-20T11:17:52.102+0000] {logging_mixin.py:188} INFO - [2025-01-20T11:17:52.101+0000] {dag.py:3823} INFO - Setting next_dagrun for tutorial_taskflow_api to None, run_after=None
[2025-01-20T11:17:52.135+0000] {processor.py:183} INFO - Processing /home/airflow/.local/lib/python3.8/site-packages/airflow/example_dags/tutorial_taskflow_api.py took 0.148 seconds
[2025-01-20T11:18:22.309+0000] {processor.py:161} INFO - Started process (PID=303) to work on /home/airflow/.local/lib/python3.8/site-packages/airflow/example_dags/tutorial_taskflow_api.py
[2025-01-20T11:18:22.311+0000] {processor.py:830} INFO - Processing file /home/airflow/.local/lib/python3.8/site-packages/airflow/example_dags/tutorial_taskflow_api.py for tasks to queue
[2025-01-20T11:18:22.315+0000] {logging_mixin.py:188} INFO - [2025-01-20T11:18:22.314+0000] {dagbag.py:538} INFO - Filling up the DagBag from /home/airflow/.local/lib/python3.8/site-packages/airflow/example_dags/tutorial_taskflow_api.py
[2025-01-20T11:18:22.326+0000] {processor.py:840} INFO - DAG(s) 'tutorial_taskflow_api' retrieved from /home/airflow/.local/lib/python3.8/site-packages/airflow/example_dags/tutorial_taskflow_api.py
[2025-01-20T11:18:22.371+0000] {logging_mixin.py:188} INFO - [2025-01-20T11:18:22.370+0000] {dag.py:3036} INFO - Sync 1 DAGs
[2025-01-20T11:18:22.409+0000] {logging_mixin.py:188} INFO - [2025-01-20T11:18:22.408+0000] {dag.py:3823} INFO - Setting next_dagrun for tutorial_taskflow_api to None, run_after=None
[2025-01-20T11:18:22.450+0000] {processor.py:183} INFO - Processing /home/airflow/.local/lib/python3.8/site-packages/airflow/example_dags/tutorial_taskflow_api.py took 0.149 seconds
[2025-01-20T11:18:52.807+0000] {processor.py:161} INFO - Started process (PID=358) to work on /home/airflow/.local/lib/python3.8/site-packages/airflow/example_dags/tutorial_taskflow_api.py
[2025-01-20T11:18:52.809+0000] {processor.py:830} INFO - Processing file /home/airflow/.local/lib/python3.8/site-packages/airflow/example_dags/tutorial_taskflow_api.py for tasks to queue
[2025-01-20T11:18:52.815+0000] {logging_mixin.py:188} INFO - [2025-01-20T11:18:52.814+0000] {dagbag.py:538} INFO - Filling up the DagBag from /home/airflow/.local/lib/python3.8/site-packages/airflow/example_dags/tutorial_taskflow_api.py
[2025-01-20T11:18:52.832+0000] {processor.py:840} INFO - DAG(s) 'tutorial_taskflow_api' retrieved from /home/airflow/.local/lib/python3.8/site-packages/airflow/example_dags/tutorial_taskflow_api.py
[2025-01-20T11:18:52.880+0000] {logging_mixin.py:188} INFO - [2025-01-20T11:18:52.880+0000] {dag.py:3036} INFO - Sync 1 DAGs
[2025-01-20T11:18:52.908+0000] {logging_mixin.py:188} INFO - [2025-01-20T11:18:52.908+0000] {dag.py:3823} INFO - Setting next_dagrun for tutorial_taskflow_api to None, run_after=None
[2025-01-20T11:18:52.950+0000] {processor.py:183} INFO - Processing /home/airflow/.local/lib/python3.8/site-packages/airflow/example_dags/tutorial_taskflow_api.py took 0.149 seconds
[2025-01-20T11:19:23.303+0000] {processor.py:161} INFO - Started process (PID=413) to work on /home/airflow/.local/lib/python3.8/site-packages/airflow/example_dags/tutorial_taskflow_api.py
[2025-01-20T11:19:23.305+0000] {processor.py:830} INFO - Processing file /home/airflow/.local/lib/python3.8/site-packages/airflow/example_dags/tutorial_taskflow_api.py for tasks to queue
[2025-01-20T11:19:23.307+0000] {logging_mixin.py:188} INFO - [2025-01-20T11:19:23.307+0000] {dagbag.py:538} INFO - Filling up the DagBag from /home/airflow/.local/lib/python3.8/site-packages/airflow/example_dags/tutorial_taskflow_api.py
[2025-01-20T11:19:23.317+0000] {processor.py:840} INFO - DAG(s) 'tutorial_taskflow_api' retrieved from /home/airflow/.local/lib/python3.8/site-packages/airflow/example_dags/tutorial_taskflow_api.py
[2025-01-20T11:19:23.347+0000] {logging_mixin.py:188} INFO - [2025-01-20T11:19:23.347+0000] {dag.py:3036} INFO - Sync 1 DAGs
[2025-01-20T11:19:23.383+0000] {logging_mixin.py:188} INFO - [2025-01-20T11:19:23.382+0000] {dag.py:3823} INFO - Setting next_dagrun for tutorial_taskflow_api to None, run_after=None
[2025-01-20T11:19:23.417+0000] {processor.py:183} INFO - Processing /home/airflow/.local/lib/python3.8/site-packages/airflow/example_dags/tutorial_taskflow_api.py took 0.119 seconds
[2025-01-20T11:19:54.354+0000] {processor.py:161} INFO - Started process (PID=468) to work on /home/airflow/.local/lib/python3.8/site-packages/airflow/example_dags/tutorial_taskflow_api.py
[2025-01-20T11:19:54.356+0000] {processor.py:830} INFO - Processing file /home/airflow/.local/lib/python3.8/site-packages/airflow/example_dags/tutorial_taskflow_api.py for tasks to queue
[2025-01-20T11:19:54.359+0000] {logging_mixin.py:188} INFO - [2025-01-20T11:19:54.359+0000] {dagbag.py:538} INFO - Filling up the DagBag from /home/airflow/.local/lib/python3.8/site-packages/airflow/example_dags/tutorial_taskflow_api.py
[2025-01-20T11:19:54.371+0000] {processor.py:840} INFO - DAG(s) 'tutorial_taskflow_api' retrieved from /home/airflow/.local/lib/python3.8/site-packages/airflow/example_dags/tutorial_taskflow_api.py
[2025-01-20T11:19:54.415+0000] {logging_mixin.py:188} INFO - [2025-01-20T11:19:54.414+0000] {dag.py:3036} INFO - Sync 1 DAGs
[2025-01-20T11:19:54.442+0000] {logging_mixin.py:188} INFO - [2025-01-20T11:19:54.441+0000] {dag.py:3823} INFO - Setting next_dagrun for tutorial_taskflow_api to None, run_after=None
[2025-01-20T11:19:54.488+0000] {processor.py:183} INFO - Processing /home/airflow/.local/lib/python3.8/site-packages/airflow/example_dags/tutorial_taskflow_api.py took 0.140 seconds
[2025-01-20T11:20:24.613+0000] {processor.py:161} INFO - Started process (PID=523) to work on /home/airflow/.local/lib/python3.8/site-packages/airflow/example_dags/tutorial_taskflow_api.py
[2025-01-20T11:20:24.616+0000] {processor.py:830} INFO - Processing file /home/airflow/.local/lib/python3.8/site-packages/airflow/example_dags/tutorial_taskflow_api.py for tasks to queue
[2025-01-20T11:20:24.620+0000] {logging_mixin.py:188} INFO - [2025-01-20T11:20:24.619+0000] {dagbag.py:538} INFO - Filling up the DagBag from /home/airflow/.local/lib/python3.8/site-packages/airflow/example_dags/tutorial_taskflow_api.py
[2025-01-20T11:20:24.636+0000] {processor.py:840} INFO - DAG(s) 'tutorial_taskflow_api' retrieved from /home/airflow/.local/lib/python3.8/site-packages/airflow/example_dags/tutorial_taskflow_api.py
[2025-01-20T11:20:24.685+0000] {logging_mixin.py:188} INFO - [2025-01-20T11:20:24.685+0000] {dag.py:3036} INFO - Sync 1 DAGs
[2025-01-20T11:20:24.710+0000] {logging_mixin.py:188} INFO - [2025-01-20T11:20:24.710+0000] {dag.py:3823} INFO - Setting next_dagrun for tutorial_taskflow_api to None, run_after=None
[2025-01-20T11:20:24.780+0000] {processor.py:183} INFO - Processing /home/airflow/.local/lib/python3.8/site-packages/airflow/example_dags/tutorial_taskflow_api.py took 0.174 seconds
[2025-01-20T11:20:55.230+0000] {processor.py:161} INFO - Started process (PID=578) to work on /home/airflow/.local/lib/python3.8/site-packages/airflow/example_dags/tutorial_taskflow_api.py
[2025-01-20T11:20:55.232+0000] {processor.py:830} INFO - Processing file /home/airflow/.local/lib/python3.8/site-packages/airflow/example_dags/tutorial_taskflow_api.py for tasks to queue
[2025-01-20T11:20:55.237+0000] {logging_mixin.py:188} INFO - [2025-01-20T11:20:55.236+0000] {dagbag.py:538} INFO - Filling up the DagBag from /home/airflow/.local/lib/python3.8/site-packages/airflow/example_dags/tutorial_taskflow_api.py
[2025-01-20T11:20:55.250+0000] {processor.py:840} INFO - DAG(s) 'tutorial_taskflow_api' retrieved from /home/airflow/.local/lib/python3.8/site-packages/airflow/example_dags/tutorial_taskflow_api.py
[2025-01-20T11:20:55.287+0000] {logging_mixin.py:188} INFO - [2025-01-20T11:20:55.287+0000] {dag.py:3036} INFO - Sync 1 DAGs
[2025-01-20T11:20:55.312+0000] {logging_mixin.py:188} INFO - [2025-01-20T11:20:55.311+0000] {dag.py:3823} INFO - Setting next_dagrun for tutorial_taskflow_api to None, run_after=None
[2025-01-20T11:20:55.358+0000] {processor.py:183} INFO - Processing /home/airflow/.local/lib/python3.8/site-packages/airflow/example_dags/tutorial_taskflow_api.py took 0.135 seconds
[2025-01-20T11:21:25.649+0000] {processor.py:161} INFO - Started process (PID=633) to work on /home/airflow/.local/lib/python3.8/site-packages/airflow/example_dags/tutorial_taskflow_api.py
[2025-01-20T11:21:25.652+0000] {processor.py:830} INFO - Processing file /home/airflow/.local/lib/python3.8/site-packages/airflow/example_dags/tutorial_taskflow_api.py for tasks to queue
[2025-01-20T11:21:25.656+0000] {logging_mixin.py:188} INFO - [2025-01-20T11:21:25.655+0000] {dagbag.py:538} INFO - Filling up the DagBag from /home/airflow/.local/lib/python3.8/site-packages/airflow/example_dags/tutorial_taskflow_api.py
[2025-01-20T11:21:25.670+0000] {processor.py:840} INFO - DAG(s) 'tutorial_taskflow_api' retrieved from /home/airflow/.local/lib/python3.8/site-packages/airflow/example_dags/tutorial_taskflow_api.py
[2025-01-20T11:21:25.710+0000] {logging_mixin.py:188} INFO - [2025-01-20T11:21:25.709+0000] {dag.py:3036} INFO - Sync 1 DAGs
[2025-01-20T11:21:25.737+0000] {logging_mixin.py:188} INFO - [2025-01-20T11:21:25.737+0000] {dag.py:3823} INFO - Setting next_dagrun for tutorial_taskflow_api to None, run_after=None
[2025-01-20T11:21:25.775+0000] {processor.py:183} INFO - Processing /home/airflow/.local/lib/python3.8/site-packages/airflow/example_dags/tutorial_taskflow_api.py took 0.133 seconds
[2025-01-20T11:21:55.964+0000] {processor.py:161} INFO - Started process (PID=688) to work on /home/airflow/.local/lib/python3.8/site-packages/airflow/example_dags/tutorial_taskflow_api.py
[2025-01-20T11:21:55.966+0000] {processor.py:830} INFO - Processing file /home/airflow/.local/lib/python3.8/site-packages/airflow/example_dags/tutorial_taskflow_api.py for tasks to queue
[2025-01-20T11:21:55.971+0000] {logging_mixin.py:188} INFO - [2025-01-20T11:21:55.970+0000] {dagbag.py:538} INFO - Filling up the DagBag from /home/airflow/.local/lib/python3.8/site-packages/airflow/example_dags/tutorial_taskflow_api.py
[2025-01-20T11:21:55.990+0000] {processor.py:840} INFO - DAG(s) 'tutorial_taskflow_api' retrieved from /home/airflow/.local/lib/python3.8/site-packages/airflow/example_dags/tutorial_taskflow_api.py
[2025-01-20T11:21:56.038+0000] {logging_mixin.py:188} INFO - [2025-01-20T11:21:56.038+0000] {dag.py:3036} INFO - Sync 1 DAGs
[2025-01-20T11:21:56.068+0000] {logging_mixin.py:188} INFO - [2025-01-20T11:21:56.068+0000] {dag.py:3823} INFO - Setting next_dagrun for tutorial_taskflow_api to None, run_after=None
[2025-01-20T11:21:56.126+0000] {processor.py:183} INFO - Processing /home/airflow/.local/lib/python3.8/site-packages/airflow/example_dags/tutorial_taskflow_api.py took 0.169 seconds
[2025-01-20T11:22:26.541+0000] {processor.py:161} INFO - Started process (PID=743) to work on /home/airflow/.local/lib/python3.8/site-packages/airflow/example_dags/tutorial_taskflow_api.py
[2025-01-20T11:22:26.545+0000] {processor.py:830} INFO - Processing file /home/airflow/.local/lib/python3.8/site-packages/airflow/example_dags/tutorial_taskflow_api.py for tasks to queue
[2025-01-20T11:22:26.556+0000] {logging_mixin.py:188} INFO - [2025-01-20T11:22:26.555+0000] {dagbag.py:538} INFO - Filling up the DagBag from /home/airflow/.local/lib/python3.8/site-packages/airflow/example_dags/tutorial_taskflow_api.py
[2025-01-20T11:22:26.580+0000] {processor.py:840} INFO - DAG(s) 'tutorial_taskflow_api' retrieved from /home/airflow/.local/lib/python3.8/site-packages/airflow/example_dags/tutorial_taskflow_api.py
[2025-01-20T11:22:26.640+0000] {logging_mixin.py:188} INFO - [2025-01-20T11:22:26.640+0000] {dag.py:3036} INFO - Sync 1 DAGs
[2025-01-20T11:22:26.683+0000] {logging_mixin.py:188} INFO - [2025-01-20T11:22:26.682+0000] {dag.py:3823} INFO - Setting next_dagrun for tutorial_taskflow_api to None, run_after=None
[2025-01-20T11:22:26.743+0000] {processor.py:183} INFO - Processing /home/airflow/.local/lib/python3.8/site-packages/airflow/example_dags/tutorial_taskflow_api.py took 0.220 seconds
[2025-01-20T11:22:57.058+0000] {processor.py:161} INFO - Started process (PID=799) to work on /home/airflow/.local/lib/python3.8/site-packages/airflow/example_dags/tutorial_taskflow_api.py
[2025-01-20T11:22:57.061+0000] {processor.py:830} INFO - Processing file /home/airflow/.local/lib/python3.8/site-packages/airflow/example_dags/tutorial_taskflow_api.py for tasks to queue
[2025-01-20T11:22:57.067+0000] {logging_mixin.py:188} INFO - [2025-01-20T11:22:57.066+0000] {dagbag.py:538} INFO - Filling up the DagBag from /home/airflow/.local/lib/python3.8/site-packages/airflow/example_dags/tutorial_taskflow_api.py
[2025-01-20T11:22:57.093+0000] {processor.py:840} INFO - DAG(s) 'tutorial_taskflow_api' retrieved from /home/airflow/.local/lib/python3.8/site-packages/airflow/example_dags/tutorial_taskflow_api.py
[2025-01-20T11:22:57.163+0000] {logging_mixin.py:188} INFO - [2025-01-20T11:22:57.162+0000] {dag.py:3036} INFO - Sync 1 DAGs
[2025-01-20T11:22:57.201+0000] {logging_mixin.py:188} INFO - [2025-01-20T11:22:57.200+0000] {dag.py:3823} INFO - Setting next_dagrun for tutorial_taskflow_api to None, run_after=None
[2025-01-20T11:22:57.253+0000] {processor.py:183} INFO - Processing /home/airflow/.local/lib/python3.8/site-packages/airflow/example_dags/tutorial_taskflow_api.py took 0.213 seconds
[2025-01-20T11:23:27.994+0000] {processor.py:161} INFO - Started process (PID=854) to work on /home/airflow/.local/lib/python3.8/site-packages/airflow/example_dags/tutorial_taskflow_api.py
[2025-01-20T11:23:27.996+0000] {processor.py:830} INFO - Processing file /home/airflow/.local/lib/python3.8/site-packages/airflow/example_dags/tutorial_taskflow_api.py for tasks to queue
[2025-01-20T11:23:28.000+0000] {logging_mixin.py:188} INFO - [2025-01-20T11:23:28.000+0000] {dagbag.py:538} INFO - Filling up the DagBag from /home/airflow/.local/lib/python3.8/site-packages/airflow/example_dags/tutorial_taskflow_api.py
[2025-01-20T11:23:28.023+0000] {processor.py:840} INFO - DAG(s) 'tutorial_taskflow_api' retrieved from /home/airflow/.local/lib/python3.8/site-packages/airflow/example_dags/tutorial_taskflow_api.py
[2025-01-20T11:23:28.118+0000] {logging_mixin.py:188} INFO - [2025-01-20T11:23:28.116+0000] {dag.py:3036} INFO - Sync 1 DAGs
[2025-01-20T11:23:28.197+0000] {logging_mixin.py:188} INFO - [2025-01-20T11:23:28.197+0000] {dag.py:3823} INFO - Setting next_dagrun for tutorial_taskflow_api to None, run_after=None
[2025-01-20T11:23:28.409+0000] {processor.py:183} INFO - Processing /home/airflow/.local/lib/python3.8/site-packages/airflow/example_dags/tutorial_taskflow_api.py took 0.427 seconds
[2025-01-20T11:23:58.517+0000] {processor.py:161} INFO - Started process (PID=909) to work on /home/airflow/.local/lib/python3.8/site-packages/airflow/example_dags/tutorial_taskflow_api.py
[2025-01-20T11:23:58.518+0000] {processor.py:830} INFO - Processing file /home/airflow/.local/lib/python3.8/site-packages/airflow/example_dags/tutorial_taskflow_api.py for tasks to queue
[2025-01-20T11:23:58.521+0000] {logging_mixin.py:188} INFO - [2025-01-20T11:23:58.521+0000] {dagbag.py:538} INFO - Filling up the DagBag from /home/airflow/.local/lib/python3.8/site-packages/airflow/example_dags/tutorial_taskflow_api.py
[2025-01-20T11:23:58.531+0000] {processor.py:840} INFO - DAG(s) 'tutorial_taskflow_api' retrieved from /home/airflow/.local/lib/python3.8/site-packages/airflow/example_dags/tutorial_taskflow_api.py
[2025-01-20T11:23:58.562+0000] {logging_mixin.py:188} INFO - [2025-01-20T11:23:58.562+0000] {dag.py:3036} INFO - Sync 1 DAGs
[2025-01-20T11:23:58.580+0000] {logging_mixin.py:188} INFO - [2025-01-20T11:23:58.580+0000] {dag.py:3823} INFO - Setting next_dagrun for tutorial_taskflow_api to None, run_after=None
[2025-01-20T11:23:58.609+0000] {processor.py:183} INFO - Processing /home/airflow/.local/lib/python3.8/site-packages/airflow/example_dags/tutorial_taskflow_api.py took 0.098 seconds
[2025-01-20T11:24:29.401+0000] {processor.py:161} INFO - Started process (PID=963) to work on /home/airflow/.local/lib/python3.8/site-packages/airflow/example_dags/tutorial_taskflow_api.py
[2025-01-20T11:24:29.404+0000] {processor.py:830} INFO - Processing file /home/airflow/.local/lib/python3.8/site-packages/airflow/example_dags/tutorial_taskflow_api.py for tasks to queue
[2025-01-20T11:24:29.407+0000] {logging_mixin.py:188} INFO - [2025-01-20T11:24:29.406+0000] {dagbag.py:538} INFO - Filling up the DagBag from /home/airflow/.local/lib/python3.8/site-packages/airflow/example_dags/tutorial_taskflow_api.py
[2025-01-20T11:24:29.418+0000] {processor.py:840} INFO - DAG(s) 'tutorial_taskflow_api' retrieved from /home/airflow/.local/lib/python3.8/site-packages/airflow/example_dags/tutorial_taskflow_api.py
[2025-01-20T11:24:29.466+0000] {logging_mixin.py:188} INFO - [2025-01-20T11:24:29.466+0000] {dag.py:3036} INFO - Sync 1 DAGs
[2025-01-20T11:24:29.498+0000] {logging_mixin.py:188} INFO - [2025-01-20T11:24:29.497+0000] {dag.py:3823} INFO - Setting next_dagrun for tutorial_taskflow_api to None, run_after=None
[2025-01-20T11:24:29.552+0000] {processor.py:183} INFO - Processing /home/airflow/.local/lib/python3.8/site-packages/airflow/example_dags/tutorial_taskflow_api.py took 0.159 seconds
[2025-01-20T11:25:00.413+0000] {processor.py:161} INFO - Started process (PID=1018) to work on /home/airflow/.local/lib/python3.8/site-packages/airflow/example_dags/tutorial_taskflow_api.py
[2025-01-20T11:25:00.415+0000] {processor.py:830} INFO - Processing file /home/airflow/.local/lib/python3.8/site-packages/airflow/example_dags/tutorial_taskflow_api.py for tasks to queue
[2025-01-20T11:25:00.417+0000] {logging_mixin.py:188} INFO - [2025-01-20T11:25:00.417+0000] {dagbag.py:538} INFO - Filling up the DagBag from /home/airflow/.local/lib/python3.8/site-packages/airflow/example_dags/tutorial_taskflow_api.py
[2025-01-20T11:25:00.428+0000] {processor.py:840} INFO - DAG(s) 'tutorial_taskflow_api' retrieved from /home/airflow/.local/lib/python3.8/site-packages/airflow/example_dags/tutorial_taskflow_api.py
[2025-01-20T11:25:00.461+0000] {logging_mixin.py:188} INFO - [2025-01-20T11:25:00.461+0000] {dag.py:3036} INFO - Sync 1 DAGs
[2025-01-20T11:25:00.482+0000] {logging_mixin.py:188} INFO - [2025-01-20T11:25:00.481+0000] {dag.py:3823} INFO - Setting next_dagrun for tutorial_taskflow_api to None, run_after=None
[2025-01-20T11:25:00.512+0000] {processor.py:183} INFO - Processing /home/airflow/.local/lib/python3.8/site-packages/airflow/example_dags/tutorial_taskflow_api.py took 0.104 seconds
[2025-01-20T11:25:31.038+0000] {processor.py:161} INFO - Started process (PID=1073) to work on /home/airflow/.local/lib/python3.8/site-packages/airflow/example_dags/tutorial_taskflow_api.py
[2025-01-20T11:25:31.055+0000] {processor.py:830} INFO - Processing file /home/airflow/.local/lib/python3.8/site-packages/airflow/example_dags/tutorial_taskflow_api.py for tasks to queue
[2025-01-20T11:25:31.074+0000] {logging_mixin.py:188} INFO - [2025-01-20T11:25:31.073+0000] {dagbag.py:538} INFO - Filling up the DagBag from /home/airflow/.local/lib/python3.8/site-packages/airflow/example_dags/tutorial_taskflow_api.py
[2025-01-20T11:25:31.114+0000] {processor.py:840} INFO - DAG(s) 'tutorial_taskflow_api' retrieved from /home/airflow/.local/lib/python3.8/site-packages/airflow/example_dags/tutorial_taskflow_api.py
[2025-01-20T11:25:31.256+0000] {logging_mixin.py:188} INFO - [2025-01-20T11:25:31.255+0000] {dag.py:3036} INFO - Sync 1 DAGs
[2025-01-20T11:25:31.333+0000] {logging_mixin.py:188} INFO - [2025-01-20T11:25:31.332+0000] {dag.py:3823} INFO - Setting next_dagrun for tutorial_taskflow_api to None, run_after=None
[2025-01-20T11:25:31.399+0000] {processor.py:183} INFO - Processing /home/airflow/.local/lib/python3.8/site-packages/airflow/example_dags/tutorial_taskflow_api.py took 0.383 seconds
[2025-01-20T11:26:01.558+0000] {processor.py:161} INFO - Started process (PID=1128) to work on /home/airflow/.local/lib/python3.8/site-packages/airflow/example_dags/tutorial_taskflow_api.py
[2025-01-20T11:26:01.560+0000] {processor.py:830} INFO - Processing file /home/airflow/.local/lib/python3.8/site-packages/airflow/example_dags/tutorial_taskflow_api.py for tasks to queue
[2025-01-20T11:26:01.565+0000] {logging_mixin.py:188} INFO - [2025-01-20T11:26:01.564+0000] {dagbag.py:538} INFO - Filling up the DagBag from /home/airflow/.local/lib/python3.8/site-packages/airflow/example_dags/tutorial_taskflow_api.py
[2025-01-20T11:26:01.580+0000] {processor.py:840} INFO - DAG(s) 'tutorial_taskflow_api' retrieved from /home/airflow/.local/lib/python3.8/site-packages/airflow/example_dags/tutorial_taskflow_api.py
[2025-01-20T11:26:01.646+0000] {logging_mixin.py:188} INFO - [2025-01-20T11:26:01.645+0000] {dag.py:3036} INFO - Sync 1 DAGs
[2025-01-20T11:26:01.716+0000] {logging_mixin.py:188} INFO - [2025-01-20T11:26:01.714+0000] {dag.py:3823} INFO - Setting next_dagrun for tutorial_taskflow_api to None, run_after=None
[2025-01-20T11:26:01.846+0000] {processor.py:183} INFO - Processing /home/airflow/.local/lib/python3.8/site-packages/airflow/example_dags/tutorial_taskflow_api.py took 0.295 seconds
[2025-01-20T11:26:32.683+0000] {processor.py:161} INFO - Started process (PID=1183) to work on /home/airflow/.local/lib/python3.8/site-packages/airflow/example_dags/tutorial_taskflow_api.py
[2025-01-20T11:26:32.688+0000] {processor.py:830} INFO - Processing file /home/airflow/.local/lib/python3.8/site-packages/airflow/example_dags/tutorial_taskflow_api.py for tasks to queue
[2025-01-20T11:26:32.700+0000] {logging_mixin.py:188} INFO - [2025-01-20T11:26:32.698+0000] {dagbag.py:538} INFO - Filling up the DagBag from /home/airflow/.local/lib/python3.8/site-packages/airflow/example_dags/tutorial_taskflow_api.py
[2025-01-20T11:26:32.739+0000] {processor.py:840} INFO - DAG(s) 'tutorial_taskflow_api' retrieved from /home/airflow/.local/lib/python3.8/site-packages/airflow/example_dags/tutorial_taskflow_api.py
[2025-01-20T11:26:32.820+0000] {logging_mixin.py:188} INFO - [2025-01-20T11:26:32.819+0000] {dag.py:3036} INFO - Sync 1 DAGs
[2025-01-20T11:26:32.857+0000] {logging_mixin.py:188} INFO - [2025-01-20T11:26:32.856+0000] {dag.py:3823} INFO - Setting next_dagrun for tutorial_taskflow_api to None, run_after=None
[2025-01-20T11:26:32.930+0000] {processor.py:183} INFO - Processing /home/airflow/.local/lib/python3.8/site-packages/airflow/example_dags/tutorial_taskflow_api.py took 0.269 seconds
[2025-01-20T11:27:03.270+0000] {processor.py:161} INFO - Started process (PID=1244) to work on /home/airflow/.local/lib/python3.8/site-packages/airflow/example_dags/tutorial_taskflow_api.py
[2025-01-20T11:27:03.272+0000] {processor.py:830} INFO - Processing file /home/airflow/.local/lib/python3.8/site-packages/airflow/example_dags/tutorial_taskflow_api.py for tasks to queue
[2025-01-20T11:27:03.276+0000] {logging_mixin.py:188} INFO - [2025-01-20T11:27:03.276+0000] {dagbag.py:538} INFO - Filling up the DagBag from /home/airflow/.local/lib/python3.8/site-packages/airflow/example_dags/tutorial_taskflow_api.py
[2025-01-20T11:27:03.287+0000] {processor.py:840} INFO - DAG(s) 'tutorial_taskflow_api' retrieved from /home/airflow/.local/lib/python3.8/site-packages/airflow/example_dags/tutorial_taskflow_api.py
[2025-01-20T11:27:03.330+0000] {logging_mixin.py:188} INFO - [2025-01-20T11:27:03.329+0000] {dag.py:3036} INFO - Sync 1 DAGs
[2025-01-20T11:27:03.359+0000] {logging_mixin.py:188} INFO - [2025-01-20T11:27:03.359+0000] {dag.py:3823} INFO - Setting next_dagrun for tutorial_taskflow_api to None, run_after=None
[2025-01-20T11:27:03.406+0000] {processor.py:183} INFO - Processing /home/airflow/.local/lib/python3.8/site-packages/airflow/example_dags/tutorial_taskflow_api.py took 0.140 seconds
[2025-01-20T11:27:33.579+0000] {processor.py:161} INFO - Started process (PID=1299) to work on /home/airflow/.local/lib/python3.8/site-packages/airflow/example_dags/tutorial_taskflow_api.py
[2025-01-20T11:27:33.581+0000] {processor.py:830} INFO - Processing file /home/airflow/.local/lib/python3.8/site-packages/airflow/example_dags/tutorial_taskflow_api.py for tasks to queue
[2025-01-20T11:27:33.584+0000] {logging_mixin.py:188} INFO - [2025-01-20T11:27:33.584+0000] {dagbag.py:538} INFO - Filling up the DagBag from /home/airflow/.local/lib/python3.8/site-packages/airflow/example_dags/tutorial_taskflow_api.py
[2025-01-20T11:27:33.595+0000] {processor.py:840} INFO - DAG(s) 'tutorial_taskflow_api' retrieved from /home/airflow/.local/lib/python3.8/site-packages/airflow/example_dags/tutorial_taskflow_api.py
[2025-01-20T11:27:33.628+0000] {logging_mixin.py:188} INFO - [2025-01-20T11:27:33.628+0000] {dag.py:3036} INFO - Sync 1 DAGs
[2025-01-20T11:27:33.650+0000] {logging_mixin.py:188} INFO - [2025-01-20T11:27:33.650+0000] {dag.py:3823} INFO - Setting next_dagrun for tutorial_taskflow_api to None, run_after=None
[2025-01-20T11:27:33.688+0000] {processor.py:183} INFO - Processing /home/airflow/.local/lib/python3.8/site-packages/airflow/example_dags/tutorial_taskflow_api.py took 0.114 seconds
[2025-01-20T11:28:04.259+0000] {processor.py:161} INFO - Started process (PID=1354) to work on /home/airflow/.local/lib/python3.8/site-packages/airflow/example_dags/tutorial_taskflow_api.py
[2025-01-20T11:28:04.261+0000] {processor.py:830} INFO - Processing file /home/airflow/.local/lib/python3.8/site-packages/airflow/example_dags/tutorial_taskflow_api.py for tasks to queue
[2025-01-20T11:28:04.264+0000] {logging_mixin.py:188} INFO - [2025-01-20T11:28:04.263+0000] {dagbag.py:538} INFO - Filling up the DagBag from /home/airflow/.local/lib/python3.8/site-packages/airflow/example_dags/tutorial_taskflow_api.py
[2025-01-20T11:28:04.274+0000] {processor.py:840} INFO - DAG(s) 'tutorial_taskflow_api' retrieved from /home/airflow/.local/lib/python3.8/site-packages/airflow/example_dags/tutorial_taskflow_api.py
[2025-01-20T11:28:04.312+0000] {logging_mixin.py:188} INFO - [2025-01-20T11:28:04.311+0000] {dag.py:3036} INFO - Sync 1 DAGs
[2025-01-20T11:28:04.334+0000] {logging_mixin.py:188} INFO - [2025-01-20T11:28:04.333+0000] {dag.py:3823} INFO - Setting next_dagrun for tutorial_taskflow_api to None, run_after=None
[2025-01-20T11:28:04.369+0000] {processor.py:183} INFO - Processing /home/airflow/.local/lib/python3.8/site-packages/airflow/example_dags/tutorial_taskflow_api.py took 0.115 seconds
[2025-01-20T11:28:34.667+0000] {processor.py:161} INFO - Started process (PID=1409) to work on /home/airflow/.local/lib/python3.8/site-packages/airflow/example_dags/tutorial_taskflow_api.py
[2025-01-20T11:28:34.669+0000] {processor.py:830} INFO - Processing file /home/airflow/.local/lib/python3.8/site-packages/airflow/example_dags/tutorial_taskflow_api.py for tasks to queue
[2025-01-20T11:28:34.673+0000] {logging_mixin.py:188} INFO - [2025-01-20T11:28:34.672+0000] {dagbag.py:538} INFO - Filling up the DagBag from /home/airflow/.local/lib/python3.8/site-packages/airflow/example_dags/tutorial_taskflow_api.py
[2025-01-20T11:28:34.682+0000] {processor.py:840} INFO - DAG(s) 'tutorial_taskflow_api' retrieved from /home/airflow/.local/lib/python3.8/site-packages/airflow/example_dags/tutorial_taskflow_api.py
[2025-01-20T11:28:34.728+0000] {logging_mixin.py:188} INFO - [2025-01-20T11:28:34.728+0000] {dag.py:3036} INFO - Sync 1 DAGs
[2025-01-20T11:28:34.757+0000] {logging_mixin.py:188} INFO - [2025-01-20T11:28:34.756+0000] {dag.py:3823} INFO - Setting next_dagrun for tutorial_taskflow_api to None, run_after=None
[2025-01-20T11:28:34.802+0000] {processor.py:183} INFO - Processing /home/airflow/.local/lib/python3.8/site-packages/airflow/example_dags/tutorial_taskflow_api.py took 0.140 seconds
[2025-01-20T11:29:05.446+0000] {processor.py:161} INFO - Started process (PID=1464) to work on /home/airflow/.local/lib/python3.8/site-packages/airflow/example_dags/tutorial_taskflow_api.py
[2025-01-20T11:29:05.448+0000] {processor.py:830} INFO - Processing file /home/airflow/.local/lib/python3.8/site-packages/airflow/example_dags/tutorial_taskflow_api.py for tasks to queue
[2025-01-20T11:29:05.450+0000] {logging_mixin.py:188} INFO - [2025-01-20T11:29:05.450+0000] {dagbag.py:538} INFO - Filling up the DagBag from /home/airflow/.local/lib/python3.8/site-packages/airflow/example_dags/tutorial_taskflow_api.py
[2025-01-20T11:29:05.460+0000] {processor.py:840} INFO - DAG(s) 'tutorial_taskflow_api' retrieved from /home/airflow/.local/lib/python3.8/site-packages/airflow/example_dags/tutorial_taskflow_api.py
[2025-01-20T11:29:05.489+0000] {logging_mixin.py:188} INFO - [2025-01-20T11:29:05.489+0000] {dag.py:3036} INFO - Sync 1 DAGs
[2025-01-20T11:29:05.509+0000] {logging_mixin.py:188} INFO - [2025-01-20T11:29:05.508+0000] {dag.py:3823} INFO - Setting next_dagrun for tutorial_taskflow_api to None, run_after=None
[2025-01-20T11:29:05.541+0000] {processor.py:183} INFO - Processing /home/airflow/.local/lib/python3.8/site-packages/airflow/example_dags/tutorial_taskflow_api.py took 0.099 seconds
[2025-01-20T11:29:36.253+0000] {processor.py:161} INFO - Started process (PID=1520) to work on /home/airflow/.local/lib/python3.8/site-packages/airflow/example_dags/tutorial_taskflow_api.py
[2025-01-20T11:29:36.255+0000] {processor.py:830} INFO - Processing file /home/airflow/.local/lib/python3.8/site-packages/airflow/example_dags/tutorial_taskflow_api.py for tasks to queue
[2025-01-20T11:29:36.258+0000] {logging_mixin.py:188} INFO - [2025-01-20T11:29:36.258+0000] {dagbag.py:538} INFO - Filling up the DagBag from /home/airflow/.local/lib/python3.8/site-packages/airflow/example_dags/tutorial_taskflow_api.py
[2025-01-20T11:29:36.268+0000] {processor.py:840} INFO - DAG(s) 'tutorial_taskflow_api' retrieved from /home/airflow/.local/lib/python3.8/site-packages/airflow/example_dags/tutorial_taskflow_api.py
[2025-01-20T11:29:36.300+0000] {logging_mixin.py:188} INFO - [2025-01-20T11:29:36.300+0000] {dag.py:3036} INFO - Sync 1 DAGs
[2025-01-20T11:29:36.320+0000] {logging_mixin.py:188} INFO - [2025-01-20T11:29:36.320+0000] {dag.py:3823} INFO - Setting next_dagrun for tutorial_taskflow_api to None, run_after=None
[2025-01-20T11:29:36.354+0000] {processor.py:183} INFO - Processing /home/airflow/.local/lib/python3.8/site-packages/airflow/example_dags/tutorial_taskflow_api.py took 0.105 seconds
[2025-01-20T11:30:07.024+0000] {processor.py:161} INFO - Started process (PID=1572) to work on /home/airflow/.local/lib/python3.8/site-packages/airflow/example_dags/tutorial_taskflow_api.py
[2025-01-20T11:30:07.026+0000] {processor.py:830} INFO - Processing file /home/airflow/.local/lib/python3.8/site-packages/airflow/example_dags/tutorial_taskflow_api.py for tasks to queue
[2025-01-20T11:30:07.029+0000] {logging_mixin.py:188} INFO - [2025-01-20T11:30:07.028+0000] {dagbag.py:538} INFO - Filling up the DagBag from /home/airflow/.local/lib/python3.8/site-packages/airflow/example_dags/tutorial_taskflow_api.py
[2025-01-20T11:30:07.043+0000] {processor.py:840} INFO - DAG(s) 'tutorial_taskflow_api' retrieved from /home/airflow/.local/lib/python3.8/site-packages/airflow/example_dags/tutorial_taskflow_api.py
[2025-01-20T11:30:07.091+0000] {logging_mixin.py:188} INFO - [2025-01-20T11:30:07.091+0000] {dag.py:3036} INFO - Sync 1 DAGs
[2025-01-20T11:30:07.120+0000] {logging_mixin.py:188} INFO - [2025-01-20T11:30:07.119+0000] {dag.py:3823} INFO - Setting next_dagrun for tutorial_taskflow_api to None, run_after=None
[2025-01-20T11:30:07.165+0000] {processor.py:183} INFO - Processing /home/airflow/.local/lib/python3.8/site-packages/airflow/example_dags/tutorial_taskflow_api.py took 0.148 seconds
[2025-01-20T11:30:37.398+0000] {processor.py:161} INFO - Started process (PID=1627) to work on /home/airflow/.local/lib/python3.8/site-packages/airflow/example_dags/tutorial_taskflow_api.py
[2025-01-20T11:30:37.400+0000] {processor.py:830} INFO - Processing file /home/airflow/.local/lib/python3.8/site-packages/airflow/example_dags/tutorial_taskflow_api.py for tasks to queue
[2025-01-20T11:30:37.404+0000] {logging_mixin.py:188} INFO - [2025-01-20T11:30:37.403+0000] {dagbag.py:538} INFO - Filling up the DagBag from /home/airflow/.local/lib/python3.8/site-packages/airflow/example_dags/tutorial_taskflow_api.py
[2025-01-20T11:30:37.416+0000] {processor.py:840} INFO - DAG(s) 'tutorial_taskflow_api' retrieved from /home/airflow/.local/lib/python3.8/site-packages/airflow/example_dags/tutorial_taskflow_api.py
[2025-01-20T11:30:37.460+0000] {logging_mixin.py:188} INFO - [2025-01-20T11:30:37.459+0000] {dag.py:3036} INFO - Sync 1 DAGs
[2025-01-20T11:30:37.496+0000] {logging_mixin.py:188} INFO - [2025-01-20T11:30:37.495+0000] {dag.py:3823} INFO - Setting next_dagrun for tutorial_taskflow_api to None, run_after=None
[2025-01-20T11:30:37.547+0000] {processor.py:183} INFO - Processing /home/airflow/.local/lib/python3.8/site-packages/airflow/example_dags/tutorial_taskflow_api.py took 0.153 seconds
[2025-01-20T11:31:07.836+0000] {processor.py:161} INFO - Started process (PID=1682) to work on /home/airflow/.local/lib/python3.8/site-packages/airflow/example_dags/tutorial_taskflow_api.py
[2025-01-20T11:31:07.837+0000] {processor.py:830} INFO - Processing file /home/airflow/.local/lib/python3.8/site-packages/airflow/example_dags/tutorial_taskflow_api.py for tasks to queue
[2025-01-20T11:31:07.840+0000] {logging_mixin.py:188} INFO - [2025-01-20T11:31:07.840+0000] {dagbag.py:538} INFO - Filling up the DagBag from /home/airflow/.local/lib/python3.8/site-packages/airflow/example_dags/tutorial_taskflow_api.py
[2025-01-20T11:31:07.849+0000] {processor.py:840} INFO - DAG(s) 'tutorial_taskflow_api' retrieved from /home/airflow/.local/lib/python3.8/site-packages/airflow/example_dags/tutorial_taskflow_api.py
[2025-01-20T11:31:07.880+0000] {logging_mixin.py:188} INFO - [2025-01-20T11:31:07.880+0000] {dag.py:3036} INFO - Sync 1 DAGs
[2025-01-20T11:31:07.898+0000] {logging_mixin.py:188} INFO - [2025-01-20T11:31:07.898+0000] {dag.py:3823} INFO - Setting next_dagrun for tutorial_taskflow_api to None, run_after=None
[2025-01-20T11:31:07.928+0000] {processor.py:183} INFO - Processing /home/airflow/.local/lib/python3.8/site-packages/airflow/example_dags/tutorial_taskflow_api.py took 0.097 seconds
[2025-01-20T11:31:38.354+0000] {processor.py:161} INFO - Started process (PID=1737) to work on /home/airflow/.local/lib/python3.8/site-packages/airflow/example_dags/tutorial_taskflow_api.py
[2025-01-20T11:31:38.357+0000] {processor.py:830} INFO - Processing file /home/airflow/.local/lib/python3.8/site-packages/airflow/example_dags/tutorial_taskflow_api.py for tasks to queue
[2025-01-20T11:31:38.360+0000] {logging_mixin.py:188} INFO - [2025-01-20T11:31:38.360+0000] {dagbag.py:538} INFO - Filling up the DagBag from /home/airflow/.local/lib/python3.8/site-packages/airflow/example_dags/tutorial_taskflow_api.py
[2025-01-20T11:31:38.376+0000] {processor.py:840} INFO - DAG(s) 'tutorial_taskflow_api' retrieved from /home/airflow/.local/lib/python3.8/site-packages/airflow/example_dags/tutorial_taskflow_api.py
[2025-01-20T11:31:38.414+0000] {logging_mixin.py:188} INFO - [2025-01-20T11:31:38.414+0000] {dag.py:3036} INFO - Sync 1 DAGs
[2025-01-20T11:31:38.434+0000] {logging_mixin.py:188} INFO - [2025-01-20T11:31:38.434+0000] {dag.py:3823} INFO - Setting next_dagrun for tutorial_taskflow_api to None, run_after=None
[2025-01-20T11:31:38.467+0000] {processor.py:183} INFO - Processing /home/airflow/.local/lib/python3.8/site-packages/airflow/example_dags/tutorial_taskflow_api.py took 0.132 seconds
[2025-01-20T11:32:09.164+0000] {processor.py:161} INFO - Started process (PID=1792) to work on /home/airflow/.local/lib/python3.8/site-packages/airflow/example_dags/tutorial_taskflow_api.py
[2025-01-20T11:32:09.166+0000] {processor.py:830} INFO - Processing file /home/airflow/.local/lib/python3.8/site-packages/airflow/example_dags/tutorial_taskflow_api.py for tasks to queue
[2025-01-20T11:32:09.168+0000] {logging_mixin.py:188} INFO - [2025-01-20T11:32:09.168+0000] {dagbag.py:538} INFO - Filling up the DagBag from /home/airflow/.local/lib/python3.8/site-packages/airflow/example_dags/tutorial_taskflow_api.py
[2025-01-20T11:32:09.179+0000] {processor.py:840} INFO - DAG(s) 'tutorial_taskflow_api' retrieved from /home/airflow/.local/lib/python3.8/site-packages/airflow/example_dags/tutorial_taskflow_api.py
[2025-01-20T11:32:09.211+0000] {logging_mixin.py:188} INFO - [2025-01-20T11:32:09.211+0000] {dag.py:3036} INFO - Sync 1 DAGs
[2025-01-20T11:32:09.233+0000] {logging_mixin.py:188} INFO - [2025-01-20T11:32:09.232+0000] {dag.py:3823} INFO - Setting next_dagrun for tutorial_taskflow_api to None, run_after=None
[2025-01-20T11:32:09.267+0000] {processor.py:183} INFO - Processing /home/airflow/.local/lib/python3.8/site-packages/airflow/example_dags/tutorial_taskflow_api.py took 0.107 seconds
[2025-01-20T11:32:39.509+0000] {processor.py:161} INFO - Started process (PID=1847) to work on /home/airflow/.local/lib/python3.8/site-packages/airflow/example_dags/tutorial_taskflow_api.py
[2025-01-20T11:32:39.514+0000] {processor.py:830} INFO - Processing file /home/airflow/.local/lib/python3.8/site-packages/airflow/example_dags/tutorial_taskflow_api.py for tasks to queue
[2025-01-20T11:32:39.519+0000] {logging_mixin.py:188} INFO - [2025-01-20T11:32:39.518+0000] {dagbag.py:538} INFO - Filling up the DagBag from /home/airflow/.local/lib/python3.8/site-packages/airflow/example_dags/tutorial_taskflow_api.py
[2025-01-20T11:32:39.533+0000] {processor.py:840} INFO - DAG(s) 'tutorial_taskflow_api' retrieved from /home/airflow/.local/lib/python3.8/site-packages/airflow/example_dags/tutorial_taskflow_api.py
[2025-01-20T11:32:39.580+0000] {logging_mixin.py:188} INFO - [2025-01-20T11:32:39.580+0000] {dag.py:3036} INFO - Sync 1 DAGs
[2025-01-20T11:32:39.619+0000] {logging_mixin.py:188} INFO - [2025-01-20T11:32:39.619+0000] {dag.py:3823} INFO - Setting next_dagrun for tutorial_taskflow_api to None, run_after=None
[2025-01-20T11:32:39.657+0000] {processor.py:183} INFO - Processing /home/airflow/.local/lib/python3.8/site-packages/airflow/example_dags/tutorial_taskflow_api.py took 0.158 seconds
[2025-01-20T11:33:09.772+0000] {processor.py:161} INFO - Started process (PID=1902) to work on /home/airflow/.local/lib/python3.8/site-packages/airflow/example_dags/tutorial_taskflow_api.py
[2025-01-20T11:33:09.774+0000] {processor.py:830} INFO - Processing file /home/airflow/.local/lib/python3.8/site-packages/airflow/example_dags/tutorial_taskflow_api.py for tasks to queue
[2025-01-20T11:33:09.776+0000] {logging_mixin.py:188} INFO - [2025-01-20T11:33:09.776+0000] {dagbag.py:538} INFO - Filling up the DagBag from /home/airflow/.local/lib/python3.8/site-packages/airflow/example_dags/tutorial_taskflow_api.py
[2025-01-20T11:33:09.786+0000] {processor.py:840} INFO - DAG(s) 'tutorial_taskflow_api' retrieved from /home/airflow/.local/lib/python3.8/site-packages/airflow/example_dags/tutorial_taskflow_api.py
[2025-01-20T11:33:09.817+0000] {logging_mixin.py:188} INFO - [2025-01-20T11:33:09.816+0000] {dag.py:3036} INFO - Sync 1 DAGs
[2025-01-20T11:33:09.837+0000] {logging_mixin.py:188} INFO - [2025-01-20T11:33:09.836+0000] {dag.py:3823} INFO - Setting next_dagrun for tutorial_taskflow_api to None, run_after=None
[2025-01-20T11:33:09.871+0000] {processor.py:183} INFO - Processing /home/airflow/.local/lib/python3.8/site-packages/airflow/example_dags/tutorial_taskflow_api.py took 0.104 seconds
[2025-01-20T11:33:40.158+0000] {processor.py:161} INFO - Started process (PID=1957) to work on /home/airflow/.local/lib/python3.8/site-packages/airflow/example_dags/tutorial_taskflow_api.py
[2025-01-20T11:33:40.159+0000] {processor.py:830} INFO - Processing file /home/airflow/.local/lib/python3.8/site-packages/airflow/example_dags/tutorial_taskflow_api.py for tasks to queue
[2025-01-20T11:33:40.163+0000] {logging_mixin.py:188} INFO - [2025-01-20T11:33:40.162+0000] {dagbag.py:538} INFO - Filling up the DagBag from /home/airflow/.local/lib/python3.8/site-packages/airflow/example_dags/tutorial_taskflow_api.py
[2025-01-20T11:33:40.174+0000] {processor.py:840} INFO - DAG(s) 'tutorial_taskflow_api' retrieved from /home/airflow/.local/lib/python3.8/site-packages/airflow/example_dags/tutorial_taskflow_api.py
[2025-01-20T11:33:40.208+0000] {logging_mixin.py:188} INFO - [2025-01-20T11:33:40.207+0000] {dag.py:3036} INFO - Sync 1 DAGs
[2025-01-20T11:33:40.229+0000] {logging_mixin.py:188} INFO - [2025-01-20T11:33:40.228+0000] {dag.py:3823} INFO - Setting next_dagrun for tutorial_taskflow_api to None, run_after=None
[2025-01-20T11:33:40.261+0000] {processor.py:183} INFO - Processing /home/airflow/.local/lib/python3.8/site-packages/airflow/example_dags/tutorial_taskflow_api.py took 0.109 seconds
[2025-01-20T11:34:10.451+0000] {processor.py:161} INFO - Started process (PID=2012) to work on /home/airflow/.local/lib/python3.8/site-packages/airflow/example_dags/tutorial_taskflow_api.py
[2025-01-20T11:34:10.453+0000] {processor.py:830} INFO - Processing file /home/airflow/.local/lib/python3.8/site-packages/airflow/example_dags/tutorial_taskflow_api.py for tasks to queue
[2025-01-20T11:34:10.457+0000] {logging_mixin.py:188} INFO - [2025-01-20T11:34:10.456+0000] {dagbag.py:538} INFO - Filling up the DagBag from /home/airflow/.local/lib/python3.8/site-packages/airflow/example_dags/tutorial_taskflow_api.py
[2025-01-20T11:34:10.468+0000] {processor.py:840} INFO - DAG(s) 'tutorial_taskflow_api' retrieved from /home/airflow/.local/lib/python3.8/site-packages/airflow/example_dags/tutorial_taskflow_api.py
[2025-01-20T11:34:10.507+0000] {logging_mixin.py:188} INFO - [2025-01-20T11:34:10.506+0000] {dag.py:3036} INFO - Sync 1 DAGs
[2025-01-20T11:34:10.528+0000] {logging_mixin.py:188} INFO - [2025-01-20T11:34:10.528+0000] {dag.py:3823} INFO - Setting next_dagrun for tutorial_taskflow_api to None, run_after=None
[2025-01-20T11:34:10.565+0000] {processor.py:183} INFO - Processing /home/airflow/.local/lib/python3.8/site-packages/airflow/example_dags/tutorial_taskflow_api.py took 0.120 seconds
[2025-01-20T11:34:41.256+0000] {processor.py:161} INFO - Started process (PID=2067) to work on /home/airflow/.local/lib/python3.8/site-packages/airflow/example_dags/tutorial_taskflow_api.py
[2025-01-20T11:34:41.258+0000] {processor.py:830} INFO - Processing file /home/airflow/.local/lib/python3.8/site-packages/airflow/example_dags/tutorial_taskflow_api.py for tasks to queue
[2025-01-20T11:34:41.261+0000] {logging_mixin.py:188} INFO - [2025-01-20T11:34:41.260+0000] {dagbag.py:538} INFO - Filling up the DagBag from /home/airflow/.local/lib/python3.8/site-packages/airflow/example_dags/tutorial_taskflow_api.py
[2025-01-20T11:34:41.272+0000] {processor.py:840} INFO - DAG(s) 'tutorial_taskflow_api' retrieved from /home/airflow/.local/lib/python3.8/site-packages/airflow/example_dags/tutorial_taskflow_api.py
[2025-01-20T11:34:41.307+0000] {logging_mixin.py:188} INFO - [2025-01-20T11:34:41.307+0000] {dag.py:3036} INFO - Sync 1 DAGs
[2025-01-20T11:34:41.327+0000] {logging_mixin.py:188} INFO - [2025-01-20T11:34:41.326+0000] {dag.py:3823} INFO - Setting next_dagrun for tutorial_taskflow_api to None, run_after=None
[2025-01-20T11:34:41.360+0000] {processor.py:183} INFO - Processing /home/airflow/.local/lib/python3.8/site-packages/airflow/example_dags/tutorial_taskflow_api.py took 0.110 seconds
[2025-01-20T11:35:11.751+0000] {processor.py:161} INFO - Started process (PID=2122) to work on /home/airflow/.local/lib/python3.8/site-packages/airflow/example_dags/tutorial_taskflow_api.py
[2025-01-20T11:35:11.753+0000] {processor.py:830} INFO - Processing file /home/airflow/.local/lib/python3.8/site-packages/airflow/example_dags/tutorial_taskflow_api.py for tasks to queue
[2025-01-20T11:35:11.756+0000] {logging_mixin.py:188} INFO - [2025-01-20T11:35:11.755+0000] {dagbag.py:538} INFO - Filling up the DagBag from /home/airflow/.local/lib/python3.8/site-packages/airflow/example_dags/tutorial_taskflow_api.py
[2025-01-20T11:35:11.765+0000] {processor.py:840} INFO - DAG(s) 'tutorial_taskflow_api' retrieved from /home/airflow/.local/lib/python3.8/site-packages/airflow/example_dags/tutorial_taskflow_api.py
[2025-01-20T11:35:11.795+0000] {logging_mixin.py:188} INFO - [2025-01-20T11:35:11.795+0000] {dag.py:3036} INFO - Sync 1 DAGs
[2025-01-20T11:35:11.815+0000] {logging_mixin.py:188} INFO - [2025-01-20T11:35:11.815+0000] {dag.py:3823} INFO - Setting next_dagrun for tutorial_taskflow_api to None, run_after=None
[2025-01-20T11:35:11.848+0000] {processor.py:183} INFO - Processing /home/airflow/.local/lib/python3.8/site-packages/airflow/example_dags/tutorial_taskflow_api.py took 0.101 seconds
[2025-01-20T11:35:42.334+0000] {processor.py:161} INFO - Started process (PID=2177) to work on /home/airflow/.local/lib/python3.8/site-packages/airflow/example_dags/tutorial_taskflow_api.py
[2025-01-20T11:35:42.338+0000] {processor.py:830} INFO - Processing file /home/airflow/.local/lib/python3.8/site-packages/airflow/example_dags/tutorial_taskflow_api.py for tasks to queue
[2025-01-20T11:35:42.345+0000] {logging_mixin.py:188} INFO - [2025-01-20T11:35:42.344+0000] {dagbag.py:538} INFO - Filling up the DagBag from /home/airflow/.local/lib/python3.8/site-packages/airflow/example_dags/tutorial_taskflow_api.py
[2025-01-20T11:35:42.366+0000] {processor.py:840} INFO - DAG(s) 'tutorial_taskflow_api' retrieved from /home/airflow/.local/lib/python3.8/site-packages/airflow/example_dags/tutorial_taskflow_api.py
[2025-01-20T11:35:42.426+0000] {logging_mixin.py:188} INFO - [2025-01-20T11:35:42.425+0000] {dag.py:3036} INFO - Sync 1 DAGs
[2025-01-20T11:35:42.463+0000] {logging_mixin.py:188} INFO - [2025-01-20T11:35:42.462+0000] {dag.py:3823} INFO - Setting next_dagrun for tutorial_taskflow_api to None, run_after=None
[2025-01-20T11:35:42.557+0000] {processor.py:183} INFO - Processing /home/airflow/.local/lib/python3.8/site-packages/airflow/example_dags/tutorial_taskflow_api.py took 0.241 seconds
[2025-01-20T11:36:12.787+0000] {processor.py:161} INFO - Started process (PID=2232) to work on /home/airflow/.local/lib/python3.8/site-packages/airflow/example_dags/tutorial_taskflow_api.py
[2025-01-20T11:36:12.789+0000] {processor.py:830} INFO - Processing file /home/airflow/.local/lib/python3.8/site-packages/airflow/example_dags/tutorial_taskflow_api.py for tasks to queue
[2025-01-20T11:36:12.793+0000] {logging_mixin.py:188} INFO - [2025-01-20T11:36:12.793+0000] {dagbag.py:538} INFO - Filling up the DagBag from /home/airflow/.local/lib/python3.8/site-packages/airflow/example_dags/tutorial_taskflow_api.py
[2025-01-20T11:36:12.807+0000] {processor.py:840} INFO - DAG(s) 'tutorial_taskflow_api' retrieved from /home/airflow/.local/lib/python3.8/site-packages/airflow/example_dags/tutorial_taskflow_api.py
[2025-01-20T11:36:12.844+0000] {logging_mixin.py:188} INFO - [2025-01-20T11:36:12.844+0000] {dag.py:3036} INFO - Sync 1 DAGs
[2025-01-20T11:36:12.868+0000] {logging_mixin.py:188} INFO - [2025-01-20T11:36:12.867+0000] {dag.py:3823} INFO - Setting next_dagrun for tutorial_taskflow_api to None, run_after=None
[2025-01-20T11:36:12.904+0000] {processor.py:183} INFO - Processing /home/airflow/.local/lib/python3.8/site-packages/airflow/example_dags/tutorial_taskflow_api.py took 0.126 seconds
[2025-01-20T11:36:43.118+0000] {processor.py:161} INFO - Started process (PID=2287) to work on /home/airflow/.local/lib/python3.8/site-packages/airflow/example_dags/tutorial_taskflow_api.py
[2025-01-20T11:36:43.120+0000] {processor.py:830} INFO - Processing file /home/airflow/.local/lib/python3.8/site-packages/airflow/example_dags/tutorial_taskflow_api.py for tasks to queue
[2025-01-20T11:36:43.124+0000] {logging_mixin.py:188} INFO - [2025-01-20T11:36:43.123+0000] {dagbag.py:538} INFO - Filling up the DagBag from /home/airflow/.local/lib/python3.8/site-packages/airflow/example_dags/tutorial_taskflow_api.py
[2025-01-20T11:36:43.137+0000] {processor.py:840} INFO - DAG(s) 'tutorial_taskflow_api' retrieved from /home/airflow/.local/lib/python3.8/site-packages/airflow/example_dags/tutorial_taskflow_api.py
[2025-01-20T11:36:43.173+0000] {logging_mixin.py:188} INFO - [2025-01-20T11:36:43.173+0000] {dag.py:3036} INFO - Sync 1 DAGs
[2025-01-20T11:36:43.198+0000] {logging_mixin.py:188} INFO - [2025-01-20T11:36:43.198+0000] {dag.py:3823} INFO - Setting next_dagrun for tutorial_taskflow_api to None, run_after=None
[2025-01-20T11:36:43.246+0000] {processor.py:183} INFO - Processing /home/airflow/.local/lib/python3.8/site-packages/airflow/example_dags/tutorial_taskflow_api.py took 0.133 seconds
[2025-01-20T11:37:13.986+0000] {processor.py:161} INFO - Started process (PID=2342) to work on /home/airflow/.local/lib/python3.8/site-packages/airflow/example_dags/tutorial_taskflow_api.py
[2025-01-20T11:37:13.990+0000] {processor.py:830} INFO - Processing file /home/airflow/.local/lib/python3.8/site-packages/airflow/example_dags/tutorial_taskflow_api.py for tasks to queue
[2025-01-20T11:37:14.007+0000] {logging_mixin.py:188} INFO - [2025-01-20T11:37:14.006+0000] {dagbag.py:538} INFO - Filling up the DagBag from /home/airflow/.local/lib/python3.8/site-packages/airflow/example_dags/tutorial_taskflow_api.py
[2025-01-20T11:37:14.038+0000] {processor.py:840} INFO - DAG(s) 'tutorial_taskflow_api' retrieved from /home/airflow/.local/lib/python3.8/site-packages/airflow/example_dags/tutorial_taskflow_api.py
[2025-01-20T11:37:14.145+0000] {logging_mixin.py:188} INFO - [2025-01-20T11:37:14.144+0000] {dag.py:3036} INFO - Sync 1 DAGs
[2025-01-20T11:37:14.184+0000] {logging_mixin.py:188} INFO - [2025-01-20T11:37:14.183+0000] {dag.py:3823} INFO - Setting next_dagrun for tutorial_taskflow_api to None, run_after=None
[2025-01-20T11:37:14.242+0000] {processor.py:183} INFO - Processing /home/airflow/.local/lib/python3.8/site-packages/airflow/example_dags/tutorial_taskflow_api.py took 0.270 seconds
