[2025-01-20T11:16:23.010+0000] {processor.py:161} INFO - Started process (PID=95) to work on /home/airflow/.local/lib/python3.8/site-packages/airflow/example_dags/tutorial.py
[2025-01-20T11:16:23.012+0000] {processor.py:830} INFO - Processing file /home/airflow/.local/lib/python3.8/site-packages/airflow/example_dags/tutorial.py for tasks to queue
[2025-01-20T11:16:23.015+0000] {logging_mixin.py:188} INFO - [2025-01-20T11:16:23.014+0000] {dagbag.py:538} INFO - Filling up the DagBag from /home/airflow/.local/lib/python3.8/site-packages/airflow/example_dags/tutorial.py
[2025-01-20T11:16:23.044+0000] {processor.py:840} INFO - DAG(s) 'tutorial' retrieved from /home/airflow/.local/lib/python3.8/site-packages/airflow/example_dags/tutorial.py
[2025-01-20T11:16:23.218+0000] {logging_mixin.py:188} INFO - [2025-01-20T11:16:23.218+0000] {dag.py:3036} INFO - Sync 1 DAGs
[2025-01-20T11:16:23.253+0000] {logging_mixin.py:188} INFO - [2025-01-20T11:16:23.253+0000] {dag.py:3823} INFO - Setting next_dagrun for tutorial to 2025-01-19 00:00:00+00:00, run_after=2025-01-20 00:00:00+00:00
[2025-01-20T11:16:23.376+0000] {processor.py:183} INFO - Processing /home/airflow/.local/lib/python3.8/site-packages/airflow/example_dags/tutorial.py took 0.371 seconds
[2025-01-20T11:16:53.507+0000] {processor.py:161} INFO - Started process (PID=150) to work on /home/airflow/.local/lib/python3.8/site-packages/airflow/example_dags/tutorial.py
[2025-01-20T11:16:53.508+0000] {processor.py:830} INFO - Processing file /home/airflow/.local/lib/python3.8/site-packages/airflow/example_dags/tutorial.py for tasks to queue
[2025-01-20T11:16:53.511+0000] {logging_mixin.py:188} INFO - [2025-01-20T11:16:53.511+0000] {dagbag.py:538} INFO - Filling up the DagBag from /home/airflow/.local/lib/python3.8/site-packages/airflow/example_dags/tutorial.py
[2025-01-20T11:16:53.525+0000] {processor.py:840} INFO - DAG(s) 'tutorial' retrieved from /home/airflow/.local/lib/python3.8/site-packages/airflow/example_dags/tutorial.py
[2025-01-20T11:16:53.558+0000] {logging_mixin.py:188} INFO - [2025-01-20T11:16:53.557+0000] {dag.py:3036} INFO - Sync 1 DAGs
[2025-01-20T11:16:53.604+0000] {logging_mixin.py:188} INFO - [2025-01-20T11:16:53.603+0000] {dag.py:3823} INFO - Setting next_dagrun for tutorial to 2025-01-19 00:00:00+00:00, run_after=2025-01-20 00:00:00+00:00
[2025-01-20T11:16:53.661+0000] {processor.py:183} INFO - Processing /home/airflow/.local/lib/python3.8/site-packages/airflow/example_dags/tutorial.py took 0.159 seconds
[2025-01-20T11:17:23.975+0000] {processor.py:161} INFO - Started process (PID=205) to work on /home/airflow/.local/lib/python3.8/site-packages/airflow/example_dags/tutorial.py
[2025-01-20T11:17:23.977+0000] {processor.py:830} INFO - Processing file /home/airflow/.local/lib/python3.8/site-packages/airflow/example_dags/tutorial.py for tasks to queue
[2025-01-20T11:17:23.980+0000] {logging_mixin.py:188} INFO - [2025-01-20T11:17:23.979+0000] {dagbag.py:538} INFO - Filling up the DagBag from /home/airflow/.local/lib/python3.8/site-packages/airflow/example_dags/tutorial.py
[2025-01-20T11:17:23.989+0000] {processor.py:840} INFO - DAG(s) 'tutorial' retrieved from /home/airflow/.local/lib/python3.8/site-packages/airflow/example_dags/tutorial.py
[2025-01-20T11:17:24.022+0000] {logging_mixin.py:188} INFO - [2025-01-20T11:17:24.022+0000] {dag.py:3036} INFO - Sync 1 DAGs
[2025-01-20T11:17:24.065+0000] {logging_mixin.py:188} INFO - [2025-01-20T11:17:24.064+0000] {dag.py:3823} INFO - Setting next_dagrun for tutorial to 2025-01-19 00:00:00+00:00, run_after=2025-01-20 00:00:00+00:00
[2025-01-20T11:17:24.108+0000] {processor.py:183} INFO - Processing /home/airflow/.local/lib/python3.8/site-packages/airflow/example_dags/tutorial.py took 0.139 seconds
[2025-01-20T11:17:54.986+0000] {processor.py:161} INFO - Started process (PID=260) to work on /home/airflow/.local/lib/python3.8/site-packages/airflow/example_dags/tutorial.py
[2025-01-20T11:17:54.990+0000] {processor.py:830} INFO - Processing file /home/airflow/.local/lib/python3.8/site-packages/airflow/example_dags/tutorial.py for tasks to queue
[2025-01-20T11:17:54.997+0000] {logging_mixin.py:188} INFO - [2025-01-20T11:17:54.996+0000] {dagbag.py:538} INFO - Filling up the DagBag from /home/airflow/.local/lib/python3.8/site-packages/airflow/example_dags/tutorial.py
[2025-01-20T11:17:55.019+0000] {processor.py:840} INFO - DAG(s) 'tutorial' retrieved from /home/airflow/.local/lib/python3.8/site-packages/airflow/example_dags/tutorial.py
[2025-01-20T11:17:55.130+0000] {logging_mixin.py:188} INFO - [2025-01-20T11:17:55.128+0000] {dag.py:3036} INFO - Sync 1 DAGs
[2025-01-20T11:17:55.250+0000] {logging_mixin.py:188} INFO - [2025-01-20T11:17:55.248+0000] {dag.py:3823} INFO - Setting next_dagrun for tutorial to 2025-01-19 00:00:00+00:00, run_after=2025-01-20 00:00:00+00:00
[2025-01-20T11:17:55.307+0000] {processor.py:183} INFO - Processing /home/airflow/.local/lib/python3.8/site-packages/airflow/example_dags/tutorial.py took 0.330 seconds
[2025-01-20T11:18:25.371+0000] {processor.py:161} INFO - Started process (PID=315) to work on /home/airflow/.local/lib/python3.8/site-packages/airflow/example_dags/tutorial.py
[2025-01-20T11:18:25.373+0000] {processor.py:830} INFO - Processing file /home/airflow/.local/lib/python3.8/site-packages/airflow/example_dags/tutorial.py for tasks to queue
[2025-01-20T11:18:25.379+0000] {logging_mixin.py:188} INFO - [2025-01-20T11:18:25.378+0000] {dagbag.py:538} INFO - Filling up the DagBag from /home/airflow/.local/lib/python3.8/site-packages/airflow/example_dags/tutorial.py
[2025-01-20T11:18:25.399+0000] {processor.py:840} INFO - DAG(s) 'tutorial' retrieved from /home/airflow/.local/lib/python3.8/site-packages/airflow/example_dags/tutorial.py
[2025-01-20T11:18:25.458+0000] {logging_mixin.py:188} INFO - [2025-01-20T11:18:25.457+0000] {dag.py:3036} INFO - Sync 1 DAGs
[2025-01-20T11:18:25.536+0000] {logging_mixin.py:188} INFO - [2025-01-20T11:18:25.535+0000] {dag.py:3823} INFO - Setting next_dagrun for tutorial to 2025-01-19 00:00:00+00:00, run_after=2025-01-20 00:00:00+00:00
[2025-01-20T11:18:25.599+0000] {processor.py:183} INFO - Processing /home/airflow/.local/lib/python3.8/site-packages/airflow/example_dags/tutorial.py took 0.237 seconds
[2025-01-20T11:18:56.269+0000] {processor.py:161} INFO - Started process (PID=370) to work on /home/airflow/.local/lib/python3.8/site-packages/airflow/example_dags/tutorial.py
[2025-01-20T11:18:56.273+0000] {processor.py:830} INFO - Processing file /home/airflow/.local/lib/python3.8/site-packages/airflow/example_dags/tutorial.py for tasks to queue
[2025-01-20T11:18:56.277+0000] {logging_mixin.py:188} INFO - [2025-01-20T11:18:56.276+0000] {dagbag.py:538} INFO - Filling up the DagBag from /home/airflow/.local/lib/python3.8/site-packages/airflow/example_dags/tutorial.py
[2025-01-20T11:18:56.289+0000] {processor.py:840} INFO - DAG(s) 'tutorial' retrieved from /home/airflow/.local/lib/python3.8/site-packages/airflow/example_dags/tutorial.py
[2025-01-20T11:18:56.369+0000] {logging_mixin.py:188} INFO - [2025-01-20T11:18:56.368+0000] {dag.py:3036} INFO - Sync 1 DAGs
[2025-01-20T11:18:56.427+0000] {logging_mixin.py:188} INFO - [2025-01-20T11:18:56.426+0000] {dag.py:3823} INFO - Setting next_dagrun for tutorial to 2025-01-19 00:00:00+00:00, run_after=2025-01-20 00:00:00+00:00
[2025-01-20T11:18:56.482+0000] {processor.py:183} INFO - Processing /home/airflow/.local/lib/python3.8/site-packages/airflow/example_dags/tutorial.py took 0.219 seconds
[2025-01-20T11:19:26.538+0000] {processor.py:161} INFO - Started process (PID=425) to work on /home/airflow/.local/lib/python3.8/site-packages/airflow/example_dags/tutorial.py
[2025-01-20T11:19:26.539+0000] {processor.py:830} INFO - Processing file /home/airflow/.local/lib/python3.8/site-packages/airflow/example_dags/tutorial.py for tasks to queue
[2025-01-20T11:19:26.542+0000] {logging_mixin.py:188} INFO - [2025-01-20T11:19:26.541+0000] {dagbag.py:538} INFO - Filling up the DagBag from /home/airflow/.local/lib/python3.8/site-packages/airflow/example_dags/tutorial.py
[2025-01-20T11:19:26.551+0000] {processor.py:840} INFO - DAG(s) 'tutorial' retrieved from /home/airflow/.local/lib/python3.8/site-packages/airflow/example_dags/tutorial.py
[2025-01-20T11:19:26.582+0000] {logging_mixin.py:188} INFO - [2025-01-20T11:19:26.582+0000] {dag.py:3036} INFO - Sync 1 DAGs
[2025-01-20T11:19:26.614+0000] {logging_mixin.py:188} INFO - [2025-01-20T11:19:26.613+0000] {dag.py:3823} INFO - Setting next_dagrun for tutorial to 2025-01-19 00:00:00+00:00, run_after=2025-01-20 00:00:00+00:00
[2025-01-20T11:19:26.644+0000] {processor.py:183} INFO - Processing /home/airflow/.local/lib/python3.8/site-packages/airflow/example_dags/tutorial.py took 0.110 seconds
[2025-01-20T11:19:56.728+0000] {processor.py:161} INFO - Started process (PID=480) to work on /home/airflow/.local/lib/python3.8/site-packages/airflow/example_dags/tutorial.py
[2025-01-20T11:19:56.730+0000] {processor.py:830} INFO - Processing file /home/airflow/.local/lib/python3.8/site-packages/airflow/example_dags/tutorial.py for tasks to queue
[2025-01-20T11:19:56.733+0000] {logging_mixin.py:188} INFO - [2025-01-20T11:19:56.733+0000] {dagbag.py:538} INFO - Filling up the DagBag from /home/airflow/.local/lib/python3.8/site-packages/airflow/example_dags/tutorial.py
[2025-01-20T11:19:56.742+0000] {processor.py:840} INFO - DAG(s) 'tutorial' retrieved from /home/airflow/.local/lib/python3.8/site-packages/airflow/example_dags/tutorial.py
[2025-01-20T11:19:56.772+0000] {logging_mixin.py:188} INFO - [2025-01-20T11:19:56.772+0000] {dag.py:3036} INFO - Sync 1 DAGs
[2025-01-20T11:19:56.804+0000] {logging_mixin.py:188} INFO - [2025-01-20T11:19:56.803+0000] {dag.py:3823} INFO - Setting next_dagrun for tutorial to 2025-01-19 00:00:00+00:00, run_after=2025-01-20 00:00:00+00:00
[2025-01-20T11:19:56.843+0000] {processor.py:183} INFO - Processing /home/airflow/.local/lib/python3.8/site-packages/airflow/example_dags/tutorial.py took 0.120 seconds
[2025-01-20T11:20:27.194+0000] {processor.py:161} INFO - Started process (PID=535) to work on /home/airflow/.local/lib/python3.8/site-packages/airflow/example_dags/tutorial.py
[2025-01-20T11:20:27.196+0000] {processor.py:830} INFO - Processing file /home/airflow/.local/lib/python3.8/site-packages/airflow/example_dags/tutorial.py for tasks to queue
[2025-01-20T11:20:27.199+0000] {logging_mixin.py:188} INFO - [2025-01-20T11:20:27.199+0000] {dagbag.py:538} INFO - Filling up the DagBag from /home/airflow/.local/lib/python3.8/site-packages/airflow/example_dags/tutorial.py
[2025-01-20T11:20:27.208+0000] {processor.py:840} INFO - DAG(s) 'tutorial' retrieved from /home/airflow/.local/lib/python3.8/site-packages/airflow/example_dags/tutorial.py
[2025-01-20T11:20:27.242+0000] {logging_mixin.py:188} INFO - [2025-01-20T11:20:27.242+0000] {dag.py:3036} INFO - Sync 1 DAGs
[2025-01-20T11:20:27.277+0000] {logging_mixin.py:188} INFO - [2025-01-20T11:20:27.277+0000] {dag.py:3823} INFO - Setting next_dagrun for tutorial to 2025-01-19 00:00:00+00:00, run_after=2025-01-20 00:00:00+00:00
[2025-01-20T11:20:27.346+0000] {processor.py:183} INFO - Processing /home/airflow/.local/lib/python3.8/site-packages/airflow/example_dags/tutorial.py took 0.158 seconds
[2025-01-20T11:20:57.484+0000] {processor.py:161} INFO - Started process (PID=590) to work on /home/airflow/.local/lib/python3.8/site-packages/airflow/example_dags/tutorial.py
[2025-01-20T11:20:57.486+0000] {processor.py:830} INFO - Processing file /home/airflow/.local/lib/python3.8/site-packages/airflow/example_dags/tutorial.py for tasks to queue
[2025-01-20T11:20:57.489+0000] {logging_mixin.py:188} INFO - [2025-01-20T11:20:57.488+0000] {dagbag.py:538} INFO - Filling up the DagBag from /home/airflow/.local/lib/python3.8/site-packages/airflow/example_dags/tutorial.py
[2025-01-20T11:20:57.498+0000] {processor.py:840} INFO - DAG(s) 'tutorial' retrieved from /home/airflow/.local/lib/python3.8/site-packages/airflow/example_dags/tutorial.py
[2025-01-20T11:20:57.536+0000] {logging_mixin.py:188} INFO - [2025-01-20T11:20:57.536+0000] {dag.py:3036} INFO - Sync 1 DAGs
[2025-01-20T11:20:57.586+0000] {logging_mixin.py:188} INFO - [2025-01-20T11:20:57.586+0000] {dag.py:3823} INFO - Setting next_dagrun for tutorial to 2025-01-19 00:00:00+00:00, run_after=2025-01-20 00:00:00+00:00
[2025-01-20T11:20:57.620+0000] {processor.py:183} INFO - Processing /home/airflow/.local/lib/python3.8/site-packages/airflow/example_dags/tutorial.py took 0.142 seconds
[2025-01-20T11:21:27.844+0000] {processor.py:161} INFO - Started process (PID=645) to work on /home/airflow/.local/lib/python3.8/site-packages/airflow/example_dags/tutorial.py
[2025-01-20T11:21:27.846+0000] {processor.py:830} INFO - Processing file /home/airflow/.local/lib/python3.8/site-packages/airflow/example_dags/tutorial.py for tasks to queue
[2025-01-20T11:21:27.849+0000] {logging_mixin.py:188} INFO - [2025-01-20T11:21:27.848+0000] {dagbag.py:538} INFO - Filling up the DagBag from /home/airflow/.local/lib/python3.8/site-packages/airflow/example_dags/tutorial.py
[2025-01-20T11:21:27.858+0000] {processor.py:840} INFO - DAG(s) 'tutorial' retrieved from /home/airflow/.local/lib/python3.8/site-packages/airflow/example_dags/tutorial.py
[2025-01-20T11:21:27.889+0000] {logging_mixin.py:188} INFO - [2025-01-20T11:21:27.889+0000] {dag.py:3036} INFO - Sync 1 DAGs
[2025-01-20T11:21:27.926+0000] {logging_mixin.py:188} INFO - [2025-01-20T11:21:27.925+0000] {dag.py:3823} INFO - Setting next_dagrun for tutorial to 2025-01-19 00:00:00+00:00, run_after=2025-01-20 00:00:00+00:00
[2025-01-20T11:21:27.960+0000] {processor.py:183} INFO - Processing /home/airflow/.local/lib/python3.8/site-packages/airflow/example_dags/tutorial.py took 0.123 seconds
[2025-01-20T11:21:58.181+0000] {processor.py:161} INFO - Started process (PID=700) to work on /home/airflow/.local/lib/python3.8/site-packages/airflow/example_dags/tutorial.py
[2025-01-20T11:21:58.183+0000] {processor.py:830} INFO - Processing file /home/airflow/.local/lib/python3.8/site-packages/airflow/example_dags/tutorial.py for tasks to queue
[2025-01-20T11:21:58.186+0000] {logging_mixin.py:188} INFO - [2025-01-20T11:21:58.186+0000] {dagbag.py:538} INFO - Filling up the DagBag from /home/airflow/.local/lib/python3.8/site-packages/airflow/example_dags/tutorial.py
[2025-01-20T11:21:58.195+0000] {processor.py:840} INFO - DAG(s) 'tutorial' retrieved from /home/airflow/.local/lib/python3.8/site-packages/airflow/example_dags/tutorial.py
[2025-01-20T11:21:58.224+0000] {logging_mixin.py:188} INFO - [2025-01-20T11:21:58.223+0000] {dag.py:3036} INFO - Sync 1 DAGs
[2025-01-20T11:21:58.254+0000] {logging_mixin.py:188} INFO - [2025-01-20T11:21:58.254+0000] {dag.py:3823} INFO - Setting next_dagrun for tutorial to 2025-01-19 00:00:00+00:00, run_after=2025-01-20 00:00:00+00:00
[2025-01-20T11:21:58.281+0000] {processor.py:183} INFO - Processing /home/airflow/.local/lib/python3.8/site-packages/airflow/example_dags/tutorial.py took 0.104 seconds
[2025-01-20T11:22:29.713+0000] {processor.py:161} INFO - Started process (PID=755) to work on /home/airflow/.local/lib/python3.8/site-packages/airflow/example_dags/tutorial.py
[2025-01-20T11:22:29.716+0000] {processor.py:830} INFO - Processing file /home/airflow/.local/lib/python3.8/site-packages/airflow/example_dags/tutorial.py for tasks to queue
[2025-01-20T11:22:29.721+0000] {logging_mixin.py:188} INFO - [2025-01-20T11:22:29.721+0000] {dagbag.py:538} INFO - Filling up the DagBag from /home/airflow/.local/lib/python3.8/site-packages/airflow/example_dags/tutorial.py
[2025-01-20T11:22:29.741+0000] {processor.py:840} INFO - DAG(s) 'tutorial' retrieved from /home/airflow/.local/lib/python3.8/site-packages/airflow/example_dags/tutorial.py
[2025-01-20T11:22:29.813+0000] {logging_mixin.py:188} INFO - [2025-01-20T11:22:29.812+0000] {dag.py:3036} INFO - Sync 1 DAGs
[2025-01-20T11:22:29.884+0000] {logging_mixin.py:188} INFO - [2025-01-20T11:22:29.883+0000] {dag.py:3823} INFO - Setting next_dagrun for tutorial to 2025-01-19 00:00:00+00:00, run_after=2025-01-20 00:00:00+00:00
[2025-01-20T11:22:29.933+0000] {processor.py:183} INFO - Processing /home/airflow/.local/lib/python3.8/site-packages/airflow/example_dags/tutorial.py took 0.231 seconds
[2025-01-20T11:23:00.611+0000] {processor.py:161} INFO - Started process (PID=811) to work on /home/airflow/.local/lib/python3.8/site-packages/airflow/example_dags/tutorial.py
[2025-01-20T11:23:00.613+0000] {processor.py:830} INFO - Processing file /home/airflow/.local/lib/python3.8/site-packages/airflow/example_dags/tutorial.py for tasks to queue
[2025-01-20T11:23:00.616+0000] {logging_mixin.py:188} INFO - [2025-01-20T11:23:00.616+0000] {dagbag.py:538} INFO - Filling up the DagBag from /home/airflow/.local/lib/python3.8/site-packages/airflow/example_dags/tutorial.py
[2025-01-20T11:23:00.626+0000] {processor.py:840} INFO - DAG(s) 'tutorial' retrieved from /home/airflow/.local/lib/python3.8/site-packages/airflow/example_dags/tutorial.py
[2025-01-20T11:23:00.657+0000] {logging_mixin.py:188} INFO - [2025-01-20T11:23:00.657+0000] {dag.py:3036} INFO - Sync 1 DAGs
[2025-01-20T11:23:00.700+0000] {logging_mixin.py:188} INFO - [2025-01-20T11:23:00.699+0000] {dag.py:3823} INFO - Setting next_dagrun for tutorial to 2025-01-19 00:00:00+00:00, run_after=2025-01-20 00:00:00+00:00
[2025-01-20T11:23:00.736+0000] {processor.py:183} INFO - Processing /home/airflow/.local/lib/python3.8/site-packages/airflow/example_dags/tutorial.py took 0.131 seconds
[2025-01-20T11:23:31.008+0000] {processor.py:161} INFO - Started process (PID=866) to work on /home/airflow/.local/lib/python3.8/site-packages/airflow/example_dags/tutorial.py
[2025-01-20T11:23:31.009+0000] {processor.py:830} INFO - Processing file /home/airflow/.local/lib/python3.8/site-packages/airflow/example_dags/tutorial.py for tasks to queue
[2025-01-20T11:23:31.013+0000] {logging_mixin.py:188} INFO - [2025-01-20T11:23:31.012+0000] {dagbag.py:538} INFO - Filling up the DagBag from /home/airflow/.local/lib/python3.8/site-packages/airflow/example_dags/tutorial.py
[2025-01-20T11:23:31.024+0000] {processor.py:840} INFO - DAG(s) 'tutorial' retrieved from /home/airflow/.local/lib/python3.8/site-packages/airflow/example_dags/tutorial.py
[2025-01-20T11:23:31.061+0000] {logging_mixin.py:188} INFO - [2025-01-20T11:23:31.060+0000] {dag.py:3036} INFO - Sync 1 DAGs
[2025-01-20T11:23:31.113+0000] {logging_mixin.py:188} INFO - [2025-01-20T11:23:31.112+0000] {dag.py:3823} INFO - Setting next_dagrun for tutorial to 2025-01-19 00:00:00+00:00, run_after=2025-01-20 00:00:00+00:00
[2025-01-20T11:23:31.148+0000] {processor.py:183} INFO - Processing /home/airflow/.local/lib/python3.8/site-packages/airflow/example_dags/tutorial.py took 0.148 seconds
[2025-01-20T11:24:02.194+0000] {processor.py:161} INFO - Started process (PID=926) to work on /home/airflow/.local/lib/python3.8/site-packages/airflow/example_dags/tutorial.py
[2025-01-20T11:24:02.197+0000] {processor.py:830} INFO - Processing file /home/airflow/.local/lib/python3.8/site-packages/airflow/example_dags/tutorial.py for tasks to queue
[2025-01-20T11:24:02.203+0000] {logging_mixin.py:188} INFO - [2025-01-20T11:24:02.202+0000] {dagbag.py:538} INFO - Filling up the DagBag from /home/airflow/.local/lib/python3.8/site-packages/airflow/example_dags/tutorial.py
[2025-01-20T11:24:02.223+0000] {processor.py:840} INFO - DAG(s) 'tutorial' retrieved from /home/airflow/.local/lib/python3.8/site-packages/airflow/example_dags/tutorial.py
[2025-01-20T11:24:02.288+0000] {logging_mixin.py:188} INFO - [2025-01-20T11:24:02.287+0000] {dag.py:3036} INFO - Sync 1 DAGs
[2025-01-20T11:24:02.382+0000] {logging_mixin.py:188} INFO - [2025-01-20T11:24:02.381+0000] {dag.py:3823} INFO - Setting next_dagrun for tutorial to 2025-01-19 00:00:00+00:00, run_after=2025-01-20 00:00:00+00:00
[2025-01-20T11:24:02.439+0000] {processor.py:183} INFO - Processing /home/airflow/.local/lib/python3.8/site-packages/airflow/example_dags/tutorial.py took 0.256 seconds
[2025-01-20T11:24:32.567+0000] {processor.py:161} INFO - Started process (PID=981) to work on /home/airflow/.local/lib/python3.8/site-packages/airflow/example_dags/tutorial.py
[2025-01-20T11:24:32.569+0000] {processor.py:830} INFO - Processing file /home/airflow/.local/lib/python3.8/site-packages/airflow/example_dags/tutorial.py for tasks to queue
[2025-01-20T11:24:32.574+0000] {logging_mixin.py:188} INFO - [2025-01-20T11:24:32.574+0000] {dagbag.py:538} INFO - Filling up the DagBag from /home/airflow/.local/lib/python3.8/site-packages/airflow/example_dags/tutorial.py
[2025-01-20T11:24:32.587+0000] {processor.py:840} INFO - DAG(s) 'tutorial' retrieved from /home/airflow/.local/lib/python3.8/site-packages/airflow/example_dags/tutorial.py
[2025-01-20T11:24:32.626+0000] {logging_mixin.py:188} INFO - [2025-01-20T11:24:32.626+0000] {dag.py:3036} INFO - Sync 1 DAGs
[2025-01-20T11:24:32.665+0000] {logging_mixin.py:188} INFO - [2025-01-20T11:24:32.665+0000] {dag.py:3823} INFO - Setting next_dagrun for tutorial to 2025-01-19 00:00:00+00:00, run_after=2025-01-20 00:00:00+00:00
[2025-01-20T11:24:32.699+0000] {processor.py:183} INFO - Processing /home/airflow/.local/lib/python3.8/site-packages/airflow/example_dags/tutorial.py took 0.139 seconds
[2025-01-20T11:25:02.924+0000] {processor.py:161} INFO - Started process (PID=1036) to work on /home/airflow/.local/lib/python3.8/site-packages/airflow/example_dags/tutorial.py
[2025-01-20T11:25:02.925+0000] {processor.py:830} INFO - Processing file /home/airflow/.local/lib/python3.8/site-packages/airflow/example_dags/tutorial.py for tasks to queue
[2025-01-20T11:25:02.928+0000] {logging_mixin.py:188} INFO - [2025-01-20T11:25:02.927+0000] {dagbag.py:538} INFO - Filling up the DagBag from /home/airflow/.local/lib/python3.8/site-packages/airflow/example_dags/tutorial.py
[2025-01-20T11:25:02.935+0000] {processor.py:840} INFO - DAG(s) 'tutorial' retrieved from /home/airflow/.local/lib/python3.8/site-packages/airflow/example_dags/tutorial.py
[2025-01-20T11:25:02.964+0000] {logging_mixin.py:188} INFO - [2025-01-20T11:25:02.963+0000] {dag.py:3036} INFO - Sync 1 DAGs
[2025-01-20T11:25:03.000+0000] {logging_mixin.py:188} INFO - [2025-01-20T11:25:02.999+0000] {dag.py:3823} INFO - Setting next_dagrun for tutorial to 2025-01-19 00:00:00+00:00, run_after=2025-01-20 00:00:00+00:00
[2025-01-20T11:25:03.048+0000] {processor.py:183} INFO - Processing /home/airflow/.local/lib/python3.8/site-packages/airflow/example_dags/tutorial.py took 0.128 seconds
[2025-01-20T11:25:33.701+0000] {processor.py:161} INFO - Started process (PID=1091) to work on /home/airflow/.local/lib/python3.8/site-packages/airflow/example_dags/tutorial.py
[2025-01-20T11:25:33.705+0000] {processor.py:830} INFO - Processing file /home/airflow/.local/lib/python3.8/site-packages/airflow/example_dags/tutorial.py for tasks to queue
[2025-01-20T11:25:33.710+0000] {logging_mixin.py:188} INFO - [2025-01-20T11:25:33.709+0000] {dagbag.py:538} INFO - Filling up the DagBag from /home/airflow/.local/lib/python3.8/site-packages/airflow/example_dags/tutorial.py
[2025-01-20T11:25:33.730+0000] {processor.py:840} INFO - DAG(s) 'tutorial' retrieved from /home/airflow/.local/lib/python3.8/site-packages/airflow/example_dags/tutorial.py
[2025-01-20T11:25:33.804+0000] {logging_mixin.py:188} INFO - [2025-01-20T11:25:33.804+0000] {dag.py:3036} INFO - Sync 1 DAGs
[2025-01-20T11:25:33.867+0000] {logging_mixin.py:188} INFO - [2025-01-20T11:25:33.866+0000] {dag.py:3823} INFO - Setting next_dagrun for tutorial to 2025-01-19 00:00:00+00:00, run_after=2025-01-20 00:00:00+00:00
[2025-01-20T11:25:33.922+0000] {processor.py:183} INFO - Processing /home/airflow/.local/lib/python3.8/site-packages/airflow/example_dags/tutorial.py took 0.228 seconds
[2025-01-20T11:26:04.243+0000] {processor.py:161} INFO - Started process (PID=1146) to work on /home/airflow/.local/lib/python3.8/site-packages/airflow/example_dags/tutorial.py
[2025-01-20T11:26:04.244+0000] {processor.py:830} INFO - Processing file /home/airflow/.local/lib/python3.8/site-packages/airflow/example_dags/tutorial.py for tasks to queue
[2025-01-20T11:26:04.247+0000] {logging_mixin.py:188} INFO - [2025-01-20T11:26:04.247+0000] {dagbag.py:538} INFO - Filling up the DagBag from /home/airflow/.local/lib/python3.8/site-packages/airflow/example_dags/tutorial.py
[2025-01-20T11:26:04.257+0000] {processor.py:840} INFO - DAG(s) 'tutorial' retrieved from /home/airflow/.local/lib/python3.8/site-packages/airflow/example_dags/tutorial.py
[2025-01-20T11:26:04.290+0000] {logging_mixin.py:188} INFO - [2025-01-20T11:26:04.290+0000] {dag.py:3036} INFO - Sync 1 DAGs
[2025-01-20T11:26:04.389+0000] {logging_mixin.py:188} INFO - [2025-01-20T11:26:04.389+0000] {dag.py:3823} INFO - Setting next_dagrun for tutorial to 2025-01-19 00:00:00+00:00, run_after=2025-01-20 00:00:00+00:00
[2025-01-20T11:26:04.427+0000] {processor.py:183} INFO - Processing /home/airflow/.local/lib/python3.8/site-packages/airflow/example_dags/tutorial.py took 0.190 seconds
[2025-01-20T11:26:35.463+0000] {processor.py:161} INFO - Started process (PID=1201) to work on /home/airflow/.local/lib/python3.8/site-packages/airflow/example_dags/tutorial.py
[2025-01-20T11:26:35.466+0000] {processor.py:830} INFO - Processing file /home/airflow/.local/lib/python3.8/site-packages/airflow/example_dags/tutorial.py for tasks to queue
[2025-01-20T11:26:35.471+0000] {logging_mixin.py:188} INFO - [2025-01-20T11:26:35.470+0000] {dagbag.py:538} INFO - Filling up the DagBag from /home/airflow/.local/lib/python3.8/site-packages/airflow/example_dags/tutorial.py
[2025-01-20T11:26:35.485+0000] {processor.py:840} INFO - DAG(s) 'tutorial' retrieved from /home/airflow/.local/lib/python3.8/site-packages/airflow/example_dags/tutorial.py
[2025-01-20T11:26:35.525+0000] {logging_mixin.py:188} INFO - [2025-01-20T11:26:35.524+0000] {dag.py:3036} INFO - Sync 1 DAGs
[2025-01-20T11:26:35.570+0000] {logging_mixin.py:188} INFO - [2025-01-20T11:26:35.570+0000] {dag.py:3823} INFO - Setting next_dagrun for tutorial to 2025-01-19 00:00:00+00:00, run_after=2025-01-20 00:00:00+00:00
[2025-01-20T11:26:35.649+0000] {processor.py:183} INFO - Processing /home/airflow/.local/lib/python3.8/site-packages/airflow/example_dags/tutorial.py took 0.195 seconds
[2025-01-20T11:27:06.620+0000] {processor.py:161} INFO - Started process (PID=1256) to work on /home/airflow/.local/lib/python3.8/site-packages/airflow/example_dags/tutorial.py
[2025-01-20T11:27:06.623+0000] {processor.py:830} INFO - Processing file /home/airflow/.local/lib/python3.8/site-packages/airflow/example_dags/tutorial.py for tasks to queue
[2025-01-20T11:27:06.627+0000] {logging_mixin.py:188} INFO - [2025-01-20T11:27:06.627+0000] {dagbag.py:538} INFO - Filling up the DagBag from /home/airflow/.local/lib/python3.8/site-packages/airflow/example_dags/tutorial.py
[2025-01-20T11:27:06.645+0000] {processor.py:840} INFO - DAG(s) 'tutorial' retrieved from /home/airflow/.local/lib/python3.8/site-packages/airflow/example_dags/tutorial.py
[2025-01-20T11:27:06.722+0000] {logging_mixin.py:188} INFO - [2025-01-20T11:27:06.721+0000] {dag.py:3036} INFO - Sync 1 DAGs
[2025-01-20T11:27:06.790+0000] {logging_mixin.py:188} INFO - [2025-01-20T11:27:06.790+0000] {dag.py:3823} INFO - Setting next_dagrun for tutorial to 2025-01-19 00:00:00+00:00, run_after=2025-01-20 00:00:00+00:00
[2025-01-20T11:27:06.854+0000] {processor.py:183} INFO - Processing /home/airflow/.local/lib/python3.8/site-packages/airflow/example_dags/tutorial.py took 0.244 seconds
[2025-01-20T11:27:37.032+0000] {processor.py:161} INFO - Started process (PID=1311) to work on /home/airflow/.local/lib/python3.8/site-packages/airflow/example_dags/tutorial.py
[2025-01-20T11:27:37.034+0000] {processor.py:830} INFO - Processing file /home/airflow/.local/lib/python3.8/site-packages/airflow/example_dags/tutorial.py for tasks to queue
[2025-01-20T11:27:37.037+0000] {logging_mixin.py:188} INFO - [2025-01-20T11:27:37.037+0000] {dagbag.py:538} INFO - Filling up the DagBag from /home/airflow/.local/lib/python3.8/site-packages/airflow/example_dags/tutorial.py
[2025-01-20T11:27:37.052+0000] {processor.py:840} INFO - DAG(s) 'tutorial' retrieved from /home/airflow/.local/lib/python3.8/site-packages/airflow/example_dags/tutorial.py
[2025-01-20T11:27:37.088+0000] {logging_mixin.py:188} INFO - [2025-01-20T11:27:37.088+0000] {dag.py:3036} INFO - Sync 1 DAGs
[2025-01-20T11:27:37.130+0000] {logging_mixin.py:188} INFO - [2025-01-20T11:27:37.129+0000] {dag.py:3823} INFO - Setting next_dagrun for tutorial to 2025-01-19 00:00:00+00:00, run_after=2025-01-20 00:00:00+00:00
[2025-01-20T11:27:37.166+0000] {processor.py:183} INFO - Processing /home/airflow/.local/lib/python3.8/site-packages/airflow/example_dags/tutorial.py took 0.141 seconds
[2025-01-20T11:28:07.364+0000] {processor.py:161} INFO - Started process (PID=1366) to work on /home/airflow/.local/lib/python3.8/site-packages/airflow/example_dags/tutorial.py
[2025-01-20T11:28:07.365+0000] {processor.py:830} INFO - Processing file /home/airflow/.local/lib/python3.8/site-packages/airflow/example_dags/tutorial.py for tasks to queue
[2025-01-20T11:28:07.369+0000] {logging_mixin.py:188} INFO - [2025-01-20T11:28:07.368+0000] {dagbag.py:538} INFO - Filling up the DagBag from /home/airflow/.local/lib/python3.8/site-packages/airflow/example_dags/tutorial.py
[2025-01-20T11:28:07.380+0000] {processor.py:840} INFO - DAG(s) 'tutorial' retrieved from /home/airflow/.local/lib/python3.8/site-packages/airflow/example_dags/tutorial.py
[2025-01-20T11:28:07.416+0000] {logging_mixin.py:188} INFO - [2025-01-20T11:28:07.415+0000] {dag.py:3036} INFO - Sync 1 DAGs
[2025-01-20T11:28:07.452+0000] {logging_mixin.py:188} INFO - [2025-01-20T11:28:07.452+0000] {dag.py:3823} INFO - Setting next_dagrun for tutorial to 2025-01-19 00:00:00+00:00, run_after=2025-01-20 00:00:00+00:00
[2025-01-20T11:28:07.485+0000] {processor.py:183} INFO - Processing /home/airflow/.local/lib/python3.8/site-packages/airflow/example_dags/tutorial.py took 0.127 seconds
[2025-01-20T11:28:37.718+0000] {processor.py:161} INFO - Started process (PID=1421) to work on /home/airflow/.local/lib/python3.8/site-packages/airflow/example_dags/tutorial.py
[2025-01-20T11:28:37.720+0000] {processor.py:830} INFO - Processing file /home/airflow/.local/lib/python3.8/site-packages/airflow/example_dags/tutorial.py for tasks to queue
[2025-01-20T11:28:37.723+0000] {logging_mixin.py:188} INFO - [2025-01-20T11:28:37.723+0000] {dagbag.py:538} INFO - Filling up the DagBag from /home/airflow/.local/lib/python3.8/site-packages/airflow/example_dags/tutorial.py
[2025-01-20T11:28:37.733+0000] {processor.py:840} INFO - DAG(s) 'tutorial' retrieved from /home/airflow/.local/lib/python3.8/site-packages/airflow/example_dags/tutorial.py
[2025-01-20T11:28:37.768+0000] {logging_mixin.py:188} INFO - [2025-01-20T11:28:37.768+0000] {dag.py:3036} INFO - Sync 1 DAGs
[2025-01-20T11:28:37.811+0000] {logging_mixin.py:188} INFO - [2025-01-20T11:28:37.811+0000] {dag.py:3823} INFO - Setting next_dagrun for tutorial to 2025-01-19 00:00:00+00:00, run_after=2025-01-20 00:00:00+00:00
[2025-01-20T11:28:37.843+0000] {processor.py:183} INFO - Processing /home/airflow/.local/lib/python3.8/site-packages/airflow/example_dags/tutorial.py took 0.130 seconds
[2025-01-20T11:29:08.569+0000] {processor.py:161} INFO - Started process (PID=1476) to work on /home/airflow/.local/lib/python3.8/site-packages/airflow/example_dags/tutorial.py
[2025-01-20T11:29:08.571+0000] {processor.py:830} INFO - Processing file /home/airflow/.local/lib/python3.8/site-packages/airflow/example_dags/tutorial.py for tasks to queue
[2025-01-20T11:29:08.575+0000] {logging_mixin.py:188} INFO - [2025-01-20T11:29:08.574+0000] {dagbag.py:538} INFO - Filling up the DagBag from /home/airflow/.local/lib/python3.8/site-packages/airflow/example_dags/tutorial.py
[2025-01-20T11:29:08.590+0000] {processor.py:840} INFO - DAG(s) 'tutorial' retrieved from /home/airflow/.local/lib/python3.8/site-packages/airflow/example_dags/tutorial.py
[2025-01-20T11:29:08.624+0000] {logging_mixin.py:188} INFO - [2025-01-20T11:29:08.624+0000] {dag.py:3036} INFO - Sync 1 DAGs
[2025-01-20T11:29:08.664+0000] {logging_mixin.py:188} INFO - [2025-01-20T11:29:08.664+0000] {dag.py:3823} INFO - Setting next_dagrun for tutorial to 2025-01-19 00:00:00+00:00, run_after=2025-01-20 00:00:00+00:00
[2025-01-20T11:29:08.697+0000] {processor.py:183} INFO - Processing /home/airflow/.local/lib/python3.8/site-packages/airflow/example_dags/tutorial.py took 0.135 seconds
[2025-01-20T11:29:39.367+0000] {processor.py:161} INFO - Started process (PID=1532) to work on /home/airflow/.local/lib/python3.8/site-packages/airflow/example_dags/tutorial.py
[2025-01-20T11:29:39.368+0000] {processor.py:830} INFO - Processing file /home/airflow/.local/lib/python3.8/site-packages/airflow/example_dags/tutorial.py for tasks to queue
[2025-01-20T11:29:39.372+0000] {logging_mixin.py:188} INFO - [2025-01-20T11:29:39.371+0000] {dagbag.py:538} INFO - Filling up the DagBag from /home/airflow/.local/lib/python3.8/site-packages/airflow/example_dags/tutorial.py
[2025-01-20T11:29:39.381+0000] {processor.py:840} INFO - DAG(s) 'tutorial' retrieved from /home/airflow/.local/lib/python3.8/site-packages/airflow/example_dags/tutorial.py
[2025-01-20T11:29:39.413+0000] {logging_mixin.py:188} INFO - [2025-01-20T11:29:39.413+0000] {dag.py:3036} INFO - Sync 1 DAGs
[2025-01-20T11:29:39.449+0000] {logging_mixin.py:188} INFO - [2025-01-20T11:29:39.449+0000] {dag.py:3823} INFO - Setting next_dagrun for tutorial to 2025-01-19 00:00:00+00:00, run_after=2025-01-20 00:00:00+00:00
[2025-01-20T11:29:39.479+0000] {processor.py:183} INFO - Processing /home/airflow/.local/lib/python3.8/site-packages/airflow/example_dags/tutorial.py took 0.118 seconds
[2025-01-20T11:30:10.655+0000] {processor.py:161} INFO - Started process (PID=1586) to work on /home/airflow/.local/lib/python3.8/site-packages/airflow/example_dags/tutorial.py
[2025-01-20T11:30:10.657+0000] {processor.py:830} INFO - Processing file /home/airflow/.local/lib/python3.8/site-packages/airflow/example_dags/tutorial.py for tasks to queue
[2025-01-20T11:30:10.661+0000] {logging_mixin.py:188} INFO - [2025-01-20T11:30:10.660+0000] {dagbag.py:538} INFO - Filling up the DagBag from /home/airflow/.local/lib/python3.8/site-packages/airflow/example_dags/tutorial.py
[2025-01-20T11:30:10.673+0000] {processor.py:840} INFO - DAG(s) 'tutorial' retrieved from /home/airflow/.local/lib/python3.8/site-packages/airflow/example_dags/tutorial.py
[2025-01-20T11:30:10.713+0000] {logging_mixin.py:188} INFO - [2025-01-20T11:30:10.713+0000] {dag.py:3036} INFO - Sync 1 DAGs
[2025-01-20T11:30:10.809+0000] {logging_mixin.py:188} INFO - [2025-01-20T11:30:10.809+0000] {dag.py:3823} INFO - Setting next_dagrun for tutorial to 2025-01-19 00:00:00+00:00, run_after=2025-01-20 00:00:00+00:00
[2025-01-20T11:30:10.866+0000] {processor.py:183} INFO - Processing /home/airflow/.local/lib/python3.8/site-packages/airflow/example_dags/tutorial.py took 0.217 seconds
