[2025-01-20T11:16:20.529+0000] {processor.py:161} INFO - Started process (PID=86) to work on /home/airflow/.local/lib/python3.8/site-packages/airflow/example_dags/tutorial_objectstorage.py
[2025-01-20T11:16:20.531+0000] {processor.py:830} INFO - Processing file /home/airflow/.local/lib/python3.8/site-packages/airflow/example_dags/tutorial_objectstorage.py for tasks to queue
[2025-01-20T11:16:20.534+0000] {logging_mixin.py:188} INFO - [2025-01-20T11:16:20.534+0000] {dagbag.py:538} INFO - Filling up the DagBag from /home/airflow/.local/lib/python3.8/site-packages/airflow/example_dags/tutorial_objectstorage.py
[2025-01-20T11:16:20.561+0000] {processor.py:840} INFO - DAG(s) 'tutorial_objectstorage' retrieved from /home/airflow/.local/lib/python3.8/site-packages/airflow/example_dags/tutorial_objectstorage.py
[2025-01-20T11:16:20.713+0000] {logging_mixin.py:188} INFO - [2025-01-20T11:16:20.712+0000] {dag.py:3036} INFO - Sync 1 DAGs
[2025-01-20T11:16:20.728+0000] {logging_mixin.py:188} INFO - [2025-01-20T11:16:20.728+0000] {dag.py:3823} INFO - Setting next_dagrun for tutorial_objectstorage to None, run_after=None
[2025-01-20T11:16:20.868+0000] {processor.py:183} INFO - Processing /home/airflow/.local/lib/python3.8/site-packages/airflow/example_dags/tutorial_objectstorage.py took 0.344 seconds
[2025-01-20T11:16:51.363+0000] {processor.py:161} INFO - Started process (PID=141) to work on /home/airflow/.local/lib/python3.8/site-packages/airflow/example_dags/tutorial_objectstorage.py
[2025-01-20T11:16:51.366+0000] {processor.py:830} INFO - Processing file /home/airflow/.local/lib/python3.8/site-packages/airflow/example_dags/tutorial_objectstorage.py for tasks to queue
[2025-01-20T11:16:51.371+0000] {logging_mixin.py:188} INFO - [2025-01-20T11:16:51.370+0000] {dagbag.py:538} INFO - Filling up the DagBag from /home/airflow/.local/lib/python3.8/site-packages/airflow/example_dags/tutorial_objectstorage.py
[2025-01-20T11:16:51.391+0000] {processor.py:840} INFO - DAG(s) 'tutorial_objectstorage' retrieved from /home/airflow/.local/lib/python3.8/site-packages/airflow/example_dags/tutorial_objectstorage.py
[2025-01-20T11:16:51.441+0000] {logging_mixin.py:188} INFO - [2025-01-20T11:16:51.440+0000] {dag.py:3036} INFO - Sync 1 DAGs
[2025-01-20T11:16:51.474+0000] {logging_mixin.py:188} INFO - [2025-01-20T11:16:51.473+0000] {dag.py:3823} INFO - Setting next_dagrun for tutorial_objectstorage to None, run_after=None
[2025-01-20T11:16:51.531+0000] {processor.py:183} INFO - Processing /home/airflow/.local/lib/python3.8/site-packages/airflow/example_dags/tutorial_objectstorage.py took 0.177 seconds
[2025-01-20T11:17:22.054+0000] {processor.py:161} INFO - Started process (PID=196) to work on /home/airflow/.local/lib/python3.8/site-packages/airflow/example_dags/tutorial_objectstorage.py
[2025-01-20T11:17:22.056+0000] {processor.py:830} INFO - Processing file /home/airflow/.local/lib/python3.8/site-packages/airflow/example_dags/tutorial_objectstorage.py for tasks to queue
[2025-01-20T11:17:22.059+0000] {logging_mixin.py:188} INFO - [2025-01-20T11:17:22.059+0000] {dagbag.py:538} INFO - Filling up the DagBag from /home/airflow/.local/lib/python3.8/site-packages/airflow/example_dags/tutorial_objectstorage.py
[2025-01-20T11:17:22.071+0000] {processor.py:840} INFO - DAG(s) 'tutorial_objectstorage' retrieved from /home/airflow/.local/lib/python3.8/site-packages/airflow/example_dags/tutorial_objectstorage.py
[2025-01-20T11:17:22.104+0000] {logging_mixin.py:188} INFO - [2025-01-20T11:17:22.103+0000] {dag.py:3036} INFO - Sync 1 DAGs
[2025-01-20T11:17:22.124+0000] {logging_mixin.py:188} INFO - [2025-01-20T11:17:22.123+0000] {dag.py:3823} INFO - Setting next_dagrun for tutorial_objectstorage to None, run_after=None
[2025-01-20T11:17:22.185+0000] {processor.py:183} INFO - Processing /home/airflow/.local/lib/python3.8/site-packages/airflow/example_dags/tutorial_objectstorage.py took 0.137 seconds
[2025-01-20T11:17:52.374+0000] {processor.py:161} INFO - Started process (PID=250) to work on /home/airflow/.local/lib/python3.8/site-packages/airflow/example_dags/tutorial_objectstorage.py
[2025-01-20T11:17:52.377+0000] {processor.py:830} INFO - Processing file /home/airflow/.local/lib/python3.8/site-packages/airflow/example_dags/tutorial_objectstorage.py for tasks to queue
[2025-01-20T11:17:52.383+0000] {logging_mixin.py:188} INFO - [2025-01-20T11:17:52.382+0000] {dagbag.py:538} INFO - Filling up the DagBag from /home/airflow/.local/lib/python3.8/site-packages/airflow/example_dags/tutorial_objectstorage.py
[2025-01-20T11:17:52.409+0000] {processor.py:840} INFO - DAG(s) 'tutorial_objectstorage' retrieved from /home/airflow/.local/lib/python3.8/site-packages/airflow/example_dags/tutorial_objectstorage.py
[2025-01-20T11:17:52.500+0000] {logging_mixin.py:188} INFO - [2025-01-20T11:17:52.499+0000] {dag.py:3036} INFO - Sync 1 DAGs
[2025-01-20T11:17:52.553+0000] {logging_mixin.py:188} INFO - [2025-01-20T11:17:52.552+0000] {dag.py:3823} INFO - Setting next_dagrun for tutorial_objectstorage to None, run_after=None
[2025-01-20T11:17:52.617+0000] {processor.py:183} INFO - Processing /home/airflow/.local/lib/python3.8/site-packages/airflow/example_dags/tutorial_objectstorage.py took 0.260 seconds
[2025-01-20T11:18:23.508+0000] {processor.py:161} INFO - Started process (PID=306) to work on /home/airflow/.local/lib/python3.8/site-packages/airflow/example_dags/tutorial_objectstorage.py
[2025-01-20T11:18:23.509+0000] {processor.py:830} INFO - Processing file /home/airflow/.local/lib/python3.8/site-packages/airflow/example_dags/tutorial_objectstorage.py for tasks to queue
[2025-01-20T11:18:23.512+0000] {logging_mixin.py:188} INFO - [2025-01-20T11:18:23.511+0000] {dagbag.py:538} INFO - Filling up the DagBag from /home/airflow/.local/lib/python3.8/site-packages/airflow/example_dags/tutorial_objectstorage.py
[2025-01-20T11:18:23.521+0000] {processor.py:840} INFO - DAG(s) 'tutorial_objectstorage' retrieved from /home/airflow/.local/lib/python3.8/site-packages/airflow/example_dags/tutorial_objectstorage.py
[2025-01-20T11:18:23.551+0000] {logging_mixin.py:188} INFO - [2025-01-20T11:18:23.550+0000] {dag.py:3036} INFO - Sync 1 DAGs
[2025-01-20T11:18:23.571+0000] {logging_mixin.py:188} INFO - [2025-01-20T11:18:23.570+0000] {dag.py:3823} INFO - Setting next_dagrun for tutorial_objectstorage to None, run_after=None
[2025-01-20T11:18:23.606+0000] {processor.py:183} INFO - Processing /home/airflow/.local/lib/python3.8/site-packages/airflow/example_dags/tutorial_objectstorage.py took 0.103 seconds
[2025-01-20T11:18:54.018+0000] {processor.py:161} INFO - Started process (PID=361) to work on /home/airflow/.local/lib/python3.8/site-packages/airflow/example_dags/tutorial_objectstorage.py
[2025-01-20T11:18:54.020+0000] {processor.py:830} INFO - Processing file /home/airflow/.local/lib/python3.8/site-packages/airflow/example_dags/tutorial_objectstorage.py for tasks to queue
[2025-01-20T11:18:54.024+0000] {logging_mixin.py:188} INFO - [2025-01-20T11:18:54.023+0000] {dagbag.py:538} INFO - Filling up the DagBag from /home/airflow/.local/lib/python3.8/site-packages/airflow/example_dags/tutorial_objectstorage.py
[2025-01-20T11:18:54.037+0000] {processor.py:840} INFO - DAG(s) 'tutorial_objectstorage' retrieved from /home/airflow/.local/lib/python3.8/site-packages/airflow/example_dags/tutorial_objectstorage.py
[2025-01-20T11:18:54.078+0000] {logging_mixin.py:188} INFO - [2025-01-20T11:18:54.078+0000] {dag.py:3036} INFO - Sync 1 DAGs
[2025-01-20T11:18:54.099+0000] {logging_mixin.py:188} INFO - [2025-01-20T11:18:54.099+0000] {dag.py:3823} INFO - Setting next_dagrun for tutorial_objectstorage to None, run_after=None
[2025-01-20T11:18:54.141+0000] {processor.py:183} INFO - Processing /home/airflow/.local/lib/python3.8/site-packages/airflow/example_dags/tutorial_objectstorage.py took 0.130 seconds
[2025-01-20T11:19:24.496+0000] {processor.py:161} INFO - Started process (PID=416) to work on /home/airflow/.local/lib/python3.8/site-packages/airflow/example_dags/tutorial_objectstorage.py
[2025-01-20T11:19:24.498+0000] {processor.py:830} INFO - Processing file /home/airflow/.local/lib/python3.8/site-packages/airflow/example_dags/tutorial_objectstorage.py for tasks to queue
[2025-01-20T11:19:24.506+0000] {logging_mixin.py:188} INFO - [2025-01-20T11:19:24.505+0000] {dagbag.py:538} INFO - Filling up the DagBag from /home/airflow/.local/lib/python3.8/site-packages/airflow/example_dags/tutorial_objectstorage.py
[2025-01-20T11:19:24.549+0000] {processor.py:840} INFO - DAG(s) 'tutorial_objectstorage' retrieved from /home/airflow/.local/lib/python3.8/site-packages/airflow/example_dags/tutorial_objectstorage.py
[2025-01-20T11:19:24.638+0000] {logging_mixin.py:188} INFO - [2025-01-20T11:19:24.637+0000] {dag.py:3036} INFO - Sync 1 DAGs
[2025-01-20T11:19:24.665+0000] {logging_mixin.py:188} INFO - [2025-01-20T11:19:24.664+0000] {dag.py:3823} INFO - Setting next_dagrun for tutorial_objectstorage to None, run_after=None
[2025-01-20T11:19:24.702+0000] {processor.py:183} INFO - Processing /home/airflow/.local/lib/python3.8/site-packages/airflow/example_dags/tutorial_objectstorage.py took 0.214 seconds
[2025-01-20T11:19:55.552+0000] {processor.py:161} INFO - Started process (PID=471) to work on /home/airflow/.local/lib/python3.8/site-packages/airflow/example_dags/tutorial_objectstorage.py
[2025-01-20T11:19:55.554+0000] {processor.py:830} INFO - Processing file /home/airflow/.local/lib/python3.8/site-packages/airflow/example_dags/tutorial_objectstorage.py for tasks to queue
[2025-01-20T11:19:55.558+0000] {logging_mixin.py:188} INFO - [2025-01-20T11:19:55.557+0000] {dagbag.py:538} INFO - Filling up the DagBag from /home/airflow/.local/lib/python3.8/site-packages/airflow/example_dags/tutorial_objectstorage.py
[2025-01-20T11:19:55.569+0000] {processor.py:840} INFO - DAG(s) 'tutorial_objectstorage' retrieved from /home/airflow/.local/lib/python3.8/site-packages/airflow/example_dags/tutorial_objectstorage.py
[2025-01-20T11:19:55.609+0000] {logging_mixin.py:188} INFO - [2025-01-20T11:19:55.608+0000] {dag.py:3036} INFO - Sync 1 DAGs
[2025-01-20T11:19:55.633+0000] {logging_mixin.py:188} INFO - [2025-01-20T11:19:55.633+0000] {dag.py:3823} INFO - Setting next_dagrun for tutorial_objectstorage to None, run_after=None
[2025-01-20T11:19:55.711+0000] {processor.py:183} INFO - Processing /home/airflow/.local/lib/python3.8/site-packages/airflow/example_dags/tutorial_objectstorage.py took 0.166 seconds
[2025-01-20T11:20:25.847+0000] {processor.py:161} INFO - Started process (PID=526) to work on /home/airflow/.local/lib/python3.8/site-packages/airflow/example_dags/tutorial_objectstorage.py
[2025-01-20T11:20:25.849+0000] {processor.py:830} INFO - Processing file /home/airflow/.local/lib/python3.8/site-packages/airflow/example_dags/tutorial_objectstorage.py for tasks to queue
[2025-01-20T11:20:25.852+0000] {logging_mixin.py:188} INFO - [2025-01-20T11:20:25.851+0000] {dagbag.py:538} INFO - Filling up the DagBag from /home/airflow/.local/lib/python3.8/site-packages/airflow/example_dags/tutorial_objectstorage.py
[2025-01-20T11:20:25.863+0000] {processor.py:840} INFO - DAG(s) 'tutorial_objectstorage' retrieved from /home/airflow/.local/lib/python3.8/site-packages/airflow/example_dags/tutorial_objectstorage.py
[2025-01-20T11:20:25.897+0000] {logging_mixin.py:188} INFO - [2025-01-20T11:20:25.896+0000] {dag.py:3036} INFO - Sync 1 DAGs
[2025-01-20T11:20:25.919+0000] {logging_mixin.py:188} INFO - [2025-01-20T11:20:25.918+0000] {dag.py:3823} INFO - Setting next_dagrun for tutorial_objectstorage to None, run_after=None
[2025-01-20T11:20:25.975+0000] {processor.py:183} INFO - Processing /home/airflow/.local/lib/python3.8/site-packages/airflow/example_dags/tutorial_objectstorage.py took 0.133 seconds
[2025-01-20T11:20:56.411+0000] {processor.py:161} INFO - Started process (PID=581) to work on /home/airflow/.local/lib/python3.8/site-packages/airflow/example_dags/tutorial_objectstorage.py
[2025-01-20T11:20:56.413+0000] {processor.py:830} INFO - Processing file /home/airflow/.local/lib/python3.8/site-packages/airflow/example_dags/tutorial_objectstorage.py for tasks to queue
[2025-01-20T11:20:56.416+0000] {logging_mixin.py:188} INFO - [2025-01-20T11:20:56.416+0000] {dagbag.py:538} INFO - Filling up the DagBag from /home/airflow/.local/lib/python3.8/site-packages/airflow/example_dags/tutorial_objectstorage.py
[2025-01-20T11:20:56.427+0000] {processor.py:840} INFO - DAG(s) 'tutorial_objectstorage' retrieved from /home/airflow/.local/lib/python3.8/site-packages/airflow/example_dags/tutorial_objectstorage.py
[2025-01-20T11:20:56.457+0000] {logging_mixin.py:188} INFO - [2025-01-20T11:20:56.457+0000] {dag.py:3036} INFO - Sync 1 DAGs
[2025-01-20T11:20:56.478+0000] {logging_mixin.py:188} INFO - [2025-01-20T11:20:56.477+0000] {dag.py:3823} INFO - Setting next_dagrun for tutorial_objectstorage to None, run_after=None
[2025-01-20T11:20:56.512+0000] {processor.py:183} INFO - Processing /home/airflow/.local/lib/python3.8/site-packages/airflow/example_dags/tutorial_objectstorage.py took 0.105 seconds
[2025-01-20T11:21:26.833+0000] {processor.py:161} INFO - Started process (PID=636) to work on /home/airflow/.local/lib/python3.8/site-packages/airflow/example_dags/tutorial_objectstorage.py
[2025-01-20T11:21:26.835+0000] {processor.py:830} INFO - Processing file /home/airflow/.local/lib/python3.8/site-packages/airflow/example_dags/tutorial_objectstorage.py for tasks to queue
[2025-01-20T11:21:26.838+0000] {logging_mixin.py:188} INFO - [2025-01-20T11:21:26.837+0000] {dagbag.py:538} INFO - Filling up the DagBag from /home/airflow/.local/lib/python3.8/site-packages/airflow/example_dags/tutorial_objectstorage.py
[2025-01-20T11:21:26.851+0000] {processor.py:840} INFO - DAG(s) 'tutorial_objectstorage' retrieved from /home/airflow/.local/lib/python3.8/site-packages/airflow/example_dags/tutorial_objectstorage.py
[2025-01-20T11:21:26.886+0000] {logging_mixin.py:188} INFO - [2025-01-20T11:21:26.886+0000] {dag.py:3036} INFO - Sync 1 DAGs
[2025-01-20T11:21:26.909+0000] {logging_mixin.py:188} INFO - [2025-01-20T11:21:26.909+0000] {dag.py:3823} INFO - Setting next_dagrun for tutorial_objectstorage to None, run_after=None
[2025-01-20T11:21:26.951+0000] {processor.py:183} INFO - Processing /home/airflow/.local/lib/python3.8/site-packages/airflow/example_dags/tutorial_objectstorage.py took 0.123 seconds
[2025-01-20T11:21:57.194+0000] {processor.py:161} INFO - Started process (PID=691) to work on /home/airflow/.local/lib/python3.8/site-packages/airflow/example_dags/tutorial_objectstorage.py
[2025-01-20T11:21:57.195+0000] {processor.py:830} INFO - Processing file /home/airflow/.local/lib/python3.8/site-packages/airflow/example_dags/tutorial_objectstorage.py for tasks to queue
[2025-01-20T11:21:57.198+0000] {logging_mixin.py:188} INFO - [2025-01-20T11:21:57.198+0000] {dagbag.py:538} INFO - Filling up the DagBag from /home/airflow/.local/lib/python3.8/site-packages/airflow/example_dags/tutorial_objectstorage.py
[2025-01-20T11:21:57.207+0000] {processor.py:840} INFO - DAG(s) 'tutorial_objectstorage' retrieved from /home/airflow/.local/lib/python3.8/site-packages/airflow/example_dags/tutorial_objectstorage.py
[2025-01-20T11:21:57.238+0000] {logging_mixin.py:188} INFO - [2025-01-20T11:21:57.237+0000] {dag.py:3036} INFO - Sync 1 DAGs
[2025-01-20T11:21:57.259+0000] {logging_mixin.py:188} INFO - [2025-01-20T11:21:57.259+0000] {dag.py:3823} INFO - Setting next_dagrun for tutorial_objectstorage to None, run_after=None
[2025-01-20T11:21:57.296+0000] {processor.py:183} INFO - Processing /home/airflow/.local/lib/python3.8/site-packages/airflow/example_dags/tutorial_objectstorage.py took 0.107 seconds
[2025-01-20T11:22:27.873+0000] {processor.py:161} INFO - Started process (PID=746) to work on /home/airflow/.local/lib/python3.8/site-packages/airflow/example_dags/tutorial_objectstorage.py
[2025-01-20T11:22:27.881+0000] {processor.py:830} INFO - Processing file /home/airflow/.local/lib/python3.8/site-packages/airflow/example_dags/tutorial_objectstorage.py for tasks to queue
[2025-01-20T11:22:27.887+0000] {logging_mixin.py:188} INFO - [2025-01-20T11:22:27.886+0000] {dagbag.py:538} INFO - Filling up the DagBag from /home/airflow/.local/lib/python3.8/site-packages/airflow/example_dags/tutorial_objectstorage.py
[2025-01-20T11:22:27.924+0000] {processor.py:840} INFO - DAG(s) 'tutorial_objectstorage' retrieved from /home/airflow/.local/lib/python3.8/site-packages/airflow/example_dags/tutorial_objectstorage.py
[2025-01-20T11:22:28.020+0000] {logging_mixin.py:188} INFO - [2025-01-20T11:22:28.019+0000] {dag.py:3036} INFO - Sync 1 DAGs
[2025-01-20T11:22:28.094+0000] {logging_mixin.py:188} INFO - [2025-01-20T11:22:28.094+0000] {dag.py:3823} INFO - Setting next_dagrun for tutorial_objectstorage to None, run_after=None
[2025-01-20T11:22:28.217+0000] {processor.py:183} INFO - Processing /home/airflow/.local/lib/python3.8/site-packages/airflow/example_dags/tutorial_objectstorage.py took 0.357 seconds
[2025-01-20T11:22:58.349+0000] {processor.py:161} INFO - Started process (PID=801) to work on /home/airflow/.local/lib/python3.8/site-packages/airflow/example_dags/tutorial_objectstorage.py
[2025-01-20T11:22:58.351+0000] {processor.py:830} INFO - Processing file /home/airflow/.local/lib/python3.8/site-packages/airflow/example_dags/tutorial_objectstorage.py for tasks to queue
[2025-01-20T11:22:58.357+0000] {logging_mixin.py:188} INFO - [2025-01-20T11:22:58.356+0000] {dagbag.py:538} INFO - Filling up the DagBag from /home/airflow/.local/lib/python3.8/site-packages/airflow/example_dags/tutorial_objectstorage.py
[2025-01-20T11:22:58.375+0000] {processor.py:840} INFO - DAG(s) 'tutorial_objectstorage' retrieved from /home/airflow/.local/lib/python3.8/site-packages/airflow/example_dags/tutorial_objectstorage.py
[2025-01-20T11:22:58.437+0000] {logging_mixin.py:188} INFO - [2025-01-20T11:22:58.436+0000] {dag.py:3036} INFO - Sync 1 DAGs
[2025-01-20T11:22:58.476+0000] {logging_mixin.py:188} INFO - [2025-01-20T11:22:58.475+0000] {dag.py:3823} INFO - Setting next_dagrun for tutorial_objectstorage to None, run_after=None
[2025-01-20T11:22:58.541+0000] {processor.py:183} INFO - Processing /home/airflow/.local/lib/python3.8/site-packages/airflow/example_dags/tutorial_objectstorage.py took 0.202 seconds
[2025-01-20T11:23:29.006+0000] {processor.py:161} INFO - Started process (PID=857) to work on /home/airflow/.local/lib/python3.8/site-packages/airflow/example_dags/tutorial_objectstorage.py
[2025-01-20T11:23:29.008+0000] {processor.py:830} INFO - Processing file /home/airflow/.local/lib/python3.8/site-packages/airflow/example_dags/tutorial_objectstorage.py for tasks to queue
[2025-01-20T11:23:29.011+0000] {logging_mixin.py:188} INFO - [2025-01-20T11:23:29.010+0000] {dagbag.py:538} INFO - Filling up the DagBag from /home/airflow/.local/lib/python3.8/site-packages/airflow/example_dags/tutorial_objectstorage.py
[2025-01-20T11:23:29.026+0000] {processor.py:840} INFO - DAG(s) 'tutorial_objectstorage' retrieved from /home/airflow/.local/lib/python3.8/site-packages/airflow/example_dags/tutorial_objectstorage.py
[2025-01-20T11:23:29.065+0000] {logging_mixin.py:188} INFO - [2025-01-20T11:23:29.064+0000] {dag.py:3036} INFO - Sync 1 DAGs
[2025-01-20T11:23:29.090+0000] {logging_mixin.py:188} INFO - [2025-01-20T11:23:29.089+0000] {dag.py:3823} INFO - Setting next_dagrun for tutorial_objectstorage to None, run_after=None
[2025-01-20T11:23:29.130+0000] {processor.py:183} INFO - Processing /home/airflow/.local/lib/python3.8/site-packages/airflow/example_dags/tutorial_objectstorage.py took 0.130 seconds
[2025-01-20T11:23:59.694+0000] {processor.py:161} INFO - Started process (PID=912) to work on /home/airflow/.local/lib/python3.8/site-packages/airflow/example_dags/tutorial_objectstorage.py
[2025-01-20T11:23:59.696+0000] {processor.py:830} INFO - Processing file /home/airflow/.local/lib/python3.8/site-packages/airflow/example_dags/tutorial_objectstorage.py for tasks to queue
[2025-01-20T11:23:59.701+0000] {logging_mixin.py:188} INFO - [2025-01-20T11:23:59.700+0000] {dagbag.py:538} INFO - Filling up the DagBag from /home/airflow/.local/lib/python3.8/site-packages/airflow/example_dags/tutorial_objectstorage.py
[2025-01-20T11:23:59.718+0000] {processor.py:840} INFO - DAG(s) 'tutorial_objectstorage' retrieved from /home/airflow/.local/lib/python3.8/site-packages/airflow/example_dags/tutorial_objectstorage.py
[2025-01-20T11:23:59.778+0000] {logging_mixin.py:188} INFO - [2025-01-20T11:23:59.777+0000] {dag.py:3036} INFO - Sync 1 DAGs
[2025-01-20T11:23:59.806+0000] {logging_mixin.py:188} INFO - [2025-01-20T11:23:59.806+0000] {dag.py:3823} INFO - Setting next_dagrun for tutorial_objectstorage to None, run_after=None
[2025-01-20T11:23:59.843+0000] {processor.py:183} INFO - Processing /home/airflow/.local/lib/python3.8/site-packages/airflow/example_dags/tutorial_objectstorage.py took 0.155 seconds
[2025-01-20T11:24:30.416+0000] {processor.py:161} INFO - Started process (PID=966) to work on /home/airflow/.local/lib/python3.8/site-packages/airflow/example_dags/tutorial_objectstorage.py
[2025-01-20T11:24:30.417+0000] {processor.py:830} INFO - Processing file /home/airflow/.local/lib/python3.8/site-packages/airflow/example_dags/tutorial_objectstorage.py for tasks to queue
[2025-01-20T11:24:30.420+0000] {logging_mixin.py:188} INFO - [2025-01-20T11:24:30.419+0000] {dagbag.py:538} INFO - Filling up the DagBag from /home/airflow/.local/lib/python3.8/site-packages/airflow/example_dags/tutorial_objectstorage.py
[2025-01-20T11:24:30.429+0000] {processor.py:840} INFO - DAG(s) 'tutorial_objectstorage' retrieved from /home/airflow/.local/lib/python3.8/site-packages/airflow/example_dags/tutorial_objectstorage.py
[2025-01-20T11:24:30.467+0000] {logging_mixin.py:188} INFO - [2025-01-20T11:24:30.467+0000] {dag.py:3036} INFO - Sync 1 DAGs
[2025-01-20T11:24:30.494+0000] {logging_mixin.py:188} INFO - [2025-01-20T11:24:30.494+0000] {dag.py:3823} INFO - Setting next_dagrun for tutorial_objectstorage to None, run_after=None
[2025-01-20T11:24:30.533+0000] {processor.py:183} INFO - Processing /home/airflow/.local/lib/python3.8/site-packages/airflow/example_dags/tutorial_objectstorage.py took 0.122 seconds
[2025-01-20T11:25:01.595+0000] {processor.py:161} INFO - Started process (PID=1021) to work on /home/airflow/.local/lib/python3.8/site-packages/airflow/example_dags/tutorial_objectstorage.py
[2025-01-20T11:25:01.597+0000] {processor.py:830} INFO - Processing file /home/airflow/.local/lib/python3.8/site-packages/airflow/example_dags/tutorial_objectstorage.py for tasks to queue
[2025-01-20T11:25:01.603+0000] {logging_mixin.py:188} INFO - [2025-01-20T11:25:01.602+0000] {dagbag.py:538} INFO - Filling up the DagBag from /home/airflow/.local/lib/python3.8/site-packages/airflow/example_dags/tutorial_objectstorage.py
[2025-01-20T11:25:01.632+0000] {processor.py:840} INFO - DAG(s) 'tutorial_objectstorage' retrieved from /home/airflow/.local/lib/python3.8/site-packages/airflow/example_dags/tutorial_objectstorage.py
[2025-01-20T11:25:01.706+0000] {logging_mixin.py:188} INFO - [2025-01-20T11:25:01.706+0000] {dag.py:3036} INFO - Sync 1 DAGs
[2025-01-20T11:25:01.748+0000] {logging_mixin.py:188} INFO - [2025-01-20T11:25:01.747+0000] {dag.py:3823} INFO - Setting next_dagrun for tutorial_objectstorage to None, run_after=None
[2025-01-20T11:25:01.818+0000] {processor.py:183} INFO - Processing /home/airflow/.local/lib/python3.8/site-packages/airflow/example_dags/tutorial_objectstorage.py took 0.234 seconds
[2025-01-20T11:25:32.492+0000] {processor.py:161} INFO - Started process (PID=1082) to work on /home/airflow/.local/lib/python3.8/site-packages/airflow/example_dags/tutorial_objectstorage.py
[2025-01-20T11:25:32.495+0000] {processor.py:830} INFO - Processing file /home/airflow/.local/lib/python3.8/site-packages/airflow/example_dags/tutorial_objectstorage.py for tasks to queue
[2025-01-20T11:25:32.500+0000] {logging_mixin.py:188} INFO - [2025-01-20T11:25:32.499+0000] {dagbag.py:538} INFO - Filling up the DagBag from /home/airflow/.local/lib/python3.8/site-packages/airflow/example_dags/tutorial_objectstorage.py
[2025-01-20T11:25:32.514+0000] {processor.py:840} INFO - DAG(s) 'tutorial_objectstorage' retrieved from /home/airflow/.local/lib/python3.8/site-packages/airflow/example_dags/tutorial_objectstorage.py
[2025-01-20T11:25:32.558+0000] {logging_mixin.py:188} INFO - [2025-01-20T11:25:32.557+0000] {dag.py:3036} INFO - Sync 1 DAGs
[2025-01-20T11:25:32.587+0000] {logging_mixin.py:188} INFO - [2025-01-20T11:25:32.586+0000] {dag.py:3823} INFO - Setting next_dagrun for tutorial_objectstorage to None, run_after=None
[2025-01-20T11:25:32.626+0000] {processor.py:183} INFO - Processing /home/airflow/.local/lib/python3.8/site-packages/airflow/example_dags/tutorial_objectstorage.py took 0.142 seconds
[2025-01-20T11:26:02.947+0000] {processor.py:161} INFO - Started process (PID=1137) to work on /home/airflow/.local/lib/python3.8/site-packages/airflow/example_dags/tutorial_objectstorage.py
[2025-01-20T11:26:02.948+0000] {processor.py:830} INFO - Processing file /home/airflow/.local/lib/python3.8/site-packages/airflow/example_dags/tutorial_objectstorage.py for tasks to queue
[2025-01-20T11:26:02.952+0000] {logging_mixin.py:188} INFO - [2025-01-20T11:26:02.951+0000] {dagbag.py:538} INFO - Filling up the DagBag from /home/airflow/.local/lib/python3.8/site-packages/airflow/example_dags/tutorial_objectstorage.py
[2025-01-20T11:26:02.962+0000] {processor.py:840} INFO - DAG(s) 'tutorial_objectstorage' retrieved from /home/airflow/.local/lib/python3.8/site-packages/airflow/example_dags/tutorial_objectstorage.py
[2025-01-20T11:26:02.996+0000] {logging_mixin.py:188} INFO - [2025-01-20T11:26:02.995+0000] {dag.py:3036} INFO - Sync 1 DAGs
[2025-01-20T11:26:03.022+0000] {logging_mixin.py:188} INFO - [2025-01-20T11:26:03.021+0000] {dag.py:3823} INFO - Setting next_dagrun for tutorial_objectstorage to None, run_after=None
[2025-01-20T11:26:03.073+0000] {processor.py:183} INFO - Processing /home/airflow/.local/lib/python3.8/site-packages/airflow/example_dags/tutorial_objectstorage.py took 0.131 seconds
[2025-01-20T11:26:33.997+0000] {processor.py:161} INFO - Started process (PID=1192) to work on /home/airflow/.local/lib/python3.8/site-packages/airflow/example_dags/tutorial_objectstorage.py
[2025-01-20T11:26:33.999+0000] {processor.py:830} INFO - Processing file /home/airflow/.local/lib/python3.8/site-packages/airflow/example_dags/tutorial_objectstorage.py for tasks to queue
[2025-01-20T11:26:34.003+0000] {logging_mixin.py:188} INFO - [2025-01-20T11:26:34.002+0000] {dagbag.py:538} INFO - Filling up the DagBag from /home/airflow/.local/lib/python3.8/site-packages/airflow/example_dags/tutorial_objectstorage.py
[2025-01-20T11:26:34.037+0000] {processor.py:840} INFO - DAG(s) 'tutorial_objectstorage' retrieved from /home/airflow/.local/lib/python3.8/site-packages/airflow/example_dags/tutorial_objectstorage.py
[2025-01-20T11:26:34.102+0000] {logging_mixin.py:188} INFO - [2025-01-20T11:26:34.101+0000] {dag.py:3036} INFO - Sync 1 DAGs
[2025-01-20T11:26:34.136+0000] {logging_mixin.py:188} INFO - [2025-01-20T11:26:34.136+0000] {dag.py:3823} INFO - Setting next_dagrun for tutorial_objectstorage to None, run_after=None
[2025-01-20T11:26:34.255+0000] {processor.py:183} INFO - Processing /home/airflow/.local/lib/python3.8/site-packages/airflow/example_dags/tutorial_objectstorage.py took 0.264 seconds
[2025-01-20T11:27:04.522+0000] {processor.py:161} INFO - Started process (PID=1247) to work on /home/airflow/.local/lib/python3.8/site-packages/airflow/example_dags/tutorial_objectstorage.py
[2025-01-20T11:27:04.538+0000] {processor.py:830} INFO - Processing file /home/airflow/.local/lib/python3.8/site-packages/airflow/example_dags/tutorial_objectstorage.py for tasks to queue
[2025-01-20T11:27:04.552+0000] {logging_mixin.py:188} INFO - [2025-01-20T11:27:04.551+0000] {dagbag.py:538} INFO - Filling up the DagBag from /home/airflow/.local/lib/python3.8/site-packages/airflow/example_dags/tutorial_objectstorage.py
[2025-01-20T11:27:04.626+0000] {processor.py:840} INFO - DAG(s) 'tutorial_objectstorage' retrieved from /home/airflow/.local/lib/python3.8/site-packages/airflow/example_dags/tutorial_objectstorage.py
[2025-01-20T11:27:04.708+0000] {logging_mixin.py:188} INFO - [2025-01-20T11:27:04.708+0000] {dag.py:3036} INFO - Sync 1 DAGs
[2025-01-20T11:27:04.757+0000] {logging_mixin.py:188} INFO - [2025-01-20T11:27:04.756+0000] {dag.py:3823} INFO - Setting next_dagrun for tutorial_objectstorage to None, run_after=None
[2025-01-20T11:27:04.813+0000] {processor.py:183} INFO - Processing /home/airflow/.local/lib/python3.8/site-packages/airflow/example_dags/tutorial_objectstorage.py took 0.321 seconds
[2025-01-20T11:27:35.749+0000] {processor.py:161} INFO - Started process (PID=1302) to work on /home/airflow/.local/lib/python3.8/site-packages/airflow/example_dags/tutorial_objectstorage.py
[2025-01-20T11:27:35.750+0000] {processor.py:830} INFO - Processing file /home/airflow/.local/lib/python3.8/site-packages/airflow/example_dags/tutorial_objectstorage.py for tasks to queue
[2025-01-20T11:27:35.753+0000] {logging_mixin.py:188} INFO - [2025-01-20T11:27:35.753+0000] {dagbag.py:538} INFO - Filling up the DagBag from /home/airflow/.local/lib/python3.8/site-packages/airflow/example_dags/tutorial_objectstorage.py
[2025-01-20T11:27:35.767+0000] {processor.py:840} INFO - DAG(s) 'tutorial_objectstorage' retrieved from /home/airflow/.local/lib/python3.8/site-packages/airflow/example_dags/tutorial_objectstorage.py
[2025-01-20T11:27:35.798+0000] {logging_mixin.py:188} INFO - [2025-01-20T11:27:35.798+0000] {dag.py:3036} INFO - Sync 1 DAGs
[2025-01-20T11:27:35.820+0000] {logging_mixin.py:188} INFO - [2025-01-20T11:27:35.820+0000] {dag.py:3823} INFO - Setting next_dagrun for tutorial_objectstorage to None, run_after=None
[2025-01-20T11:27:35.854+0000] {processor.py:183} INFO - Processing /home/airflow/.local/lib/python3.8/site-packages/airflow/example_dags/tutorial_objectstorage.py took 0.110 seconds
[2025-01-20T11:28:06.433+0000] {processor.py:161} INFO - Started process (PID=1357) to work on /home/airflow/.local/lib/python3.8/site-packages/airflow/example_dags/tutorial_objectstorage.py
[2025-01-20T11:28:06.434+0000] {processor.py:830} INFO - Processing file /home/airflow/.local/lib/python3.8/site-packages/airflow/example_dags/tutorial_objectstorage.py for tasks to queue
[2025-01-20T11:28:06.437+0000] {logging_mixin.py:188} INFO - [2025-01-20T11:28:06.437+0000] {dagbag.py:538} INFO - Filling up the DagBag from /home/airflow/.local/lib/python3.8/site-packages/airflow/example_dags/tutorial_objectstorage.py
[2025-01-20T11:28:06.446+0000] {processor.py:840} INFO - DAG(s) 'tutorial_objectstorage' retrieved from /home/airflow/.local/lib/python3.8/site-packages/airflow/example_dags/tutorial_objectstorage.py
[2025-01-20T11:28:06.477+0000] {logging_mixin.py:188} INFO - [2025-01-20T11:28:06.476+0000] {dag.py:3036} INFO - Sync 1 DAGs
[2025-01-20T11:28:06.499+0000] {logging_mixin.py:188} INFO - [2025-01-20T11:28:06.499+0000] {dag.py:3823} INFO - Setting next_dagrun for tutorial_objectstorage to None, run_after=None
[2025-01-20T11:28:06.532+0000] {processor.py:183} INFO - Processing /home/airflow/.local/lib/python3.8/site-packages/airflow/example_dags/tutorial_objectstorage.py took 0.103 seconds
[2025-01-20T11:28:36.865+0000] {processor.py:161} INFO - Started process (PID=1412) to work on /home/airflow/.local/lib/python3.8/site-packages/airflow/example_dags/tutorial_objectstorage.py
[2025-01-20T11:28:36.867+0000] {processor.py:830} INFO - Processing file /home/airflow/.local/lib/python3.8/site-packages/airflow/example_dags/tutorial_objectstorage.py for tasks to queue
[2025-01-20T11:28:36.869+0000] {logging_mixin.py:188} INFO - [2025-01-20T11:28:36.869+0000] {dagbag.py:538} INFO - Filling up the DagBag from /home/airflow/.local/lib/python3.8/site-packages/airflow/example_dags/tutorial_objectstorage.py
[2025-01-20T11:28:36.878+0000] {processor.py:840} INFO - DAG(s) 'tutorial_objectstorage' retrieved from /home/airflow/.local/lib/python3.8/site-packages/airflow/example_dags/tutorial_objectstorage.py
[2025-01-20T11:28:36.910+0000] {logging_mixin.py:188} INFO - [2025-01-20T11:28:36.910+0000] {dag.py:3036} INFO - Sync 1 DAGs
[2025-01-20T11:28:36.930+0000] {logging_mixin.py:188} INFO - [2025-01-20T11:28:36.929+0000] {dag.py:3823} INFO - Setting next_dagrun for tutorial_objectstorage to None, run_after=None
[2025-01-20T11:28:36.962+0000] {processor.py:183} INFO - Processing /home/airflow/.local/lib/python3.8/site-packages/airflow/example_dags/tutorial_objectstorage.py took 0.100 seconds
[2025-01-20T11:29:07.606+0000] {processor.py:161} INFO - Started process (PID=1467) to work on /home/airflow/.local/lib/python3.8/site-packages/airflow/example_dags/tutorial_objectstorage.py
[2025-01-20T11:29:07.608+0000] {processor.py:830} INFO - Processing file /home/airflow/.local/lib/python3.8/site-packages/airflow/example_dags/tutorial_objectstorage.py for tasks to queue
[2025-01-20T11:29:07.611+0000] {logging_mixin.py:188} INFO - [2025-01-20T11:29:07.611+0000] {dagbag.py:538} INFO - Filling up the DagBag from /home/airflow/.local/lib/python3.8/site-packages/airflow/example_dags/tutorial_objectstorage.py
[2025-01-20T11:29:07.622+0000] {processor.py:840} INFO - DAG(s) 'tutorial_objectstorage' retrieved from /home/airflow/.local/lib/python3.8/site-packages/airflow/example_dags/tutorial_objectstorage.py
[2025-01-20T11:29:07.657+0000] {logging_mixin.py:188} INFO - [2025-01-20T11:29:07.656+0000] {dag.py:3036} INFO - Sync 1 DAGs
[2025-01-20T11:29:07.678+0000] {logging_mixin.py:188} INFO - [2025-01-20T11:29:07.678+0000] {dag.py:3823} INFO - Setting next_dagrun for tutorial_objectstorage to None, run_after=None
[2025-01-20T11:29:07.712+0000] {processor.py:183} INFO - Processing /home/airflow/.local/lib/python3.8/site-packages/airflow/example_dags/tutorial_objectstorage.py took 0.111 seconds
[2025-01-20T11:29:38.415+0000] {processor.py:161} INFO - Started process (PID=1523) to work on /home/airflow/.local/lib/python3.8/site-packages/airflow/example_dags/tutorial_objectstorage.py
[2025-01-20T11:29:38.416+0000] {processor.py:830} INFO - Processing file /home/airflow/.local/lib/python3.8/site-packages/airflow/example_dags/tutorial_objectstorage.py for tasks to queue
[2025-01-20T11:29:38.419+0000] {logging_mixin.py:188} INFO - [2025-01-20T11:29:38.419+0000] {dagbag.py:538} INFO - Filling up the DagBag from /home/airflow/.local/lib/python3.8/site-packages/airflow/example_dags/tutorial_objectstorage.py
[2025-01-20T11:29:38.430+0000] {processor.py:840} INFO - DAG(s) 'tutorial_objectstorage' retrieved from /home/airflow/.local/lib/python3.8/site-packages/airflow/example_dags/tutorial_objectstorage.py
[2025-01-20T11:29:38.478+0000] {logging_mixin.py:188} INFO - [2025-01-20T11:29:38.478+0000] {dag.py:3036} INFO - Sync 1 DAGs
[2025-01-20T11:29:38.510+0000] {logging_mixin.py:188} INFO - [2025-01-20T11:29:38.510+0000] {dag.py:3823} INFO - Setting next_dagrun for tutorial_objectstorage to None, run_after=None
[2025-01-20T11:29:38.560+0000] {processor.py:183} INFO - Processing /home/airflow/.local/lib/python3.8/site-packages/airflow/example_dags/tutorial_objectstorage.py took 0.150 seconds
[2025-01-20T11:30:09.343+0000] {processor.py:161} INFO - Started process (PID=1577) to work on /home/airflow/.local/lib/python3.8/site-packages/airflow/example_dags/tutorial_objectstorage.py
[2025-01-20T11:30:09.348+0000] {processor.py:830} INFO - Processing file /home/airflow/.local/lib/python3.8/site-packages/airflow/example_dags/tutorial_objectstorage.py for tasks to queue
[2025-01-20T11:30:09.355+0000] {logging_mixin.py:188} INFO - [2025-01-20T11:30:09.354+0000] {dagbag.py:538} INFO - Filling up the DagBag from /home/airflow/.local/lib/python3.8/site-packages/airflow/example_dags/tutorial_objectstorage.py
[2025-01-20T11:30:09.371+0000] {processor.py:840} INFO - DAG(s) 'tutorial_objectstorage' retrieved from /home/airflow/.local/lib/python3.8/site-packages/airflow/example_dags/tutorial_objectstorage.py
[2025-01-20T11:30:09.425+0000] {logging_mixin.py:188} INFO - [2025-01-20T11:30:09.425+0000] {dag.py:3036} INFO - Sync 1 DAGs
[2025-01-20T11:30:09.449+0000] {logging_mixin.py:188} INFO - [2025-01-20T11:30:09.448+0000] {dag.py:3823} INFO - Setting next_dagrun for tutorial_objectstorage to None, run_after=None
[2025-01-20T11:30:09.487+0000] {processor.py:183} INFO - Processing /home/airflow/.local/lib/python3.8/site-packages/airflow/example_dags/tutorial_objectstorage.py took 0.154 seconds
