[2025-01-23T12:32:32.346+0000] {processor.py:161} INFO - Started process (PID=98) to work on /home/airflow/.local/lib/python3.8/site-packages/airflow/example_dags/example_subdag_operator.py
[2025-01-23T12:32:32.348+0000] {processor.py:830} INFO - Processing file /home/airflow/.local/lib/python3.8/site-packages/airflow/example_dags/example_subdag_operator.py for tasks to queue
[2025-01-23T12:32:32.353+0000] {logging_mixin.py:188} INFO - [2025-01-23T12:32:32.352+0000] {dagbag.py:538} INFO - Filling up the DagBag from /home/airflow/.local/lib/python3.8/site-packages/airflow/example_dags/example_subdag_operator.py
[2025-01-23T12:32:32.422+0000] {processor.py:840} INFO - DAG(s) 'example_subdag_operator.section-1', 'example_subdag_operator.section-2', 'example_subdag_operator' retrieved from /home/airflow/.local/lib/python3.8/site-packages/airflow/example_dags/example_subdag_operator.py
[2025-01-23T12:32:32.650+0000] {logging_mixin.py:188} INFO - [2025-01-23T12:32:32.649+0000] {override.py:1769} INFO - Created Permission View: can read on DAG:example_subdag_operator
[2025-01-23T12:32:32.670+0000] {logging_mixin.py:188} INFO - [2025-01-23T12:32:32.669+0000] {override.py:1769} INFO - Created Permission View: can edit on DAG:example_subdag_operator
[2025-01-23T12:32:32.685+0000] {logging_mixin.py:188} INFO - [2025-01-23T12:32:32.684+0000] {override.py:1769} INFO - Created Permission View: can delete on DAG:example_subdag_operator
[2025-01-23T12:32:32.686+0000] {logging_mixin.py:188} INFO - [2025-01-23T12:32:32.685+0000] {dag.py:3036} INFO - Sync 3 DAGs
[2025-01-23T12:32:32.709+0000] {logging_mixin.py:188} INFO - [2025-01-23T12:32:32.708+0000] {dag.py:3058} INFO - Creating ORM DAG for example_subdag_operator
[2025-01-23T12:32:32.710+0000] {logging_mixin.py:188} INFO - [2025-01-23T12:32:32.710+0000] {dag.py:3058} INFO - Creating ORM DAG for example_subdag_operator.section-1
[2025-01-23T12:32:32.712+0000] {logging_mixin.py:188} INFO - [2025-01-23T12:32:32.712+0000] {dag.py:3058} INFO - Creating ORM DAG for example_subdag_operator.section-2
[2025-01-23T12:32:32.738+0000] {logging_mixin.py:188} INFO - [2025-01-23T12:32:32.737+0000] {dag.py:3823} INFO - Setting next_dagrun for example_subdag_operator to 2022-01-01 00:00:00+00:00, run_after=2022-01-01 00:00:00+00:00
[2025-01-23T12:32:32.739+0000] {logging_mixin.py:188} INFO - [2025-01-23T12:32:32.739+0000] {dag.py:3823} INFO - Setting next_dagrun for example_subdag_operator.section-1 to None, run_after=None
[2025-01-23T12:32:32.741+0000] {logging_mixin.py:188} INFO - [2025-01-23T12:32:32.740+0000] {dag.py:3823} INFO - Setting next_dagrun for example_subdag_operator.section-2 to None, run_after=None
[2025-01-23T12:32:32.757+0000] {logging_mixin.py:188} INFO - [2025-01-23T12:32:32.757+0000] {dag.py:3036} INFO - Sync 2 DAGs
[2025-01-23T12:32:32.767+0000] {logging_mixin.py:188} INFO - [2025-01-23T12:32:32.766+0000] {dag.py:3823} INFO - Setting next_dagrun for example_subdag_operator.section-1 to None, run_after=None
[2025-01-23T12:32:32.772+0000] {logging_mixin.py:188} INFO - [2025-01-23T12:32:32.771+0000] {dag.py:3823} INFO - Setting next_dagrun for example_subdag_operator.section-2 to None, run_after=None
[2025-01-23T12:32:32.796+0000] {processor.py:183} INFO - Processing /home/airflow/.local/lib/python3.8/site-packages/airflow/example_dags/example_subdag_operator.py took 0.458 seconds
[2025-01-23T12:33:03.775+0000] {processor.py:161} INFO - Started process (PID=154) to work on /home/airflow/.local/lib/python3.8/site-packages/airflow/example_dags/example_subdag_operator.py
[2025-01-23T12:33:03.777+0000] {processor.py:830} INFO - Processing file /home/airflow/.local/lib/python3.8/site-packages/airflow/example_dags/example_subdag_operator.py for tasks to queue
[2025-01-23T12:33:03.781+0000] {logging_mixin.py:188} INFO - [2025-01-23T12:33:03.780+0000] {dagbag.py:538} INFO - Filling up the DagBag from /home/airflow/.local/lib/python3.8/site-packages/airflow/example_dags/example_subdag_operator.py
[2025-01-23T12:33:03.857+0000] {processor.py:840} INFO - DAG(s) 'example_subdag_operator.section-1', 'example_subdag_operator.section-2', 'example_subdag_operator' retrieved from /home/airflow/.local/lib/python3.8/site-packages/airflow/example_dags/example_subdag_operator.py
[2025-01-23T12:33:03.902+0000] {logging_mixin.py:188} INFO - [2025-01-23T12:33:03.901+0000] {dag.py:3036} INFO - Sync 3 DAGs
[2025-01-23T12:33:03.970+0000] {logging_mixin.py:188} INFO - [2025-01-23T12:33:03.970+0000] {dag.py:3823} INFO - Setting next_dagrun for example_subdag_operator to 2022-01-01 00:00:00+00:00, run_after=2022-01-01 00:00:00+00:00
[2025-01-23T12:33:03.978+0000] {logging_mixin.py:188} INFO - [2025-01-23T12:33:03.977+0000] {dag.py:3823} INFO - Setting next_dagrun for example_subdag_operator.section-1 to None, run_after=None
[2025-01-23T12:33:03.980+0000] {logging_mixin.py:188} INFO - [2025-01-23T12:33:03.980+0000] {dag.py:3823} INFO - Setting next_dagrun for example_subdag_operator.section-2 to None, run_after=None
[2025-01-23T12:33:03.995+0000] {logging_mixin.py:188} INFO - [2025-01-23T12:33:03.994+0000] {dag.py:3036} INFO - Sync 2 DAGs
[2025-01-23T12:33:04.007+0000] {logging_mixin.py:188} INFO - [2025-01-23T12:33:04.007+0000] {dag.py:3823} INFO - Setting next_dagrun for example_subdag_operator.section-1 to None, run_after=None
[2025-01-23T12:33:04.008+0000] {logging_mixin.py:188} INFO - [2025-01-23T12:33:04.008+0000] {dag.py:3823} INFO - Setting next_dagrun for example_subdag_operator.section-2 to None, run_after=None
[2025-01-23T12:33:04.034+0000] {processor.py:183} INFO - Processing /home/airflow/.local/lib/python3.8/site-packages/airflow/example_dags/example_subdag_operator.py took 0.266 seconds
[2025-01-23T12:33:34.255+0000] {processor.py:161} INFO - Started process (PID=211) to work on /home/airflow/.local/lib/python3.8/site-packages/airflow/example_dags/example_subdag_operator.py
[2025-01-23T12:33:34.257+0000] {processor.py:830} INFO - Processing file /home/airflow/.local/lib/python3.8/site-packages/airflow/example_dags/example_subdag_operator.py for tasks to queue
[2025-01-23T12:33:34.260+0000] {logging_mixin.py:188} INFO - [2025-01-23T12:33:34.260+0000] {dagbag.py:538} INFO - Filling up the DagBag from /home/airflow/.local/lib/python3.8/site-packages/airflow/example_dags/example_subdag_operator.py
[2025-01-23T12:33:34.326+0000] {processor.py:840} INFO - DAG(s) 'example_subdag_operator.section-1', 'example_subdag_operator.section-2', 'example_subdag_operator' retrieved from /home/airflow/.local/lib/python3.8/site-packages/airflow/example_dags/example_subdag_operator.py
[2025-01-23T12:33:34.355+0000] {logging_mixin.py:188} INFO - [2025-01-23T12:33:34.355+0000] {dag.py:3036} INFO - Sync 3 DAGs
[2025-01-23T12:33:34.401+0000] {logging_mixin.py:188} INFO - [2025-01-23T12:33:34.400+0000] {dag.py:3823} INFO - Setting next_dagrun for example_subdag_operator to 2022-01-01 00:00:00+00:00, run_after=2022-01-01 00:00:00+00:00
[2025-01-23T12:33:34.407+0000] {logging_mixin.py:188} INFO - [2025-01-23T12:33:34.406+0000] {dag.py:3823} INFO - Setting next_dagrun for example_subdag_operator.section-1 to None, run_after=None
[2025-01-23T12:33:34.409+0000] {logging_mixin.py:188} INFO - [2025-01-23T12:33:34.409+0000] {dag.py:3823} INFO - Setting next_dagrun for example_subdag_operator.section-2 to None, run_after=None
[2025-01-23T12:33:34.420+0000] {logging_mixin.py:188} INFO - [2025-01-23T12:33:34.419+0000] {dag.py:3036} INFO - Sync 2 DAGs
[2025-01-23T12:33:34.427+0000] {logging_mixin.py:188} INFO - [2025-01-23T12:33:34.427+0000] {dag.py:3823} INFO - Setting next_dagrun for example_subdag_operator.section-1 to None, run_after=None
[2025-01-23T12:33:34.428+0000] {logging_mixin.py:188} INFO - [2025-01-23T12:33:34.428+0000] {dag.py:3823} INFO - Setting next_dagrun for example_subdag_operator.section-2 to None, run_after=None
[2025-01-23T12:33:34.445+0000] {processor.py:183} INFO - Processing /home/airflow/.local/lib/python3.8/site-packages/airflow/example_dags/example_subdag_operator.py took 0.197 seconds
[2025-01-23T12:34:04.563+0000] {processor.py:161} INFO - Started process (PID=266) to work on /home/airflow/.local/lib/python3.8/site-packages/airflow/example_dags/example_subdag_operator.py
[2025-01-23T12:34:04.565+0000] {processor.py:830} INFO - Processing file /home/airflow/.local/lib/python3.8/site-packages/airflow/example_dags/example_subdag_operator.py for tasks to queue
[2025-01-23T12:34:04.567+0000] {logging_mixin.py:188} INFO - [2025-01-23T12:34:04.567+0000] {dagbag.py:538} INFO - Filling up the DagBag from /home/airflow/.local/lib/python3.8/site-packages/airflow/example_dags/example_subdag_operator.py
[2025-01-23T12:34:04.606+0000] {processor.py:840} INFO - DAG(s) 'example_subdag_operator.section-1', 'example_subdag_operator.section-2', 'example_subdag_operator' retrieved from /home/airflow/.local/lib/python3.8/site-packages/airflow/example_dags/example_subdag_operator.py
[2025-01-23T12:34:04.632+0000] {logging_mixin.py:188} INFO - [2025-01-23T12:34:04.632+0000] {dag.py:3036} INFO - Sync 3 DAGs
[2025-01-23T12:34:04.663+0000] {logging_mixin.py:188} INFO - [2025-01-23T12:34:04.663+0000] {dag.py:3823} INFO - Setting next_dagrun for example_subdag_operator to 2022-01-01 00:00:00+00:00, run_after=2022-01-01 00:00:00+00:00
[2025-01-23T12:34:04.669+0000] {logging_mixin.py:188} INFO - [2025-01-23T12:34:04.668+0000] {dag.py:3823} INFO - Setting next_dagrun for example_subdag_operator.section-1 to None, run_after=None
[2025-01-23T12:34:04.671+0000] {logging_mixin.py:188} INFO - [2025-01-23T12:34:04.671+0000] {dag.py:3823} INFO - Setting next_dagrun for example_subdag_operator.section-2 to None, run_after=None
[2025-01-23T12:34:04.684+0000] {logging_mixin.py:188} INFO - [2025-01-23T12:34:04.684+0000] {dag.py:3036} INFO - Sync 2 DAGs
[2025-01-23T12:34:04.696+0000] {logging_mixin.py:188} INFO - [2025-01-23T12:34:04.696+0000] {dag.py:3823} INFO - Setting next_dagrun for example_subdag_operator.section-1 to None, run_after=None
[2025-01-23T12:34:04.698+0000] {logging_mixin.py:188} INFO - [2025-01-23T12:34:04.697+0000] {dag.py:3823} INFO - Setting next_dagrun for example_subdag_operator.section-2 to None, run_after=None
[2025-01-23T12:34:04.721+0000] {processor.py:183} INFO - Processing /home/airflow/.local/lib/python3.8/site-packages/airflow/example_dags/example_subdag_operator.py took 0.164 seconds
[2025-01-23T12:34:34.838+0000] {processor.py:161} INFO - Started process (PID=322) to work on /home/airflow/.local/lib/python3.8/site-packages/airflow/example_dags/example_subdag_operator.py
[2025-01-23T12:34:34.839+0000] {processor.py:830} INFO - Processing file /home/airflow/.local/lib/python3.8/site-packages/airflow/example_dags/example_subdag_operator.py for tasks to queue
[2025-01-23T12:34:34.841+0000] {logging_mixin.py:188} INFO - [2025-01-23T12:34:34.841+0000] {dagbag.py:538} INFO - Filling up the DagBag from /home/airflow/.local/lib/python3.8/site-packages/airflow/example_dags/example_subdag_operator.py
[2025-01-23T12:34:34.872+0000] {processor.py:840} INFO - DAG(s) 'example_subdag_operator.section-1', 'example_subdag_operator.section-2', 'example_subdag_operator' retrieved from /home/airflow/.local/lib/python3.8/site-packages/airflow/example_dags/example_subdag_operator.py
[2025-01-23T12:34:34.896+0000] {logging_mixin.py:188} INFO - [2025-01-23T12:34:34.896+0000] {dag.py:3036} INFO - Sync 3 DAGs
[2025-01-23T12:34:34.925+0000] {logging_mixin.py:188} INFO - [2025-01-23T12:34:34.925+0000] {dag.py:3823} INFO - Setting next_dagrun for example_subdag_operator to 2022-01-01 00:00:00+00:00, run_after=2022-01-01 00:00:00+00:00
[2025-01-23T12:34:34.930+0000] {logging_mixin.py:188} INFO - [2025-01-23T12:34:34.930+0000] {dag.py:3823} INFO - Setting next_dagrun for example_subdag_operator.section-1 to None, run_after=None
[2025-01-23T12:34:34.932+0000] {logging_mixin.py:188} INFO - [2025-01-23T12:34:34.932+0000] {dag.py:3823} INFO - Setting next_dagrun for example_subdag_operator.section-2 to None, run_after=None
[2025-01-23T12:34:34.942+0000] {logging_mixin.py:188} INFO - [2025-01-23T12:34:34.942+0000] {dag.py:3036} INFO - Sync 2 DAGs
[2025-01-23T12:34:34.950+0000] {logging_mixin.py:188} INFO - [2025-01-23T12:34:34.950+0000] {dag.py:3823} INFO - Setting next_dagrun for example_subdag_operator.section-1 to None, run_after=None
[2025-01-23T12:34:34.951+0000] {logging_mixin.py:188} INFO - [2025-01-23T12:34:34.951+0000] {dag.py:3823} INFO - Setting next_dagrun for example_subdag_operator.section-2 to None, run_after=None
[2025-01-23T12:34:34.968+0000] {processor.py:183} INFO - Processing /home/airflow/.local/lib/python3.8/site-packages/airflow/example_dags/example_subdag_operator.py took 0.135 seconds
[2025-01-23T12:35:05.081+0000] {processor.py:161} INFO - Started process (PID=378) to work on /home/airflow/.local/lib/python3.8/site-packages/airflow/example_dags/example_subdag_operator.py
[2025-01-23T12:35:05.082+0000] {processor.py:830} INFO - Processing file /home/airflow/.local/lib/python3.8/site-packages/airflow/example_dags/example_subdag_operator.py for tasks to queue
[2025-01-23T12:35:05.085+0000] {logging_mixin.py:188} INFO - [2025-01-23T12:35:05.085+0000] {dagbag.py:538} INFO - Filling up the DagBag from /home/airflow/.local/lib/python3.8/site-packages/airflow/example_dags/example_subdag_operator.py
[2025-01-23T12:35:05.116+0000] {processor.py:840} INFO - DAG(s) 'example_subdag_operator.section-1', 'example_subdag_operator.section-2', 'example_subdag_operator' retrieved from /home/airflow/.local/lib/python3.8/site-packages/airflow/example_dags/example_subdag_operator.py
[2025-01-23T12:35:05.138+0000] {logging_mixin.py:188} INFO - [2025-01-23T12:35:05.138+0000] {dag.py:3036} INFO - Sync 3 DAGs
[2025-01-23T12:35:05.166+0000] {logging_mixin.py:188} INFO - [2025-01-23T12:35:05.166+0000] {dag.py:3823} INFO - Setting next_dagrun for example_subdag_operator to 2022-01-01 00:00:00+00:00, run_after=2022-01-01 00:00:00+00:00
[2025-01-23T12:35:05.171+0000] {logging_mixin.py:188} INFO - [2025-01-23T12:35:05.171+0000] {dag.py:3823} INFO - Setting next_dagrun for example_subdag_operator.section-1 to None, run_after=None
[2025-01-23T12:35:05.173+0000] {logging_mixin.py:188} INFO - [2025-01-23T12:35:05.173+0000] {dag.py:3823} INFO - Setting next_dagrun for example_subdag_operator.section-2 to None, run_after=None
[2025-01-23T12:35:05.182+0000] {logging_mixin.py:188} INFO - [2025-01-23T12:35:05.182+0000] {dag.py:3036} INFO - Sync 2 DAGs
[2025-01-23T12:35:05.190+0000] {logging_mixin.py:188} INFO - [2025-01-23T12:35:05.189+0000] {dag.py:3823} INFO - Setting next_dagrun for example_subdag_operator.section-1 to None, run_after=None
[2025-01-23T12:35:05.191+0000] {logging_mixin.py:188} INFO - [2025-01-23T12:35:05.191+0000] {dag.py:3823} INFO - Setting next_dagrun for example_subdag_operator.section-2 to None, run_after=None
[2025-01-23T12:35:05.208+0000] {processor.py:183} INFO - Processing /home/airflow/.local/lib/python3.8/site-packages/airflow/example_dags/example_subdag_operator.py took 0.130 seconds
[2025-01-23T12:35:35.688+0000] {processor.py:161} INFO - Started process (PID=434) to work on /home/airflow/.local/lib/python3.8/site-packages/airflow/example_dags/example_subdag_operator.py
[2025-01-23T12:35:35.690+0000] {processor.py:830} INFO - Processing file /home/airflow/.local/lib/python3.8/site-packages/airflow/example_dags/example_subdag_operator.py for tasks to queue
[2025-01-23T12:35:35.693+0000] {logging_mixin.py:188} INFO - [2025-01-23T12:35:35.693+0000] {dagbag.py:538} INFO - Filling up the DagBag from /home/airflow/.local/lib/python3.8/site-packages/airflow/example_dags/example_subdag_operator.py
[2025-01-23T12:35:35.733+0000] {processor.py:840} INFO - DAG(s) 'example_subdag_operator.section-1', 'example_subdag_operator.section-2', 'example_subdag_operator' retrieved from /home/airflow/.local/lib/python3.8/site-packages/airflow/example_dags/example_subdag_operator.py
[2025-01-23T12:35:35.771+0000] {logging_mixin.py:188} INFO - [2025-01-23T12:35:35.770+0000] {dag.py:3036} INFO - Sync 3 DAGs
[2025-01-23T12:35:35.814+0000] {logging_mixin.py:188} INFO - [2025-01-23T12:35:35.814+0000] {dag.py:3823} INFO - Setting next_dagrun for example_subdag_operator to 2022-01-01 00:00:00+00:00, run_after=2022-01-01 00:00:00+00:00
[2025-01-23T12:35:35.820+0000] {logging_mixin.py:188} INFO - [2025-01-23T12:35:35.820+0000] {dag.py:3823} INFO - Setting next_dagrun for example_subdag_operator.section-1 to None, run_after=None
[2025-01-23T12:35:35.823+0000] {logging_mixin.py:188} INFO - [2025-01-23T12:35:35.823+0000] {dag.py:3823} INFO - Setting next_dagrun for example_subdag_operator.section-2 to None, run_after=None
[2025-01-23T12:35:35.840+0000] {logging_mixin.py:188} INFO - [2025-01-23T12:35:35.839+0000] {dag.py:3036} INFO - Sync 2 DAGs
[2025-01-23T12:35:35.850+0000] {logging_mixin.py:188} INFO - [2025-01-23T12:35:35.850+0000] {dag.py:3823} INFO - Setting next_dagrun for example_subdag_operator.section-1 to None, run_after=None
[2025-01-23T12:35:35.851+0000] {logging_mixin.py:188} INFO - [2025-01-23T12:35:35.851+0000] {dag.py:3823} INFO - Setting next_dagrun for example_subdag_operator.section-2 to None, run_after=None
[2025-01-23T12:35:35.877+0000] {processor.py:183} INFO - Processing /home/airflow/.local/lib/python3.8/site-packages/airflow/example_dags/example_subdag_operator.py took 0.195 seconds
[2025-01-23T12:36:06.097+0000] {processor.py:161} INFO - Started process (PID=490) to work on /home/airflow/.local/lib/python3.8/site-packages/airflow/example_dags/example_subdag_operator.py
[2025-01-23T12:36:06.098+0000] {processor.py:830} INFO - Processing file /home/airflow/.local/lib/python3.8/site-packages/airflow/example_dags/example_subdag_operator.py for tasks to queue
[2025-01-23T12:36:06.100+0000] {logging_mixin.py:188} INFO - [2025-01-23T12:36:06.100+0000] {dagbag.py:538} INFO - Filling up the DagBag from /home/airflow/.local/lib/python3.8/site-packages/airflow/example_dags/example_subdag_operator.py
[2025-01-23T12:36:06.130+0000] {processor.py:840} INFO - DAG(s) 'example_subdag_operator.section-1', 'example_subdag_operator.section-2', 'example_subdag_operator' retrieved from /home/airflow/.local/lib/python3.8/site-packages/airflow/example_dags/example_subdag_operator.py
[2025-01-23T12:36:06.150+0000] {logging_mixin.py:188} INFO - [2025-01-23T12:36:06.150+0000] {dag.py:3036} INFO - Sync 3 DAGs
[2025-01-23T12:36:06.177+0000] {logging_mixin.py:188} INFO - [2025-01-23T12:36:06.177+0000] {dag.py:3823} INFO - Setting next_dagrun for example_subdag_operator to 2022-01-01 00:00:00+00:00, run_after=2022-01-01 00:00:00+00:00
[2025-01-23T12:36:06.181+0000] {logging_mixin.py:188} INFO - [2025-01-23T12:36:06.181+0000] {dag.py:3823} INFO - Setting next_dagrun for example_subdag_operator.section-1 to None, run_after=None
[2025-01-23T12:36:06.184+0000] {logging_mixin.py:188} INFO - [2025-01-23T12:36:06.184+0000] {dag.py:3823} INFO - Setting next_dagrun for example_subdag_operator.section-2 to None, run_after=None
[2025-01-23T12:36:06.194+0000] {logging_mixin.py:188} INFO - [2025-01-23T12:36:06.194+0000] {dag.py:3036} INFO - Sync 2 DAGs
[2025-01-23T12:36:06.203+0000] {logging_mixin.py:188} INFO - [2025-01-23T12:36:06.202+0000] {dag.py:3823} INFO - Setting next_dagrun for example_subdag_operator.section-1 to None, run_after=None
[2025-01-23T12:36:06.204+0000] {logging_mixin.py:188} INFO - [2025-01-23T12:36:06.204+0000] {dag.py:3823} INFO - Setting next_dagrun for example_subdag_operator.section-2 to None, run_after=None
[2025-01-23T12:36:06.221+0000] {processor.py:183} INFO - Processing /home/airflow/.local/lib/python3.8/site-packages/airflow/example_dags/example_subdag_operator.py took 0.129 seconds
[2025-01-23T12:36:36.466+0000] {processor.py:161} INFO - Started process (PID=546) to work on /home/airflow/.local/lib/python3.8/site-packages/airflow/example_dags/example_subdag_operator.py
[2025-01-23T12:36:36.467+0000] {processor.py:830} INFO - Processing file /home/airflow/.local/lib/python3.8/site-packages/airflow/example_dags/example_subdag_operator.py for tasks to queue
[2025-01-23T12:36:36.469+0000] {logging_mixin.py:188} INFO - [2025-01-23T12:36:36.469+0000] {dagbag.py:538} INFO - Filling up the DagBag from /home/airflow/.local/lib/python3.8/site-packages/airflow/example_dags/example_subdag_operator.py
[2025-01-23T12:36:36.499+0000] {processor.py:840} INFO - DAG(s) 'example_subdag_operator.section-1', 'example_subdag_operator.section-2', 'example_subdag_operator' retrieved from /home/airflow/.local/lib/python3.8/site-packages/airflow/example_dags/example_subdag_operator.py
[2025-01-23T12:36:36.519+0000] {logging_mixin.py:188} INFO - [2025-01-23T12:36:36.518+0000] {dag.py:3036} INFO - Sync 3 DAGs
[2025-01-23T12:36:36.545+0000] {logging_mixin.py:188} INFO - [2025-01-23T12:36:36.545+0000] {dag.py:3823} INFO - Setting next_dagrun for example_subdag_operator to 2022-01-01 00:00:00+00:00, run_after=2022-01-01 00:00:00+00:00
[2025-01-23T12:36:36.550+0000] {logging_mixin.py:188} INFO - [2025-01-23T12:36:36.550+0000] {dag.py:3823} INFO - Setting next_dagrun for example_subdag_operator.section-1 to None, run_after=None
[2025-01-23T12:36:36.558+0000] {logging_mixin.py:188} INFO - [2025-01-23T12:36:36.558+0000] {dag.py:3823} INFO - Setting next_dagrun for example_subdag_operator.section-2 to None, run_after=None
[2025-01-23T12:36:36.575+0000] {logging_mixin.py:188} INFO - [2025-01-23T12:36:36.574+0000] {dag.py:3036} INFO - Sync 2 DAGs
[2025-01-23T12:36:36.587+0000] {logging_mixin.py:188} INFO - [2025-01-23T12:36:36.587+0000] {dag.py:3823} INFO - Setting next_dagrun for example_subdag_operator.section-1 to None, run_after=None
[2025-01-23T12:36:36.590+0000] {logging_mixin.py:188} INFO - [2025-01-23T12:36:36.588+0000] {dag.py:3823} INFO - Setting next_dagrun for example_subdag_operator.section-2 to None, run_after=None
[2025-01-23T12:36:36.612+0000] {processor.py:183} INFO - Processing /home/airflow/.local/lib/python3.8/site-packages/airflow/example_dags/example_subdag_operator.py took 0.152 seconds
[2025-01-23T12:37:07.112+0000] {processor.py:161} INFO - Started process (PID=602) to work on /home/airflow/.local/lib/python3.8/site-packages/airflow/example_dags/example_subdag_operator.py
[2025-01-23T12:37:07.113+0000] {processor.py:830} INFO - Processing file /home/airflow/.local/lib/python3.8/site-packages/airflow/example_dags/example_subdag_operator.py for tasks to queue
[2025-01-23T12:37:07.117+0000] {logging_mixin.py:188} INFO - [2025-01-23T12:37:07.117+0000] {dagbag.py:538} INFO - Filling up the DagBag from /home/airflow/.local/lib/python3.8/site-packages/airflow/example_dags/example_subdag_operator.py
[2025-01-23T12:37:07.175+0000] {processor.py:840} INFO - DAG(s) 'example_subdag_operator.section-1', 'example_subdag_operator.section-2', 'example_subdag_operator' retrieved from /home/airflow/.local/lib/python3.8/site-packages/airflow/example_dags/example_subdag_operator.py
[2025-01-23T12:37:07.218+0000] {logging_mixin.py:188} INFO - [2025-01-23T12:37:07.217+0000] {dag.py:3036} INFO - Sync 3 DAGs
[2025-01-23T12:37:07.262+0000] {logging_mixin.py:188} INFO - [2025-01-23T12:37:07.261+0000] {dag.py:3823} INFO - Setting next_dagrun for example_subdag_operator to 2022-01-01 00:00:00+00:00, run_after=2022-01-01 00:00:00+00:00
[2025-01-23T12:37:07.268+0000] {logging_mixin.py:188} INFO - [2025-01-23T12:37:07.268+0000] {dag.py:3823} INFO - Setting next_dagrun for example_subdag_operator.section-1 to None, run_after=None
[2025-01-23T12:37:07.270+0000] {logging_mixin.py:188} INFO - [2025-01-23T12:37:07.270+0000] {dag.py:3823} INFO - Setting next_dagrun for example_subdag_operator.section-2 to None, run_after=None
[2025-01-23T12:37:07.279+0000] {logging_mixin.py:188} INFO - [2025-01-23T12:37:07.279+0000] {dag.py:3036} INFO - Sync 2 DAGs
[2025-01-23T12:37:07.289+0000] {logging_mixin.py:188} INFO - [2025-01-23T12:37:07.288+0000] {dag.py:3823} INFO - Setting next_dagrun for example_subdag_operator.section-1 to None, run_after=None
[2025-01-23T12:37:07.289+0000] {logging_mixin.py:188} INFO - [2025-01-23T12:37:07.289+0000] {dag.py:3823} INFO - Setting next_dagrun for example_subdag_operator.section-2 to None, run_after=None
[2025-01-23T12:37:07.312+0000] {processor.py:183} INFO - Processing /home/airflow/.local/lib/python3.8/site-packages/airflow/example_dags/example_subdag_operator.py took 0.204 seconds
[2025-01-23T12:37:37.690+0000] {processor.py:161} INFO - Started process (PID=658) to work on /home/airflow/.local/lib/python3.8/site-packages/airflow/example_dags/example_subdag_operator.py
[2025-01-23T12:37:37.692+0000] {processor.py:830} INFO - Processing file /home/airflow/.local/lib/python3.8/site-packages/airflow/example_dags/example_subdag_operator.py for tasks to queue
[2025-01-23T12:37:37.694+0000] {logging_mixin.py:188} INFO - [2025-01-23T12:37:37.694+0000] {dagbag.py:538} INFO - Filling up the DagBag from /home/airflow/.local/lib/python3.8/site-packages/airflow/example_dags/example_subdag_operator.py
[2025-01-23T12:37:37.724+0000] {processor.py:840} INFO - DAG(s) 'example_subdag_operator.section-1', 'example_subdag_operator.section-2', 'example_subdag_operator' retrieved from /home/airflow/.local/lib/python3.8/site-packages/airflow/example_dags/example_subdag_operator.py
[2025-01-23T12:37:37.746+0000] {logging_mixin.py:188} INFO - [2025-01-23T12:37:37.746+0000] {dag.py:3036} INFO - Sync 3 DAGs
[2025-01-23T12:37:37.773+0000] {logging_mixin.py:188} INFO - [2025-01-23T12:37:37.773+0000] {dag.py:3823} INFO - Setting next_dagrun for example_subdag_operator to 2022-01-01 00:00:00+00:00, run_after=2022-01-01 00:00:00+00:00
[2025-01-23T12:37:37.778+0000] {logging_mixin.py:188} INFO - [2025-01-23T12:37:37.778+0000] {dag.py:3823} INFO - Setting next_dagrun for example_subdag_operator.section-1 to None, run_after=None
[2025-01-23T12:37:37.780+0000] {logging_mixin.py:188} INFO - [2025-01-23T12:37:37.780+0000] {dag.py:3823} INFO - Setting next_dagrun for example_subdag_operator.section-2 to None, run_after=None
[2025-01-23T12:37:37.789+0000] {logging_mixin.py:188} INFO - [2025-01-23T12:37:37.788+0000] {dag.py:3036} INFO - Sync 2 DAGs
[2025-01-23T12:37:37.796+0000] {logging_mixin.py:188} INFO - [2025-01-23T12:37:37.796+0000] {dag.py:3823} INFO - Setting next_dagrun for example_subdag_operator.section-1 to None, run_after=None
[2025-01-23T12:37:37.797+0000] {logging_mixin.py:188} INFO - [2025-01-23T12:37:37.797+0000] {dag.py:3823} INFO - Setting next_dagrun for example_subdag_operator.section-2 to None, run_after=None
[2025-01-23T12:37:37.813+0000] {processor.py:183} INFO - Processing /home/airflow/.local/lib/python3.8/site-packages/airflow/example_dags/example_subdag_operator.py took 0.126 seconds
[2025-01-23T12:38:07.957+0000] {processor.py:161} INFO - Started process (PID=714) to work on /home/airflow/.local/lib/python3.8/site-packages/airflow/example_dags/example_subdag_operator.py
[2025-01-23T12:38:07.958+0000] {processor.py:830} INFO - Processing file /home/airflow/.local/lib/python3.8/site-packages/airflow/example_dags/example_subdag_operator.py for tasks to queue
[2025-01-23T12:38:07.962+0000] {logging_mixin.py:188} INFO - [2025-01-23T12:38:07.962+0000] {dagbag.py:538} INFO - Filling up the DagBag from /home/airflow/.local/lib/python3.8/site-packages/airflow/example_dags/example_subdag_operator.py
[2025-01-23T12:38:08.010+0000] {processor.py:840} INFO - DAG(s) 'example_subdag_operator.section-1', 'example_subdag_operator.section-2', 'example_subdag_operator' retrieved from /home/airflow/.local/lib/python3.8/site-packages/airflow/example_dags/example_subdag_operator.py
[2025-01-23T12:38:08.058+0000] {logging_mixin.py:188} INFO - [2025-01-23T12:38:08.058+0000] {dag.py:3036} INFO - Sync 3 DAGs
[2025-01-23T12:38:08.100+0000] {logging_mixin.py:188} INFO - [2025-01-23T12:38:08.100+0000] {dag.py:3823} INFO - Setting next_dagrun for example_subdag_operator to 2022-01-01 00:00:00+00:00, run_after=2022-01-01 00:00:00+00:00
[2025-01-23T12:38:08.108+0000] {logging_mixin.py:188} INFO - [2025-01-23T12:38:08.107+0000] {dag.py:3823} INFO - Setting next_dagrun for example_subdag_operator.section-1 to None, run_after=None
[2025-01-23T12:38:08.111+0000] {logging_mixin.py:188} INFO - [2025-01-23T12:38:08.111+0000] {dag.py:3823} INFO - Setting next_dagrun for example_subdag_operator.section-2 to None, run_after=None
[2025-01-23T12:38:08.123+0000] {logging_mixin.py:188} INFO - [2025-01-23T12:38:08.123+0000] {dag.py:3036} INFO - Sync 2 DAGs
[2025-01-23T12:38:08.132+0000] {logging_mixin.py:188} INFO - [2025-01-23T12:38:08.132+0000] {dag.py:3823} INFO - Setting next_dagrun for example_subdag_operator.section-1 to None, run_after=None
[2025-01-23T12:38:08.133+0000] {logging_mixin.py:188} INFO - [2025-01-23T12:38:08.133+0000] {dag.py:3823} INFO - Setting next_dagrun for example_subdag_operator.section-2 to None, run_after=None
[2025-01-23T12:38:08.155+0000] {processor.py:183} INFO - Processing /home/airflow/.local/lib/python3.8/site-packages/airflow/example_dags/example_subdag_operator.py took 0.204 seconds
[2025-01-23T12:38:38.529+0000] {processor.py:161} INFO - Started process (PID=770) to work on /home/airflow/.local/lib/python3.8/site-packages/airflow/example_dags/example_subdag_operator.py
[2025-01-23T12:38:38.530+0000] {processor.py:830} INFO - Processing file /home/airflow/.local/lib/python3.8/site-packages/airflow/example_dags/example_subdag_operator.py for tasks to queue
[2025-01-23T12:38:38.533+0000] {logging_mixin.py:188} INFO - [2025-01-23T12:38:38.533+0000] {dagbag.py:538} INFO - Filling up the DagBag from /home/airflow/.local/lib/python3.8/site-packages/airflow/example_dags/example_subdag_operator.py
[2025-01-23T12:38:38.570+0000] {processor.py:840} INFO - DAG(s) 'example_subdag_operator.section-1', 'example_subdag_operator.section-2', 'example_subdag_operator' retrieved from /home/airflow/.local/lib/python3.8/site-packages/airflow/example_dags/example_subdag_operator.py
[2025-01-23T12:38:38.606+0000] {logging_mixin.py:188} INFO - [2025-01-23T12:38:38.605+0000] {dag.py:3036} INFO - Sync 3 DAGs
[2025-01-23T12:38:38.641+0000] {logging_mixin.py:188} INFO - [2025-01-23T12:38:38.640+0000] {dag.py:3823} INFO - Setting next_dagrun for example_subdag_operator to 2022-01-01 00:00:00+00:00, run_after=2022-01-01 00:00:00+00:00
[2025-01-23T12:38:38.648+0000] {logging_mixin.py:188} INFO - [2025-01-23T12:38:38.648+0000] {dag.py:3823} INFO - Setting next_dagrun for example_subdag_operator.section-1 to None, run_after=None
[2025-01-23T12:38:38.651+0000] {logging_mixin.py:188} INFO - [2025-01-23T12:38:38.650+0000] {dag.py:3823} INFO - Setting next_dagrun for example_subdag_operator.section-2 to None, run_after=None
[2025-01-23T12:38:38.665+0000] {logging_mixin.py:188} INFO - [2025-01-23T12:38:38.665+0000] {dag.py:3036} INFO - Sync 2 DAGs
[2025-01-23T12:38:38.677+0000] {logging_mixin.py:188} INFO - [2025-01-23T12:38:38.676+0000] {dag.py:3823} INFO - Setting next_dagrun for example_subdag_operator.section-1 to None, run_after=None
[2025-01-23T12:38:38.678+0000] {logging_mixin.py:188} INFO - [2025-01-23T12:38:38.677+0000] {dag.py:3823} INFO - Setting next_dagrun for example_subdag_operator.section-2 to None, run_after=None
[2025-01-23T12:38:38.706+0000] {processor.py:183} INFO - Processing /home/airflow/.local/lib/python3.8/site-packages/airflow/example_dags/example_subdag_operator.py took 0.183 seconds
[2025-01-23T12:39:08.818+0000] {processor.py:161} INFO - Started process (PID=826) to work on /home/airflow/.local/lib/python3.8/site-packages/airflow/example_dags/example_subdag_operator.py
[2025-01-23T12:39:08.820+0000] {processor.py:830} INFO - Processing file /home/airflow/.local/lib/python3.8/site-packages/airflow/example_dags/example_subdag_operator.py for tasks to queue
[2025-01-23T12:39:08.827+0000] {logging_mixin.py:188} INFO - [2025-01-23T12:39:08.826+0000] {dagbag.py:538} INFO - Filling up the DagBag from /home/airflow/.local/lib/python3.8/site-packages/airflow/example_dags/example_subdag_operator.py
[2025-01-23T12:39:08.891+0000] {processor.py:840} INFO - DAG(s) 'example_subdag_operator.section-1', 'example_subdag_operator.section-2', 'example_subdag_operator' retrieved from /home/airflow/.local/lib/python3.8/site-packages/airflow/example_dags/example_subdag_operator.py
[2025-01-23T12:39:08.948+0000] {logging_mixin.py:188} INFO - [2025-01-23T12:39:08.947+0000] {dag.py:3036} INFO - Sync 3 DAGs
[2025-01-23T12:39:09.010+0000] {logging_mixin.py:188} INFO - [2025-01-23T12:39:09.010+0000] {dag.py:3823} INFO - Setting next_dagrun for example_subdag_operator to 2022-01-01 00:00:00+00:00, run_after=2022-01-01 00:00:00+00:00
[2025-01-23T12:39:09.020+0000] {logging_mixin.py:188} INFO - [2025-01-23T12:39:09.020+0000] {dag.py:3823} INFO - Setting next_dagrun for example_subdag_operator.section-1 to None, run_after=None
[2025-01-23T12:39:09.026+0000] {logging_mixin.py:188} INFO - [2025-01-23T12:39:09.024+0000] {dag.py:3823} INFO - Setting next_dagrun for example_subdag_operator.section-2 to None, run_after=None
[2025-01-23T12:39:09.046+0000] {logging_mixin.py:188} INFO - [2025-01-23T12:39:09.045+0000] {dag.py:3036} INFO - Sync 2 DAGs
[2025-01-23T12:39:09.058+0000] {logging_mixin.py:188} INFO - [2025-01-23T12:39:09.058+0000] {dag.py:3823} INFO - Setting next_dagrun for example_subdag_operator.section-1 to None, run_after=None
[2025-01-23T12:39:09.060+0000] {logging_mixin.py:188} INFO - [2025-01-23T12:39:09.059+0000] {dag.py:3823} INFO - Setting next_dagrun for example_subdag_operator.section-2 to None, run_after=None
[2025-01-23T12:39:09.090+0000] {processor.py:183} INFO - Processing /home/airflow/.local/lib/python3.8/site-packages/airflow/example_dags/example_subdag_operator.py took 0.280 seconds
