[2025-01-23T09:22:47.162+0000] {processor.py:161} INFO - Started process (PID=80) to work on /home/airflow/.local/lib/python3.8/site-packages/airflow/example_dags/example_latest_only.py
[2025-01-23T09:22:47.191+0000] {processor.py:830} INFO - Processing file /home/airflow/.local/lib/python3.8/site-packages/airflow/example_dags/example_latest_only.py for tasks to queue
[2025-01-23T09:22:47.532+0000] {logging_mixin.py:188} INFO - [2025-01-23T09:22:47.525+0000] {dagbag.py:538} INFO - Filling up the DagBag from /home/airflow/.local/lib/python3.8/site-packages/airflow/example_dags/example_latest_only.py
[2025-01-23T09:22:48.071+0000] {processor.py:840} INFO - DAG(s) 'latest_only' retrieved from /home/airflow/.local/lib/python3.8/site-packages/airflow/example_dags/example_latest_only.py
[2025-01-23T09:22:50.117+0000] {logging_mixin.py:188} INFO - [2025-01-23T09:22:50.110+0000] {dag.py:3036} INFO - Sync 1 DAGs
[2025-01-23T09:22:50.588+0000] {logging_mixin.py:188} INFO - [2025-01-23T09:22:50.587+0000] {dag.py:3823} INFO - Setting next_dagrun for latest_only to 2025-01-23 04:00:00+00:00, run_after=2025-01-23 08:00:00+00:00
[2025-01-23T09:22:50.809+0000] {processor.py:183} INFO - Processing /home/airflow/.local/lib/python3.8/site-packages/airflow/example_dags/example_latest_only.py took 3.773 seconds
[2025-01-23T09:23:21.146+0000] {processor.py:161} INFO - Started process (PID=140) to work on /home/airflow/.local/lib/python3.8/site-packages/airflow/example_dags/example_latest_only.py
[2025-01-23T09:23:21.151+0000] {processor.py:830} INFO - Processing file /home/airflow/.local/lib/python3.8/site-packages/airflow/example_dags/example_latest_only.py for tasks to queue
[2025-01-23T09:23:21.159+0000] {logging_mixin.py:188} INFO - [2025-01-23T09:23:21.158+0000] {dagbag.py:538} INFO - Filling up the DagBag from /home/airflow/.local/lib/python3.8/site-packages/airflow/example_dags/example_latest_only.py
[2025-01-23T09:23:21.186+0000] {processor.py:840} INFO - DAG(s) 'latest_only' retrieved from /home/airflow/.local/lib/python3.8/site-packages/airflow/example_dags/example_latest_only.py
[2025-01-23T09:23:21.303+0000] {logging_mixin.py:188} INFO - [2025-01-23T09:23:21.302+0000] {dag.py:3036} INFO - Sync 1 DAGs
[2025-01-23T09:23:21.436+0000] {logging_mixin.py:188} INFO - [2025-01-23T09:23:21.435+0000] {dag.py:3823} INFO - Setting next_dagrun for latest_only to 2025-01-23 04:00:00+00:00, run_after=2025-01-23 08:00:00+00:00
[2025-01-23T09:23:21.520+0000] {processor.py:183} INFO - Processing /home/airflow/.local/lib/python3.8/site-packages/airflow/example_dags/example_latest_only.py took 0.395 seconds
[2025-01-23T09:23:52.005+0000] {processor.py:161} INFO - Started process (PID=194) to work on /home/airflow/.local/lib/python3.8/site-packages/airflow/example_dags/example_latest_only.py
[2025-01-23T09:23:52.009+0000] {processor.py:830} INFO - Processing file /home/airflow/.local/lib/python3.8/site-packages/airflow/example_dags/example_latest_only.py for tasks to queue
[2025-01-23T09:23:52.030+0000] {logging_mixin.py:188} INFO - [2025-01-23T09:23:52.027+0000] {dagbag.py:538} INFO - Filling up the DagBag from /home/airflow/.local/lib/python3.8/site-packages/airflow/example_dags/example_latest_only.py
[2025-01-23T09:23:52.056+0000] {processor.py:840} INFO - DAG(s) 'latest_only' retrieved from /home/airflow/.local/lib/python3.8/site-packages/airflow/example_dags/example_latest_only.py
[2025-01-23T09:23:52.197+0000] {logging_mixin.py:188} INFO - [2025-01-23T09:23:52.196+0000] {dag.py:3036} INFO - Sync 1 DAGs
[2025-01-23T09:23:52.343+0000] {logging_mixin.py:188} INFO - [2025-01-23T09:23:52.343+0000] {dag.py:3823} INFO - Setting next_dagrun for latest_only to 2025-01-23 04:00:00+00:00, run_after=2025-01-23 08:00:00+00:00
[2025-01-23T09:23:52.432+0000] {processor.py:183} INFO - Processing /home/airflow/.local/lib/python3.8/site-packages/airflow/example_dags/example_latest_only.py took 0.437 seconds
[2025-01-23T09:24:23.231+0000] {processor.py:161} INFO - Started process (PID=250) to work on /home/airflow/.local/lib/python3.8/site-packages/airflow/example_dags/example_latest_only.py
[2025-01-23T09:24:23.232+0000] {processor.py:830} INFO - Processing file /home/airflow/.local/lib/python3.8/site-packages/airflow/example_dags/example_latest_only.py for tasks to queue
[2025-01-23T09:24:23.236+0000] {logging_mixin.py:188} INFO - [2025-01-23T09:24:23.235+0000] {dagbag.py:538} INFO - Filling up the DagBag from /home/airflow/.local/lib/python3.8/site-packages/airflow/example_dags/example_latest_only.py
[2025-01-23T09:24:23.244+0000] {processor.py:840} INFO - DAG(s) 'latest_only' retrieved from /home/airflow/.local/lib/python3.8/site-packages/airflow/example_dags/example_latest_only.py
[2025-01-23T09:24:23.283+0000] {logging_mixin.py:188} INFO - [2025-01-23T09:24:23.283+0000] {dag.py:3036} INFO - Sync 1 DAGs
[2025-01-23T09:24:23.330+0000] {logging_mixin.py:188} INFO - [2025-01-23T09:24:23.329+0000] {dag.py:3823} INFO - Setting next_dagrun for latest_only to 2025-01-23 04:00:00+00:00, run_after=2025-01-23 08:00:00+00:00
[2025-01-23T09:24:23.364+0000] {processor.py:183} INFO - Processing /home/airflow/.local/lib/python3.8/site-packages/airflow/example_dags/example_latest_only.py took 0.138 seconds
[2025-01-23T09:24:53.792+0000] {processor.py:161} INFO - Started process (PID=306) to work on /home/airflow/.local/lib/python3.8/site-packages/airflow/example_dags/example_latest_only.py
[2025-01-23T09:24:53.794+0000] {processor.py:830} INFO - Processing file /home/airflow/.local/lib/python3.8/site-packages/airflow/example_dags/example_latest_only.py for tasks to queue
[2025-01-23T09:24:53.798+0000] {logging_mixin.py:188} INFO - [2025-01-23T09:24:53.797+0000] {dagbag.py:538} INFO - Filling up the DagBag from /home/airflow/.local/lib/python3.8/site-packages/airflow/example_dags/example_latest_only.py
[2025-01-23T09:24:53.806+0000] {processor.py:840} INFO - DAG(s) 'latest_only' retrieved from /home/airflow/.local/lib/python3.8/site-packages/airflow/example_dags/example_latest_only.py
[2025-01-23T09:24:53.844+0000] {logging_mixin.py:188} INFO - [2025-01-23T09:24:53.844+0000] {dag.py:3036} INFO - Sync 1 DAGs
[2025-01-23T09:24:53.890+0000] {logging_mixin.py:188} INFO - [2025-01-23T09:24:53.890+0000] {dag.py:3823} INFO - Setting next_dagrun for latest_only to 2025-01-23 04:00:00+00:00, run_after=2025-01-23 08:00:00+00:00
[2025-01-23T09:24:53.931+0000] {processor.py:183} INFO - Processing /home/airflow/.local/lib/python3.8/site-packages/airflow/example_dags/example_latest_only.py took 0.144 seconds
[2025-01-23T09:25:24.535+0000] {processor.py:161} INFO - Started process (PID=362) to work on /home/airflow/.local/lib/python3.8/site-packages/airflow/example_dags/example_latest_only.py
[2025-01-23T09:25:24.537+0000] {processor.py:830} INFO - Processing file /home/airflow/.local/lib/python3.8/site-packages/airflow/example_dags/example_latest_only.py for tasks to queue
[2025-01-23T09:25:24.543+0000] {logging_mixin.py:188} INFO - [2025-01-23T09:25:24.542+0000] {dagbag.py:538} INFO - Filling up the DagBag from /home/airflow/.local/lib/python3.8/site-packages/airflow/example_dags/example_latest_only.py
[2025-01-23T09:25:24.552+0000] {processor.py:840} INFO - DAG(s) 'latest_only' retrieved from /home/airflow/.local/lib/python3.8/site-packages/airflow/example_dags/example_latest_only.py
[2025-01-23T09:25:24.606+0000] {logging_mixin.py:188} INFO - [2025-01-23T09:25:24.606+0000] {dag.py:3036} INFO - Sync 1 DAGs
[2025-01-23T09:25:24.660+0000] {logging_mixin.py:188} INFO - [2025-01-23T09:25:24.659+0000] {dag.py:3823} INFO - Setting next_dagrun for latest_only to 2025-01-23 04:00:00+00:00, run_after=2025-01-23 08:00:00+00:00
[2025-01-23T09:25:24.716+0000] {processor.py:183} INFO - Processing /home/airflow/.local/lib/python3.8/site-packages/airflow/example_dags/example_latest_only.py took 0.189 seconds
[2025-01-23T09:25:55.416+0000] {processor.py:161} INFO - Started process (PID=418) to work on /home/airflow/.local/lib/python3.8/site-packages/airflow/example_dags/example_latest_only.py
[2025-01-23T09:25:55.420+0000] {processor.py:830} INFO - Processing file /home/airflow/.local/lib/python3.8/site-packages/airflow/example_dags/example_latest_only.py for tasks to queue
[2025-01-23T09:25:55.426+0000] {logging_mixin.py:188} INFO - [2025-01-23T09:25:55.425+0000] {dagbag.py:538} INFO - Filling up the DagBag from /home/airflow/.local/lib/python3.8/site-packages/airflow/example_dags/example_latest_only.py
[2025-01-23T09:25:55.440+0000] {processor.py:840} INFO - DAG(s) 'latest_only' retrieved from /home/airflow/.local/lib/python3.8/site-packages/airflow/example_dags/example_latest_only.py
[2025-01-23T09:25:55.496+0000] {logging_mixin.py:188} INFO - [2025-01-23T09:25:55.495+0000] {dag.py:3036} INFO - Sync 1 DAGs
[2025-01-23T09:25:55.624+0000] {logging_mixin.py:188} INFO - [2025-01-23T09:25:55.623+0000] {dag.py:3823} INFO - Setting next_dagrun for latest_only to 2025-01-23 04:00:00+00:00, run_after=2025-01-23 08:00:00+00:00
[2025-01-23T09:25:55.708+0000] {processor.py:183} INFO - Processing /home/airflow/.local/lib/python3.8/site-packages/airflow/example_dags/example_latest_only.py took 0.301 seconds
[2025-01-23T09:26:26.652+0000] {processor.py:161} INFO - Started process (PID=474) to work on /home/airflow/.local/lib/python3.8/site-packages/airflow/example_dags/example_latest_only.py
[2025-01-23T09:26:26.654+0000] {processor.py:830} INFO - Processing file /home/airflow/.local/lib/python3.8/site-packages/airflow/example_dags/example_latest_only.py for tasks to queue
[2025-01-23T09:26:26.657+0000] {logging_mixin.py:188} INFO - [2025-01-23T09:26:26.656+0000] {dagbag.py:538} INFO - Filling up the DagBag from /home/airflow/.local/lib/python3.8/site-packages/airflow/example_dags/example_latest_only.py
[2025-01-23T09:26:26.665+0000] {processor.py:840} INFO - DAG(s) 'latest_only' retrieved from /home/airflow/.local/lib/python3.8/site-packages/airflow/example_dags/example_latest_only.py
[2025-01-23T09:26:26.703+0000] {logging_mixin.py:188} INFO - [2025-01-23T09:26:26.702+0000] {dag.py:3036} INFO - Sync 1 DAGs
[2025-01-23T09:26:26.749+0000] {logging_mixin.py:188} INFO - [2025-01-23T09:26:26.748+0000] {dag.py:3823} INFO - Setting next_dagrun for latest_only to 2025-01-23 04:00:00+00:00, run_after=2025-01-23 08:00:00+00:00
[2025-01-23T09:26:26.785+0000] {processor.py:183} INFO - Processing /home/airflow/.local/lib/python3.8/site-packages/airflow/example_dags/example_latest_only.py took 0.139 seconds
[2025-01-23T09:26:57.247+0000] {processor.py:161} INFO - Started process (PID=530) to work on /home/airflow/.local/lib/python3.8/site-packages/airflow/example_dags/example_latest_only.py
[2025-01-23T09:26:57.252+0000] {processor.py:830} INFO - Processing file /home/airflow/.local/lib/python3.8/site-packages/airflow/example_dags/example_latest_only.py for tasks to queue
[2025-01-23T09:26:57.257+0000] {logging_mixin.py:188} INFO - [2025-01-23T09:26:57.256+0000] {dagbag.py:538} INFO - Filling up the DagBag from /home/airflow/.local/lib/python3.8/site-packages/airflow/example_dags/example_latest_only.py
[2025-01-23T09:26:57.271+0000] {processor.py:840} INFO - DAG(s) 'latest_only' retrieved from /home/airflow/.local/lib/python3.8/site-packages/airflow/example_dags/example_latest_only.py
[2025-01-23T09:26:57.312+0000] {logging_mixin.py:188} INFO - [2025-01-23T09:26:57.311+0000] {dag.py:3036} INFO - Sync 1 DAGs
[2025-01-23T09:26:57.389+0000] {logging_mixin.py:188} INFO - [2025-01-23T09:26:57.388+0000] {dag.py:3823} INFO - Setting next_dagrun for latest_only to 2025-01-23 04:00:00+00:00, run_after=2025-01-23 08:00:00+00:00
[2025-01-23T09:26:57.452+0000] {processor.py:183} INFO - Processing /home/airflow/.local/lib/python3.8/site-packages/airflow/example_dags/example_latest_only.py took 0.216 seconds
[2025-01-23T09:27:28.133+0000] {processor.py:161} INFO - Started process (PID=586) to work on /home/airflow/.local/lib/python3.8/site-packages/airflow/example_dags/example_latest_only.py
[2025-01-23T09:27:28.135+0000] {processor.py:830} INFO - Processing file /home/airflow/.local/lib/python3.8/site-packages/airflow/example_dags/example_latest_only.py for tasks to queue
[2025-01-23T09:27:28.138+0000] {logging_mixin.py:188} INFO - [2025-01-23T09:27:28.138+0000] {dagbag.py:538} INFO - Filling up the DagBag from /home/airflow/.local/lib/python3.8/site-packages/airflow/example_dags/example_latest_only.py
[2025-01-23T09:27:28.148+0000] {processor.py:840} INFO - DAG(s) 'latest_only' retrieved from /home/airflow/.local/lib/python3.8/site-packages/airflow/example_dags/example_latest_only.py
[2025-01-23T09:27:28.192+0000] {logging_mixin.py:188} INFO - [2025-01-23T09:27:28.191+0000] {dag.py:3036} INFO - Sync 1 DAGs
[2025-01-23T09:27:28.241+0000] {logging_mixin.py:188} INFO - [2025-01-23T09:27:28.241+0000] {dag.py:3823} INFO - Setting next_dagrun for latest_only to 2025-01-23 04:00:00+00:00, run_after=2025-01-23 08:00:00+00:00
[2025-01-23T09:27:28.287+0000] {processor.py:183} INFO - Processing /home/airflow/.local/lib/python3.8/site-packages/airflow/example_dags/example_latest_only.py took 0.163 seconds
[2025-01-23T09:27:58.562+0000] {processor.py:161} INFO - Started process (PID=642) to work on /home/airflow/.local/lib/python3.8/site-packages/airflow/example_dags/example_latest_only.py
[2025-01-23T09:27:58.564+0000] {processor.py:830} INFO - Processing file /home/airflow/.local/lib/python3.8/site-packages/airflow/example_dags/example_latest_only.py for tasks to queue
[2025-01-23T09:27:58.566+0000] {logging_mixin.py:188} INFO - [2025-01-23T09:27:58.566+0000] {dagbag.py:538} INFO - Filling up the DagBag from /home/airflow/.local/lib/python3.8/site-packages/airflow/example_dags/example_latest_only.py
[2025-01-23T09:27:58.576+0000] {processor.py:840} INFO - DAG(s) 'latest_only' retrieved from /home/airflow/.local/lib/python3.8/site-packages/airflow/example_dags/example_latest_only.py
[2025-01-23T09:27:58.606+0000] {logging_mixin.py:188} INFO - [2025-01-23T09:27:58.606+0000] {dag.py:3036} INFO - Sync 1 DAGs
[2025-01-23T09:27:58.639+0000] {logging_mixin.py:188} INFO - [2025-01-23T09:27:58.639+0000] {dag.py:3823} INFO - Setting next_dagrun for latest_only to 2025-01-23 04:00:00+00:00, run_after=2025-01-23 08:00:00+00:00
[2025-01-23T09:27:58.677+0000] {processor.py:183} INFO - Processing /home/airflow/.local/lib/python3.8/site-packages/airflow/example_dags/example_latest_only.py took 0.119 seconds
[2025-01-23T09:28:29.320+0000] {processor.py:161} INFO - Started process (PID=698) to work on /home/airflow/.local/lib/python3.8/site-packages/airflow/example_dags/example_latest_only.py
[2025-01-23T09:28:29.323+0000] {processor.py:830} INFO - Processing file /home/airflow/.local/lib/python3.8/site-packages/airflow/example_dags/example_latest_only.py for tasks to queue
[2025-01-23T09:28:29.328+0000] {logging_mixin.py:188} INFO - [2025-01-23T09:28:29.328+0000] {dagbag.py:538} INFO - Filling up the DagBag from /home/airflow/.local/lib/python3.8/site-packages/airflow/example_dags/example_latest_only.py
[2025-01-23T09:28:29.340+0000] {processor.py:840} INFO - DAG(s) 'latest_only' retrieved from /home/airflow/.local/lib/python3.8/site-packages/airflow/example_dags/example_latest_only.py
[2025-01-23T09:28:29.381+0000] {logging_mixin.py:188} INFO - [2025-01-23T09:28:29.381+0000] {dag.py:3036} INFO - Sync 1 DAGs
[2025-01-23T09:28:29.426+0000] {logging_mixin.py:188} INFO - [2025-01-23T09:28:29.426+0000] {dag.py:3823} INFO - Setting next_dagrun for latest_only to 2025-01-23 04:00:00+00:00, run_after=2025-01-23 08:00:00+00:00
[2025-01-23T09:28:29.470+0000] {processor.py:183} INFO - Processing /home/airflow/.local/lib/python3.8/site-packages/airflow/example_dags/example_latest_only.py took 0.159 seconds
[2025-01-23T09:28:59.597+0000] {processor.py:161} INFO - Started process (PID=754) to work on /home/airflow/.local/lib/python3.8/site-packages/airflow/example_dags/example_latest_only.py
[2025-01-23T09:28:59.599+0000] {processor.py:830} INFO - Processing file /home/airflow/.local/lib/python3.8/site-packages/airflow/example_dags/example_latest_only.py for tasks to queue
[2025-01-23T09:28:59.603+0000] {logging_mixin.py:188} INFO - [2025-01-23T09:28:59.603+0000] {dagbag.py:538} INFO - Filling up the DagBag from /home/airflow/.local/lib/python3.8/site-packages/airflow/example_dags/example_latest_only.py
[2025-01-23T09:28:59.612+0000] {processor.py:840} INFO - DAG(s) 'latest_only' retrieved from /home/airflow/.local/lib/python3.8/site-packages/airflow/example_dags/example_latest_only.py
[2025-01-23T09:28:59.658+0000] {logging_mixin.py:188} INFO - [2025-01-23T09:28:59.657+0000] {dag.py:3036} INFO - Sync 1 DAGs
[2025-01-23T09:28:59.722+0000] {logging_mixin.py:188} INFO - [2025-01-23T09:28:59.722+0000] {dag.py:3823} INFO - Setting next_dagrun for latest_only to 2025-01-23 04:00:00+00:00, run_after=2025-01-23 08:00:00+00:00
[2025-01-23T09:28:59.781+0000] {processor.py:183} INFO - Processing /home/airflow/.local/lib/python3.8/site-packages/airflow/example_dags/example_latest_only.py took 0.190 seconds
[2025-01-23T09:29:30.475+0000] {processor.py:161} INFO - Started process (PID=810) to work on /home/airflow/.local/lib/python3.8/site-packages/airflow/example_dags/example_latest_only.py
[2025-01-23T09:29:30.479+0000] {processor.py:830} INFO - Processing file /home/airflow/.local/lib/python3.8/site-packages/airflow/example_dags/example_latest_only.py for tasks to queue
[2025-01-23T09:29:30.483+0000] {logging_mixin.py:188} INFO - [2025-01-23T09:29:30.483+0000] {dagbag.py:538} INFO - Filling up the DagBag from /home/airflow/.local/lib/python3.8/site-packages/airflow/example_dags/example_latest_only.py
[2025-01-23T09:29:30.493+0000] {processor.py:840} INFO - DAG(s) 'latest_only' retrieved from /home/airflow/.local/lib/python3.8/site-packages/airflow/example_dags/example_latest_only.py
[2025-01-23T09:29:30.548+0000] {logging_mixin.py:188} INFO - [2025-01-23T09:29:30.547+0000] {dag.py:3036} INFO - Sync 1 DAGs
[2025-01-23T09:29:30.597+0000] {logging_mixin.py:188} INFO - [2025-01-23T09:29:30.597+0000] {dag.py:3823} INFO - Setting next_dagrun for latest_only to 2025-01-23 04:00:00+00:00, run_after=2025-01-23 08:00:00+00:00
[2025-01-23T09:29:30.640+0000] {processor.py:183} INFO - Processing /home/airflow/.local/lib/python3.8/site-packages/airflow/example_dags/example_latest_only.py took 0.173 seconds
[2025-01-23T09:30:01.374+0000] {processor.py:161} INFO - Started process (PID=872) to work on /home/airflow/.local/lib/python3.8/site-packages/airflow/example_dags/example_latest_only.py
[2025-01-23T09:30:01.377+0000] {processor.py:830} INFO - Processing file /home/airflow/.local/lib/python3.8/site-packages/airflow/example_dags/example_latest_only.py for tasks to queue
[2025-01-23T09:30:01.380+0000] {logging_mixin.py:188} INFO - [2025-01-23T09:30:01.380+0000] {dagbag.py:538} INFO - Filling up the DagBag from /home/airflow/.local/lib/python3.8/site-packages/airflow/example_dags/example_latest_only.py
[2025-01-23T09:30:01.392+0000] {processor.py:840} INFO - DAG(s) 'latest_only' retrieved from /home/airflow/.local/lib/python3.8/site-packages/airflow/example_dags/example_latest_only.py
[2025-01-23T09:30:01.430+0000] {logging_mixin.py:188} INFO - [2025-01-23T09:30:01.429+0000] {dag.py:3036} INFO - Sync 1 DAGs
[2025-01-23T09:30:01.491+0000] {logging_mixin.py:188} INFO - [2025-01-23T09:30:01.491+0000] {dag.py:3823} INFO - Setting next_dagrun for latest_only to 2025-01-23 04:00:00+00:00, run_after=2025-01-23 08:00:00+00:00
[2025-01-23T09:30:01.562+0000] {processor.py:183} INFO - Processing /home/airflow/.local/lib/python3.8/site-packages/airflow/example_dags/example_latest_only.py took 0.194 seconds
[2025-01-23T09:30:32.477+0000] {processor.py:161} INFO - Started process (PID=928) to work on /home/airflow/.local/lib/python3.8/site-packages/airflow/example_dags/example_latest_only.py
[2025-01-23T09:30:32.484+0000] {processor.py:830} INFO - Processing file /home/airflow/.local/lib/python3.8/site-packages/airflow/example_dags/example_latest_only.py for tasks to queue
[2025-01-23T09:30:32.490+0000] {logging_mixin.py:188} INFO - [2025-01-23T09:30:32.489+0000] {dagbag.py:538} INFO - Filling up the DagBag from /home/airflow/.local/lib/python3.8/site-packages/airflow/example_dags/example_latest_only.py
[2025-01-23T09:30:32.511+0000] {processor.py:840} INFO - DAG(s) 'latest_only' retrieved from /home/airflow/.local/lib/python3.8/site-packages/airflow/example_dags/example_latest_only.py
[2025-01-23T09:30:32.607+0000] {logging_mixin.py:188} INFO - [2025-01-23T09:30:32.604+0000] {dag.py:3036} INFO - Sync 1 DAGs
[2025-01-23T09:30:32.705+0000] {logging_mixin.py:188} INFO - [2025-01-23T09:30:32.705+0000] {dag.py:3823} INFO - Setting next_dagrun for latest_only to 2025-01-23 04:00:00+00:00, run_after=2025-01-23 08:00:00+00:00
[2025-01-23T09:30:32.783+0000] {processor.py:183} INFO - Processing /home/airflow/.local/lib/python3.8/site-packages/airflow/example_dags/example_latest_only.py took 0.314 seconds
[2025-01-23T09:31:03.092+0000] {processor.py:161} INFO - Started process (PID=984) to work on /home/airflow/.local/lib/python3.8/site-packages/airflow/example_dags/example_latest_only.py
[2025-01-23T09:31:03.095+0000] {processor.py:830} INFO - Processing file /home/airflow/.local/lib/python3.8/site-packages/airflow/example_dags/example_latest_only.py for tasks to queue
[2025-01-23T09:31:03.096+0000] {logging_mixin.py:188} INFO - [2025-01-23T09:31:03.096+0000] {dagbag.py:538} INFO - Filling up the DagBag from /home/airflow/.local/lib/python3.8/site-packages/airflow/example_dags/example_latest_only.py
[2025-01-23T09:31:03.109+0000] {processor.py:840} INFO - DAG(s) 'latest_only' retrieved from /home/airflow/.local/lib/python3.8/site-packages/airflow/example_dags/example_latest_only.py
[2025-01-23T09:31:03.154+0000] {logging_mixin.py:188} INFO - [2025-01-23T09:31:03.153+0000] {dag.py:3036} INFO - Sync 1 DAGs
[2025-01-23T09:31:03.217+0000] {logging_mixin.py:188} INFO - [2025-01-23T09:31:03.216+0000] {dag.py:3823} INFO - Setting next_dagrun for latest_only to 2025-01-23 04:00:00+00:00, run_after=2025-01-23 08:00:00+00:00
[2025-01-23T09:31:03.283+0000] {processor.py:183} INFO - Processing /home/airflow/.local/lib/python3.8/site-packages/airflow/example_dags/example_latest_only.py took 0.200 seconds
[2025-01-23T09:31:33.771+0000] {processor.py:161} INFO - Started process (PID=1041) to work on /home/airflow/.local/lib/python3.8/site-packages/airflow/example_dags/example_latest_only.py
[2025-01-23T09:31:33.775+0000] {processor.py:830} INFO - Processing file /home/airflow/.local/lib/python3.8/site-packages/airflow/example_dags/example_latest_only.py for tasks to queue
[2025-01-23T09:31:33.779+0000] {logging_mixin.py:188} INFO - [2025-01-23T09:31:33.778+0000] {dagbag.py:538} INFO - Filling up the DagBag from /home/airflow/.local/lib/python3.8/site-packages/airflow/example_dags/example_latest_only.py
[2025-01-23T09:31:33.810+0000] {processor.py:840} INFO - DAG(s) 'latest_only' retrieved from /home/airflow/.local/lib/python3.8/site-packages/airflow/example_dags/example_latest_only.py
[2025-01-23T09:31:33.980+0000] {logging_mixin.py:188} INFO - [2025-01-23T09:31:33.979+0000] {dag.py:3036} INFO - Sync 1 DAGs
[2025-01-23T09:31:34.203+0000] {logging_mixin.py:188} INFO - [2025-01-23T09:31:34.194+0000] {dag.py:3823} INFO - Setting next_dagrun for latest_only to 2025-01-23 04:00:00+00:00, run_after=2025-01-23 08:00:00+00:00
[2025-01-23T09:31:34.358+0000] {processor.py:183} INFO - Processing /home/airflow/.local/lib/python3.8/site-packages/airflow/example_dags/example_latest_only.py took 0.600 seconds
[2025-01-23T09:32:04.826+0000] {processor.py:161} INFO - Started process (PID=1097) to work on /home/airflow/.local/lib/python3.8/site-packages/airflow/example_dags/example_latest_only.py
[2025-01-23T09:32:04.828+0000] {processor.py:830} INFO - Processing file /home/airflow/.local/lib/python3.8/site-packages/airflow/example_dags/example_latest_only.py for tasks to queue
[2025-01-23T09:32:04.829+0000] {logging_mixin.py:188} INFO - [2025-01-23T09:32:04.829+0000] {dagbag.py:538} INFO - Filling up the DagBag from /home/airflow/.local/lib/python3.8/site-packages/airflow/example_dags/example_latest_only.py
[2025-01-23T09:32:04.842+0000] {processor.py:840} INFO - DAG(s) 'latest_only' retrieved from /home/airflow/.local/lib/python3.8/site-packages/airflow/example_dags/example_latest_only.py
[2025-01-23T09:32:04.882+0000] {logging_mixin.py:188} INFO - [2025-01-23T09:32:04.881+0000] {dag.py:3036} INFO - Sync 1 DAGs
[2025-01-23T09:32:04.920+0000] {logging_mixin.py:188} INFO - [2025-01-23T09:32:04.920+0000] {dag.py:3823} INFO - Setting next_dagrun for latest_only to 2025-01-23 04:00:00+00:00, run_after=2025-01-23 08:00:00+00:00
[2025-01-23T09:32:04.978+0000] {processor.py:183} INFO - Processing /home/airflow/.local/lib/python3.8/site-packages/airflow/example_dags/example_latest_only.py took 0.158 seconds
[2025-01-23T09:32:35.990+0000] {processor.py:161} INFO - Started process (PID=1153) to work on /home/airflow/.local/lib/python3.8/site-packages/airflow/example_dags/example_latest_only.py
[2025-01-23T09:32:35.993+0000] {processor.py:830} INFO - Processing file /home/airflow/.local/lib/python3.8/site-packages/airflow/example_dags/example_latest_only.py for tasks to queue
[2025-01-23T09:32:35.998+0000] {logging_mixin.py:188} INFO - [2025-01-23T09:32:35.995+0000] {dagbag.py:538} INFO - Filling up the DagBag from /home/airflow/.local/lib/python3.8/site-packages/airflow/example_dags/example_latest_only.py
[2025-01-23T09:32:36.021+0000] {processor.py:840} INFO - DAG(s) 'latest_only' retrieved from /home/airflow/.local/lib/python3.8/site-packages/airflow/example_dags/example_latest_only.py
[2025-01-23T09:32:36.095+0000] {logging_mixin.py:188} INFO - [2025-01-23T09:32:36.094+0000] {dag.py:3036} INFO - Sync 1 DAGs
[2025-01-23T09:32:36.192+0000] {logging_mixin.py:188} INFO - [2025-01-23T09:32:36.190+0000] {dag.py:3823} INFO - Setting next_dagrun for latest_only to 2025-01-23 04:00:00+00:00, run_after=2025-01-23 08:00:00+00:00
[2025-01-23T09:32:36.279+0000] {processor.py:183} INFO - Processing /home/airflow/.local/lib/python3.8/site-packages/airflow/example_dags/example_latest_only.py took 0.305 seconds
[2025-01-23T09:33:06.472+0000] {processor.py:161} INFO - Started process (PID=1208) to work on /home/airflow/.local/lib/python3.8/site-packages/airflow/example_dags/example_latest_only.py
[2025-01-23T09:33:06.477+0000] {processor.py:830} INFO - Processing file /home/airflow/.local/lib/python3.8/site-packages/airflow/example_dags/example_latest_only.py for tasks to queue
[2025-01-23T09:33:06.479+0000] {logging_mixin.py:188} INFO - [2025-01-23T09:33:06.478+0000] {dagbag.py:538} INFO - Filling up the DagBag from /home/airflow/.local/lib/python3.8/site-packages/airflow/example_dags/example_latest_only.py
[2025-01-23T09:33:06.492+0000] {processor.py:840} INFO - DAG(s) 'latest_only' retrieved from /home/airflow/.local/lib/python3.8/site-packages/airflow/example_dags/example_latest_only.py
[2025-01-23T09:33:06.542+0000] {logging_mixin.py:188} INFO - [2025-01-23T09:33:06.542+0000] {dag.py:3036} INFO - Sync 1 DAGs
[2025-01-23T09:33:06.592+0000] {logging_mixin.py:188} INFO - [2025-01-23T09:33:06.592+0000] {dag.py:3823} INFO - Setting next_dagrun for latest_only to 2025-01-23 04:00:00+00:00, run_after=2025-01-23 08:00:00+00:00
[2025-01-23T09:33:06.629+0000] {processor.py:183} INFO - Processing /home/airflow/.local/lib/python3.8/site-packages/airflow/example_dags/example_latest_only.py took 0.163 seconds
[2025-01-23T09:33:37.251+0000] {processor.py:161} INFO - Started process (PID=1265) to work on /home/airflow/.local/lib/python3.8/site-packages/airflow/example_dags/example_latest_only.py
[2025-01-23T09:33:37.258+0000] {processor.py:830} INFO - Processing file /home/airflow/.local/lib/python3.8/site-packages/airflow/example_dags/example_latest_only.py for tasks to queue
[2025-01-23T09:33:37.265+0000] {logging_mixin.py:188} INFO - [2025-01-23T09:33:37.262+0000] {dagbag.py:538} INFO - Filling up the DagBag from /home/airflow/.local/lib/python3.8/site-packages/airflow/example_dags/example_latest_only.py
[2025-01-23T09:33:37.316+0000] {processor.py:840} INFO - DAG(s) 'latest_only' retrieved from /home/airflow/.local/lib/python3.8/site-packages/airflow/example_dags/example_latest_only.py
[2025-01-23T09:33:37.431+0000] {logging_mixin.py:188} INFO - [2025-01-23T09:33:37.430+0000] {dag.py:3036} INFO - Sync 1 DAGs
[2025-01-23T09:33:37.544+0000] {logging_mixin.py:188} INFO - [2025-01-23T09:33:37.543+0000] {dag.py:3823} INFO - Setting next_dagrun for latest_only to 2025-01-23 04:00:00+00:00, run_after=2025-01-23 08:00:00+00:00
[2025-01-23T09:33:37.622+0000] {processor.py:183} INFO - Processing /home/airflow/.local/lib/python3.8/site-packages/airflow/example_dags/example_latest_only.py took 0.382 seconds
[2025-01-23T09:34:08.513+0000] {processor.py:161} INFO - Started process (PID=1321) to work on /home/airflow/.local/lib/python3.8/site-packages/airflow/example_dags/example_latest_only.py
[2025-01-23T09:34:08.516+0000] {processor.py:830} INFO - Processing file /home/airflow/.local/lib/python3.8/site-packages/airflow/example_dags/example_latest_only.py for tasks to queue
[2025-01-23T09:34:08.518+0000] {logging_mixin.py:188} INFO - [2025-01-23T09:34:08.517+0000] {dagbag.py:538} INFO - Filling up the DagBag from /home/airflow/.local/lib/python3.8/site-packages/airflow/example_dags/example_latest_only.py
[2025-01-23T09:34:08.529+0000] {processor.py:840} INFO - DAG(s) 'latest_only' retrieved from /home/airflow/.local/lib/python3.8/site-packages/airflow/example_dags/example_latest_only.py
[2025-01-23T09:34:08.581+0000] {logging_mixin.py:188} INFO - [2025-01-23T09:34:08.580+0000] {dag.py:3036} INFO - Sync 1 DAGs
[2025-01-23T09:34:08.661+0000] {logging_mixin.py:188} INFO - [2025-01-23T09:34:08.660+0000] {dag.py:3823} INFO - Setting next_dagrun for latest_only to 2025-01-23 04:00:00+00:00, run_after=2025-01-23 08:00:00+00:00
[2025-01-23T09:34:08.727+0000] {processor.py:183} INFO - Processing /home/airflow/.local/lib/python3.8/site-packages/airflow/example_dags/example_latest_only.py took 0.221 seconds
[2025-01-23T09:34:39.268+0000] {processor.py:161} INFO - Started process (PID=1377) to work on /home/airflow/.local/lib/python3.8/site-packages/airflow/example_dags/example_latest_only.py
[2025-01-23T09:34:39.271+0000] {processor.py:830} INFO - Processing file /home/airflow/.local/lib/python3.8/site-packages/airflow/example_dags/example_latest_only.py for tasks to queue
[2025-01-23T09:34:39.272+0000] {logging_mixin.py:188} INFO - [2025-01-23T09:34:39.272+0000] {dagbag.py:538} INFO - Filling up the DagBag from /home/airflow/.local/lib/python3.8/site-packages/airflow/example_dags/example_latest_only.py
[2025-01-23T09:34:39.282+0000] {processor.py:840} INFO - DAG(s) 'latest_only' retrieved from /home/airflow/.local/lib/python3.8/site-packages/airflow/example_dags/example_latest_only.py
[2025-01-23T09:34:39.323+0000] {logging_mixin.py:188} INFO - [2025-01-23T09:34:39.323+0000] {dag.py:3036} INFO - Sync 1 DAGs
[2025-01-23T09:34:39.374+0000] {logging_mixin.py:188} INFO - [2025-01-23T09:34:39.374+0000] {dag.py:3823} INFO - Setting next_dagrun for latest_only to 2025-01-23 04:00:00+00:00, run_after=2025-01-23 08:00:00+00:00
[2025-01-23T09:34:39.423+0000] {processor.py:183} INFO - Processing /home/airflow/.local/lib/python3.8/site-packages/airflow/example_dags/example_latest_only.py took 0.162 seconds
[2025-01-23T09:35:09.605+0000] {processor.py:161} INFO - Started process (PID=1434) to work on /home/airflow/.local/lib/python3.8/site-packages/airflow/example_dags/example_latest_only.py
[2025-01-23T09:35:09.608+0000] {processor.py:830} INFO - Processing file /home/airflow/.local/lib/python3.8/site-packages/airflow/example_dags/example_latest_only.py for tasks to queue
[2025-01-23T09:35:09.609+0000] {logging_mixin.py:188} INFO - [2025-01-23T09:35:09.609+0000] {dagbag.py:538} INFO - Filling up the DagBag from /home/airflow/.local/lib/python3.8/site-packages/airflow/example_dags/example_latest_only.py
[2025-01-23T09:35:09.622+0000] {processor.py:840} INFO - DAG(s) 'latest_only' retrieved from /home/airflow/.local/lib/python3.8/site-packages/airflow/example_dags/example_latest_only.py
[2025-01-23T09:35:09.664+0000] {logging_mixin.py:188} INFO - [2025-01-23T09:35:09.664+0000] {dag.py:3036} INFO - Sync 1 DAGs
[2025-01-23T09:35:09.720+0000] {logging_mixin.py:188} INFO - [2025-01-23T09:35:09.719+0000] {dag.py:3823} INFO - Setting next_dagrun for latest_only to 2025-01-23 04:00:00+00:00, run_after=2025-01-23 08:00:00+00:00
[2025-01-23T09:35:09.762+0000] {processor.py:183} INFO - Processing /home/airflow/.local/lib/python3.8/site-packages/airflow/example_dags/example_latest_only.py took 0.165 seconds
[2025-01-23T09:35:39.825+0000] {processor.py:161} INFO - Started process (PID=1488) to work on /home/airflow/.local/lib/python3.8/site-packages/airflow/example_dags/example_latest_only.py
[2025-01-23T09:35:39.827+0000] {processor.py:830} INFO - Processing file /home/airflow/.local/lib/python3.8/site-packages/airflow/example_dags/example_latest_only.py for tasks to queue
[2025-01-23T09:35:39.829+0000] {logging_mixin.py:188} INFO - [2025-01-23T09:35:39.828+0000] {dagbag.py:538} INFO - Filling up the DagBag from /home/airflow/.local/lib/python3.8/site-packages/airflow/example_dags/example_latest_only.py
[2025-01-23T09:35:39.840+0000] {processor.py:840} INFO - DAG(s) 'latest_only' retrieved from /home/airflow/.local/lib/python3.8/site-packages/airflow/example_dags/example_latest_only.py
[2025-01-23T09:35:39.877+0000] {logging_mixin.py:188} INFO - [2025-01-23T09:35:39.876+0000] {dag.py:3036} INFO - Sync 1 DAGs
[2025-01-23T09:35:39.955+0000] {logging_mixin.py:188} INFO - [2025-01-23T09:35:39.954+0000] {dag.py:3823} INFO - Setting next_dagrun for latest_only to 2025-01-23 04:00:00+00:00, run_after=2025-01-23 08:00:00+00:00
[2025-01-23T09:35:39.993+0000] {processor.py:183} INFO - Processing /home/airflow/.local/lib/python3.8/site-packages/airflow/example_dags/example_latest_only.py took 0.174 seconds
[2025-01-23T09:36:10.369+0000] {processor.py:161} INFO - Started process (PID=1545) to work on /home/airflow/.local/lib/python3.8/site-packages/airflow/example_dags/example_latest_only.py
[2025-01-23T09:36:10.371+0000] {processor.py:830} INFO - Processing file /home/airflow/.local/lib/python3.8/site-packages/airflow/example_dags/example_latest_only.py for tasks to queue
[2025-01-23T09:36:10.374+0000] {logging_mixin.py:188} INFO - [2025-01-23T09:36:10.374+0000] {dagbag.py:538} INFO - Filling up the DagBag from /home/airflow/.local/lib/python3.8/site-packages/airflow/example_dags/example_latest_only.py
[2025-01-23T09:36:10.391+0000] {processor.py:840} INFO - DAG(s) 'latest_only' retrieved from /home/airflow/.local/lib/python3.8/site-packages/airflow/example_dags/example_latest_only.py
[2025-01-23T09:36:10.448+0000] {logging_mixin.py:188} INFO - [2025-01-23T09:36:10.447+0000] {dag.py:3036} INFO - Sync 1 DAGs
[2025-01-23T09:36:10.510+0000] {logging_mixin.py:188} INFO - [2025-01-23T09:36:10.510+0000] {dag.py:3823} INFO - Setting next_dagrun for latest_only to 2025-01-23 04:00:00+00:00, run_after=2025-01-23 08:00:00+00:00
[2025-01-23T09:36:10.570+0000] {processor.py:183} INFO - Processing /home/airflow/.local/lib/python3.8/site-packages/airflow/example_dags/example_latest_only.py took 0.218 seconds
[2025-01-23T09:36:41.117+0000] {processor.py:161} INFO - Started process (PID=1601) to work on /home/airflow/.local/lib/python3.8/site-packages/airflow/example_dags/example_latest_only.py
[2025-01-23T09:36:41.119+0000] {processor.py:830} INFO - Processing file /home/airflow/.local/lib/python3.8/site-packages/airflow/example_dags/example_latest_only.py for tasks to queue
[2025-01-23T09:36:41.121+0000] {logging_mixin.py:188} INFO - [2025-01-23T09:36:41.120+0000] {dagbag.py:538} INFO - Filling up the DagBag from /home/airflow/.local/lib/python3.8/site-packages/airflow/example_dags/example_latest_only.py
[2025-01-23T09:36:41.136+0000] {processor.py:840} INFO - DAG(s) 'latest_only' retrieved from /home/airflow/.local/lib/python3.8/site-packages/airflow/example_dags/example_latest_only.py
[2025-01-23T09:36:41.190+0000] {logging_mixin.py:188} INFO - [2025-01-23T09:36:41.190+0000] {dag.py:3036} INFO - Sync 1 DAGs
[2025-01-23T09:36:41.236+0000] {logging_mixin.py:188} INFO - [2025-01-23T09:36:41.236+0000] {dag.py:3823} INFO - Setting next_dagrun for latest_only to 2025-01-23 04:00:00+00:00, run_after=2025-01-23 08:00:00+00:00
[2025-01-23T09:36:41.271+0000] {processor.py:183} INFO - Processing /home/airflow/.local/lib/python3.8/site-packages/airflow/example_dags/example_latest_only.py took 0.163 seconds
[2025-01-23T09:37:11.798+0000] {processor.py:161} INFO - Started process (PID=1657) to work on /home/airflow/.local/lib/python3.8/site-packages/airflow/example_dags/example_latest_only.py
[2025-01-23T09:37:11.800+0000] {processor.py:830} INFO - Processing file /home/airflow/.local/lib/python3.8/site-packages/airflow/example_dags/example_latest_only.py for tasks to queue
[2025-01-23T09:37:11.802+0000] {logging_mixin.py:188} INFO - [2025-01-23T09:37:11.801+0000] {dagbag.py:538} INFO - Filling up the DagBag from /home/airflow/.local/lib/python3.8/site-packages/airflow/example_dags/example_latest_only.py
[2025-01-23T09:37:11.812+0000] {processor.py:840} INFO - DAG(s) 'latest_only' retrieved from /home/airflow/.local/lib/python3.8/site-packages/airflow/example_dags/example_latest_only.py
[2025-01-23T09:37:11.854+0000] {logging_mixin.py:188} INFO - [2025-01-23T09:37:11.853+0000] {dag.py:3036} INFO - Sync 1 DAGs
[2025-01-23T09:37:11.907+0000] {logging_mixin.py:188} INFO - [2025-01-23T09:37:11.906+0000] {dag.py:3823} INFO - Setting next_dagrun for latest_only to 2025-01-23 04:00:00+00:00, run_after=2025-01-23 08:00:00+00:00
[2025-01-23T09:37:11.971+0000] {processor.py:183} INFO - Processing /home/airflow/.local/lib/python3.8/site-packages/airflow/example_dags/example_latest_only.py took 0.180 seconds
[2025-01-23T09:37:42.058+0000] {processor.py:161} INFO - Started process (PID=1712) to work on /home/airflow/.local/lib/python3.8/site-packages/airflow/example_dags/example_latest_only.py
[2025-01-23T09:37:42.060+0000] {processor.py:830} INFO - Processing file /home/airflow/.local/lib/python3.8/site-packages/airflow/example_dags/example_latest_only.py for tasks to queue
[2025-01-23T09:37:42.062+0000] {logging_mixin.py:188} INFO - [2025-01-23T09:37:42.061+0000] {dagbag.py:538} INFO - Filling up the DagBag from /home/airflow/.local/lib/python3.8/site-packages/airflow/example_dags/example_latest_only.py
[2025-01-23T09:37:42.077+0000] {processor.py:840} INFO - DAG(s) 'latest_only' retrieved from /home/airflow/.local/lib/python3.8/site-packages/airflow/example_dags/example_latest_only.py
[2025-01-23T09:37:42.123+0000] {logging_mixin.py:188} INFO - [2025-01-23T09:37:42.122+0000] {dag.py:3036} INFO - Sync 1 DAGs
[2025-01-23T09:37:42.181+0000] {logging_mixin.py:188} INFO - [2025-01-23T09:37:42.180+0000] {dag.py:3823} INFO - Setting next_dagrun for latest_only to 2025-01-23 04:00:00+00:00, run_after=2025-01-23 08:00:00+00:00
[2025-01-23T09:37:42.231+0000] {processor.py:183} INFO - Processing /home/airflow/.local/lib/python3.8/site-packages/airflow/example_dags/example_latest_only.py took 0.179 seconds
[2025-01-23T09:38:12.593+0000] {processor.py:161} INFO - Started process (PID=1769) to work on /home/airflow/.local/lib/python3.8/site-packages/airflow/example_dags/example_latest_only.py
[2025-01-23T09:38:12.595+0000] {processor.py:830} INFO - Processing file /home/airflow/.local/lib/python3.8/site-packages/airflow/example_dags/example_latest_only.py for tasks to queue
[2025-01-23T09:38:12.597+0000] {logging_mixin.py:188} INFO - [2025-01-23T09:38:12.597+0000] {dagbag.py:538} INFO - Filling up the DagBag from /home/airflow/.local/lib/python3.8/site-packages/airflow/example_dags/example_latest_only.py
[2025-01-23T09:38:12.607+0000] {processor.py:840} INFO - DAG(s) 'latest_only' retrieved from /home/airflow/.local/lib/python3.8/site-packages/airflow/example_dags/example_latest_only.py
[2025-01-23T09:38:12.642+0000] {logging_mixin.py:188} INFO - [2025-01-23T09:38:12.642+0000] {dag.py:3036} INFO - Sync 1 DAGs
[2025-01-23T09:38:12.680+0000] {logging_mixin.py:188} INFO - [2025-01-23T09:38:12.679+0000] {dag.py:3823} INFO - Setting next_dagrun for latest_only to 2025-01-23 04:00:00+00:00, run_after=2025-01-23 08:00:00+00:00
[2025-01-23T09:38:12.712+0000] {processor.py:183} INFO - Processing /home/airflow/.local/lib/python3.8/site-packages/airflow/example_dags/example_latest_only.py took 0.124 seconds
[2025-01-23T09:38:42.944+0000] {processor.py:161} INFO - Started process (PID=1825) to work on /home/airflow/.local/lib/python3.8/site-packages/airflow/example_dags/example_latest_only.py
[2025-01-23T09:38:42.946+0000] {processor.py:830} INFO - Processing file /home/airflow/.local/lib/python3.8/site-packages/airflow/example_dags/example_latest_only.py for tasks to queue
[2025-01-23T09:38:42.950+0000] {logging_mixin.py:188} INFO - [2025-01-23T09:38:42.948+0000] {dagbag.py:538} INFO - Filling up the DagBag from /home/airflow/.local/lib/python3.8/site-packages/airflow/example_dags/example_latest_only.py
[2025-01-23T09:38:42.964+0000] {processor.py:840} INFO - DAG(s) 'latest_only' retrieved from /home/airflow/.local/lib/python3.8/site-packages/airflow/example_dags/example_latest_only.py
[2025-01-23T09:38:43.012+0000] {logging_mixin.py:188} INFO - [2025-01-23T09:38:43.012+0000] {dag.py:3036} INFO - Sync 1 DAGs
[2025-01-23T09:38:43.065+0000] {logging_mixin.py:188} INFO - [2025-01-23T09:38:43.064+0000] {dag.py:3823} INFO - Setting next_dagrun for latest_only to 2025-01-23 04:00:00+00:00, run_after=2025-01-23 08:00:00+00:00
[2025-01-23T09:38:43.112+0000] {processor.py:183} INFO - Processing /home/airflow/.local/lib/python3.8/site-packages/airflow/example_dags/example_latest_only.py took 0.176 seconds
[2025-01-23T09:39:13.661+0000] {processor.py:161} INFO - Started process (PID=1880) to work on /home/airflow/.local/lib/python3.8/site-packages/airflow/example_dags/example_latest_only.py
[2025-01-23T09:39:13.663+0000] {processor.py:830} INFO - Processing file /home/airflow/.local/lib/python3.8/site-packages/airflow/example_dags/example_latest_only.py for tasks to queue
[2025-01-23T09:39:13.666+0000] {logging_mixin.py:188} INFO - [2025-01-23T09:39:13.665+0000] {dagbag.py:538} INFO - Filling up the DagBag from /home/airflow/.local/lib/python3.8/site-packages/airflow/example_dags/example_latest_only.py
[2025-01-23T09:39:13.683+0000] {processor.py:840} INFO - DAG(s) 'latest_only' retrieved from /home/airflow/.local/lib/python3.8/site-packages/airflow/example_dags/example_latest_only.py
[2025-01-23T09:39:13.737+0000] {logging_mixin.py:188} INFO - [2025-01-23T09:39:13.736+0000] {dag.py:3036} INFO - Sync 1 DAGs
[2025-01-23T09:39:13.803+0000] {logging_mixin.py:188} INFO - [2025-01-23T09:39:13.802+0000] {dag.py:3823} INFO - Setting next_dagrun for latest_only to 2025-01-23 04:00:00+00:00, run_after=2025-01-23 08:00:00+00:00
[2025-01-23T09:39:13.853+0000] {processor.py:183} INFO - Processing /home/airflow/.local/lib/python3.8/site-packages/airflow/example_dags/example_latest_only.py took 0.201 seconds
[2025-01-23T09:39:43.962+0000] {processor.py:161} INFO - Started process (PID=1935) to work on /home/airflow/.local/lib/python3.8/site-packages/airflow/example_dags/example_latest_only.py
[2025-01-23T09:39:43.965+0000] {processor.py:830} INFO - Processing file /home/airflow/.local/lib/python3.8/site-packages/airflow/example_dags/example_latest_only.py for tasks to queue
[2025-01-23T09:39:43.967+0000] {logging_mixin.py:188} INFO - [2025-01-23T09:39:43.966+0000] {dagbag.py:538} INFO - Filling up the DagBag from /home/airflow/.local/lib/python3.8/site-packages/airflow/example_dags/example_latest_only.py
[2025-01-23T09:39:43.980+0000] {processor.py:840} INFO - DAG(s) 'latest_only' retrieved from /home/airflow/.local/lib/python3.8/site-packages/airflow/example_dags/example_latest_only.py
[2025-01-23T09:39:44.021+0000] {logging_mixin.py:188} INFO - [2025-01-23T09:39:44.021+0000] {dag.py:3036} INFO - Sync 1 DAGs
[2025-01-23T09:39:44.070+0000] {logging_mixin.py:188} INFO - [2025-01-23T09:39:44.070+0000] {dag.py:3823} INFO - Setting next_dagrun for latest_only to 2025-01-23 04:00:00+00:00, run_after=2025-01-23 08:00:00+00:00
[2025-01-23T09:39:44.117+0000] {processor.py:183} INFO - Processing /home/airflow/.local/lib/python3.8/site-packages/airflow/example_dags/example_latest_only.py took 0.162 seconds
[2025-01-23T09:40:14.536+0000] {processor.py:161} INFO - Started process (PID=1992) to work on /home/airflow/.local/lib/python3.8/site-packages/airflow/example_dags/example_latest_only.py
[2025-01-23T09:40:14.538+0000] {processor.py:830} INFO - Processing file /home/airflow/.local/lib/python3.8/site-packages/airflow/example_dags/example_latest_only.py for tasks to queue
[2025-01-23T09:40:14.540+0000] {logging_mixin.py:188} INFO - [2025-01-23T09:40:14.539+0000] {dagbag.py:538} INFO - Filling up the DagBag from /home/airflow/.local/lib/python3.8/site-packages/airflow/example_dags/example_latest_only.py
[2025-01-23T09:40:14.556+0000] {processor.py:840} INFO - DAG(s) 'latest_only' retrieved from /home/airflow/.local/lib/python3.8/site-packages/airflow/example_dags/example_latest_only.py
[2025-01-23T09:40:14.595+0000] {logging_mixin.py:188} INFO - [2025-01-23T09:40:14.594+0000] {dag.py:3036} INFO - Sync 1 DAGs
[2025-01-23T09:40:14.653+0000] {logging_mixin.py:188} INFO - [2025-01-23T09:40:14.653+0000] {dag.py:3823} INFO - Setting next_dagrun for latest_only to 2025-01-23 04:00:00+00:00, run_after=2025-01-23 08:00:00+00:00
[2025-01-23T09:40:14.701+0000] {processor.py:183} INFO - Processing /home/airflow/.local/lib/python3.8/site-packages/airflow/example_dags/example_latest_only.py took 0.173 seconds
[2025-01-23T09:40:44.949+0000] {processor.py:161} INFO - Started process (PID=2049) to work on /home/airflow/.local/lib/python3.8/site-packages/airflow/example_dags/example_latest_only.py
[2025-01-23T09:40:44.952+0000] {processor.py:830} INFO - Processing file /home/airflow/.local/lib/python3.8/site-packages/airflow/example_dags/example_latest_only.py for tasks to queue
[2025-01-23T09:40:44.954+0000] {logging_mixin.py:188} INFO - [2025-01-23T09:40:44.953+0000] {dagbag.py:538} INFO - Filling up the DagBag from /home/airflow/.local/lib/python3.8/site-packages/airflow/example_dags/example_latest_only.py
[2025-01-23T09:40:44.968+0000] {processor.py:840} INFO - DAG(s) 'latest_only' retrieved from /home/airflow/.local/lib/python3.8/site-packages/airflow/example_dags/example_latest_only.py
[2025-01-23T09:40:45.018+0000] {logging_mixin.py:188} INFO - [2025-01-23T09:40:45.018+0000] {dag.py:3036} INFO - Sync 1 DAGs
[2025-01-23T09:40:45.075+0000] {logging_mixin.py:188} INFO - [2025-01-23T09:40:45.075+0000] {dag.py:3823} INFO - Setting next_dagrun for latest_only to 2025-01-23 04:00:00+00:00, run_after=2025-01-23 08:00:00+00:00
[2025-01-23T09:40:45.122+0000] {processor.py:183} INFO - Processing /home/airflow/.local/lib/python3.8/site-packages/airflow/example_dags/example_latest_only.py took 0.181 seconds
[2025-01-23T09:41:16.219+0000] {processor.py:161} INFO - Started process (PID=2100) to work on /home/airflow/.local/lib/python3.8/site-packages/airflow/example_dags/example_latest_only.py
[2025-01-23T09:41:16.222+0000] {processor.py:830} INFO - Processing file /home/airflow/.local/lib/python3.8/site-packages/airflow/example_dags/example_latest_only.py for tasks to queue
[2025-01-23T09:41:16.230+0000] {logging_mixin.py:188} INFO - [2025-01-23T09:41:16.229+0000] {dagbag.py:538} INFO - Filling up the DagBag from /home/airflow/.local/lib/python3.8/site-packages/airflow/example_dags/example_latest_only.py
[2025-01-23T09:41:16.258+0000] {processor.py:840} INFO - DAG(s) 'latest_only' retrieved from /home/airflow/.local/lib/python3.8/site-packages/airflow/example_dags/example_latest_only.py
[2025-01-23T09:41:16.412+0000] {logging_mixin.py:188} INFO - [2025-01-23T09:41:16.411+0000] {dag.py:3036} INFO - Sync 1 DAGs
[2025-01-23T09:41:16.586+0000] {logging_mixin.py:188} INFO - [2025-01-23T09:41:16.585+0000] {dag.py:3823} INFO - Setting next_dagrun for latest_only to 2025-01-23 04:00:00+00:00, run_after=2025-01-23 08:00:00+00:00
[2025-01-23T09:41:16.798+0000] {processor.py:183} INFO - Processing /home/airflow/.local/lib/python3.8/site-packages/airflow/example_dags/example_latest_only.py took 0.598 seconds
[2025-01-23T09:41:47.601+0000] {processor.py:161} INFO - Started process (PID=2156) to work on /home/airflow/.local/lib/python3.8/site-packages/airflow/example_dags/example_latest_only.py
[2025-01-23T09:41:47.606+0000] {processor.py:830} INFO - Processing file /home/airflow/.local/lib/python3.8/site-packages/airflow/example_dags/example_latest_only.py for tasks to queue
[2025-01-23T09:41:47.608+0000] {logging_mixin.py:188} INFO - [2025-01-23T09:41:47.607+0000] {dagbag.py:538} INFO - Filling up the DagBag from /home/airflow/.local/lib/python3.8/site-packages/airflow/example_dags/example_latest_only.py
[2025-01-23T09:41:47.624+0000] {processor.py:840} INFO - DAG(s) 'latest_only' retrieved from /home/airflow/.local/lib/python3.8/site-packages/airflow/example_dags/example_latest_only.py
[2025-01-23T09:41:47.691+0000] {logging_mixin.py:188} INFO - [2025-01-23T09:41:47.691+0000] {dag.py:3036} INFO - Sync 1 DAGs
[2025-01-23T09:41:47.767+0000] {logging_mixin.py:188} INFO - [2025-01-23T09:41:47.766+0000] {dag.py:3823} INFO - Setting next_dagrun for latest_only to 2025-01-23 04:00:00+00:00, run_after=2025-01-23 08:00:00+00:00
[2025-01-23T09:41:47.853+0000] {processor.py:183} INFO - Processing /home/airflow/.local/lib/python3.8/site-packages/airflow/example_dags/example_latest_only.py took 0.261 seconds
[2025-01-23T09:42:20.815+0000] {processor.py:161} INFO - Started process (PID=2212) to work on /home/airflow/.local/lib/python3.8/site-packages/airflow/example_dags/example_latest_only.py
[2025-01-23T09:42:20.820+0000] {processor.py:830} INFO - Processing file /home/airflow/.local/lib/python3.8/site-packages/airflow/example_dags/example_latest_only.py for tasks to queue
[2025-01-23T09:42:20.822+0000] {logging_mixin.py:188} INFO - [2025-01-23T09:42:20.821+0000] {dagbag.py:538} INFO - Filling up the DagBag from /home/airflow/.local/lib/python3.8/site-packages/airflow/example_dags/example_latest_only.py
[2025-01-23T09:42:20.839+0000] {processor.py:840} INFO - DAG(s) 'latest_only' retrieved from /home/airflow/.local/lib/python3.8/site-packages/airflow/example_dags/example_latest_only.py
[2025-01-23T09:42:20.895+0000] {logging_mixin.py:188} INFO - [2025-01-23T09:42:20.894+0000] {dag.py:3036} INFO - Sync 1 DAGs
[2025-01-23T09:42:20.964+0000] {logging_mixin.py:188} INFO - [2025-01-23T09:42:20.964+0000] {dag.py:3823} INFO - Setting next_dagrun for latest_only to 2025-01-23 04:00:00+00:00, run_after=2025-01-23 08:00:00+00:00
[2025-01-23T09:42:21.021+0000] {processor.py:183} INFO - Processing /home/airflow/.local/lib/python3.8/site-packages/airflow/example_dags/example_latest_only.py took 0.214 seconds
[2025-01-23T09:42:51.413+0000] {processor.py:161} INFO - Started process (PID=2268) to work on /home/airflow/.local/lib/python3.8/site-packages/airflow/example_dags/example_latest_only.py
[2025-01-23T09:42:51.415+0000] {processor.py:830} INFO - Processing file /home/airflow/.local/lib/python3.8/site-packages/airflow/example_dags/example_latest_only.py for tasks to queue
[2025-01-23T09:42:51.418+0000] {logging_mixin.py:188} INFO - [2025-01-23T09:42:51.417+0000] {dagbag.py:538} INFO - Filling up the DagBag from /home/airflow/.local/lib/python3.8/site-packages/airflow/example_dags/example_latest_only.py
[2025-01-23T09:42:51.428+0000] {processor.py:840} INFO - DAG(s) 'latest_only' retrieved from /home/airflow/.local/lib/python3.8/site-packages/airflow/example_dags/example_latest_only.py
[2025-01-23T09:42:51.471+0000] {logging_mixin.py:188} INFO - [2025-01-23T09:42:51.471+0000] {dag.py:3036} INFO - Sync 1 DAGs
[2025-01-23T09:42:51.516+0000] {logging_mixin.py:188} INFO - [2025-01-23T09:42:51.516+0000] {dag.py:3823} INFO - Setting next_dagrun for latest_only to 2025-01-23 04:00:00+00:00, run_after=2025-01-23 08:00:00+00:00
[2025-01-23T09:42:51.762+0000] {processor.py:183} INFO - Processing /home/airflow/.local/lib/python3.8/site-packages/airflow/example_dags/example_latest_only.py took 0.355 seconds
[2025-01-23T09:43:25.143+0000] {processor.py:161} INFO - Started process (PID=2324) to work on /home/airflow/.local/lib/python3.8/site-packages/airflow/example_dags/example_latest_only.py
[2025-01-23T09:43:25.173+0000] {processor.py:830} INFO - Processing file /home/airflow/.local/lib/python3.8/site-packages/airflow/example_dags/example_latest_only.py for tasks to queue
[2025-01-23T09:43:25.181+0000] {logging_mixin.py:188} INFO - [2025-01-23T09:43:25.180+0000] {dagbag.py:538} INFO - Filling up the DagBag from /home/airflow/.local/lib/python3.8/site-packages/airflow/example_dags/example_latest_only.py
[2025-01-23T09:43:25.210+0000] {processor.py:840} INFO - DAG(s) 'latest_only' retrieved from /home/airflow/.local/lib/python3.8/site-packages/airflow/example_dags/example_latest_only.py
[2025-01-23T09:43:25.289+0000] {logging_mixin.py:188} INFO - [2025-01-23T09:43:25.288+0000] {dag.py:3036} INFO - Sync 1 DAGs
[2025-01-23T09:43:25.393+0000] {logging_mixin.py:188} INFO - [2025-01-23T09:43:25.388+0000] {dag.py:3823} INFO - Setting next_dagrun for latest_only to 2025-01-23 04:00:00+00:00, run_after=2025-01-23 08:00:00+00:00
[2025-01-23T09:43:25.577+0000] {processor.py:183} INFO - Processing /home/airflow/.local/lib/python3.8/site-packages/airflow/example_dags/example_latest_only.py took 0.451 seconds
[2025-01-23T09:43:55.937+0000] {processor.py:161} INFO - Started process (PID=2381) to work on /home/airflow/.local/lib/python3.8/site-packages/airflow/example_dags/example_latest_only.py
[2025-01-23T09:43:55.939+0000] {processor.py:830} INFO - Processing file /home/airflow/.local/lib/python3.8/site-packages/airflow/example_dags/example_latest_only.py for tasks to queue
[2025-01-23T09:43:55.941+0000] {logging_mixin.py:188} INFO - [2025-01-23T09:43:55.940+0000] {dagbag.py:538} INFO - Filling up the DagBag from /home/airflow/.local/lib/python3.8/site-packages/airflow/example_dags/example_latest_only.py
[2025-01-23T09:43:55.954+0000] {processor.py:840} INFO - DAG(s) 'latest_only' retrieved from /home/airflow/.local/lib/python3.8/site-packages/airflow/example_dags/example_latest_only.py
[2025-01-23T09:43:55.998+0000] {logging_mixin.py:188} INFO - [2025-01-23T09:43:55.997+0000] {dag.py:3036} INFO - Sync 1 DAGs
[2025-01-23T09:43:56.064+0000] {logging_mixin.py:188} INFO - [2025-01-23T09:43:56.063+0000] {dag.py:3823} INFO - Setting next_dagrun for latest_only to 2025-01-23 04:00:00+00:00, run_after=2025-01-23 08:00:00+00:00
[2025-01-23T09:43:56.129+0000] {processor.py:183} INFO - Processing /home/airflow/.local/lib/python3.8/site-packages/airflow/example_dags/example_latest_only.py took 0.200 seconds
[2025-01-23T09:44:27.891+0000] {processor.py:161} INFO - Started process (PID=2433) to work on /home/airflow/.local/lib/python3.8/site-packages/airflow/example_dags/example_latest_only.py
[2025-01-23T09:44:27.913+0000] {processor.py:830} INFO - Processing file /home/airflow/.local/lib/python3.8/site-packages/airflow/example_dags/example_latest_only.py for tasks to queue
[2025-01-23T09:44:27.919+0000] {logging_mixin.py:188} INFO - [2025-01-23T09:44:27.917+0000] {dagbag.py:538} INFO - Filling up the DagBag from /home/airflow/.local/lib/python3.8/site-packages/airflow/example_dags/example_latest_only.py
[2025-01-23T09:44:27.955+0000] {processor.py:840} INFO - DAG(s) 'latest_only' retrieved from /home/airflow/.local/lib/python3.8/site-packages/airflow/example_dags/example_latest_only.py
[2025-01-23T09:44:28.186+0000] {logging_mixin.py:188} INFO - [2025-01-23T09:44:28.185+0000] {dag.py:3036} INFO - Sync 1 DAGs
[2025-01-23T09:44:28.442+0000] {logging_mixin.py:188} INFO - [2025-01-23T09:44:28.441+0000] {dag.py:3823} INFO - Setting next_dagrun for latest_only to 2025-01-23 04:00:00+00:00, run_after=2025-01-23 08:00:00+00:00
[2025-01-23T09:44:28.608+0000] {processor.py:183} INFO - Processing /home/airflow/.local/lib/python3.8/site-packages/airflow/example_dags/example_latest_only.py took 0.732 seconds
[2025-01-23T09:44:59.088+0000] {processor.py:161} INFO - Started process (PID=2489) to work on /home/airflow/.local/lib/python3.8/site-packages/airflow/example_dags/example_latest_only.py
[2025-01-23T09:44:59.091+0000] {processor.py:830} INFO - Processing file /home/airflow/.local/lib/python3.8/site-packages/airflow/example_dags/example_latest_only.py for tasks to queue
[2025-01-23T09:44:59.094+0000] {logging_mixin.py:188} INFO - [2025-01-23T09:44:59.093+0000] {dagbag.py:538} INFO - Filling up the DagBag from /home/airflow/.local/lib/python3.8/site-packages/airflow/example_dags/example_latest_only.py
[2025-01-23T09:44:59.108+0000] {processor.py:840} INFO - DAG(s) 'latest_only' retrieved from /home/airflow/.local/lib/python3.8/site-packages/airflow/example_dags/example_latest_only.py
[2025-01-23T09:44:59.160+0000] {logging_mixin.py:188} INFO - [2025-01-23T09:44:59.159+0000] {dag.py:3036} INFO - Sync 1 DAGs
[2025-01-23T09:44:59.445+0000] {logging_mixin.py:188} INFO - [2025-01-23T09:44:59.445+0000] {dag.py:3823} INFO - Setting next_dagrun for latest_only to 2025-01-23 04:00:00+00:00, run_after=2025-01-23 08:00:00+00:00
[2025-01-23T09:44:59.487+0000] {processor.py:183} INFO - Processing /home/airflow/.local/lib/python3.8/site-packages/airflow/example_dags/example_latest_only.py took 0.406 seconds
[2025-01-23T09:45:29.557+0000] {processor.py:161} INFO - Started process (PID=2545) to work on /home/airflow/.local/lib/python3.8/site-packages/airflow/example_dags/example_latest_only.py
[2025-01-23T09:45:29.564+0000] {processor.py:830} INFO - Processing file /home/airflow/.local/lib/python3.8/site-packages/airflow/example_dags/example_latest_only.py for tasks to queue
[2025-01-23T09:45:29.567+0000] {logging_mixin.py:188} INFO - [2025-01-23T09:45:29.566+0000] {dagbag.py:538} INFO - Filling up the DagBag from /home/airflow/.local/lib/python3.8/site-packages/airflow/example_dags/example_latest_only.py
[2025-01-23T09:45:29.580+0000] {processor.py:840} INFO - DAG(s) 'latest_only' retrieved from /home/airflow/.local/lib/python3.8/site-packages/airflow/example_dags/example_latest_only.py
[2025-01-23T09:45:29.625+0000] {logging_mixin.py:188} INFO - [2025-01-23T09:45:29.625+0000] {dag.py:3036} INFO - Sync 1 DAGs
[2025-01-23T09:45:29.670+0000] {logging_mixin.py:188} INFO - [2025-01-23T09:45:29.670+0000] {dag.py:3823} INFO - Setting next_dagrun for latest_only to 2025-01-23 04:00:00+00:00, run_after=2025-01-23 08:00:00+00:00
[2025-01-23T09:45:29.735+0000] {processor.py:183} INFO - Processing /home/airflow/.local/lib/python3.8/site-packages/airflow/example_dags/example_latest_only.py took 0.187 seconds
[2025-01-23T09:46:00.152+0000] {processor.py:161} INFO - Started process (PID=2599) to work on /home/airflow/.local/lib/python3.8/site-packages/airflow/example_dags/example_latest_only.py
[2025-01-23T09:46:00.160+0000] {processor.py:830} INFO - Processing file /home/airflow/.local/lib/python3.8/site-packages/airflow/example_dags/example_latest_only.py for tasks to queue
[2025-01-23T09:46:00.167+0000] {logging_mixin.py:188} INFO - [2025-01-23T09:46:00.167+0000] {dagbag.py:538} INFO - Filling up the DagBag from /home/airflow/.local/lib/python3.8/site-packages/airflow/example_dags/example_latest_only.py
[2025-01-23T09:46:00.508+0000] {processor.py:840} INFO - DAG(s) 'latest_only' retrieved from /home/airflow/.local/lib/python3.8/site-packages/airflow/example_dags/example_latest_only.py
[2025-01-23T09:46:00.555+0000] {logging_mixin.py:188} INFO - [2025-01-23T09:46:00.554+0000] {dag.py:3036} INFO - Sync 1 DAGs
[2025-01-23T09:46:00.631+0000] {logging_mixin.py:188} INFO - [2025-01-23T09:46:00.630+0000] {dag.py:3823} INFO - Setting next_dagrun for latest_only to 2025-01-23 04:00:00+00:00, run_after=2025-01-23 08:00:00+00:00
[2025-01-23T09:46:00.692+0000] {processor.py:183} INFO - Processing /home/airflow/.local/lib/python3.8/site-packages/airflow/example_dags/example_latest_only.py took 0.549 seconds
[2025-01-23T09:46:31.400+0000] {processor.py:161} INFO - Started process (PID=2655) to work on /home/airflow/.local/lib/python3.8/site-packages/airflow/example_dags/example_latest_only.py
[2025-01-23T09:46:31.407+0000] {processor.py:830} INFO - Processing file /home/airflow/.local/lib/python3.8/site-packages/airflow/example_dags/example_latest_only.py for tasks to queue
[2025-01-23T09:46:31.411+0000] {logging_mixin.py:188} INFO - [2025-01-23T09:46:31.409+0000] {dagbag.py:538} INFO - Filling up the DagBag from /home/airflow/.local/lib/python3.8/site-packages/airflow/example_dags/example_latest_only.py
[2025-01-23T09:46:31.436+0000] {processor.py:840} INFO - DAG(s) 'latest_only' retrieved from /home/airflow/.local/lib/python3.8/site-packages/airflow/example_dags/example_latest_only.py
[2025-01-23T09:46:31.519+0000] {logging_mixin.py:188} INFO - [2025-01-23T09:46:31.518+0000] {dag.py:3036} INFO - Sync 1 DAGs
[2025-01-23T09:46:31.689+0000] {logging_mixin.py:188} INFO - [2025-01-23T09:46:31.688+0000] {dag.py:3823} INFO - Setting next_dagrun for latest_only to 2025-01-23 04:00:00+00:00, run_after=2025-01-23 08:00:00+00:00
[2025-01-23T09:46:31.817+0000] {processor.py:183} INFO - Processing /home/airflow/.local/lib/python3.8/site-packages/airflow/example_dags/example_latest_only.py took 0.427 seconds
[2025-01-23T09:47:02.693+0000] {processor.py:161} INFO - Started process (PID=2712) to work on /home/airflow/.local/lib/python3.8/site-packages/airflow/example_dags/example_latest_only.py
[2025-01-23T09:47:02.695+0000] {processor.py:830} INFO - Processing file /home/airflow/.local/lib/python3.8/site-packages/airflow/example_dags/example_latest_only.py for tasks to queue
[2025-01-23T09:47:02.698+0000] {logging_mixin.py:188} INFO - [2025-01-23T09:47:02.697+0000] {dagbag.py:538} INFO - Filling up the DagBag from /home/airflow/.local/lib/python3.8/site-packages/airflow/example_dags/example_latest_only.py
[2025-01-23T09:47:02.711+0000] {processor.py:840} INFO - DAG(s) 'latest_only' retrieved from /home/airflow/.local/lib/python3.8/site-packages/airflow/example_dags/example_latest_only.py
[2025-01-23T09:47:02.757+0000] {logging_mixin.py:188} INFO - [2025-01-23T09:47:02.757+0000] {dag.py:3036} INFO - Sync 1 DAGs
[2025-01-23T09:47:02.809+0000] {logging_mixin.py:188} INFO - [2025-01-23T09:47:02.808+0000] {dag.py:3823} INFO - Setting next_dagrun for latest_only to 2025-01-23 04:00:00+00:00, run_after=2025-01-23 08:00:00+00:00
[2025-01-23T09:47:02.851+0000] {processor.py:183} INFO - Processing /home/airflow/.local/lib/python3.8/site-packages/airflow/example_dags/example_latest_only.py took 0.168 seconds
[2025-01-23T09:47:33.659+0000] {processor.py:161} INFO - Started process (PID=2769) to work on /home/airflow/.local/lib/python3.8/site-packages/airflow/example_dags/example_latest_only.py
[2025-01-23T09:47:33.662+0000] {processor.py:830} INFO - Processing file /home/airflow/.local/lib/python3.8/site-packages/airflow/example_dags/example_latest_only.py for tasks to queue
[2025-01-23T09:47:33.664+0000] {logging_mixin.py:188} INFO - [2025-01-23T09:47:33.663+0000] {dagbag.py:538} INFO - Filling up the DagBag from /home/airflow/.local/lib/python3.8/site-packages/airflow/example_dags/example_latest_only.py
[2025-01-23T09:47:33.678+0000] {processor.py:840} INFO - DAG(s) 'latest_only' retrieved from /home/airflow/.local/lib/python3.8/site-packages/airflow/example_dags/example_latest_only.py
[2025-01-23T09:47:33.739+0000] {logging_mixin.py:188} INFO - [2025-01-23T09:47:33.738+0000] {dag.py:3036} INFO - Sync 1 DAGs
[2025-01-23T09:47:33.792+0000] {logging_mixin.py:188} INFO - [2025-01-23T09:47:33.791+0000] {dag.py:3823} INFO - Setting next_dagrun for latest_only to 2025-01-23 04:00:00+00:00, run_after=2025-01-23 08:00:00+00:00
[2025-01-23T09:47:33.840+0000] {processor.py:183} INFO - Processing /home/airflow/.local/lib/python3.8/site-packages/airflow/example_dags/example_latest_only.py took 0.189 seconds
[2025-01-23T09:48:04.038+0000] {processor.py:161} INFO - Started process (PID=2825) to work on /home/airflow/.local/lib/python3.8/site-packages/airflow/example_dags/example_latest_only.py
[2025-01-23T09:48:04.040+0000] {processor.py:830} INFO - Processing file /home/airflow/.local/lib/python3.8/site-packages/airflow/example_dags/example_latest_only.py for tasks to queue
[2025-01-23T09:48:04.042+0000] {logging_mixin.py:188} INFO - [2025-01-23T09:48:04.041+0000] {dagbag.py:538} INFO - Filling up the DagBag from /home/airflow/.local/lib/python3.8/site-packages/airflow/example_dags/example_latest_only.py
[2025-01-23T09:48:04.050+0000] {processor.py:840} INFO - DAG(s) 'latest_only' retrieved from /home/airflow/.local/lib/python3.8/site-packages/airflow/example_dags/example_latest_only.py
[2025-01-23T09:48:04.086+0000] {logging_mixin.py:188} INFO - [2025-01-23T09:48:04.086+0000] {dag.py:3036} INFO - Sync 1 DAGs
[2025-01-23T09:48:04.132+0000] {logging_mixin.py:188} INFO - [2025-01-23T09:48:04.132+0000] {dag.py:3823} INFO - Setting next_dagrun for latest_only to 2025-01-23 04:00:00+00:00, run_after=2025-01-23 08:00:00+00:00
[2025-01-23T09:48:04.168+0000] {processor.py:183} INFO - Processing /home/airflow/.local/lib/python3.8/site-packages/airflow/example_dags/example_latest_only.py took 0.136 seconds
[2025-01-23T09:48:34.848+0000] {processor.py:161} INFO - Started process (PID=2880) to work on /home/airflow/.local/lib/python3.8/site-packages/airflow/example_dags/example_latest_only.py
[2025-01-23T09:48:34.851+0000] {processor.py:830} INFO - Processing file /home/airflow/.local/lib/python3.8/site-packages/airflow/example_dags/example_latest_only.py for tasks to queue
[2025-01-23T09:48:34.854+0000] {logging_mixin.py:188} INFO - [2025-01-23T09:48:34.853+0000] {dagbag.py:538} INFO - Filling up the DagBag from /home/airflow/.local/lib/python3.8/site-packages/airflow/example_dags/example_latest_only.py
[2025-01-23T09:48:34.867+0000] {processor.py:840} INFO - DAG(s) 'latest_only' retrieved from /home/airflow/.local/lib/python3.8/site-packages/airflow/example_dags/example_latest_only.py
[2025-01-23T09:48:34.909+0000] {logging_mixin.py:188} INFO - [2025-01-23T09:48:34.908+0000] {dag.py:3036} INFO - Sync 1 DAGs
[2025-01-23T09:48:34.950+0000] {logging_mixin.py:188} INFO - [2025-01-23T09:48:34.949+0000] {dag.py:3823} INFO - Setting next_dagrun for latest_only to 2025-01-23 04:00:00+00:00, run_after=2025-01-23 08:00:00+00:00
[2025-01-23T09:48:34.991+0000] {processor.py:183} INFO - Processing /home/airflow/.local/lib/python3.8/site-packages/airflow/example_dags/example_latest_only.py took 0.154 seconds
[2025-01-23T09:49:05.567+0000] {processor.py:161} INFO - Started process (PID=2937) to work on /home/airflow/.local/lib/python3.8/site-packages/airflow/example_dags/example_latest_only.py
[2025-01-23T09:49:05.569+0000] {processor.py:830} INFO - Processing file /home/airflow/.local/lib/python3.8/site-packages/airflow/example_dags/example_latest_only.py for tasks to queue
[2025-01-23T09:49:05.571+0000] {logging_mixin.py:188} INFO - [2025-01-23T09:49:05.571+0000] {dagbag.py:538} INFO - Filling up the DagBag from /home/airflow/.local/lib/python3.8/site-packages/airflow/example_dags/example_latest_only.py
[2025-01-23T09:49:05.581+0000] {processor.py:840} INFO - DAG(s) 'latest_only' retrieved from /home/airflow/.local/lib/python3.8/site-packages/airflow/example_dags/example_latest_only.py
[2025-01-23T09:49:05.627+0000] {logging_mixin.py:188} INFO - [2025-01-23T09:49:05.627+0000] {dag.py:3036} INFO - Sync 1 DAGs
[2025-01-23T09:49:05.708+0000] {logging_mixin.py:188} INFO - [2025-01-23T09:49:05.707+0000] {dag.py:3823} INFO - Setting next_dagrun for latest_only to 2025-01-23 04:00:00+00:00, run_after=2025-01-23 08:00:00+00:00
[2025-01-23T09:49:05.769+0000] {processor.py:183} INFO - Processing /home/airflow/.local/lib/python3.8/site-packages/airflow/example_dags/example_latest_only.py took 0.208 seconds
[2025-01-23T09:49:36.223+0000] {processor.py:161} INFO - Started process (PID=2999) to work on /home/airflow/.local/lib/python3.8/site-packages/airflow/example_dags/example_latest_only.py
[2025-01-23T09:49:36.238+0000] {processor.py:830} INFO - Processing file /home/airflow/.local/lib/python3.8/site-packages/airflow/example_dags/example_latest_only.py for tasks to queue
[2025-01-23T09:49:36.240+0000] {logging_mixin.py:188} INFO - [2025-01-23T09:49:36.240+0000] {dagbag.py:538} INFO - Filling up the DagBag from /home/airflow/.local/lib/python3.8/site-packages/airflow/example_dags/example_latest_only.py
[2025-01-23T09:49:36.255+0000] {processor.py:840} INFO - DAG(s) 'latest_only' retrieved from /home/airflow/.local/lib/python3.8/site-packages/airflow/example_dags/example_latest_only.py
[2025-01-23T09:49:36.320+0000] {logging_mixin.py:188} INFO - [2025-01-23T09:49:36.319+0000] {dag.py:3036} INFO - Sync 1 DAGs
[2025-01-23T09:49:36.456+0000] {logging_mixin.py:188} INFO - [2025-01-23T09:49:36.451+0000] {dag.py:3823} INFO - Setting next_dagrun for latest_only to 2025-01-23 04:00:00+00:00, run_after=2025-01-23 08:00:00+00:00
[2025-01-23T09:49:36.569+0000] {processor.py:183} INFO - Processing /home/airflow/.local/lib/python3.8/site-packages/airflow/example_dags/example_latest_only.py took 0.353 seconds
[2025-01-23T09:50:07.073+0000] {processor.py:161} INFO - Started process (PID=3053) to work on /home/airflow/.local/lib/python3.8/site-packages/airflow/example_dags/example_latest_only.py
[2025-01-23T09:50:07.077+0000] {processor.py:830} INFO - Processing file /home/airflow/.local/lib/python3.8/site-packages/airflow/example_dags/example_latest_only.py for tasks to queue
[2025-01-23T09:50:07.085+0000] {logging_mixin.py:188} INFO - [2025-01-23T09:50:07.079+0000] {dagbag.py:538} INFO - Filling up the DagBag from /home/airflow/.local/lib/python3.8/site-packages/airflow/example_dags/example_latest_only.py
[2025-01-23T09:50:07.135+0000] {processor.py:840} INFO - DAG(s) 'latest_only' retrieved from /home/airflow/.local/lib/python3.8/site-packages/airflow/example_dags/example_latest_only.py
[2025-01-23T09:50:07.269+0000] {logging_mixin.py:188} INFO - [2025-01-23T09:50:07.269+0000] {dag.py:3036} INFO - Sync 1 DAGs
[2025-01-23T09:50:07.365+0000] {logging_mixin.py:188} INFO - [2025-01-23T09:50:07.365+0000] {dag.py:3823} INFO - Setting next_dagrun for latest_only to 2025-01-23 04:00:00+00:00, run_after=2025-01-23 08:00:00+00:00
[2025-01-23T09:50:07.409+0000] {processor.py:183} INFO - Processing /home/airflow/.local/lib/python3.8/site-packages/airflow/example_dags/example_latest_only.py took 0.354 seconds
[2025-01-23T09:50:37.839+0000] {processor.py:161} INFO - Started process (PID=3109) to work on /home/airflow/.local/lib/python3.8/site-packages/airflow/example_dags/example_latest_only.py
[2025-01-23T09:50:37.842+0000] {processor.py:830} INFO - Processing file /home/airflow/.local/lib/python3.8/site-packages/airflow/example_dags/example_latest_only.py for tasks to queue
[2025-01-23T09:50:37.845+0000] {logging_mixin.py:188} INFO - [2025-01-23T09:50:37.844+0000] {dagbag.py:538} INFO - Filling up the DagBag from /home/airflow/.local/lib/python3.8/site-packages/airflow/example_dags/example_latest_only.py
[2025-01-23T09:50:37.862+0000] {processor.py:840} INFO - DAG(s) 'latest_only' retrieved from /home/airflow/.local/lib/python3.8/site-packages/airflow/example_dags/example_latest_only.py
[2025-01-23T09:50:37.936+0000] {logging_mixin.py:188} INFO - [2025-01-23T09:50:37.934+0000] {dag.py:3036} INFO - Sync 1 DAGs
[2025-01-23T09:50:38.009+0000] {logging_mixin.py:188} INFO - [2025-01-23T09:50:38.008+0000] {dag.py:3823} INFO - Setting next_dagrun for latest_only to 2025-01-23 04:00:00+00:00, run_after=2025-01-23 08:00:00+00:00
[2025-01-23T09:50:38.061+0000] {processor.py:183} INFO - Processing /home/airflow/.local/lib/python3.8/site-packages/airflow/example_dags/example_latest_only.py took 0.232 seconds
[2025-01-23T09:51:08.264+0000] {processor.py:161} INFO - Started process (PID=3165) to work on /home/airflow/.local/lib/python3.8/site-packages/airflow/example_dags/example_latest_only.py
[2025-01-23T09:51:08.266+0000] {processor.py:830} INFO - Processing file /home/airflow/.local/lib/python3.8/site-packages/airflow/example_dags/example_latest_only.py for tasks to queue
[2025-01-23T09:51:08.269+0000] {logging_mixin.py:188} INFO - [2025-01-23T09:51:08.268+0000] {dagbag.py:538} INFO - Filling up the DagBag from /home/airflow/.local/lib/python3.8/site-packages/airflow/example_dags/example_latest_only.py
[2025-01-23T09:51:08.287+0000] {processor.py:840} INFO - DAG(s) 'latest_only' retrieved from /home/airflow/.local/lib/python3.8/site-packages/airflow/example_dags/example_latest_only.py
[2025-01-23T09:51:08.333+0000] {logging_mixin.py:188} INFO - [2025-01-23T09:51:08.332+0000] {dag.py:3036} INFO - Sync 1 DAGs
[2025-01-23T09:51:08.393+0000] {logging_mixin.py:188} INFO - [2025-01-23T09:51:08.393+0000] {dag.py:3823} INFO - Setting next_dagrun for latest_only to 2025-01-23 04:00:00+00:00, run_after=2025-01-23 08:00:00+00:00
[2025-01-23T09:51:08.450+0000] {processor.py:183} INFO - Processing /home/airflow/.local/lib/python3.8/site-packages/airflow/example_dags/example_latest_only.py took 0.194 seconds
[2025-01-23T09:51:38.610+0000] {processor.py:161} INFO - Started process (PID=3220) to work on /home/airflow/.local/lib/python3.8/site-packages/airflow/example_dags/example_latest_only.py
[2025-01-23T09:51:38.611+0000] {processor.py:830} INFO - Processing file /home/airflow/.local/lib/python3.8/site-packages/airflow/example_dags/example_latest_only.py for tasks to queue
[2025-01-23T09:51:38.613+0000] {logging_mixin.py:188} INFO - [2025-01-23T09:51:38.613+0000] {dagbag.py:538} INFO - Filling up the DagBag from /home/airflow/.local/lib/python3.8/site-packages/airflow/example_dags/example_latest_only.py
[2025-01-23T09:51:38.623+0000] {processor.py:840} INFO - DAG(s) 'latest_only' retrieved from /home/airflow/.local/lib/python3.8/site-packages/airflow/example_dags/example_latest_only.py
[2025-01-23T09:51:38.661+0000] {logging_mixin.py:188} INFO - [2025-01-23T09:51:38.660+0000] {dag.py:3036} INFO - Sync 1 DAGs
[2025-01-23T09:51:38.712+0000] {logging_mixin.py:188} INFO - [2025-01-23T09:51:38.711+0000] {dag.py:3823} INFO - Setting next_dagrun for latest_only to 2025-01-23 04:00:00+00:00, run_after=2025-01-23 08:00:00+00:00
[2025-01-23T09:51:38.750+0000] {processor.py:183} INFO - Processing /home/airflow/.local/lib/python3.8/site-packages/airflow/example_dags/example_latest_only.py took 0.146 seconds
[2025-01-23T09:52:08.954+0000] {processor.py:161} INFO - Started process (PID=3277) to work on /home/airflow/.local/lib/python3.8/site-packages/airflow/example_dags/example_latest_only.py
[2025-01-23T09:52:08.957+0000] {processor.py:830} INFO - Processing file /home/airflow/.local/lib/python3.8/site-packages/airflow/example_dags/example_latest_only.py for tasks to queue
[2025-01-23T09:52:08.959+0000] {logging_mixin.py:188} INFO - [2025-01-23T09:52:08.958+0000] {dagbag.py:538} INFO - Filling up the DagBag from /home/airflow/.local/lib/python3.8/site-packages/airflow/example_dags/example_latest_only.py
[2025-01-23T09:52:08.973+0000] {processor.py:840} INFO - DAG(s) 'latest_only' retrieved from /home/airflow/.local/lib/python3.8/site-packages/airflow/example_dags/example_latest_only.py
[2025-01-23T09:52:09.016+0000] {logging_mixin.py:188} INFO - [2025-01-23T09:52:09.016+0000] {dag.py:3036} INFO - Sync 1 DAGs
[2025-01-23T09:52:09.060+0000] {logging_mixin.py:188} INFO - [2025-01-23T09:52:09.060+0000] {dag.py:3823} INFO - Setting next_dagrun for latest_only to 2025-01-23 04:00:00+00:00, run_after=2025-01-23 08:00:00+00:00
[2025-01-23T09:52:09.096+0000] {processor.py:183} INFO - Processing /home/airflow/.local/lib/python3.8/site-packages/airflow/example_dags/example_latest_only.py took 0.150 seconds
[2025-01-23T09:52:39.958+0000] {processor.py:161} INFO - Started process (PID=3333) to work on /home/airflow/.local/lib/python3.8/site-packages/airflow/example_dags/example_latest_only.py
[2025-01-23T09:52:39.960+0000] {processor.py:830} INFO - Processing file /home/airflow/.local/lib/python3.8/site-packages/airflow/example_dags/example_latest_only.py for tasks to queue
[2025-01-23T09:52:39.963+0000] {logging_mixin.py:188} INFO - [2025-01-23T09:52:39.962+0000] {dagbag.py:538} INFO - Filling up the DagBag from /home/airflow/.local/lib/python3.8/site-packages/airflow/example_dags/example_latest_only.py
[2025-01-23T09:52:39.973+0000] {processor.py:840} INFO - DAG(s) 'latest_only' retrieved from /home/airflow/.local/lib/python3.8/site-packages/airflow/example_dags/example_latest_only.py
[2025-01-23T09:52:40.016+0000] {logging_mixin.py:188} INFO - [2025-01-23T09:52:40.016+0000] {dag.py:3036} INFO - Sync 1 DAGs
[2025-01-23T09:52:40.066+0000] {logging_mixin.py:188} INFO - [2025-01-23T09:52:40.065+0000] {dag.py:3823} INFO - Setting next_dagrun for latest_only to 2025-01-23 04:00:00+00:00, run_after=2025-01-23 08:00:00+00:00
[2025-01-23T09:52:40.111+0000] {processor.py:183} INFO - Processing /home/airflow/.local/lib/python3.8/site-packages/airflow/example_dags/example_latest_only.py took 0.160 seconds
[2025-01-23T09:53:10.704+0000] {processor.py:161} INFO - Started process (PID=3389) to work on /home/airflow/.local/lib/python3.8/site-packages/airflow/example_dags/example_latest_only.py
[2025-01-23T09:53:10.707+0000] {processor.py:830} INFO - Processing file /home/airflow/.local/lib/python3.8/site-packages/airflow/example_dags/example_latest_only.py for tasks to queue
[2025-01-23T09:53:10.710+0000] {logging_mixin.py:188} INFO - [2025-01-23T09:53:10.709+0000] {dagbag.py:538} INFO - Filling up the DagBag from /home/airflow/.local/lib/python3.8/site-packages/airflow/example_dags/example_latest_only.py
[2025-01-23T09:53:10.722+0000] {processor.py:840} INFO - DAG(s) 'latest_only' retrieved from /home/airflow/.local/lib/python3.8/site-packages/airflow/example_dags/example_latest_only.py
[2025-01-23T09:53:10.774+0000] {logging_mixin.py:188} INFO - [2025-01-23T09:53:10.773+0000] {dag.py:3036} INFO - Sync 1 DAGs
[2025-01-23T09:53:10.831+0000] {logging_mixin.py:188} INFO - [2025-01-23T09:53:10.830+0000] {dag.py:3823} INFO - Setting next_dagrun for latest_only to 2025-01-23 04:00:00+00:00, run_after=2025-01-23 08:00:00+00:00
[2025-01-23T09:53:10.877+0000] {processor.py:183} INFO - Processing /home/airflow/.local/lib/python3.8/site-packages/airflow/example_dags/example_latest_only.py took 0.181 seconds
[2025-01-23T09:53:41.408+0000] {processor.py:161} INFO - Started process (PID=3445) to work on /home/airflow/.local/lib/python3.8/site-packages/airflow/example_dags/example_latest_only.py
[2025-01-23T09:53:41.410+0000] {processor.py:830} INFO - Processing file /home/airflow/.local/lib/python3.8/site-packages/airflow/example_dags/example_latest_only.py for tasks to queue
[2025-01-23T09:53:41.414+0000] {logging_mixin.py:188} INFO - [2025-01-23T09:53:41.413+0000] {dagbag.py:538} INFO - Filling up the DagBag from /home/airflow/.local/lib/python3.8/site-packages/airflow/example_dags/example_latest_only.py
[2025-01-23T09:53:41.428+0000] {processor.py:840} INFO - DAG(s) 'latest_only' retrieved from /home/airflow/.local/lib/python3.8/site-packages/airflow/example_dags/example_latest_only.py
[2025-01-23T09:53:41.479+0000] {logging_mixin.py:188} INFO - [2025-01-23T09:53:41.479+0000] {dag.py:3036} INFO - Sync 1 DAGs
[2025-01-23T09:53:41.529+0000] {logging_mixin.py:188} INFO - [2025-01-23T09:53:41.529+0000] {dag.py:3823} INFO - Setting next_dagrun for latest_only to 2025-01-23 04:00:00+00:00, run_after=2025-01-23 08:00:00+00:00
[2025-01-23T09:53:41.576+0000] {processor.py:183} INFO - Processing /home/airflow/.local/lib/python3.8/site-packages/airflow/example_dags/example_latest_only.py took 0.178 seconds
[2025-01-23T09:54:11.649+0000] {processor.py:161} INFO - Started process (PID=3500) to work on /home/airflow/.local/lib/python3.8/site-packages/airflow/example_dags/example_latest_only.py
[2025-01-23T09:54:11.652+0000] {processor.py:830} INFO - Processing file /home/airflow/.local/lib/python3.8/site-packages/airflow/example_dags/example_latest_only.py for tasks to queue
[2025-01-23T09:54:11.655+0000] {logging_mixin.py:188} INFO - [2025-01-23T09:54:11.654+0000] {dagbag.py:538} INFO - Filling up the DagBag from /home/airflow/.local/lib/python3.8/site-packages/airflow/example_dags/example_latest_only.py
[2025-01-23T09:54:11.667+0000] {processor.py:840} INFO - DAG(s) 'latest_only' retrieved from /home/airflow/.local/lib/python3.8/site-packages/airflow/example_dags/example_latest_only.py
[2025-01-23T09:54:11.707+0000] {logging_mixin.py:188} INFO - [2025-01-23T09:54:11.707+0000] {dag.py:3036} INFO - Sync 1 DAGs
[2025-01-23T09:54:11.750+0000] {logging_mixin.py:188} INFO - [2025-01-23T09:54:11.749+0000] {dag.py:3823} INFO - Setting next_dagrun for latest_only to 2025-01-23 04:00:00+00:00, run_after=2025-01-23 08:00:00+00:00
[2025-01-23T09:54:11.791+0000] {processor.py:183} INFO - Processing /home/airflow/.local/lib/python3.8/site-packages/airflow/example_dags/example_latest_only.py took 0.149 seconds
[2025-01-23T09:54:42.311+0000] {processor.py:161} INFO - Started process (PID=3557) to work on /home/airflow/.local/lib/python3.8/site-packages/airflow/example_dags/example_latest_only.py
[2025-01-23T09:54:42.315+0000] {processor.py:830} INFO - Processing file /home/airflow/.local/lib/python3.8/site-packages/airflow/example_dags/example_latest_only.py for tasks to queue
[2025-01-23T09:54:42.317+0000] {logging_mixin.py:188} INFO - [2025-01-23T09:54:42.316+0000] {dagbag.py:538} INFO - Filling up the DagBag from /home/airflow/.local/lib/python3.8/site-packages/airflow/example_dags/example_latest_only.py
[2025-01-23T09:54:42.330+0000] {processor.py:840} INFO - DAG(s) 'latest_only' retrieved from /home/airflow/.local/lib/python3.8/site-packages/airflow/example_dags/example_latest_only.py
[2025-01-23T09:54:42.397+0000] {logging_mixin.py:188} INFO - [2025-01-23T09:54:42.396+0000] {dag.py:3036} INFO - Sync 1 DAGs
[2025-01-23T09:54:42.448+0000] {logging_mixin.py:188} INFO - [2025-01-23T09:54:42.447+0000] {dag.py:3823} INFO - Setting next_dagrun for latest_only to 2025-01-23 04:00:00+00:00, run_after=2025-01-23 08:00:00+00:00
[2025-01-23T09:54:42.505+0000] {processor.py:183} INFO - Processing /home/airflow/.local/lib/python3.8/site-packages/airflow/example_dags/example_latest_only.py took 0.204 seconds
[2025-01-23T09:55:13.379+0000] {processor.py:161} INFO - Started process (PID=3613) to work on /home/airflow/.local/lib/python3.8/site-packages/airflow/example_dags/example_latest_only.py
[2025-01-23T09:55:13.382+0000] {processor.py:830} INFO - Processing file /home/airflow/.local/lib/python3.8/site-packages/airflow/example_dags/example_latest_only.py for tasks to queue
[2025-01-23T09:55:13.390+0000] {logging_mixin.py:188} INFO - [2025-01-23T09:55:13.388+0000] {dagbag.py:538} INFO - Filling up the DagBag from /home/airflow/.local/lib/python3.8/site-packages/airflow/example_dags/example_latest_only.py
[2025-01-23T09:55:13.412+0000] {processor.py:840} INFO - DAG(s) 'latest_only' retrieved from /home/airflow/.local/lib/python3.8/site-packages/airflow/example_dags/example_latest_only.py
[2025-01-23T09:55:13.500+0000] {logging_mixin.py:188} INFO - [2025-01-23T09:55:13.500+0000] {dag.py:3036} INFO - Sync 1 DAGs
[2025-01-23T09:55:13.619+0000] {logging_mixin.py:188} INFO - [2025-01-23T09:55:13.618+0000] {dag.py:3823} INFO - Setting next_dagrun for latest_only to 2025-01-23 04:00:00+00:00, run_after=2025-01-23 08:00:00+00:00
[2025-01-23T09:55:13.714+0000] {processor.py:183} INFO - Processing /home/airflow/.local/lib/python3.8/site-packages/airflow/example_dags/example_latest_only.py took 0.355 seconds
[2025-01-23T09:55:43.909+0000] {processor.py:161} INFO - Started process (PID=3669) to work on /home/airflow/.local/lib/python3.8/site-packages/airflow/example_dags/example_latest_only.py
[2025-01-23T09:55:43.912+0000] {processor.py:830} INFO - Processing file /home/airflow/.local/lib/python3.8/site-packages/airflow/example_dags/example_latest_only.py for tasks to queue
[2025-01-23T09:55:43.916+0000] {logging_mixin.py:188} INFO - [2025-01-23T09:55:43.915+0000] {dagbag.py:538} INFO - Filling up the DagBag from /home/airflow/.local/lib/python3.8/site-packages/airflow/example_dags/example_latest_only.py
[2025-01-23T09:55:43.931+0000] {processor.py:840} INFO - DAG(s) 'latest_only' retrieved from /home/airflow/.local/lib/python3.8/site-packages/airflow/example_dags/example_latest_only.py
[2025-01-23T09:55:43.988+0000] {logging_mixin.py:188} INFO - [2025-01-23T09:55:43.988+0000] {dag.py:3036} INFO - Sync 1 DAGs
[2025-01-23T09:55:44.054+0000] {logging_mixin.py:188} INFO - [2025-01-23T09:55:44.053+0000] {dag.py:3823} INFO - Setting next_dagrun for latest_only to 2025-01-23 04:00:00+00:00, run_after=2025-01-23 08:00:00+00:00
[2025-01-23T09:55:44.111+0000] {processor.py:183} INFO - Processing /home/airflow/.local/lib/python3.8/site-packages/airflow/example_dags/example_latest_only.py took 0.210 seconds
[2025-01-23T09:56:14.588+0000] {processor.py:161} INFO - Started process (PID=3725) to work on /home/airflow/.local/lib/python3.8/site-packages/airflow/example_dags/example_latest_only.py
[2025-01-23T09:56:14.590+0000] {processor.py:830} INFO - Processing file /home/airflow/.local/lib/python3.8/site-packages/airflow/example_dags/example_latest_only.py for tasks to queue
[2025-01-23T09:56:14.593+0000] {logging_mixin.py:188} INFO - [2025-01-23T09:56:14.592+0000] {dagbag.py:538} INFO - Filling up the DagBag from /home/airflow/.local/lib/python3.8/site-packages/airflow/example_dags/example_latest_only.py
[2025-01-23T09:56:14.605+0000] {processor.py:840} INFO - DAG(s) 'latest_only' retrieved from /home/airflow/.local/lib/python3.8/site-packages/airflow/example_dags/example_latest_only.py
[2025-01-23T09:56:14.650+0000] {logging_mixin.py:188} INFO - [2025-01-23T09:56:14.649+0000] {dag.py:3036} INFO - Sync 1 DAGs
[2025-01-23T09:56:14.733+0000] {logging_mixin.py:188} INFO - [2025-01-23T09:56:14.733+0000] {dag.py:3823} INFO - Setting next_dagrun for latest_only to 2025-01-23 04:00:00+00:00, run_after=2025-01-23 08:00:00+00:00
[2025-01-23T09:56:14.784+0000] {processor.py:183} INFO - Processing /home/airflow/.local/lib/python3.8/site-packages/airflow/example_dags/example_latest_only.py took 0.203 seconds
[2025-01-23T09:56:44.974+0000] {processor.py:161} INFO - Started process (PID=3781) to work on /home/airflow/.local/lib/python3.8/site-packages/airflow/example_dags/example_latest_only.py
[2025-01-23T09:56:44.977+0000] {processor.py:830} INFO - Processing file /home/airflow/.local/lib/python3.8/site-packages/airflow/example_dags/example_latest_only.py for tasks to queue
[2025-01-23T09:56:44.979+0000] {logging_mixin.py:188} INFO - [2025-01-23T09:56:44.978+0000] {dagbag.py:538} INFO - Filling up the DagBag from /home/airflow/.local/lib/python3.8/site-packages/airflow/example_dags/example_latest_only.py
[2025-01-23T09:56:44.992+0000] {processor.py:840} INFO - DAG(s) 'latest_only' retrieved from /home/airflow/.local/lib/python3.8/site-packages/airflow/example_dags/example_latest_only.py
[2025-01-23T09:56:45.036+0000] {logging_mixin.py:188} INFO - [2025-01-23T09:56:45.035+0000] {dag.py:3036} INFO - Sync 1 DAGs
[2025-01-23T09:56:45.088+0000] {logging_mixin.py:188} INFO - [2025-01-23T09:56:45.087+0000] {dag.py:3823} INFO - Setting next_dagrun for latest_only to 2025-01-23 04:00:00+00:00, run_after=2025-01-23 08:00:00+00:00
[2025-01-23T09:56:45.126+0000] {processor.py:183} INFO - Processing /home/airflow/.local/lib/python3.8/site-packages/airflow/example_dags/example_latest_only.py took 0.160 seconds
[2025-01-23T09:57:15.675+0000] {processor.py:161} INFO - Started process (PID=3837) to work on /home/airflow/.local/lib/python3.8/site-packages/airflow/example_dags/example_latest_only.py
[2025-01-23T09:57:15.677+0000] {processor.py:830} INFO - Processing file /home/airflow/.local/lib/python3.8/site-packages/airflow/example_dags/example_latest_only.py for tasks to queue
[2025-01-23T09:57:15.680+0000] {logging_mixin.py:188} INFO - [2025-01-23T09:57:15.679+0000] {dagbag.py:538} INFO - Filling up the DagBag from /home/airflow/.local/lib/python3.8/site-packages/airflow/example_dags/example_latest_only.py
[2025-01-23T09:57:15.692+0000] {processor.py:840} INFO - DAG(s) 'latest_only' retrieved from /home/airflow/.local/lib/python3.8/site-packages/airflow/example_dags/example_latest_only.py
[2025-01-23T09:57:15.743+0000] {logging_mixin.py:188} INFO - [2025-01-23T09:57:15.742+0000] {dag.py:3036} INFO - Sync 1 DAGs
[2025-01-23T09:57:15.795+0000] {logging_mixin.py:188} INFO - [2025-01-23T09:57:15.794+0000] {dag.py:3823} INFO - Setting next_dagrun for latest_only to 2025-01-23 04:00:00+00:00, run_after=2025-01-23 08:00:00+00:00
[2025-01-23T09:57:15.837+0000] {processor.py:183} INFO - Processing /home/airflow/.local/lib/python3.8/site-packages/airflow/example_dags/example_latest_only.py took 0.172 seconds
[2025-01-23T09:57:46.410+0000] {processor.py:161} INFO - Started process (PID=3893) to work on /home/airflow/.local/lib/python3.8/site-packages/airflow/example_dags/example_latest_only.py
[2025-01-23T09:57:46.413+0000] {processor.py:830} INFO - Processing file /home/airflow/.local/lib/python3.8/site-packages/airflow/example_dags/example_latest_only.py for tasks to queue
[2025-01-23T09:57:46.415+0000] {logging_mixin.py:188} INFO - [2025-01-23T09:57:46.414+0000] {dagbag.py:538} INFO - Filling up the DagBag from /home/airflow/.local/lib/python3.8/site-packages/airflow/example_dags/example_latest_only.py
[2025-01-23T09:57:46.428+0000] {processor.py:840} INFO - DAG(s) 'latest_only' retrieved from /home/airflow/.local/lib/python3.8/site-packages/airflow/example_dags/example_latest_only.py
[2025-01-23T09:57:46.470+0000] {logging_mixin.py:188} INFO - [2025-01-23T09:57:46.469+0000] {dag.py:3036} INFO - Sync 1 DAGs
[2025-01-23T09:57:46.511+0000] {logging_mixin.py:188} INFO - [2025-01-23T09:57:46.511+0000] {dag.py:3823} INFO - Setting next_dagrun for latest_only to 2025-01-23 04:00:00+00:00, run_after=2025-01-23 08:00:00+00:00
[2025-01-23T09:57:46.558+0000] {processor.py:183} INFO - Processing /home/airflow/.local/lib/python3.8/site-packages/airflow/example_dags/example_latest_only.py took 0.155 seconds
[2025-01-23T09:58:16.818+0000] {processor.py:161} INFO - Started process (PID=3949) to work on /home/airflow/.local/lib/python3.8/site-packages/airflow/example_dags/example_latest_only.py
[2025-01-23T09:58:16.820+0000] {processor.py:830} INFO - Processing file /home/airflow/.local/lib/python3.8/site-packages/airflow/example_dags/example_latest_only.py for tasks to queue
[2025-01-23T09:58:16.823+0000] {logging_mixin.py:188} INFO - [2025-01-23T09:58:16.822+0000] {dagbag.py:538} INFO - Filling up the DagBag from /home/airflow/.local/lib/python3.8/site-packages/airflow/example_dags/example_latest_only.py
[2025-01-23T09:58:16.835+0000] {processor.py:840} INFO - DAG(s) 'latest_only' retrieved from /home/airflow/.local/lib/python3.8/site-packages/airflow/example_dags/example_latest_only.py
[2025-01-23T09:58:16.876+0000] {logging_mixin.py:188} INFO - [2025-01-23T09:58:16.876+0000] {dag.py:3036} INFO - Sync 1 DAGs
[2025-01-23T09:58:16.935+0000] {logging_mixin.py:188} INFO - [2025-01-23T09:58:16.935+0000] {dag.py:3823} INFO - Setting next_dagrun for latest_only to 2025-01-23 04:00:00+00:00, run_after=2025-01-23 08:00:00+00:00
[2025-01-23T09:58:16.972+0000] {processor.py:183} INFO - Processing /home/airflow/.local/lib/python3.8/site-packages/airflow/example_dags/example_latest_only.py took 0.162 seconds
[2025-01-23T09:58:47.540+0000] {processor.py:161} INFO - Started process (PID=4005) to work on /home/airflow/.local/lib/python3.8/site-packages/airflow/example_dags/example_latest_only.py
[2025-01-23T09:58:47.543+0000] {processor.py:830} INFO - Processing file /home/airflow/.local/lib/python3.8/site-packages/airflow/example_dags/example_latest_only.py for tasks to queue
[2025-01-23T09:58:47.547+0000] {logging_mixin.py:188} INFO - [2025-01-23T09:58:47.546+0000] {dagbag.py:538} INFO - Filling up the DagBag from /home/airflow/.local/lib/python3.8/site-packages/airflow/example_dags/example_latest_only.py
[2025-01-23T09:58:47.566+0000] {processor.py:840} INFO - DAG(s) 'latest_only' retrieved from /home/airflow/.local/lib/python3.8/site-packages/airflow/example_dags/example_latest_only.py
[2025-01-23T09:58:47.626+0000] {logging_mixin.py:188} INFO - [2025-01-23T09:58:47.626+0000] {dag.py:3036} INFO - Sync 1 DAGs
[2025-01-23T09:58:47.691+0000] {logging_mixin.py:188} INFO - [2025-01-23T09:58:47.690+0000] {dag.py:3823} INFO - Setting next_dagrun for latest_only to 2025-01-23 04:00:00+00:00, run_after=2025-01-23 08:00:00+00:00
[2025-01-23T09:58:47.729+0000] {processor.py:183} INFO - Processing /home/airflow/.local/lib/python3.8/site-packages/airflow/example_dags/example_latest_only.py took 0.199 seconds
