[2025-01-23T09:23:16.692+0000] {processor.py:161} INFO - Started process (PID=126) to work on /home/airflow/.local/lib/python3.8/site-packages/airflow/example_dags/example_sla_dag.py
[2025-01-23T09:23:16.696+0000] {processor.py:830} INFO - Processing file /home/airflow/.local/lib/python3.8/site-packages/airflow/example_dags/example_sla_dag.py for tasks to queue
[2025-01-23T09:23:16.703+0000] {logging_mixin.py:188} INFO - [2025-01-23T09:23:16.701+0000] {dagbag.py:538} INFO - Filling up the DagBag from /home/airflow/.local/lib/python3.8/site-packages/airflow/example_dags/example_sla_dag.py
[2025-01-23T09:23:16.745+0000] {processor.py:840} INFO - DAG(s) 'example_sla_dag' retrieved from /home/airflow/.local/lib/python3.8/site-packages/airflow/example_dags/example_sla_dag.py
[2025-01-23T09:23:17.146+0000] {logging_mixin.py:188} INFO - [2025-01-23T09:23:17.145+0000] {dag.py:3036} INFO - Sync 1 DAGs
[2025-01-23T09:23:17.228+0000] {logging_mixin.py:188} INFO - [2025-01-23T09:23:17.228+0000] {dag.py:3823} INFO - Setting next_dagrun for example_sla_dag to 2025-01-23 09:20:00+00:00, run_after=2025-01-23 09:22:00+00:00
[2025-01-23T09:23:17.291+0000] {processor.py:183} INFO - Processing /home/airflow/.local/lib/python3.8/site-packages/airflow/example_dags/example_sla_dag.py took 0.613 seconds
[2025-01-23T09:23:47.598+0000] {processor.py:161} INFO - Started process (PID=182) to work on /home/airflow/.local/lib/python3.8/site-packages/airflow/example_dags/example_sla_dag.py
[2025-01-23T09:23:47.601+0000] {processor.py:830} INFO - Processing file /home/airflow/.local/lib/python3.8/site-packages/airflow/example_dags/example_sla_dag.py for tasks to queue
[2025-01-23T09:23:47.609+0000] {logging_mixin.py:188} INFO - [2025-01-23T09:23:47.608+0000] {dagbag.py:538} INFO - Filling up the DagBag from /home/airflow/.local/lib/python3.8/site-packages/airflow/example_dags/example_sla_dag.py
[2025-01-23T09:23:47.637+0000] {processor.py:840} INFO - DAG(s) 'example_sla_dag' retrieved from /home/airflow/.local/lib/python3.8/site-packages/airflow/example_dags/example_sla_dag.py
[2025-01-23T09:23:47.690+0000] {logging_mixin.py:188} INFO - [2025-01-23T09:23:47.689+0000] {dag.py:3036} INFO - Sync 1 DAGs
[2025-01-23T09:23:47.765+0000] {logging_mixin.py:188} INFO - [2025-01-23T09:23:47.765+0000] {dag.py:3823} INFO - Setting next_dagrun for example_sla_dag to 2025-01-23 09:20:00+00:00, run_after=2025-01-23 09:22:00+00:00
[2025-01-23T09:23:47.812+0000] {processor.py:183} INFO - Processing /home/airflow/.local/lib/python3.8/site-packages/airflow/example_dags/example_sla_dag.py took 0.229 seconds
[2025-01-23T09:24:17.964+0000] {processor.py:161} INFO - Started process (PID=237) to work on /home/airflow/.local/lib/python3.8/site-packages/airflow/example_dags/example_sla_dag.py
[2025-01-23T09:24:17.966+0000] {processor.py:830} INFO - Processing file /home/airflow/.local/lib/python3.8/site-packages/airflow/example_dags/example_sla_dag.py for tasks to queue
[2025-01-23T09:24:17.969+0000] {logging_mixin.py:188} INFO - [2025-01-23T09:24:17.969+0000] {dagbag.py:538} INFO - Filling up the DagBag from /home/airflow/.local/lib/python3.8/site-packages/airflow/example_dags/example_sla_dag.py
[2025-01-23T09:24:17.988+0000] {processor.py:840} INFO - DAG(s) 'example_sla_dag' retrieved from /home/airflow/.local/lib/python3.8/site-packages/airflow/example_dags/example_sla_dag.py
[2025-01-23T09:24:18.026+0000] {logging_mixin.py:188} INFO - [2025-01-23T09:24:18.026+0000] {dag.py:3036} INFO - Sync 1 DAGs
[2025-01-23T09:24:18.078+0000] {logging_mixin.py:188} INFO - [2025-01-23T09:24:18.078+0000] {dag.py:3823} INFO - Setting next_dagrun for example_sla_dag to 2025-01-23 09:22:00+00:00, run_after=2025-01-23 09:24:00+00:00
[2025-01-23T09:24:18.119+0000] {processor.py:183} INFO - Processing /home/airflow/.local/lib/python3.8/site-packages/airflow/example_dags/example_sla_dag.py took 0.162 seconds
[2025-01-23T09:24:48.625+0000] {processor.py:161} INFO - Started process (PID=294) to work on /home/airflow/.local/lib/python3.8/site-packages/airflow/example_dags/example_sla_dag.py
[2025-01-23T09:24:48.627+0000] {processor.py:830} INFO - Processing file /home/airflow/.local/lib/python3.8/site-packages/airflow/example_dags/example_sla_dag.py for tasks to queue
[2025-01-23T09:24:48.630+0000] {logging_mixin.py:188} INFO - [2025-01-23T09:24:48.630+0000] {dagbag.py:538} INFO - Filling up the DagBag from /home/airflow/.local/lib/python3.8/site-packages/airflow/example_dags/example_sla_dag.py
[2025-01-23T09:24:48.647+0000] {processor.py:840} INFO - DAG(s) 'example_sla_dag' retrieved from /home/airflow/.local/lib/python3.8/site-packages/airflow/example_dags/example_sla_dag.py
[2025-01-23T09:24:48.681+0000] {logging_mixin.py:188} INFO - [2025-01-23T09:24:48.681+0000] {dag.py:3036} INFO - Sync 1 DAGs
[2025-01-23T09:24:48.730+0000] {logging_mixin.py:188} INFO - [2025-01-23T09:24:48.729+0000] {dag.py:3823} INFO - Setting next_dagrun for example_sla_dag to 2025-01-23 09:22:00+00:00, run_after=2025-01-23 09:24:00+00:00
[2025-01-23T09:24:48.768+0000] {processor.py:183} INFO - Processing /home/airflow/.local/lib/python3.8/site-packages/airflow/example_dags/example_sla_dag.py took 0.149 seconds
[2025-01-23T09:25:18.996+0000] {processor.py:161} INFO - Started process (PID=350) to work on /home/airflow/.local/lib/python3.8/site-packages/airflow/example_dags/example_sla_dag.py
[2025-01-23T09:25:18.998+0000] {processor.py:830} INFO - Processing file /home/airflow/.local/lib/python3.8/site-packages/airflow/example_dags/example_sla_dag.py for tasks to queue
[2025-01-23T09:25:19.001+0000] {logging_mixin.py:188} INFO - [2025-01-23T09:25:19.000+0000] {dagbag.py:538} INFO - Filling up the DagBag from /home/airflow/.local/lib/python3.8/site-packages/airflow/example_dags/example_sla_dag.py
[2025-01-23T09:25:19.014+0000] {processor.py:840} INFO - DAG(s) 'example_sla_dag' retrieved from /home/airflow/.local/lib/python3.8/site-packages/airflow/example_dags/example_sla_dag.py
[2025-01-23T09:25:19.044+0000] {logging_mixin.py:188} INFO - [2025-01-23T09:25:19.043+0000] {dag.py:3036} INFO - Sync 1 DAGs
[2025-01-23T09:25:19.084+0000] {logging_mixin.py:188} INFO - [2025-01-23T09:25:19.084+0000] {dag.py:3823} INFO - Setting next_dagrun for example_sla_dag to 2025-01-23 09:22:00+00:00, run_after=2025-01-23 09:24:00+00:00
[2025-01-23T09:25:19.116+0000] {processor.py:183} INFO - Processing /home/airflow/.local/lib/python3.8/site-packages/airflow/example_dags/example_sla_dag.py took 0.125 seconds
[2025-01-23T09:25:49.861+0000] {processor.py:161} INFO - Started process (PID=405) to work on /home/airflow/.local/lib/python3.8/site-packages/airflow/example_dags/example_sla_dag.py
[2025-01-23T09:25:49.863+0000] {processor.py:830} INFO - Processing file /home/airflow/.local/lib/python3.8/site-packages/airflow/example_dags/example_sla_dag.py for tasks to queue
[2025-01-23T09:25:49.866+0000] {logging_mixin.py:188} INFO - [2025-01-23T09:25:49.866+0000] {dagbag.py:538} INFO - Filling up the DagBag from /home/airflow/.local/lib/python3.8/site-packages/airflow/example_dags/example_sla_dag.py
[2025-01-23T09:25:49.882+0000] {processor.py:840} INFO - DAG(s) 'example_sla_dag' retrieved from /home/airflow/.local/lib/python3.8/site-packages/airflow/example_dags/example_sla_dag.py
[2025-01-23T09:25:49.925+0000] {logging_mixin.py:188} INFO - [2025-01-23T09:25:49.924+0000] {dag.py:3036} INFO - Sync 1 DAGs
[2025-01-23T09:25:50.005+0000] {logging_mixin.py:188} INFO - [2025-01-23T09:25:50.005+0000] {dag.py:3823} INFO - Setting next_dagrun for example_sla_dag to 2025-01-23 09:22:00+00:00, run_after=2025-01-23 09:24:00+00:00
[2025-01-23T09:25:50.071+0000] {processor.py:183} INFO - Processing /home/airflow/.local/lib/python3.8/site-packages/airflow/example_dags/example_sla_dag.py took 0.216 seconds
[2025-01-23T09:26:20.602+0000] {processor.py:161} INFO - Started process (PID=461) to work on /home/airflow/.local/lib/python3.8/site-packages/airflow/example_dags/example_sla_dag.py
[2025-01-23T09:26:20.606+0000] {processor.py:830} INFO - Processing file /home/airflow/.local/lib/python3.8/site-packages/airflow/example_dags/example_sla_dag.py for tasks to queue
[2025-01-23T09:26:20.615+0000] {logging_mixin.py:188} INFO - [2025-01-23T09:26:20.614+0000] {dagbag.py:538} INFO - Filling up the DagBag from /home/airflow/.local/lib/python3.8/site-packages/airflow/example_dags/example_sla_dag.py
[2025-01-23T09:26:20.642+0000] {processor.py:840} INFO - DAG(s) 'example_sla_dag' retrieved from /home/airflow/.local/lib/python3.8/site-packages/airflow/example_dags/example_sla_dag.py
[2025-01-23T09:26:20.723+0000] {logging_mixin.py:188} INFO - [2025-01-23T09:26:20.723+0000] {dag.py:3036} INFO - Sync 1 DAGs
[2025-01-23T09:26:20.846+0000] {logging_mixin.py:188} INFO - [2025-01-23T09:26:20.845+0000] {dag.py:3823} INFO - Setting next_dagrun for example_sla_dag to 2025-01-23 09:24:00+00:00, run_after=2025-01-23 09:26:00+00:00
[2025-01-23T09:26:20.967+0000] {processor.py:183} INFO - Processing /home/airflow/.local/lib/python3.8/site-packages/airflow/example_dags/example_sla_dag.py took 0.375 seconds
[2025-01-23T09:26:51.488+0000] {processor.py:161} INFO - Started process (PID=518) to work on /home/airflow/.local/lib/python3.8/site-packages/airflow/example_dags/example_sla_dag.py
[2025-01-23T09:26:51.493+0000] {processor.py:830} INFO - Processing file /home/airflow/.local/lib/python3.8/site-packages/airflow/example_dags/example_sla_dag.py for tasks to queue
[2025-01-23T09:26:51.499+0000] {logging_mixin.py:188} INFO - [2025-01-23T09:26:51.498+0000] {dagbag.py:538} INFO - Filling up the DagBag from /home/airflow/.local/lib/python3.8/site-packages/airflow/example_dags/example_sla_dag.py
[2025-01-23T09:26:51.534+0000] {processor.py:840} INFO - DAG(s) 'example_sla_dag' retrieved from /home/airflow/.local/lib/python3.8/site-packages/airflow/example_dags/example_sla_dag.py
[2025-01-23T09:26:51.612+0000] {logging_mixin.py:188} INFO - [2025-01-23T09:26:51.611+0000] {dag.py:3036} INFO - Sync 1 DAGs
[2025-01-23T09:26:51.725+0000] {logging_mixin.py:188} INFO - [2025-01-23T09:26:51.725+0000] {dag.py:3823} INFO - Setting next_dagrun for example_sla_dag to 2025-01-23 09:24:00+00:00, run_after=2025-01-23 09:26:00+00:00
[2025-01-23T09:26:51.797+0000] {processor.py:183} INFO - Processing /home/airflow/.local/lib/python3.8/site-packages/airflow/example_dags/example_sla_dag.py took 0.320 seconds
[2025-01-23T09:27:22.051+0000] {processor.py:161} INFO - Started process (PID=573) to work on /home/airflow/.local/lib/python3.8/site-packages/airflow/example_dags/example_sla_dag.py
[2025-01-23T09:27:22.058+0000] {processor.py:830} INFO - Processing file /home/airflow/.local/lib/python3.8/site-packages/airflow/example_dags/example_sla_dag.py for tasks to queue
[2025-01-23T09:27:22.068+0000] {logging_mixin.py:188} INFO - [2025-01-23T09:27:22.067+0000] {dagbag.py:538} INFO - Filling up the DagBag from /home/airflow/.local/lib/python3.8/site-packages/airflow/example_dags/example_sla_dag.py
[2025-01-23T09:27:22.111+0000] {processor.py:840} INFO - DAG(s) 'example_sla_dag' retrieved from /home/airflow/.local/lib/python3.8/site-packages/airflow/example_dags/example_sla_dag.py
[2025-01-23T09:27:22.206+0000] {logging_mixin.py:188} INFO - [2025-01-23T09:27:22.205+0000] {dag.py:3036} INFO - Sync 1 DAGs
[2025-01-23T09:27:22.311+0000] {logging_mixin.py:188} INFO - [2025-01-23T09:27:22.310+0000] {dag.py:3823} INFO - Setting next_dagrun for example_sla_dag to 2025-01-23 09:24:00+00:00, run_after=2025-01-23 09:26:00+00:00
[2025-01-23T09:27:22.353+0000] {processor.py:183} INFO - Processing /home/airflow/.local/lib/python3.8/site-packages/airflow/example_dags/example_sla_dag.py took 0.322 seconds
[2025-01-23T09:27:52.874+0000] {processor.py:161} INFO - Started process (PID=628) to work on /home/airflow/.local/lib/python3.8/site-packages/airflow/example_dags/example_sla_dag.py
[2025-01-23T09:27:52.876+0000] {processor.py:830} INFO - Processing file /home/airflow/.local/lib/python3.8/site-packages/airflow/example_dags/example_sla_dag.py for tasks to queue
[2025-01-23T09:27:52.886+0000] {logging_mixin.py:188} INFO - [2025-01-23T09:27:52.885+0000] {dagbag.py:538} INFO - Filling up the DagBag from /home/airflow/.local/lib/python3.8/site-packages/airflow/example_dags/example_sla_dag.py
[2025-01-23T09:27:52.915+0000] {processor.py:840} INFO - DAG(s) 'example_sla_dag' retrieved from /home/airflow/.local/lib/python3.8/site-packages/airflow/example_dags/example_sla_dag.py
[2025-01-23T09:27:52.986+0000] {logging_mixin.py:188} INFO - [2025-01-23T09:27:52.986+0000] {dag.py:3036} INFO - Sync 1 DAGs
[2025-01-23T09:27:53.054+0000] {logging_mixin.py:188} INFO - [2025-01-23T09:27:53.054+0000] {dag.py:3823} INFO - Setting next_dagrun for example_sla_dag to 2025-01-23 09:24:00+00:00, run_after=2025-01-23 09:26:00+00:00
[2025-01-23T09:27:53.094+0000] {processor.py:183} INFO - Processing /home/airflow/.local/lib/python3.8/site-packages/airflow/example_dags/example_sla_dag.py took 0.229 seconds
[2025-01-23T09:28:23.388+0000] {processor.py:161} INFO - Started process (PID=684) to work on /home/airflow/.local/lib/python3.8/site-packages/airflow/example_dags/example_sla_dag.py
[2025-01-23T09:28:23.390+0000] {processor.py:830} INFO - Processing file /home/airflow/.local/lib/python3.8/site-packages/airflow/example_dags/example_sla_dag.py for tasks to queue
[2025-01-23T09:28:23.394+0000] {logging_mixin.py:188} INFO - [2025-01-23T09:28:23.393+0000] {dagbag.py:538} INFO - Filling up the DagBag from /home/airflow/.local/lib/python3.8/site-packages/airflow/example_dags/example_sla_dag.py
[2025-01-23T09:28:23.413+0000] {processor.py:840} INFO - DAG(s) 'example_sla_dag' retrieved from /home/airflow/.local/lib/python3.8/site-packages/airflow/example_dags/example_sla_dag.py
[2025-01-23T09:28:23.451+0000] {logging_mixin.py:188} INFO - [2025-01-23T09:28:23.451+0000] {dag.py:3036} INFO - Sync 1 DAGs
[2025-01-23T09:28:23.498+0000] {logging_mixin.py:188} INFO - [2025-01-23T09:28:23.498+0000] {dag.py:3823} INFO - Setting next_dagrun for example_sla_dag to 2025-01-23 09:26:00+00:00, run_after=2025-01-23 09:28:00+00:00
[2025-01-23T09:28:23.537+0000] {processor.py:183} INFO - Processing /home/airflow/.local/lib/python3.8/site-packages/airflow/example_dags/example_sla_dag.py took 0.155 seconds
[2025-01-23T09:28:53.927+0000] {processor.py:161} INFO - Started process (PID=740) to work on /home/airflow/.local/lib/python3.8/site-packages/airflow/example_dags/example_sla_dag.py
[2025-01-23T09:28:53.929+0000] {processor.py:830} INFO - Processing file /home/airflow/.local/lib/python3.8/site-packages/airflow/example_dags/example_sla_dag.py for tasks to queue
[2025-01-23T09:28:53.933+0000] {logging_mixin.py:188} INFO - [2025-01-23T09:28:53.932+0000] {dagbag.py:538} INFO - Filling up the DagBag from /home/airflow/.local/lib/python3.8/site-packages/airflow/example_dags/example_sla_dag.py
[2025-01-23T09:28:53.946+0000] {processor.py:840} INFO - DAG(s) 'example_sla_dag' retrieved from /home/airflow/.local/lib/python3.8/site-packages/airflow/example_dags/example_sla_dag.py
[2025-01-23T09:28:53.976+0000] {logging_mixin.py:188} INFO - [2025-01-23T09:28:53.976+0000] {dag.py:3036} INFO - Sync 1 DAGs
[2025-01-23T09:28:54.018+0000] {logging_mixin.py:188} INFO - [2025-01-23T09:28:54.018+0000] {dag.py:3823} INFO - Setting next_dagrun for example_sla_dag to 2025-01-23 09:26:00+00:00, run_after=2025-01-23 09:28:00+00:00
[2025-01-23T09:28:54.060+0000] {processor.py:183} INFO - Processing /home/airflow/.local/lib/python3.8/site-packages/airflow/example_dags/example_sla_dag.py took 0.137 seconds
[2025-01-23T09:29:24.216+0000] {processor.py:161} INFO - Started process (PID=797) to work on /home/airflow/.local/lib/python3.8/site-packages/airflow/example_dags/example_sla_dag.py
[2025-01-23T09:29:24.218+0000] {processor.py:830} INFO - Processing file /home/airflow/.local/lib/python3.8/site-packages/airflow/example_dags/example_sla_dag.py for tasks to queue
[2025-01-23T09:29:24.223+0000] {logging_mixin.py:188} INFO - [2025-01-23T09:29:24.222+0000] {dagbag.py:538} INFO - Filling up the DagBag from /home/airflow/.local/lib/python3.8/site-packages/airflow/example_dags/example_sla_dag.py
[2025-01-23T09:29:24.245+0000] {processor.py:840} INFO - DAG(s) 'example_sla_dag' retrieved from /home/airflow/.local/lib/python3.8/site-packages/airflow/example_dags/example_sla_dag.py
[2025-01-23T09:29:24.318+0000] {logging_mixin.py:188} INFO - [2025-01-23T09:29:24.317+0000] {dag.py:3036} INFO - Sync 1 DAGs
[2025-01-23T09:29:24.433+0000] {logging_mixin.py:188} INFO - [2025-01-23T09:29:24.433+0000] {dag.py:3823} INFO - Setting next_dagrun for example_sla_dag to 2025-01-23 09:26:00+00:00, run_after=2025-01-23 09:28:00+00:00
[2025-01-23T09:29:24.492+0000] {processor.py:183} INFO - Processing /home/airflow/.local/lib/python3.8/site-packages/airflow/example_dags/example_sla_dag.py took 0.283 seconds
[2025-01-23T09:29:55.356+0000] {processor.py:161} INFO - Started process (PID=854) to work on /home/airflow/.local/lib/python3.8/site-packages/airflow/example_dags/example_sla_dag.py
[2025-01-23T09:29:55.358+0000] {processor.py:830} INFO - Processing file /home/airflow/.local/lib/python3.8/site-packages/airflow/example_dags/example_sla_dag.py for tasks to queue
[2025-01-23T09:29:55.363+0000] {logging_mixin.py:188} INFO - [2025-01-23T09:29:55.362+0000] {dagbag.py:538} INFO - Filling up the DagBag from /home/airflow/.local/lib/python3.8/site-packages/airflow/example_dags/example_sla_dag.py
[2025-01-23T09:29:55.387+0000] {processor.py:840} INFO - DAG(s) 'example_sla_dag' retrieved from /home/airflow/.local/lib/python3.8/site-packages/airflow/example_dags/example_sla_dag.py
[2025-01-23T09:29:55.474+0000] {logging_mixin.py:188} INFO - [2025-01-23T09:29:55.473+0000] {dag.py:3036} INFO - Sync 1 DAGs
[2025-01-23T09:29:55.579+0000] {logging_mixin.py:188} INFO - [2025-01-23T09:29:55.578+0000] {dag.py:3823} INFO - Setting next_dagrun for example_sla_dag to 2025-01-23 09:26:00+00:00, run_after=2025-01-23 09:28:00+00:00
[2025-01-23T09:29:55.663+0000] {processor.py:183} INFO - Processing /home/airflow/.local/lib/python3.8/site-packages/airflow/example_dags/example_sla_dag.py took 0.316 seconds
[2025-01-23T09:30:25.763+0000] {processor.py:161} INFO - Started process (PID=909) to work on /home/airflow/.local/lib/python3.8/site-packages/airflow/example_dags/example_sla_dag.py
[2025-01-23T09:30:25.766+0000] {processor.py:830} INFO - Processing file /home/airflow/.local/lib/python3.8/site-packages/airflow/example_dags/example_sla_dag.py for tasks to queue
[2025-01-23T09:30:25.769+0000] {logging_mixin.py:188} INFO - [2025-01-23T09:30:25.769+0000] {dagbag.py:538} INFO - Filling up the DagBag from /home/airflow/.local/lib/python3.8/site-packages/airflow/example_dags/example_sla_dag.py
[2025-01-23T09:30:25.787+0000] {processor.py:840} INFO - DAG(s) 'example_sla_dag' retrieved from /home/airflow/.local/lib/python3.8/site-packages/airflow/example_dags/example_sla_dag.py
[2025-01-23T09:30:25.820+0000] {logging_mixin.py:188} INFO - [2025-01-23T09:30:25.820+0000] {dag.py:3036} INFO - Sync 1 DAGs
[2025-01-23T09:30:25.870+0000] {logging_mixin.py:188} INFO - [2025-01-23T09:30:25.869+0000] {dag.py:3823} INFO - Setting next_dagrun for example_sla_dag to 2025-01-23 09:28:00+00:00, run_after=2025-01-23 09:30:00+00:00
[2025-01-23T09:30:25.966+0000] {processor.py:183} INFO - Processing /home/airflow/.local/lib/python3.8/site-packages/airflow/example_dags/example_sla_dag.py took 0.209 seconds
[2025-01-23T09:30:56.626+0000] {processor.py:161} INFO - Started process (PID=966) to work on /home/airflow/.local/lib/python3.8/site-packages/airflow/example_dags/example_sla_dag.py
[2025-01-23T09:30:56.629+0000] {processor.py:830} INFO - Processing file /home/airflow/.local/lib/python3.8/site-packages/airflow/example_dags/example_sla_dag.py for tasks to queue
[2025-01-23T09:30:56.632+0000] {logging_mixin.py:188} INFO - [2025-01-23T09:30:56.631+0000] {dagbag.py:538} INFO - Filling up the DagBag from /home/airflow/.local/lib/python3.8/site-packages/airflow/example_dags/example_sla_dag.py
[2025-01-23T09:30:56.656+0000] {processor.py:840} INFO - DAG(s) 'example_sla_dag' retrieved from /home/airflow/.local/lib/python3.8/site-packages/airflow/example_dags/example_sla_dag.py
[2025-01-23T09:30:56.705+0000] {logging_mixin.py:188} INFO - [2025-01-23T09:30:56.704+0000] {dag.py:3036} INFO - Sync 1 DAGs
[2025-01-23T09:30:56.774+0000] {logging_mixin.py:188} INFO - [2025-01-23T09:30:56.773+0000] {dag.py:3823} INFO - Setting next_dagrun for example_sla_dag to 2025-01-23 09:28:00+00:00, run_after=2025-01-23 09:30:00+00:00
[2025-01-23T09:30:56.834+0000] {processor.py:183} INFO - Processing /home/airflow/.local/lib/python3.8/site-packages/airflow/example_dags/example_sla_dag.py took 0.217 seconds
[2025-01-23T09:31:27.383+0000] {processor.py:161} INFO - Started process (PID=1022) to work on /home/airflow/.local/lib/python3.8/site-packages/airflow/example_dags/example_sla_dag.py
[2025-01-23T09:31:27.390+0000] {processor.py:830} INFO - Processing file /home/airflow/.local/lib/python3.8/site-packages/airflow/example_dags/example_sla_dag.py for tasks to queue
[2025-01-23T09:31:27.394+0000] {logging_mixin.py:188} INFO - [2025-01-23T09:31:27.393+0000] {dagbag.py:538} INFO - Filling up the DagBag from /home/airflow/.local/lib/python3.8/site-packages/airflow/example_dags/example_sla_dag.py
[2025-01-23T09:31:27.421+0000] {processor.py:840} INFO - DAG(s) 'example_sla_dag' retrieved from /home/airflow/.local/lib/python3.8/site-packages/airflow/example_dags/example_sla_dag.py
[2025-01-23T09:31:27.496+0000] {logging_mixin.py:188} INFO - [2025-01-23T09:31:27.495+0000] {dag.py:3036} INFO - Sync 1 DAGs
[2025-01-23T09:31:27.585+0000] {logging_mixin.py:188} INFO - [2025-01-23T09:31:27.585+0000] {dag.py:3823} INFO - Setting next_dagrun for example_sla_dag to 2025-01-23 09:28:00+00:00, run_after=2025-01-23 09:30:00+00:00
[2025-01-23T09:31:27.633+0000] {processor.py:183} INFO - Processing /home/airflow/.local/lib/python3.8/site-packages/airflow/example_dags/example_sla_dag.py took 0.263 seconds
[2025-01-23T09:31:57.707+0000] {processor.py:161} INFO - Started process (PID=1079) to work on /home/airflow/.local/lib/python3.8/site-packages/airflow/example_dags/example_sla_dag.py
[2025-01-23T09:31:57.709+0000] {processor.py:830} INFO - Processing file /home/airflow/.local/lib/python3.8/site-packages/airflow/example_dags/example_sla_dag.py for tasks to queue
[2025-01-23T09:31:57.711+0000] {logging_mixin.py:188} INFO - [2025-01-23T09:31:57.710+0000] {dagbag.py:538} INFO - Filling up the DagBag from /home/airflow/.local/lib/python3.8/site-packages/airflow/example_dags/example_sla_dag.py
[2025-01-23T09:31:57.730+0000] {processor.py:840} INFO - DAG(s) 'example_sla_dag' retrieved from /home/airflow/.local/lib/python3.8/site-packages/airflow/example_dags/example_sla_dag.py
[2025-01-23T09:31:57.778+0000] {logging_mixin.py:188} INFO - [2025-01-23T09:31:57.777+0000] {dag.py:3036} INFO - Sync 1 DAGs
[2025-01-23T09:31:57.866+0000] {logging_mixin.py:188} INFO - [2025-01-23T09:31:57.864+0000] {dag.py:3823} INFO - Setting next_dagrun for example_sla_dag to 2025-01-23 09:28:00+00:00, run_after=2025-01-23 09:30:00+00:00
[2025-01-23T09:31:57.913+0000] {processor.py:183} INFO - Processing /home/airflow/.local/lib/python3.8/site-packages/airflow/example_dags/example_sla_dag.py took 0.214 seconds
[2025-01-23T09:32:28.401+0000] {processor.py:161} INFO - Started process (PID=1135) to work on /home/airflow/.local/lib/python3.8/site-packages/airflow/example_dags/example_sla_dag.py
[2025-01-23T09:32:28.403+0000] {processor.py:830} INFO - Processing file /home/airflow/.local/lib/python3.8/site-packages/airflow/example_dags/example_sla_dag.py for tasks to queue
[2025-01-23T09:32:28.406+0000] {logging_mixin.py:188} INFO - [2025-01-23T09:32:28.405+0000] {dagbag.py:538} INFO - Filling up the DagBag from /home/airflow/.local/lib/python3.8/site-packages/airflow/example_dags/example_sla_dag.py
[2025-01-23T09:32:28.432+0000] {processor.py:840} INFO - DAG(s) 'example_sla_dag' retrieved from /home/airflow/.local/lib/python3.8/site-packages/airflow/example_dags/example_sla_dag.py
[2025-01-23T09:32:28.482+0000] {logging_mixin.py:188} INFO - [2025-01-23T09:32:28.482+0000] {dag.py:3036} INFO - Sync 1 DAGs
[2025-01-23T09:32:28.551+0000] {logging_mixin.py:188} INFO - [2025-01-23T09:32:28.550+0000] {dag.py:3823} INFO - Setting next_dagrun for example_sla_dag to 2025-01-23 09:30:00+00:00, run_after=2025-01-23 09:32:00+00:00
[2025-01-23T09:32:28.600+0000] {processor.py:183} INFO - Processing /home/airflow/.local/lib/python3.8/site-packages/airflow/example_dags/example_sla_dag.py took 0.208 seconds
[2025-01-23T09:32:59.036+0000] {processor.py:161} INFO - Started process (PID=1191) to work on /home/airflow/.local/lib/python3.8/site-packages/airflow/example_dags/example_sla_dag.py
[2025-01-23T09:32:59.039+0000] {processor.py:830} INFO - Processing file /home/airflow/.local/lib/python3.8/site-packages/airflow/example_dags/example_sla_dag.py for tasks to queue
[2025-01-23T09:32:59.042+0000] {logging_mixin.py:188} INFO - [2025-01-23T09:32:59.041+0000] {dagbag.py:538} INFO - Filling up the DagBag from /home/airflow/.local/lib/python3.8/site-packages/airflow/example_dags/example_sla_dag.py
[2025-01-23T09:32:59.063+0000] {processor.py:840} INFO - DAG(s) 'example_sla_dag' retrieved from /home/airflow/.local/lib/python3.8/site-packages/airflow/example_dags/example_sla_dag.py
[2025-01-23T09:32:59.112+0000] {logging_mixin.py:188} INFO - [2025-01-23T09:32:59.112+0000] {dag.py:3036} INFO - Sync 1 DAGs
[2025-01-23T09:32:59.166+0000] {logging_mixin.py:188} INFO - [2025-01-23T09:32:59.165+0000] {dag.py:3823} INFO - Setting next_dagrun for example_sla_dag to 2025-01-23 09:30:00+00:00, run_after=2025-01-23 09:32:00+00:00
[2025-01-23T09:32:59.206+0000] {processor.py:183} INFO - Processing /home/airflow/.local/lib/python3.8/site-packages/airflow/example_dags/example_sla_dag.py took 0.178 seconds
[2025-01-23T09:33:29.325+0000] {processor.py:161} INFO - Started process (PID=1247) to work on /home/airflow/.local/lib/python3.8/site-packages/airflow/example_dags/example_sla_dag.py
[2025-01-23T09:33:29.327+0000] {processor.py:830} INFO - Processing file /home/airflow/.local/lib/python3.8/site-packages/airflow/example_dags/example_sla_dag.py for tasks to queue
[2025-01-23T09:33:29.329+0000] {logging_mixin.py:188} INFO - [2025-01-23T09:33:29.328+0000] {dagbag.py:538} INFO - Filling up the DagBag from /home/airflow/.local/lib/python3.8/site-packages/airflow/example_dags/example_sla_dag.py
[2025-01-23T09:33:29.354+0000] {processor.py:840} INFO - DAG(s) 'example_sla_dag' retrieved from /home/airflow/.local/lib/python3.8/site-packages/airflow/example_dags/example_sla_dag.py
[2025-01-23T09:33:29.443+0000] {logging_mixin.py:188} INFO - [2025-01-23T09:33:29.442+0000] {dag.py:3036} INFO - Sync 1 DAGs
[2025-01-23T09:33:29.646+0000] {logging_mixin.py:188} INFO - [2025-01-23T09:33:29.645+0000] {dag.py:3823} INFO - Setting next_dagrun for example_sla_dag to 2025-01-23 09:30:00+00:00, run_after=2025-01-23 09:32:00+00:00
[2025-01-23T09:33:29.732+0000] {processor.py:183} INFO - Processing /home/airflow/.local/lib/python3.8/site-packages/airflow/example_dags/example_sla_dag.py took 0.413 seconds
[2025-01-23T09:34:00.267+0000] {processor.py:161} INFO - Started process (PID=1303) to work on /home/airflow/.local/lib/python3.8/site-packages/airflow/example_dags/example_sla_dag.py
[2025-01-23T09:34:00.271+0000] {processor.py:830} INFO - Processing file /home/airflow/.local/lib/python3.8/site-packages/airflow/example_dags/example_sla_dag.py for tasks to queue
[2025-01-23T09:34:00.274+0000] {logging_mixin.py:188} INFO - [2025-01-23T09:34:00.273+0000] {dagbag.py:538} INFO - Filling up the DagBag from /home/airflow/.local/lib/python3.8/site-packages/airflow/example_dags/example_sla_dag.py
[2025-01-23T09:34:00.304+0000] {processor.py:840} INFO - DAG(s) 'example_sla_dag' retrieved from /home/airflow/.local/lib/python3.8/site-packages/airflow/example_dags/example_sla_dag.py
[2025-01-23T09:34:00.363+0000] {logging_mixin.py:188} INFO - [2025-01-23T09:34:00.362+0000] {dag.py:3036} INFO - Sync 1 DAGs
[2025-01-23T09:34:00.441+0000] {logging_mixin.py:188} INFO - [2025-01-23T09:34:00.441+0000] {dag.py:3823} INFO - Setting next_dagrun for example_sla_dag to 2025-01-23 09:32:00+00:00, run_after=2025-01-23 09:34:00+00:00
[2025-01-23T09:34:00.514+0000] {processor.py:183} INFO - Processing /home/airflow/.local/lib/python3.8/site-packages/airflow/example_dags/example_sla_dag.py took 0.259 seconds
[2025-01-23T09:34:31.100+0000] {processor.py:161} INFO - Started process (PID=1359) to work on /home/airflow/.local/lib/python3.8/site-packages/airflow/example_dags/example_sla_dag.py
[2025-01-23T09:34:31.102+0000] {processor.py:830} INFO - Processing file /home/airflow/.local/lib/python3.8/site-packages/airflow/example_dags/example_sla_dag.py for tasks to queue
[2025-01-23T09:34:31.105+0000] {logging_mixin.py:188} INFO - [2025-01-23T09:34:31.104+0000] {dagbag.py:538} INFO - Filling up the DagBag from /home/airflow/.local/lib/python3.8/site-packages/airflow/example_dags/example_sla_dag.py
[2025-01-23T09:34:31.125+0000] {processor.py:840} INFO - DAG(s) 'example_sla_dag' retrieved from /home/airflow/.local/lib/python3.8/site-packages/airflow/example_dags/example_sla_dag.py
[2025-01-23T09:34:31.165+0000] {logging_mixin.py:188} INFO - [2025-01-23T09:34:31.164+0000] {dag.py:3036} INFO - Sync 1 DAGs
[2025-01-23T09:34:31.239+0000] {logging_mixin.py:188} INFO - [2025-01-23T09:34:31.238+0000] {dag.py:3823} INFO - Setting next_dagrun for example_sla_dag to 2025-01-23 09:32:00+00:00, run_after=2025-01-23 09:34:00+00:00
[2025-01-23T09:34:31.293+0000] {processor.py:183} INFO - Processing /home/airflow/.local/lib/python3.8/site-packages/airflow/example_dags/example_sla_dag.py took 0.200 seconds
[2025-01-23T09:35:02.899+0000] {processor.py:161} INFO - Started process (PID=1422) to work on /home/airflow/.local/lib/python3.8/site-packages/airflow/example_dags/example_sla_dag.py
[2025-01-23T09:35:02.901+0000] {processor.py:830} INFO - Processing file /home/airflow/.local/lib/python3.8/site-packages/airflow/example_dags/example_sla_dag.py for tasks to queue
[2025-01-23T09:35:02.903+0000] {logging_mixin.py:188} INFO - [2025-01-23T09:35:02.902+0000] {dagbag.py:538} INFO - Filling up the DagBag from /home/airflow/.local/lib/python3.8/site-packages/airflow/example_dags/example_sla_dag.py
[2025-01-23T09:35:02.920+0000] {processor.py:840} INFO - DAG(s) 'example_sla_dag' retrieved from /home/airflow/.local/lib/python3.8/site-packages/airflow/example_dags/example_sla_dag.py
[2025-01-23T09:35:02.963+0000] {logging_mixin.py:188} INFO - [2025-01-23T09:35:02.963+0000] {dag.py:3036} INFO - Sync 1 DAGs
[2025-01-23T09:35:03.027+0000] {logging_mixin.py:188} INFO - [2025-01-23T09:35:03.027+0000] {dag.py:3823} INFO - Setting next_dagrun for example_sla_dag to 2025-01-23 09:32:00+00:00, run_after=2025-01-23 09:34:00+00:00
[2025-01-23T09:35:03.076+0000] {processor.py:183} INFO - Processing /home/airflow/.local/lib/python3.8/site-packages/airflow/example_dags/example_sla_dag.py took 0.186 seconds
[2025-01-23T09:35:33.310+0000] {processor.py:161} INFO - Started process (PID=1478) to work on /home/airflow/.local/lib/python3.8/site-packages/airflow/example_dags/example_sla_dag.py
[2025-01-23T09:35:33.312+0000] {processor.py:830} INFO - Processing file /home/airflow/.local/lib/python3.8/site-packages/airflow/example_dags/example_sla_dag.py for tasks to queue
[2025-01-23T09:35:33.314+0000] {logging_mixin.py:188} INFO - [2025-01-23T09:35:33.313+0000] {dagbag.py:538} INFO - Filling up the DagBag from /home/airflow/.local/lib/python3.8/site-packages/airflow/example_dags/example_sla_dag.py
[2025-01-23T09:35:33.336+0000] {processor.py:840} INFO - DAG(s) 'example_sla_dag' retrieved from /home/airflow/.local/lib/python3.8/site-packages/airflow/example_dags/example_sla_dag.py
[2025-01-23T09:35:33.375+0000] {logging_mixin.py:188} INFO - [2025-01-23T09:35:33.374+0000] {dag.py:3036} INFO - Sync 1 DAGs
[2025-01-23T09:35:33.434+0000] {logging_mixin.py:188} INFO - [2025-01-23T09:35:33.434+0000] {dag.py:3823} INFO - Setting next_dagrun for example_sla_dag to 2025-01-23 09:32:00+00:00, run_after=2025-01-23 09:34:00+00:00
[2025-01-23T09:35:33.478+0000] {processor.py:183} INFO - Processing /home/airflow/.local/lib/python3.8/site-packages/airflow/example_dags/example_sla_dag.py took 0.175 seconds
[2025-01-23T09:36:04.285+0000] {processor.py:161} INFO - Started process (PID=1532) to work on /home/airflow/.local/lib/python3.8/site-packages/airflow/example_dags/example_sla_dag.py
[2025-01-23T09:36:04.287+0000] {processor.py:830} INFO - Processing file /home/airflow/.local/lib/python3.8/site-packages/airflow/example_dags/example_sla_dag.py for tasks to queue
[2025-01-23T09:36:04.289+0000] {logging_mixin.py:188} INFO - [2025-01-23T09:36:04.288+0000] {dagbag.py:538} INFO - Filling up the DagBag from /home/airflow/.local/lib/python3.8/site-packages/airflow/example_dags/example_sla_dag.py
[2025-01-23T09:36:04.303+0000] {processor.py:840} INFO - DAG(s) 'example_sla_dag' retrieved from /home/airflow/.local/lib/python3.8/site-packages/airflow/example_dags/example_sla_dag.py
[2025-01-23T09:36:04.337+0000] {logging_mixin.py:188} INFO - [2025-01-23T09:36:04.337+0000] {dag.py:3036} INFO - Sync 1 DAGs
[2025-01-23T09:36:04.382+0000] {logging_mixin.py:188} INFO - [2025-01-23T09:36:04.382+0000] {dag.py:3823} INFO - Setting next_dagrun for example_sla_dag to 2025-01-23 09:34:00+00:00, run_after=2025-01-23 09:36:00+00:00
[2025-01-23T09:36:04.420+0000] {processor.py:183} INFO - Processing /home/airflow/.local/lib/python3.8/site-packages/airflow/example_dags/example_sla_dag.py took 0.139 seconds
[2025-01-23T09:36:34.525+0000] {processor.py:161} INFO - Started process (PID=1587) to work on /home/airflow/.local/lib/python3.8/site-packages/airflow/example_dags/example_sla_dag.py
[2025-01-23T09:36:34.527+0000] {processor.py:830} INFO - Processing file /home/airflow/.local/lib/python3.8/site-packages/airflow/example_dags/example_sla_dag.py for tasks to queue
[2025-01-23T09:36:34.530+0000] {logging_mixin.py:188} INFO - [2025-01-23T09:36:34.529+0000] {dagbag.py:538} INFO - Filling up the DagBag from /home/airflow/.local/lib/python3.8/site-packages/airflow/example_dags/example_sla_dag.py
[2025-01-23T09:36:34.546+0000] {processor.py:840} INFO - DAG(s) 'example_sla_dag' retrieved from /home/airflow/.local/lib/python3.8/site-packages/airflow/example_dags/example_sla_dag.py
[2025-01-23T09:36:34.582+0000] {logging_mixin.py:188} INFO - [2025-01-23T09:36:34.582+0000] {dag.py:3036} INFO - Sync 1 DAGs
[2025-01-23T09:36:34.632+0000] {logging_mixin.py:188} INFO - [2025-01-23T09:36:34.632+0000] {dag.py:3823} INFO - Setting next_dagrun for example_sla_dag to 2025-01-23 09:34:00+00:00, run_after=2025-01-23 09:36:00+00:00
[2025-01-23T09:36:34.689+0000] {processor.py:183} INFO - Processing /home/airflow/.local/lib/python3.8/site-packages/airflow/example_dags/example_sla_dag.py took 0.170 seconds
[2025-01-23T09:37:04.920+0000] {processor.py:161} INFO - Started process (PID=1643) to work on /home/airflow/.local/lib/python3.8/site-packages/airflow/example_dags/example_sla_dag.py
[2025-01-23T09:37:04.922+0000] {processor.py:830} INFO - Processing file /home/airflow/.local/lib/python3.8/site-packages/airflow/example_dags/example_sla_dag.py for tasks to queue
[2025-01-23T09:37:04.924+0000] {logging_mixin.py:188} INFO - [2025-01-23T09:37:04.924+0000] {dagbag.py:538} INFO - Filling up the DagBag from /home/airflow/.local/lib/python3.8/site-packages/airflow/example_dags/example_sla_dag.py
[2025-01-23T09:37:04.946+0000] {processor.py:840} INFO - DAG(s) 'example_sla_dag' retrieved from /home/airflow/.local/lib/python3.8/site-packages/airflow/example_dags/example_sla_dag.py
[2025-01-23T09:37:04.989+0000] {logging_mixin.py:188} INFO - [2025-01-23T09:37:04.989+0000] {dag.py:3036} INFO - Sync 1 DAGs
[2025-01-23T09:37:05.041+0000] {logging_mixin.py:188} INFO - [2025-01-23T09:37:05.041+0000] {dag.py:3823} INFO - Setting next_dagrun for example_sla_dag to 2025-01-23 09:34:00+00:00, run_after=2025-01-23 09:36:00+00:00
[2025-01-23T09:37:05.087+0000] {processor.py:183} INFO - Processing /home/airflow/.local/lib/python3.8/site-packages/airflow/example_dags/example_sla_dag.py took 0.174 seconds
[2025-01-23T09:37:35.316+0000] {processor.py:161} INFO - Started process (PID=1699) to work on /home/airflow/.local/lib/python3.8/site-packages/airflow/example_dags/example_sla_dag.py
[2025-01-23T09:37:35.318+0000] {processor.py:830} INFO - Processing file /home/airflow/.local/lib/python3.8/site-packages/airflow/example_dags/example_sla_dag.py for tasks to queue
[2025-01-23T09:37:35.320+0000] {logging_mixin.py:188} INFO - [2025-01-23T09:37:35.319+0000] {dagbag.py:538} INFO - Filling up the DagBag from /home/airflow/.local/lib/python3.8/site-packages/airflow/example_dags/example_sla_dag.py
[2025-01-23T09:37:35.345+0000] {processor.py:840} INFO - DAG(s) 'example_sla_dag' retrieved from /home/airflow/.local/lib/python3.8/site-packages/airflow/example_dags/example_sla_dag.py
[2025-01-23T09:37:35.391+0000] {logging_mixin.py:188} INFO - [2025-01-23T09:37:35.391+0000] {dag.py:3036} INFO - Sync 1 DAGs
[2025-01-23T09:37:35.451+0000] {logging_mixin.py:188} INFO - [2025-01-23T09:37:35.451+0000] {dag.py:3823} INFO - Setting next_dagrun for example_sla_dag to 2025-01-23 09:34:00+00:00, run_after=2025-01-23 09:36:00+00:00
[2025-01-23T09:37:35.495+0000] {processor.py:183} INFO - Processing /home/airflow/.local/lib/python3.8/site-packages/airflow/example_dags/example_sla_dag.py took 0.187 seconds
[2025-01-23T09:38:06.017+0000] {processor.py:161} INFO - Started process (PID=1756) to work on /home/airflow/.local/lib/python3.8/site-packages/airflow/example_dags/example_sla_dag.py
[2025-01-23T09:38:06.021+0000] {processor.py:830} INFO - Processing file /home/airflow/.local/lib/python3.8/site-packages/airflow/example_dags/example_sla_dag.py for tasks to queue
[2025-01-23T09:38:06.024+0000] {logging_mixin.py:188} INFO - [2025-01-23T09:38:06.023+0000] {dagbag.py:538} INFO - Filling up the DagBag from /home/airflow/.local/lib/python3.8/site-packages/airflow/example_dags/example_sla_dag.py
[2025-01-23T09:38:06.043+0000] {processor.py:840} INFO - DAG(s) 'example_sla_dag' retrieved from /home/airflow/.local/lib/python3.8/site-packages/airflow/example_dags/example_sla_dag.py
[2025-01-23T09:38:06.082+0000] {logging_mixin.py:188} INFO - [2025-01-23T09:38:06.082+0000] {dag.py:3036} INFO - Sync 1 DAGs
[2025-01-23T09:38:06.144+0000] {logging_mixin.py:188} INFO - [2025-01-23T09:38:06.143+0000] {dag.py:3823} INFO - Setting next_dagrun for example_sla_dag to 2025-01-23 09:36:00+00:00, run_after=2025-01-23 09:38:00+00:00
[2025-01-23T09:38:06.195+0000] {processor.py:183} INFO - Processing /home/airflow/.local/lib/python3.8/site-packages/airflow/example_dags/example_sla_dag.py took 0.188 seconds
[2025-01-23T09:38:36.791+0000] {processor.py:161} INFO - Started process (PID=1812) to work on /home/airflow/.local/lib/python3.8/site-packages/airflow/example_dags/example_sla_dag.py
[2025-01-23T09:38:36.795+0000] {processor.py:830} INFO - Processing file /home/airflow/.local/lib/python3.8/site-packages/airflow/example_dags/example_sla_dag.py for tasks to queue
[2025-01-23T09:38:36.799+0000] {logging_mixin.py:188} INFO - [2025-01-23T09:38:36.798+0000] {dagbag.py:538} INFO - Filling up the DagBag from /home/airflow/.local/lib/python3.8/site-packages/airflow/example_dags/example_sla_dag.py
[2025-01-23T09:38:36.828+0000] {processor.py:840} INFO - DAG(s) 'example_sla_dag' retrieved from /home/airflow/.local/lib/python3.8/site-packages/airflow/example_dags/example_sla_dag.py
[2025-01-23T09:38:36.887+0000] {logging_mixin.py:188} INFO - [2025-01-23T09:38:36.886+0000] {dag.py:3036} INFO - Sync 1 DAGs
[2025-01-23T09:38:36.952+0000] {logging_mixin.py:188} INFO - [2025-01-23T09:38:36.951+0000] {dag.py:3823} INFO - Setting next_dagrun for example_sla_dag to 2025-01-23 09:36:00+00:00, run_after=2025-01-23 09:38:00+00:00
[2025-01-23T09:38:37.002+0000] {processor.py:183} INFO - Processing /home/airflow/.local/lib/python3.8/site-packages/airflow/example_dags/example_sla_dag.py took 0.225 seconds
[2025-01-23T09:39:07.643+0000] {processor.py:161} INFO - Started process (PID=1868) to work on /home/airflow/.local/lib/python3.8/site-packages/airflow/example_dags/example_sla_dag.py
[2025-01-23T09:39:07.647+0000] {processor.py:830} INFO - Processing file /home/airflow/.local/lib/python3.8/site-packages/airflow/example_dags/example_sla_dag.py for tasks to queue
[2025-01-23T09:39:07.655+0000] {logging_mixin.py:188} INFO - [2025-01-23T09:39:07.651+0000] {dagbag.py:538} INFO - Filling up the DagBag from /home/airflow/.local/lib/python3.8/site-packages/airflow/example_dags/example_sla_dag.py
[2025-01-23T09:39:07.692+0000] {processor.py:840} INFO - DAG(s) 'example_sla_dag' retrieved from /home/airflow/.local/lib/python3.8/site-packages/airflow/example_dags/example_sla_dag.py
[2025-01-23T09:39:07.759+0000] {logging_mixin.py:188} INFO - [2025-01-23T09:39:07.758+0000] {dag.py:3036} INFO - Sync 1 DAGs
[2025-01-23T09:39:07.868+0000] {logging_mixin.py:188} INFO - [2025-01-23T09:39:07.868+0000] {dag.py:3823} INFO - Setting next_dagrun for example_sla_dag to 2025-01-23 09:36:00+00:00, run_after=2025-01-23 09:38:00+00:00
[2025-01-23T09:39:07.922+0000] {processor.py:183} INFO - Processing /home/airflow/.local/lib/python3.8/site-packages/airflow/example_dags/example_sla_dag.py took 0.292 seconds
[2025-01-23T09:39:38.259+0000] {processor.py:161} INFO - Started process (PID=1924) to work on /home/airflow/.local/lib/python3.8/site-packages/airflow/example_dags/example_sla_dag.py
[2025-01-23T09:39:38.262+0000] {processor.py:830} INFO - Processing file /home/airflow/.local/lib/python3.8/site-packages/airflow/example_dags/example_sla_dag.py for tasks to queue
[2025-01-23T09:39:38.266+0000] {logging_mixin.py:188} INFO - [2025-01-23T09:39:38.265+0000] {dagbag.py:538} INFO - Filling up the DagBag from /home/airflow/.local/lib/python3.8/site-packages/airflow/example_dags/example_sla_dag.py
[2025-01-23T09:39:38.310+0000] {processor.py:840} INFO - DAG(s) 'example_sla_dag' retrieved from /home/airflow/.local/lib/python3.8/site-packages/airflow/example_dags/example_sla_dag.py
[2025-01-23T09:39:38.410+0000] {logging_mixin.py:188} INFO - [2025-01-23T09:39:38.410+0000] {dag.py:3036} INFO - Sync 1 DAGs
[2025-01-23T09:39:38.513+0000] {logging_mixin.py:188} INFO - [2025-01-23T09:39:38.512+0000] {dag.py:3823} INFO - Setting next_dagrun for example_sla_dag to 2025-01-23 09:36:00+00:00, run_after=2025-01-23 09:38:00+00:00
[2025-01-23T09:39:38.596+0000] {processor.py:183} INFO - Processing /home/airflow/.local/lib/python3.8/site-packages/airflow/example_dags/example_sla_dag.py took 0.354 seconds
[2025-01-23T09:40:08.762+0000] {processor.py:161} INFO - Started process (PID=1980) to work on /home/airflow/.local/lib/python3.8/site-packages/airflow/example_dags/example_sla_dag.py
[2025-01-23T09:40:08.764+0000] {processor.py:830} INFO - Processing file /home/airflow/.local/lib/python3.8/site-packages/airflow/example_dags/example_sla_dag.py for tasks to queue
[2025-01-23T09:40:08.767+0000] {logging_mixin.py:188} INFO - [2025-01-23T09:40:08.767+0000] {dagbag.py:538} INFO - Filling up the DagBag from /home/airflow/.local/lib/python3.8/site-packages/airflow/example_dags/example_sla_dag.py
[2025-01-23T09:40:08.792+0000] {processor.py:840} INFO - DAG(s) 'example_sla_dag' retrieved from /home/airflow/.local/lib/python3.8/site-packages/airflow/example_dags/example_sla_dag.py
[2025-01-23T09:40:08.846+0000] {logging_mixin.py:188} INFO - [2025-01-23T09:40:08.846+0000] {dag.py:3036} INFO - Sync 1 DAGs
[2025-01-23T09:40:08.934+0000] {logging_mixin.py:188} INFO - [2025-01-23T09:40:08.933+0000] {dag.py:3823} INFO - Setting next_dagrun for example_sla_dag to 2025-01-23 09:38:00+00:00, run_after=2025-01-23 09:40:00+00:00
[2025-01-23T09:40:08.995+0000] {processor.py:183} INFO - Processing /home/airflow/.local/lib/python3.8/site-packages/airflow/example_dags/example_sla_dag.py took 0.244 seconds
[2025-01-23T09:40:39.311+0000] {processor.py:161} INFO - Started process (PID=2037) to work on /home/airflow/.local/lib/python3.8/site-packages/airflow/example_dags/example_sla_dag.py
[2025-01-23T09:40:39.313+0000] {processor.py:830} INFO - Processing file /home/airflow/.local/lib/python3.8/site-packages/airflow/example_dags/example_sla_dag.py for tasks to queue
[2025-01-23T09:40:39.315+0000] {logging_mixin.py:188} INFO - [2025-01-23T09:40:39.314+0000] {dagbag.py:538} INFO - Filling up the DagBag from /home/airflow/.local/lib/python3.8/site-packages/airflow/example_dags/example_sla_dag.py
[2025-01-23T09:40:39.334+0000] {processor.py:840} INFO - DAG(s) 'example_sla_dag' retrieved from /home/airflow/.local/lib/python3.8/site-packages/airflow/example_dags/example_sla_dag.py
[2025-01-23T09:40:39.382+0000] {logging_mixin.py:188} INFO - [2025-01-23T09:40:39.382+0000] {dag.py:3036} INFO - Sync 1 DAGs
[2025-01-23T09:40:39.449+0000] {logging_mixin.py:188} INFO - [2025-01-23T09:40:39.449+0000] {dag.py:3823} INFO - Setting next_dagrun for example_sla_dag to 2025-01-23 09:38:00+00:00, run_after=2025-01-23 09:40:00+00:00
[2025-01-23T09:40:39.486+0000] {processor.py:183} INFO - Processing /home/airflow/.local/lib/python3.8/site-packages/airflow/example_dags/example_sla_dag.py took 0.183 seconds
[2025-01-23T09:41:13.348+0000] {processor.py:161} INFO - Started process (PID=2095) to work on /home/airflow/.local/lib/python3.8/site-packages/airflow/example_dags/example_sla_dag.py
[2025-01-23T09:41:13.385+0000] {processor.py:830} INFO - Processing file /home/airflow/.local/lib/python3.8/site-packages/airflow/example_dags/example_sla_dag.py for tasks to queue
[2025-01-23T09:41:13.393+0000] {logging_mixin.py:188} INFO - [2025-01-23T09:41:13.392+0000] {dagbag.py:538} INFO - Filling up the DagBag from /home/airflow/.local/lib/python3.8/site-packages/airflow/example_dags/example_sla_dag.py
[2025-01-23T09:41:13.469+0000] {processor.py:840} INFO - DAG(s) 'example_sla_dag' retrieved from /home/airflow/.local/lib/python3.8/site-packages/airflow/example_dags/example_sla_dag.py
[2025-01-23T09:41:13.628+0000] {logging_mixin.py:188} INFO - [2025-01-23T09:41:13.627+0000] {dag.py:3036} INFO - Sync 1 DAGs
[2025-01-23T09:41:13.822+0000] {logging_mixin.py:188} INFO - [2025-01-23T09:41:13.822+0000] {dag.py:3823} INFO - Setting next_dagrun for example_sla_dag to 2025-01-23 09:38:00+00:00, run_after=2025-01-23 09:40:00+00:00
[2025-01-23T09:41:14.168+0000] {processor.py:183} INFO - Processing /home/airflow/.local/lib/python3.8/site-packages/airflow/example_dags/example_sla_dag.py took 0.841 seconds
[2025-01-23T09:41:44.941+0000] {processor.py:161} INFO - Started process (PID=2151) to work on /home/airflow/.local/lib/python3.8/site-packages/airflow/example_dags/example_sla_dag.py
[2025-01-23T09:41:44.944+0000] {processor.py:830} INFO - Processing file /home/airflow/.local/lib/python3.8/site-packages/airflow/example_dags/example_sla_dag.py for tasks to queue
[2025-01-23T09:41:44.947+0000] {logging_mixin.py:188} INFO - [2025-01-23T09:41:44.946+0000] {dagbag.py:538} INFO - Filling up the DagBag from /home/airflow/.local/lib/python3.8/site-packages/airflow/example_dags/example_sla_dag.py
[2025-01-23T09:41:44.967+0000] {processor.py:840} INFO - DAG(s) 'example_sla_dag' retrieved from /home/airflow/.local/lib/python3.8/site-packages/airflow/example_dags/example_sla_dag.py
[2025-01-23T09:41:45.023+0000] {logging_mixin.py:188} INFO - [2025-01-23T09:41:45.023+0000] {dag.py:3036} INFO - Sync 1 DAGs
[2025-01-23T09:41:45.096+0000] {logging_mixin.py:188} INFO - [2025-01-23T09:41:45.096+0000] {dag.py:3823} INFO - Setting next_dagrun for example_sla_dag to 2025-01-23 09:38:00+00:00, run_after=2025-01-23 09:40:00+00:00
[2025-01-23T09:41:45.164+0000] {processor.py:183} INFO - Processing /home/airflow/.local/lib/python3.8/site-packages/airflow/example_dags/example_sla_dag.py took 0.232 seconds
[2025-01-23T09:42:18.455+0000] {processor.py:161} INFO - Started process (PID=2208) to work on /home/airflow/.local/lib/python3.8/site-packages/airflow/example_dags/example_sla_dag.py
[2025-01-23T09:42:18.460+0000] {processor.py:830} INFO - Processing file /home/airflow/.local/lib/python3.8/site-packages/airflow/example_dags/example_sla_dag.py for tasks to queue
[2025-01-23T09:42:18.472+0000] {logging_mixin.py:188} INFO - [2025-01-23T09:42:18.471+0000] {dagbag.py:538} INFO - Filling up the DagBag from /home/airflow/.local/lib/python3.8/site-packages/airflow/example_dags/example_sla_dag.py
[2025-01-23T09:42:18.530+0000] {processor.py:840} INFO - DAG(s) 'example_sla_dag' retrieved from /home/airflow/.local/lib/python3.8/site-packages/airflow/example_dags/example_sla_dag.py
[2025-01-23T09:42:18.620+0000] {logging_mixin.py:188} INFO - [2025-01-23T09:42:18.619+0000] {dag.py:3036} INFO - Sync 1 DAGs
[2025-01-23T09:42:18.738+0000] {logging_mixin.py:188} INFO - [2025-01-23T09:42:18.737+0000] {dag.py:3823} INFO - Setting next_dagrun for example_sla_dag to 2025-01-23 09:40:00+00:00, run_after=2025-01-23 09:42:00+00:00
[2025-01-23T09:42:19.250+0000] {processor.py:183} INFO - Processing /home/airflow/.local/lib/python3.8/site-packages/airflow/example_dags/example_sla_dag.py took 0.812 seconds
[2025-01-23T09:42:49.703+0000] {processor.py:161} INFO - Started process (PID=2264) to work on /home/airflow/.local/lib/python3.8/site-packages/airflow/example_dags/example_sla_dag.py
[2025-01-23T09:42:49.710+0000] {processor.py:830} INFO - Processing file /home/airflow/.local/lib/python3.8/site-packages/airflow/example_dags/example_sla_dag.py for tasks to queue
[2025-01-23T09:42:49.713+0000] {logging_mixin.py:188} INFO - [2025-01-23T09:42:49.712+0000] {dagbag.py:538} INFO - Filling up the DagBag from /home/airflow/.local/lib/python3.8/site-packages/airflow/example_dags/example_sla_dag.py
[2025-01-23T09:42:49.739+0000] {processor.py:840} INFO - DAG(s) 'example_sla_dag' retrieved from /home/airflow/.local/lib/python3.8/site-packages/airflow/example_dags/example_sla_dag.py
[2025-01-23T09:42:49.789+0000] {logging_mixin.py:188} INFO - [2025-01-23T09:42:49.789+0000] {dag.py:3036} INFO - Sync 1 DAGs
[2025-01-23T09:42:49.850+0000] {logging_mixin.py:188} INFO - [2025-01-23T09:42:49.850+0000] {dag.py:3823} INFO - Setting next_dagrun for example_sla_dag to 2025-01-23 09:40:00+00:00, run_after=2025-01-23 09:42:00+00:00
[2025-01-23T09:42:49.887+0000] {processor.py:183} INFO - Processing /home/airflow/.local/lib/python3.8/site-packages/airflow/example_dags/example_sla_dag.py took 0.194 seconds
[2025-01-23T09:43:20.242+0000] {processor.py:161} INFO - Started process (PID=2320) to work on /home/airflow/.local/lib/python3.8/site-packages/airflow/example_dags/example_sla_dag.py
[2025-01-23T09:43:20.246+0000] {processor.py:830} INFO - Processing file /home/airflow/.local/lib/python3.8/site-packages/airflow/example_dags/example_sla_dag.py for tasks to queue
[2025-01-23T09:43:20.253+0000] {logging_mixin.py:188} INFO - [2025-01-23T09:43:20.252+0000] {dagbag.py:538} INFO - Filling up the DagBag from /home/airflow/.local/lib/python3.8/site-packages/airflow/example_dags/example_sla_dag.py
[2025-01-23T09:43:20.303+0000] {processor.py:840} INFO - DAG(s) 'example_sla_dag' retrieved from /home/airflow/.local/lib/python3.8/site-packages/airflow/example_dags/example_sla_dag.py
[2025-01-23T09:43:20.418+0000] {logging_mixin.py:188} INFO - [2025-01-23T09:43:20.417+0000] {dag.py:3036} INFO - Sync 1 DAGs
[2025-01-23T09:43:20.515+0000] {logging_mixin.py:188} INFO - [2025-01-23T09:43:20.514+0000] {dag.py:3823} INFO - Setting next_dagrun for example_sla_dag to 2025-01-23 09:40:00+00:00, run_after=2025-01-23 09:42:00+00:00
[2025-01-23T09:43:20.601+0000] {processor.py:183} INFO - Processing /home/airflow/.local/lib/python3.8/site-packages/airflow/example_dags/example_sla_dag.py took 0.378 seconds
[2025-01-23T09:43:50.855+0000] {processor.py:161} INFO - Started process (PID=2376) to work on /home/airflow/.local/lib/python3.8/site-packages/airflow/example_dags/example_sla_dag.py
[2025-01-23T09:43:50.858+0000] {processor.py:830} INFO - Processing file /home/airflow/.local/lib/python3.8/site-packages/airflow/example_dags/example_sla_dag.py for tasks to queue
[2025-01-23T09:43:50.860+0000] {logging_mixin.py:188} INFO - [2025-01-23T09:43:50.859+0000] {dagbag.py:538} INFO - Filling up the DagBag from /home/airflow/.local/lib/python3.8/site-packages/airflow/example_dags/example_sla_dag.py
[2025-01-23T09:43:50.876+0000] {processor.py:840} INFO - DAG(s) 'example_sla_dag' retrieved from /home/airflow/.local/lib/python3.8/site-packages/airflow/example_dags/example_sla_dag.py
[2025-01-23T09:43:50.911+0000] {logging_mixin.py:188} INFO - [2025-01-23T09:43:50.910+0000] {dag.py:3036} INFO - Sync 1 DAGs
[2025-01-23T09:43:50.970+0000] {logging_mixin.py:188} INFO - [2025-01-23T09:43:50.970+0000] {dag.py:3823} INFO - Setting next_dagrun for example_sla_dag to 2025-01-23 09:40:00+00:00, run_after=2025-01-23 09:42:00+00:00
[2025-01-23T09:43:51.014+0000] {processor.py:183} INFO - Processing /home/airflow/.local/lib/python3.8/site-packages/airflow/example_dags/example_sla_dag.py took 0.167 seconds
[2025-01-23T09:44:29.013+0000] {processor.py:161} INFO - Started process (PID=2436) to work on /home/airflow/.local/lib/python3.8/site-packages/airflow/example_dags/example_sla_dag.py
[2025-01-23T09:44:29.037+0000] {processor.py:830} INFO - Processing file /home/airflow/.local/lib/python3.8/site-packages/airflow/example_dags/example_sla_dag.py for tasks to queue
[2025-01-23T09:44:29.040+0000] {logging_mixin.py:188} INFO - [2025-01-23T09:44:29.039+0000] {dagbag.py:538} INFO - Filling up the DagBag from /home/airflow/.local/lib/python3.8/site-packages/airflow/example_dags/example_sla_dag.py
[2025-01-23T09:44:29.084+0000] {processor.py:840} INFO - DAG(s) 'example_sla_dag' retrieved from /home/airflow/.local/lib/python3.8/site-packages/airflow/example_dags/example_sla_dag.py
[2025-01-23T09:44:29.159+0000] {logging_mixin.py:188} INFO - [2025-01-23T09:44:29.159+0000] {dag.py:3036} INFO - Sync 1 DAGs
[2025-01-23T09:44:29.324+0000] {logging_mixin.py:188} INFO - [2025-01-23T09:44:29.324+0000] {dag.py:3823} INFO - Setting next_dagrun for example_sla_dag to 2025-01-23 09:42:00+00:00, run_after=2025-01-23 09:44:00+00:00
[2025-01-23T09:44:29.425+0000] {processor.py:183} INFO - Processing /home/airflow/.local/lib/python3.8/site-packages/airflow/example_dags/example_sla_dag.py took 0.434 seconds
[2025-01-23T09:44:59.588+0000] {processor.py:161} INFO - Started process (PID=2492) to work on /home/airflow/.local/lib/python3.8/site-packages/airflow/example_dags/example_sla_dag.py
[2025-01-23T09:44:59.590+0000] {processor.py:830} INFO - Processing file /home/airflow/.local/lib/python3.8/site-packages/airflow/example_dags/example_sla_dag.py for tasks to queue
[2025-01-23T09:44:59.594+0000] {logging_mixin.py:188} INFO - [2025-01-23T09:44:59.593+0000] {dagbag.py:538} INFO - Filling up the DagBag from /home/airflow/.local/lib/python3.8/site-packages/airflow/example_dags/example_sla_dag.py
[2025-01-23T09:44:59.620+0000] {processor.py:840} INFO - DAG(s) 'example_sla_dag' retrieved from /home/airflow/.local/lib/python3.8/site-packages/airflow/example_dags/example_sla_dag.py
[2025-01-23T09:44:59.667+0000] {logging_mixin.py:188} INFO - [2025-01-23T09:44:59.666+0000] {dag.py:3036} INFO - Sync 1 DAGs
[2025-01-23T09:44:59.960+0000] {logging_mixin.py:188} INFO - [2025-01-23T09:44:59.960+0000] {dag.py:3823} INFO - Setting next_dagrun for example_sla_dag to 2025-01-23 09:42:00+00:00, run_after=2025-01-23 09:44:00+00:00
[2025-01-23T09:45:00.023+0000] {processor.py:183} INFO - Processing /home/airflow/.local/lib/python3.8/site-packages/airflow/example_dags/example_sla_dag.py took 0.442 seconds
[2025-01-23T09:45:30.281+0000] {processor.py:161} INFO - Started process (PID=2548) to work on /home/airflow/.local/lib/python3.8/site-packages/airflow/example_dags/example_sla_dag.py
[2025-01-23T09:45:30.284+0000] {processor.py:830} INFO - Processing file /home/airflow/.local/lib/python3.8/site-packages/airflow/example_dags/example_sla_dag.py for tasks to queue
[2025-01-23T09:45:30.286+0000] {logging_mixin.py:188} INFO - [2025-01-23T09:45:30.285+0000] {dagbag.py:538} INFO - Filling up the DagBag from /home/airflow/.local/lib/python3.8/site-packages/airflow/example_dags/example_sla_dag.py
[2025-01-23T09:45:30.311+0000] {processor.py:840} INFO - DAG(s) 'example_sla_dag' retrieved from /home/airflow/.local/lib/python3.8/site-packages/airflow/example_dags/example_sla_dag.py
[2025-01-23T09:45:30.368+0000] {logging_mixin.py:188} INFO - [2025-01-23T09:45:30.367+0000] {dag.py:3036} INFO - Sync 1 DAGs
[2025-01-23T09:45:30.437+0000] {logging_mixin.py:188} INFO - [2025-01-23T09:45:30.436+0000] {dag.py:3823} INFO - Setting next_dagrun for example_sla_dag to 2025-01-23 09:42:00+00:00, run_after=2025-01-23 09:44:00+00:00
[2025-01-23T09:45:30.484+0000] {processor.py:183} INFO - Processing /home/airflow/.local/lib/python3.8/site-packages/airflow/example_dags/example_sla_dag.py took 0.216 seconds
[2025-01-23T09:46:01.731+0000] {processor.py:161} INFO - Started process (PID=2604) to work on /home/airflow/.local/lib/python3.8/site-packages/airflow/example_dags/example_sla_dag.py
[2025-01-23T09:46:01.737+0000] {processor.py:830} INFO - Processing file /home/airflow/.local/lib/python3.8/site-packages/airflow/example_dags/example_sla_dag.py for tasks to queue
[2025-01-23T09:46:01.740+0000] {logging_mixin.py:188} INFO - [2025-01-23T09:46:01.739+0000] {dagbag.py:538} INFO - Filling up the DagBag from /home/airflow/.local/lib/python3.8/site-packages/airflow/example_dags/example_sla_dag.py
[2025-01-23T09:46:01.789+0000] {processor.py:840} INFO - DAG(s) 'example_sla_dag' retrieved from /home/airflow/.local/lib/python3.8/site-packages/airflow/example_dags/example_sla_dag.py
[2025-01-23T09:46:01.896+0000] {logging_mixin.py:188} INFO - [2025-01-23T09:46:01.895+0000] {dag.py:3036} INFO - Sync 1 DAGs
[2025-01-23T09:46:01.968+0000] {logging_mixin.py:188} INFO - [2025-01-23T09:46:01.968+0000] {dag.py:3823} INFO - Setting next_dagrun for example_sla_dag to 2025-01-23 09:44:00+00:00, run_after=2025-01-23 09:46:00+00:00
[2025-01-23T09:46:02.024+0000] {processor.py:183} INFO - Processing /home/airflow/.local/lib/python3.8/site-packages/airflow/example_dags/example_sla_dag.py took 0.312 seconds
[2025-01-23T09:46:33.040+0000] {processor.py:161} INFO - Started process (PID=2661) to work on /home/airflow/.local/lib/python3.8/site-packages/airflow/example_dags/example_sla_dag.py
[2025-01-23T09:46:33.045+0000] {processor.py:830} INFO - Processing file /home/airflow/.local/lib/python3.8/site-packages/airflow/example_dags/example_sla_dag.py for tasks to queue
[2025-01-23T09:46:33.048+0000] {logging_mixin.py:188} INFO - [2025-01-23T09:46:33.047+0000] {dagbag.py:538} INFO - Filling up the DagBag from /home/airflow/.local/lib/python3.8/site-packages/airflow/example_dags/example_sla_dag.py
[2025-01-23T09:46:33.081+0000] {processor.py:840} INFO - DAG(s) 'example_sla_dag' retrieved from /home/airflow/.local/lib/python3.8/site-packages/airflow/example_dags/example_sla_dag.py
[2025-01-23T09:46:33.155+0000] {logging_mixin.py:188} INFO - [2025-01-23T09:46:33.154+0000] {dag.py:3036} INFO - Sync 1 DAGs
[2025-01-23T09:46:33.249+0000] {logging_mixin.py:188} INFO - [2025-01-23T09:46:33.248+0000] {dag.py:3823} INFO - Setting next_dagrun for example_sla_dag to 2025-01-23 09:44:00+00:00, run_after=2025-01-23 09:46:00+00:00
[2025-01-23T09:46:33.317+0000] {processor.py:183} INFO - Processing /home/airflow/.local/lib/python3.8/site-packages/airflow/example_dags/example_sla_dag.py took 0.289 seconds
[2025-01-23T09:47:03.418+0000] {processor.py:161} INFO - Started process (PID=2717) to work on /home/airflow/.local/lib/python3.8/site-packages/airflow/example_dags/example_sla_dag.py
[2025-01-23T09:47:03.422+0000] {processor.py:830} INFO - Processing file /home/airflow/.local/lib/python3.8/site-packages/airflow/example_dags/example_sla_dag.py for tasks to queue
[2025-01-23T09:47:03.424+0000] {logging_mixin.py:188} INFO - [2025-01-23T09:47:03.423+0000] {dagbag.py:538} INFO - Filling up the DagBag from /home/airflow/.local/lib/python3.8/site-packages/airflow/example_dags/example_sla_dag.py
[2025-01-23T09:47:03.445+0000] {processor.py:840} INFO - DAG(s) 'example_sla_dag' retrieved from /home/airflow/.local/lib/python3.8/site-packages/airflow/example_dags/example_sla_dag.py
[2025-01-23T09:47:03.492+0000] {logging_mixin.py:188} INFO - [2025-01-23T09:47:03.491+0000] {dag.py:3036} INFO - Sync 1 DAGs
[2025-01-23T09:47:03.555+0000] {logging_mixin.py:188} INFO - [2025-01-23T09:47:03.555+0000] {dag.py:3823} INFO - Setting next_dagrun for example_sla_dag to 2025-01-23 09:44:00+00:00, run_after=2025-01-23 09:46:00+00:00
[2025-01-23T09:47:03.606+0000] {processor.py:183} INFO - Processing /home/airflow/.local/lib/python3.8/site-packages/airflow/example_dags/example_sla_dag.py took 0.199 seconds
[2025-01-23T09:47:34.711+0000] {processor.py:161} INFO - Started process (PID=2774) to work on /home/airflow/.local/lib/python3.8/site-packages/airflow/example_dags/example_sla_dag.py
[2025-01-23T09:47:34.714+0000] {processor.py:830} INFO - Processing file /home/airflow/.local/lib/python3.8/site-packages/airflow/example_dags/example_sla_dag.py for tasks to queue
[2025-01-23T09:47:34.716+0000] {logging_mixin.py:188} INFO - [2025-01-23T09:47:34.716+0000] {dagbag.py:538} INFO - Filling up the DagBag from /home/airflow/.local/lib/python3.8/site-packages/airflow/example_dags/example_sla_dag.py
[2025-01-23T09:47:34.746+0000] {processor.py:840} INFO - DAG(s) 'example_sla_dag' retrieved from /home/airflow/.local/lib/python3.8/site-packages/airflow/example_dags/example_sla_dag.py
[2025-01-23T09:47:34.797+0000] {logging_mixin.py:188} INFO - [2025-01-23T09:47:34.796+0000] {dag.py:3036} INFO - Sync 1 DAGs
[2025-01-23T09:47:34.879+0000] {logging_mixin.py:188} INFO - [2025-01-23T09:47:34.878+0000] {dag.py:3823} INFO - Setting next_dagrun for example_sla_dag to 2025-01-23 09:44:00+00:00, run_after=2025-01-23 09:46:00+00:00
[2025-01-23T09:47:34.947+0000] {processor.py:183} INFO - Processing /home/airflow/.local/lib/python3.8/site-packages/airflow/example_dags/example_sla_dag.py took 0.246 seconds
[2025-01-23T09:48:05.501+0000] {processor.py:161} INFO - Started process (PID=2830) to work on /home/airflow/.local/lib/python3.8/site-packages/airflow/example_dags/example_sla_dag.py
[2025-01-23T09:48:05.503+0000] {processor.py:830} INFO - Processing file /home/airflow/.local/lib/python3.8/site-packages/airflow/example_dags/example_sla_dag.py for tasks to queue
[2025-01-23T09:48:05.507+0000] {logging_mixin.py:188} INFO - [2025-01-23T09:48:05.506+0000] {dagbag.py:538} INFO - Filling up the DagBag from /home/airflow/.local/lib/python3.8/site-packages/airflow/example_dags/example_sla_dag.py
[2025-01-23T09:48:05.539+0000] {processor.py:840} INFO - DAG(s) 'example_sla_dag' retrieved from /home/airflow/.local/lib/python3.8/site-packages/airflow/example_dags/example_sla_dag.py
[2025-01-23T09:48:05.584+0000] {logging_mixin.py:188} INFO - [2025-01-23T09:48:05.584+0000] {dag.py:3036} INFO - Sync 1 DAGs
[2025-01-23T09:48:05.641+0000] {logging_mixin.py:188} INFO - [2025-01-23T09:48:05.641+0000] {dag.py:3823} INFO - Setting next_dagrun for example_sla_dag to 2025-01-23 09:46:00+00:00, run_after=2025-01-23 09:48:00+00:00
[2025-01-23T09:48:05.679+0000] {processor.py:183} INFO - Processing /home/airflow/.local/lib/python3.8/site-packages/airflow/example_dags/example_sla_dag.py took 0.193 seconds
[2025-01-23T09:48:36.341+0000] {processor.py:161} INFO - Started process (PID=2891) to work on /home/airflow/.local/lib/python3.8/site-packages/airflow/example_dags/example_sla_dag.py
[2025-01-23T09:48:36.343+0000] {processor.py:830} INFO - Processing file /home/airflow/.local/lib/python3.8/site-packages/airflow/example_dags/example_sla_dag.py for tasks to queue
[2025-01-23T09:48:36.345+0000] {logging_mixin.py:188} INFO - [2025-01-23T09:48:36.345+0000] {dagbag.py:538} INFO - Filling up the DagBag from /home/airflow/.local/lib/python3.8/site-packages/airflow/example_dags/example_sla_dag.py
[2025-01-23T09:48:36.361+0000] {processor.py:840} INFO - DAG(s) 'example_sla_dag' retrieved from /home/airflow/.local/lib/python3.8/site-packages/airflow/example_dags/example_sla_dag.py
[2025-01-23T09:48:36.405+0000] {logging_mixin.py:188} INFO - [2025-01-23T09:48:36.405+0000] {dag.py:3036} INFO - Sync 1 DAGs
[2025-01-23T09:48:36.462+0000] {logging_mixin.py:188} INFO - [2025-01-23T09:48:36.462+0000] {dag.py:3823} INFO - Setting next_dagrun for example_sla_dag to 2025-01-23 09:46:00+00:00, run_after=2025-01-23 09:48:00+00:00
[2025-01-23T09:48:36.511+0000] {processor.py:183} INFO - Processing /home/airflow/.local/lib/python3.8/site-packages/airflow/example_dags/example_sla_dag.py took 0.176 seconds
[2025-01-23T09:49:07.326+0000] {processor.py:161} INFO - Started process (PID=2948) to work on /home/airflow/.local/lib/python3.8/site-packages/airflow/example_dags/example_sla_dag.py
[2025-01-23T09:49:07.330+0000] {processor.py:830} INFO - Processing file /home/airflow/.local/lib/python3.8/site-packages/airflow/example_dags/example_sla_dag.py for tasks to queue
[2025-01-23T09:49:07.333+0000] {logging_mixin.py:188} INFO - [2025-01-23T09:49:07.332+0000] {dagbag.py:538} INFO - Filling up the DagBag from /home/airflow/.local/lib/python3.8/site-packages/airflow/example_dags/example_sla_dag.py
[2025-01-23T09:49:07.360+0000] {processor.py:840} INFO - DAG(s) 'example_sla_dag' retrieved from /home/airflow/.local/lib/python3.8/site-packages/airflow/example_dags/example_sla_dag.py
[2025-01-23T09:49:07.414+0000] {logging_mixin.py:188} INFO - [2025-01-23T09:49:07.413+0000] {dag.py:3036} INFO - Sync 1 DAGs
[2025-01-23T09:49:07.473+0000] {logging_mixin.py:188} INFO - [2025-01-23T09:49:07.472+0000] {dag.py:3823} INFO - Setting next_dagrun for example_sla_dag to 2025-01-23 09:46:00+00:00, run_after=2025-01-23 09:48:00+00:00
[2025-01-23T09:49:07.512+0000] {processor.py:183} INFO - Processing /home/airflow/.local/lib/python3.8/site-packages/airflow/example_dags/example_sla_dag.py took 0.197 seconds
[2025-01-23T09:49:37.750+0000] {processor.py:161} INFO - Started process (PID=3004) to work on /home/airflow/.local/lib/python3.8/site-packages/airflow/example_dags/example_sla_dag.py
[2025-01-23T09:49:37.755+0000] {processor.py:830} INFO - Processing file /home/airflow/.local/lib/python3.8/site-packages/airflow/example_dags/example_sla_dag.py for tasks to queue
[2025-01-23T09:49:37.759+0000] {logging_mixin.py:188} INFO - [2025-01-23T09:49:37.758+0000] {dagbag.py:538} INFO - Filling up the DagBag from /home/airflow/.local/lib/python3.8/site-packages/airflow/example_dags/example_sla_dag.py
[2025-01-23T09:49:37.798+0000] {processor.py:840} INFO - DAG(s) 'example_sla_dag' retrieved from /home/airflow/.local/lib/python3.8/site-packages/airflow/example_dags/example_sla_dag.py
[2025-01-23T09:49:37.867+0000] {logging_mixin.py:188} INFO - [2025-01-23T09:49:37.866+0000] {dag.py:3036} INFO - Sync 1 DAGs
[2025-01-23T09:49:37.974+0000] {logging_mixin.py:188} INFO - [2025-01-23T09:49:37.973+0000] {dag.py:3823} INFO - Setting next_dagrun for example_sla_dag to 2025-01-23 09:46:00+00:00, run_after=2025-01-23 09:48:00+00:00
[2025-01-23T09:49:38.043+0000] {processor.py:183} INFO - Processing /home/airflow/.local/lib/python3.8/site-packages/airflow/example_dags/example_sla_dag.py took 0.308 seconds
[2025-01-23T09:50:08.391+0000] {processor.py:161} INFO - Started process (PID=3060) to work on /home/airflow/.local/lib/python3.8/site-packages/airflow/example_dags/example_sla_dag.py
[2025-01-23T09:50:08.395+0000] {processor.py:830} INFO - Processing file /home/airflow/.local/lib/python3.8/site-packages/airflow/example_dags/example_sla_dag.py for tasks to queue
[2025-01-23T09:50:08.399+0000] {logging_mixin.py:188} INFO - [2025-01-23T09:50:08.398+0000] {dagbag.py:538} INFO - Filling up the DagBag from /home/airflow/.local/lib/python3.8/site-packages/airflow/example_dags/example_sla_dag.py
[2025-01-23T09:50:08.423+0000] {processor.py:840} INFO - DAG(s) 'example_sla_dag' retrieved from /home/airflow/.local/lib/python3.8/site-packages/airflow/example_dags/example_sla_dag.py
[2025-01-23T09:50:08.473+0000] {logging_mixin.py:188} INFO - [2025-01-23T09:50:08.473+0000] {dag.py:3036} INFO - Sync 1 DAGs
[2025-01-23T09:50:08.550+0000] {logging_mixin.py:188} INFO - [2025-01-23T09:50:08.550+0000] {dag.py:3823} INFO - Setting next_dagrun for example_sla_dag to 2025-01-23 09:48:00+00:00, run_after=2025-01-23 09:50:00+00:00
[2025-01-23T09:50:08.600+0000] {processor.py:183} INFO - Processing /home/airflow/.local/lib/python3.8/site-packages/airflow/example_dags/example_sla_dag.py took 0.219 seconds
[2025-01-23T09:50:39.055+0000] {processor.py:161} INFO - Started process (PID=3116) to work on /home/airflow/.local/lib/python3.8/site-packages/airflow/example_dags/example_sla_dag.py
[2025-01-23T09:50:39.058+0000] {processor.py:830} INFO - Processing file /home/airflow/.local/lib/python3.8/site-packages/airflow/example_dags/example_sla_dag.py for tasks to queue
[2025-01-23T09:50:39.061+0000] {logging_mixin.py:188} INFO - [2025-01-23T09:50:39.060+0000] {dagbag.py:538} INFO - Filling up the DagBag from /home/airflow/.local/lib/python3.8/site-packages/airflow/example_dags/example_sla_dag.py
[2025-01-23T09:50:39.094+0000] {processor.py:840} INFO - DAG(s) 'example_sla_dag' retrieved from /home/airflow/.local/lib/python3.8/site-packages/airflow/example_dags/example_sla_dag.py
[2025-01-23T09:50:39.153+0000] {logging_mixin.py:188} INFO - [2025-01-23T09:50:39.153+0000] {dag.py:3036} INFO - Sync 1 DAGs
[2025-01-23T09:50:39.268+0000] {logging_mixin.py:188} INFO - [2025-01-23T09:50:39.267+0000] {dag.py:3823} INFO - Setting next_dagrun for example_sla_dag to 2025-01-23 09:48:00+00:00, run_after=2025-01-23 09:50:00+00:00
[2025-01-23T09:50:39.315+0000] {processor.py:183} INFO - Processing /home/airflow/.local/lib/python3.8/site-packages/airflow/example_dags/example_sla_dag.py took 0.270 seconds
[2025-01-23T09:51:09.403+0000] {processor.py:161} INFO - Started process (PID=3172) to work on /home/airflow/.local/lib/python3.8/site-packages/airflow/example_dags/example_sla_dag.py
[2025-01-23T09:51:09.405+0000] {processor.py:830} INFO - Processing file /home/airflow/.local/lib/python3.8/site-packages/airflow/example_dags/example_sla_dag.py for tasks to queue
[2025-01-23T09:51:09.407+0000] {logging_mixin.py:188} INFO - [2025-01-23T09:51:09.406+0000] {dagbag.py:538} INFO - Filling up the DagBag from /home/airflow/.local/lib/python3.8/site-packages/airflow/example_dags/example_sla_dag.py
[2025-01-23T09:51:09.426+0000] {processor.py:840} INFO - DAG(s) 'example_sla_dag' retrieved from /home/airflow/.local/lib/python3.8/site-packages/airflow/example_dags/example_sla_dag.py
[2025-01-23T09:51:09.467+0000] {logging_mixin.py:188} INFO - [2025-01-23T09:51:09.467+0000] {dag.py:3036} INFO - Sync 1 DAGs
[2025-01-23T09:51:09.543+0000] {logging_mixin.py:188} INFO - [2025-01-23T09:51:09.542+0000] {dag.py:3823} INFO - Setting next_dagrun for example_sla_dag to 2025-01-23 09:48:00+00:00, run_after=2025-01-23 09:50:00+00:00
[2025-01-23T09:51:09.592+0000] {processor.py:183} INFO - Processing /home/airflow/.local/lib/python3.8/site-packages/airflow/example_dags/example_sla_dag.py took 0.196 seconds
[2025-01-23T09:51:39.663+0000] {processor.py:161} INFO - Started process (PID=3227) to work on /home/airflow/.local/lib/python3.8/site-packages/airflow/example_dags/example_sla_dag.py
[2025-01-23T09:51:39.665+0000] {processor.py:830} INFO - Processing file /home/airflow/.local/lib/python3.8/site-packages/airflow/example_dags/example_sla_dag.py for tasks to queue
[2025-01-23T09:51:39.667+0000] {logging_mixin.py:188} INFO - [2025-01-23T09:51:39.666+0000] {dagbag.py:538} INFO - Filling up the DagBag from /home/airflow/.local/lib/python3.8/site-packages/airflow/example_dags/example_sla_dag.py
[2025-01-23T09:51:39.683+0000] {processor.py:840} INFO - DAG(s) 'example_sla_dag' retrieved from /home/airflow/.local/lib/python3.8/site-packages/airflow/example_dags/example_sla_dag.py
[2025-01-23T09:51:39.720+0000] {logging_mixin.py:188} INFO - [2025-01-23T09:51:39.719+0000] {dag.py:3036} INFO - Sync 1 DAGs
[2025-01-23T09:51:39.764+0000] {logging_mixin.py:188} INFO - [2025-01-23T09:51:39.763+0000] {dag.py:3823} INFO - Setting next_dagrun for example_sla_dag to 2025-01-23 09:48:00+00:00, run_after=2025-01-23 09:50:00+00:00
[2025-01-23T09:51:39.799+0000] {processor.py:183} INFO - Processing /home/airflow/.local/lib/python3.8/site-packages/airflow/example_dags/example_sla_dag.py took 0.142 seconds
[2025-01-23T09:52:09.928+0000] {processor.py:161} INFO - Started process (PID=3283) to work on /home/airflow/.local/lib/python3.8/site-packages/airflow/example_dags/example_sla_dag.py
[2025-01-23T09:52:09.930+0000] {processor.py:830} INFO - Processing file /home/airflow/.local/lib/python3.8/site-packages/airflow/example_dags/example_sla_dag.py for tasks to queue
[2025-01-23T09:52:09.932+0000] {logging_mixin.py:188} INFO - [2025-01-23T09:52:09.932+0000] {dagbag.py:538} INFO - Filling up the DagBag from /home/airflow/.local/lib/python3.8/site-packages/airflow/example_dags/example_sla_dag.py
[2025-01-23T09:52:09.948+0000] {processor.py:840} INFO - DAG(s) 'example_sla_dag' retrieved from /home/airflow/.local/lib/python3.8/site-packages/airflow/example_dags/example_sla_dag.py
[2025-01-23T09:52:09.986+0000] {logging_mixin.py:188} INFO - [2025-01-23T09:52:09.986+0000] {dag.py:3036} INFO - Sync 1 DAGs
[2025-01-23T09:52:10.032+0000] {logging_mixin.py:188} INFO - [2025-01-23T09:52:10.032+0000] {dag.py:3823} INFO - Setting next_dagrun for example_sla_dag to 2025-01-23 09:50:00+00:00, run_after=2025-01-23 09:52:00+00:00
[2025-01-23T09:52:10.078+0000] {processor.py:183} INFO - Processing /home/airflow/.local/lib/python3.8/site-packages/airflow/example_dags/example_sla_dag.py took 0.156 seconds
[2025-01-23T09:52:40.858+0000] {processor.py:161} INFO - Started process (PID=3340) to work on /home/airflow/.local/lib/python3.8/site-packages/airflow/example_dags/example_sla_dag.py
[2025-01-23T09:52:40.860+0000] {processor.py:830} INFO - Processing file /home/airflow/.local/lib/python3.8/site-packages/airflow/example_dags/example_sla_dag.py for tasks to queue
[2025-01-23T09:52:40.863+0000] {logging_mixin.py:188} INFO - [2025-01-23T09:52:40.862+0000] {dagbag.py:538} INFO - Filling up the DagBag from /home/airflow/.local/lib/python3.8/site-packages/airflow/example_dags/example_sla_dag.py
[2025-01-23T09:52:40.879+0000] {processor.py:840} INFO - DAG(s) 'example_sla_dag' retrieved from /home/airflow/.local/lib/python3.8/site-packages/airflow/example_dags/example_sla_dag.py
[2025-01-23T09:52:40.919+0000] {logging_mixin.py:188} INFO - [2025-01-23T09:52:40.919+0000] {dag.py:3036} INFO - Sync 1 DAGs
[2025-01-23T09:52:40.969+0000] {logging_mixin.py:188} INFO - [2025-01-23T09:52:40.969+0000] {dag.py:3823} INFO - Setting next_dagrun for example_sla_dag to 2025-01-23 09:50:00+00:00, run_after=2025-01-23 09:52:00+00:00
[2025-01-23T09:52:41.008+0000] {processor.py:183} INFO - Processing /home/airflow/.local/lib/python3.8/site-packages/airflow/example_dags/example_sla_dag.py took 0.158 seconds
[2025-01-23T09:53:11.801+0000] {processor.py:161} INFO - Started process (PID=3396) to work on /home/airflow/.local/lib/python3.8/site-packages/airflow/example_dags/example_sla_dag.py
[2025-01-23T09:53:11.804+0000] {processor.py:830} INFO - Processing file /home/airflow/.local/lib/python3.8/site-packages/airflow/example_dags/example_sla_dag.py for tasks to queue
[2025-01-23T09:53:11.807+0000] {logging_mixin.py:188} INFO - [2025-01-23T09:53:11.806+0000] {dagbag.py:538} INFO - Filling up the DagBag from /home/airflow/.local/lib/python3.8/site-packages/airflow/example_dags/example_sla_dag.py
[2025-01-23T09:53:11.830+0000] {processor.py:840} INFO - DAG(s) 'example_sla_dag' retrieved from /home/airflow/.local/lib/python3.8/site-packages/airflow/example_dags/example_sla_dag.py
[2025-01-23T09:53:11.878+0000] {logging_mixin.py:188} INFO - [2025-01-23T09:53:11.877+0000] {dag.py:3036} INFO - Sync 1 DAGs
[2025-01-23T09:53:11.944+0000] {logging_mixin.py:188} INFO - [2025-01-23T09:53:11.944+0000] {dag.py:3823} INFO - Setting next_dagrun for example_sla_dag to 2025-01-23 09:50:00+00:00, run_after=2025-01-23 09:52:00+00:00
[2025-01-23T09:53:11.992+0000] {processor.py:183} INFO - Processing /home/airflow/.local/lib/python3.8/site-packages/airflow/example_dags/example_sla_dag.py took 0.200 seconds
[2025-01-23T09:53:42.489+0000] {processor.py:161} INFO - Started process (PID=3452) to work on /home/airflow/.local/lib/python3.8/site-packages/airflow/example_dags/example_sla_dag.py
[2025-01-23T09:53:42.495+0000] {processor.py:830} INFO - Processing file /home/airflow/.local/lib/python3.8/site-packages/airflow/example_dags/example_sla_dag.py for tasks to queue
[2025-01-23T09:53:42.500+0000] {logging_mixin.py:188} INFO - [2025-01-23T09:53:42.500+0000] {dagbag.py:538} INFO - Filling up the DagBag from /home/airflow/.local/lib/python3.8/site-packages/airflow/example_dags/example_sla_dag.py
[2025-01-23T09:53:42.531+0000] {processor.py:840} INFO - DAG(s) 'example_sla_dag' retrieved from /home/airflow/.local/lib/python3.8/site-packages/airflow/example_dags/example_sla_dag.py
[2025-01-23T09:53:42.583+0000] {logging_mixin.py:188} INFO - [2025-01-23T09:53:42.582+0000] {dag.py:3036} INFO - Sync 1 DAGs
[2025-01-23T09:53:42.644+0000] {logging_mixin.py:188} INFO - [2025-01-23T09:53:42.643+0000] {dag.py:3823} INFO - Setting next_dagrun for example_sla_dag to 2025-01-23 09:50:00+00:00, run_after=2025-01-23 09:52:00+00:00
[2025-01-23T09:53:42.688+0000] {processor.py:183} INFO - Processing /home/airflow/.local/lib/python3.8/site-packages/airflow/example_dags/example_sla_dag.py took 0.209 seconds
[2025-01-23T09:54:12.777+0000] {processor.py:161} INFO - Started process (PID=3507) to work on /home/airflow/.local/lib/python3.8/site-packages/airflow/example_dags/example_sla_dag.py
[2025-01-23T09:54:12.779+0000] {processor.py:830} INFO - Processing file /home/airflow/.local/lib/python3.8/site-packages/airflow/example_dags/example_sla_dag.py for tasks to queue
[2025-01-23T09:54:12.781+0000] {logging_mixin.py:188} INFO - [2025-01-23T09:54:12.780+0000] {dagbag.py:538} INFO - Filling up the DagBag from /home/airflow/.local/lib/python3.8/site-packages/airflow/example_dags/example_sla_dag.py
[2025-01-23T09:54:12.796+0000] {processor.py:840} INFO - DAG(s) 'example_sla_dag' retrieved from /home/airflow/.local/lib/python3.8/site-packages/airflow/example_dags/example_sla_dag.py
[2025-01-23T09:54:12.835+0000] {logging_mixin.py:188} INFO - [2025-01-23T09:54:12.835+0000] {dag.py:3036} INFO - Sync 1 DAGs
[2025-01-23T09:54:12.889+0000] {logging_mixin.py:188} INFO - [2025-01-23T09:54:12.889+0000] {dag.py:3823} INFO - Setting next_dagrun for example_sla_dag to 2025-01-23 09:52:00+00:00, run_after=2025-01-23 09:54:00+00:00
[2025-01-23T09:54:12.927+0000] {processor.py:183} INFO - Processing /home/airflow/.local/lib/python3.8/site-packages/airflow/example_dags/example_sla_dag.py took 0.160 seconds
[2025-01-23T09:54:43.196+0000] {processor.py:161} INFO - Started process (PID=3563) to work on /home/airflow/.local/lib/python3.8/site-packages/airflow/example_dags/example_sla_dag.py
[2025-01-23T09:54:43.199+0000] {processor.py:830} INFO - Processing file /home/airflow/.local/lib/python3.8/site-packages/airflow/example_dags/example_sla_dag.py for tasks to queue
[2025-01-23T09:54:43.202+0000] {logging_mixin.py:188} INFO - [2025-01-23T09:54:43.201+0000] {dagbag.py:538} INFO - Filling up the DagBag from /home/airflow/.local/lib/python3.8/site-packages/airflow/example_dags/example_sla_dag.py
[2025-01-23T09:54:43.226+0000] {processor.py:840} INFO - DAG(s) 'example_sla_dag' retrieved from /home/airflow/.local/lib/python3.8/site-packages/airflow/example_dags/example_sla_dag.py
[2025-01-23T09:54:43.268+0000] {logging_mixin.py:188} INFO - [2025-01-23T09:54:43.267+0000] {dag.py:3036} INFO - Sync 1 DAGs
[2025-01-23T09:54:43.331+0000] {logging_mixin.py:188} INFO - [2025-01-23T09:54:43.331+0000] {dag.py:3823} INFO - Setting next_dagrun for example_sla_dag to 2025-01-23 09:52:00+00:00, run_after=2025-01-23 09:54:00+00:00
[2025-01-23T09:54:43.374+0000] {processor.py:183} INFO - Processing /home/airflow/.local/lib/python3.8/site-packages/airflow/example_dags/example_sla_dag.py took 0.188 seconds
[2025-01-23T09:55:14.814+0000] {processor.py:161} INFO - Started process (PID=3620) to work on /home/airflow/.local/lib/python3.8/site-packages/airflow/example_dags/example_sla_dag.py
[2025-01-23T09:55:14.820+0000] {processor.py:830} INFO - Processing file /home/airflow/.local/lib/python3.8/site-packages/airflow/example_dags/example_sla_dag.py for tasks to queue
[2025-01-23T09:55:14.823+0000] {logging_mixin.py:188} INFO - [2025-01-23T09:55:14.822+0000] {dagbag.py:538} INFO - Filling up the DagBag from /home/airflow/.local/lib/python3.8/site-packages/airflow/example_dags/example_sla_dag.py
[2025-01-23T09:55:14.851+0000] {processor.py:840} INFO - DAG(s) 'example_sla_dag' retrieved from /home/airflow/.local/lib/python3.8/site-packages/airflow/example_dags/example_sla_dag.py
[2025-01-23T09:55:14.919+0000] {logging_mixin.py:188} INFO - [2025-01-23T09:55:14.918+0000] {dag.py:3036} INFO - Sync 1 DAGs
[2025-01-23T09:55:14.986+0000] {logging_mixin.py:188} INFO - [2025-01-23T09:55:14.986+0000] {dag.py:3823} INFO - Setting next_dagrun for example_sla_dag to 2025-01-23 09:52:00+00:00, run_after=2025-01-23 09:54:00+00:00
[2025-01-23T09:55:15.029+0000] {processor.py:183} INFO - Processing /home/airflow/.local/lib/python3.8/site-packages/airflow/example_dags/example_sla_dag.py took 0.228 seconds
[2025-01-23T09:55:45.829+0000] {processor.py:161} INFO - Started process (PID=3676) to work on /home/airflow/.local/lib/python3.8/site-packages/airflow/example_dags/example_sla_dag.py
[2025-01-23T09:55:45.831+0000] {processor.py:830} INFO - Processing file /home/airflow/.local/lib/python3.8/site-packages/airflow/example_dags/example_sla_dag.py for tasks to queue
[2025-01-23T09:55:45.833+0000] {logging_mixin.py:188} INFO - [2025-01-23T09:55:45.833+0000] {dagbag.py:538} INFO - Filling up the DagBag from /home/airflow/.local/lib/python3.8/site-packages/airflow/example_dags/example_sla_dag.py
[2025-01-23T09:55:45.850+0000] {processor.py:840} INFO - DAG(s) 'example_sla_dag' retrieved from /home/airflow/.local/lib/python3.8/site-packages/airflow/example_dags/example_sla_dag.py
[2025-01-23T09:55:45.889+0000] {logging_mixin.py:188} INFO - [2025-01-23T09:55:45.889+0000] {dag.py:3036} INFO - Sync 1 DAGs
[2025-01-23T09:55:45.946+0000] {logging_mixin.py:188} INFO - [2025-01-23T09:55:45.946+0000] {dag.py:3823} INFO - Setting next_dagrun for example_sla_dag to 2025-01-23 09:52:00+00:00, run_after=2025-01-23 09:54:00+00:00
[2025-01-23T09:55:45.984+0000] {processor.py:183} INFO - Processing /home/airflow/.local/lib/python3.8/site-packages/airflow/example_dags/example_sla_dag.py took 0.163 seconds
[2025-01-23T09:56:16.549+0000] {processor.py:161} INFO - Started process (PID=3732) to work on /home/airflow/.local/lib/python3.8/site-packages/airflow/example_dags/example_sla_dag.py
[2025-01-23T09:56:16.552+0000] {processor.py:830} INFO - Processing file /home/airflow/.local/lib/python3.8/site-packages/airflow/example_dags/example_sla_dag.py for tasks to queue
[2025-01-23T09:56:16.555+0000] {logging_mixin.py:188} INFO - [2025-01-23T09:56:16.554+0000] {dagbag.py:538} INFO - Filling up the DagBag from /home/airflow/.local/lib/python3.8/site-packages/airflow/example_dags/example_sla_dag.py
[2025-01-23T09:56:16.580+0000] {processor.py:840} INFO - DAG(s) 'example_sla_dag' retrieved from /home/airflow/.local/lib/python3.8/site-packages/airflow/example_dags/example_sla_dag.py
[2025-01-23T09:56:16.665+0000] {logging_mixin.py:188} INFO - [2025-01-23T09:56:16.664+0000] {dag.py:3036} INFO - Sync 1 DAGs
[2025-01-23T09:56:16.793+0000] {logging_mixin.py:188} INFO - [2025-01-23T09:56:16.793+0000] {dag.py:3823} INFO - Setting next_dagrun for example_sla_dag to 2025-01-23 09:54:00+00:00, run_after=2025-01-23 09:56:00+00:00
[2025-01-23T09:56:16.857+0000] {processor.py:183} INFO - Processing /home/airflow/.local/lib/python3.8/site-packages/airflow/example_dags/example_sla_dag.py took 0.332 seconds
[2025-01-23T09:56:47.704+0000] {processor.py:161} INFO - Started process (PID=3788) to work on /home/airflow/.local/lib/python3.8/site-packages/airflow/example_dags/example_sla_dag.py
[2025-01-23T09:56:47.706+0000] {processor.py:830} INFO - Processing file /home/airflow/.local/lib/python3.8/site-packages/airflow/example_dags/example_sla_dag.py for tasks to queue
[2025-01-23T09:56:47.709+0000] {logging_mixin.py:188} INFO - [2025-01-23T09:56:47.708+0000] {dagbag.py:538} INFO - Filling up the DagBag from /home/airflow/.local/lib/python3.8/site-packages/airflow/example_dags/example_sla_dag.py
[2025-01-23T09:56:47.732+0000] {processor.py:840} INFO - DAG(s) 'example_sla_dag' retrieved from /home/airflow/.local/lib/python3.8/site-packages/airflow/example_dags/example_sla_dag.py
[2025-01-23T09:56:47.770+0000] {logging_mixin.py:188} INFO - [2025-01-23T09:56:47.770+0000] {dag.py:3036} INFO - Sync 1 DAGs
[2025-01-23T09:56:47.823+0000] {logging_mixin.py:188} INFO - [2025-01-23T09:56:47.823+0000] {dag.py:3823} INFO - Setting next_dagrun for example_sla_dag to 2025-01-23 09:54:00+00:00, run_after=2025-01-23 09:56:00+00:00
[2025-01-23T09:56:47.877+0000] {processor.py:183} INFO - Processing /home/airflow/.local/lib/python3.8/site-packages/airflow/example_dags/example_sla_dag.py took 0.184 seconds
[2025-01-23T09:57:18.423+0000] {processor.py:161} INFO - Started process (PID=3844) to work on /home/airflow/.local/lib/python3.8/site-packages/airflow/example_dags/example_sla_dag.py
[2025-01-23T09:57:18.426+0000] {processor.py:830} INFO - Processing file /home/airflow/.local/lib/python3.8/site-packages/airflow/example_dags/example_sla_dag.py for tasks to queue
[2025-01-23T09:57:18.428+0000] {logging_mixin.py:188} INFO - [2025-01-23T09:57:18.427+0000] {dagbag.py:538} INFO - Filling up the DagBag from /home/airflow/.local/lib/python3.8/site-packages/airflow/example_dags/example_sla_dag.py
[2025-01-23T09:57:18.449+0000] {processor.py:840} INFO - DAG(s) 'example_sla_dag' retrieved from /home/airflow/.local/lib/python3.8/site-packages/airflow/example_dags/example_sla_dag.py
[2025-01-23T09:57:18.494+0000] {logging_mixin.py:188} INFO - [2025-01-23T09:57:18.493+0000] {dag.py:3036} INFO - Sync 1 DAGs
[2025-01-23T09:57:18.553+0000] {logging_mixin.py:188} INFO - [2025-01-23T09:57:18.553+0000] {dag.py:3823} INFO - Setting next_dagrun for example_sla_dag to 2025-01-23 09:54:00+00:00, run_after=2025-01-23 09:56:00+00:00
[2025-01-23T09:57:18.593+0000] {processor.py:183} INFO - Processing /home/airflow/.local/lib/python3.8/site-packages/airflow/example_dags/example_sla_dag.py took 0.177 seconds
[2025-01-23T09:57:49.201+0000] {processor.py:161} INFO - Started process (PID=3900) to work on /home/airflow/.local/lib/python3.8/site-packages/airflow/example_dags/example_sla_dag.py
[2025-01-23T09:57:49.203+0000] {processor.py:830} INFO - Processing file /home/airflow/.local/lib/python3.8/site-packages/airflow/example_dags/example_sla_dag.py for tasks to queue
[2025-01-23T09:57:49.206+0000] {logging_mixin.py:188} INFO - [2025-01-23T09:57:49.205+0000] {dagbag.py:538} INFO - Filling up the DagBag from /home/airflow/.local/lib/python3.8/site-packages/airflow/example_dags/example_sla_dag.py
[2025-01-23T09:57:49.229+0000] {processor.py:840} INFO - DAG(s) 'example_sla_dag' retrieved from /home/airflow/.local/lib/python3.8/site-packages/airflow/example_dags/example_sla_dag.py
[2025-01-23T09:57:49.277+0000] {logging_mixin.py:188} INFO - [2025-01-23T09:57:49.276+0000] {dag.py:3036} INFO - Sync 1 DAGs
[2025-01-23T09:57:49.350+0000] {logging_mixin.py:188} INFO - [2025-01-23T09:57:49.349+0000] {dag.py:3823} INFO - Setting next_dagrun for example_sla_dag to 2025-01-23 09:54:00+00:00, run_after=2025-01-23 09:56:00+00:00
[2025-01-23T09:57:49.399+0000] {processor.py:183} INFO - Processing /home/airflow/.local/lib/python3.8/site-packages/airflow/example_dags/example_sla_dag.py took 0.206 seconds
[2025-01-23T09:58:19.620+0000] {processor.py:161} INFO - Started process (PID=3956) to work on /home/airflow/.local/lib/python3.8/site-packages/airflow/example_dags/example_sla_dag.py
[2025-01-23T09:58:19.623+0000] {processor.py:830} INFO - Processing file /home/airflow/.local/lib/python3.8/site-packages/airflow/example_dags/example_sla_dag.py for tasks to queue
[2025-01-23T09:58:19.625+0000] {logging_mixin.py:188} INFO - [2025-01-23T09:58:19.625+0000] {dagbag.py:538} INFO - Filling up the DagBag from /home/airflow/.local/lib/python3.8/site-packages/airflow/example_dags/example_sla_dag.py
[2025-01-23T09:58:19.643+0000] {processor.py:840} INFO - DAG(s) 'example_sla_dag' retrieved from /home/airflow/.local/lib/python3.8/site-packages/airflow/example_dags/example_sla_dag.py
[2025-01-23T09:58:19.681+0000] {logging_mixin.py:188} INFO - [2025-01-23T09:58:19.680+0000] {dag.py:3036} INFO - Sync 1 DAGs
[2025-01-23T09:58:19.746+0000] {logging_mixin.py:188} INFO - [2025-01-23T09:58:19.745+0000] {dag.py:3823} INFO - Setting next_dagrun for example_sla_dag to 2025-01-23 09:56:00+00:00, run_after=2025-01-23 09:58:00+00:00
[2025-01-23T09:58:19.793+0000] {processor.py:183} INFO - Processing /home/airflow/.local/lib/python3.8/site-packages/airflow/example_dags/example_sla_dag.py took 0.179 seconds
[2025-01-23T09:58:50.290+0000] {processor.py:161} INFO - Started process (PID=4012) to work on /home/airflow/.local/lib/python3.8/site-packages/airflow/example_dags/example_sla_dag.py
[2025-01-23T09:58:50.291+0000] {processor.py:830} INFO - Processing file /home/airflow/.local/lib/python3.8/site-packages/airflow/example_dags/example_sla_dag.py for tasks to queue
[2025-01-23T09:58:50.293+0000] {logging_mixin.py:188} INFO - [2025-01-23T09:58:50.293+0000] {dagbag.py:538} INFO - Filling up the DagBag from /home/airflow/.local/lib/python3.8/site-packages/airflow/example_dags/example_sla_dag.py
[2025-01-23T09:58:50.308+0000] {processor.py:840} INFO - DAG(s) 'example_sla_dag' retrieved from /home/airflow/.local/lib/python3.8/site-packages/airflow/example_dags/example_sla_dag.py
[2025-01-23T09:58:50.346+0000] {logging_mixin.py:188} INFO - [2025-01-23T09:58:50.346+0000] {dag.py:3036} INFO - Sync 1 DAGs
[2025-01-23T09:58:50.394+0000] {logging_mixin.py:188} INFO - [2025-01-23T09:58:50.394+0000] {dag.py:3823} INFO - Setting next_dagrun for example_sla_dag to 2025-01-23 09:56:00+00:00, run_after=2025-01-23 09:58:00+00:00
[2025-01-23T09:58:50.467+0000] {processor.py:183} INFO - Processing /home/airflow/.local/lib/python3.8/site-packages/airflow/example_dags/example_sla_dag.py took 0.182 seconds
