[2025-01-23T12:32:26.114+0000] {processor.py:161} INFO - Started process (PID=75) to work on /home/airflow/.local/lib/python3.8/site-packages/airflow/example_dags/example_short_circuit_decorator.py
[2025-01-23T12:32:26.116+0000] {processor.py:830} INFO - Processing file /home/airflow/.local/lib/python3.8/site-packages/airflow/example_dags/example_short_circuit_decorator.py for tasks to queue
[2025-01-23T12:32:26.119+0000] {logging_mixin.py:188} INFO - [2025-01-23T12:32:26.119+0000] {dagbag.py:538} INFO - Filling up the DagBag from /home/airflow/.local/lib/python3.8/site-packages/airflow/example_dags/example_short_circuit_decorator.py
[2025-01-23T12:32:26.141+0000] {processor.py:840} INFO - DAG(s) 'example_short_circuit_decorator' retrieved from /home/airflow/.local/lib/python3.8/site-packages/airflow/example_dags/example_short_circuit_decorator.py
[2025-01-23T12:32:26.361+0000] {logging_mixin.py:188} INFO - [2025-01-23T12:32:26.360+0000] {override.py:1769} INFO - Created Permission View: can read on DAG:example_short_circuit_decorator
[2025-01-23T12:32:26.385+0000] {logging_mixin.py:188} INFO - [2025-01-23T12:32:26.384+0000] {override.py:1769} INFO - Created Permission View: can edit on DAG:example_short_circuit_decorator
[2025-01-23T12:32:26.401+0000] {logging_mixin.py:188} INFO - [2025-01-23T12:32:26.400+0000] {override.py:1769} INFO - Created Permission View: can delete on DAG:example_short_circuit_decorator
[2025-01-23T12:32:26.403+0000] {logging_mixin.py:188} INFO - [2025-01-23T12:32:26.402+0000] {dag.py:3036} INFO - Sync 1 DAGs
[2025-01-23T12:32:26.429+0000] {logging_mixin.py:188} INFO - [2025-01-23T12:32:26.428+0000] {dag.py:3058} INFO - Creating ORM DAG for example_short_circuit_decorator
[2025-01-23T12:32:26.445+0000] {logging_mixin.py:188} INFO - [2025-01-23T12:32:26.445+0000] {dag.py:3823} INFO - Setting next_dagrun for example_short_circuit_decorator to 2025-01-22 00:00:00+00:00, run_after=2025-01-23 00:00:00+00:00
[2025-01-23T12:32:26.482+0000] {processor.py:183} INFO - Processing /home/airflow/.local/lib/python3.8/site-packages/airflow/example_dags/example_short_circuit_decorator.py took 0.374 seconds
[2025-01-23T12:32:56.882+0000] {processor.py:161} INFO - Started process (PID=131) to work on /home/airflow/.local/lib/python3.8/site-packages/airflow/example_dags/example_short_circuit_decorator.py
[2025-01-23T12:32:56.884+0000] {processor.py:830} INFO - Processing file /home/airflow/.local/lib/python3.8/site-packages/airflow/example_dags/example_short_circuit_decorator.py for tasks to queue
[2025-01-23T12:32:56.887+0000] {logging_mixin.py:188} INFO - [2025-01-23T12:32:56.886+0000] {dagbag.py:538} INFO - Filling up the DagBag from /home/airflow/.local/lib/python3.8/site-packages/airflow/example_dags/example_short_circuit_decorator.py
[2025-01-23T12:32:56.900+0000] {processor.py:840} INFO - DAG(s) 'example_short_circuit_decorator' retrieved from /home/airflow/.local/lib/python3.8/site-packages/airflow/example_dags/example_short_circuit_decorator.py
[2025-01-23T12:32:56.936+0000] {logging_mixin.py:188} INFO - [2025-01-23T12:32:56.936+0000] {dag.py:3036} INFO - Sync 1 DAGs
[2025-01-23T12:32:56.970+0000] {logging_mixin.py:188} INFO - [2025-01-23T12:32:56.970+0000] {dag.py:3823} INFO - Setting next_dagrun for example_short_circuit_decorator to 2025-01-22 00:00:00+00:00, run_after=2025-01-23 00:00:00+00:00
[2025-01-23T12:32:56.995+0000] {processor.py:183} INFO - Processing /home/airflow/.local/lib/python3.8/site-packages/airflow/example_dags/example_short_circuit_decorator.py took 0.118 seconds
[2025-01-23T12:33:27.208+0000] {processor.py:161} INFO - Started process (PID=187) to work on /home/airflow/.local/lib/python3.8/site-packages/airflow/example_dags/example_short_circuit_decorator.py
[2025-01-23T12:33:27.209+0000] {processor.py:830} INFO - Processing file /home/airflow/.local/lib/python3.8/site-packages/airflow/example_dags/example_short_circuit_decorator.py for tasks to queue
[2025-01-23T12:33:27.212+0000] {logging_mixin.py:188} INFO - [2025-01-23T12:33:27.212+0000] {dagbag.py:538} INFO - Filling up the DagBag from /home/airflow/.local/lib/python3.8/site-packages/airflow/example_dags/example_short_circuit_decorator.py
[2025-01-23T12:33:27.223+0000] {processor.py:840} INFO - DAG(s) 'example_short_circuit_decorator' retrieved from /home/airflow/.local/lib/python3.8/site-packages/airflow/example_dags/example_short_circuit_decorator.py
[2025-01-23T12:33:27.254+0000] {logging_mixin.py:188} INFO - [2025-01-23T12:33:27.253+0000] {dag.py:3036} INFO - Sync 1 DAGs
[2025-01-23T12:33:27.282+0000] {logging_mixin.py:188} INFO - [2025-01-23T12:33:27.282+0000] {dag.py:3823} INFO - Setting next_dagrun for example_short_circuit_decorator to 2025-01-22 00:00:00+00:00, run_after=2025-01-23 00:00:00+00:00
[2025-01-23T12:33:27.307+0000] {processor.py:183} INFO - Processing /home/airflow/.local/lib/python3.8/site-packages/airflow/example_dags/example_short_circuit_decorator.py took 0.102 seconds
[2025-01-23T12:33:57.448+0000] {processor.py:161} INFO - Started process (PID=243) to work on /home/airflow/.local/lib/python3.8/site-packages/airflow/example_dags/example_short_circuit_decorator.py
[2025-01-23T12:33:57.449+0000] {processor.py:830} INFO - Processing file /home/airflow/.local/lib/python3.8/site-packages/airflow/example_dags/example_short_circuit_decorator.py for tasks to queue
[2025-01-23T12:33:57.453+0000] {logging_mixin.py:188} INFO - [2025-01-23T12:33:57.452+0000] {dagbag.py:538} INFO - Filling up the DagBag from /home/airflow/.local/lib/python3.8/site-packages/airflow/example_dags/example_short_circuit_decorator.py
[2025-01-23T12:33:57.474+0000] {processor.py:840} INFO - DAG(s) 'example_short_circuit_decorator' retrieved from /home/airflow/.local/lib/python3.8/site-packages/airflow/example_dags/example_short_circuit_decorator.py
[2025-01-23T12:33:57.527+0000] {logging_mixin.py:188} INFO - [2025-01-23T12:33:57.526+0000] {dag.py:3036} INFO - Sync 1 DAGs
[2025-01-23T12:33:57.580+0000] {logging_mixin.py:188} INFO - [2025-01-23T12:33:57.580+0000] {dag.py:3823} INFO - Setting next_dagrun for example_short_circuit_decorator to 2025-01-22 00:00:00+00:00, run_after=2025-01-23 00:00:00+00:00
[2025-01-23T12:33:57.627+0000] {processor.py:183} INFO - Processing /home/airflow/.local/lib/python3.8/site-packages/airflow/example_dags/example_short_circuit_decorator.py took 0.184 seconds
[2025-01-23T12:34:27.918+0000] {processor.py:161} INFO - Started process (PID=299) to work on /home/airflow/.local/lib/python3.8/site-packages/airflow/example_dags/example_short_circuit_decorator.py
[2025-01-23T12:34:27.920+0000] {processor.py:830} INFO - Processing file /home/airflow/.local/lib/python3.8/site-packages/airflow/example_dags/example_short_circuit_decorator.py for tasks to queue
[2025-01-23T12:34:27.922+0000] {logging_mixin.py:188} INFO - [2025-01-23T12:34:27.922+0000] {dagbag.py:538} INFO - Filling up the DagBag from /home/airflow/.local/lib/python3.8/site-packages/airflow/example_dags/example_short_circuit_decorator.py
[2025-01-23T12:34:27.938+0000] {processor.py:840} INFO - DAG(s) 'example_short_circuit_decorator' retrieved from /home/airflow/.local/lib/python3.8/site-packages/airflow/example_dags/example_short_circuit_decorator.py
[2025-01-23T12:34:27.977+0000] {logging_mixin.py:188} INFO - [2025-01-23T12:34:27.977+0000] {dag.py:3036} INFO - Sync 1 DAGs
[2025-01-23T12:34:28.013+0000] {logging_mixin.py:188} INFO - [2025-01-23T12:34:28.013+0000] {dag.py:3823} INFO - Setting next_dagrun for example_short_circuit_decorator to 2025-01-22 00:00:00+00:00, run_after=2025-01-23 00:00:00+00:00
[2025-01-23T12:34:28.047+0000] {processor.py:183} INFO - Processing /home/airflow/.local/lib/python3.8/site-packages/airflow/example_dags/example_short_circuit_decorator.py took 0.133 seconds
[2025-01-23T12:34:58.397+0000] {processor.py:161} INFO - Started process (PID=355) to work on /home/airflow/.local/lib/python3.8/site-packages/airflow/example_dags/example_short_circuit_decorator.py
[2025-01-23T12:34:58.398+0000] {processor.py:830} INFO - Processing file /home/airflow/.local/lib/python3.8/site-packages/airflow/example_dags/example_short_circuit_decorator.py for tasks to queue
[2025-01-23T12:34:58.401+0000] {logging_mixin.py:188} INFO - [2025-01-23T12:34:58.401+0000] {dagbag.py:538} INFO - Filling up the DagBag from /home/airflow/.local/lib/python3.8/site-packages/airflow/example_dags/example_short_circuit_decorator.py
[2025-01-23T12:34:58.415+0000] {processor.py:840} INFO - DAG(s) 'example_short_circuit_decorator' retrieved from /home/airflow/.local/lib/python3.8/site-packages/airflow/example_dags/example_short_circuit_decorator.py
[2025-01-23T12:34:58.450+0000] {logging_mixin.py:188} INFO - [2025-01-23T12:34:58.449+0000] {dag.py:3036} INFO - Sync 1 DAGs
[2025-01-23T12:34:58.482+0000] {logging_mixin.py:188} INFO - [2025-01-23T12:34:58.482+0000] {dag.py:3823} INFO - Setting next_dagrun for example_short_circuit_decorator to 2025-01-22 00:00:00+00:00, run_after=2025-01-23 00:00:00+00:00
[2025-01-23T12:34:58.512+0000] {processor.py:183} INFO - Processing /home/airflow/.local/lib/python3.8/site-packages/airflow/example_dags/example_short_circuit_decorator.py took 0.120 seconds
[2025-01-23T12:35:28.810+0000] {processor.py:161} INFO - Started process (PID=411) to work on /home/airflow/.local/lib/python3.8/site-packages/airflow/example_dags/example_short_circuit_decorator.py
[2025-01-23T12:35:28.811+0000] {processor.py:830} INFO - Processing file /home/airflow/.local/lib/python3.8/site-packages/airflow/example_dags/example_short_circuit_decorator.py for tasks to queue
[2025-01-23T12:35:28.814+0000] {logging_mixin.py:188} INFO - [2025-01-23T12:35:28.813+0000] {dagbag.py:538} INFO - Filling up the DagBag from /home/airflow/.local/lib/python3.8/site-packages/airflow/example_dags/example_short_circuit_decorator.py
[2025-01-23T12:35:28.825+0000] {processor.py:840} INFO - DAG(s) 'example_short_circuit_decorator' retrieved from /home/airflow/.local/lib/python3.8/site-packages/airflow/example_dags/example_short_circuit_decorator.py
[2025-01-23T12:35:28.855+0000] {logging_mixin.py:188} INFO - [2025-01-23T12:35:28.855+0000] {dag.py:3036} INFO - Sync 1 DAGs
[2025-01-23T12:35:28.886+0000] {logging_mixin.py:188} INFO - [2025-01-23T12:35:28.885+0000] {dag.py:3823} INFO - Setting next_dagrun for example_short_circuit_decorator to 2025-01-22 00:00:00+00:00, run_after=2025-01-23 00:00:00+00:00
[2025-01-23T12:35:28.912+0000] {processor.py:183} INFO - Processing /home/airflow/.local/lib/python3.8/site-packages/airflow/example_dags/example_short_circuit_decorator.py took 0.107 seconds
[2025-01-23T12:35:59.189+0000] {processor.py:161} INFO - Started process (PID=467) to work on /home/airflow/.local/lib/python3.8/site-packages/airflow/example_dags/example_short_circuit_decorator.py
[2025-01-23T12:35:59.191+0000] {processor.py:830} INFO - Processing file /home/airflow/.local/lib/python3.8/site-packages/airflow/example_dags/example_short_circuit_decorator.py for tasks to queue
[2025-01-23T12:35:59.193+0000] {logging_mixin.py:188} INFO - [2025-01-23T12:35:59.193+0000] {dagbag.py:538} INFO - Filling up the DagBag from /home/airflow/.local/lib/python3.8/site-packages/airflow/example_dags/example_short_circuit_decorator.py
[2025-01-23T12:35:59.203+0000] {processor.py:840} INFO - DAG(s) 'example_short_circuit_decorator' retrieved from /home/airflow/.local/lib/python3.8/site-packages/airflow/example_dags/example_short_circuit_decorator.py
[2025-01-23T12:35:59.234+0000] {logging_mixin.py:188} INFO - [2025-01-23T12:35:59.233+0000] {dag.py:3036} INFO - Sync 1 DAGs
[2025-01-23T12:35:59.261+0000] {logging_mixin.py:188} INFO - [2025-01-23T12:35:59.261+0000] {dag.py:3823} INFO - Setting next_dagrun for example_short_circuit_decorator to 2025-01-22 00:00:00+00:00, run_after=2025-01-23 00:00:00+00:00
[2025-01-23T12:35:59.287+0000] {processor.py:183} INFO - Processing /home/airflow/.local/lib/python3.8/site-packages/airflow/example_dags/example_short_circuit_decorator.py took 0.101 seconds
[2025-01-23T12:36:29.688+0000] {processor.py:161} INFO - Started process (PID=523) to work on /home/airflow/.local/lib/python3.8/site-packages/airflow/example_dags/example_short_circuit_decorator.py
[2025-01-23T12:36:29.690+0000] {processor.py:830} INFO - Processing file /home/airflow/.local/lib/python3.8/site-packages/airflow/example_dags/example_short_circuit_decorator.py for tasks to queue
[2025-01-23T12:36:29.692+0000] {logging_mixin.py:188} INFO - [2025-01-23T12:36:29.692+0000] {dagbag.py:538} INFO - Filling up the DagBag from /home/airflow/.local/lib/python3.8/site-packages/airflow/example_dags/example_short_circuit_decorator.py
[2025-01-23T12:36:29.702+0000] {processor.py:840} INFO - DAG(s) 'example_short_circuit_decorator' retrieved from /home/airflow/.local/lib/python3.8/site-packages/airflow/example_dags/example_short_circuit_decorator.py
[2025-01-23T12:36:29.731+0000] {logging_mixin.py:188} INFO - [2025-01-23T12:36:29.731+0000] {dag.py:3036} INFO - Sync 1 DAGs
[2025-01-23T12:36:29.757+0000] {logging_mixin.py:188} INFO - [2025-01-23T12:36:29.757+0000] {dag.py:3823} INFO - Setting next_dagrun for example_short_circuit_decorator to 2025-01-22 00:00:00+00:00, run_after=2025-01-23 00:00:00+00:00
[2025-01-23T12:36:29.785+0000] {processor.py:183} INFO - Processing /home/airflow/.local/lib/python3.8/site-packages/airflow/example_dags/example_short_circuit_decorator.py took 0.100 seconds
[2025-01-23T12:37:00.399+0000] {processor.py:161} INFO - Started process (PID=579) to work on /home/airflow/.local/lib/python3.8/site-packages/airflow/example_dags/example_short_circuit_decorator.py
[2025-01-23T12:37:00.401+0000] {processor.py:830} INFO - Processing file /home/airflow/.local/lib/python3.8/site-packages/airflow/example_dags/example_short_circuit_decorator.py for tasks to queue
[2025-01-23T12:37:00.403+0000] {logging_mixin.py:188} INFO - [2025-01-23T12:37:00.402+0000] {dagbag.py:538} INFO - Filling up the DagBag from /home/airflow/.local/lib/python3.8/site-packages/airflow/example_dags/example_short_circuit_decorator.py
[2025-01-23T12:37:00.415+0000] {processor.py:840} INFO - DAG(s) 'example_short_circuit_decorator' retrieved from /home/airflow/.local/lib/python3.8/site-packages/airflow/example_dags/example_short_circuit_decorator.py
[2025-01-23T12:37:00.446+0000] {logging_mixin.py:188} INFO - [2025-01-23T12:37:00.445+0000] {dag.py:3036} INFO - Sync 1 DAGs
[2025-01-23T12:37:00.478+0000] {logging_mixin.py:188} INFO - [2025-01-23T12:37:00.477+0000] {dag.py:3823} INFO - Setting next_dagrun for example_short_circuit_decorator to 2025-01-22 00:00:00+00:00, run_after=2025-01-23 00:00:00+00:00
[2025-01-23T12:37:00.512+0000] {processor.py:183} INFO - Processing /home/airflow/.local/lib/python3.8/site-packages/airflow/example_dags/example_short_circuit_decorator.py took 0.117 seconds
[2025-01-23T12:37:31.193+0000] {processor.py:161} INFO - Started process (PID=635) to work on /home/airflow/.local/lib/python3.8/site-packages/airflow/example_dags/example_short_circuit_decorator.py
[2025-01-23T12:37:31.196+0000] {processor.py:830} INFO - Processing file /home/airflow/.local/lib/python3.8/site-packages/airflow/example_dags/example_short_circuit_decorator.py for tasks to queue
[2025-01-23T12:37:31.200+0000] {logging_mixin.py:188} INFO - [2025-01-23T12:37:31.199+0000] {dagbag.py:538} INFO - Filling up the DagBag from /home/airflow/.local/lib/python3.8/site-packages/airflow/example_dags/example_short_circuit_decorator.py
[2025-01-23T12:37:31.226+0000] {processor.py:840} INFO - DAG(s) 'example_short_circuit_decorator' retrieved from /home/airflow/.local/lib/python3.8/site-packages/airflow/example_dags/example_short_circuit_decorator.py
[2025-01-23T12:37:31.289+0000] {logging_mixin.py:188} INFO - [2025-01-23T12:37:31.288+0000] {dag.py:3036} INFO - Sync 1 DAGs
[2025-01-23T12:37:31.333+0000] {logging_mixin.py:188} INFO - [2025-01-23T12:37:31.332+0000] {dag.py:3823} INFO - Setting next_dagrun for example_short_circuit_decorator to 2025-01-22 00:00:00+00:00, run_after=2025-01-23 00:00:00+00:00
[2025-01-23T12:37:31.368+0000] {processor.py:183} INFO - Processing /home/airflow/.local/lib/python3.8/site-packages/airflow/example_dags/example_short_circuit_decorator.py took 0.181 seconds
[2025-01-23T12:38:01.742+0000] {processor.py:161} INFO - Started process (PID=691) to work on /home/airflow/.local/lib/python3.8/site-packages/airflow/example_dags/example_short_circuit_decorator.py
[2025-01-23T12:38:01.744+0000] {processor.py:830} INFO - Processing file /home/airflow/.local/lib/python3.8/site-packages/airflow/example_dags/example_short_circuit_decorator.py for tasks to queue
[2025-01-23T12:38:01.748+0000] {logging_mixin.py:188} INFO - [2025-01-23T12:38:01.748+0000] {dagbag.py:538} INFO - Filling up the DagBag from /home/airflow/.local/lib/python3.8/site-packages/airflow/example_dags/example_short_circuit_decorator.py
[2025-01-23T12:38:01.767+0000] {processor.py:840} INFO - DAG(s) 'example_short_circuit_decorator' retrieved from /home/airflow/.local/lib/python3.8/site-packages/airflow/example_dags/example_short_circuit_decorator.py
[2025-01-23T12:38:01.814+0000] {logging_mixin.py:188} INFO - [2025-01-23T12:38:01.814+0000] {dag.py:3036} INFO - Sync 1 DAGs
[2025-01-23T12:38:01.866+0000] {logging_mixin.py:188} INFO - [2025-01-23T12:38:01.866+0000] {dag.py:3823} INFO - Setting next_dagrun for example_short_circuit_decorator to 2025-01-22 00:00:00+00:00, run_after=2025-01-23 00:00:00+00:00
[2025-01-23T12:38:01.924+0000] {processor.py:183} INFO - Processing /home/airflow/.local/lib/python3.8/site-packages/airflow/example_dags/example_short_circuit_decorator.py took 0.189 seconds
[2025-01-23T12:38:32.627+0000] {processor.py:161} INFO - Started process (PID=747) to work on /home/airflow/.local/lib/python3.8/site-packages/airflow/example_dags/example_short_circuit_decorator.py
[2025-01-23T12:38:32.629+0000] {processor.py:830} INFO - Processing file /home/airflow/.local/lib/python3.8/site-packages/airflow/example_dags/example_short_circuit_decorator.py for tasks to queue
[2025-01-23T12:38:32.634+0000] {logging_mixin.py:188} INFO - [2025-01-23T12:38:32.633+0000] {dagbag.py:538} INFO - Filling up the DagBag from /home/airflow/.local/lib/python3.8/site-packages/airflow/example_dags/example_short_circuit_decorator.py
[2025-01-23T12:38:32.664+0000] {processor.py:840} INFO - DAG(s) 'example_short_circuit_decorator' retrieved from /home/airflow/.local/lib/python3.8/site-packages/airflow/example_dags/example_short_circuit_decorator.py
[2025-01-23T12:38:32.767+0000] {logging_mixin.py:188} INFO - [2025-01-23T12:38:32.765+0000] {dag.py:3036} INFO - Sync 1 DAGs
[2025-01-23T12:38:32.859+0000] {logging_mixin.py:188} INFO - [2025-01-23T12:38:32.858+0000] {dag.py:3823} INFO - Setting next_dagrun for example_short_circuit_decorator to 2025-01-22 00:00:00+00:00, run_after=2025-01-23 00:00:00+00:00
[2025-01-23T12:38:32.936+0000] {processor.py:183} INFO - Processing /home/airflow/.local/lib/python3.8/site-packages/airflow/example_dags/example_short_circuit_decorator.py took 0.317 seconds
[2025-01-23T12:39:03.631+0000] {processor.py:161} INFO - Started process (PID=803) to work on /home/airflow/.local/lib/python3.8/site-packages/airflow/example_dags/example_short_circuit_decorator.py
[2025-01-23T12:39:03.633+0000] {processor.py:830} INFO - Processing file /home/airflow/.local/lib/python3.8/site-packages/airflow/example_dags/example_short_circuit_decorator.py for tasks to queue
[2025-01-23T12:39:03.636+0000] {logging_mixin.py:188} INFO - [2025-01-23T12:39:03.636+0000] {dagbag.py:538} INFO - Filling up the DagBag from /home/airflow/.local/lib/python3.8/site-packages/airflow/example_dags/example_short_circuit_decorator.py
[2025-01-23T12:39:03.650+0000] {processor.py:840} INFO - DAG(s) 'example_short_circuit_decorator' retrieved from /home/airflow/.local/lib/python3.8/site-packages/airflow/example_dags/example_short_circuit_decorator.py
[2025-01-23T12:39:03.686+0000] {logging_mixin.py:188} INFO - [2025-01-23T12:39:03.686+0000] {dag.py:3036} INFO - Sync 1 DAGs
[2025-01-23T12:39:03.718+0000] {logging_mixin.py:188} INFO - [2025-01-23T12:39:03.718+0000] {dag.py:3823} INFO - Setting next_dagrun for example_short_circuit_decorator to 2025-01-22 00:00:00+00:00, run_after=2025-01-23 00:00:00+00:00
[2025-01-23T12:39:03.747+0000] {processor.py:183} INFO - Processing /home/airflow/.local/lib/python3.8/site-packages/airflow/example_dags/example_short_circuit_decorator.py took 0.121 seconds
