[2025-01-23T12:32:26.013+0000] {processor.py:161} INFO - Started process (PID=74) to work on /home/airflow/.local/lib/python3.8/site-packages/airflow/example_dags/example_sensors.py
[2025-01-23T12:32:26.016+0000] {processor.py:830} INFO - Processing file /home/airflow/.local/lib/python3.8/site-packages/airflow/example_dags/example_sensors.py for tasks to queue
[2025-01-23T12:32:26.019+0000] {logging_mixin.py:188} INFO - [2025-01-23T12:32:26.019+0000] {dagbag.py:538} INFO - Filling up the DagBag from /home/airflow/.local/lib/python3.8/site-packages/airflow/example_dags/example_sensors.py
[2025-01-23T12:32:26.044+0000] {processor.py:840} INFO - DAG(s) 'example_sensors' retrieved from /home/airflow/.local/lib/python3.8/site-packages/airflow/example_dags/example_sensors.py
[2025-01-23T12:32:26.289+0000] {logging_mixin.py:188} INFO - [2025-01-23T12:32:26.288+0000] {override.py:1769} INFO - Created Permission View: can read on DAG:example_sensors
[2025-01-23T12:32:26.306+0000] {logging_mixin.py:188} INFO - [2025-01-23T12:32:26.305+0000] {override.py:1769} INFO - Created Permission View: can edit on DAG:example_sensors
[2025-01-23T12:32:26.318+0000] {logging_mixin.py:188} INFO - [2025-01-23T12:32:26.318+0000] {override.py:1769} INFO - Created Permission View: can delete on DAG:example_sensors
[2025-01-23T12:32:26.319+0000] {logging_mixin.py:188} INFO - [2025-01-23T12:32:26.319+0000] {dag.py:3036} INFO - Sync 1 DAGs
[2025-01-23T12:32:26.340+0000] {logging_mixin.py:188} INFO - [2025-01-23T12:32:26.340+0000] {dag.py:3058} INFO - Creating ORM DAG for example_sensors
[2025-01-23T12:32:26.342+0000] {logging_mixin.py:188} INFO - [2025-01-23T12:32:26.341+0000] {dag.py:3823} INFO - Setting next_dagrun for example_sensors to None, run_after=None
[2025-01-23T12:32:26.375+0000] {processor.py:183} INFO - Processing /home/airflow/.local/lib/python3.8/site-packages/airflow/example_dags/example_sensors.py took 0.369 seconds
[2025-01-23T12:32:56.862+0000] {processor.py:161} INFO - Started process (PID=130) to work on /home/airflow/.local/lib/python3.8/site-packages/airflow/example_dags/example_sensors.py
[2025-01-23T12:32:56.863+0000] {processor.py:830} INFO - Processing file /home/airflow/.local/lib/python3.8/site-packages/airflow/example_dags/example_sensors.py for tasks to queue
[2025-01-23T12:32:56.866+0000] {logging_mixin.py:188} INFO - [2025-01-23T12:32:56.865+0000] {dagbag.py:538} INFO - Filling up the DagBag from /home/airflow/.local/lib/python3.8/site-packages/airflow/example_dags/example_sensors.py
[2025-01-23T12:32:56.881+0000] {processor.py:840} INFO - DAG(s) 'example_sensors' retrieved from /home/airflow/.local/lib/python3.8/site-packages/airflow/example_dags/example_sensors.py
[2025-01-23T12:32:56.919+0000] {logging_mixin.py:188} INFO - [2025-01-23T12:32:56.919+0000] {dag.py:3036} INFO - Sync 1 DAGs
[2025-01-23T12:32:56.937+0000] {logging_mixin.py:188} INFO - [2025-01-23T12:32:56.936+0000] {dag.py:3823} INFO - Setting next_dagrun for example_sensors to None, run_after=None
[2025-01-23T12:32:56.963+0000] {processor.py:183} INFO - Processing /home/airflow/.local/lib/python3.8/site-packages/airflow/example_dags/example_sensors.py took 0.105 seconds
[2025-01-23T12:33:27.079+0000] {processor.py:161} INFO - Started process (PID=186) to work on /home/airflow/.local/lib/python3.8/site-packages/airflow/example_dags/example_sensors.py
[2025-01-23T12:33:27.080+0000] {processor.py:830} INFO - Processing file /home/airflow/.local/lib/python3.8/site-packages/airflow/example_dags/example_sensors.py for tasks to queue
[2025-01-23T12:33:27.082+0000] {logging_mixin.py:188} INFO - [2025-01-23T12:33:27.082+0000] {dagbag.py:538} INFO - Filling up the DagBag from /home/airflow/.local/lib/python3.8/site-packages/airflow/example_dags/example_sensors.py
[2025-01-23T12:33:27.093+0000] {processor.py:840} INFO - DAG(s) 'example_sensors' retrieved from /home/airflow/.local/lib/python3.8/site-packages/airflow/example_dags/example_sensors.py
[2025-01-23T12:33:27.126+0000] {logging_mixin.py:188} INFO - [2025-01-23T12:33:27.126+0000] {dag.py:3036} INFO - Sync 1 DAGs
[2025-01-23T12:33:27.142+0000] {logging_mixin.py:188} INFO - [2025-01-23T12:33:27.141+0000] {dag.py:3823} INFO - Setting next_dagrun for example_sensors to None, run_after=None
[2025-01-23T12:33:27.166+0000] {processor.py:183} INFO - Processing /home/airflow/.local/lib/python3.8/site-packages/airflow/example_dags/example_sensors.py took 0.091 seconds
[2025-01-23T12:33:57.424+0000] {processor.py:161} INFO - Started process (PID=242) to work on /home/airflow/.local/lib/python3.8/site-packages/airflow/example_dags/example_sensors.py
[2025-01-23T12:33:57.425+0000] {processor.py:830} INFO - Processing file /home/airflow/.local/lib/python3.8/site-packages/airflow/example_dags/example_sensors.py for tasks to queue
[2025-01-23T12:33:57.428+0000] {logging_mixin.py:188} INFO - [2025-01-23T12:33:57.427+0000] {dagbag.py:538} INFO - Filling up the DagBag from /home/airflow/.local/lib/python3.8/site-packages/airflow/example_dags/example_sensors.py
[2025-01-23T12:33:57.443+0000] {processor.py:840} INFO - DAG(s) 'example_sensors' retrieved from /home/airflow/.local/lib/python3.8/site-packages/airflow/example_dags/example_sensors.py
[2025-01-23T12:33:57.497+0000] {logging_mixin.py:188} INFO - [2025-01-23T12:33:57.496+0000] {dag.py:3036} INFO - Sync 1 DAGs
[2025-01-23T12:33:57.525+0000] {logging_mixin.py:188} INFO - [2025-01-23T12:33:57.525+0000] {dag.py:3823} INFO - Setting next_dagrun for example_sensors to None, run_after=None
[2025-01-23T12:33:57.573+0000] {processor.py:183} INFO - Processing /home/airflow/.local/lib/python3.8/site-packages/airflow/example_dags/example_sensors.py took 0.153 seconds
[2025-01-23T12:34:27.904+0000] {processor.py:161} INFO - Started process (PID=298) to work on /home/airflow/.local/lib/python3.8/site-packages/airflow/example_dags/example_sensors.py
[2025-01-23T12:34:27.905+0000] {processor.py:830} INFO - Processing file /home/airflow/.local/lib/python3.8/site-packages/airflow/example_dags/example_sensors.py for tasks to queue
[2025-01-23T12:34:27.908+0000] {logging_mixin.py:188} INFO - [2025-01-23T12:34:27.907+0000] {dagbag.py:538} INFO - Filling up the DagBag from /home/airflow/.local/lib/python3.8/site-packages/airflow/example_dags/example_sensors.py
[2025-01-23T12:34:27.924+0000] {processor.py:840} INFO - DAG(s) 'example_sensors' retrieved from /home/airflow/.local/lib/python3.8/site-packages/airflow/example_dags/example_sensors.py
[2025-01-23T12:34:27.966+0000] {logging_mixin.py:188} INFO - [2025-01-23T12:34:27.966+0000] {dag.py:3036} INFO - Sync 1 DAGs
[2025-01-23T12:34:27.989+0000] {logging_mixin.py:188} INFO - [2025-01-23T12:34:27.989+0000] {dag.py:3823} INFO - Setting next_dagrun for example_sensors to None, run_after=None
[2025-01-23T12:34:28.022+0000] {processor.py:183} INFO - Processing /home/airflow/.local/lib/python3.8/site-packages/airflow/example_dags/example_sensors.py took 0.121 seconds
[2025-01-23T12:34:58.375+0000] {processor.py:161} INFO - Started process (PID=354) to work on /home/airflow/.local/lib/python3.8/site-packages/airflow/example_dags/example_sensors.py
[2025-01-23T12:34:58.376+0000] {processor.py:830} INFO - Processing file /home/airflow/.local/lib/python3.8/site-packages/airflow/example_dags/example_sensors.py for tasks to queue
[2025-01-23T12:34:58.379+0000] {logging_mixin.py:188} INFO - [2025-01-23T12:34:58.379+0000] {dagbag.py:538} INFO - Filling up the DagBag from /home/airflow/.local/lib/python3.8/site-packages/airflow/example_dags/example_sensors.py
[2025-01-23T12:34:58.392+0000] {processor.py:840} INFO - DAG(s) 'example_sensors' retrieved from /home/airflow/.local/lib/python3.8/site-packages/airflow/example_dags/example_sensors.py
[2025-01-23T12:34:58.431+0000] {logging_mixin.py:188} INFO - [2025-01-23T12:34:58.431+0000] {dag.py:3036} INFO - Sync 1 DAGs
[2025-01-23T12:34:58.449+0000] {logging_mixin.py:188} INFO - [2025-01-23T12:34:58.449+0000] {dag.py:3823} INFO - Setting next_dagrun for example_sensors to None, run_after=None
[2025-01-23T12:34:58.478+0000] {processor.py:183} INFO - Processing /home/airflow/.local/lib/python3.8/site-packages/airflow/example_dags/example_sensors.py took 0.108 seconds
[2025-01-23T12:35:28.669+0000] {processor.py:161} INFO - Started process (PID=410) to work on /home/airflow/.local/lib/python3.8/site-packages/airflow/example_dags/example_sensors.py
[2025-01-23T12:35:28.671+0000] {processor.py:830} INFO - Processing file /home/airflow/.local/lib/python3.8/site-packages/airflow/example_dags/example_sensors.py for tasks to queue
[2025-01-23T12:35:28.673+0000] {logging_mixin.py:188} INFO - [2025-01-23T12:35:28.673+0000] {dagbag.py:538} INFO - Filling up the DagBag from /home/airflow/.local/lib/python3.8/site-packages/airflow/example_dags/example_sensors.py
[2025-01-23T12:35:28.684+0000] {processor.py:840} INFO - DAG(s) 'example_sensors' retrieved from /home/airflow/.local/lib/python3.8/site-packages/airflow/example_dags/example_sensors.py
[2025-01-23T12:35:28.720+0000] {logging_mixin.py:188} INFO - [2025-01-23T12:35:28.720+0000] {dag.py:3036} INFO - Sync 1 DAGs
[2025-01-23T12:35:28.737+0000] {logging_mixin.py:188} INFO - [2025-01-23T12:35:28.737+0000] {dag.py:3823} INFO - Setting next_dagrun for example_sensors to None, run_after=None
[2025-01-23T12:35:28.765+0000] {processor.py:183} INFO - Processing /home/airflow/.local/lib/python3.8/site-packages/airflow/example_dags/example_sensors.py took 0.100 seconds
[2025-01-23T12:35:59.189+0000] {processor.py:161} INFO - Started process (PID=466) to work on /home/airflow/.local/lib/python3.8/site-packages/airflow/example_dags/example_sensors.py
[2025-01-23T12:35:59.190+0000] {processor.py:830} INFO - Processing file /home/airflow/.local/lib/python3.8/site-packages/airflow/example_dags/example_sensors.py for tasks to queue
[2025-01-23T12:35:59.193+0000] {logging_mixin.py:188} INFO - [2025-01-23T12:35:59.193+0000] {dagbag.py:538} INFO - Filling up the DagBag from /home/airflow/.local/lib/python3.8/site-packages/airflow/example_dags/example_sensors.py
[2025-01-23T12:35:59.203+0000] {processor.py:840} INFO - DAG(s) 'example_sensors' retrieved from /home/airflow/.local/lib/python3.8/site-packages/airflow/example_dags/example_sensors.py
[2025-01-23T12:35:59.236+0000] {logging_mixin.py:188} INFO - [2025-01-23T12:35:59.236+0000] {dag.py:3036} INFO - Sync 1 DAGs
[2025-01-23T12:35:59.252+0000] {logging_mixin.py:188} INFO - [2025-01-23T12:35:59.252+0000] {dag.py:3823} INFO - Setting next_dagrun for example_sensors to None, run_after=None
[2025-01-23T12:35:59.279+0000] {processor.py:183} INFO - Processing /home/airflow/.local/lib/python3.8/site-packages/airflow/example_dags/example_sensors.py took 0.093 seconds
[2025-01-23T12:36:29.554+0000] {processor.py:161} INFO - Started process (PID=522) to work on /home/airflow/.local/lib/python3.8/site-packages/airflow/example_dags/example_sensors.py
[2025-01-23T12:36:29.555+0000] {processor.py:830} INFO - Processing file /home/airflow/.local/lib/python3.8/site-packages/airflow/example_dags/example_sensors.py for tasks to queue
[2025-01-23T12:36:29.557+0000] {logging_mixin.py:188} INFO - [2025-01-23T12:36:29.557+0000] {dagbag.py:538} INFO - Filling up the DagBag from /home/airflow/.local/lib/python3.8/site-packages/airflow/example_dags/example_sensors.py
[2025-01-23T12:36:29.567+0000] {processor.py:840} INFO - DAG(s) 'example_sensors' retrieved from /home/airflow/.local/lib/python3.8/site-packages/airflow/example_dags/example_sensors.py
[2025-01-23T12:36:29.601+0000] {logging_mixin.py:188} INFO - [2025-01-23T12:36:29.600+0000] {dag.py:3036} INFO - Sync 1 DAGs
[2025-01-23T12:36:29.617+0000] {logging_mixin.py:188} INFO - [2025-01-23T12:36:29.616+0000] {dag.py:3823} INFO - Setting next_dagrun for example_sensors to None, run_after=None
[2025-01-23T12:36:29.640+0000] {processor.py:183} INFO - Processing /home/airflow/.local/lib/python3.8/site-packages/airflow/example_dags/example_sensors.py took 0.092 seconds
[2025-01-23T12:37:00.372+0000] {processor.py:161} INFO - Started process (PID=578) to work on /home/airflow/.local/lib/python3.8/site-packages/airflow/example_dags/example_sensors.py
[2025-01-23T12:37:00.374+0000] {processor.py:830} INFO - Processing file /home/airflow/.local/lib/python3.8/site-packages/airflow/example_dags/example_sensors.py for tasks to queue
[2025-01-23T12:37:00.376+0000] {logging_mixin.py:188} INFO - [2025-01-23T12:37:00.376+0000] {dagbag.py:538} INFO - Filling up the DagBag from /home/airflow/.local/lib/python3.8/site-packages/airflow/example_dags/example_sensors.py
[2025-01-23T12:37:00.391+0000] {processor.py:840} INFO - DAG(s) 'example_sensors' retrieved from /home/airflow/.local/lib/python3.8/site-packages/airflow/example_dags/example_sensors.py
[2025-01-23T12:37:00.425+0000] {logging_mixin.py:188} INFO - [2025-01-23T12:37:00.425+0000] {dag.py:3036} INFO - Sync 1 DAGs
[2025-01-23T12:37:00.441+0000] {logging_mixin.py:188} INFO - [2025-01-23T12:37:00.441+0000] {dag.py:3823} INFO - Setting next_dagrun for example_sensors to None, run_after=None
[2025-01-23T12:37:00.474+0000] {processor.py:183} INFO - Processing /home/airflow/.local/lib/python3.8/site-packages/airflow/example_dags/example_sensors.py took 0.107 seconds
[2025-01-23T12:37:30.981+0000] {processor.py:161} INFO - Started process (PID=634) to work on /home/airflow/.local/lib/python3.8/site-packages/airflow/example_dags/example_sensors.py
[2025-01-23T12:37:30.983+0000] {processor.py:830} INFO - Processing file /home/airflow/.local/lib/python3.8/site-packages/airflow/example_dags/example_sensors.py for tasks to queue
[2025-01-23T12:37:30.986+0000] {logging_mixin.py:188} INFO - [2025-01-23T12:37:30.986+0000] {dagbag.py:538} INFO - Filling up the DagBag from /home/airflow/.local/lib/python3.8/site-packages/airflow/example_dags/example_sensors.py
[2025-01-23T12:37:31.006+0000] {processor.py:840} INFO - DAG(s) 'example_sensors' retrieved from /home/airflow/.local/lib/python3.8/site-packages/airflow/example_dags/example_sensors.py
[2025-01-23T12:37:31.059+0000] {logging_mixin.py:188} INFO - [2025-01-23T12:37:31.059+0000] {dag.py:3036} INFO - Sync 1 DAGs
[2025-01-23T12:37:31.084+0000] {logging_mixin.py:188} INFO - [2025-01-23T12:37:31.083+0000] {dag.py:3823} INFO - Setting next_dagrun for example_sensors to None, run_after=None
[2025-01-23T12:37:31.120+0000] {processor.py:183} INFO - Processing /home/airflow/.local/lib/python3.8/site-packages/airflow/example_dags/example_sensors.py took 0.144 seconds
[2025-01-23T12:38:01.713+0000] {processor.py:161} INFO - Started process (PID=690) to work on /home/airflow/.local/lib/python3.8/site-packages/airflow/example_dags/example_sensors.py
[2025-01-23T12:38:01.715+0000] {processor.py:830} INFO - Processing file /home/airflow/.local/lib/python3.8/site-packages/airflow/example_dags/example_sensors.py for tasks to queue
[2025-01-23T12:38:01.721+0000] {logging_mixin.py:188} INFO - [2025-01-23T12:38:01.721+0000] {dagbag.py:538} INFO - Filling up the DagBag from /home/airflow/.local/lib/python3.8/site-packages/airflow/example_dags/example_sensors.py
[2025-01-23T12:38:01.740+0000] {processor.py:840} INFO - DAG(s) 'example_sensors' retrieved from /home/airflow/.local/lib/python3.8/site-packages/airflow/example_dags/example_sensors.py
[2025-01-23T12:38:01.793+0000] {logging_mixin.py:188} INFO - [2025-01-23T12:38:01.792+0000] {dag.py:3036} INFO - Sync 1 DAGs
[2025-01-23T12:38:01.818+0000] {logging_mixin.py:188} INFO - [2025-01-23T12:38:01.817+0000] {dag.py:3823} INFO - Setting next_dagrun for example_sensors to None, run_after=None
[2025-01-23T12:38:01.854+0000] {processor.py:183} INFO - Processing /home/airflow/.local/lib/python3.8/site-packages/airflow/example_dags/example_sensors.py took 0.147 seconds
