[2025-01-23T12:32:26.423+0000] {processor.py:161} INFO - Started process (PID=76) to work on /home/airflow/.local/lib/python3.8/site-packages/airflow/example_dags/example_local_kubernetes_executor.py
[2025-01-23T12:32:26.426+0000] {processor.py:830} INFO - Processing file /home/airflow/.local/lib/python3.8/site-packages/airflow/example_dags/example_local_kubernetes_executor.py for tasks to queue
[2025-01-23T12:32:26.430+0000] {logging_mixin.py:188} INFO - [2025-01-23T12:32:26.429+0000] {dagbag.py:538} INFO - Filling up the DagBag from /home/airflow/.local/lib/python3.8/site-packages/airflow/example_dags/example_local_kubernetes_executor.py
[2025-01-23T12:32:26.447+0000] {processor.py:840} INFO - DAG(s) 'example_local_kubernetes_executor' retrieved from /home/airflow/.local/lib/python3.8/site-packages/airflow/example_dags/example_local_kubernetes_executor.py
[2025-01-23T12:32:26.704+0000] {logging_mixin.py:188} INFO - [2025-01-23T12:32:26.703+0000] {override.py:1769} INFO - Created Permission View: can read on DAG:example_local_kubernetes_executor
[2025-01-23T12:32:26.729+0000] {logging_mixin.py:188} INFO - [2025-01-23T12:32:26.728+0000] {override.py:1769} INFO - Created Permission View: can edit on DAG:example_local_kubernetes_executor
[2025-01-23T12:32:26.743+0000] {logging_mixin.py:188} INFO - [2025-01-23T12:32:26.743+0000] {override.py:1769} INFO - Created Permission View: can delete on DAG:example_local_kubernetes_executor
[2025-01-23T12:32:26.745+0000] {logging_mixin.py:188} INFO - [2025-01-23T12:32:26.745+0000] {dag.py:3036} INFO - Sync 1 DAGs
[2025-01-23T12:32:26.772+0000] {logging_mixin.py:188} INFO - [2025-01-23T12:32:26.771+0000] {dag.py:3058} INFO - Creating ORM DAG for example_local_kubernetes_executor
[2025-01-23T12:32:26.773+0000] {logging_mixin.py:188} INFO - [2025-01-23T12:32:26.773+0000] {dag.py:3823} INFO - Setting next_dagrun for example_local_kubernetes_executor to None, run_after=None
[2025-01-23T12:32:26.814+0000] {processor.py:183} INFO - Processing /home/airflow/.local/lib/python3.8/site-packages/airflow/example_dags/example_local_kubernetes_executor.py took 0.397 seconds
[2025-01-23T12:32:56.996+0000] {processor.py:161} INFO - Started process (PID=132) to work on /home/airflow/.local/lib/python3.8/site-packages/airflow/example_dags/example_local_kubernetes_executor.py
[2025-01-23T12:32:56.998+0000] {processor.py:830} INFO - Processing file /home/airflow/.local/lib/python3.8/site-packages/airflow/example_dags/example_local_kubernetes_executor.py for tasks to queue
[2025-01-23T12:32:57.000+0000] {logging_mixin.py:188} INFO - [2025-01-23T12:32:57.000+0000] {dagbag.py:538} INFO - Filling up the DagBag from /home/airflow/.local/lib/python3.8/site-packages/airflow/example_dags/example_local_kubernetes_executor.py
[2025-01-23T12:32:57.010+0000] {processor.py:840} INFO - DAG(s) 'example_local_kubernetes_executor' retrieved from /home/airflow/.local/lib/python3.8/site-packages/airflow/example_dags/example_local_kubernetes_executor.py
[2025-01-23T12:32:57.059+0000] {logging_mixin.py:188} INFO - [2025-01-23T12:32:57.058+0000] {dag.py:3036} INFO - Sync 1 DAGs
[2025-01-23T12:32:57.081+0000] {logging_mixin.py:188} INFO - [2025-01-23T12:32:57.080+0000] {dag.py:3823} INFO - Setting next_dagrun for example_local_kubernetes_executor to None, run_after=None
[2025-01-23T12:32:57.138+0000] {processor.py:183} INFO - Processing /home/airflow/.local/lib/python3.8/site-packages/airflow/example_dags/example_local_kubernetes_executor.py took 0.146 seconds
[2025-01-23T12:33:27.345+0000] {processor.py:161} INFO - Started process (PID=188) to work on /home/airflow/.local/lib/python3.8/site-packages/airflow/example_dags/example_local_kubernetes_executor.py
[2025-01-23T12:33:27.346+0000] {processor.py:830} INFO - Processing file /home/airflow/.local/lib/python3.8/site-packages/airflow/example_dags/example_local_kubernetes_executor.py for tasks to queue
[2025-01-23T12:33:27.348+0000] {logging_mixin.py:188} INFO - [2025-01-23T12:33:27.348+0000] {dagbag.py:538} INFO - Filling up the DagBag from /home/airflow/.local/lib/python3.8/site-packages/airflow/example_dags/example_local_kubernetes_executor.py
[2025-01-23T12:33:27.358+0000] {processor.py:840} INFO - DAG(s) 'example_local_kubernetes_executor' retrieved from /home/airflow/.local/lib/python3.8/site-packages/airflow/example_dags/example_local_kubernetes_executor.py
[2025-01-23T12:33:27.406+0000] {logging_mixin.py:188} INFO - [2025-01-23T12:33:27.405+0000] {dag.py:3036} INFO - Sync 1 DAGs
[2025-01-23T12:33:27.424+0000] {logging_mixin.py:188} INFO - [2025-01-23T12:33:27.423+0000] {dag.py:3823} INFO - Setting next_dagrun for example_local_kubernetes_executor to None, run_after=None
[2025-01-23T12:33:27.449+0000] {processor.py:183} INFO - Processing /home/airflow/.local/lib/python3.8/site-packages/airflow/example_dags/example_local_kubernetes_executor.py took 0.108 seconds
[2025-01-23T12:33:57.629+0000] {processor.py:161} INFO - Started process (PID=244) to work on /home/airflow/.local/lib/python3.8/site-packages/airflow/example_dags/example_local_kubernetes_executor.py
[2025-01-23T12:33:57.631+0000] {processor.py:830} INFO - Processing file /home/airflow/.local/lib/python3.8/site-packages/airflow/example_dags/example_local_kubernetes_executor.py for tasks to queue
[2025-01-23T12:33:57.635+0000] {logging_mixin.py:188} INFO - [2025-01-23T12:33:57.634+0000] {dagbag.py:538} INFO - Filling up the DagBag from /home/airflow/.local/lib/python3.8/site-packages/airflow/example_dags/example_local_kubernetes_executor.py
[2025-01-23T12:33:57.652+0000] {processor.py:840} INFO - DAG(s) 'example_local_kubernetes_executor' retrieved from /home/airflow/.local/lib/python3.8/site-packages/airflow/example_dags/example_local_kubernetes_executor.py
[2025-01-23T12:33:57.720+0000] {logging_mixin.py:188} INFO - [2025-01-23T12:33:57.719+0000] {dag.py:3036} INFO - Sync 1 DAGs
[2025-01-23T12:33:57.739+0000] {logging_mixin.py:188} INFO - [2025-01-23T12:33:57.739+0000] {dag.py:3823} INFO - Setting next_dagrun for example_local_kubernetes_executor to None, run_after=None
[2025-01-23T12:33:57.765+0000] {processor.py:183} INFO - Processing /home/airflow/.local/lib/python3.8/site-packages/airflow/example_dags/example_local_kubernetes_executor.py took 0.145 seconds
[2025-01-23T12:34:28.061+0000] {processor.py:161} INFO - Started process (PID=300) to work on /home/airflow/.local/lib/python3.8/site-packages/airflow/example_dags/example_local_kubernetes_executor.py
[2025-01-23T12:34:28.062+0000] {processor.py:830} INFO - Processing file /home/airflow/.local/lib/python3.8/site-packages/airflow/example_dags/example_local_kubernetes_executor.py for tasks to queue
[2025-01-23T12:34:28.065+0000] {logging_mixin.py:188} INFO - [2025-01-23T12:34:28.065+0000] {dagbag.py:538} INFO - Filling up the DagBag from /home/airflow/.local/lib/python3.8/site-packages/airflow/example_dags/example_local_kubernetes_executor.py
[2025-01-23T12:34:28.077+0000] {processor.py:840} INFO - DAG(s) 'example_local_kubernetes_executor' retrieved from /home/airflow/.local/lib/python3.8/site-packages/airflow/example_dags/example_local_kubernetes_executor.py
[2025-01-23T12:34:28.132+0000] {logging_mixin.py:188} INFO - [2025-01-23T12:34:28.132+0000] {dag.py:3036} INFO - Sync 1 DAGs
[2025-01-23T12:34:28.151+0000] {logging_mixin.py:188} INFO - [2025-01-23T12:34:28.151+0000] {dag.py:3823} INFO - Setting next_dagrun for example_local_kubernetes_executor to None, run_after=None
[2025-01-23T12:34:28.183+0000] {processor.py:183} INFO - Processing /home/airflow/.local/lib/python3.8/site-packages/airflow/example_dags/example_local_kubernetes_executor.py took 0.127 seconds
[2025-01-23T12:34:58.512+0000] {processor.py:161} INFO - Started process (PID=356) to work on /home/airflow/.local/lib/python3.8/site-packages/airflow/example_dags/example_local_kubernetes_executor.py
[2025-01-23T12:34:58.513+0000] {processor.py:830} INFO - Processing file /home/airflow/.local/lib/python3.8/site-packages/airflow/example_dags/example_local_kubernetes_executor.py for tasks to queue
[2025-01-23T12:34:58.516+0000] {logging_mixin.py:188} INFO - [2025-01-23T12:34:58.515+0000] {dagbag.py:538} INFO - Filling up the DagBag from /home/airflow/.local/lib/python3.8/site-packages/airflow/example_dags/example_local_kubernetes_executor.py
[2025-01-23T12:34:58.527+0000] {processor.py:840} INFO - DAG(s) 'example_local_kubernetes_executor' retrieved from /home/airflow/.local/lib/python3.8/site-packages/airflow/example_dags/example_local_kubernetes_executor.py
[2025-01-23T12:34:58.577+0000] {logging_mixin.py:188} INFO - [2025-01-23T12:34:58.577+0000] {dag.py:3036} INFO - Sync 1 DAGs
[2025-01-23T12:34:58.595+0000] {logging_mixin.py:188} INFO - [2025-01-23T12:34:58.595+0000] {dag.py:3823} INFO - Setting next_dagrun for example_local_kubernetes_executor to None, run_after=None
[2025-01-23T12:34:58.623+0000] {processor.py:183} INFO - Processing /home/airflow/.local/lib/python3.8/site-packages/airflow/example_dags/example_local_kubernetes_executor.py took 0.116 seconds
[2025-01-23T12:35:28.957+0000] {processor.py:161} INFO - Started process (PID=412) to work on /home/airflow/.local/lib/python3.8/site-packages/airflow/example_dags/example_local_kubernetes_executor.py
[2025-01-23T12:35:28.959+0000] {processor.py:830} INFO - Processing file /home/airflow/.local/lib/python3.8/site-packages/airflow/example_dags/example_local_kubernetes_executor.py for tasks to queue
[2025-01-23T12:35:28.961+0000] {logging_mixin.py:188} INFO - [2025-01-23T12:35:28.961+0000] {dagbag.py:538} INFO - Filling up the DagBag from /home/airflow/.local/lib/python3.8/site-packages/airflow/example_dags/example_local_kubernetes_executor.py
[2025-01-23T12:35:28.971+0000] {processor.py:840} INFO - DAG(s) 'example_local_kubernetes_executor' retrieved from /home/airflow/.local/lib/python3.8/site-packages/airflow/example_dags/example_local_kubernetes_executor.py
[2025-01-23T12:35:29.027+0000] {logging_mixin.py:188} INFO - [2025-01-23T12:35:29.027+0000] {dag.py:3036} INFO - Sync 1 DAGs
[2025-01-23T12:35:29.059+0000] {logging_mixin.py:188} INFO - [2025-01-23T12:35:29.058+0000] {dag.py:3823} INFO - Setting next_dagrun for example_local_kubernetes_executor to None, run_after=None
[2025-01-23T12:35:29.095+0000] {processor.py:183} INFO - Processing /home/airflow/.local/lib/python3.8/site-packages/airflow/example_dags/example_local_kubernetes_executor.py took 0.141 seconds
[2025-01-23T12:35:59.325+0000] {processor.py:161} INFO - Started process (PID=468) to work on /home/airflow/.local/lib/python3.8/site-packages/airflow/example_dags/example_local_kubernetes_executor.py
[2025-01-23T12:35:59.327+0000] {processor.py:830} INFO - Processing file /home/airflow/.local/lib/python3.8/site-packages/airflow/example_dags/example_local_kubernetes_executor.py for tasks to queue
[2025-01-23T12:35:59.329+0000] {logging_mixin.py:188} INFO - [2025-01-23T12:35:59.329+0000] {dagbag.py:538} INFO - Filling up the DagBag from /home/airflow/.local/lib/python3.8/site-packages/airflow/example_dags/example_local_kubernetes_executor.py
[2025-01-23T12:35:59.338+0000] {processor.py:840} INFO - DAG(s) 'example_local_kubernetes_executor' retrieved from /home/airflow/.local/lib/python3.8/site-packages/airflow/example_dags/example_local_kubernetes_executor.py
[2025-01-23T12:35:59.383+0000] {logging_mixin.py:188} INFO - [2025-01-23T12:35:59.383+0000] {dag.py:3036} INFO - Sync 1 DAGs
[2025-01-23T12:35:59.398+0000] {logging_mixin.py:188} INFO - [2025-01-23T12:35:59.398+0000] {dag.py:3823} INFO - Setting next_dagrun for example_local_kubernetes_executor to None, run_after=None
[2025-01-23T12:35:59.426+0000] {processor.py:183} INFO - Processing /home/airflow/.local/lib/python3.8/site-packages/airflow/example_dags/example_local_kubernetes_executor.py took 0.104 seconds
[2025-01-23T12:36:29.841+0000] {processor.py:161} INFO - Started process (PID=524) to work on /home/airflow/.local/lib/python3.8/site-packages/airflow/example_dags/example_local_kubernetes_executor.py
[2025-01-23T12:36:29.842+0000] {processor.py:830} INFO - Processing file /home/airflow/.local/lib/python3.8/site-packages/airflow/example_dags/example_local_kubernetes_executor.py for tasks to queue
[2025-01-23T12:36:29.846+0000] {logging_mixin.py:188} INFO - [2025-01-23T12:36:29.845+0000] {dagbag.py:538} INFO - Filling up the DagBag from /home/airflow/.local/lib/python3.8/site-packages/airflow/example_dags/example_local_kubernetes_executor.py
[2025-01-23T12:36:29.855+0000] {processor.py:840} INFO - DAG(s) 'example_local_kubernetes_executor' retrieved from /home/airflow/.local/lib/python3.8/site-packages/airflow/example_dags/example_local_kubernetes_executor.py
[2025-01-23T12:36:29.899+0000] {logging_mixin.py:188} INFO - [2025-01-23T12:36:29.899+0000] {dag.py:3036} INFO - Sync 1 DAGs
[2025-01-23T12:36:29.914+0000] {logging_mixin.py:188} INFO - [2025-01-23T12:36:29.914+0000] {dag.py:3823} INFO - Setting next_dagrun for example_local_kubernetes_executor to None, run_after=None
[2025-01-23T12:36:29.940+0000] {processor.py:183} INFO - Processing /home/airflow/.local/lib/python3.8/site-packages/airflow/example_dags/example_local_kubernetes_executor.py took 0.104 seconds
[2025-01-23T12:37:00.513+0000] {processor.py:161} INFO - Started process (PID=580) to work on /home/airflow/.local/lib/python3.8/site-packages/airflow/example_dags/example_local_kubernetes_executor.py
[2025-01-23T12:37:00.515+0000] {processor.py:830} INFO - Processing file /home/airflow/.local/lib/python3.8/site-packages/airflow/example_dags/example_local_kubernetes_executor.py for tasks to queue
[2025-01-23T12:37:00.518+0000] {logging_mixin.py:188} INFO - [2025-01-23T12:37:00.518+0000] {dagbag.py:538} INFO - Filling up the DagBag from /home/airflow/.local/lib/python3.8/site-packages/airflow/example_dags/example_local_kubernetes_executor.py
[2025-01-23T12:37:00.533+0000] {processor.py:840} INFO - DAG(s) 'example_local_kubernetes_executor' retrieved from /home/airflow/.local/lib/python3.8/site-packages/airflow/example_dags/example_local_kubernetes_executor.py
[2025-01-23T12:37:00.593+0000] {logging_mixin.py:188} INFO - [2025-01-23T12:37:00.592+0000] {dag.py:3036} INFO - Sync 1 DAGs
[2025-01-23T12:37:00.611+0000] {logging_mixin.py:188} INFO - [2025-01-23T12:37:00.611+0000] {dag.py:3823} INFO - Setting next_dagrun for example_local_kubernetes_executor to None, run_after=None
[2025-01-23T12:37:00.641+0000] {processor.py:183} INFO - Processing /home/airflow/.local/lib/python3.8/site-packages/airflow/example_dags/example_local_kubernetes_executor.py took 0.133 seconds
[2025-01-23T12:37:31.196+0000] {processor.py:161} INFO - Started process (PID=636) to work on /home/airflow/.local/lib/python3.8/site-packages/airflow/example_dags/example_local_kubernetes_executor.py
[2025-01-23T12:37:31.198+0000] {processor.py:830} INFO - Processing file /home/airflow/.local/lib/python3.8/site-packages/airflow/example_dags/example_local_kubernetes_executor.py for tasks to queue
[2025-01-23T12:37:31.204+0000] {logging_mixin.py:188} INFO - [2025-01-23T12:37:31.201+0000] {dagbag.py:538} INFO - Filling up the DagBag from /home/airflow/.local/lib/python3.8/site-packages/airflow/example_dags/example_local_kubernetes_executor.py
[2025-01-23T12:37:31.221+0000] {processor.py:840} INFO - DAG(s) 'example_local_kubernetes_executor' retrieved from /home/airflow/.local/lib/python3.8/site-packages/airflow/example_dags/example_local_kubernetes_executor.py
[2025-01-23T12:37:31.308+0000] {logging_mixin.py:188} INFO - [2025-01-23T12:37:31.307+0000] {dag.py:3036} INFO - Sync 1 DAGs
[2025-01-23T12:37:31.333+0000] {logging_mixin.py:188} INFO - [2025-01-23T12:37:31.332+0000] {dag.py:3823} INFO - Setting next_dagrun for example_local_kubernetes_executor to None, run_after=None
[2025-01-23T12:37:31.369+0000] {processor.py:183} INFO - Processing /home/airflow/.local/lib/python3.8/site-packages/airflow/example_dags/example_local_kubernetes_executor.py took 0.181 seconds
[2025-01-23T12:38:01.922+0000] {processor.py:161} INFO - Started process (PID=692) to work on /home/airflow/.local/lib/python3.8/site-packages/airflow/example_dags/example_local_kubernetes_executor.py
[2025-01-23T12:38:01.924+0000] {processor.py:830} INFO - Processing file /home/airflow/.local/lib/python3.8/site-packages/airflow/example_dags/example_local_kubernetes_executor.py for tasks to queue
[2025-01-23T12:38:01.928+0000] {logging_mixin.py:188} INFO - [2025-01-23T12:38:01.928+0000] {dagbag.py:538} INFO - Filling up the DagBag from /home/airflow/.local/lib/python3.8/site-packages/airflow/example_dags/example_local_kubernetes_executor.py
[2025-01-23T12:38:01.950+0000] {processor.py:840} INFO - DAG(s) 'example_local_kubernetes_executor' retrieved from /home/airflow/.local/lib/python3.8/site-packages/airflow/example_dags/example_local_kubernetes_executor.py
[2025-01-23T12:38:02.059+0000] {logging_mixin.py:188} INFO - [2025-01-23T12:38:02.057+0000] {dag.py:3036} INFO - Sync 1 DAGs
[2025-01-23T12:38:02.110+0000] {logging_mixin.py:188} INFO - [2025-01-23T12:38:02.110+0000] {dag.py:3823} INFO - Setting next_dagrun for example_local_kubernetes_executor to None, run_after=None
[2025-01-23T12:38:02.157+0000] {processor.py:183} INFO - Processing /home/airflow/.local/lib/python3.8/site-packages/airflow/example_dags/example_local_kubernetes_executor.py took 0.241 seconds
