[2025-01-23T09:23:18.833+0000] {processor.py:161} INFO - Started process (PID=131) to work on /home/airflow/.local/lib/python3.8/site-packages/airflow/example_dags/example_branch_labels.py
[2025-01-23T09:23:18.837+0000] {processor.py:830} INFO - Processing file /home/airflow/.local/lib/python3.8/site-packages/airflow/example_dags/example_branch_labels.py for tasks to queue
[2025-01-23T09:23:18.842+0000] {logging_mixin.py:188} INFO - [2025-01-23T09:23:18.841+0000] {dagbag.py:538} INFO - Filling up the DagBag from /home/airflow/.local/lib/python3.8/site-packages/airflow/example_dags/example_branch_labels.py
[2025-01-23T09:23:18.867+0000] {processor.py:840} INFO - DAG(s) 'example_branch_labels' retrieved from /home/airflow/.local/lib/python3.8/site-packages/airflow/example_dags/example_branch_labels.py
[2025-01-23T09:23:19.255+0000] {logging_mixin.py:188} INFO - [2025-01-23T09:23:19.254+0000] {dag.py:3036} INFO - Sync 1 DAGs
[2025-01-23T09:23:19.328+0000] {logging_mixin.py:188} INFO - [2025-01-23T09:23:19.327+0000] {dag.py:3823} INFO - Setting next_dagrun for example_branch_labels to 2025-01-22 00:00:00+00:00, run_after=2025-01-23 00:00:00+00:00
[2025-01-23T09:23:19.382+0000] {processor.py:183} INFO - Processing /home/airflow/.local/lib/python3.8/site-packages/airflow/example_dags/example_branch_labels.py took 0.561 seconds
[2025-01-23T09:23:49.904+0000] {processor.py:161} INFO - Started process (PID=187) to work on /home/airflow/.local/lib/python3.8/site-packages/airflow/example_dags/example_branch_labels.py
[2025-01-23T09:23:49.908+0000] {processor.py:830} INFO - Processing file /home/airflow/.local/lib/python3.8/site-packages/airflow/example_dags/example_branch_labels.py for tasks to queue
[2025-01-23T09:23:49.913+0000] {logging_mixin.py:188} INFO - [2025-01-23T09:23:49.912+0000] {dagbag.py:538} INFO - Filling up the DagBag from /home/airflow/.local/lib/python3.8/site-packages/airflow/example_dags/example_branch_labels.py
[2025-01-23T09:23:49.939+0000] {processor.py:840} INFO - DAG(s) 'example_branch_labels' retrieved from /home/airflow/.local/lib/python3.8/site-packages/airflow/example_dags/example_branch_labels.py
[2025-01-23T09:23:50.010+0000] {logging_mixin.py:188} INFO - [2025-01-23T09:23:50.010+0000] {dag.py:3036} INFO - Sync 1 DAGs
[2025-01-23T09:23:50.107+0000] {logging_mixin.py:188} INFO - [2025-01-23T09:23:50.106+0000] {dag.py:3823} INFO - Setting next_dagrun for example_branch_labels to 2025-01-22 00:00:00+00:00, run_after=2025-01-23 00:00:00+00:00
[2025-01-23T09:23:50.183+0000] {processor.py:183} INFO - Processing /home/airflow/.local/lib/python3.8/site-packages/airflow/example_dags/example_branch_labels.py took 0.287 seconds
[2025-01-23T09:24:20.584+0000] {processor.py:161} INFO - Started process (PID=243) to work on /home/airflow/.local/lib/python3.8/site-packages/airflow/example_dags/example_branch_labels.py
[2025-01-23T09:24:20.586+0000] {processor.py:830} INFO - Processing file /home/airflow/.local/lib/python3.8/site-packages/airflow/example_dags/example_branch_labels.py for tasks to queue
[2025-01-23T09:24:20.589+0000] {logging_mixin.py:188} INFO - [2025-01-23T09:24:20.589+0000] {dagbag.py:538} INFO - Filling up the DagBag from /home/airflow/.local/lib/python3.8/site-packages/airflow/example_dags/example_branch_labels.py
[2025-01-23T09:24:20.607+0000] {processor.py:840} INFO - DAG(s) 'example_branch_labels' retrieved from /home/airflow/.local/lib/python3.8/site-packages/airflow/example_dags/example_branch_labels.py
[2025-01-23T09:24:20.647+0000] {logging_mixin.py:188} INFO - [2025-01-23T09:24:20.647+0000] {dag.py:3036} INFO - Sync 1 DAGs
[2025-01-23T09:24:20.697+0000] {logging_mixin.py:188} INFO - [2025-01-23T09:24:20.697+0000] {dag.py:3823} INFO - Setting next_dagrun for example_branch_labels to 2025-01-22 00:00:00+00:00, run_after=2025-01-23 00:00:00+00:00
[2025-01-23T09:24:20.732+0000] {processor.py:183} INFO - Processing /home/airflow/.local/lib/python3.8/site-packages/airflow/example_dags/example_branch_labels.py took 0.153 seconds
[2025-01-23T09:24:51.261+0000] {processor.py:161} INFO - Started process (PID=298) to work on /home/airflow/.local/lib/python3.8/site-packages/airflow/example_dags/example_branch_labels.py
[2025-01-23T09:24:51.264+0000] {processor.py:830} INFO - Processing file /home/airflow/.local/lib/python3.8/site-packages/airflow/example_dags/example_branch_labels.py for tasks to queue
[2025-01-23T09:24:51.269+0000] {logging_mixin.py:188} INFO - [2025-01-23T09:24:51.268+0000] {dagbag.py:538} INFO - Filling up the DagBag from /home/airflow/.local/lib/python3.8/site-packages/airflow/example_dags/example_branch_labels.py
[2025-01-23T09:24:51.296+0000] {processor.py:840} INFO - DAG(s) 'example_branch_labels' retrieved from /home/airflow/.local/lib/python3.8/site-packages/airflow/example_dags/example_branch_labels.py
[2025-01-23T09:24:51.355+0000] {logging_mixin.py:188} INFO - [2025-01-23T09:24:51.355+0000] {dag.py:3036} INFO - Sync 1 DAGs
[2025-01-23T09:24:51.471+0000] {logging_mixin.py:188} INFO - [2025-01-23T09:24:51.462+0000] {dag.py:3823} INFO - Setting next_dagrun for example_branch_labels to 2025-01-22 00:00:00+00:00, run_after=2025-01-23 00:00:00+00:00
[2025-01-23T09:24:51.594+0000] {processor.py:183} INFO - Processing /home/airflow/.local/lib/python3.8/site-packages/airflow/example_dags/example_branch_labels.py took 0.343 seconds
[2025-01-23T09:25:22.063+0000] {processor.py:161} INFO - Started process (PID=354) to work on /home/airflow/.local/lib/python3.8/site-packages/airflow/example_dags/example_branch_labels.py
[2025-01-23T09:25:22.067+0000] {processor.py:830} INFO - Processing file /home/airflow/.local/lib/python3.8/site-packages/airflow/example_dags/example_branch_labels.py for tasks to queue
[2025-01-23T09:25:22.078+0000] {logging_mixin.py:188} INFO - [2025-01-23T09:25:22.076+0000] {dagbag.py:538} INFO - Filling up the DagBag from /home/airflow/.local/lib/python3.8/site-packages/airflow/example_dags/example_branch_labels.py
[2025-01-23T09:25:22.133+0000] {processor.py:840} INFO - DAG(s) 'example_branch_labels' retrieved from /home/airflow/.local/lib/python3.8/site-packages/airflow/example_dags/example_branch_labels.py
[2025-01-23T09:25:22.209+0000] {logging_mixin.py:188} INFO - [2025-01-23T09:25:22.208+0000] {dag.py:3036} INFO - Sync 1 DAGs
[2025-01-23T09:25:22.301+0000] {logging_mixin.py:188} INFO - [2025-01-23T09:25:22.297+0000] {dag.py:3823} INFO - Setting next_dagrun for example_branch_labels to 2025-01-22 00:00:00+00:00, run_after=2025-01-23 00:00:00+00:00
[2025-01-23T09:25:22.358+0000] {processor.py:183} INFO - Processing /home/airflow/.local/lib/python3.8/site-packages/airflow/example_dags/example_branch_labels.py took 0.312 seconds
[2025-01-23T09:25:52.589+0000] {processor.py:161} INFO - Started process (PID=410) to work on /home/airflow/.local/lib/python3.8/site-packages/airflow/example_dags/example_branch_labels.py
[2025-01-23T09:25:52.592+0000] {processor.py:830} INFO - Processing file /home/airflow/.local/lib/python3.8/site-packages/airflow/example_dags/example_branch_labels.py for tasks to queue
[2025-01-23T09:25:52.595+0000] {logging_mixin.py:188} INFO - [2025-01-23T09:25:52.595+0000] {dagbag.py:538} INFO - Filling up the DagBag from /home/airflow/.local/lib/python3.8/site-packages/airflow/example_dags/example_branch_labels.py
[2025-01-23T09:25:52.617+0000] {processor.py:840} INFO - DAG(s) 'example_branch_labels' retrieved from /home/airflow/.local/lib/python3.8/site-packages/airflow/example_dags/example_branch_labels.py
[2025-01-23T09:25:52.655+0000] {logging_mixin.py:188} INFO - [2025-01-23T09:25:52.655+0000] {dag.py:3036} INFO - Sync 1 DAGs
[2025-01-23T09:25:52.702+0000] {logging_mixin.py:188} INFO - [2025-01-23T09:25:52.701+0000] {dag.py:3823} INFO - Setting next_dagrun for example_branch_labels to 2025-01-22 00:00:00+00:00, run_after=2025-01-23 00:00:00+00:00
[2025-01-23T09:25:52.736+0000] {processor.py:183} INFO - Processing /home/airflow/.local/lib/python3.8/site-packages/airflow/example_dags/example_branch_labels.py took 0.156 seconds
[2025-01-23T09:26:22.902+0000] {processor.py:161} INFO - Started process (PID=466) to work on /home/airflow/.local/lib/python3.8/site-packages/airflow/example_dags/example_branch_labels.py
[2025-01-23T09:26:22.904+0000] {processor.py:830} INFO - Processing file /home/airflow/.local/lib/python3.8/site-packages/airflow/example_dags/example_branch_labels.py for tasks to queue
[2025-01-23T09:26:22.907+0000] {logging_mixin.py:188} INFO - [2025-01-23T09:26:22.907+0000] {dagbag.py:538} INFO - Filling up the DagBag from /home/airflow/.local/lib/python3.8/site-packages/airflow/example_dags/example_branch_labels.py
[2025-01-23T09:26:22.926+0000] {processor.py:840} INFO - DAG(s) 'example_branch_labels' retrieved from /home/airflow/.local/lib/python3.8/site-packages/airflow/example_dags/example_branch_labels.py
[2025-01-23T09:26:22.965+0000] {logging_mixin.py:188} INFO - [2025-01-23T09:26:22.965+0000] {dag.py:3036} INFO - Sync 1 DAGs
[2025-01-23T09:26:23.009+0000] {logging_mixin.py:188} INFO - [2025-01-23T09:26:23.008+0000] {dag.py:3823} INFO - Setting next_dagrun for example_branch_labels to 2025-01-22 00:00:00+00:00, run_after=2025-01-23 00:00:00+00:00
[2025-01-23T09:26:23.043+0000] {processor.py:183} INFO - Processing /home/airflow/.local/lib/python3.8/site-packages/airflow/example_dags/example_branch_labels.py took 0.148 seconds
[2025-01-23T09:26:53.468+0000] {processor.py:161} INFO - Started process (PID=522) to work on /home/airflow/.local/lib/python3.8/site-packages/airflow/example_dags/example_branch_labels.py
[2025-01-23T09:26:53.470+0000] {processor.py:830} INFO - Processing file /home/airflow/.local/lib/python3.8/site-packages/airflow/example_dags/example_branch_labels.py for tasks to queue
[2025-01-23T09:26:53.474+0000] {logging_mixin.py:188} INFO - [2025-01-23T09:26:53.473+0000] {dagbag.py:538} INFO - Filling up the DagBag from /home/airflow/.local/lib/python3.8/site-packages/airflow/example_dags/example_branch_labels.py
[2025-01-23T09:26:53.490+0000] {processor.py:840} INFO - DAG(s) 'example_branch_labels' retrieved from /home/airflow/.local/lib/python3.8/site-packages/airflow/example_dags/example_branch_labels.py
[2025-01-23T09:26:53.535+0000] {logging_mixin.py:188} INFO - [2025-01-23T09:26:53.535+0000] {dag.py:3036} INFO - Sync 1 DAGs
[2025-01-23T09:26:53.588+0000] {logging_mixin.py:188} INFO - [2025-01-23T09:26:53.588+0000] {dag.py:3823} INFO - Setting next_dagrun for example_branch_labels to 2025-01-22 00:00:00+00:00, run_after=2025-01-23 00:00:00+00:00
[2025-01-23T09:26:53.621+0000] {processor.py:183} INFO - Processing /home/airflow/.local/lib/python3.8/site-packages/airflow/example_dags/example_branch_labels.py took 0.159 seconds
[2025-01-23T09:27:24.867+0000] {processor.py:161} INFO - Started process (PID=578) to work on /home/airflow/.local/lib/python3.8/site-packages/airflow/example_dags/example_branch_labels.py
[2025-01-23T09:27:24.870+0000] {processor.py:830} INFO - Processing file /home/airflow/.local/lib/python3.8/site-packages/airflow/example_dags/example_branch_labels.py for tasks to queue
[2025-01-23T09:27:24.876+0000] {logging_mixin.py:188} INFO - [2025-01-23T09:27:24.874+0000] {dagbag.py:538} INFO - Filling up the DagBag from /home/airflow/.local/lib/python3.8/site-packages/airflow/example_dags/example_branch_labels.py
[2025-01-23T09:27:24.899+0000] {processor.py:840} INFO - DAG(s) 'example_branch_labels' retrieved from /home/airflow/.local/lib/python3.8/site-packages/airflow/example_dags/example_branch_labels.py
[2025-01-23T09:27:24.989+0000] {logging_mixin.py:188} INFO - [2025-01-23T09:27:24.988+0000] {dag.py:3036} INFO - Sync 1 DAGs
[2025-01-23T09:27:25.077+0000] {logging_mixin.py:188} INFO - [2025-01-23T09:27:25.076+0000] {dag.py:3823} INFO - Setting next_dagrun for example_branch_labels to 2025-01-22 00:00:00+00:00, run_after=2025-01-23 00:00:00+00:00
[2025-01-23T09:27:25.141+0000] {processor.py:183} INFO - Processing /home/airflow/.local/lib/python3.8/site-packages/airflow/example_dags/example_branch_labels.py took 0.283 seconds
[2025-01-23T09:27:56.111+0000] {processor.py:161} INFO - Started process (PID=636) to work on /home/airflow/.local/lib/python3.8/site-packages/airflow/example_dags/example_branch_labels.py
[2025-01-23T09:27:56.114+0000] {processor.py:830} INFO - Processing file /home/airflow/.local/lib/python3.8/site-packages/airflow/example_dags/example_branch_labels.py for tasks to queue
[2025-01-23T09:27:56.118+0000] {logging_mixin.py:188} INFO - [2025-01-23T09:27:56.117+0000] {dagbag.py:538} INFO - Filling up the DagBag from /home/airflow/.local/lib/python3.8/site-packages/airflow/example_dags/example_branch_labels.py
[2025-01-23T09:27:56.137+0000] {processor.py:840} INFO - DAG(s) 'example_branch_labels' retrieved from /home/airflow/.local/lib/python3.8/site-packages/airflow/example_dags/example_branch_labels.py
[2025-01-23T09:27:56.177+0000] {logging_mixin.py:188} INFO - [2025-01-23T09:27:56.177+0000] {dag.py:3036} INFO - Sync 1 DAGs
[2025-01-23T09:27:56.223+0000] {logging_mixin.py:188} INFO - [2025-01-23T09:27:56.222+0000] {dag.py:3823} INFO - Setting next_dagrun for example_branch_labels to 2025-01-22 00:00:00+00:00, run_after=2025-01-23 00:00:00+00:00
[2025-01-23T09:27:56.258+0000] {processor.py:183} INFO - Processing /home/airflow/.local/lib/python3.8/site-packages/airflow/example_dags/example_branch_labels.py took 0.154 seconds
[2025-01-23T09:28:26.878+0000] {processor.py:161} INFO - Started process (PID=693) to work on /home/airflow/.local/lib/python3.8/site-packages/airflow/example_dags/example_branch_labels.py
[2025-01-23T09:28:26.888+0000] {processor.py:830} INFO - Processing file /home/airflow/.local/lib/python3.8/site-packages/airflow/example_dags/example_branch_labels.py for tasks to queue
[2025-01-23T09:28:26.894+0000] {logging_mixin.py:188} INFO - [2025-01-23T09:28:26.893+0000] {dagbag.py:538} INFO - Filling up the DagBag from /home/airflow/.local/lib/python3.8/site-packages/airflow/example_dags/example_branch_labels.py
[2025-01-23T09:28:26.924+0000] {processor.py:840} INFO - DAG(s) 'example_branch_labels' retrieved from /home/airflow/.local/lib/python3.8/site-packages/airflow/example_dags/example_branch_labels.py
[2025-01-23T09:28:26.991+0000] {logging_mixin.py:188} INFO - [2025-01-23T09:28:26.990+0000] {dag.py:3036} INFO - Sync 1 DAGs
[2025-01-23T09:28:27.042+0000] {logging_mixin.py:188} INFO - [2025-01-23T09:28:27.041+0000] {dag.py:3823} INFO - Setting next_dagrun for example_branch_labels to 2025-01-22 00:00:00+00:00, run_after=2025-01-23 00:00:00+00:00
[2025-01-23T09:28:27.083+0000] {processor.py:183} INFO - Processing /home/airflow/.local/lib/python3.8/site-packages/airflow/example_dags/example_branch_labels.py took 0.214 seconds
[2025-01-23T09:28:57.260+0000] {processor.py:161} INFO - Started process (PID=749) to work on /home/airflow/.local/lib/python3.8/site-packages/airflow/example_dags/example_branch_labels.py
[2025-01-23T09:28:57.262+0000] {processor.py:830} INFO - Processing file /home/airflow/.local/lib/python3.8/site-packages/airflow/example_dags/example_branch_labels.py for tasks to queue
[2025-01-23T09:28:57.266+0000] {logging_mixin.py:188} INFO - [2025-01-23T09:28:57.265+0000] {dagbag.py:538} INFO - Filling up the DagBag from /home/airflow/.local/lib/python3.8/site-packages/airflow/example_dags/example_branch_labels.py
[2025-01-23T09:28:57.281+0000] {processor.py:840} INFO - DAG(s) 'example_branch_labels' retrieved from /home/airflow/.local/lib/python3.8/site-packages/airflow/example_dags/example_branch_labels.py
[2025-01-23T09:28:57.322+0000] {logging_mixin.py:188} INFO - [2025-01-23T09:28:57.322+0000] {dag.py:3036} INFO - Sync 1 DAGs
[2025-01-23T09:28:57.373+0000] {logging_mixin.py:188} INFO - [2025-01-23T09:28:57.372+0000] {dag.py:3823} INFO - Setting next_dagrun for example_branch_labels to 2025-01-22 00:00:00+00:00, run_after=2025-01-23 00:00:00+00:00
[2025-01-23T09:28:57.412+0000] {processor.py:183} INFO - Processing /home/airflow/.local/lib/python3.8/site-packages/airflow/example_dags/example_branch_labels.py took 0.158 seconds
[2025-01-23T09:29:28.170+0000] {processor.py:161} INFO - Started process (PID=805) to work on /home/airflow/.local/lib/python3.8/site-packages/airflow/example_dags/example_branch_labels.py
[2025-01-23T09:29:28.178+0000] {processor.py:830} INFO - Processing file /home/airflow/.local/lib/python3.8/site-packages/airflow/example_dags/example_branch_labels.py for tasks to queue
[2025-01-23T09:29:28.183+0000] {logging_mixin.py:188} INFO - [2025-01-23T09:29:28.182+0000] {dagbag.py:538} INFO - Filling up the DagBag from /home/airflow/.local/lib/python3.8/site-packages/airflow/example_dags/example_branch_labels.py
[2025-01-23T09:29:28.204+0000] {processor.py:840} INFO - DAG(s) 'example_branch_labels' retrieved from /home/airflow/.local/lib/python3.8/site-packages/airflow/example_dags/example_branch_labels.py
[2025-01-23T09:29:28.250+0000] {logging_mixin.py:188} INFO - [2025-01-23T09:29:28.250+0000] {dag.py:3036} INFO - Sync 1 DAGs
[2025-01-23T09:29:28.316+0000] {logging_mixin.py:188} INFO - [2025-01-23T09:29:28.316+0000] {dag.py:3823} INFO - Setting next_dagrun for example_branch_labels to 2025-01-22 00:00:00+00:00, run_after=2025-01-23 00:00:00+00:00
[2025-01-23T09:29:28.373+0000] {processor.py:183} INFO - Processing /home/airflow/.local/lib/python3.8/site-packages/airflow/example_dags/example_branch_labels.py took 0.212 seconds
[2025-01-23T09:29:59.043+0000] {processor.py:161} INFO - Started process (PID=861) to work on /home/airflow/.local/lib/python3.8/site-packages/airflow/example_dags/example_branch_labels.py
[2025-01-23T09:29:59.046+0000] {processor.py:830} INFO - Processing file /home/airflow/.local/lib/python3.8/site-packages/airflow/example_dags/example_branch_labels.py for tasks to queue
[2025-01-23T09:29:59.050+0000] {logging_mixin.py:188} INFO - [2025-01-23T09:29:59.050+0000] {dagbag.py:538} INFO - Filling up the DagBag from /home/airflow/.local/lib/python3.8/site-packages/airflow/example_dags/example_branch_labels.py
[2025-01-23T09:29:59.075+0000] {processor.py:840} INFO - DAG(s) 'example_branch_labels' retrieved from /home/airflow/.local/lib/python3.8/site-packages/airflow/example_dags/example_branch_labels.py
[2025-01-23T09:29:59.125+0000] {logging_mixin.py:188} INFO - [2025-01-23T09:29:59.125+0000] {dag.py:3036} INFO - Sync 1 DAGs
[2025-01-23T09:29:59.202+0000] {logging_mixin.py:188} INFO - [2025-01-23T09:29:59.202+0000] {dag.py:3823} INFO - Setting next_dagrun for example_branch_labels to 2025-01-22 00:00:00+00:00, run_after=2025-01-23 00:00:00+00:00
[2025-01-23T09:29:59.247+0000] {processor.py:183} INFO - Processing /home/airflow/.local/lib/python3.8/site-packages/airflow/example_dags/example_branch_labels.py took 0.216 seconds
[2025-01-23T09:30:29.837+0000] {processor.py:161} INFO - Started process (PID=917) to work on /home/airflow/.local/lib/python3.8/site-packages/airflow/example_dags/example_branch_labels.py
[2025-01-23T09:30:29.843+0000] {processor.py:830} INFO - Processing file /home/airflow/.local/lib/python3.8/site-packages/airflow/example_dags/example_branch_labels.py for tasks to queue
[2025-01-23T09:30:29.848+0000] {logging_mixin.py:188} INFO - [2025-01-23T09:30:29.847+0000] {dagbag.py:538} INFO - Filling up the DagBag from /home/airflow/.local/lib/python3.8/site-packages/airflow/example_dags/example_branch_labels.py
[2025-01-23T09:30:29.886+0000] {processor.py:840} INFO - DAG(s) 'example_branch_labels' retrieved from /home/airflow/.local/lib/python3.8/site-packages/airflow/example_dags/example_branch_labels.py
[2025-01-23T09:30:29.992+0000] {logging_mixin.py:188} INFO - [2025-01-23T09:30:29.991+0000] {dag.py:3036} INFO - Sync 1 DAGs
[2025-01-23T09:30:30.139+0000] {logging_mixin.py:188} INFO - [2025-01-23T09:30:30.138+0000] {dag.py:3823} INFO - Setting next_dagrun for example_branch_labels to 2025-01-22 00:00:00+00:00, run_after=2025-01-23 00:00:00+00:00
[2025-01-23T09:30:30.219+0000] {processor.py:183} INFO - Processing /home/airflow/.local/lib/python3.8/site-packages/airflow/example_dags/example_branch_labels.py took 0.393 seconds
[2025-01-23T09:31:00.791+0000] {processor.py:161} INFO - Started process (PID=973) to work on /home/airflow/.local/lib/python3.8/site-packages/airflow/example_dags/example_branch_labels.py
[2025-01-23T09:31:00.794+0000] {processor.py:830} INFO - Processing file /home/airflow/.local/lib/python3.8/site-packages/airflow/example_dags/example_branch_labels.py for tasks to queue
[2025-01-23T09:31:00.797+0000] {logging_mixin.py:188} INFO - [2025-01-23T09:31:00.796+0000] {dagbag.py:538} INFO - Filling up the DagBag from /home/airflow/.local/lib/python3.8/site-packages/airflow/example_dags/example_branch_labels.py
[2025-01-23T09:31:00.815+0000] {processor.py:840} INFO - DAG(s) 'example_branch_labels' retrieved from /home/airflow/.local/lib/python3.8/site-packages/airflow/example_dags/example_branch_labels.py
[2025-01-23T09:31:00.859+0000] {logging_mixin.py:188} INFO - [2025-01-23T09:31:00.858+0000] {dag.py:3036} INFO - Sync 1 DAGs
[2025-01-23T09:31:00.918+0000] {logging_mixin.py:188} INFO - [2025-01-23T09:31:00.917+0000] {dag.py:3823} INFO - Setting next_dagrun for example_branch_labels to 2025-01-22 00:00:00+00:00, run_after=2025-01-23 00:00:00+00:00
[2025-01-23T09:31:00.958+0000] {processor.py:183} INFO - Processing /home/airflow/.local/lib/python3.8/site-packages/airflow/example_dags/example_branch_labels.py took 0.174 seconds
[2025-01-23T09:31:31.160+0000] {processor.py:161} INFO - Started process (PID=1029) to work on /home/airflow/.local/lib/python3.8/site-packages/airflow/example_dags/example_branch_labels.py
[2025-01-23T09:31:31.162+0000] {processor.py:830} INFO - Processing file /home/airflow/.local/lib/python3.8/site-packages/airflow/example_dags/example_branch_labels.py for tasks to queue
[2025-01-23T09:31:31.164+0000] {logging_mixin.py:188} INFO - [2025-01-23T09:31:31.163+0000] {dagbag.py:538} INFO - Filling up the DagBag from /home/airflow/.local/lib/python3.8/site-packages/airflow/example_dags/example_branch_labels.py
[2025-01-23T09:31:31.179+0000] {processor.py:840} INFO - DAG(s) 'example_branch_labels' retrieved from /home/airflow/.local/lib/python3.8/site-packages/airflow/example_dags/example_branch_labels.py
[2025-01-23T09:31:31.224+0000] {logging_mixin.py:188} INFO - [2025-01-23T09:31:31.223+0000] {dag.py:3036} INFO - Sync 1 DAGs
[2025-01-23T09:31:31.275+0000] {logging_mixin.py:188} INFO - [2025-01-23T09:31:31.274+0000] {dag.py:3823} INFO - Setting next_dagrun for example_branch_labels to 2025-01-22 00:00:00+00:00, run_after=2025-01-23 00:00:00+00:00
[2025-01-23T09:31:31.314+0000] {processor.py:183} INFO - Processing /home/airflow/.local/lib/python3.8/site-packages/airflow/example_dags/example_branch_labels.py took 0.160 seconds
[2025-01-23T09:32:01.501+0000] {processor.py:161} INFO - Started process (PID=1085) to work on /home/airflow/.local/lib/python3.8/site-packages/airflow/example_dags/example_branch_labels.py
[2025-01-23T09:32:01.503+0000] {processor.py:830} INFO - Processing file /home/airflow/.local/lib/python3.8/site-packages/airflow/example_dags/example_branch_labels.py for tasks to queue
[2025-01-23T09:32:01.505+0000] {logging_mixin.py:188} INFO - [2025-01-23T09:32:01.504+0000] {dagbag.py:538} INFO - Filling up the DagBag from /home/airflow/.local/lib/python3.8/site-packages/airflow/example_dags/example_branch_labels.py
[2025-01-23T09:32:01.521+0000] {processor.py:840} INFO - DAG(s) 'example_branch_labels' retrieved from /home/airflow/.local/lib/python3.8/site-packages/airflow/example_dags/example_branch_labels.py
[2025-01-23T09:32:01.566+0000] {logging_mixin.py:188} INFO - [2025-01-23T09:32:01.565+0000] {dag.py:3036} INFO - Sync 1 DAGs
[2025-01-23T09:32:01.614+0000] {logging_mixin.py:188} INFO - [2025-01-23T09:32:01.613+0000] {dag.py:3823} INFO - Setting next_dagrun for example_branch_labels to 2025-01-22 00:00:00+00:00, run_after=2025-01-23 00:00:00+00:00
[2025-01-23T09:32:01.659+0000] {processor.py:183} INFO - Processing /home/airflow/.local/lib/python3.8/site-packages/airflow/example_dags/example_branch_labels.py took 0.164 seconds
[2025-01-23T09:32:33.245+0000] {processor.py:161} INFO - Started process (PID=1149) to work on /home/airflow/.local/lib/python3.8/site-packages/airflow/example_dags/example_branch_labels.py
[2025-01-23T09:32:33.253+0000] {processor.py:830} INFO - Processing file /home/airflow/.local/lib/python3.8/site-packages/airflow/example_dags/example_branch_labels.py for tasks to queue
[2025-01-23T09:32:33.262+0000] {logging_mixin.py:188} INFO - [2025-01-23T09:32:33.261+0000] {dagbag.py:538} INFO - Filling up the DagBag from /home/airflow/.local/lib/python3.8/site-packages/airflow/example_dags/example_branch_labels.py
[2025-01-23T09:32:33.324+0000] {processor.py:840} INFO - DAG(s) 'example_branch_labels' retrieved from /home/airflow/.local/lib/python3.8/site-packages/airflow/example_dags/example_branch_labels.py
[2025-01-23T09:32:33.455+0000] {logging_mixin.py:188} INFO - [2025-01-23T09:32:33.454+0000] {dag.py:3036} INFO - Sync 1 DAGs
[2025-01-23T09:32:33.552+0000] {logging_mixin.py:188} INFO - [2025-01-23T09:32:33.551+0000] {dag.py:3823} INFO - Setting next_dagrun for example_branch_labels to 2025-01-22 00:00:00+00:00, run_after=2025-01-23 00:00:00+00:00
[2025-01-23T09:32:33.657+0000] {processor.py:183} INFO - Processing /home/airflow/.local/lib/python3.8/site-packages/airflow/example_dags/example_branch_labels.py took 0.436 seconds
[2025-01-23T09:33:03.763+0000] {processor.py:161} INFO - Started process (PID=1205) to work on /home/airflow/.local/lib/python3.8/site-packages/airflow/example_dags/example_branch_labels.py
[2025-01-23T09:33:03.765+0000] {processor.py:830} INFO - Processing file /home/airflow/.local/lib/python3.8/site-packages/airflow/example_dags/example_branch_labels.py for tasks to queue
[2025-01-23T09:33:03.767+0000] {logging_mixin.py:188} INFO - [2025-01-23T09:33:03.767+0000] {dagbag.py:538} INFO - Filling up the DagBag from /home/airflow/.local/lib/python3.8/site-packages/airflow/example_dags/example_branch_labels.py
[2025-01-23T09:33:03.786+0000] {processor.py:840} INFO - DAG(s) 'example_branch_labels' retrieved from /home/airflow/.local/lib/python3.8/site-packages/airflow/example_dags/example_branch_labels.py
[2025-01-23T09:33:03.841+0000] {logging_mixin.py:188} INFO - [2025-01-23T09:33:03.841+0000] {dag.py:3036} INFO - Sync 1 DAGs
[2025-01-23T09:33:03.914+0000] {logging_mixin.py:188} INFO - [2025-01-23T09:33:03.913+0000] {dag.py:3823} INFO - Setting next_dagrun for example_branch_labels to 2025-01-22 00:00:00+00:00, run_after=2025-01-23 00:00:00+00:00
[2025-01-23T09:33:03.962+0000] {processor.py:183} INFO - Processing /home/airflow/.local/lib/python3.8/site-packages/airflow/example_dags/example_branch_labels.py took 0.206 seconds
[2025-01-23T09:33:34.520+0000] {processor.py:161} INFO - Started process (PID=1261) to work on /home/airflow/.local/lib/python3.8/site-packages/airflow/example_dags/example_branch_labels.py
[2025-01-23T09:33:34.531+0000] {processor.py:830} INFO - Processing file /home/airflow/.local/lib/python3.8/site-packages/airflow/example_dags/example_branch_labels.py for tasks to queue
[2025-01-23T09:33:34.536+0000] {logging_mixin.py:188} INFO - [2025-01-23T09:33:34.535+0000] {dagbag.py:538} INFO - Filling up the DagBag from /home/airflow/.local/lib/python3.8/site-packages/airflow/example_dags/example_branch_labels.py
[2025-01-23T09:33:34.574+0000] {processor.py:840} INFO - DAG(s) 'example_branch_labels' retrieved from /home/airflow/.local/lib/python3.8/site-packages/airflow/example_dags/example_branch_labels.py
[2025-01-23T09:33:34.656+0000] {logging_mixin.py:188} INFO - [2025-01-23T09:33:34.655+0000] {dag.py:3036} INFO - Sync 1 DAGs
[2025-01-23T09:33:34.730+0000] {logging_mixin.py:188} INFO - [2025-01-23T09:33:34.730+0000] {dag.py:3823} INFO - Setting next_dagrun for example_branch_labels to 2025-01-22 00:00:00+00:00, run_after=2025-01-23 00:00:00+00:00
[2025-01-23T09:33:34.775+0000] {processor.py:183} INFO - Processing /home/airflow/.local/lib/python3.8/site-packages/airflow/example_dags/example_branch_labels.py took 0.275 seconds
[2025-01-23T09:34:05.138+0000] {processor.py:161} INFO - Started process (PID=1316) to work on /home/airflow/.local/lib/python3.8/site-packages/airflow/example_dags/example_branch_labels.py
[2025-01-23T09:34:05.141+0000] {processor.py:830} INFO - Processing file /home/airflow/.local/lib/python3.8/site-packages/airflow/example_dags/example_branch_labels.py for tasks to queue
[2025-01-23T09:34:05.143+0000] {logging_mixin.py:188} INFO - [2025-01-23T09:34:05.142+0000] {dagbag.py:538} INFO - Filling up the DagBag from /home/airflow/.local/lib/python3.8/site-packages/airflow/example_dags/example_branch_labels.py
[2025-01-23T09:34:05.163+0000] {processor.py:840} INFO - DAG(s) 'example_branch_labels' retrieved from /home/airflow/.local/lib/python3.8/site-packages/airflow/example_dags/example_branch_labels.py
[2025-01-23T09:34:05.259+0000] {logging_mixin.py:188} INFO - [2025-01-23T09:34:05.258+0000] {dag.py:3036} INFO - Sync 1 DAGs
[2025-01-23T09:34:05.379+0000] {logging_mixin.py:188} INFO - [2025-01-23T09:34:05.378+0000] {dag.py:3823} INFO - Setting next_dagrun for example_branch_labels to 2025-01-22 00:00:00+00:00, run_after=2025-01-23 00:00:00+00:00
[2025-01-23T09:34:05.451+0000] {processor.py:183} INFO - Processing /home/airflow/.local/lib/python3.8/site-packages/airflow/example_dags/example_branch_labels.py took 0.323 seconds
[2025-01-23T09:34:36.034+0000] {processor.py:161} INFO - Started process (PID=1372) to work on /home/airflow/.local/lib/python3.8/site-packages/airflow/example_dags/example_branch_labels.py
[2025-01-23T09:34:36.037+0000] {processor.py:830} INFO - Processing file /home/airflow/.local/lib/python3.8/site-packages/airflow/example_dags/example_branch_labels.py for tasks to queue
[2025-01-23T09:34:36.039+0000] {logging_mixin.py:188} INFO - [2025-01-23T09:34:36.038+0000] {dagbag.py:538} INFO - Filling up the DagBag from /home/airflow/.local/lib/python3.8/site-packages/airflow/example_dags/example_branch_labels.py
[2025-01-23T09:34:36.056+0000] {processor.py:840} INFO - DAG(s) 'example_branch_labels' retrieved from /home/airflow/.local/lib/python3.8/site-packages/airflow/example_dags/example_branch_labels.py
[2025-01-23T09:34:36.118+0000] {logging_mixin.py:188} INFO - [2025-01-23T09:34:36.117+0000] {dag.py:3036} INFO - Sync 1 DAGs
[2025-01-23T09:34:36.193+0000] {logging_mixin.py:188} INFO - [2025-01-23T09:34:36.192+0000] {dag.py:3823} INFO - Setting next_dagrun for example_branch_labels to 2025-01-22 00:00:00+00:00, run_after=2025-01-23 00:00:00+00:00
[2025-01-23T09:34:36.238+0000] {processor.py:183} INFO - Processing /home/airflow/.local/lib/python3.8/site-packages/airflow/example_dags/example_branch_labels.py took 0.211 seconds
[2025-01-23T09:35:06.630+0000] {processor.py:161} INFO - Started process (PID=1429) to work on /home/airflow/.local/lib/python3.8/site-packages/airflow/example_dags/example_branch_labels.py
[2025-01-23T09:35:06.635+0000] {processor.py:830} INFO - Processing file /home/airflow/.local/lib/python3.8/site-packages/airflow/example_dags/example_branch_labels.py for tasks to queue
[2025-01-23T09:35:06.638+0000] {logging_mixin.py:188} INFO - [2025-01-23T09:35:06.637+0000] {dagbag.py:538} INFO - Filling up the DagBag from /home/airflow/.local/lib/python3.8/site-packages/airflow/example_dags/example_branch_labels.py
[2025-01-23T09:35:06.661+0000] {processor.py:840} INFO - DAG(s) 'example_branch_labels' retrieved from /home/airflow/.local/lib/python3.8/site-packages/airflow/example_dags/example_branch_labels.py
[2025-01-23T09:35:06.710+0000] {logging_mixin.py:188} INFO - [2025-01-23T09:35:06.709+0000] {dag.py:3036} INFO - Sync 1 DAGs
[2025-01-23T09:35:06.760+0000] {logging_mixin.py:188} INFO - [2025-01-23T09:35:06.760+0000] {dag.py:3823} INFO - Setting next_dagrun for example_branch_labels to 2025-01-22 00:00:00+00:00, run_after=2025-01-23 00:00:00+00:00
[2025-01-23T09:35:06.801+0000] {processor.py:183} INFO - Processing /home/airflow/.local/lib/python3.8/site-packages/airflow/example_dags/example_branch_labels.py took 0.182 seconds
[2025-01-23T09:35:37.452+0000] {processor.py:161} INFO - Started process (PID=1485) to work on /home/airflow/.local/lib/python3.8/site-packages/airflow/example_dags/example_branch_labels.py
[2025-01-23T09:35:37.459+0000] {processor.py:830} INFO - Processing file /home/airflow/.local/lib/python3.8/site-packages/airflow/example_dags/example_branch_labels.py for tasks to queue
[2025-01-23T09:35:37.471+0000] {logging_mixin.py:188} INFO - [2025-01-23T09:35:37.470+0000] {dagbag.py:538} INFO - Filling up the DagBag from /home/airflow/.local/lib/python3.8/site-packages/airflow/example_dags/example_branch_labels.py
[2025-01-23T09:35:37.513+0000] {processor.py:840} INFO - DAG(s) 'example_branch_labels' retrieved from /home/airflow/.local/lib/python3.8/site-packages/airflow/example_dags/example_branch_labels.py
[2025-01-23T09:35:37.602+0000] {logging_mixin.py:188} INFO - [2025-01-23T09:35:37.602+0000] {dag.py:3036} INFO - Sync 1 DAGs
[2025-01-23T09:35:37.705+0000] {logging_mixin.py:188} INFO - [2025-01-23T09:35:37.704+0000] {dag.py:3823} INFO - Setting next_dagrun for example_branch_labels to 2025-01-22 00:00:00+00:00, run_after=2025-01-23 00:00:00+00:00
[2025-01-23T09:35:37.798+0000] {processor.py:183} INFO - Processing /home/airflow/.local/lib/python3.8/site-packages/airflow/example_dags/example_branch_labels.py took 0.375 seconds
[2025-01-23T09:36:08.059+0000] {processor.py:161} INFO - Started process (PID=1541) to work on /home/airflow/.local/lib/python3.8/site-packages/airflow/example_dags/example_branch_labels.py
[2025-01-23T09:36:08.062+0000] {processor.py:830} INFO - Processing file /home/airflow/.local/lib/python3.8/site-packages/airflow/example_dags/example_branch_labels.py for tasks to queue
[2025-01-23T09:36:08.063+0000] {logging_mixin.py:188} INFO - [2025-01-23T09:36:08.063+0000] {dagbag.py:538} INFO - Filling up the DagBag from /home/airflow/.local/lib/python3.8/site-packages/airflow/example_dags/example_branch_labels.py
[2025-01-23T09:36:08.087+0000] {processor.py:840} INFO - DAG(s) 'example_branch_labels' retrieved from /home/airflow/.local/lib/python3.8/site-packages/airflow/example_dags/example_branch_labels.py
[2025-01-23T09:36:08.168+0000] {logging_mixin.py:188} INFO - [2025-01-23T09:36:08.167+0000] {dag.py:3036} INFO - Sync 1 DAGs
[2025-01-23T09:36:08.231+0000] {logging_mixin.py:188} INFO - [2025-01-23T09:36:08.231+0000] {dag.py:3823} INFO - Setting next_dagrun for example_branch_labels to 2025-01-22 00:00:00+00:00, run_after=2025-01-23 00:00:00+00:00
[2025-01-23T09:36:08.292+0000] {processor.py:183} INFO - Processing /home/airflow/.local/lib/python3.8/site-packages/airflow/example_dags/example_branch_labels.py took 0.242 seconds
[2025-01-23T09:36:38.906+0000] {processor.py:161} INFO - Started process (PID=1597) to work on /home/airflow/.local/lib/python3.8/site-packages/airflow/example_dags/example_branch_labels.py
[2025-01-23T09:36:38.908+0000] {processor.py:830} INFO - Processing file /home/airflow/.local/lib/python3.8/site-packages/airflow/example_dags/example_branch_labels.py for tasks to queue
[2025-01-23T09:36:38.911+0000] {logging_mixin.py:188} INFO - [2025-01-23T09:36:38.910+0000] {dagbag.py:538} INFO - Filling up the DagBag from /home/airflow/.local/lib/python3.8/site-packages/airflow/example_dags/example_branch_labels.py
[2025-01-23T09:36:38.926+0000] {processor.py:840} INFO - DAG(s) 'example_branch_labels' retrieved from /home/airflow/.local/lib/python3.8/site-packages/airflow/example_dags/example_branch_labels.py
[2025-01-23T09:36:38.970+0000] {logging_mixin.py:188} INFO - [2025-01-23T09:36:38.969+0000] {dag.py:3036} INFO - Sync 1 DAGs
[2025-01-23T09:36:39.013+0000] {logging_mixin.py:188} INFO - [2025-01-23T09:36:39.013+0000] {dag.py:3823} INFO - Setting next_dagrun for example_branch_labels to 2025-01-22 00:00:00+00:00, run_after=2025-01-23 00:00:00+00:00
[2025-01-23T09:36:39.049+0000] {processor.py:183} INFO - Processing /home/airflow/.local/lib/python3.8/site-packages/airflow/example_dags/example_branch_labels.py took 0.150 seconds
[2025-01-23T09:37:09.474+0000] {processor.py:161} INFO - Started process (PID=1653) to work on /home/airflow/.local/lib/python3.8/site-packages/airflow/example_dags/example_branch_labels.py
[2025-01-23T09:37:09.479+0000] {processor.py:830} INFO - Processing file /home/airflow/.local/lib/python3.8/site-packages/airflow/example_dags/example_branch_labels.py for tasks to queue
[2025-01-23T09:37:09.483+0000] {logging_mixin.py:188} INFO - [2025-01-23T09:37:09.482+0000] {dagbag.py:538} INFO - Filling up the DagBag from /home/airflow/.local/lib/python3.8/site-packages/airflow/example_dags/example_branch_labels.py
[2025-01-23T09:37:09.514+0000] {processor.py:840} INFO - DAG(s) 'example_branch_labels' retrieved from /home/airflow/.local/lib/python3.8/site-packages/airflow/example_dags/example_branch_labels.py
[2025-01-23T09:37:09.586+0000] {logging_mixin.py:188} INFO - [2025-01-23T09:37:09.585+0000] {dag.py:3036} INFO - Sync 1 DAGs
[2025-01-23T09:37:09.649+0000] {logging_mixin.py:188} INFO - [2025-01-23T09:37:09.648+0000] {dag.py:3823} INFO - Setting next_dagrun for example_branch_labels to 2025-01-22 00:00:00+00:00, run_after=2025-01-23 00:00:00+00:00
[2025-01-23T09:37:09.696+0000] {processor.py:183} INFO - Processing /home/airflow/.local/lib/python3.8/site-packages/airflow/example_dags/example_branch_labels.py took 0.236 seconds
[2025-01-23T09:37:40.603+0000] {processor.py:161} INFO - Started process (PID=1709) to work on /home/airflow/.local/lib/python3.8/site-packages/airflow/example_dags/example_branch_labels.py
[2025-01-23T09:37:40.608+0000] {processor.py:830} INFO - Processing file /home/airflow/.local/lib/python3.8/site-packages/airflow/example_dags/example_branch_labels.py for tasks to queue
[2025-01-23T09:37:40.617+0000] {logging_mixin.py:188} INFO - [2025-01-23T09:37:40.610+0000] {dagbag.py:538} INFO - Filling up the DagBag from /home/airflow/.local/lib/python3.8/site-packages/airflow/example_dags/example_branch_labels.py
[2025-01-23T09:37:40.650+0000] {processor.py:840} INFO - DAG(s) 'example_branch_labels' retrieved from /home/airflow/.local/lib/python3.8/site-packages/airflow/example_dags/example_branch_labels.py
[2025-01-23T09:37:40.756+0000] {logging_mixin.py:188} INFO - [2025-01-23T09:37:40.756+0000] {dag.py:3036} INFO - Sync 1 DAGs
[2025-01-23T09:37:40.844+0000] {logging_mixin.py:188} INFO - [2025-01-23T09:37:40.844+0000] {dag.py:3823} INFO - Setting next_dagrun for example_branch_labels to 2025-01-22 00:00:00+00:00, run_after=2025-01-23 00:00:00+00:00
[2025-01-23T09:37:40.902+0000] {processor.py:183} INFO - Processing /home/airflow/.local/lib/python3.8/site-packages/airflow/example_dags/example_branch_labels.py took 0.319 seconds
[2025-01-23T09:38:11.173+0000] {processor.py:161} INFO - Started process (PID=1764) to work on /home/airflow/.local/lib/python3.8/site-packages/airflow/example_dags/example_branch_labels.py
[2025-01-23T09:38:11.175+0000] {processor.py:830} INFO - Processing file /home/airflow/.local/lib/python3.8/site-packages/airflow/example_dags/example_branch_labels.py for tasks to queue
[2025-01-23T09:38:11.178+0000] {logging_mixin.py:188} INFO - [2025-01-23T09:38:11.177+0000] {dagbag.py:538} INFO - Filling up the DagBag from /home/airflow/.local/lib/python3.8/site-packages/airflow/example_dags/example_branch_labels.py
[2025-01-23T09:38:11.198+0000] {processor.py:840} INFO - DAG(s) 'example_branch_labels' retrieved from /home/airflow/.local/lib/python3.8/site-packages/airflow/example_dags/example_branch_labels.py
[2025-01-23T09:38:11.244+0000] {logging_mixin.py:188} INFO - [2025-01-23T09:38:11.243+0000] {dag.py:3036} INFO - Sync 1 DAGs
[2025-01-23T09:38:11.302+0000] {logging_mixin.py:188} INFO - [2025-01-23T09:38:11.300+0000] {dag.py:3823} INFO - Setting next_dagrun for example_branch_labels to 2025-01-22 00:00:00+00:00, run_after=2025-01-23 00:00:00+00:00
[2025-01-23T09:38:11.343+0000] {processor.py:183} INFO - Processing /home/airflow/.local/lib/python3.8/site-packages/airflow/example_dags/example_branch_labels.py took 0.179 seconds
[2025-01-23T09:38:41.509+0000] {processor.py:161} INFO - Started process (PID=1820) to work on /home/airflow/.local/lib/python3.8/site-packages/airflow/example_dags/example_branch_labels.py
[2025-01-23T09:38:41.513+0000] {processor.py:830} INFO - Processing file /home/airflow/.local/lib/python3.8/site-packages/airflow/example_dags/example_branch_labels.py for tasks to queue
[2025-01-23T09:38:41.525+0000] {logging_mixin.py:188} INFO - [2025-01-23T09:38:41.524+0000] {dagbag.py:538} INFO - Filling up the DagBag from /home/airflow/.local/lib/python3.8/site-packages/airflow/example_dags/example_branch_labels.py
[2025-01-23T09:38:41.590+0000] {processor.py:840} INFO - DAG(s) 'example_branch_labels' retrieved from /home/airflow/.local/lib/python3.8/site-packages/airflow/example_dags/example_branch_labels.py
[2025-01-23T09:38:41.712+0000] {logging_mixin.py:188} INFO - [2025-01-23T09:38:41.711+0000] {dag.py:3036} INFO - Sync 1 DAGs
[2025-01-23T09:38:41.792+0000] {logging_mixin.py:188} INFO - [2025-01-23T09:38:41.792+0000] {dag.py:3823} INFO - Setting next_dagrun for example_branch_labels to 2025-01-22 00:00:00+00:00, run_after=2025-01-23 00:00:00+00:00
[2025-01-23T09:38:41.831+0000] {processor.py:183} INFO - Processing /home/airflow/.local/lib/python3.8/site-packages/airflow/example_dags/example_branch_labels.py took 0.345 seconds
[2025-01-23T09:39:12.323+0000] {processor.py:161} INFO - Started process (PID=1876) to work on /home/airflow/.local/lib/python3.8/site-packages/airflow/example_dags/example_branch_labels.py
[2025-01-23T09:39:12.330+0000] {processor.py:830} INFO - Processing file /home/airflow/.local/lib/python3.8/site-packages/airflow/example_dags/example_branch_labels.py for tasks to queue
[2025-01-23T09:39:12.336+0000] {logging_mixin.py:188} INFO - [2025-01-23T09:39:12.335+0000] {dagbag.py:538} INFO - Filling up the DagBag from /home/airflow/.local/lib/python3.8/site-packages/airflow/example_dags/example_branch_labels.py
[2025-01-23T09:39:12.375+0000] {processor.py:840} INFO - DAG(s) 'example_branch_labels' retrieved from /home/airflow/.local/lib/python3.8/site-packages/airflow/example_dags/example_branch_labels.py
[2025-01-23T09:39:12.478+0000] {logging_mixin.py:188} INFO - [2025-01-23T09:39:12.477+0000] {dag.py:3036} INFO - Sync 1 DAGs
[2025-01-23T09:39:12.560+0000] {logging_mixin.py:188} INFO - [2025-01-23T09:39:12.560+0000] {dag.py:3823} INFO - Setting next_dagrun for example_branch_labels to 2025-01-22 00:00:00+00:00, run_after=2025-01-23 00:00:00+00:00
[2025-01-23T09:39:12.657+0000] {processor.py:183} INFO - Processing /home/airflow/.local/lib/python3.8/site-packages/airflow/example_dags/example_branch_labels.py took 0.353 seconds
[2025-01-23T09:39:42.743+0000] {processor.py:161} INFO - Started process (PID=1932) to work on /home/airflow/.local/lib/python3.8/site-packages/airflow/example_dags/example_branch_labels.py
[2025-01-23T09:39:42.745+0000] {processor.py:830} INFO - Processing file /home/airflow/.local/lib/python3.8/site-packages/airflow/example_dags/example_branch_labels.py for tasks to queue
[2025-01-23T09:39:42.747+0000] {logging_mixin.py:188} INFO - [2025-01-23T09:39:42.747+0000] {dagbag.py:538} INFO - Filling up the DagBag from /home/airflow/.local/lib/python3.8/site-packages/airflow/example_dags/example_branch_labels.py
[2025-01-23T09:39:42.766+0000] {processor.py:840} INFO - DAG(s) 'example_branch_labels' retrieved from /home/airflow/.local/lib/python3.8/site-packages/airflow/example_dags/example_branch_labels.py
[2025-01-23T09:39:42.819+0000] {logging_mixin.py:188} INFO - [2025-01-23T09:39:42.819+0000] {dag.py:3036} INFO - Sync 1 DAGs
[2025-01-23T09:39:42.872+0000] {logging_mixin.py:188} INFO - [2025-01-23T09:39:42.871+0000] {dag.py:3823} INFO - Setting next_dagrun for example_branch_labels to 2025-01-22 00:00:00+00:00, run_after=2025-01-23 00:00:00+00:00
[2025-01-23T09:39:42.912+0000] {processor.py:183} INFO - Processing /home/airflow/.local/lib/python3.8/site-packages/airflow/example_dags/example_branch_labels.py took 0.176 seconds
[2025-01-23T09:40:13.466+0000] {processor.py:161} INFO - Started process (PID=1990) to work on /home/airflow/.local/lib/python3.8/site-packages/airflow/example_dags/example_branch_labels.py
[2025-01-23T09:40:13.468+0000] {processor.py:830} INFO - Processing file /home/airflow/.local/lib/python3.8/site-packages/airflow/example_dags/example_branch_labels.py for tasks to queue
[2025-01-23T09:40:13.470+0000] {logging_mixin.py:188} INFO - [2025-01-23T09:40:13.470+0000] {dagbag.py:538} INFO - Filling up the DagBag from /home/airflow/.local/lib/python3.8/site-packages/airflow/example_dags/example_branch_labels.py
[2025-01-23T09:40:13.488+0000] {processor.py:840} INFO - DAG(s) 'example_branch_labels' retrieved from /home/airflow/.local/lib/python3.8/site-packages/airflow/example_dags/example_branch_labels.py
[2025-01-23T09:40:13.532+0000] {logging_mixin.py:188} INFO - [2025-01-23T09:40:13.532+0000] {dag.py:3036} INFO - Sync 1 DAGs
[2025-01-23T09:40:13.576+0000] {logging_mixin.py:188} INFO - [2025-01-23T09:40:13.576+0000] {dag.py:3823} INFO - Setting next_dagrun for example_branch_labels to 2025-01-22 00:00:00+00:00, run_after=2025-01-23 00:00:00+00:00
[2025-01-23T09:40:13.615+0000] {processor.py:183} INFO - Processing /home/airflow/.local/lib/python3.8/site-packages/airflow/example_dags/example_branch_labels.py took 0.157 seconds
[2025-01-23T09:40:43.752+0000] {processor.py:161} INFO - Started process (PID=2046) to work on /home/airflow/.local/lib/python3.8/site-packages/airflow/example_dags/example_branch_labels.py
[2025-01-23T09:40:43.755+0000] {processor.py:830} INFO - Processing file /home/airflow/.local/lib/python3.8/site-packages/airflow/example_dags/example_branch_labels.py for tasks to queue
[2025-01-23T09:40:43.758+0000] {logging_mixin.py:188} INFO - [2025-01-23T09:40:43.757+0000] {dagbag.py:538} INFO - Filling up the DagBag from /home/airflow/.local/lib/python3.8/site-packages/airflow/example_dags/example_branch_labels.py
[2025-01-23T09:40:43.784+0000] {processor.py:840} INFO - DAG(s) 'example_branch_labels' retrieved from /home/airflow/.local/lib/python3.8/site-packages/airflow/example_dags/example_branch_labels.py
[2025-01-23T09:40:43.840+0000] {logging_mixin.py:188} INFO - [2025-01-23T09:40:43.840+0000] {dag.py:3036} INFO - Sync 1 DAGs
[2025-01-23T09:40:43.908+0000] {logging_mixin.py:188} INFO - [2025-01-23T09:40:43.907+0000] {dag.py:3823} INFO - Setting next_dagrun for example_branch_labels to 2025-01-22 00:00:00+00:00, run_after=2025-01-23 00:00:00+00:00
[2025-01-23T09:40:43.951+0000] {processor.py:183} INFO - Processing /home/airflow/.local/lib/python3.8/site-packages/airflow/example_dags/example_branch_labels.py took 0.207 seconds
[2025-01-23T09:41:18.693+0000] {processor.py:161} INFO - Started process (PID=2103) to work on /home/airflow/.local/lib/python3.8/site-packages/airflow/example_dags/example_branch_labels.py
[2025-01-23T09:41:18.709+0000] {processor.py:830} INFO - Processing file /home/airflow/.local/lib/python3.8/site-packages/airflow/example_dags/example_branch_labels.py for tasks to queue
[2025-01-23T09:41:18.713+0000] {logging_mixin.py:188} INFO - [2025-01-23T09:41:18.712+0000] {dagbag.py:538} INFO - Filling up the DagBag from /home/airflow/.local/lib/python3.8/site-packages/airflow/example_dags/example_branch_labels.py
[2025-01-23T09:41:18.778+0000] {processor.py:840} INFO - DAG(s) 'example_branch_labels' retrieved from /home/airflow/.local/lib/python3.8/site-packages/airflow/example_dags/example_branch_labels.py
[2025-01-23T09:41:18.916+0000] {logging_mixin.py:188} INFO - [2025-01-23T09:41:18.915+0000] {dag.py:3036} INFO - Sync 1 DAGs
[2025-01-23T09:41:19.108+0000] {logging_mixin.py:188} INFO - [2025-01-23T09:41:19.108+0000] {dag.py:3823} INFO - Setting next_dagrun for example_branch_labels to 2025-01-22 00:00:00+00:00, run_after=2025-01-23 00:00:00+00:00
[2025-01-23T09:41:19.249+0000] {processor.py:183} INFO - Processing /home/airflow/.local/lib/python3.8/site-packages/airflow/example_dags/example_branch_labels.py took 0.577 seconds
[2025-01-23T09:41:49.821+0000] {processor.py:161} INFO - Started process (PID=2159) to work on /home/airflow/.local/lib/python3.8/site-packages/airflow/example_dags/example_branch_labels.py
[2025-01-23T09:41:49.831+0000] {processor.py:830} INFO - Processing file /home/airflow/.local/lib/python3.8/site-packages/airflow/example_dags/example_branch_labels.py for tasks to queue
[2025-01-23T09:41:49.860+0000] {logging_mixin.py:188} INFO - [2025-01-23T09:41:49.859+0000] {dagbag.py:538} INFO - Filling up the DagBag from /home/airflow/.local/lib/python3.8/site-packages/airflow/example_dags/example_branch_labels.py
[2025-01-23T09:41:49.915+0000] {processor.py:840} INFO - DAG(s) 'example_branch_labels' retrieved from /home/airflow/.local/lib/python3.8/site-packages/airflow/example_dags/example_branch_labels.py
[2025-01-23T09:41:50.064+0000] {logging_mixin.py:188} INFO - [2025-01-23T09:41:50.054+0000] {dag.py:3036} INFO - Sync 1 DAGs
[2025-01-23T09:41:50.278+0000] {logging_mixin.py:188} INFO - [2025-01-23T09:41:50.277+0000] {dag.py:3823} INFO - Setting next_dagrun for example_branch_labels to 2025-01-22 00:00:00+00:00, run_after=2025-01-23 00:00:00+00:00
[2025-01-23T09:41:50.434+0000] {processor.py:183} INFO - Processing /home/airflow/.local/lib/python3.8/site-packages/airflow/example_dags/example_branch_labels.py took 0.626 seconds
[2025-01-23T09:42:21.597+0000] {processor.py:161} INFO - Started process (PID=2216) to work on /home/airflow/.local/lib/python3.8/site-packages/airflow/example_dags/example_branch_labels.py
[2025-01-23T09:42:21.608+0000] {processor.py:830} INFO - Processing file /home/airflow/.local/lib/python3.8/site-packages/airflow/example_dags/example_branch_labels.py for tasks to queue
[2025-01-23T09:42:21.610+0000] {logging_mixin.py:188} INFO - [2025-01-23T09:42:21.610+0000] {dagbag.py:538} INFO - Filling up the DagBag from /home/airflow/.local/lib/python3.8/site-packages/airflow/example_dags/example_branch_labels.py
[2025-01-23T09:42:21.625+0000] {processor.py:840} INFO - DAG(s) 'example_branch_labels' retrieved from /home/airflow/.local/lib/python3.8/site-packages/airflow/example_dags/example_branch_labels.py
[2025-01-23T09:42:21.663+0000] {logging_mixin.py:188} INFO - [2025-01-23T09:42:21.663+0000] {dag.py:3036} INFO - Sync 1 DAGs
[2025-01-23T09:42:21.707+0000] {logging_mixin.py:188} INFO - [2025-01-23T09:42:21.706+0000] {dag.py:3823} INFO - Setting next_dagrun for example_branch_labels to 2025-01-22 00:00:00+00:00, run_after=2025-01-23 00:00:00+00:00
[2025-01-23T09:42:21.741+0000] {processor.py:183} INFO - Processing /home/airflow/.local/lib/python3.8/site-packages/airflow/example_dags/example_branch_labels.py took 0.151 seconds
[2025-01-23T09:42:51.908+0000] {processor.py:161} INFO - Started process (PID=2271) to work on /home/airflow/.local/lib/python3.8/site-packages/airflow/example_dags/example_branch_labels.py
[2025-01-23T09:42:51.910+0000] {processor.py:830} INFO - Processing file /home/airflow/.local/lib/python3.8/site-packages/airflow/example_dags/example_branch_labels.py for tasks to queue
[2025-01-23T09:42:51.912+0000] {logging_mixin.py:188} INFO - [2025-01-23T09:42:51.912+0000] {dagbag.py:538} INFO - Filling up the DagBag from /home/airflow/.local/lib/python3.8/site-packages/airflow/example_dags/example_branch_labels.py
[2025-01-23T09:42:51.931+0000] {processor.py:840} INFO - DAG(s) 'example_branch_labels' retrieved from /home/airflow/.local/lib/python3.8/site-packages/airflow/example_dags/example_branch_labels.py
[2025-01-23T09:42:51.983+0000] {logging_mixin.py:188} INFO - [2025-01-23T09:42:51.982+0000] {dag.py:3036} INFO - Sync 1 DAGs
[2025-01-23T09:42:52.045+0000] {logging_mixin.py:188} INFO - [2025-01-23T09:42:52.044+0000] {dag.py:3823} INFO - Setting next_dagrun for example_branch_labels to 2025-01-22 00:00:00+00:00, run_after=2025-01-23 00:00:00+00:00
[2025-01-23T09:42:52.308+0000] {processor.py:183} INFO - Processing /home/airflow/.local/lib/python3.8/site-packages/airflow/example_dags/example_branch_labels.py took 0.410 seconds
[2025-01-23T09:43:26.949+0000] {processor.py:161} INFO - Started process (PID=2329) to work on /home/airflow/.local/lib/python3.8/site-packages/airflow/example_dags/example_branch_labels.py
[2025-01-23T09:43:26.956+0000] {processor.py:830} INFO - Processing file /home/airflow/.local/lib/python3.8/site-packages/airflow/example_dags/example_branch_labels.py for tasks to queue
[2025-01-23T09:43:26.963+0000] {logging_mixin.py:188} INFO - [2025-01-23T09:43:26.962+0000] {dagbag.py:538} INFO - Filling up the DagBag from /home/airflow/.local/lib/python3.8/site-packages/airflow/example_dags/example_branch_labels.py
[2025-01-23T09:43:27.005+0000] {processor.py:840} INFO - DAG(s) 'example_branch_labels' retrieved from /home/airflow/.local/lib/python3.8/site-packages/airflow/example_dags/example_branch_labels.py
[2025-01-23T09:43:27.103+0000] {logging_mixin.py:188} INFO - [2025-01-23T09:43:27.102+0000] {dag.py:3036} INFO - Sync 1 DAGs
[2025-01-23T09:43:27.337+0000] {logging_mixin.py:188} INFO - [2025-01-23T09:43:27.337+0000] {dag.py:3823} INFO - Setting next_dagrun for example_branch_labels to 2025-01-22 00:00:00+00:00, run_after=2025-01-23 00:00:00+00:00
[2025-01-23T09:43:28.005+0000] {processor.py:183} INFO - Processing /home/airflow/.local/lib/python3.8/site-packages/airflow/example_dags/example_branch_labels.py took 1.072 seconds
[2025-01-23T09:43:58.485+0000] {processor.py:161} INFO - Started process (PID=2386) to work on /home/airflow/.local/lib/python3.8/site-packages/airflow/example_dags/example_branch_labels.py
[2025-01-23T09:43:58.488+0000] {processor.py:830} INFO - Processing file /home/airflow/.local/lib/python3.8/site-packages/airflow/example_dags/example_branch_labels.py for tasks to queue
[2025-01-23T09:43:58.490+0000] {logging_mixin.py:188} INFO - [2025-01-23T09:43:58.489+0000] {dagbag.py:538} INFO - Filling up the DagBag from /home/airflow/.local/lib/python3.8/site-packages/airflow/example_dags/example_branch_labels.py
[2025-01-23T09:43:58.521+0000] {processor.py:840} INFO - DAG(s) 'example_branch_labels' retrieved from /home/airflow/.local/lib/python3.8/site-packages/airflow/example_dags/example_branch_labels.py
[2025-01-23T09:43:58.584+0000] {logging_mixin.py:188} INFO - [2025-01-23T09:43:58.583+0000] {dag.py:3036} INFO - Sync 1 DAGs
[2025-01-23T09:43:58.659+0000] {logging_mixin.py:188} INFO - [2025-01-23T09:43:58.658+0000] {dag.py:3823} INFO - Setting next_dagrun for example_branch_labels to 2025-01-22 00:00:00+00:00, run_after=2025-01-23 00:00:00+00:00
[2025-01-23T09:43:58.711+0000] {processor.py:183} INFO - Processing /home/airflow/.local/lib/python3.8/site-packages/airflow/example_dags/example_branch_labels.py took 0.235 seconds
[2025-01-23T09:44:30.242+0000] {processor.py:161} INFO - Started process (PID=2442) to work on /home/airflow/.local/lib/python3.8/site-packages/airflow/example_dags/example_branch_labels.py
[2025-01-23T09:44:30.250+0000] {processor.py:830} INFO - Processing file /home/airflow/.local/lib/python3.8/site-packages/airflow/example_dags/example_branch_labels.py for tasks to queue
[2025-01-23T09:44:30.254+0000] {logging_mixin.py:188} INFO - [2025-01-23T09:44:30.252+0000] {dagbag.py:538} INFO - Filling up the DagBag from /home/airflow/.local/lib/python3.8/site-packages/airflow/example_dags/example_branch_labels.py
[2025-01-23T09:44:30.284+0000] {processor.py:840} INFO - DAG(s) 'example_branch_labels' retrieved from /home/airflow/.local/lib/python3.8/site-packages/airflow/example_dags/example_branch_labels.py
[2025-01-23T09:44:30.392+0000] {logging_mixin.py:188} INFO - [2025-01-23T09:44:30.391+0000] {dag.py:3036} INFO - Sync 1 DAGs
[2025-01-23T09:44:30.474+0000] {logging_mixin.py:188} INFO - [2025-01-23T09:44:30.473+0000] {dag.py:3823} INFO - Setting next_dagrun for example_branch_labels to 2025-01-22 00:00:00+00:00, run_after=2025-01-23 00:00:00+00:00
[2025-01-23T09:44:30.561+0000] {processor.py:183} INFO - Processing /home/airflow/.local/lib/python3.8/site-packages/airflow/example_dags/example_branch_labels.py took 0.338 seconds
[2025-01-23T09:45:01.094+0000] {processor.py:161} INFO - Started process (PID=2498) to work on /home/airflow/.local/lib/python3.8/site-packages/airflow/example_dags/example_branch_labels.py
[2025-01-23T09:45:01.097+0000] {processor.py:830} INFO - Processing file /home/airflow/.local/lib/python3.8/site-packages/airflow/example_dags/example_branch_labels.py for tasks to queue
[2025-01-23T09:45:01.099+0000] {logging_mixin.py:188} INFO - [2025-01-23T09:45:01.098+0000] {dagbag.py:538} INFO - Filling up the DagBag from /home/airflow/.local/lib/python3.8/site-packages/airflow/example_dags/example_branch_labels.py
[2025-01-23T09:45:01.122+0000] {processor.py:840} INFO - DAG(s) 'example_branch_labels' retrieved from /home/airflow/.local/lib/python3.8/site-packages/airflow/example_dags/example_branch_labels.py
[2025-01-23T09:45:01.194+0000] {logging_mixin.py:188} INFO - [2025-01-23T09:45:01.193+0000] {dag.py:3036} INFO - Sync 1 DAGs
[2025-01-23T09:45:01.575+0000] {logging_mixin.py:188} INFO - [2025-01-23T09:45:01.574+0000] {dag.py:3823} INFO - Setting next_dagrun for example_branch_labels to 2025-01-22 00:00:00+00:00, run_after=2025-01-23 00:00:00+00:00
[2025-01-23T09:45:01.624+0000] {processor.py:183} INFO - Processing /home/airflow/.local/lib/python3.8/site-packages/airflow/example_dags/example_branch_labels.py took 0.537 seconds
[2025-01-23T09:45:32.295+0000] {processor.py:161} INFO - Started process (PID=2554) to work on /home/airflow/.local/lib/python3.8/site-packages/airflow/example_dags/example_branch_labels.py
[2025-01-23T09:45:32.308+0000] {processor.py:830} INFO - Processing file /home/airflow/.local/lib/python3.8/site-packages/airflow/example_dags/example_branch_labels.py for tasks to queue
[2025-01-23T09:45:32.310+0000] {logging_mixin.py:188} INFO - [2025-01-23T09:45:32.309+0000] {dagbag.py:538} INFO - Filling up the DagBag from /home/airflow/.local/lib/python3.8/site-packages/airflow/example_dags/example_branch_labels.py
[2025-01-23T09:45:32.340+0000] {processor.py:840} INFO - DAG(s) 'example_branch_labels' retrieved from /home/airflow/.local/lib/python3.8/site-packages/airflow/example_dags/example_branch_labels.py
[2025-01-23T09:45:32.413+0000] {logging_mixin.py:188} INFO - [2025-01-23T09:45:32.412+0000] {dag.py:3036} INFO - Sync 1 DAGs
[2025-01-23T09:45:32.526+0000] {logging_mixin.py:188} INFO - [2025-01-23T09:45:32.525+0000] {dag.py:3823} INFO - Setting next_dagrun for example_branch_labels to 2025-01-22 00:00:00+00:00, run_after=2025-01-23 00:00:00+00:00
[2025-01-23T09:45:32.627+0000] {processor.py:183} INFO - Processing /home/airflow/.local/lib/python3.8/site-packages/airflow/example_dags/example_branch_labels.py took 0.342 seconds
[2025-01-23T09:46:03.293+0000] {processor.py:161} INFO - Started process (PID=2610) to work on /home/airflow/.local/lib/python3.8/site-packages/airflow/example_dags/example_branch_labels.py
[2025-01-23T09:46:03.296+0000] {processor.py:830} INFO - Processing file /home/airflow/.local/lib/python3.8/site-packages/airflow/example_dags/example_branch_labels.py for tasks to queue
[2025-01-23T09:46:03.300+0000] {logging_mixin.py:188} INFO - [2025-01-23T09:46:03.299+0000] {dagbag.py:538} INFO - Filling up the DagBag from /home/airflow/.local/lib/python3.8/site-packages/airflow/example_dags/example_branch_labels.py
[2025-01-23T09:46:03.332+0000] {processor.py:840} INFO - DAG(s) 'example_branch_labels' retrieved from /home/airflow/.local/lib/python3.8/site-packages/airflow/example_dags/example_branch_labels.py
[2025-01-23T09:46:03.400+0000] {logging_mixin.py:188} INFO - [2025-01-23T09:46:03.400+0000] {dag.py:3036} INFO - Sync 1 DAGs
[2025-01-23T09:46:03.472+0000] {logging_mixin.py:188} INFO - [2025-01-23T09:46:03.471+0000] {dag.py:3823} INFO - Setting next_dagrun for example_branch_labels to 2025-01-22 00:00:00+00:00, run_after=2025-01-23 00:00:00+00:00
[2025-01-23T09:46:03.531+0000] {processor.py:183} INFO - Processing /home/airflow/.local/lib/python3.8/site-packages/airflow/example_dags/example_branch_labels.py took 0.253 seconds
[2025-01-23T09:46:34.009+0000] {processor.py:161} INFO - Started process (PID=2666) to work on /home/airflow/.local/lib/python3.8/site-packages/airflow/example_dags/example_branch_labels.py
[2025-01-23T09:46:34.014+0000] {processor.py:830} INFO - Processing file /home/airflow/.local/lib/python3.8/site-packages/airflow/example_dags/example_branch_labels.py for tasks to queue
[2025-01-23T09:46:34.017+0000] {logging_mixin.py:188} INFO - [2025-01-23T09:46:34.016+0000] {dagbag.py:538} INFO - Filling up the DagBag from /home/airflow/.local/lib/python3.8/site-packages/airflow/example_dags/example_branch_labels.py
[2025-01-23T09:46:34.050+0000] {processor.py:840} INFO - DAG(s) 'example_branch_labels' retrieved from /home/airflow/.local/lib/python3.8/site-packages/airflow/example_dags/example_branch_labels.py
[2025-01-23T09:46:34.118+0000] {logging_mixin.py:188} INFO - [2025-01-23T09:46:34.117+0000] {dag.py:3036} INFO - Sync 1 DAGs
[2025-01-23T09:46:34.224+0000] {logging_mixin.py:188} INFO - [2025-01-23T09:46:34.223+0000] {dag.py:3823} INFO - Setting next_dagrun for example_branch_labels to 2025-01-22 00:00:00+00:00, run_after=2025-01-23 00:00:00+00:00
[2025-01-23T09:46:34.298+0000] {processor.py:183} INFO - Processing /home/airflow/.local/lib/python3.8/site-packages/airflow/example_dags/example_branch_labels.py took 0.302 seconds
[2025-01-23T09:47:04.670+0000] {processor.py:161} INFO - Started process (PID=2722) to work on /home/airflow/.local/lib/python3.8/site-packages/airflow/example_dags/example_branch_labels.py
[2025-01-23T09:47:04.673+0000] {processor.py:830} INFO - Processing file /home/airflow/.local/lib/python3.8/site-packages/airflow/example_dags/example_branch_labels.py for tasks to queue
[2025-01-23T09:47:04.676+0000] {logging_mixin.py:188} INFO - [2025-01-23T09:47:04.674+0000] {dagbag.py:538} INFO - Filling up the DagBag from /home/airflow/.local/lib/python3.8/site-packages/airflow/example_dags/example_branch_labels.py
[2025-01-23T09:47:04.696+0000] {processor.py:840} INFO - DAG(s) 'example_branch_labels' retrieved from /home/airflow/.local/lib/python3.8/site-packages/airflow/example_dags/example_branch_labels.py
[2025-01-23T09:47:04.752+0000] {logging_mixin.py:188} INFO - [2025-01-23T09:47:04.752+0000] {dag.py:3036} INFO - Sync 1 DAGs
[2025-01-23T09:47:04.812+0000] {logging_mixin.py:188} INFO - [2025-01-23T09:47:04.811+0000] {dag.py:3823} INFO - Setting next_dagrun for example_branch_labels to 2025-01-22 00:00:00+00:00, run_after=2025-01-23 00:00:00+00:00
[2025-01-23T09:47:04.857+0000] {processor.py:183} INFO - Processing /home/airflow/.local/lib/python3.8/site-packages/airflow/example_dags/example_branch_labels.py took 0.194 seconds
[2025-01-23T09:47:35.614+0000] {processor.py:161} INFO - Started process (PID=2785) to work on /home/airflow/.local/lib/python3.8/site-packages/airflow/example_dags/example_branch_labels.py
[2025-01-23T09:47:35.617+0000] {processor.py:830} INFO - Processing file /home/airflow/.local/lib/python3.8/site-packages/airflow/example_dags/example_branch_labels.py for tasks to queue
[2025-01-23T09:47:35.620+0000] {logging_mixin.py:188} INFO - [2025-01-23T09:47:35.619+0000] {dagbag.py:538} INFO - Filling up the DagBag from /home/airflow/.local/lib/python3.8/site-packages/airflow/example_dags/example_branch_labels.py
[2025-01-23T09:47:35.643+0000] {processor.py:840} INFO - DAG(s) 'example_branch_labels' retrieved from /home/airflow/.local/lib/python3.8/site-packages/airflow/example_dags/example_branch_labels.py
[2025-01-23T09:47:35.693+0000] {logging_mixin.py:188} INFO - [2025-01-23T09:47:35.692+0000] {dag.py:3036} INFO - Sync 1 DAGs
[2025-01-23T09:47:35.768+0000] {logging_mixin.py:188} INFO - [2025-01-23T09:47:35.767+0000] {dag.py:3823} INFO - Setting next_dagrun for example_branch_labels to 2025-01-22 00:00:00+00:00, run_after=2025-01-23 00:00:00+00:00
[2025-01-23T09:47:35.838+0000] {processor.py:183} INFO - Processing /home/airflow/.local/lib/python3.8/site-packages/airflow/example_dags/example_branch_labels.py took 0.233 seconds
[2025-01-23T09:48:06.387+0000] {processor.py:161} INFO - Started process (PID=2840) to work on /home/airflow/.local/lib/python3.8/site-packages/airflow/example_dags/example_branch_labels.py
[2025-01-23T09:48:06.392+0000] {processor.py:830} INFO - Processing file /home/airflow/.local/lib/python3.8/site-packages/airflow/example_dags/example_branch_labels.py for tasks to queue
[2025-01-23T09:48:06.396+0000] {logging_mixin.py:188} INFO - [2025-01-23T09:48:06.395+0000] {dagbag.py:538} INFO - Filling up the DagBag from /home/airflow/.local/lib/python3.8/site-packages/airflow/example_dags/example_branch_labels.py
[2025-01-23T09:48:06.425+0000] {processor.py:840} INFO - DAG(s) 'example_branch_labels' retrieved from /home/airflow/.local/lib/python3.8/site-packages/airflow/example_dags/example_branch_labels.py
[2025-01-23T09:48:06.490+0000] {logging_mixin.py:188} INFO - [2025-01-23T09:48:06.489+0000] {dag.py:3036} INFO - Sync 1 DAGs
[2025-01-23T09:48:06.567+0000] {logging_mixin.py:188} INFO - [2025-01-23T09:48:06.567+0000] {dag.py:3823} INFO - Setting next_dagrun for example_branch_labels to 2025-01-22 00:00:00+00:00, run_after=2025-01-23 00:00:00+00:00
[2025-01-23T09:48:06.616+0000] {processor.py:183} INFO - Processing /home/airflow/.local/lib/python3.8/site-packages/airflow/example_dags/example_branch_labels.py took 0.239 seconds
[2025-01-23T09:48:36.998+0000] {processor.py:161} INFO - Started process (PID=2896) to work on /home/airflow/.local/lib/python3.8/site-packages/airflow/example_dags/example_branch_labels.py
[2025-01-23T09:48:37.000+0000] {processor.py:830} INFO - Processing file /home/airflow/.local/lib/python3.8/site-packages/airflow/example_dags/example_branch_labels.py for tasks to queue
[2025-01-23T09:48:37.003+0000] {logging_mixin.py:188} INFO - [2025-01-23T09:48:37.002+0000] {dagbag.py:538} INFO - Filling up the DagBag from /home/airflow/.local/lib/python3.8/site-packages/airflow/example_dags/example_branch_labels.py
[2025-01-23T09:48:37.022+0000] {processor.py:840} INFO - DAG(s) 'example_branch_labels' retrieved from /home/airflow/.local/lib/python3.8/site-packages/airflow/example_dags/example_branch_labels.py
[2025-01-23T09:48:37.074+0000] {logging_mixin.py:188} INFO - [2025-01-23T09:48:37.073+0000] {dag.py:3036} INFO - Sync 1 DAGs
[2025-01-23T09:48:37.138+0000] {logging_mixin.py:188} INFO - [2025-01-23T09:48:37.137+0000] {dag.py:3823} INFO - Setting next_dagrun for example_branch_labels to 2025-01-22 00:00:00+00:00, run_after=2025-01-23 00:00:00+00:00
[2025-01-23T09:48:37.181+0000] {processor.py:183} INFO - Processing /home/airflow/.local/lib/python3.8/site-packages/airflow/example_dags/example_branch_labels.py took 0.191 seconds
[2025-01-23T09:49:08.339+0000] {processor.py:161} INFO - Started process (PID=2953) to work on /home/airflow/.local/lib/python3.8/site-packages/airflow/example_dags/example_branch_labels.py
[2025-01-23T09:49:08.342+0000] {processor.py:830} INFO - Processing file /home/airflow/.local/lib/python3.8/site-packages/airflow/example_dags/example_branch_labels.py for tasks to queue
[2025-01-23T09:49:08.346+0000] {logging_mixin.py:188} INFO - [2025-01-23T09:49:08.345+0000] {dagbag.py:538} INFO - Filling up the DagBag from /home/airflow/.local/lib/python3.8/site-packages/airflow/example_dags/example_branch_labels.py
[2025-01-23T09:49:08.393+0000] {processor.py:840} INFO - DAG(s) 'example_branch_labels' retrieved from /home/airflow/.local/lib/python3.8/site-packages/airflow/example_dags/example_branch_labels.py
[2025-01-23T09:49:08.535+0000] {logging_mixin.py:188} INFO - [2025-01-23T09:49:08.534+0000] {dag.py:3036} INFO - Sync 1 DAGs
[2025-01-23T09:49:08.680+0000] {logging_mixin.py:188} INFO - [2025-01-23T09:49:08.680+0000] {dag.py:3823} INFO - Setting next_dagrun for example_branch_labels to 2025-01-22 00:00:00+00:00, run_after=2025-01-23 00:00:00+00:00
[2025-01-23T09:49:08.760+0000] {processor.py:183} INFO - Processing /home/airflow/.local/lib/python3.8/site-packages/airflow/example_dags/example_branch_labels.py took 0.435 seconds
[2025-01-23T09:49:38.890+0000] {processor.py:161} INFO - Started process (PID=3008) to work on /home/airflow/.local/lib/python3.8/site-packages/airflow/example_dags/example_branch_labels.py
[2025-01-23T09:49:38.893+0000] {processor.py:830} INFO - Processing file /home/airflow/.local/lib/python3.8/site-packages/airflow/example_dags/example_branch_labels.py for tasks to queue
[2025-01-23T09:49:38.896+0000] {logging_mixin.py:188} INFO - [2025-01-23T09:49:38.895+0000] {dagbag.py:538} INFO - Filling up the DagBag from /home/airflow/.local/lib/python3.8/site-packages/airflow/example_dags/example_branch_labels.py
[2025-01-23T09:49:38.927+0000] {processor.py:840} INFO - DAG(s) 'example_branch_labels' retrieved from /home/airflow/.local/lib/python3.8/site-packages/airflow/example_dags/example_branch_labels.py
[2025-01-23T09:49:39.035+0000] {logging_mixin.py:188} INFO - [2025-01-23T09:49:39.033+0000] {dag.py:3036} INFO - Sync 1 DAGs
[2025-01-23T09:49:39.169+0000] {logging_mixin.py:188} INFO - [2025-01-23T09:49:39.168+0000] {dag.py:3823} INFO - Setting next_dagrun for example_branch_labels to 2025-01-22 00:00:00+00:00, run_after=2025-01-23 00:00:00+00:00
[2025-01-23T09:49:39.243+0000] {processor.py:183} INFO - Processing /home/airflow/.local/lib/python3.8/site-packages/airflow/example_dags/example_branch_labels.py took 0.365 seconds
[2025-01-23T09:50:10.283+0000] {processor.py:161} INFO - Started process (PID=3066) to work on /home/airflow/.local/lib/python3.8/site-packages/airflow/example_dags/example_branch_labels.py
[2025-01-23T09:50:10.285+0000] {processor.py:830} INFO - Processing file /home/airflow/.local/lib/python3.8/site-packages/airflow/example_dags/example_branch_labels.py for tasks to queue
[2025-01-23T09:50:10.287+0000] {logging_mixin.py:188} INFO - [2025-01-23T09:50:10.287+0000] {dagbag.py:538} INFO - Filling up the DagBag from /home/airflow/.local/lib/python3.8/site-packages/airflow/example_dags/example_branch_labels.py
[2025-01-23T09:50:10.310+0000] {processor.py:840} INFO - DAG(s) 'example_branch_labels' retrieved from /home/airflow/.local/lib/python3.8/site-packages/airflow/example_dags/example_branch_labels.py
[2025-01-23T09:50:10.375+0000] {logging_mixin.py:188} INFO - [2025-01-23T09:50:10.374+0000] {dag.py:3036} INFO - Sync 1 DAGs
[2025-01-23T09:50:10.439+0000] {logging_mixin.py:188} INFO - [2025-01-23T09:50:10.438+0000] {dag.py:3823} INFO - Setting next_dagrun for example_branch_labels to 2025-01-22 00:00:00+00:00, run_after=2025-01-23 00:00:00+00:00
[2025-01-23T09:50:10.494+0000] {processor.py:183} INFO - Processing /home/airflow/.local/lib/python3.8/site-packages/airflow/example_dags/example_branch_labels.py took 0.218 seconds
[2025-01-23T09:50:41.542+0000] {processor.py:161} INFO - Started process (PID=3122) to work on /home/airflow/.local/lib/python3.8/site-packages/airflow/example_dags/example_branch_labels.py
[2025-01-23T09:50:41.548+0000] {processor.py:830} INFO - Processing file /home/airflow/.local/lib/python3.8/site-packages/airflow/example_dags/example_branch_labels.py for tasks to queue
[2025-01-23T09:50:41.551+0000] {logging_mixin.py:188} INFO - [2025-01-23T09:50:41.550+0000] {dagbag.py:538} INFO - Filling up the DagBag from /home/airflow/.local/lib/python3.8/site-packages/airflow/example_dags/example_branch_labels.py
[2025-01-23T09:50:41.585+0000] {processor.py:840} INFO - DAG(s) 'example_branch_labels' retrieved from /home/airflow/.local/lib/python3.8/site-packages/airflow/example_dags/example_branch_labels.py
[2025-01-23T09:50:41.662+0000] {logging_mixin.py:188} INFO - [2025-01-23T09:50:41.662+0000] {dag.py:3036} INFO - Sync 1 DAGs
[2025-01-23T09:50:41.738+0000] {logging_mixin.py:188} INFO - [2025-01-23T09:50:41.737+0000] {dag.py:3823} INFO - Setting next_dagrun for example_branch_labels to 2025-01-22 00:00:00+00:00, run_after=2025-01-23 00:00:00+00:00
[2025-01-23T09:50:41.813+0000] {processor.py:183} INFO - Processing /home/airflow/.local/lib/python3.8/site-packages/airflow/example_dags/example_branch_labels.py took 0.284 seconds
[2025-01-23T09:51:12.364+0000] {processor.py:161} INFO - Started process (PID=3178) to work on /home/airflow/.local/lib/python3.8/site-packages/airflow/example_dags/example_branch_labels.py
[2025-01-23T09:51:12.367+0000] {processor.py:830} INFO - Processing file /home/airflow/.local/lib/python3.8/site-packages/airflow/example_dags/example_branch_labels.py for tasks to queue
[2025-01-23T09:51:12.371+0000] {logging_mixin.py:188} INFO - [2025-01-23T09:51:12.370+0000] {dagbag.py:538} INFO - Filling up the DagBag from /home/airflow/.local/lib/python3.8/site-packages/airflow/example_dags/example_branch_labels.py
[2025-01-23T09:51:12.406+0000] {processor.py:840} INFO - DAG(s) 'example_branch_labels' retrieved from /home/airflow/.local/lib/python3.8/site-packages/airflow/example_dags/example_branch_labels.py
[2025-01-23T09:51:12.469+0000] {logging_mixin.py:188} INFO - [2025-01-23T09:51:12.468+0000] {dag.py:3036} INFO - Sync 1 DAGs
[2025-01-23T09:51:12.529+0000] {logging_mixin.py:188} INFO - [2025-01-23T09:51:12.529+0000] {dag.py:3823} INFO - Setting next_dagrun for example_branch_labels to 2025-01-22 00:00:00+00:00, run_after=2025-01-23 00:00:00+00:00
[2025-01-23T09:51:12.573+0000] {processor.py:183} INFO - Processing /home/airflow/.local/lib/python3.8/site-packages/airflow/example_dags/example_branch_labels.py took 0.220 seconds
[2025-01-23T09:51:42.650+0000] {processor.py:161} INFO - Started process (PID=3235) to work on /home/airflow/.local/lib/python3.8/site-packages/airflow/example_dags/example_branch_labels.py
[2025-01-23T09:51:42.652+0000] {processor.py:830} INFO - Processing file /home/airflow/.local/lib/python3.8/site-packages/airflow/example_dags/example_branch_labels.py for tasks to queue
[2025-01-23T09:51:42.654+0000] {logging_mixin.py:188} INFO - [2025-01-23T09:51:42.653+0000] {dagbag.py:538} INFO - Filling up the DagBag from /home/airflow/.local/lib/python3.8/site-packages/airflow/example_dags/example_branch_labels.py
[2025-01-23T09:51:42.671+0000] {processor.py:840} INFO - DAG(s) 'example_branch_labels' retrieved from /home/airflow/.local/lib/python3.8/site-packages/airflow/example_dags/example_branch_labels.py
[2025-01-23T09:51:42.723+0000] {logging_mixin.py:188} INFO - [2025-01-23T09:51:42.723+0000] {dag.py:3036} INFO - Sync 1 DAGs
[2025-01-23T09:51:42.770+0000] {logging_mixin.py:188} INFO - [2025-01-23T09:51:42.769+0000] {dag.py:3823} INFO - Setting next_dagrun for example_branch_labels to 2025-01-22 00:00:00+00:00, run_after=2025-01-23 00:00:00+00:00
[2025-01-23T09:51:42.808+0000] {processor.py:183} INFO - Processing /home/airflow/.local/lib/python3.8/site-packages/airflow/example_dags/example_branch_labels.py took 0.164 seconds
[2025-01-23T09:52:12.972+0000] {processor.py:161} INFO - Started process (PID=3291) to work on /home/airflow/.local/lib/python3.8/site-packages/airflow/example_dags/example_branch_labels.py
[2025-01-23T09:52:12.974+0000] {processor.py:830} INFO - Processing file /home/airflow/.local/lib/python3.8/site-packages/airflow/example_dags/example_branch_labels.py for tasks to queue
[2025-01-23T09:52:12.977+0000] {logging_mixin.py:188} INFO - [2025-01-23T09:52:12.976+0000] {dagbag.py:538} INFO - Filling up the DagBag from /home/airflow/.local/lib/python3.8/site-packages/airflow/example_dags/example_branch_labels.py
[2025-01-23T09:52:12.995+0000] {processor.py:840} INFO - DAG(s) 'example_branch_labels' retrieved from /home/airflow/.local/lib/python3.8/site-packages/airflow/example_dags/example_branch_labels.py
[2025-01-23T09:52:13.046+0000] {logging_mixin.py:188} INFO - [2025-01-23T09:52:13.045+0000] {dag.py:3036} INFO - Sync 1 DAGs
[2025-01-23T09:52:13.104+0000] {logging_mixin.py:188} INFO - [2025-01-23T09:52:13.103+0000] {dag.py:3823} INFO - Setting next_dagrun for example_branch_labels to 2025-01-22 00:00:00+00:00, run_after=2025-01-23 00:00:00+00:00
[2025-01-23T09:52:13.152+0000] {processor.py:183} INFO - Processing /home/airflow/.local/lib/python3.8/site-packages/airflow/example_dags/example_branch_labels.py took 0.188 seconds
[2025-01-23T09:52:43.577+0000] {processor.py:161} INFO - Started process (PID=3346) to work on /home/airflow/.local/lib/python3.8/site-packages/airflow/example_dags/example_branch_labels.py
[2025-01-23T09:52:43.578+0000] {processor.py:830} INFO - Processing file /home/airflow/.local/lib/python3.8/site-packages/airflow/example_dags/example_branch_labels.py for tasks to queue
[2025-01-23T09:52:43.580+0000] {logging_mixin.py:188} INFO - [2025-01-23T09:52:43.580+0000] {dagbag.py:538} INFO - Filling up the DagBag from /home/airflow/.local/lib/python3.8/site-packages/airflow/example_dags/example_branch_labels.py
[2025-01-23T09:52:43.602+0000] {processor.py:840} INFO - DAG(s) 'example_branch_labels' retrieved from /home/airflow/.local/lib/python3.8/site-packages/airflow/example_dags/example_branch_labels.py
[2025-01-23T09:52:43.651+0000] {logging_mixin.py:188} INFO - [2025-01-23T09:52:43.651+0000] {dag.py:3036} INFO - Sync 1 DAGs
[2025-01-23T09:52:43.698+0000] {logging_mixin.py:188} INFO - [2025-01-23T09:52:43.698+0000] {dag.py:3823} INFO - Setting next_dagrun for example_branch_labels to 2025-01-22 00:00:00+00:00, run_after=2025-01-23 00:00:00+00:00
[2025-01-23T09:52:43.741+0000] {processor.py:183} INFO - Processing /home/airflow/.local/lib/python3.8/site-packages/airflow/example_dags/example_branch_labels.py took 0.171 seconds
[2025-01-23T09:53:14.504+0000] {processor.py:161} INFO - Started process (PID=3402) to work on /home/airflow/.local/lib/python3.8/site-packages/airflow/example_dags/example_branch_labels.py
[2025-01-23T09:53:14.506+0000] {processor.py:830} INFO - Processing file /home/airflow/.local/lib/python3.8/site-packages/airflow/example_dags/example_branch_labels.py for tasks to queue
[2025-01-23T09:53:14.509+0000] {logging_mixin.py:188} INFO - [2025-01-23T09:53:14.508+0000] {dagbag.py:538} INFO - Filling up the DagBag from /home/airflow/.local/lib/python3.8/site-packages/airflow/example_dags/example_branch_labels.py
[2025-01-23T09:53:14.524+0000] {processor.py:840} INFO - DAG(s) 'example_branch_labels' retrieved from /home/airflow/.local/lib/python3.8/site-packages/airflow/example_dags/example_branch_labels.py
[2025-01-23T09:53:14.570+0000] {logging_mixin.py:188} INFO - [2025-01-23T09:53:14.570+0000] {dag.py:3036} INFO - Sync 1 DAGs
[2025-01-23T09:53:14.621+0000] {logging_mixin.py:188} INFO - [2025-01-23T09:53:14.620+0000] {dag.py:3823} INFO - Setting next_dagrun for example_branch_labels to 2025-01-22 00:00:00+00:00, run_after=2025-01-23 00:00:00+00:00
[2025-01-23T09:53:14.660+0000] {processor.py:183} INFO - Processing /home/airflow/.local/lib/python3.8/site-packages/airflow/example_dags/example_branch_labels.py took 0.161 seconds
[2025-01-23T09:53:45.380+0000] {processor.py:161} INFO - Started process (PID=3458) to work on /home/airflow/.local/lib/python3.8/site-packages/airflow/example_dags/example_branch_labels.py
[2025-01-23T09:53:45.383+0000] {processor.py:830} INFO - Processing file /home/airflow/.local/lib/python3.8/site-packages/airflow/example_dags/example_branch_labels.py for tasks to queue
[2025-01-23T09:53:45.385+0000] {logging_mixin.py:188} INFO - [2025-01-23T09:53:45.384+0000] {dagbag.py:538} INFO - Filling up the DagBag from /home/airflow/.local/lib/python3.8/site-packages/airflow/example_dags/example_branch_labels.py
[2025-01-23T09:53:45.407+0000] {processor.py:840} INFO - DAG(s) 'example_branch_labels' retrieved from /home/airflow/.local/lib/python3.8/site-packages/airflow/example_dags/example_branch_labels.py
[2025-01-23T09:53:45.468+0000] {logging_mixin.py:188} INFO - [2025-01-23T09:53:45.467+0000] {dag.py:3036} INFO - Sync 1 DAGs
[2025-01-23T09:53:45.550+0000] {logging_mixin.py:188} INFO - [2025-01-23T09:53:45.549+0000] {dag.py:3823} INFO - Setting next_dagrun for example_branch_labels to 2025-01-22 00:00:00+00:00, run_after=2025-01-23 00:00:00+00:00
[2025-01-23T09:53:46.369+0000] {processor.py:183} INFO - Processing /home/airflow/.local/lib/python3.8/site-packages/airflow/example_dags/example_branch_labels.py took 0.998 seconds
[2025-01-23T09:54:17.744+0000] {processor.py:161} INFO - Started process (PID=3519) to work on /home/airflow/.local/lib/python3.8/site-packages/airflow/example_dags/example_branch_labels.py
[2025-01-23T09:54:17.747+0000] {processor.py:830} INFO - Processing file /home/airflow/.local/lib/python3.8/site-packages/airflow/example_dags/example_branch_labels.py for tasks to queue
[2025-01-23T09:54:17.750+0000] {logging_mixin.py:188} INFO - [2025-01-23T09:54:17.749+0000] {dagbag.py:538} INFO - Filling up the DagBag from /home/airflow/.local/lib/python3.8/site-packages/airflow/example_dags/example_branch_labels.py
[2025-01-23T09:54:17.775+0000] {processor.py:840} INFO - DAG(s) 'example_branch_labels' retrieved from /home/airflow/.local/lib/python3.8/site-packages/airflow/example_dags/example_branch_labels.py
[2025-01-23T09:54:17.842+0000] {logging_mixin.py:188} INFO - [2025-01-23T09:54:17.842+0000] {dag.py:3036} INFO - Sync 1 DAGs
[2025-01-23T09:54:17.934+0000] {logging_mixin.py:188} INFO - [2025-01-23T09:54:17.933+0000] {dag.py:3823} INFO - Setting next_dagrun for example_branch_labels to 2025-01-22 00:00:00+00:00, run_after=2025-01-23 00:00:00+00:00
[2025-01-23T09:54:18.036+0000] {processor.py:183} INFO - Processing /home/airflow/.local/lib/python3.8/site-packages/airflow/example_dags/example_branch_labels.py took 0.305 seconds
[2025-01-23T09:54:49.002+0000] {processor.py:161} INFO - Started process (PID=3577) to work on /home/airflow/.local/lib/python3.8/site-packages/airflow/example_dags/example_branch_labels.py
[2025-01-23T09:54:49.005+0000] {processor.py:830} INFO - Processing file /home/airflow/.local/lib/python3.8/site-packages/airflow/example_dags/example_branch_labels.py for tasks to queue
[2025-01-23T09:54:49.009+0000] {logging_mixin.py:188} INFO - [2025-01-23T09:54:49.008+0000] {dagbag.py:538} INFO - Filling up the DagBag from /home/airflow/.local/lib/python3.8/site-packages/airflow/example_dags/example_branch_labels.py
[2025-01-23T09:54:49.042+0000] {processor.py:840} INFO - DAG(s) 'example_branch_labels' retrieved from /home/airflow/.local/lib/python3.8/site-packages/airflow/example_dags/example_branch_labels.py
[2025-01-23T09:54:49.109+0000] {logging_mixin.py:188} INFO - [2025-01-23T09:54:49.109+0000] {dag.py:3036} INFO - Sync 1 DAGs
[2025-01-23T09:54:49.161+0000] {logging_mixin.py:188} INFO - [2025-01-23T09:54:49.160+0000] {dag.py:3823} INFO - Setting next_dagrun for example_branch_labels to 2025-01-22 00:00:00+00:00, run_after=2025-01-23 00:00:00+00:00
[2025-01-23T09:54:49.219+0000] {processor.py:183} INFO - Processing /home/airflow/.local/lib/python3.8/site-packages/airflow/example_dags/example_branch_labels.py took 0.227 seconds
[2025-01-23T09:55:19.550+0000] {processor.py:161} INFO - Started process (PID=3633) to work on /home/airflow/.local/lib/python3.8/site-packages/airflow/example_dags/example_branch_labels.py
[2025-01-23T09:55:19.552+0000] {processor.py:830} INFO - Processing file /home/airflow/.local/lib/python3.8/site-packages/airflow/example_dags/example_branch_labels.py for tasks to queue
[2025-01-23T09:55:19.554+0000] {logging_mixin.py:188} INFO - [2025-01-23T09:55:19.554+0000] {dagbag.py:538} INFO - Filling up the DagBag from /home/airflow/.local/lib/python3.8/site-packages/airflow/example_dags/example_branch_labels.py
[2025-01-23T09:55:19.572+0000] {processor.py:840} INFO - DAG(s) 'example_branch_labels' retrieved from /home/airflow/.local/lib/python3.8/site-packages/airflow/example_dags/example_branch_labels.py
[2025-01-23T09:55:19.615+0000] {logging_mixin.py:188} INFO - [2025-01-23T09:55:19.615+0000] {dag.py:3036} INFO - Sync 1 DAGs
[2025-01-23T09:55:19.674+0000] {logging_mixin.py:188} INFO - [2025-01-23T09:55:19.673+0000] {dag.py:3823} INFO - Setting next_dagrun for example_branch_labels to 2025-01-22 00:00:00+00:00, run_after=2025-01-23 00:00:00+00:00
[2025-01-23T09:55:19.731+0000] {processor.py:183} INFO - Processing /home/airflow/.local/lib/python3.8/site-packages/airflow/example_dags/example_branch_labels.py took 0.187 seconds
[2025-01-23T09:55:50.161+0000] {processor.py:161} INFO - Started process (PID=3689) to work on /home/airflow/.local/lib/python3.8/site-packages/airflow/example_dags/example_branch_labels.py
[2025-01-23T09:55:50.163+0000] {processor.py:830} INFO - Processing file /home/airflow/.local/lib/python3.8/site-packages/airflow/example_dags/example_branch_labels.py for tasks to queue
[2025-01-23T09:55:50.168+0000] {logging_mixin.py:188} INFO - [2025-01-23T09:55:50.167+0000] {dagbag.py:538} INFO - Filling up the DagBag from /home/airflow/.local/lib/python3.8/site-packages/airflow/example_dags/example_branch_labels.py
[2025-01-23T09:55:50.192+0000] {processor.py:840} INFO - DAG(s) 'example_branch_labels' retrieved from /home/airflow/.local/lib/python3.8/site-packages/airflow/example_dags/example_branch_labels.py
[2025-01-23T09:55:50.265+0000] {logging_mixin.py:188} INFO - [2025-01-23T09:55:50.265+0000] {dag.py:3036} INFO - Sync 1 DAGs
[2025-01-23T09:55:50.334+0000] {logging_mixin.py:188} INFO - [2025-01-23T09:55:50.333+0000] {dag.py:3823} INFO - Setting next_dagrun for example_branch_labels to 2025-01-22 00:00:00+00:00, run_after=2025-01-23 00:00:00+00:00
[2025-01-23T09:55:50.371+0000] {processor.py:183} INFO - Processing /home/airflow/.local/lib/python3.8/site-packages/airflow/example_dags/example_branch_labels.py took 0.217 seconds
[2025-01-23T09:56:21.519+0000] {processor.py:161} INFO - Started process (PID=3744) to work on /home/airflow/.local/lib/python3.8/site-packages/airflow/example_dags/example_branch_labels.py
[2025-01-23T09:56:21.523+0000] {processor.py:830} INFO - Processing file /home/airflow/.local/lib/python3.8/site-packages/airflow/example_dags/example_branch_labels.py for tasks to queue
[2025-01-23T09:56:21.525+0000] {logging_mixin.py:188} INFO - [2025-01-23T09:56:21.525+0000] {dagbag.py:538} INFO - Filling up the DagBag from /home/airflow/.local/lib/python3.8/site-packages/airflow/example_dags/example_branch_labels.py
[2025-01-23T09:56:21.549+0000] {processor.py:840} INFO - DAG(s) 'example_branch_labels' retrieved from /home/airflow/.local/lib/python3.8/site-packages/airflow/example_dags/example_branch_labels.py
[2025-01-23T09:56:21.617+0000] {logging_mixin.py:188} INFO - [2025-01-23T09:56:21.616+0000] {dag.py:3036} INFO - Sync 1 DAGs
[2025-01-23T09:56:21.683+0000] {logging_mixin.py:188} INFO - [2025-01-23T09:56:21.683+0000] {dag.py:3823} INFO - Setting next_dagrun for example_branch_labels to 2025-01-22 00:00:00+00:00, run_after=2025-01-23 00:00:00+00:00
[2025-01-23T09:56:21.734+0000] {processor.py:183} INFO - Processing /home/airflow/.local/lib/python3.8/site-packages/airflow/example_dags/example_branch_labels.py took 0.227 seconds
[2025-01-23T09:56:52.293+0000] {processor.py:161} INFO - Started process (PID=3800) to work on /home/airflow/.local/lib/python3.8/site-packages/airflow/example_dags/example_branch_labels.py
[2025-01-23T09:56:52.296+0000] {processor.py:830} INFO - Processing file /home/airflow/.local/lib/python3.8/site-packages/airflow/example_dags/example_branch_labels.py for tasks to queue
[2025-01-23T09:56:52.299+0000] {logging_mixin.py:188} INFO - [2025-01-23T09:56:52.298+0000] {dagbag.py:538} INFO - Filling up the DagBag from /home/airflow/.local/lib/python3.8/site-packages/airflow/example_dags/example_branch_labels.py
[2025-01-23T09:56:52.326+0000] {processor.py:840} INFO - DAG(s) 'example_branch_labels' retrieved from /home/airflow/.local/lib/python3.8/site-packages/airflow/example_dags/example_branch_labels.py
[2025-01-23T09:56:52.407+0000] {logging_mixin.py:188} INFO - [2025-01-23T09:56:52.407+0000] {dag.py:3036} INFO - Sync 1 DAGs
[2025-01-23T09:56:52.531+0000] {logging_mixin.py:188} INFO - [2025-01-23T09:56:52.530+0000] {dag.py:3823} INFO - Setting next_dagrun for example_branch_labels to 2025-01-22 00:00:00+00:00, run_after=2025-01-23 00:00:00+00:00
[2025-01-23T09:56:52.619+0000] {processor.py:183} INFO - Processing /home/airflow/.local/lib/python3.8/site-packages/airflow/example_dags/example_branch_labels.py took 0.337 seconds
[2025-01-23T09:57:22.882+0000] {processor.py:161} INFO - Started process (PID=3856) to work on /home/airflow/.local/lib/python3.8/site-packages/airflow/example_dags/example_branch_labels.py
[2025-01-23T09:57:22.885+0000] {processor.py:830} INFO - Processing file /home/airflow/.local/lib/python3.8/site-packages/airflow/example_dags/example_branch_labels.py for tasks to queue
[2025-01-23T09:57:22.887+0000] {logging_mixin.py:188} INFO - [2025-01-23T09:57:22.886+0000] {dagbag.py:538} INFO - Filling up the DagBag from /home/airflow/.local/lib/python3.8/site-packages/airflow/example_dags/example_branch_labels.py
[2025-01-23T09:57:22.908+0000] {processor.py:840} INFO - DAG(s) 'example_branch_labels' retrieved from /home/airflow/.local/lib/python3.8/site-packages/airflow/example_dags/example_branch_labels.py
[2025-01-23T09:57:22.962+0000] {logging_mixin.py:188} INFO - [2025-01-23T09:57:22.961+0000] {dag.py:3036} INFO - Sync 1 DAGs
[2025-01-23T09:57:23.019+0000] {logging_mixin.py:188} INFO - [2025-01-23T09:57:23.019+0000] {dag.py:3823} INFO - Setting next_dagrun for example_branch_labels to 2025-01-22 00:00:00+00:00, run_after=2025-01-23 00:00:00+00:00
[2025-01-23T09:57:23.075+0000] {processor.py:183} INFO - Processing /home/airflow/.local/lib/python3.8/site-packages/airflow/example_dags/example_branch_labels.py took 0.199 seconds
[2025-01-23T09:57:53.656+0000] {processor.py:161} INFO - Started process (PID=3912) to work on /home/airflow/.local/lib/python3.8/site-packages/airflow/example_dags/example_branch_labels.py
[2025-01-23T09:57:53.659+0000] {processor.py:830} INFO - Processing file /home/airflow/.local/lib/python3.8/site-packages/airflow/example_dags/example_branch_labels.py for tasks to queue
[2025-01-23T09:57:53.662+0000] {logging_mixin.py:188} INFO - [2025-01-23T09:57:53.661+0000] {dagbag.py:538} INFO - Filling up the DagBag from /home/airflow/.local/lib/python3.8/site-packages/airflow/example_dags/example_branch_labels.py
[2025-01-23T09:57:53.682+0000] {processor.py:840} INFO - DAG(s) 'example_branch_labels' retrieved from /home/airflow/.local/lib/python3.8/site-packages/airflow/example_dags/example_branch_labels.py
[2025-01-23T09:57:53.740+0000] {logging_mixin.py:188} INFO - [2025-01-23T09:57:53.739+0000] {dag.py:3036} INFO - Sync 1 DAGs
[2025-01-23T09:57:53.806+0000] {logging_mixin.py:188} INFO - [2025-01-23T09:57:53.805+0000] {dag.py:3823} INFO - Setting next_dagrun for example_branch_labels to 2025-01-22 00:00:00+00:00, run_after=2025-01-23 00:00:00+00:00
[2025-01-23T09:57:53.844+0000] {processor.py:183} INFO - Processing /home/airflow/.local/lib/python3.8/site-packages/airflow/example_dags/example_branch_labels.py took 0.195 seconds
[2025-01-23T09:58:24.503+0000] {processor.py:161} INFO - Started process (PID=3968) to work on /home/airflow/.local/lib/python3.8/site-packages/airflow/example_dags/example_branch_labels.py
[2025-01-23T09:58:24.507+0000] {processor.py:830} INFO - Processing file /home/airflow/.local/lib/python3.8/site-packages/airflow/example_dags/example_branch_labels.py for tasks to queue
[2025-01-23T09:58:24.511+0000] {logging_mixin.py:188} INFO - [2025-01-23T09:58:24.509+0000] {dagbag.py:538} INFO - Filling up the DagBag from /home/airflow/.local/lib/python3.8/site-packages/airflow/example_dags/example_branch_labels.py
[2025-01-23T09:58:24.529+0000] {processor.py:840} INFO - DAG(s) 'example_branch_labels' retrieved from /home/airflow/.local/lib/python3.8/site-packages/airflow/example_dags/example_branch_labels.py
[2025-01-23T09:58:24.581+0000] {logging_mixin.py:188} INFO - [2025-01-23T09:58:24.581+0000] {dag.py:3036} INFO - Sync 1 DAGs
[2025-01-23T09:58:24.628+0000] {logging_mixin.py:188} INFO - [2025-01-23T09:58:24.628+0000] {dag.py:3823} INFO - Setting next_dagrun for example_branch_labels to 2025-01-22 00:00:00+00:00, run_after=2025-01-23 00:00:00+00:00
[2025-01-23T09:58:24.662+0000] {processor.py:183} INFO - Processing /home/airflow/.local/lib/python3.8/site-packages/airflow/example_dags/example_branch_labels.py took 0.167 seconds
