[2025-01-23T09:23:14.357+0000] {processor.py:161} INFO - Started process (PID=120) to work on /home/airflow/.local/lib/python3.8/site-packages/airflow/example_dags/example_dag_decorator.py
[2025-01-23T09:23:14.360+0000] {processor.py:830} INFO - Processing file /home/airflow/.local/lib/python3.8/site-packages/airflow/example_dags/example_dag_decorator.py for tasks to queue
[2025-01-23T09:23:14.365+0000] {logging_mixin.py:188} INFO - [2025-01-23T09:23:14.365+0000] {dagbag.py:538} INFO - Filling up the DagBag from /home/airflow/.local/lib/python3.8/site-packages/airflow/example_dags/example_dag_decorator.py
[2025-01-23T09:23:15.014+0000] {processor.py:840} INFO - DAG(s) 'example_dag_decorator' retrieved from /home/airflow/.local/lib/python3.8/site-packages/airflow/example_dags/example_dag_decorator.py
[2025-01-23T09:23:15.604+0000] {logging_mixin.py:188} INFO - [2025-01-23T09:23:15.604+0000] {dag.py:3036} INFO - Sync 1 DAGs
[2025-01-23T09:23:15.654+0000] {logging_mixin.py:188} INFO - [2025-01-23T09:23:15.654+0000] {dag.py:3823} INFO - Setting next_dagrun for example_dag_decorator to None, run_after=None
[2025-01-23T09:23:15.728+0000] {processor.py:183} INFO - Processing /home/airflow/.local/lib/python3.8/site-packages/airflow/example_dags/example_dag_decorator.py took 1.380 seconds
[2025-01-23T09:23:45.931+0000] {processor.py:161} INFO - Started process (PID=177) to work on /home/airflow/.local/lib/python3.8/site-packages/airflow/example_dags/example_dag_decorator.py
[2025-01-23T09:23:45.939+0000] {processor.py:830} INFO - Processing file /home/airflow/.local/lib/python3.8/site-packages/airflow/example_dags/example_dag_decorator.py for tasks to queue
[2025-01-23T09:23:45.948+0000] {logging_mixin.py:188} INFO - [2025-01-23T09:23:45.944+0000] {dagbag.py:538} INFO - Filling up the DagBag from /home/airflow/.local/lib/python3.8/site-packages/airflow/example_dags/example_dag_decorator.py
[2025-01-23T09:23:46.412+0000] {processor.py:840} INFO - DAG(s) 'example_dag_decorator' retrieved from /home/airflow/.local/lib/python3.8/site-packages/airflow/example_dags/example_dag_decorator.py
[2025-01-23T09:23:46.857+0000] {logging_mixin.py:188} INFO - [2025-01-23T09:23:46.856+0000] {dag.py:3036} INFO - Sync 1 DAGs
[2025-01-23T09:23:46.934+0000] {logging_mixin.py:188} INFO - [2025-01-23T09:23:46.933+0000] {dag.py:3823} INFO - Setting next_dagrun for example_dag_decorator to None, run_after=None
[2025-01-23T09:23:47.009+0000] {processor.py:183} INFO - Processing /home/airflow/.local/lib/python3.8/site-packages/airflow/example_dags/example_dag_decorator.py took 1.097 seconds
[2025-01-23T09:24:17.421+0000] {processor.py:161} INFO - Started process (PID=233) to work on /home/airflow/.local/lib/python3.8/site-packages/airflow/example_dags/example_dag_decorator.py
[2025-01-23T09:24:17.423+0000] {processor.py:830} INFO - Processing file /home/airflow/.local/lib/python3.8/site-packages/airflow/example_dags/example_dag_decorator.py for tasks to queue
[2025-01-23T09:24:17.426+0000] {logging_mixin.py:188} INFO - [2025-01-23T09:24:17.425+0000] {dagbag.py:538} INFO - Filling up the DagBag from /home/airflow/.local/lib/python3.8/site-packages/airflow/example_dags/example_dag_decorator.py
[2025-01-23T09:24:17.630+0000] {processor.py:840} INFO - DAG(s) 'example_dag_decorator' retrieved from /home/airflow/.local/lib/python3.8/site-packages/airflow/example_dags/example_dag_decorator.py
[2025-01-23T09:24:17.849+0000] {logging_mixin.py:188} INFO - [2025-01-23T09:24:17.848+0000] {dag.py:3036} INFO - Sync 1 DAGs
[2025-01-23T09:24:17.870+0000] {logging_mixin.py:188} INFO - [2025-01-23T09:24:17.869+0000] {dag.py:3823} INFO - Setting next_dagrun for example_dag_decorator to None, run_after=None
[2025-01-23T09:24:17.907+0000] {processor.py:183} INFO - Processing /home/airflow/.local/lib/python3.8/site-packages/airflow/example_dags/example_dag_decorator.py took 0.491 seconds
[2025-01-23T09:24:47.989+0000] {processor.py:161} INFO - Started process (PID=289) to work on /home/airflow/.local/lib/python3.8/site-packages/airflow/example_dags/example_dag_decorator.py
[2025-01-23T09:24:47.991+0000] {processor.py:830} INFO - Processing file /home/airflow/.local/lib/python3.8/site-packages/airflow/example_dags/example_dag_decorator.py for tasks to queue
[2025-01-23T09:24:47.995+0000] {logging_mixin.py:188} INFO - [2025-01-23T09:24:47.994+0000] {dagbag.py:538} INFO - Filling up the DagBag from /home/airflow/.local/lib/python3.8/site-packages/airflow/example_dags/example_dag_decorator.py
[2025-01-23T09:24:48.196+0000] {processor.py:840} INFO - DAG(s) 'example_dag_decorator' retrieved from /home/airflow/.local/lib/python3.8/site-packages/airflow/example_dags/example_dag_decorator.py
[2025-01-23T09:24:48.414+0000] {logging_mixin.py:188} INFO - [2025-01-23T09:24:48.414+0000] {dag.py:3036} INFO - Sync 1 DAGs
[2025-01-23T09:24:48.433+0000] {logging_mixin.py:188} INFO - [2025-01-23T09:24:48.433+0000] {dag.py:3823} INFO - Setting next_dagrun for example_dag_decorator to None, run_after=None
[2025-01-23T09:24:48.469+0000] {processor.py:183} INFO - Processing /home/airflow/.local/lib/python3.8/site-packages/airflow/example_dags/example_dag_decorator.py took 0.488 seconds
[2025-01-23T09:25:18.535+0000] {processor.py:161} INFO - Started process (PID=346) to work on /home/airflow/.local/lib/python3.8/site-packages/airflow/example_dags/example_dag_decorator.py
[2025-01-23T09:25:18.537+0000] {processor.py:830} INFO - Processing file /home/airflow/.local/lib/python3.8/site-packages/airflow/example_dags/example_dag_decorator.py for tasks to queue
[2025-01-23T09:25:18.541+0000] {logging_mixin.py:188} INFO - [2025-01-23T09:25:18.540+0000] {dagbag.py:538} INFO - Filling up the DagBag from /home/airflow/.local/lib/python3.8/site-packages/airflow/example_dags/example_dag_decorator.py
[2025-01-23T09:25:18.727+0000] {processor.py:840} INFO - DAG(s) 'example_dag_decorator' retrieved from /home/airflow/.local/lib/python3.8/site-packages/airflow/example_dags/example_dag_decorator.py
[2025-01-23T09:25:18.900+0000] {logging_mixin.py:188} INFO - [2025-01-23T09:25:18.900+0000] {dag.py:3036} INFO - Sync 1 DAGs
[2025-01-23T09:25:18.918+0000] {logging_mixin.py:188} INFO - [2025-01-23T09:25:18.917+0000] {dag.py:3823} INFO - Setting next_dagrun for example_dag_decorator to None, run_after=None
[2025-01-23T09:25:18.951+0000] {processor.py:183} INFO - Processing /home/airflow/.local/lib/python3.8/site-packages/airflow/example_dags/example_dag_decorator.py took 0.422 seconds
[2025-01-23T09:25:49.176+0000] {processor.py:161} INFO - Started process (PID=401) to work on /home/airflow/.local/lib/python3.8/site-packages/airflow/example_dags/example_dag_decorator.py
[2025-01-23T09:25:49.179+0000] {processor.py:830} INFO - Processing file /home/airflow/.local/lib/python3.8/site-packages/airflow/example_dags/example_dag_decorator.py for tasks to queue
[2025-01-23T09:25:49.185+0000] {logging_mixin.py:188} INFO - [2025-01-23T09:25:49.184+0000] {dagbag.py:538} INFO - Filling up the DagBag from /home/airflow/.local/lib/python3.8/site-packages/airflow/example_dags/example_dag_decorator.py
[2025-01-23T09:25:49.452+0000] {processor.py:840} INFO - DAG(s) 'example_dag_decorator' retrieved from /home/airflow/.local/lib/python3.8/site-packages/airflow/example_dags/example_dag_decorator.py
[2025-01-23T09:25:49.751+0000] {logging_mixin.py:188} INFO - [2025-01-23T09:25:49.750+0000] {dag.py:3036} INFO - Sync 1 DAGs
[2025-01-23T09:25:49.774+0000] {logging_mixin.py:188} INFO - [2025-01-23T09:25:49.774+0000] {dag.py:3823} INFO - Setting next_dagrun for example_dag_decorator to None, run_after=None
[2025-01-23T09:25:49.812+0000] {processor.py:183} INFO - Processing /home/airflow/.local/lib/python3.8/site-packages/airflow/example_dags/example_dag_decorator.py took 0.644 seconds
[2025-01-23T09:26:19.869+0000] {processor.py:161} INFO - Started process (PID=458) to work on /home/airflow/.local/lib/python3.8/site-packages/airflow/example_dags/example_dag_decorator.py
[2025-01-23T09:26:19.872+0000] {processor.py:830} INFO - Processing file /home/airflow/.local/lib/python3.8/site-packages/airflow/example_dags/example_dag_decorator.py for tasks to queue
[2025-01-23T09:26:19.875+0000] {logging_mixin.py:188} INFO - [2025-01-23T09:26:19.875+0000] {dagbag.py:538} INFO - Filling up the DagBag from /home/airflow/.local/lib/python3.8/site-packages/airflow/example_dags/example_dag_decorator.py
[2025-01-23T09:26:20.194+0000] {processor.py:840} INFO - DAG(s) 'example_dag_decorator' retrieved from /home/airflow/.local/lib/python3.8/site-packages/airflow/example_dags/example_dag_decorator.py
[2025-01-23T09:26:20.554+0000] {logging_mixin.py:188} INFO - [2025-01-23T09:26:20.553+0000] {dag.py:3036} INFO - Sync 1 DAGs
[2025-01-23T09:26:20.589+0000] {logging_mixin.py:188} INFO - [2025-01-23T09:26:20.589+0000] {dag.py:3823} INFO - Setting next_dagrun for example_dag_decorator to None, run_after=None
[2025-01-23T09:26:20.647+0000] {processor.py:183} INFO - Processing /home/airflow/.local/lib/python3.8/site-packages/airflow/example_dags/example_dag_decorator.py took 0.784 seconds
[2025-01-23T09:26:50.823+0000] {processor.py:161} INFO - Started process (PID=516) to work on /home/airflow/.local/lib/python3.8/site-packages/airflow/example_dags/example_dag_decorator.py
[2025-01-23T09:26:50.825+0000] {processor.py:830} INFO - Processing file /home/airflow/.local/lib/python3.8/site-packages/airflow/example_dags/example_dag_decorator.py for tasks to queue
[2025-01-23T09:26:50.829+0000] {logging_mixin.py:188} INFO - [2025-01-23T09:26:50.829+0000] {dagbag.py:538} INFO - Filling up the DagBag from /home/airflow/.local/lib/python3.8/site-packages/airflow/example_dags/example_dag_decorator.py
[2025-01-23T09:26:51.063+0000] {processor.py:840} INFO - DAG(s) 'example_dag_decorator' retrieved from /home/airflow/.local/lib/python3.8/site-packages/airflow/example_dags/example_dag_decorator.py
[2025-01-23T09:26:51.286+0000] {logging_mixin.py:188} INFO - [2025-01-23T09:26:51.286+0000] {dag.py:3036} INFO - Sync 1 DAGs
[2025-01-23T09:26:51.309+0000] {logging_mixin.py:188} INFO - [2025-01-23T09:26:51.307+0000] {dag.py:3823} INFO - Setting next_dagrun for example_dag_decorator to None, run_after=None
[2025-01-23T09:26:51.363+0000] {processor.py:183} INFO - Processing /home/airflow/.local/lib/python3.8/site-packages/airflow/example_dags/example_dag_decorator.py took 0.546 seconds
[2025-01-23T09:27:22.054+0000] {processor.py:161} INFO - Started process (PID=572) to work on /home/airflow/.local/lib/python3.8/site-packages/airflow/example_dags/example_dag_decorator.py
[2025-01-23T09:27:22.058+0000] {processor.py:830} INFO - Processing file /home/airflow/.local/lib/python3.8/site-packages/airflow/example_dags/example_dag_decorator.py for tasks to queue
[2025-01-23T09:27:22.069+0000] {logging_mixin.py:188} INFO - [2025-01-23T09:27:22.067+0000] {dagbag.py:538} INFO - Filling up the DagBag from /home/airflow/.local/lib/python3.8/site-packages/airflow/example_dags/example_dag_decorator.py
[2025-01-23T09:27:22.434+0000] {processor.py:840} INFO - DAG(s) 'example_dag_decorator' retrieved from /home/airflow/.local/lib/python3.8/site-packages/airflow/example_dags/example_dag_decorator.py
[2025-01-23T09:27:22.838+0000] {logging_mixin.py:188} INFO - [2025-01-23T09:27:22.837+0000] {dag.py:3036} INFO - Sync 1 DAGs
[2025-01-23T09:27:22.865+0000] {logging_mixin.py:188} INFO - [2025-01-23T09:27:22.865+0000] {dag.py:3823} INFO - Setting next_dagrun for example_dag_decorator to None, run_after=None
[2025-01-23T09:27:22.913+0000] {processor.py:183} INFO - Processing /home/airflow/.local/lib/python3.8/site-packages/airflow/example_dags/example_dag_decorator.py took 0.882 seconds
[2025-01-23T09:27:53.118+0000] {processor.py:161} INFO - Started process (PID=629) to work on /home/airflow/.local/lib/python3.8/site-packages/airflow/example_dags/example_dag_decorator.py
[2025-01-23T09:27:53.120+0000] {processor.py:830} INFO - Processing file /home/airflow/.local/lib/python3.8/site-packages/airflow/example_dags/example_dag_decorator.py for tasks to queue
[2025-01-23T09:27:53.124+0000] {logging_mixin.py:188} INFO - [2025-01-23T09:27:53.124+0000] {dagbag.py:538} INFO - Filling up the DagBag from /home/airflow/.local/lib/python3.8/site-packages/airflow/example_dags/example_dag_decorator.py
[2025-01-23T09:27:53.330+0000] {processor.py:840} INFO - DAG(s) 'example_dag_decorator' retrieved from /home/airflow/.local/lib/python3.8/site-packages/airflow/example_dags/example_dag_decorator.py
[2025-01-23T09:27:53.536+0000] {logging_mixin.py:188} INFO - [2025-01-23T09:27:53.535+0000] {dag.py:3036} INFO - Sync 1 DAGs
[2025-01-23T09:27:53.554+0000] {logging_mixin.py:188} INFO - [2025-01-23T09:27:53.554+0000] {dag.py:3823} INFO - Setting next_dagrun for example_dag_decorator to None, run_after=None
[2025-01-23T09:27:53.589+0000] {processor.py:183} INFO - Processing /home/airflow/.local/lib/python3.8/site-packages/airflow/example_dags/example_dag_decorator.py took 0.478 seconds
[2025-01-23T09:28:23.994+0000] {processor.py:161} INFO - Started process (PID=686) to work on /home/airflow/.local/lib/python3.8/site-packages/airflow/example_dags/example_dag_decorator.py
[2025-01-23T09:28:23.995+0000] {processor.py:830} INFO - Processing file /home/airflow/.local/lib/python3.8/site-packages/airflow/example_dags/example_dag_decorator.py for tasks to queue
[2025-01-23T09:28:23.999+0000] {logging_mixin.py:188} INFO - [2025-01-23T09:28:23.998+0000] {dagbag.py:538} INFO - Filling up the DagBag from /home/airflow/.local/lib/python3.8/site-packages/airflow/example_dags/example_dag_decorator.py
[2025-01-23T09:28:24.233+0000] {processor.py:840} INFO - DAG(s) 'example_dag_decorator' retrieved from /home/airflow/.local/lib/python3.8/site-packages/airflow/example_dags/example_dag_decorator.py
[2025-01-23T09:28:24.942+0000] {logging_mixin.py:188} INFO - [2025-01-23T09:28:24.942+0000] {dag.py:3036} INFO - Sync 1 DAGs
[2025-01-23T09:28:25.018+0000] {logging_mixin.py:188} INFO - [2025-01-23T09:28:25.017+0000] {dag.py:3823} INFO - Setting next_dagrun for example_dag_decorator to None, run_after=None
[2025-01-23T09:28:25.102+0000] {processor.py:183} INFO - Processing /home/airflow/.local/lib/python3.8/site-packages/airflow/example_dags/example_dag_decorator.py took 1.115 seconds
[2025-01-23T09:28:55.306+0000] {processor.py:161} INFO - Started process (PID=743) to work on /home/airflow/.local/lib/python3.8/site-packages/airflow/example_dags/example_dag_decorator.py
[2025-01-23T09:28:55.307+0000] {processor.py:830} INFO - Processing file /home/airflow/.local/lib/python3.8/site-packages/airflow/example_dags/example_dag_decorator.py for tasks to queue
[2025-01-23T09:28:55.311+0000] {logging_mixin.py:188} INFO - [2025-01-23T09:28:55.310+0000] {dagbag.py:538} INFO - Filling up the DagBag from /home/airflow/.local/lib/python3.8/site-packages/airflow/example_dags/example_dag_decorator.py
[2025-01-23T09:28:55.494+0000] {processor.py:840} INFO - DAG(s) 'example_dag_decorator' retrieved from /home/airflow/.local/lib/python3.8/site-packages/airflow/example_dags/example_dag_decorator.py
[2025-01-23T09:28:55.702+0000] {logging_mixin.py:188} INFO - [2025-01-23T09:28:55.701+0000] {dag.py:3036} INFO - Sync 1 DAGs
[2025-01-23T09:28:55.721+0000] {logging_mixin.py:188} INFO - [2025-01-23T09:28:55.720+0000] {dag.py:3823} INFO - Setting next_dagrun for example_dag_decorator to None, run_after=None
[2025-01-23T09:28:55.756+0000] {processor.py:183} INFO - Processing /home/airflow/.local/lib/python3.8/site-packages/airflow/example_dags/example_dag_decorator.py took 0.456 seconds
[2025-01-23T09:29:26.035+0000] {processor.py:161} INFO - Started process (PID=800) to work on /home/airflow/.local/lib/python3.8/site-packages/airflow/example_dags/example_dag_decorator.py
[2025-01-23T09:29:26.038+0000] {processor.py:830} INFO - Processing file /home/airflow/.local/lib/python3.8/site-packages/airflow/example_dags/example_dag_decorator.py for tasks to queue
[2025-01-23T09:29:26.044+0000] {logging_mixin.py:188} INFO - [2025-01-23T09:29:26.043+0000] {dagbag.py:538} INFO - Filling up the DagBag from /home/airflow/.local/lib/python3.8/site-packages/airflow/example_dags/example_dag_decorator.py
[2025-01-23T09:29:26.558+0000] {processor.py:840} INFO - DAG(s) 'example_dag_decorator' retrieved from /home/airflow/.local/lib/python3.8/site-packages/airflow/example_dags/example_dag_decorator.py
[2025-01-23T09:29:26.902+0000] {logging_mixin.py:188} INFO - [2025-01-23T09:29:26.901+0000] {dag.py:3036} INFO - Sync 1 DAGs
[2025-01-23T09:29:26.924+0000] {logging_mixin.py:188} INFO - [2025-01-23T09:29:26.924+0000] {dag.py:3823} INFO - Setting next_dagrun for example_dag_decorator to None, run_after=None
[2025-01-23T09:29:26.964+0000] {processor.py:183} INFO - Processing /home/airflow/.local/lib/python3.8/site-packages/airflow/example_dags/example_dag_decorator.py took 0.952 seconds
[2025-01-23T09:29:57.055+0000] {processor.py:161} INFO - Started process (PID=857) to work on /home/airflow/.local/lib/python3.8/site-packages/airflow/example_dags/example_dag_decorator.py
[2025-01-23T09:29:57.057+0000] {processor.py:830} INFO - Processing file /home/airflow/.local/lib/python3.8/site-packages/airflow/example_dags/example_dag_decorator.py for tasks to queue
[2025-01-23T09:29:57.061+0000] {logging_mixin.py:188} INFO - [2025-01-23T09:29:57.061+0000] {dagbag.py:538} INFO - Filling up the DagBag from /home/airflow/.local/lib/python3.8/site-packages/airflow/example_dags/example_dag_decorator.py
[2025-01-23T09:29:57.294+0000] {processor.py:840} INFO - DAG(s) 'example_dag_decorator' retrieved from /home/airflow/.local/lib/python3.8/site-packages/airflow/example_dags/example_dag_decorator.py
[2025-01-23T09:29:57.589+0000] {logging_mixin.py:188} INFO - [2025-01-23T09:29:57.588+0000] {dag.py:3036} INFO - Sync 1 DAGs
[2025-01-23T09:29:57.630+0000] {logging_mixin.py:188} INFO - [2025-01-23T09:29:57.630+0000] {dag.py:3823} INFO - Setting next_dagrun for example_dag_decorator to None, run_after=None
[2025-01-23T09:29:57.696+0000] {processor.py:183} INFO - Processing /home/airflow/.local/lib/python3.8/site-packages/airflow/example_dags/example_dag_decorator.py took 0.647 seconds
[2025-01-23T09:30:28.527+0000] {processor.py:161} INFO - Started process (PID=913) to work on /home/airflow/.local/lib/python3.8/site-packages/airflow/example_dags/example_dag_decorator.py
[2025-01-23T09:30:28.530+0000] {processor.py:830} INFO - Processing file /home/airflow/.local/lib/python3.8/site-packages/airflow/example_dags/example_dag_decorator.py for tasks to queue
[2025-01-23T09:30:28.542+0000] {logging_mixin.py:188} INFO - [2025-01-23T09:30:28.541+0000] {dagbag.py:538} INFO - Filling up the DagBag from /home/airflow/.local/lib/python3.8/site-packages/airflow/example_dags/example_dag_decorator.py
[2025-01-23T09:30:29.014+0000] {processor.py:840} INFO - DAG(s) 'example_dag_decorator' retrieved from /home/airflow/.local/lib/python3.8/site-packages/airflow/example_dags/example_dag_decorator.py
[2025-01-23T09:30:29.467+0000] {logging_mixin.py:188} INFO - [2025-01-23T09:30:29.466+0000] {dag.py:3036} INFO - Sync 1 DAGs
[2025-01-23T09:30:29.515+0000] {logging_mixin.py:188} INFO - [2025-01-23T09:30:29.514+0000] {dag.py:3823} INFO - Setting next_dagrun for example_dag_decorator to None, run_after=None
[2025-01-23T09:30:29.593+0000] {processor.py:183} INFO - Processing /home/airflow/.local/lib/python3.8/site-packages/airflow/example_dags/example_dag_decorator.py took 1.078 seconds
[2025-01-23T09:31:00.064+0000] {processor.py:161} INFO - Started process (PID=971) to work on /home/airflow/.local/lib/python3.8/site-packages/airflow/example_dags/example_dag_decorator.py
[2025-01-23T09:31:00.083+0000] {processor.py:830} INFO - Processing file /home/airflow/.local/lib/python3.8/site-packages/airflow/example_dags/example_dag_decorator.py for tasks to queue
[2025-01-23T09:31:00.085+0000] {logging_mixin.py:188} INFO - [2025-01-23T09:31:00.084+0000] {dagbag.py:538} INFO - Filling up the DagBag from /home/airflow/.local/lib/python3.8/site-packages/airflow/example_dags/example_dag_decorator.py
[2025-01-23T09:31:00.373+0000] {processor.py:840} INFO - DAG(s) 'example_dag_decorator' retrieved from /home/airflow/.local/lib/python3.8/site-packages/airflow/example_dags/example_dag_decorator.py
[2025-01-23T09:31:00.782+0000] {logging_mixin.py:188} INFO - [2025-01-23T09:31:00.781+0000] {dag.py:3036} INFO - Sync 1 DAGs
[2025-01-23T09:31:00.807+0000] {logging_mixin.py:188} INFO - [2025-01-23T09:31:00.807+0000] {dag.py:3823} INFO - Setting next_dagrun for example_dag_decorator to None, run_after=None
[2025-01-23T09:31:00.849+0000] {processor.py:183} INFO - Processing /home/airflow/.local/lib/python3.8/site-packages/airflow/example_dags/example_dag_decorator.py took 0.792 seconds
[2025-01-23T09:31:30.918+0000] {processor.py:161} INFO - Started process (PID=1027) to work on /home/airflow/.local/lib/python3.8/site-packages/airflow/example_dags/example_dag_decorator.py
[2025-01-23T09:31:30.920+0000] {processor.py:830} INFO - Processing file /home/airflow/.local/lib/python3.8/site-packages/airflow/example_dags/example_dag_decorator.py for tasks to queue
[2025-01-23T09:31:30.922+0000] {logging_mixin.py:188} INFO - [2025-01-23T09:31:30.921+0000] {dagbag.py:538} INFO - Filling up the DagBag from /home/airflow/.local/lib/python3.8/site-packages/airflow/example_dags/example_dag_decorator.py
[2025-01-23T09:31:31.142+0000] {processor.py:840} INFO - DAG(s) 'example_dag_decorator' retrieved from /home/airflow/.local/lib/python3.8/site-packages/airflow/example_dags/example_dag_decorator.py
[2025-01-23T09:31:31.384+0000] {logging_mixin.py:188} INFO - [2025-01-23T09:31:31.384+0000] {dag.py:3036} INFO - Sync 1 DAGs
[2025-01-23T09:31:31.407+0000] {logging_mixin.py:188} INFO - [2025-01-23T09:31:31.407+0000] {dag.py:3823} INFO - Setting next_dagrun for example_dag_decorator to None, run_after=None
[2025-01-23T09:31:31.686+0000] {processor.py:183} INFO - Processing /home/airflow/.local/lib/python3.8/site-packages/airflow/example_dags/example_dag_decorator.py took 0.774 seconds
[2025-01-23T09:32:01.797+0000] {processor.py:161} INFO - Started process (PID=1095) to work on /home/airflow/.local/lib/python3.8/site-packages/airflow/example_dags/example_dag_decorator.py
[2025-01-23T09:32:01.799+0000] {processor.py:830} INFO - Processing file /home/airflow/.local/lib/python3.8/site-packages/airflow/example_dags/example_dag_decorator.py for tasks to queue
[2025-01-23T09:32:01.801+0000] {logging_mixin.py:188} INFO - [2025-01-23T09:32:01.800+0000] {dagbag.py:538} INFO - Filling up the DagBag from /home/airflow/.local/lib/python3.8/site-packages/airflow/example_dags/example_dag_decorator.py
[2025-01-23T09:32:01.965+0000] {processor.py:840} INFO - DAG(s) 'example_dag_decorator' retrieved from /home/airflow/.local/lib/python3.8/site-packages/airflow/example_dags/example_dag_decorator.py
[2025-01-23T09:32:02.120+0000] {logging_mixin.py:188} INFO - [2025-01-23T09:32:02.120+0000] {dag.py:3036} INFO - Sync 1 DAGs
[2025-01-23T09:32:02.136+0000] {logging_mixin.py:188} INFO - [2025-01-23T09:32:02.135+0000] {dag.py:3823} INFO - Setting next_dagrun for example_dag_decorator to None, run_after=None
[2025-01-23T09:32:02.170+0000] {processor.py:183} INFO - Processing /home/airflow/.local/lib/python3.8/site-packages/airflow/example_dags/example_dag_decorator.py took 0.378 seconds
[2025-01-23T09:32:32.385+0000] {processor.py:161} INFO - Started process (PID=1148) to work on /home/airflow/.local/lib/python3.8/site-packages/airflow/example_dags/example_dag_decorator.py
[2025-01-23T09:32:32.389+0000] {processor.py:830} INFO - Processing file /home/airflow/.local/lib/python3.8/site-packages/airflow/example_dags/example_dag_decorator.py for tasks to queue
[2025-01-23T09:32:32.392+0000] {logging_mixin.py:188} INFO - [2025-01-23T09:32:32.391+0000] {dagbag.py:538} INFO - Filling up the DagBag from /home/airflow/.local/lib/python3.8/site-packages/airflow/example_dags/example_dag_decorator.py
[2025-01-23T09:32:32.818+0000] {processor.py:840} INFO - DAG(s) 'example_dag_decorator' retrieved from /home/airflow/.local/lib/python3.8/site-packages/airflow/example_dags/example_dag_decorator.py
[2025-01-23T09:32:33.430+0000] {logging_mixin.py:188} INFO - [2025-01-23T09:32:33.430+0000] {dag.py:3036} INFO - Sync 1 DAGs
[2025-01-23T09:32:33.497+0000] {logging_mixin.py:188} INFO - [2025-01-23T09:32:33.496+0000] {dag.py:3823} INFO - Setting next_dagrun for example_dag_decorator to None, run_after=None
[2025-01-23T09:32:33.602+0000] {processor.py:183} INFO - Processing /home/airflow/.local/lib/python3.8/site-packages/airflow/example_dags/example_dag_decorator.py took 1.228 seconds
[2025-01-23T09:33:03.762+0000] {processor.py:161} INFO - Started process (PID=1204) to work on /home/airflow/.local/lib/python3.8/site-packages/airflow/example_dags/example_dag_decorator.py
[2025-01-23T09:33:03.764+0000] {processor.py:830} INFO - Processing file /home/airflow/.local/lib/python3.8/site-packages/airflow/example_dags/example_dag_decorator.py for tasks to queue
[2025-01-23T09:33:03.767+0000] {logging_mixin.py:188} INFO - [2025-01-23T09:33:03.766+0000] {dagbag.py:538} INFO - Filling up the DagBag from /home/airflow/.local/lib/python3.8/site-packages/airflow/example_dags/example_dag_decorator.py
[2025-01-23T09:33:04.040+0000] {processor.py:840} INFO - DAG(s) 'example_dag_decorator' retrieved from /home/airflow/.local/lib/python3.8/site-packages/airflow/example_dags/example_dag_decorator.py
[2025-01-23T09:33:04.327+0000] {logging_mixin.py:188} INFO - [2025-01-23T09:33:04.327+0000] {dag.py:3036} INFO - Sync 1 DAGs
[2025-01-23T09:33:04.352+0000] {logging_mixin.py:188} INFO - [2025-01-23T09:33:04.351+0000] {dag.py:3823} INFO - Setting next_dagrun for example_dag_decorator to None, run_after=None
[2025-01-23T09:33:04.389+0000] {processor.py:183} INFO - Processing /home/airflow/.local/lib/python3.8/site-packages/airflow/example_dags/example_dag_decorator.py took 0.633 seconds
[2025-01-23T09:33:34.522+0000] {processor.py:161} INFO - Started process (PID=1260) to work on /home/airflow/.local/lib/python3.8/site-packages/airflow/example_dags/example_dag_decorator.py
[2025-01-23T09:33:34.535+0000] {processor.py:830} INFO - Processing file /home/airflow/.local/lib/python3.8/site-packages/airflow/example_dags/example_dag_decorator.py for tasks to queue
[2025-01-23T09:33:34.540+0000] {logging_mixin.py:188} INFO - [2025-01-23T09:33:34.539+0000] {dagbag.py:538} INFO - Filling up the DagBag from /home/airflow/.local/lib/python3.8/site-packages/airflow/example_dags/example_dag_decorator.py
[2025-01-23T09:33:34.847+0000] {processor.py:840} INFO - DAG(s) 'example_dag_decorator' retrieved from /home/airflow/.local/lib/python3.8/site-packages/airflow/example_dags/example_dag_decorator.py
[2025-01-23T09:33:35.348+0000] {logging_mixin.py:188} INFO - [2025-01-23T09:33:35.348+0000] {dag.py:3036} INFO - Sync 1 DAGs
[2025-01-23T09:33:35.375+0000] {logging_mixin.py:188} INFO - [2025-01-23T09:33:35.375+0000] {dag.py:3823} INFO - Setting next_dagrun for example_dag_decorator to None, run_after=None
[2025-01-23T09:33:35.423+0000] {processor.py:183} INFO - Processing /home/airflow/.local/lib/python3.8/site-packages/airflow/example_dags/example_dag_decorator.py took 0.920 seconds
[2025-01-23T09:34:05.510+0000] {processor.py:161} INFO - Started process (PID=1319) to work on /home/airflow/.local/lib/python3.8/site-packages/airflow/example_dags/example_dag_decorator.py
[2025-01-23T09:34:05.512+0000] {processor.py:830} INFO - Processing file /home/airflow/.local/lib/python3.8/site-packages/airflow/example_dags/example_dag_decorator.py for tasks to queue
[2025-01-23T09:34:05.513+0000] {logging_mixin.py:188} INFO - [2025-01-23T09:34:05.513+0000] {dagbag.py:538} INFO - Filling up the DagBag from /home/airflow/.local/lib/python3.8/site-packages/airflow/example_dags/example_dag_decorator.py
[2025-01-23T09:34:05.703+0000] {processor.py:840} INFO - DAG(s) 'example_dag_decorator' retrieved from /home/airflow/.local/lib/python3.8/site-packages/airflow/example_dags/example_dag_decorator.py
[2025-01-23T09:34:06.152+0000] {logging_mixin.py:188} INFO - [2025-01-23T09:34:06.151+0000] {dag.py:3036} INFO - Sync 1 DAGs
[2025-01-23T09:34:06.239+0000] {logging_mixin.py:188} INFO - [2025-01-23T09:34:06.238+0000] {dag.py:3823} INFO - Setting next_dagrun for example_dag_decorator to None, run_after=None
[2025-01-23T09:34:06.385+0000] {processor.py:183} INFO - Processing /home/airflow/.local/lib/python3.8/site-packages/airflow/example_dags/example_dag_decorator.py took 0.882 seconds
[2025-01-23T09:34:37.318+0000] {processor.py:161} INFO - Started process (PID=1375) to work on /home/airflow/.local/lib/python3.8/site-packages/airflow/example_dags/example_dag_decorator.py
[2025-01-23T09:34:37.322+0000] {processor.py:830} INFO - Processing file /home/airflow/.local/lib/python3.8/site-packages/airflow/example_dags/example_dag_decorator.py for tasks to queue
[2025-01-23T09:34:37.326+0000] {logging_mixin.py:188} INFO - [2025-01-23T09:34:37.325+0000] {dagbag.py:538} INFO - Filling up the DagBag from /home/airflow/.local/lib/python3.8/site-packages/airflow/example_dags/example_dag_decorator.py
[2025-01-23T09:34:37.734+0000] {processor.py:840} INFO - DAG(s) 'example_dag_decorator' retrieved from /home/airflow/.local/lib/python3.8/site-packages/airflow/example_dags/example_dag_decorator.py
[2025-01-23T09:34:38.130+0000] {logging_mixin.py:188} INFO - [2025-01-23T09:34:38.130+0000] {dag.py:3036} INFO - Sync 1 DAGs
[2025-01-23T09:34:38.153+0000] {logging_mixin.py:188} INFO - [2025-01-23T09:34:38.152+0000] {dag.py:3823} INFO - Setting next_dagrun for example_dag_decorator to None, run_after=None
[2025-01-23T09:34:38.194+0000] {processor.py:183} INFO - Processing /home/airflow/.local/lib/python3.8/site-packages/airflow/example_dags/example_dag_decorator.py took 0.890 seconds
[2025-01-23T09:35:08.865+0000] {processor.py:161} INFO - Started process (PID=1432) to work on /home/airflow/.local/lib/python3.8/site-packages/airflow/example_dags/example_dag_decorator.py
[2025-01-23T09:35:08.869+0000] {processor.py:830} INFO - Processing file /home/airflow/.local/lib/python3.8/site-packages/airflow/example_dags/example_dag_decorator.py for tasks to queue
[2025-01-23T09:35:08.871+0000] {logging_mixin.py:188} INFO - [2025-01-23T09:35:08.870+0000] {dagbag.py:538} INFO - Filling up the DagBag from /home/airflow/.local/lib/python3.8/site-packages/airflow/example_dags/example_dag_decorator.py
[2025-01-23T09:35:09.066+0000] {processor.py:840} INFO - DAG(s) 'example_dag_decorator' retrieved from /home/airflow/.local/lib/python3.8/site-packages/airflow/example_dags/example_dag_decorator.py
[2025-01-23T09:35:09.266+0000] {logging_mixin.py:188} INFO - [2025-01-23T09:35:09.266+0000] {dag.py:3036} INFO - Sync 1 DAGs
[2025-01-23T09:35:09.488+0000] {logging_mixin.py:188} INFO - [2025-01-23T09:35:09.488+0000] {dag.py:3823} INFO - Setting next_dagrun for example_dag_decorator to None, run_after=None
[2025-01-23T09:35:09.539+0000] {processor.py:183} INFO - Processing /home/airflow/.local/lib/python3.8/site-packages/airflow/example_dags/example_dag_decorator.py took 0.680 seconds
[2025-01-23T09:35:39.827+0000] {processor.py:161} INFO - Started process (PID=1489) to work on /home/airflow/.local/lib/python3.8/site-packages/airflow/example_dags/example_dag_decorator.py
[2025-01-23T09:35:39.829+0000] {processor.py:830} INFO - Processing file /home/airflow/.local/lib/python3.8/site-packages/airflow/example_dags/example_dag_decorator.py for tasks to queue
[2025-01-23T09:35:39.830+0000] {logging_mixin.py:188} INFO - [2025-01-23T09:35:39.830+0000] {dagbag.py:538} INFO - Filling up the DagBag from /home/airflow/.local/lib/python3.8/site-packages/airflow/example_dags/example_dag_decorator.py
[2025-01-23T09:35:40.062+0000] {processor.py:840} INFO - DAG(s) 'example_dag_decorator' retrieved from /home/airflow/.local/lib/python3.8/site-packages/airflow/example_dags/example_dag_decorator.py
[2025-01-23T09:35:40.295+0000] {logging_mixin.py:188} INFO - [2025-01-23T09:35:40.294+0000] {dag.py:3036} INFO - Sync 1 DAGs
[2025-01-23T09:35:40.322+0000] {logging_mixin.py:188} INFO - [2025-01-23T09:35:40.322+0000] {dag.py:3823} INFO - Setting next_dagrun for example_dag_decorator to None, run_after=None
[2025-01-23T09:35:40.573+0000] {processor.py:183} INFO - Processing /home/airflow/.local/lib/python3.8/site-packages/airflow/example_dags/example_dag_decorator.py took 0.753 seconds
[2025-01-23T09:36:10.709+0000] {processor.py:161} INFO - Started process (PID=1547) to work on /home/airflow/.local/lib/python3.8/site-packages/airflow/example_dags/example_dag_decorator.py
[2025-01-23T09:36:10.714+0000] {processor.py:830} INFO - Processing file /home/airflow/.local/lib/python3.8/site-packages/airflow/example_dags/example_dag_decorator.py for tasks to queue
[2025-01-23T09:36:10.717+0000] {logging_mixin.py:188} INFO - [2025-01-23T09:36:10.716+0000] {dagbag.py:538} INFO - Filling up the DagBag from /home/airflow/.local/lib/python3.8/site-packages/airflow/example_dags/example_dag_decorator.py
[2025-01-23T09:36:11.188+0000] {processor.py:840} INFO - DAG(s) 'example_dag_decorator' retrieved from /home/airflow/.local/lib/python3.8/site-packages/airflow/example_dags/example_dag_decorator.py
[2025-01-23T09:36:11.513+0000] {logging_mixin.py:188} INFO - [2025-01-23T09:36:11.513+0000] {dag.py:3036} INFO - Sync 1 DAGs
[2025-01-23T09:36:11.538+0000] {logging_mixin.py:188} INFO - [2025-01-23T09:36:11.538+0000] {dag.py:3823} INFO - Setting next_dagrun for example_dag_decorator to None, run_after=None
[2025-01-23T09:36:11.796+0000] {processor.py:183} INFO - Processing /home/airflow/.local/lib/python3.8/site-packages/airflow/example_dags/example_dag_decorator.py took 1.098 seconds
[2025-01-23T09:36:42.515+0000] {processor.py:161} INFO - Started process (PID=1604) to work on /home/airflow/.local/lib/python3.8/site-packages/airflow/example_dags/example_dag_decorator.py
[2025-01-23T09:36:42.517+0000] {processor.py:830} INFO - Processing file /home/airflow/.local/lib/python3.8/site-packages/airflow/example_dags/example_dag_decorator.py for tasks to queue
[2025-01-23T09:36:42.519+0000] {logging_mixin.py:188} INFO - [2025-01-23T09:36:42.519+0000] {dagbag.py:538} INFO - Filling up the DagBag from /home/airflow/.local/lib/python3.8/site-packages/airflow/example_dags/example_dag_decorator.py
[2025-01-23T09:36:42.694+0000] {processor.py:840} INFO - DAG(s) 'example_dag_decorator' retrieved from /home/airflow/.local/lib/python3.8/site-packages/airflow/example_dags/example_dag_decorator.py
[2025-01-23T09:36:43.050+0000] {logging_mixin.py:188} INFO - [2025-01-23T09:36:43.049+0000] {dag.py:3036} INFO - Sync 1 DAGs
[2025-01-23T09:36:43.065+0000] {logging_mixin.py:188} INFO - [2025-01-23T09:36:43.064+0000] {dag.py:3823} INFO - Setting next_dagrun for example_dag_decorator to None, run_after=None
[2025-01-23T09:36:43.097+0000] {processor.py:183} INFO - Processing /home/airflow/.local/lib/python3.8/site-packages/airflow/example_dags/example_dag_decorator.py took 0.586 seconds
[2025-01-23T09:37:13.281+0000] {processor.py:161} INFO - Started process (PID=1660) to work on /home/airflow/.local/lib/python3.8/site-packages/airflow/example_dags/example_dag_decorator.py
[2025-01-23T09:37:13.283+0000] {processor.py:830} INFO - Processing file /home/airflow/.local/lib/python3.8/site-packages/airflow/example_dags/example_dag_decorator.py for tasks to queue
[2025-01-23T09:37:13.285+0000] {logging_mixin.py:188} INFO - [2025-01-23T09:37:13.284+0000] {dagbag.py:538} INFO - Filling up the DagBag from /home/airflow/.local/lib/python3.8/site-packages/airflow/example_dags/example_dag_decorator.py
[2025-01-23T09:37:13.483+0000] {processor.py:840} INFO - DAG(s) 'example_dag_decorator' retrieved from /home/airflow/.local/lib/python3.8/site-packages/airflow/example_dags/example_dag_decorator.py
[2025-01-23T09:37:13.526+0000] {logging_mixin.py:188} INFO - [2025-01-23T09:37:13.526+0000] {dag.py:3036} INFO - Sync 1 DAGs
[2025-01-23T09:37:13.554+0000] {logging_mixin.py:188} INFO - [2025-01-23T09:37:13.554+0000] {dag.py:3823} INFO - Setting next_dagrun for example_dag_decorator to None, run_after=None
[2025-01-23T09:37:13.604+0000] {processor.py:183} INFO - Processing /home/airflow/.local/lib/python3.8/site-packages/airflow/example_dags/example_dag_decorator.py took 0.332 seconds
[2025-01-23T09:37:43.854+0000] {processor.py:161} INFO - Started process (PID=1716) to work on /home/airflow/.local/lib/python3.8/site-packages/airflow/example_dags/example_dag_decorator.py
[2025-01-23T09:37:43.857+0000] {processor.py:830} INFO - Processing file /home/airflow/.local/lib/python3.8/site-packages/airflow/example_dags/example_dag_decorator.py for tasks to queue
[2025-01-23T09:37:43.860+0000] {logging_mixin.py:188} INFO - [2025-01-23T09:37:43.859+0000] {dagbag.py:538} INFO - Filling up the DagBag from /home/airflow/.local/lib/python3.8/site-packages/airflow/example_dags/example_dag_decorator.py
[2025-01-23T09:37:44.072+0000] {processor.py:840} INFO - DAG(s) 'example_dag_decorator' retrieved from /home/airflow/.local/lib/python3.8/site-packages/airflow/example_dags/example_dag_decorator.py
[2025-01-23T09:37:44.485+0000] {logging_mixin.py:188} INFO - [2025-01-23T09:37:44.484+0000] {dag.py:3036} INFO - Sync 1 DAGs
[2025-01-23T09:37:44.505+0000] {logging_mixin.py:188} INFO - [2025-01-23T09:37:44.505+0000] {dag.py:3823} INFO - Setting next_dagrun for example_dag_decorator to None, run_after=None
[2025-01-23T09:37:44.542+0000] {processor.py:183} INFO - Processing /home/airflow/.local/lib/python3.8/site-packages/airflow/example_dags/example_dag_decorator.py took 0.695 seconds
[2025-01-23T09:38:15.095+0000] {processor.py:161} INFO - Started process (PID=1773) to work on /home/airflow/.local/lib/python3.8/site-packages/airflow/example_dags/example_dag_decorator.py
[2025-01-23T09:38:15.098+0000] {processor.py:830} INFO - Processing file /home/airflow/.local/lib/python3.8/site-packages/airflow/example_dags/example_dag_decorator.py for tasks to queue
[2025-01-23T09:38:15.101+0000] {logging_mixin.py:188} INFO - [2025-01-23T09:38:15.100+0000] {dagbag.py:538} INFO - Filling up the DagBag from /home/airflow/.local/lib/python3.8/site-packages/airflow/example_dags/example_dag_decorator.py
[2025-01-23T09:38:15.368+0000] {processor.py:840} INFO - DAG(s) 'example_dag_decorator' retrieved from /home/airflow/.local/lib/python3.8/site-packages/airflow/example_dags/example_dag_decorator.py
[2025-01-23T09:38:15.833+0000] {logging_mixin.py:188} INFO - [2025-01-23T09:38:15.833+0000] {dag.py:3036} INFO - Sync 1 DAGs
[2025-01-23T09:38:15.853+0000] {logging_mixin.py:188} INFO - [2025-01-23T09:38:15.853+0000] {dag.py:3823} INFO - Setting next_dagrun for example_dag_decorator to None, run_after=None
[2025-01-23T09:38:15.890+0000] {processor.py:183} INFO - Processing /home/airflow/.local/lib/python3.8/site-packages/airflow/example_dags/example_dag_decorator.py took 0.827 seconds
[2025-01-23T09:38:46.284+0000] {processor.py:161} INFO - Started process (PID=1830) to work on /home/airflow/.local/lib/python3.8/site-packages/airflow/example_dags/example_dag_decorator.py
[2025-01-23T09:38:46.286+0000] {processor.py:830} INFO - Processing file /home/airflow/.local/lib/python3.8/site-packages/airflow/example_dags/example_dag_decorator.py for tasks to queue
[2025-01-23T09:38:46.288+0000] {logging_mixin.py:188} INFO - [2025-01-23T09:38:46.287+0000] {dagbag.py:538} INFO - Filling up the DagBag from /home/airflow/.local/lib/python3.8/site-packages/airflow/example_dags/example_dag_decorator.py
[2025-01-23T09:38:46.507+0000] {processor.py:840} INFO - DAG(s) 'example_dag_decorator' retrieved from /home/airflow/.local/lib/python3.8/site-packages/airflow/example_dags/example_dag_decorator.py
[2025-01-23T09:38:47.142+0000] {logging_mixin.py:188} INFO - [2025-01-23T09:38:47.142+0000] {dag.py:3036} INFO - Sync 1 DAGs
[2025-01-23T09:38:47.174+0000] {logging_mixin.py:188} INFO - [2025-01-23T09:38:47.173+0000] {dag.py:3823} INFO - Setting next_dagrun for example_dag_decorator to None, run_after=None
[2025-01-23T09:38:47.252+0000] {processor.py:183} INFO - Processing /home/airflow/.local/lib/python3.8/site-packages/airflow/example_dags/example_dag_decorator.py took 0.973 seconds
[2025-01-23T09:39:17.869+0000] {processor.py:161} INFO - Started process (PID=1887) to work on /home/airflow/.local/lib/python3.8/site-packages/airflow/example_dags/example_dag_decorator.py
[2025-01-23T09:39:17.874+0000] {processor.py:830} INFO - Processing file /home/airflow/.local/lib/python3.8/site-packages/airflow/example_dags/example_dag_decorator.py for tasks to queue
[2025-01-23T09:39:17.892+0000] {logging_mixin.py:188} INFO - [2025-01-23T09:39:17.890+0000] {dagbag.py:538} INFO - Filling up the DagBag from /home/airflow/.local/lib/python3.8/site-packages/airflow/example_dags/example_dag_decorator.py
[2025-01-23T09:39:18.494+0000] {processor.py:840} INFO - DAG(s) 'example_dag_decorator' retrieved from /home/airflow/.local/lib/python3.8/site-packages/airflow/example_dags/example_dag_decorator.py
[2025-01-23T09:39:19.567+0000] {logging_mixin.py:188} INFO - [2025-01-23T09:39:19.566+0000] {dag.py:3036} INFO - Sync 1 DAGs
[2025-01-23T09:39:19.601+0000] {logging_mixin.py:188} INFO - [2025-01-23T09:39:19.601+0000] {dag.py:3823} INFO - Setting next_dagrun for example_dag_decorator to None, run_after=None
[2025-01-23T09:39:19.657+0000] {processor.py:183} INFO - Processing /home/airflow/.local/lib/python3.8/site-packages/airflow/example_dags/example_dag_decorator.py took 1.805 seconds
[2025-01-23T09:39:50.517+0000] {processor.py:161} INFO - Started process (PID=1943) to work on /home/airflow/.local/lib/python3.8/site-packages/airflow/example_dags/example_dag_decorator.py
[2025-01-23T09:39:50.519+0000] {processor.py:830} INFO - Processing file /home/airflow/.local/lib/python3.8/site-packages/airflow/example_dags/example_dag_decorator.py for tasks to queue
[2025-01-23T09:39:50.521+0000] {logging_mixin.py:188} INFO - [2025-01-23T09:39:50.520+0000] {dagbag.py:538} INFO - Filling up the DagBag from /home/airflow/.local/lib/python3.8/site-packages/airflow/example_dags/example_dag_decorator.py
[2025-01-23T09:39:50.757+0000] {processor.py:840} INFO - DAG(s) 'example_dag_decorator' retrieved from /home/airflow/.local/lib/python3.8/site-packages/airflow/example_dags/example_dag_decorator.py
[2025-01-23T09:39:51.146+0000] {logging_mixin.py:188} INFO - [2025-01-23T09:39:51.145+0000] {dag.py:3036} INFO - Sync 1 DAGs
[2025-01-23T09:39:51.165+0000] {logging_mixin.py:188} INFO - [2025-01-23T09:39:51.165+0000] {dag.py:3823} INFO - Setting next_dagrun for example_dag_decorator to None, run_after=None
[2025-01-23T09:39:51.204+0000] {processor.py:183} INFO - Processing /home/airflow/.local/lib/python3.8/site-packages/airflow/example_dags/example_dag_decorator.py took 0.693 seconds
[2025-01-23T09:40:21.320+0000] {processor.py:161} INFO - Started process (PID=1999) to work on /home/airflow/.local/lib/python3.8/site-packages/airflow/example_dags/example_dag_decorator.py
[2025-01-23T09:40:21.324+0000] {processor.py:830} INFO - Processing file /home/airflow/.local/lib/python3.8/site-packages/airflow/example_dags/example_dag_decorator.py for tasks to queue
[2025-01-23T09:40:21.327+0000] {logging_mixin.py:188} INFO - [2025-01-23T09:40:21.326+0000] {dagbag.py:538} INFO - Filling up the DagBag from /home/airflow/.local/lib/python3.8/site-packages/airflow/example_dags/example_dag_decorator.py
[2025-01-23T09:40:21.607+0000] {processor.py:840} INFO - DAG(s) 'example_dag_decorator' retrieved from /home/airflow/.local/lib/python3.8/site-packages/airflow/example_dags/example_dag_decorator.py
[2025-01-23T09:40:22.119+0000] {logging_mixin.py:188} INFO - [2025-01-23T09:40:22.118+0000] {dag.py:3036} INFO - Sync 1 DAGs
[2025-01-23T09:40:22.142+0000] {logging_mixin.py:188} INFO - [2025-01-23T09:40:22.141+0000] {dag.py:3823} INFO - Setting next_dagrun for example_dag_decorator to None, run_after=None
[2025-01-23T09:40:22.191+0000] {processor.py:183} INFO - Processing /home/airflow/.local/lib/python3.8/site-packages/airflow/example_dags/example_dag_decorator.py took 0.884 seconds
[2025-01-23T09:40:52.676+0000] {processor.py:161} INFO - Started process (PID=2056) to work on /home/airflow/.local/lib/python3.8/site-packages/airflow/example_dags/example_dag_decorator.py
[2025-01-23T09:40:52.678+0000] {processor.py:830} INFO - Processing file /home/airflow/.local/lib/python3.8/site-packages/airflow/example_dags/example_dag_decorator.py for tasks to queue
[2025-01-23T09:40:52.680+0000] {logging_mixin.py:188} INFO - [2025-01-23T09:40:52.679+0000] {dagbag.py:538} INFO - Filling up the DagBag from /home/airflow/.local/lib/python3.8/site-packages/airflow/example_dags/example_dag_decorator.py
[2025-01-23T09:40:52.916+0000] {processor.py:840} INFO - DAG(s) 'example_dag_decorator' retrieved from /home/airflow/.local/lib/python3.8/site-packages/airflow/example_dags/example_dag_decorator.py
[2025-01-23T09:40:53.328+0000] {logging_mixin.py:188} INFO - [2025-01-23T09:40:53.327+0000] {dag.py:3036} INFO - Sync 1 DAGs
[2025-01-23T09:40:53.348+0000] {logging_mixin.py:188} INFO - [2025-01-23T09:40:53.347+0000] {dag.py:3823} INFO - Setting next_dagrun for example_dag_decorator to None, run_after=None
[2025-01-23T09:40:53.384+0000] {processor.py:183} INFO - Processing /home/airflow/.local/lib/python3.8/site-packages/airflow/example_dags/example_dag_decorator.py took 0.715 seconds
[2025-01-23T09:41:23.629+0000] {processor.py:161} INFO - Started process (PID=2113) to work on /home/airflow/.local/lib/python3.8/site-packages/airflow/example_dags/example_dag_decorator.py
[2025-01-23T09:41:23.633+0000] {processor.py:830} INFO - Processing file /home/airflow/.local/lib/python3.8/site-packages/airflow/example_dags/example_dag_decorator.py for tasks to queue
[2025-01-23T09:41:23.638+0000] {logging_mixin.py:188} INFO - [2025-01-23T09:41:23.636+0000] {dagbag.py:538} INFO - Filling up the DagBag from /home/airflow/.local/lib/python3.8/site-packages/airflow/example_dags/example_dag_decorator.py
[2025-01-23T09:41:24.513+0000] {processor.py:840} INFO - DAG(s) 'example_dag_decorator' retrieved from /home/airflow/.local/lib/python3.8/site-packages/airflow/example_dags/example_dag_decorator.py
[2025-01-23T09:41:24.799+0000] {logging_mixin.py:188} INFO - [2025-01-23T09:41:24.799+0000] {dag.py:3036} INFO - Sync 1 DAGs
[2025-01-23T09:41:24.824+0000] {logging_mixin.py:188} INFO - [2025-01-23T09:41:24.824+0000] {dag.py:3823} INFO - Setting next_dagrun for example_dag_decorator to None, run_after=None
[2025-01-23T09:41:24.867+0000] {processor.py:183} INFO - Processing /home/airflow/.local/lib/python3.8/site-packages/airflow/example_dags/example_dag_decorator.py took 1.263 seconds
[2025-01-23T09:42:01.200+0000] {processor.py:161} INFO - Started process (PID=2172) to work on /home/airflow/.local/lib/python3.8/site-packages/airflow/example_dags/example_dag_decorator.py
[2025-01-23T09:42:01.239+0000] {processor.py:830} INFO - Processing file /home/airflow/.local/lib/python3.8/site-packages/airflow/example_dags/example_dag_decorator.py for tasks to queue
[2025-01-23T09:42:01.300+0000] {logging_mixin.py:188} INFO - [2025-01-23T09:42:01.299+0000] {dagbag.py:538} INFO - Filling up the DagBag from /home/airflow/.local/lib/python3.8/site-packages/airflow/example_dags/example_dag_decorator.py
[2025-01-23T09:42:03.837+0000] {processor.py:840} INFO - DAG(s) 'example_dag_decorator' retrieved from /home/airflow/.local/lib/python3.8/site-packages/airflow/example_dags/example_dag_decorator.py
[2025-01-23T09:42:05.023+0000] {logging_mixin.py:188} INFO - [2025-01-23T09:42:05.022+0000] {dag.py:3036} INFO - Sync 1 DAGs
[2025-01-23T09:42:05.146+0000] {logging_mixin.py:188} INFO - [2025-01-23T09:42:05.144+0000] {dag.py:3823} INFO - Setting next_dagrun for example_dag_decorator to None, run_after=None
[2025-01-23T09:42:05.364+0000] {processor.py:183} INFO - Processing /home/airflow/.local/lib/python3.8/site-packages/airflow/example_dags/example_dag_decorator.py took 4.197 seconds
[2025-01-23T09:42:36.207+0000] {processor.py:161} INFO - Started process (PID=2235) to work on /home/airflow/.local/lib/python3.8/site-packages/airflow/example_dags/example_dag_decorator.py
[2025-01-23T09:42:36.222+0000] {processor.py:830} INFO - Processing file /home/airflow/.local/lib/python3.8/site-packages/airflow/example_dags/example_dag_decorator.py for tasks to queue
[2025-01-23T09:42:36.225+0000] {logging_mixin.py:188} INFO - [2025-01-23T09:42:36.224+0000] {dagbag.py:538} INFO - Filling up the DagBag from /home/airflow/.local/lib/python3.8/site-packages/airflow/example_dags/example_dag_decorator.py
[2025-01-23T09:42:36.618+0000] {processor.py:840} INFO - DAG(s) 'example_dag_decorator' retrieved from /home/airflow/.local/lib/python3.8/site-packages/airflow/example_dags/example_dag_decorator.py
[2025-01-23T09:42:37.155+0000] {logging_mixin.py:188} INFO - [2025-01-23T09:42:37.154+0000] {dag.py:3036} INFO - Sync 1 DAGs
[2025-01-23T09:42:37.175+0000] {logging_mixin.py:188} INFO - [2025-01-23T09:42:37.174+0000] {dag.py:3823} INFO - Setting next_dagrun for example_dag_decorator to None, run_after=None
[2025-01-23T09:42:37.213+0000] {processor.py:183} INFO - Processing /home/airflow/.local/lib/python3.8/site-packages/airflow/example_dags/example_dag_decorator.py took 1.012 seconds
[2025-01-23T09:43:07.848+0000] {processor.py:161} INFO - Started process (PID=2293) to work on /home/airflow/.local/lib/python3.8/site-packages/airflow/example_dags/example_dag_decorator.py
[2025-01-23T09:43:07.873+0000] {processor.py:830} INFO - Processing file /home/airflow/.local/lib/python3.8/site-packages/airflow/example_dags/example_dag_decorator.py for tasks to queue
[2025-01-23T09:43:07.880+0000] {logging_mixin.py:188} INFO - [2025-01-23T09:43:07.878+0000] {dagbag.py:538} INFO - Filling up the DagBag from /home/airflow/.local/lib/python3.8/site-packages/airflow/example_dags/example_dag_decorator.py
[2025-01-23T09:43:08.409+0000] {processor.py:840} INFO - DAG(s) 'example_dag_decorator' retrieved from /home/airflow/.local/lib/python3.8/site-packages/airflow/example_dags/example_dag_decorator.py
[2025-01-23T09:43:09.304+0000] {logging_mixin.py:188} INFO - [2025-01-23T09:43:09.303+0000] {dag.py:3036} INFO - Sync 1 DAGs
[2025-01-23T09:43:09.338+0000] {logging_mixin.py:188} INFO - [2025-01-23T09:43:09.337+0000] {dag.py:3823} INFO - Setting next_dagrun for example_dag_decorator to None, run_after=None
[2025-01-23T09:43:09.397+0000] {processor.py:183} INFO - Processing /home/airflow/.local/lib/python3.8/site-packages/airflow/example_dags/example_dag_decorator.py took 1.588 seconds
[2025-01-23T09:43:40.607+0000] {processor.py:161} INFO - Started process (PID=2353) to work on /home/airflow/.local/lib/python3.8/site-packages/airflow/example_dags/example_dag_decorator.py
[2025-01-23T09:43:40.609+0000] {processor.py:830} INFO - Processing file /home/airflow/.local/lib/python3.8/site-packages/airflow/example_dags/example_dag_decorator.py for tasks to queue
[2025-01-23T09:43:40.611+0000] {logging_mixin.py:188} INFO - [2025-01-23T09:43:40.610+0000] {dagbag.py:538} INFO - Filling up the DagBag from /home/airflow/.local/lib/python3.8/site-packages/airflow/example_dags/example_dag_decorator.py
[2025-01-23T09:43:40.940+0000] {processor.py:840} INFO - DAG(s) 'example_dag_decorator' retrieved from /home/airflow/.local/lib/python3.8/site-packages/airflow/example_dags/example_dag_decorator.py
[2025-01-23T09:43:41.537+0000] {logging_mixin.py:188} INFO - [2025-01-23T09:43:41.536+0000] {dag.py:3036} INFO - Sync 1 DAGs
[2025-01-23T09:43:41.569+0000] {logging_mixin.py:188} INFO - [2025-01-23T09:43:41.568+0000] {dag.py:3823} INFO - Setting next_dagrun for example_dag_decorator to None, run_after=None
[2025-01-23T09:43:41.660+0000] {processor.py:183} INFO - Processing /home/airflow/.local/lib/python3.8/site-packages/airflow/example_dags/example_dag_decorator.py took 1.061 seconds
[2025-01-23T09:44:11.886+0000] {processor.py:161} INFO - Started process (PID=2410) to work on /home/airflow/.local/lib/python3.8/site-packages/airflow/example_dags/example_dag_decorator.py
[2025-01-23T09:44:11.888+0000] {processor.py:830} INFO - Processing file /home/airflow/.local/lib/python3.8/site-packages/airflow/example_dags/example_dag_decorator.py for tasks to queue
[2025-01-23T09:44:11.890+0000] {logging_mixin.py:188} INFO - [2025-01-23T09:44:11.890+0000] {dagbag.py:538} INFO - Filling up the DagBag from /home/airflow/.local/lib/python3.8/site-packages/airflow/example_dags/example_dag_decorator.py
[2025-01-23T09:44:12.315+0000] {processor.py:840} INFO - DAG(s) 'example_dag_decorator' retrieved from /home/airflow/.local/lib/python3.8/site-packages/airflow/example_dags/example_dag_decorator.py
[2025-01-23T09:44:12.556+0000] {logging_mixin.py:188} INFO - [2025-01-23T09:44:12.555+0000] {dag.py:3036} INFO - Sync 1 DAGs
[2025-01-23T09:44:12.590+0000] {logging_mixin.py:188} INFO - [2025-01-23T09:44:12.589+0000] {dag.py:3823} INFO - Setting next_dagrun for example_dag_decorator to None, run_after=None
[2025-01-23T09:44:12.642+0000] {processor.py:183} INFO - Processing /home/airflow/.local/lib/python3.8/site-packages/airflow/example_dags/example_dag_decorator.py took 0.766 seconds
[2025-01-23T09:44:43.000+0000] {processor.py:161} INFO - Started process (PID=2467) to work on /home/airflow/.local/lib/python3.8/site-packages/airflow/example_dags/example_dag_decorator.py
[2025-01-23T09:44:43.003+0000] {processor.py:830} INFO - Processing file /home/airflow/.local/lib/python3.8/site-packages/airflow/example_dags/example_dag_decorator.py for tasks to queue
[2025-01-23T09:44:43.007+0000] {logging_mixin.py:188} INFO - [2025-01-23T09:44:43.005+0000] {dagbag.py:538} INFO - Filling up the DagBag from /home/airflow/.local/lib/python3.8/site-packages/airflow/example_dags/example_dag_decorator.py
[2025-01-23T09:44:43.412+0000] {processor.py:840} INFO - DAG(s) 'example_dag_decorator' retrieved from /home/airflow/.local/lib/python3.8/site-packages/airflow/example_dags/example_dag_decorator.py
[2025-01-23T09:44:43.609+0000] {logging_mixin.py:188} INFO - [2025-01-23T09:44:43.609+0000] {dag.py:3036} INFO - Sync 1 DAGs
[2025-01-23T09:44:43.631+0000] {logging_mixin.py:188} INFO - [2025-01-23T09:44:43.630+0000] {dag.py:3823} INFO - Setting next_dagrun for example_dag_decorator to None, run_after=None
[2025-01-23T09:44:43.668+0000] {processor.py:183} INFO - Processing /home/airflow/.local/lib/python3.8/site-packages/airflow/example_dags/example_dag_decorator.py took 0.675 seconds
[2025-01-23T09:45:14.605+0000] {processor.py:161} INFO - Started process (PID=2525) to work on /home/airflow/.local/lib/python3.8/site-packages/airflow/example_dags/example_dag_decorator.py
[2025-01-23T09:45:14.607+0000] {processor.py:830} INFO - Processing file /home/airflow/.local/lib/python3.8/site-packages/airflow/example_dags/example_dag_decorator.py for tasks to queue
[2025-01-23T09:45:14.610+0000] {logging_mixin.py:188} INFO - [2025-01-23T09:45:14.609+0000] {dagbag.py:538} INFO - Filling up the DagBag from /home/airflow/.local/lib/python3.8/site-packages/airflow/example_dags/example_dag_decorator.py
[2025-01-23T09:45:15.045+0000] {processor.py:840} INFO - DAG(s) 'example_dag_decorator' retrieved from /home/airflow/.local/lib/python3.8/site-packages/airflow/example_dags/example_dag_decorator.py
[2025-01-23T09:45:15.199+0000] {logging_mixin.py:188} INFO - [2025-01-23T09:45:15.199+0000] {dag.py:3036} INFO - Sync 1 DAGs
[2025-01-23T09:45:15.213+0000] {logging_mixin.py:188} INFO - [2025-01-23T09:45:15.213+0000] {dag.py:3823} INFO - Setting next_dagrun for example_dag_decorator to None, run_after=None
[2025-01-23T09:45:15.241+0000] {processor.py:183} INFO - Processing /home/airflow/.local/lib/python3.8/site-packages/airflow/example_dags/example_dag_decorator.py took 0.642 seconds
[2025-01-23T09:45:46.886+0000] {processor.py:161} INFO - Started process (PID=2582) to work on /home/airflow/.local/lib/python3.8/site-packages/airflow/example_dags/example_dag_decorator.py
[2025-01-23T09:45:46.889+0000] {processor.py:830} INFO - Processing file /home/airflow/.local/lib/python3.8/site-packages/airflow/example_dags/example_dag_decorator.py for tasks to queue
[2025-01-23T09:45:46.893+0000] {logging_mixin.py:188} INFO - [2025-01-23T09:45:46.891+0000] {dagbag.py:538} INFO - Filling up the DagBag from /home/airflow/.local/lib/python3.8/site-packages/airflow/example_dags/example_dag_decorator.py
[2025-01-23T09:45:47.480+0000] {processor.py:840} INFO - DAG(s) 'example_dag_decorator' retrieved from /home/airflow/.local/lib/python3.8/site-packages/airflow/example_dags/example_dag_decorator.py
[2025-01-23T09:45:47.872+0000] {logging_mixin.py:188} INFO - [2025-01-23T09:45:47.871+0000] {dag.py:3036} INFO - Sync 1 DAGs
[2025-01-23T09:45:47.911+0000] {logging_mixin.py:188} INFO - [2025-01-23T09:45:47.910+0000] {dag.py:3823} INFO - Setting next_dagrun for example_dag_decorator to None, run_after=None
[2025-01-23T09:45:47.981+0000] {processor.py:183} INFO - Processing /home/airflow/.local/lib/python3.8/site-packages/airflow/example_dags/example_dag_decorator.py took 1.107 seconds
[2025-01-23T09:46:18.898+0000] {processor.py:161} INFO - Started process (PID=2639) to work on /home/airflow/.local/lib/python3.8/site-packages/airflow/example_dags/example_dag_decorator.py
[2025-01-23T09:46:18.903+0000] {processor.py:830} INFO - Processing file /home/airflow/.local/lib/python3.8/site-packages/airflow/example_dags/example_dag_decorator.py for tasks to queue
[2025-01-23T09:46:18.908+0000] {logging_mixin.py:188} INFO - [2025-01-23T09:46:18.907+0000] {dagbag.py:538} INFO - Filling up the DagBag from /home/airflow/.local/lib/python3.8/site-packages/airflow/example_dags/example_dag_decorator.py
[2025-01-23T09:46:19.408+0000] {processor.py:840} INFO - DAG(s) 'example_dag_decorator' retrieved from /home/airflow/.local/lib/python3.8/site-packages/airflow/example_dags/example_dag_decorator.py
[2025-01-23T09:46:20.031+0000] {logging_mixin.py:188} INFO - [2025-01-23T09:46:20.031+0000] {dag.py:3036} INFO - Sync 1 DAGs
[2025-01-23T09:46:20.104+0000] {logging_mixin.py:188} INFO - [2025-01-23T09:46:20.104+0000] {dag.py:3823} INFO - Setting next_dagrun for example_dag_decorator to None, run_after=None
[2025-01-23T09:46:20.166+0000] {processor.py:183} INFO - Processing /home/airflow/.local/lib/python3.8/site-packages/airflow/example_dags/example_dag_decorator.py took 1.284 seconds
[2025-01-23T09:46:51.631+0000] {processor.py:161} INFO - Started process (PID=2697) to work on /home/airflow/.local/lib/python3.8/site-packages/airflow/example_dags/example_dag_decorator.py
[2025-01-23T09:46:51.637+0000] {processor.py:830} INFO - Processing file /home/airflow/.local/lib/python3.8/site-packages/airflow/example_dags/example_dag_decorator.py for tasks to queue
[2025-01-23T09:46:51.641+0000] {logging_mixin.py:188} INFO - [2025-01-23T09:46:51.640+0000] {dagbag.py:538} INFO - Filling up the DagBag from /home/airflow/.local/lib/python3.8/site-packages/airflow/example_dags/example_dag_decorator.py
[2025-01-23T09:46:52.099+0000] {processor.py:840} INFO - DAG(s) 'example_dag_decorator' retrieved from /home/airflow/.local/lib/python3.8/site-packages/airflow/example_dags/example_dag_decorator.py
[2025-01-23T09:46:52.219+0000] {logging_mixin.py:188} INFO - [2025-01-23T09:46:52.218+0000] {dag.py:3036} INFO - Sync 1 DAGs
[2025-01-23T09:46:52.272+0000] {logging_mixin.py:188} INFO - [2025-01-23T09:46:52.271+0000] {dag.py:3823} INFO - Setting next_dagrun for example_dag_decorator to None, run_after=None
[2025-01-23T09:46:52.374+0000] {processor.py:183} INFO - Processing /home/airflow/.local/lib/python3.8/site-packages/airflow/example_dags/example_dag_decorator.py took 0.755 seconds
[2025-01-23T09:47:22.951+0000] {processor.py:161} INFO - Started process (PID=2756) to work on /home/airflow/.local/lib/python3.8/site-packages/airflow/example_dags/example_dag_decorator.py
[2025-01-23T09:47:22.953+0000] {processor.py:830} INFO - Processing file /home/airflow/.local/lib/python3.8/site-packages/airflow/example_dags/example_dag_decorator.py for tasks to queue
[2025-01-23T09:47:22.955+0000] {logging_mixin.py:188} INFO - [2025-01-23T09:47:22.954+0000] {dagbag.py:538} INFO - Filling up the DagBag from /home/airflow/.local/lib/python3.8/site-packages/airflow/example_dags/example_dag_decorator.py
[2025-01-23T09:47:23.137+0000] {processor.py:840} INFO - DAG(s) 'example_dag_decorator' retrieved from /home/airflow/.local/lib/python3.8/site-packages/airflow/example_dags/example_dag_decorator.py
[2025-01-23T09:47:23.337+0000] {logging_mixin.py:188} INFO - [2025-01-23T09:47:23.337+0000] {dag.py:3036} INFO - Sync 1 DAGs
[2025-01-23T09:47:23.359+0000] {logging_mixin.py:188} INFO - [2025-01-23T09:47:23.359+0000] {dag.py:3823} INFO - Setting next_dagrun for example_dag_decorator to None, run_after=None
[2025-01-23T09:47:23.394+0000] {processor.py:183} INFO - Processing /home/airflow/.local/lib/python3.8/site-packages/airflow/example_dags/example_dag_decorator.py took 0.449 seconds
[2025-01-23T09:47:53.967+0000] {processor.py:161} INFO - Started process (PID=2813) to work on /home/airflow/.local/lib/python3.8/site-packages/airflow/example_dags/example_dag_decorator.py
[2025-01-23T09:47:53.971+0000] {processor.py:830} INFO - Processing file /home/airflow/.local/lib/python3.8/site-packages/airflow/example_dags/example_dag_decorator.py for tasks to queue
[2025-01-23T09:47:53.973+0000] {logging_mixin.py:188} INFO - [2025-01-23T09:47:53.972+0000] {dagbag.py:538} INFO - Filling up the DagBag from /home/airflow/.local/lib/python3.8/site-packages/airflow/example_dags/example_dag_decorator.py
[2025-01-23T09:47:54.211+0000] {processor.py:840} INFO - DAG(s) 'example_dag_decorator' retrieved from /home/airflow/.local/lib/python3.8/site-packages/airflow/example_dags/example_dag_decorator.py
[2025-01-23T09:47:54.407+0000] {logging_mixin.py:188} INFO - [2025-01-23T09:47:54.407+0000] {dag.py:3036} INFO - Sync 1 DAGs
[2025-01-23T09:47:54.426+0000] {logging_mixin.py:188} INFO - [2025-01-23T09:47:54.425+0000] {dag.py:3823} INFO - Setting next_dagrun for example_dag_decorator to None, run_after=None
[2025-01-23T09:47:54.464+0000] {processor.py:183} INFO - Processing /home/airflow/.local/lib/python3.8/site-packages/airflow/example_dags/example_dag_decorator.py took 0.505 seconds
[2025-01-23T09:48:25.301+0000] {processor.py:161} INFO - Started process (PID=2868) to work on /home/airflow/.local/lib/python3.8/site-packages/airflow/example_dags/example_dag_decorator.py
[2025-01-23T09:48:25.303+0000] {processor.py:830} INFO - Processing file /home/airflow/.local/lib/python3.8/site-packages/airflow/example_dags/example_dag_decorator.py for tasks to queue
[2025-01-23T09:48:25.305+0000] {logging_mixin.py:188} INFO - [2025-01-23T09:48:25.304+0000] {dagbag.py:538} INFO - Filling up the DagBag from /home/airflow/.local/lib/python3.8/site-packages/airflow/example_dags/example_dag_decorator.py
[2025-01-23T09:48:25.494+0000] {processor.py:840} INFO - DAG(s) 'example_dag_decorator' retrieved from /home/airflow/.local/lib/python3.8/site-packages/airflow/example_dags/example_dag_decorator.py
[2025-01-23T09:48:25.997+0000] {logging_mixin.py:188} INFO - [2025-01-23T09:48:25.997+0000] {dag.py:3036} INFO - Sync 1 DAGs
[2025-01-23T09:48:26.049+0000] {logging_mixin.py:188} INFO - [2025-01-23T09:48:26.048+0000] {dag.py:3823} INFO - Setting next_dagrun for example_dag_decorator to None, run_after=None
[2025-01-23T09:48:26.103+0000] {processor.py:183} INFO - Processing /home/airflow/.local/lib/python3.8/site-packages/airflow/example_dags/example_dag_decorator.py took 0.807 seconds
[2025-01-23T09:48:56.228+0000] {processor.py:161} INFO - Started process (PID=2925) to work on /home/airflow/.local/lib/python3.8/site-packages/airflow/example_dags/example_dag_decorator.py
[2025-01-23T09:48:56.230+0000] {processor.py:830} INFO - Processing file /home/airflow/.local/lib/python3.8/site-packages/airflow/example_dags/example_dag_decorator.py for tasks to queue
[2025-01-23T09:48:56.233+0000] {logging_mixin.py:188} INFO - [2025-01-23T09:48:56.232+0000] {dagbag.py:538} INFO - Filling up the DagBag from /home/airflow/.local/lib/python3.8/site-packages/airflow/example_dags/example_dag_decorator.py
[2025-01-23T09:48:56.470+0000] {processor.py:840} INFO - DAG(s) 'example_dag_decorator' retrieved from /home/airflow/.local/lib/python3.8/site-packages/airflow/example_dags/example_dag_decorator.py
[2025-01-23T09:48:56.710+0000] {logging_mixin.py:188} INFO - [2025-01-23T09:48:56.709+0000] {dag.py:3036} INFO - Sync 1 DAGs
[2025-01-23T09:48:56.748+0000] {logging_mixin.py:188} INFO - [2025-01-23T09:48:56.748+0000] {dag.py:3823} INFO - Setting next_dagrun for example_dag_decorator to None, run_after=None
[2025-01-23T09:48:56.798+0000] {processor.py:183} INFO - Processing /home/airflow/.local/lib/python3.8/site-packages/airflow/example_dags/example_dag_decorator.py took 0.582 seconds
[2025-01-23T09:49:27.836+0000] {processor.py:161} INFO - Started process (PID=2981) to work on /home/airflow/.local/lib/python3.8/site-packages/airflow/example_dags/example_dag_decorator.py
[2025-01-23T09:49:27.841+0000] {processor.py:830} INFO - Processing file /home/airflow/.local/lib/python3.8/site-packages/airflow/example_dags/example_dag_decorator.py for tasks to queue
[2025-01-23T09:49:27.844+0000] {logging_mixin.py:188} INFO - [2025-01-23T09:49:27.843+0000] {dagbag.py:538} INFO - Filling up the DagBag from /home/airflow/.local/lib/python3.8/site-packages/airflow/example_dags/example_dag_decorator.py
[2025-01-23T09:49:28.352+0000] {processor.py:840} INFO - DAG(s) 'example_dag_decorator' retrieved from /home/airflow/.local/lib/python3.8/site-packages/airflow/example_dags/example_dag_decorator.py
[2025-01-23T09:49:28.459+0000] {logging_mixin.py:188} INFO - [2025-01-23T09:49:28.458+0000] {dag.py:3036} INFO - Sync 1 DAGs
[2025-01-23T09:49:28.540+0000] {logging_mixin.py:188} INFO - [2025-01-23T09:49:28.539+0000] {dag.py:3823} INFO - Setting next_dagrun for example_dag_decorator to None, run_after=None
[2025-01-23T09:49:28.627+0000] {processor.py:183} INFO - Processing /home/airflow/.local/lib/python3.8/site-packages/airflow/example_dags/example_dag_decorator.py took 0.801 seconds
[2025-01-23T09:49:59.310+0000] {processor.py:161} INFO - Started process (PID=3037) to work on /home/airflow/.local/lib/python3.8/site-packages/airflow/example_dags/example_dag_decorator.py
[2025-01-23T09:49:59.313+0000] {processor.py:830} INFO - Processing file /home/airflow/.local/lib/python3.8/site-packages/airflow/example_dags/example_dag_decorator.py for tasks to queue
[2025-01-23T09:49:59.315+0000] {logging_mixin.py:188} INFO - [2025-01-23T09:49:59.314+0000] {dagbag.py:538} INFO - Filling up the DagBag from /home/airflow/.local/lib/python3.8/site-packages/airflow/example_dags/example_dag_decorator.py
[2025-01-23T09:49:59.514+0000] {processor.py:840} INFO - DAG(s) 'example_dag_decorator' retrieved from /home/airflow/.local/lib/python3.8/site-packages/airflow/example_dags/example_dag_decorator.py
[2025-01-23T09:49:59.700+0000] {logging_mixin.py:188} INFO - [2025-01-23T09:49:59.699+0000] {dag.py:3036} INFO - Sync 1 DAGs
[2025-01-23T09:49:59.716+0000] {logging_mixin.py:188} INFO - [2025-01-23T09:49:59.716+0000] {dag.py:3823} INFO - Setting next_dagrun for example_dag_decorator to None, run_after=None
[2025-01-23T09:49:59.762+0000] {processor.py:183} INFO - Processing /home/airflow/.local/lib/python3.8/site-packages/airflow/example_dags/example_dag_decorator.py took 0.458 seconds
[2025-01-23T09:50:29.884+0000] {processor.py:161} INFO - Started process (PID=3093) to work on /home/airflow/.local/lib/python3.8/site-packages/airflow/example_dags/example_dag_decorator.py
[2025-01-23T09:50:29.887+0000] {processor.py:830} INFO - Processing file /home/airflow/.local/lib/python3.8/site-packages/airflow/example_dags/example_dag_decorator.py for tasks to queue
[2025-01-23T09:50:29.889+0000] {logging_mixin.py:188} INFO - [2025-01-23T09:50:29.888+0000] {dagbag.py:538} INFO - Filling up the DagBag from /home/airflow/.local/lib/python3.8/site-packages/airflow/example_dags/example_dag_decorator.py
[2025-01-23T09:50:30.081+0000] {processor.py:840} INFO - DAG(s) 'example_dag_decorator' retrieved from /home/airflow/.local/lib/python3.8/site-packages/airflow/example_dags/example_dag_decorator.py
[2025-01-23T09:50:30.125+0000] {logging_mixin.py:188} INFO - [2025-01-23T09:50:30.125+0000] {dag.py:3036} INFO - Sync 1 DAGs
[2025-01-23T09:50:30.146+0000] {logging_mixin.py:188} INFO - [2025-01-23T09:50:30.146+0000] {dag.py:3823} INFO - Setting next_dagrun for example_dag_decorator to None, run_after=None
[2025-01-23T09:50:30.181+0000] {processor.py:183} INFO - Processing /home/airflow/.local/lib/python3.8/site-packages/airflow/example_dags/example_dag_decorator.py took 0.305 seconds
[2025-01-23T09:51:00.492+0000] {processor.py:161} INFO - Started process (PID=3147) to work on /home/airflow/.local/lib/python3.8/site-packages/airflow/example_dags/example_dag_decorator.py
[2025-01-23T09:51:00.494+0000] {processor.py:830} INFO - Processing file /home/airflow/.local/lib/python3.8/site-packages/airflow/example_dags/example_dag_decorator.py for tasks to queue
[2025-01-23T09:51:00.497+0000] {logging_mixin.py:188} INFO - [2025-01-23T09:51:00.496+0000] {dagbag.py:538} INFO - Filling up the DagBag from /home/airflow/.local/lib/python3.8/site-packages/airflow/example_dags/example_dag_decorator.py
[2025-01-23T09:51:00.820+0000] {processor.py:840} INFO - DAG(s) 'example_dag_decorator' retrieved from /home/airflow/.local/lib/python3.8/site-packages/airflow/example_dags/example_dag_decorator.py
[2025-01-23T09:51:00.883+0000] {logging_mixin.py:188} INFO - [2025-01-23T09:51:00.883+0000] {dag.py:3036} INFO - Sync 1 DAGs
[2025-01-23T09:51:00.912+0000] {logging_mixin.py:188} INFO - [2025-01-23T09:51:00.911+0000] {dag.py:3823} INFO - Setting next_dagrun for example_dag_decorator to None, run_after=None
[2025-01-23T09:51:00.956+0000] {processor.py:183} INFO - Processing /home/airflow/.local/lib/python3.8/site-packages/airflow/example_dags/example_dag_decorator.py took 0.471 seconds
[2025-01-23T09:51:31.085+0000] {processor.py:161} INFO - Started process (PID=3203) to work on /home/airflow/.local/lib/python3.8/site-packages/airflow/example_dags/example_dag_decorator.py
[2025-01-23T09:51:31.087+0000] {processor.py:830} INFO - Processing file /home/airflow/.local/lib/python3.8/site-packages/airflow/example_dags/example_dag_decorator.py for tasks to queue
[2025-01-23T09:51:31.089+0000] {logging_mixin.py:188} INFO - [2025-01-23T09:51:31.089+0000] {dagbag.py:538} INFO - Filling up the DagBag from /home/airflow/.local/lib/python3.8/site-packages/airflow/example_dags/example_dag_decorator.py
[2025-01-23T09:51:31.271+0000] {processor.py:840} INFO - DAG(s) 'example_dag_decorator' retrieved from /home/airflow/.local/lib/python3.8/site-packages/airflow/example_dags/example_dag_decorator.py
[2025-01-23T09:51:31.496+0000] {logging_mixin.py:188} INFO - [2025-01-23T09:51:31.496+0000] {dag.py:3036} INFO - Sync 1 DAGs
[2025-01-23T09:51:31.518+0000] {logging_mixin.py:188} INFO - [2025-01-23T09:51:31.518+0000] {dag.py:3823} INFO - Setting next_dagrun for example_dag_decorator to None, run_after=None
[2025-01-23T09:51:31.556+0000] {processor.py:183} INFO - Processing /home/airflow/.local/lib/python3.8/site-packages/airflow/example_dags/example_dag_decorator.py took 0.476 seconds
[2025-01-23T09:52:01.757+0000] {processor.py:161} INFO - Started process (PID=3259) to work on /home/airflow/.local/lib/python3.8/site-packages/airflow/example_dags/example_dag_decorator.py
[2025-01-23T09:52:01.758+0000] {processor.py:830} INFO - Processing file /home/airflow/.local/lib/python3.8/site-packages/airflow/example_dags/example_dag_decorator.py for tasks to queue
[2025-01-23T09:52:01.760+0000] {logging_mixin.py:188} INFO - [2025-01-23T09:52:01.760+0000] {dagbag.py:538} INFO - Filling up the DagBag from /home/airflow/.local/lib/python3.8/site-packages/airflow/example_dags/example_dag_decorator.py
[2025-01-23T09:52:01.960+0000] {processor.py:840} INFO - DAG(s) 'example_dag_decorator' retrieved from /home/airflow/.local/lib/python3.8/site-packages/airflow/example_dags/example_dag_decorator.py
[2025-01-23T09:52:02.185+0000] {logging_mixin.py:188} INFO - [2025-01-23T09:52:02.184+0000] {dag.py:3036} INFO - Sync 1 DAGs
[2025-01-23T09:52:02.208+0000] {logging_mixin.py:188} INFO - [2025-01-23T09:52:02.207+0000] {dag.py:3823} INFO - Setting next_dagrun for example_dag_decorator to None, run_after=None
[2025-01-23T09:52:02.253+0000] {processor.py:183} INFO - Processing /home/airflow/.local/lib/python3.8/site-packages/airflow/example_dags/example_dag_decorator.py took 0.501 seconds
[2025-01-23T09:52:32.754+0000] {processor.py:161} INFO - Started process (PID=3315) to work on /home/airflow/.local/lib/python3.8/site-packages/airflow/example_dags/example_dag_decorator.py
[2025-01-23T09:52:32.756+0000] {processor.py:830} INFO - Processing file /home/airflow/.local/lib/python3.8/site-packages/airflow/example_dags/example_dag_decorator.py for tasks to queue
[2025-01-23T09:52:32.757+0000] {logging_mixin.py:188} INFO - [2025-01-23T09:52:32.757+0000] {dagbag.py:538} INFO - Filling up the DagBag from /home/airflow/.local/lib/python3.8/site-packages/airflow/example_dags/example_dag_decorator.py
[2025-01-23T09:52:32.963+0000] {processor.py:840} INFO - DAG(s) 'example_dag_decorator' retrieved from /home/airflow/.local/lib/python3.8/site-packages/airflow/example_dags/example_dag_decorator.py
[2025-01-23T09:52:33.183+0000] {logging_mixin.py:188} INFO - [2025-01-23T09:52:33.183+0000] {dag.py:3036} INFO - Sync 1 DAGs
[2025-01-23T09:52:33.208+0000] {logging_mixin.py:188} INFO - [2025-01-23T09:52:33.207+0000] {dag.py:3823} INFO - Setting next_dagrun for example_dag_decorator to None, run_after=None
[2025-01-23T09:52:33.255+0000] {processor.py:183} INFO - Processing /home/airflow/.local/lib/python3.8/site-packages/airflow/example_dags/example_dag_decorator.py took 0.506 seconds
[2025-01-23T09:53:04.139+0000] {processor.py:161} INFO - Started process (PID=3371) to work on /home/airflow/.local/lib/python3.8/site-packages/airflow/example_dags/example_dag_decorator.py
[2025-01-23T09:53:04.142+0000] {processor.py:830} INFO - Processing file /home/airflow/.local/lib/python3.8/site-packages/airflow/example_dags/example_dag_decorator.py for tasks to queue
[2025-01-23T09:53:04.144+0000] {logging_mixin.py:188} INFO - [2025-01-23T09:53:04.143+0000] {dagbag.py:538} INFO - Filling up the DagBag from /home/airflow/.local/lib/python3.8/site-packages/airflow/example_dags/example_dag_decorator.py
[2025-01-23T09:53:04.353+0000] {processor.py:840} INFO - DAG(s) 'example_dag_decorator' retrieved from /home/airflow/.local/lib/python3.8/site-packages/airflow/example_dags/example_dag_decorator.py
[2025-01-23T09:53:04.570+0000] {logging_mixin.py:188} INFO - [2025-01-23T09:53:04.570+0000] {dag.py:3036} INFO - Sync 1 DAGs
[2025-01-23T09:53:04.603+0000] {logging_mixin.py:188} INFO - [2025-01-23T09:53:04.603+0000] {dag.py:3823} INFO - Setting next_dagrun for example_dag_decorator to None, run_after=None
[2025-01-23T09:53:04.645+0000] {processor.py:183} INFO - Processing /home/airflow/.local/lib/python3.8/site-packages/airflow/example_dags/example_dag_decorator.py took 0.512 seconds
[2025-01-23T09:53:34.843+0000] {processor.py:161} INFO - Started process (PID=3427) to work on /home/airflow/.local/lib/python3.8/site-packages/airflow/example_dags/example_dag_decorator.py
[2025-01-23T09:53:34.845+0000] {processor.py:830} INFO - Processing file /home/airflow/.local/lib/python3.8/site-packages/airflow/example_dags/example_dag_decorator.py for tasks to queue
[2025-01-23T09:53:34.847+0000] {logging_mixin.py:188} INFO - [2025-01-23T09:53:34.846+0000] {dagbag.py:538} INFO - Filling up the DagBag from /home/airflow/.local/lib/python3.8/site-packages/airflow/example_dags/example_dag_decorator.py
[2025-01-23T09:53:35.051+0000] {processor.py:840} INFO - DAG(s) 'example_dag_decorator' retrieved from /home/airflow/.local/lib/python3.8/site-packages/airflow/example_dags/example_dag_decorator.py
[2025-01-23T09:53:35.280+0000] {logging_mixin.py:188} INFO - [2025-01-23T09:53:35.279+0000] {dag.py:3036} INFO - Sync 1 DAGs
[2025-01-23T09:53:35.309+0000] {logging_mixin.py:188} INFO - [2025-01-23T09:53:35.309+0000] {dag.py:3823} INFO - Setting next_dagrun for example_dag_decorator to None, run_after=None
[2025-01-23T09:53:35.361+0000] {processor.py:183} INFO - Processing /home/airflow/.local/lib/python3.8/site-packages/airflow/example_dags/example_dag_decorator.py took 0.524 seconds
[2025-01-23T09:54:05.881+0000] {processor.py:161} INFO - Started process (PID=3483) to work on /home/airflow/.local/lib/python3.8/site-packages/airflow/example_dags/example_dag_decorator.py
[2025-01-23T09:54:05.884+0000] {processor.py:830} INFO - Processing file /home/airflow/.local/lib/python3.8/site-packages/airflow/example_dags/example_dag_decorator.py for tasks to queue
[2025-01-23T09:54:05.886+0000] {logging_mixin.py:188} INFO - [2025-01-23T09:54:05.885+0000] {dagbag.py:538} INFO - Filling up the DagBag from /home/airflow/.local/lib/python3.8/site-packages/airflow/example_dags/example_dag_decorator.py
[2025-01-23T09:54:06.116+0000] {processor.py:840} INFO - DAG(s) 'example_dag_decorator' retrieved from /home/airflow/.local/lib/python3.8/site-packages/airflow/example_dags/example_dag_decorator.py
[2025-01-23T09:54:06.329+0000] {logging_mixin.py:188} INFO - [2025-01-23T09:54:06.329+0000] {dag.py:3036} INFO - Sync 1 DAGs
[2025-01-23T09:54:06.351+0000] {logging_mixin.py:188} INFO - [2025-01-23T09:54:06.351+0000] {dag.py:3823} INFO - Setting next_dagrun for example_dag_decorator to None, run_after=None
[2025-01-23T09:54:06.389+0000] {processor.py:183} INFO - Processing /home/airflow/.local/lib/python3.8/site-packages/airflow/example_dags/example_dag_decorator.py took 0.514 seconds
[2025-01-23T09:54:36.550+0000] {processor.py:161} INFO - Started process (PID=3539) to work on /home/airflow/.local/lib/python3.8/site-packages/airflow/example_dags/example_dag_decorator.py
[2025-01-23T09:54:36.552+0000] {processor.py:830} INFO - Processing file /home/airflow/.local/lib/python3.8/site-packages/airflow/example_dags/example_dag_decorator.py for tasks to queue
[2025-01-23T09:54:36.554+0000] {logging_mixin.py:188} INFO - [2025-01-23T09:54:36.554+0000] {dagbag.py:538} INFO - Filling up the DagBag from /home/airflow/.local/lib/python3.8/site-packages/airflow/example_dags/example_dag_decorator.py
[2025-01-23T09:54:36.761+0000] {processor.py:840} INFO - DAG(s) 'example_dag_decorator' retrieved from /home/airflow/.local/lib/python3.8/site-packages/airflow/example_dags/example_dag_decorator.py
[2025-01-23T09:54:36.969+0000] {logging_mixin.py:188} INFO - [2025-01-23T09:54:36.969+0000] {dag.py:3036} INFO - Sync 1 DAGs
[2025-01-23T09:54:36.995+0000] {logging_mixin.py:188} INFO - [2025-01-23T09:54:36.995+0000] {dag.py:3823} INFO - Setting next_dagrun for example_dag_decorator to None, run_after=None
[2025-01-23T09:54:37.034+0000] {processor.py:183} INFO - Processing /home/airflow/.local/lib/python3.8/site-packages/airflow/example_dags/example_dag_decorator.py took 0.492 seconds
[2025-01-23T09:55:07.299+0000] {processor.py:161} INFO - Started process (PID=3596) to work on /home/airflow/.local/lib/python3.8/site-packages/airflow/example_dags/example_dag_decorator.py
[2025-01-23T09:55:07.308+0000] {processor.py:830} INFO - Processing file /home/airflow/.local/lib/python3.8/site-packages/airflow/example_dags/example_dag_decorator.py for tasks to queue
[2025-01-23T09:55:07.312+0000] {logging_mixin.py:188} INFO - [2025-01-23T09:55:07.311+0000] {dagbag.py:538} INFO - Filling up the DagBag from /home/airflow/.local/lib/python3.8/site-packages/airflow/example_dags/example_dag_decorator.py
[2025-01-23T09:55:07.793+0000] {processor.py:840} INFO - DAG(s) 'example_dag_decorator' retrieved from /home/airflow/.local/lib/python3.8/site-packages/airflow/example_dags/example_dag_decorator.py
[2025-01-23T09:55:08.183+0000] {logging_mixin.py:188} INFO - [2025-01-23T09:55:08.183+0000] {dag.py:3036} INFO - Sync 1 DAGs
[2025-01-23T09:55:08.217+0000] {logging_mixin.py:188} INFO - [2025-01-23T09:55:08.216+0000] {dag.py:3823} INFO - Setting next_dagrun for example_dag_decorator to None, run_after=None
[2025-01-23T09:55:08.292+0000] {processor.py:183} INFO - Processing /home/airflow/.local/lib/python3.8/site-packages/airflow/example_dags/example_dag_decorator.py took 1.005 seconds
[2025-01-23T09:55:38.537+0000] {processor.py:161} INFO - Started process (PID=3658) to work on /home/airflow/.local/lib/python3.8/site-packages/airflow/example_dags/example_dag_decorator.py
[2025-01-23T09:55:38.539+0000] {processor.py:830} INFO - Processing file /home/airflow/.local/lib/python3.8/site-packages/airflow/example_dags/example_dag_decorator.py for tasks to queue
[2025-01-23T09:55:38.542+0000] {logging_mixin.py:188} INFO - [2025-01-23T09:55:38.541+0000] {dagbag.py:538} INFO - Filling up the DagBag from /home/airflow/.local/lib/python3.8/site-packages/airflow/example_dags/example_dag_decorator.py
[2025-01-23T09:55:38.750+0000] {processor.py:840} INFO - DAG(s) 'example_dag_decorator' retrieved from /home/airflow/.local/lib/python3.8/site-packages/airflow/example_dags/example_dag_decorator.py
[2025-01-23T09:55:39.091+0000] {logging_mixin.py:188} INFO - [2025-01-23T09:55:39.091+0000] {dag.py:3036} INFO - Sync 1 DAGs
[2025-01-23T09:55:39.126+0000] {logging_mixin.py:188} INFO - [2025-01-23T09:55:39.125+0000] {dag.py:3823} INFO - Setting next_dagrun for example_dag_decorator to None, run_after=None
[2025-01-23T09:55:39.178+0000] {processor.py:183} INFO - Processing /home/airflow/.local/lib/python3.8/site-packages/airflow/example_dags/example_dag_decorator.py took 0.646 seconds
[2025-01-23T09:56:09.391+0000] {processor.py:161} INFO - Started process (PID=3715) to work on /home/airflow/.local/lib/python3.8/site-packages/airflow/example_dags/example_dag_decorator.py
[2025-01-23T09:56:09.393+0000] {processor.py:830} INFO - Processing file /home/airflow/.local/lib/python3.8/site-packages/airflow/example_dags/example_dag_decorator.py for tasks to queue
[2025-01-23T09:56:09.395+0000] {logging_mixin.py:188} INFO - [2025-01-23T09:56:09.395+0000] {dagbag.py:538} INFO - Filling up the DagBag from /home/airflow/.local/lib/python3.8/site-packages/airflow/example_dags/example_dag_decorator.py
[2025-01-23T09:56:09.600+0000] {processor.py:840} INFO - DAG(s) 'example_dag_decorator' retrieved from /home/airflow/.local/lib/python3.8/site-packages/airflow/example_dags/example_dag_decorator.py
[2025-01-23T09:56:09.806+0000] {logging_mixin.py:188} INFO - [2025-01-23T09:56:09.806+0000] {dag.py:3036} INFO - Sync 1 DAGs
[2025-01-23T09:56:09.837+0000] {logging_mixin.py:188} INFO - [2025-01-23T09:56:09.837+0000] {dag.py:3823} INFO - Setting next_dagrun for example_dag_decorator to None, run_after=None
[2025-01-23T09:56:09.874+0000] {processor.py:183} INFO - Processing /home/airflow/.local/lib/python3.8/site-packages/airflow/example_dags/example_dag_decorator.py took 0.492 seconds
[2025-01-23T09:56:40.078+0000] {processor.py:161} INFO - Started process (PID=3771) to work on /home/airflow/.local/lib/python3.8/site-packages/airflow/example_dags/example_dag_decorator.py
[2025-01-23T09:56:40.080+0000] {processor.py:830} INFO - Processing file /home/airflow/.local/lib/python3.8/site-packages/airflow/example_dags/example_dag_decorator.py for tasks to queue
[2025-01-23T09:56:40.082+0000] {logging_mixin.py:188} INFO - [2025-01-23T09:56:40.082+0000] {dagbag.py:538} INFO - Filling up the DagBag from /home/airflow/.local/lib/python3.8/site-packages/airflow/example_dags/example_dag_decorator.py
[2025-01-23T09:56:40.289+0000] {processor.py:840} INFO - DAG(s) 'example_dag_decorator' retrieved from /home/airflow/.local/lib/python3.8/site-packages/airflow/example_dags/example_dag_decorator.py
[2025-01-23T09:56:40.499+0000] {logging_mixin.py:188} INFO - [2025-01-23T09:56:40.499+0000] {dag.py:3036} INFO - Sync 1 DAGs
[2025-01-23T09:56:40.523+0000] {logging_mixin.py:188} INFO - [2025-01-23T09:56:40.522+0000] {dag.py:3823} INFO - Setting next_dagrun for example_dag_decorator to None, run_after=None
[2025-01-23T09:56:40.560+0000] {processor.py:183} INFO - Processing /home/airflow/.local/lib/python3.8/site-packages/airflow/example_dags/example_dag_decorator.py took 0.488 seconds
[2025-01-23T09:57:10.622+0000] {processor.py:161} INFO - Started process (PID=3827) to work on /home/airflow/.local/lib/python3.8/site-packages/airflow/example_dags/example_dag_decorator.py
[2025-01-23T09:57:10.624+0000] {processor.py:830} INFO - Processing file /home/airflow/.local/lib/python3.8/site-packages/airflow/example_dags/example_dag_decorator.py for tasks to queue
[2025-01-23T09:57:10.625+0000] {logging_mixin.py:188} INFO - [2025-01-23T09:57:10.625+0000] {dagbag.py:538} INFO - Filling up the DagBag from /home/airflow/.local/lib/python3.8/site-packages/airflow/example_dags/example_dag_decorator.py
[2025-01-23T09:57:10.796+0000] {processor.py:840} INFO - DAG(s) 'example_dag_decorator' retrieved from /home/airflow/.local/lib/python3.8/site-packages/airflow/example_dags/example_dag_decorator.py
[2025-01-23T09:57:10.961+0000] {logging_mixin.py:188} INFO - [2025-01-23T09:57:10.960+0000] {dag.py:3036} INFO - Sync 1 DAGs
[2025-01-23T09:57:10.981+0000] {logging_mixin.py:188} INFO - [2025-01-23T09:57:10.980+0000] {dag.py:3823} INFO - Setting next_dagrun for example_dag_decorator to None, run_after=None
[2025-01-23T09:57:11.017+0000] {processor.py:183} INFO - Processing /home/airflow/.local/lib/python3.8/site-packages/airflow/example_dags/example_dag_decorator.py took 0.399 seconds
[2025-01-23T09:57:41.463+0000] {processor.py:161} INFO - Started process (PID=3883) to work on /home/airflow/.local/lib/python3.8/site-packages/airflow/example_dags/example_dag_decorator.py
[2025-01-23T09:57:41.466+0000] {processor.py:830} INFO - Processing file /home/airflow/.local/lib/python3.8/site-packages/airflow/example_dags/example_dag_decorator.py for tasks to queue
[2025-01-23T09:57:41.469+0000] {logging_mixin.py:188} INFO - [2025-01-23T09:57:41.468+0000] {dagbag.py:538} INFO - Filling up the DagBag from /home/airflow/.local/lib/python3.8/site-packages/airflow/example_dags/example_dag_decorator.py
[2025-01-23T09:57:41.767+0000] {processor.py:840} INFO - DAG(s) 'example_dag_decorator' retrieved from /home/airflow/.local/lib/python3.8/site-packages/airflow/example_dags/example_dag_decorator.py
[2025-01-23T09:57:41.825+0000] {logging_mixin.py:188} INFO - [2025-01-23T09:57:41.825+0000] {dag.py:3036} INFO - Sync 1 DAGs
[2025-01-23T09:57:41.855+0000] {logging_mixin.py:188} INFO - [2025-01-23T09:57:41.855+0000] {dag.py:3823} INFO - Setting next_dagrun for example_dag_decorator to None, run_after=None
[2025-01-23T09:57:41.900+0000] {processor.py:183} INFO - Processing /home/airflow/.local/lib/python3.8/site-packages/airflow/example_dags/example_dag_decorator.py took 0.446 seconds
[2025-01-23T09:58:12.246+0000] {processor.py:161} INFO - Started process (PID=3939) to work on /home/airflow/.local/lib/python3.8/site-packages/airflow/example_dags/example_dag_decorator.py
[2025-01-23T09:58:12.247+0000] {processor.py:830} INFO - Processing file /home/airflow/.local/lib/python3.8/site-packages/airflow/example_dags/example_dag_decorator.py for tasks to queue
[2025-01-23T09:58:12.249+0000] {logging_mixin.py:188} INFO - [2025-01-23T09:58:12.249+0000] {dagbag.py:538} INFO - Filling up the DagBag from /home/airflow/.local/lib/python3.8/site-packages/airflow/example_dags/example_dag_decorator.py
[2025-01-23T09:58:12.450+0000] {processor.py:840} INFO - DAG(s) 'example_dag_decorator' retrieved from /home/airflow/.local/lib/python3.8/site-packages/airflow/example_dags/example_dag_decorator.py
[2025-01-23T09:58:12.505+0000] {logging_mixin.py:188} INFO - [2025-01-23T09:58:12.504+0000] {dag.py:3036} INFO - Sync 1 DAGs
[2025-01-23T09:58:12.534+0000] {logging_mixin.py:188} INFO - [2025-01-23T09:58:12.533+0000] {dag.py:3823} INFO - Setting next_dagrun for example_dag_decorator to None, run_after=None
[2025-01-23T09:58:12.566+0000] {processor.py:183} INFO - Processing /home/airflow/.local/lib/python3.8/site-packages/airflow/example_dags/example_dag_decorator.py took 0.325 seconds
[2025-01-23T09:58:42.952+0000] {processor.py:161} INFO - Started process (PID=3995) to work on /home/airflow/.local/lib/python3.8/site-packages/airflow/example_dags/example_dag_decorator.py
[2025-01-23T09:58:42.954+0000] {processor.py:830} INFO - Processing file /home/airflow/.local/lib/python3.8/site-packages/airflow/example_dags/example_dag_decorator.py for tasks to queue
[2025-01-23T09:58:42.956+0000] {logging_mixin.py:188} INFO - [2025-01-23T09:58:42.956+0000] {dagbag.py:538} INFO - Filling up the DagBag from /home/airflow/.local/lib/python3.8/site-packages/airflow/example_dags/example_dag_decorator.py
[2025-01-23T09:58:43.306+0000] {processor.py:840} INFO - DAG(s) 'example_dag_decorator' retrieved from /home/airflow/.local/lib/python3.8/site-packages/airflow/example_dags/example_dag_decorator.py
[2025-01-23T09:58:43.358+0000] {logging_mixin.py:188} INFO - [2025-01-23T09:58:43.357+0000] {dag.py:3036} INFO - Sync 1 DAGs
[2025-01-23T09:58:43.390+0000] {logging_mixin.py:188} INFO - [2025-01-23T09:58:43.390+0000] {dag.py:3823} INFO - Setting next_dagrun for example_dag_decorator to None, run_after=None
[2025-01-23T09:58:43.437+0000] {processor.py:183} INFO - Processing /home/airflow/.local/lib/python3.8/site-packages/airflow/example_dags/example_dag_decorator.py took 0.491 seconds
