[2025-01-23T12:32:28.578+0000] {processor.py:161} INFO - Started process (PID=85) to work on /home/airflow/.local/lib/python3.8/site-packages/airflow/example_dags/example_trigger_target_dag.py
[2025-01-23T12:32:28.580+0000] {processor.py:830} INFO - Processing file /home/airflow/.local/lib/python3.8/site-packages/airflow/example_dags/example_trigger_target_dag.py for tasks to queue
[2025-01-23T12:32:28.584+0000] {logging_mixin.py:188} INFO - [2025-01-23T12:32:28.584+0000] {dagbag.py:538} INFO - Filling up the DagBag from /home/airflow/.local/lib/python3.8/site-packages/airflow/example_dags/example_trigger_target_dag.py
[2025-01-23T12:32:28.600+0000] {processor.py:840} INFO - DAG(s) 'example_trigger_target_dag' retrieved from /home/airflow/.local/lib/python3.8/site-packages/airflow/example_dags/example_trigger_target_dag.py
[2025-01-23T12:32:28.799+0000] {logging_mixin.py:188} INFO - [2025-01-23T12:32:28.798+0000] {override.py:1769} INFO - Created Permission View: can read on DAG:example_trigger_target_dag
[2025-01-23T12:32:28.821+0000] {logging_mixin.py:188} INFO - [2025-01-23T12:32:28.820+0000] {override.py:1769} INFO - Created Permission View: can edit on DAG:example_trigger_target_dag
[2025-01-23T12:32:28.838+0000] {logging_mixin.py:188} INFO - [2025-01-23T12:32:28.838+0000] {override.py:1769} INFO - Created Permission View: can delete on DAG:example_trigger_target_dag
[2025-01-23T12:32:28.840+0000] {logging_mixin.py:188} INFO - [2025-01-23T12:32:28.839+0000] {dag.py:3036} INFO - Sync 1 DAGs
[2025-01-23T12:32:28.858+0000] {logging_mixin.py:188} INFO - [2025-01-23T12:32:28.858+0000] {dag.py:3058} INFO - Creating ORM DAG for example_trigger_target_dag
[2025-01-23T12:32:28.860+0000] {logging_mixin.py:188} INFO - [2025-01-23T12:32:28.859+0000] {dag.py:3823} INFO - Setting next_dagrun for example_trigger_target_dag to None, run_after=None
[2025-01-23T12:32:28.892+0000] {processor.py:183} INFO - Processing /home/airflow/.local/lib/python3.8/site-packages/airflow/example_dags/example_trigger_target_dag.py took 0.318 seconds
[2025-01-23T12:32:59.056+0000] {processor.py:161} INFO - Started process (PID=141) to work on /home/airflow/.local/lib/python3.8/site-packages/airflow/example_dags/example_trigger_target_dag.py
[2025-01-23T12:32:59.058+0000] {processor.py:830} INFO - Processing file /home/airflow/.local/lib/python3.8/site-packages/airflow/example_dags/example_trigger_target_dag.py for tasks to queue
[2025-01-23T12:32:59.061+0000] {logging_mixin.py:188} INFO - [2025-01-23T12:32:59.060+0000] {dagbag.py:538} INFO - Filling up the DagBag from /home/airflow/.local/lib/python3.8/site-packages/airflow/example_dags/example_trigger_target_dag.py
[2025-01-23T12:32:59.070+0000] {processor.py:840} INFO - DAG(s) 'example_trigger_target_dag' retrieved from /home/airflow/.local/lib/python3.8/site-packages/airflow/example_dags/example_trigger_target_dag.py
[2025-01-23T12:32:59.099+0000] {logging_mixin.py:188} INFO - [2025-01-23T12:32:59.098+0000] {dag.py:3036} INFO - Sync 1 DAGs
[2025-01-23T12:32:59.120+0000] {logging_mixin.py:188} INFO - [2025-01-23T12:32:59.120+0000] {dag.py:3823} INFO - Setting next_dagrun for example_trigger_target_dag to None, run_after=None
[2025-01-23T12:32:59.158+0000] {processor.py:183} INFO - Processing /home/airflow/.local/lib/python3.8/site-packages/airflow/example_dags/example_trigger_target_dag.py took 0.106 seconds
[2025-01-23T12:33:29.672+0000] {processor.py:161} INFO - Started process (PID=197) to work on /home/airflow/.local/lib/python3.8/site-packages/airflow/example_dags/example_trigger_target_dag.py
[2025-01-23T12:33:29.674+0000] {processor.py:830} INFO - Processing file /home/airflow/.local/lib/python3.8/site-packages/airflow/example_dags/example_trigger_target_dag.py for tasks to queue
[2025-01-23T12:33:29.676+0000] {logging_mixin.py:188} INFO - [2025-01-23T12:33:29.676+0000] {dagbag.py:538} INFO - Filling up the DagBag from /home/airflow/.local/lib/python3.8/site-packages/airflow/example_dags/example_trigger_target_dag.py
[2025-01-23T12:33:29.684+0000] {processor.py:840} INFO - DAG(s) 'example_trigger_target_dag' retrieved from /home/airflow/.local/lib/python3.8/site-packages/airflow/example_dags/example_trigger_target_dag.py
[2025-01-23T12:33:29.711+0000] {logging_mixin.py:188} INFO - [2025-01-23T12:33:29.711+0000] {dag.py:3036} INFO - Sync 1 DAGs
[2025-01-23T12:33:29.727+0000] {logging_mixin.py:188} INFO - [2025-01-23T12:33:29.727+0000] {dag.py:3823} INFO - Setting next_dagrun for example_trigger_target_dag to None, run_after=None
[2025-01-23T12:33:29.778+0000] {processor.py:183} INFO - Processing /home/airflow/.local/lib/python3.8/site-packages/airflow/example_dags/example_trigger_target_dag.py took 0.111 seconds
[2025-01-23T12:34:00.197+0000] {processor.py:161} INFO - Started process (PID=253) to work on /home/airflow/.local/lib/python3.8/site-packages/airflow/example_dags/example_trigger_target_dag.py
[2025-01-23T12:34:00.199+0000] {processor.py:830} INFO - Processing file /home/airflow/.local/lib/python3.8/site-packages/airflow/example_dags/example_trigger_target_dag.py for tasks to queue
[2025-01-23T12:34:00.202+0000] {logging_mixin.py:188} INFO - [2025-01-23T12:34:00.201+0000] {dagbag.py:538} INFO - Filling up the DagBag from /home/airflow/.local/lib/python3.8/site-packages/airflow/example_dags/example_trigger_target_dag.py
[2025-01-23T12:34:00.217+0000] {processor.py:840} INFO - DAG(s) 'example_trigger_target_dag' retrieved from /home/airflow/.local/lib/python3.8/site-packages/airflow/example_dags/example_trigger_target_dag.py
[2025-01-23T12:34:00.259+0000] {logging_mixin.py:188} INFO - [2025-01-23T12:34:00.259+0000] {dag.py:3036} INFO - Sync 1 DAGs
[2025-01-23T12:34:00.290+0000] {logging_mixin.py:188} INFO - [2025-01-23T12:34:00.290+0000] {dag.py:3823} INFO - Setting next_dagrun for example_trigger_target_dag to None, run_after=None
[2025-01-23T12:34:00.326+0000] {processor.py:183} INFO - Processing /home/airflow/.local/lib/python3.8/site-packages/airflow/example_dags/example_trigger_target_dag.py took 0.135 seconds
[2025-01-23T12:34:30.766+0000] {processor.py:161} INFO - Started process (PID=309) to work on /home/airflow/.local/lib/python3.8/site-packages/airflow/example_dags/example_trigger_target_dag.py
[2025-01-23T12:34:30.768+0000] {processor.py:830} INFO - Processing file /home/airflow/.local/lib/python3.8/site-packages/airflow/example_dags/example_trigger_target_dag.py for tasks to queue
[2025-01-23T12:34:30.770+0000] {logging_mixin.py:188} INFO - [2025-01-23T12:34:30.770+0000] {dagbag.py:538} INFO - Filling up the DagBag from /home/airflow/.local/lib/python3.8/site-packages/airflow/example_dags/example_trigger_target_dag.py
[2025-01-23T12:34:30.779+0000] {processor.py:840} INFO - DAG(s) 'example_trigger_target_dag' retrieved from /home/airflow/.local/lib/python3.8/site-packages/airflow/example_dags/example_trigger_target_dag.py
[2025-01-23T12:34:30.806+0000] {logging_mixin.py:188} INFO - [2025-01-23T12:34:30.806+0000] {dag.py:3036} INFO - Sync 1 DAGs
[2025-01-23T12:34:30.828+0000] {logging_mixin.py:188} INFO - [2025-01-23T12:34:30.828+0000] {dag.py:3823} INFO - Setting next_dagrun for example_trigger_target_dag to None, run_after=None
[2025-01-23T12:34:30.864+0000] {processor.py:183} INFO - Processing /home/airflow/.local/lib/python3.8/site-packages/airflow/example_dags/example_trigger_target_dag.py took 0.102 seconds
[2025-01-23T12:35:01.163+0000] {processor.py:161} INFO - Started process (PID=365) to work on /home/airflow/.local/lib/python3.8/site-packages/airflow/example_dags/example_trigger_target_dag.py
[2025-01-23T12:35:01.165+0000] {processor.py:830} INFO - Processing file /home/airflow/.local/lib/python3.8/site-packages/airflow/example_dags/example_trigger_target_dag.py for tasks to queue
[2025-01-23T12:35:01.167+0000] {logging_mixin.py:188} INFO - [2025-01-23T12:35:01.167+0000] {dagbag.py:538} INFO - Filling up the DagBag from /home/airflow/.local/lib/python3.8/site-packages/airflow/example_dags/example_trigger_target_dag.py
[2025-01-23T12:35:01.177+0000] {processor.py:840} INFO - DAG(s) 'example_trigger_target_dag' retrieved from /home/airflow/.local/lib/python3.8/site-packages/airflow/example_dags/example_trigger_target_dag.py
[2025-01-23T12:35:01.208+0000] {logging_mixin.py:188} INFO - [2025-01-23T12:35:01.208+0000] {dag.py:3036} INFO - Sync 1 DAGs
[2025-01-23T12:35:01.232+0000] {logging_mixin.py:188} INFO - [2025-01-23T12:35:01.232+0000] {dag.py:3823} INFO - Setting next_dagrun for example_trigger_target_dag to None, run_after=None
[2025-01-23T12:35:01.265+0000] {processor.py:183} INFO - Processing /home/airflow/.local/lib/python3.8/site-packages/airflow/example_dags/example_trigger_target_dag.py took 0.107 seconds
[2025-01-23T12:35:31.387+0000] {processor.py:161} INFO - Started process (PID=421) to work on /home/airflow/.local/lib/python3.8/site-packages/airflow/example_dags/example_trigger_target_dag.py
[2025-01-23T12:35:31.389+0000] {processor.py:830} INFO - Processing file /home/airflow/.local/lib/python3.8/site-packages/airflow/example_dags/example_trigger_target_dag.py for tasks to queue
[2025-01-23T12:35:31.393+0000] {logging_mixin.py:188} INFO - [2025-01-23T12:35:31.392+0000] {dagbag.py:538} INFO - Filling up the DagBag from /home/airflow/.local/lib/python3.8/site-packages/airflow/example_dags/example_trigger_target_dag.py
[2025-01-23T12:35:31.404+0000] {processor.py:840} INFO - DAG(s) 'example_trigger_target_dag' retrieved from /home/airflow/.local/lib/python3.8/site-packages/airflow/example_dags/example_trigger_target_dag.py
[2025-01-23T12:35:31.437+0000] {logging_mixin.py:188} INFO - [2025-01-23T12:35:31.436+0000] {dag.py:3036} INFO - Sync 1 DAGs
[2025-01-23T12:35:31.461+0000] {logging_mixin.py:188} INFO - [2025-01-23T12:35:31.461+0000] {dag.py:3823} INFO - Setting next_dagrun for example_trigger_target_dag to None, run_after=None
[2025-01-23T12:35:31.521+0000] {processor.py:183} INFO - Processing /home/airflow/.local/lib/python3.8/site-packages/airflow/example_dags/example_trigger_target_dag.py took 0.138 seconds
[2025-01-23T12:36:02.049+0000] {processor.py:161} INFO - Started process (PID=477) to work on /home/airflow/.local/lib/python3.8/site-packages/airflow/example_dags/example_trigger_target_dag.py
[2025-01-23T12:36:02.051+0000] {processor.py:830} INFO - Processing file /home/airflow/.local/lib/python3.8/site-packages/airflow/example_dags/example_trigger_target_dag.py for tasks to queue
[2025-01-23T12:36:02.056+0000] {logging_mixin.py:188} INFO - [2025-01-23T12:36:02.055+0000] {dagbag.py:538} INFO - Filling up the DagBag from /home/airflow/.local/lib/python3.8/site-packages/airflow/example_dags/example_trigger_target_dag.py
[2025-01-23T12:36:02.076+0000] {processor.py:840} INFO - DAG(s) 'example_trigger_target_dag' retrieved from /home/airflow/.local/lib/python3.8/site-packages/airflow/example_dags/example_trigger_target_dag.py
[2025-01-23T12:36:02.141+0000] {logging_mixin.py:188} INFO - [2025-01-23T12:36:02.140+0000] {dag.py:3036} INFO - Sync 1 DAGs
[2025-01-23T12:36:02.169+0000] {logging_mixin.py:188} INFO - [2025-01-23T12:36:02.168+0000] {dag.py:3823} INFO - Setting next_dagrun for example_trigger_target_dag to None, run_after=None
[2025-01-23T12:36:02.211+0000] {processor.py:183} INFO - Processing /home/airflow/.local/lib/python3.8/site-packages/airflow/example_dags/example_trigger_target_dag.py took 0.170 seconds
[2025-01-23T12:36:32.374+0000] {processor.py:161} INFO - Started process (PID=533) to work on /home/airflow/.local/lib/python3.8/site-packages/airflow/example_dags/example_trigger_target_dag.py
[2025-01-23T12:36:32.375+0000] {processor.py:830} INFO - Processing file /home/airflow/.local/lib/python3.8/site-packages/airflow/example_dags/example_trigger_target_dag.py for tasks to queue
[2025-01-23T12:36:32.378+0000] {logging_mixin.py:188} INFO - [2025-01-23T12:36:32.377+0000] {dagbag.py:538} INFO - Filling up the DagBag from /home/airflow/.local/lib/python3.8/site-packages/airflow/example_dags/example_trigger_target_dag.py
[2025-01-23T12:36:32.385+0000] {processor.py:840} INFO - DAG(s) 'example_trigger_target_dag' retrieved from /home/airflow/.local/lib/python3.8/site-packages/airflow/example_dags/example_trigger_target_dag.py
[2025-01-23T12:36:32.407+0000] {logging_mixin.py:188} INFO - [2025-01-23T12:36:32.407+0000] {dag.py:3036} INFO - Sync 1 DAGs
[2025-01-23T12:36:32.423+0000] {logging_mixin.py:188} INFO - [2025-01-23T12:36:32.423+0000] {dag.py:3823} INFO - Setting next_dagrun for example_trigger_target_dag to None, run_after=None
[2025-01-23T12:36:32.449+0000] {processor.py:183} INFO - Processing /home/airflow/.local/lib/python3.8/site-packages/airflow/example_dags/example_trigger_target_dag.py took 0.080 seconds
[2025-01-23T12:37:03.147+0000] {processor.py:161} INFO - Started process (PID=589) to work on /home/airflow/.local/lib/python3.8/site-packages/airflow/example_dags/example_trigger_target_dag.py
[2025-01-23T12:37:03.148+0000] {processor.py:830} INFO - Processing file /home/airflow/.local/lib/python3.8/site-packages/airflow/example_dags/example_trigger_target_dag.py for tasks to queue
[2025-01-23T12:37:03.151+0000] {logging_mixin.py:188} INFO - [2025-01-23T12:37:03.150+0000] {dagbag.py:538} INFO - Filling up the DagBag from /home/airflow/.local/lib/python3.8/site-packages/airflow/example_dags/example_trigger_target_dag.py
[2025-01-23T12:37:03.158+0000] {processor.py:840} INFO - DAG(s) 'example_trigger_target_dag' retrieved from /home/airflow/.local/lib/python3.8/site-packages/airflow/example_dags/example_trigger_target_dag.py
[2025-01-23T12:37:03.185+0000] {logging_mixin.py:188} INFO - [2025-01-23T12:37:03.185+0000] {dag.py:3036} INFO - Sync 1 DAGs
[2025-01-23T12:37:03.202+0000] {logging_mixin.py:188} INFO - [2025-01-23T12:37:03.202+0000] {dag.py:3823} INFO - Setting next_dagrun for example_trigger_target_dag to None, run_after=None
[2025-01-23T12:37:03.229+0000] {processor.py:183} INFO - Processing /home/airflow/.local/lib/python3.8/site-packages/airflow/example_dags/example_trigger_target_dag.py took 0.086 seconds
