[2025-01-23T09:23:17.428+0000] {processor.py:161} INFO - Started process (PID=128) to work on /home/airflow/.local/lib/python3.8/site-packages/airflow/example_dags/example_python_operator.py
[2025-01-23T09:23:17.431+0000] {processor.py:830} INFO - Processing file /home/airflow/.local/lib/python3.8/site-packages/airflow/example_dags/example_python_operator.py for tasks to queue
[2025-01-23T09:23:17.437+0000] {logging_mixin.py:188} INFO - [2025-01-23T09:23:17.436+0000] {dagbag.py:538} INFO - Filling up the DagBag from /home/airflow/.local/lib/python3.8/site-packages/airflow/example_dags/example_python_operator.py
[2025-01-23T09:23:17.469+0000] {processor.py:840} INFO - DAG(s) 'example_python_operator' retrieved from /home/airflow/.local/lib/python3.8/site-packages/airflow/example_dags/example_python_operator.py
[2025-01-23T09:23:17.856+0000] {logging_mixin.py:188} INFO - [2025-01-23T09:23:17.855+0000] {dag.py:3036} INFO - Sync 1 DAGs
[2025-01-23T09:23:17.897+0000] {logging_mixin.py:188} INFO - [2025-01-23T09:23:17.897+0000] {dag.py:3823} INFO - Setting next_dagrun for example_python_operator to None, run_after=None
[2025-01-23T09:23:17.978+0000] {processor.py:183} INFO - Processing /home/airflow/.local/lib/python3.8/site-packages/airflow/example_dags/example_python_operator.py took 0.560 seconds
[2025-01-23T09:23:49.132+0000] {processor.py:161} INFO - Started process (PID=184) to work on /home/airflow/.local/lib/python3.8/site-packages/airflow/example_dags/example_python_operator.py
[2025-01-23T09:23:49.162+0000] {processor.py:830} INFO - Processing file /home/airflow/.local/lib/python3.8/site-packages/airflow/example_dags/example_python_operator.py for tasks to queue
[2025-01-23T09:23:49.223+0000] {logging_mixin.py:188} INFO - [2025-01-23T09:23:49.222+0000] {dagbag.py:538} INFO - Filling up the DagBag from /home/airflow/.local/lib/python3.8/site-packages/airflow/example_dags/example_python_operator.py
[2025-01-23T09:23:49.276+0000] {processor.py:840} INFO - DAG(s) 'example_python_operator' retrieved from /home/airflow/.local/lib/python3.8/site-packages/airflow/example_dags/example_python_operator.py
[2025-01-23T09:23:49.376+0000] {logging_mixin.py:188} INFO - [2025-01-23T09:23:49.376+0000] {dag.py:3036} INFO - Sync 1 DAGs
[2025-01-23T09:23:49.420+0000] {logging_mixin.py:188} INFO - [2025-01-23T09:23:49.420+0000] {dag.py:3823} INFO - Setting next_dagrun for example_python_operator to None, run_after=None
[2025-01-23T09:23:49.508+0000] {processor.py:183} INFO - Processing /home/airflow/.local/lib/python3.8/site-packages/airflow/example_dags/example_python_operator.py took 0.417 seconds
[2025-01-23T09:24:20.190+0000] {processor.py:161} INFO - Started process (PID=240) to work on /home/airflow/.local/lib/python3.8/site-packages/airflow/example_dags/example_python_operator.py
[2025-01-23T09:24:20.192+0000] {processor.py:830} INFO - Processing file /home/airflow/.local/lib/python3.8/site-packages/airflow/example_dags/example_python_operator.py for tasks to queue
[2025-01-23T09:24:20.196+0000] {logging_mixin.py:188} INFO - [2025-01-23T09:24:20.195+0000] {dagbag.py:538} INFO - Filling up the DagBag from /home/airflow/.local/lib/python3.8/site-packages/airflow/example_dags/example_python_operator.py
[2025-01-23T09:24:20.219+0000] {processor.py:840} INFO - DAG(s) 'example_python_operator' retrieved from /home/airflow/.local/lib/python3.8/site-packages/airflow/example_dags/example_python_operator.py
[2025-01-23T09:24:20.263+0000] {logging_mixin.py:188} INFO - [2025-01-23T09:24:20.263+0000] {dag.py:3036} INFO - Sync 1 DAGs
[2025-01-23T09:24:20.287+0000] {logging_mixin.py:188} INFO - [2025-01-23T09:24:20.287+0000] {dag.py:3823} INFO - Setting next_dagrun for example_python_operator to None, run_after=None
[2025-01-23T09:24:20.326+0000] {processor.py:183} INFO - Processing /home/airflow/.local/lib/python3.8/site-packages/airflow/example_dags/example_python_operator.py took 0.140 seconds
[2025-01-23T09:24:50.834+0000] {processor.py:161} INFO - Started process (PID=296) to work on /home/airflow/.local/lib/python3.8/site-packages/airflow/example_dags/example_python_operator.py
[2025-01-23T09:24:50.837+0000] {processor.py:830} INFO - Processing file /home/airflow/.local/lib/python3.8/site-packages/airflow/example_dags/example_python_operator.py for tasks to queue
[2025-01-23T09:24:50.842+0000] {logging_mixin.py:188} INFO - [2025-01-23T09:24:50.841+0000] {dagbag.py:538} INFO - Filling up the DagBag from /home/airflow/.local/lib/python3.8/site-packages/airflow/example_dags/example_python_operator.py
[2025-01-23T09:24:50.864+0000] {processor.py:840} INFO - DAG(s) 'example_python_operator' retrieved from /home/airflow/.local/lib/python3.8/site-packages/airflow/example_dags/example_python_operator.py
[2025-01-23T09:24:50.916+0000] {logging_mixin.py:188} INFO - [2025-01-23T09:24:50.916+0000] {dag.py:3036} INFO - Sync 1 DAGs
[2025-01-23T09:24:50.941+0000] {logging_mixin.py:188} INFO - [2025-01-23T09:24:50.940+0000] {dag.py:3823} INFO - Setting next_dagrun for example_python_operator to None, run_after=None
[2025-01-23T09:24:50.985+0000] {processor.py:183} INFO - Processing /home/airflow/.local/lib/python3.8/site-packages/airflow/example_dags/example_python_operator.py took 0.159 seconds
[2025-01-23T09:25:21.221+0000] {processor.py:161} INFO - Started process (PID=352) to work on /home/airflow/.local/lib/python3.8/site-packages/airflow/example_dags/example_python_operator.py
[2025-01-23T09:25:21.223+0000] {processor.py:830} INFO - Processing file /home/airflow/.local/lib/python3.8/site-packages/airflow/example_dags/example_python_operator.py for tasks to queue
[2025-01-23T09:25:21.228+0000] {logging_mixin.py:188} INFO - [2025-01-23T09:25:21.228+0000] {dagbag.py:538} INFO - Filling up the DagBag from /home/airflow/.local/lib/python3.8/site-packages/airflow/example_dags/example_python_operator.py
[2025-01-23T09:25:21.253+0000] {processor.py:840} INFO - DAG(s) 'example_python_operator' retrieved from /home/airflow/.local/lib/python3.8/site-packages/airflow/example_dags/example_python_operator.py
[2025-01-23T09:25:21.321+0000] {logging_mixin.py:188} INFO - [2025-01-23T09:25:21.320+0000] {dag.py:3036} INFO - Sync 1 DAGs
[2025-01-23T09:25:21.367+0000] {logging_mixin.py:188} INFO - [2025-01-23T09:25:21.367+0000] {dag.py:3823} INFO - Setting next_dagrun for example_python_operator to None, run_after=None
[2025-01-23T09:25:21.496+0000] {processor.py:183} INFO - Processing /home/airflow/.local/lib/python3.8/site-packages/airflow/example_dags/example_python_operator.py took 0.284 seconds
[2025-01-23T09:25:52.170+0000] {processor.py:161} INFO - Started process (PID=408) to work on /home/airflow/.local/lib/python3.8/site-packages/airflow/example_dags/example_python_operator.py
[2025-01-23T09:25:52.172+0000] {processor.py:830} INFO - Processing file /home/airflow/.local/lib/python3.8/site-packages/airflow/example_dags/example_python_operator.py for tasks to queue
[2025-01-23T09:25:52.175+0000] {logging_mixin.py:188} INFO - [2025-01-23T09:25:52.175+0000] {dagbag.py:538} INFO - Filling up the DagBag from /home/airflow/.local/lib/python3.8/site-packages/airflow/example_dags/example_python_operator.py
[2025-01-23T09:25:52.193+0000] {processor.py:840} INFO - DAG(s) 'example_python_operator' retrieved from /home/airflow/.local/lib/python3.8/site-packages/airflow/example_dags/example_python_operator.py
[2025-01-23T09:25:52.245+0000] {logging_mixin.py:188} INFO - [2025-01-23T09:25:52.244+0000] {dag.py:3036} INFO - Sync 1 DAGs
[2025-01-23T09:25:52.270+0000] {logging_mixin.py:188} INFO - [2025-01-23T09:25:52.269+0000] {dag.py:3823} INFO - Setting next_dagrun for example_python_operator to None, run_after=None
[2025-01-23T09:25:52.310+0000] {processor.py:183} INFO - Processing /home/airflow/.local/lib/python3.8/site-packages/airflow/example_dags/example_python_operator.py took 0.145 seconds
[2025-01-23T09:26:22.460+0000] {processor.py:161} INFO - Started process (PID=464) to work on /home/airflow/.local/lib/python3.8/site-packages/airflow/example_dags/example_python_operator.py
[2025-01-23T09:26:22.462+0000] {processor.py:830} INFO - Processing file /home/airflow/.local/lib/python3.8/site-packages/airflow/example_dags/example_python_operator.py for tasks to queue
[2025-01-23T09:26:22.467+0000] {logging_mixin.py:188} INFO - [2025-01-23T09:26:22.466+0000] {dagbag.py:538} INFO - Filling up the DagBag from /home/airflow/.local/lib/python3.8/site-packages/airflow/example_dags/example_python_operator.py
[2025-01-23T09:26:22.494+0000] {processor.py:840} INFO - DAG(s) 'example_python_operator' retrieved from /home/airflow/.local/lib/python3.8/site-packages/airflow/example_dags/example_python_operator.py
[2025-01-23T09:26:22.547+0000] {logging_mixin.py:188} INFO - [2025-01-23T09:26:22.547+0000] {dag.py:3036} INFO - Sync 1 DAGs
[2025-01-23T09:26:22.578+0000] {logging_mixin.py:188} INFO - [2025-01-23T09:26:22.577+0000] {dag.py:3823} INFO - Setting next_dagrun for example_python_operator to None, run_after=None
[2025-01-23T09:26:22.620+0000] {processor.py:183} INFO - Processing /home/airflow/.local/lib/python3.8/site-packages/airflow/example_dags/example_python_operator.py took 0.166 seconds
[2025-01-23T09:26:52.896+0000] {processor.py:161} INFO - Started process (PID=520) to work on /home/airflow/.local/lib/python3.8/site-packages/airflow/example_dags/example_python_operator.py
[2025-01-23T09:26:52.898+0000] {processor.py:830} INFO - Processing file /home/airflow/.local/lib/python3.8/site-packages/airflow/example_dags/example_python_operator.py for tasks to queue
[2025-01-23T09:26:52.907+0000] {logging_mixin.py:188} INFO - [2025-01-23T09:26:52.905+0000] {dagbag.py:538} INFO - Filling up the DagBag from /home/airflow/.local/lib/python3.8/site-packages/airflow/example_dags/example_python_operator.py
[2025-01-23T09:26:52.946+0000] {processor.py:840} INFO - DAG(s) 'example_python_operator' retrieved from /home/airflow/.local/lib/python3.8/site-packages/airflow/example_dags/example_python_operator.py
[2025-01-23T09:26:53.003+0000] {logging_mixin.py:188} INFO - [2025-01-23T09:26:53.002+0000] {dag.py:3036} INFO - Sync 1 DAGs
[2025-01-23T09:26:53.063+0000] {logging_mixin.py:188} INFO - [2025-01-23T09:26:53.062+0000] {dag.py:3823} INFO - Setting next_dagrun for example_python_operator to None, run_after=None
[2025-01-23T09:26:53.142+0000] {processor.py:183} INFO - Processing /home/airflow/.local/lib/python3.8/site-packages/airflow/example_dags/example_python_operator.py took 0.255 seconds
[2025-01-23T09:27:23.910+0000] {processor.py:161} INFO - Started process (PID=576) to work on /home/airflow/.local/lib/python3.8/site-packages/airflow/example_dags/example_python_operator.py
[2025-01-23T09:27:23.913+0000] {processor.py:830} INFO - Processing file /home/airflow/.local/lib/python3.8/site-packages/airflow/example_dags/example_python_operator.py for tasks to queue
[2025-01-23T09:27:23.919+0000] {logging_mixin.py:188} INFO - [2025-01-23T09:27:23.918+0000] {dagbag.py:538} INFO - Filling up the DagBag from /home/airflow/.local/lib/python3.8/site-packages/airflow/example_dags/example_python_operator.py
[2025-01-23T09:27:23.977+0000] {processor.py:840} INFO - DAG(s) 'example_python_operator' retrieved from /home/airflow/.local/lib/python3.8/site-packages/airflow/example_dags/example_python_operator.py
[2025-01-23T09:27:24.142+0000] {logging_mixin.py:188} INFO - [2025-01-23T09:27:24.141+0000] {dag.py:3036} INFO - Sync 1 DAGs
[2025-01-23T09:27:24.199+0000] {logging_mixin.py:188} INFO - [2025-01-23T09:27:24.199+0000] {dag.py:3823} INFO - Setting next_dagrun for example_python_operator to None, run_after=None
[2025-01-23T09:27:24.368+0000] {processor.py:183} INFO - Processing /home/airflow/.local/lib/python3.8/site-packages/airflow/example_dags/example_python_operator.py took 0.469 seconds
[2025-01-23T09:27:54.623+0000] {processor.py:161} INFO - Started process (PID=632) to work on /home/airflow/.local/lib/python3.8/site-packages/airflow/example_dags/example_python_operator.py
[2025-01-23T09:27:54.625+0000] {processor.py:830} INFO - Processing file /home/airflow/.local/lib/python3.8/site-packages/airflow/example_dags/example_python_operator.py for tasks to queue
[2025-01-23T09:27:54.629+0000] {logging_mixin.py:188} INFO - [2025-01-23T09:27:54.628+0000] {dagbag.py:538} INFO - Filling up the DagBag from /home/airflow/.local/lib/python3.8/site-packages/airflow/example_dags/example_python_operator.py
[2025-01-23T09:27:54.650+0000] {processor.py:840} INFO - DAG(s) 'example_python_operator' retrieved from /home/airflow/.local/lib/python3.8/site-packages/airflow/example_dags/example_python_operator.py
[2025-01-23T09:27:54.732+0000] {logging_mixin.py:188} INFO - [2025-01-23T09:27:54.731+0000] {dag.py:3036} INFO - Sync 1 DAGs
[2025-01-23T09:27:54.783+0000] {logging_mixin.py:188} INFO - [2025-01-23T09:27:54.782+0000] {dag.py:3823} INFO - Setting next_dagrun for example_python_operator to None, run_after=None
[2025-01-23T09:27:54.832+0000] {processor.py:183} INFO - Processing /home/airflow/.local/lib/python3.8/site-packages/airflow/example_dags/example_python_operator.py took 0.218 seconds
[2025-01-23T09:28:25.129+0000] {processor.py:161} INFO - Started process (PID=688) to work on /home/airflow/.local/lib/python3.8/site-packages/airflow/example_dags/example_python_operator.py
[2025-01-23T09:28:25.132+0000] {processor.py:830} INFO - Processing file /home/airflow/.local/lib/python3.8/site-packages/airflow/example_dags/example_python_operator.py for tasks to queue
[2025-01-23T09:28:25.140+0000] {logging_mixin.py:188} INFO - [2025-01-23T09:28:25.137+0000] {dagbag.py:538} INFO - Filling up the DagBag from /home/airflow/.local/lib/python3.8/site-packages/airflow/example_dags/example_python_operator.py
[2025-01-23T09:28:25.208+0000] {processor.py:840} INFO - DAG(s) 'example_python_operator' retrieved from /home/airflow/.local/lib/python3.8/site-packages/airflow/example_dags/example_python_operator.py
[2025-01-23T09:28:25.301+0000] {logging_mixin.py:188} INFO - [2025-01-23T09:28:25.300+0000] {dag.py:3036} INFO - Sync 1 DAGs
[2025-01-23T09:28:25.332+0000] {logging_mixin.py:188} INFO - [2025-01-23T09:28:25.332+0000] {dag.py:3823} INFO - Setting next_dagrun for example_python_operator to None, run_after=None
[2025-01-23T09:28:25.415+0000] {processor.py:183} INFO - Processing /home/airflow/.local/lib/python3.8/site-packages/airflow/example_dags/example_python_operator.py took 0.305 seconds
[2025-01-23T09:28:55.814+0000] {processor.py:161} INFO - Started process (PID=744) to work on /home/airflow/.local/lib/python3.8/site-packages/airflow/example_dags/example_python_operator.py
[2025-01-23T09:28:55.816+0000] {processor.py:830} INFO - Processing file /home/airflow/.local/lib/python3.8/site-packages/airflow/example_dags/example_python_operator.py for tasks to queue
[2025-01-23T09:28:55.819+0000] {logging_mixin.py:188} INFO - [2025-01-23T09:28:55.819+0000] {dagbag.py:538} INFO - Filling up the DagBag from /home/airflow/.local/lib/python3.8/site-packages/airflow/example_dags/example_python_operator.py
[2025-01-23T09:28:55.838+0000] {processor.py:840} INFO - DAG(s) 'example_python_operator' retrieved from /home/airflow/.local/lib/python3.8/site-packages/airflow/example_dags/example_python_operator.py
[2025-01-23T09:28:55.881+0000] {logging_mixin.py:188} INFO - [2025-01-23T09:28:55.881+0000] {dag.py:3036} INFO - Sync 1 DAGs
[2025-01-23T09:28:55.906+0000] {logging_mixin.py:188} INFO - [2025-01-23T09:28:55.905+0000] {dag.py:3823} INFO - Setting next_dagrun for example_python_operator to None, run_after=None
[2025-01-23T09:28:55.939+0000] {processor.py:183} INFO - Processing /home/airflow/.local/lib/python3.8/site-packages/airflow/example_dags/example_python_operator.py took 0.130 seconds
[2025-01-23T09:29:26.181+0000] {processor.py:161} INFO - Started process (PID=801) to work on /home/airflow/.local/lib/python3.8/site-packages/airflow/example_dags/example_python_operator.py
[2025-01-23T09:29:26.186+0000] {processor.py:830} INFO - Processing file /home/airflow/.local/lib/python3.8/site-packages/airflow/example_dags/example_python_operator.py for tasks to queue
[2025-01-23T09:29:26.193+0000] {logging_mixin.py:188} INFO - [2025-01-23T09:29:26.192+0000] {dagbag.py:538} INFO - Filling up the DagBag from /home/airflow/.local/lib/python3.8/site-packages/airflow/example_dags/example_python_operator.py
[2025-01-23T09:29:26.227+0000] {processor.py:840} INFO - DAG(s) 'example_python_operator' retrieved from /home/airflow/.local/lib/python3.8/site-packages/airflow/example_dags/example_python_operator.py
[2025-01-23T09:29:26.298+0000] {logging_mixin.py:188} INFO - [2025-01-23T09:29:26.297+0000] {dag.py:3036} INFO - Sync 1 DAGs
[2025-01-23T09:29:26.368+0000] {logging_mixin.py:188} INFO - [2025-01-23T09:29:26.368+0000] {dag.py:3823} INFO - Setting next_dagrun for example_python_operator to None, run_after=None
[2025-01-23T09:29:26.455+0000] {processor.py:183} INFO - Processing /home/airflow/.local/lib/python3.8/site-packages/airflow/example_dags/example_python_operator.py took 0.283 seconds
[2025-01-23T09:29:56.791+0000] {processor.py:161} INFO - Started process (PID=856) to work on /home/airflow/.local/lib/python3.8/site-packages/airflow/example_dags/example_python_operator.py
[2025-01-23T09:29:56.795+0000] {processor.py:830} INFO - Processing file /home/airflow/.local/lib/python3.8/site-packages/airflow/example_dags/example_python_operator.py for tasks to queue
[2025-01-23T09:29:56.801+0000] {logging_mixin.py:188} INFO - [2025-01-23T09:29:56.800+0000] {dagbag.py:538} INFO - Filling up the DagBag from /home/airflow/.local/lib/python3.8/site-packages/airflow/example_dags/example_python_operator.py
[2025-01-23T09:29:56.840+0000] {processor.py:840} INFO - DAG(s) 'example_python_operator' retrieved from /home/airflow/.local/lib/python3.8/site-packages/airflow/example_dags/example_python_operator.py
[2025-01-23T09:29:56.909+0000] {logging_mixin.py:188} INFO - [2025-01-23T09:29:56.908+0000] {dag.py:3036} INFO - Sync 1 DAGs
[2025-01-23T09:29:56.939+0000] {logging_mixin.py:188} INFO - [2025-01-23T09:29:56.939+0000] {dag.py:3823} INFO - Setting next_dagrun for example_python_operator to None, run_after=None
[2025-01-23T09:29:56.985+0000] {processor.py:183} INFO - Processing /home/airflow/.local/lib/python3.8/site-packages/airflow/example_dags/example_python_operator.py took 0.211 seconds
[2025-01-23T09:30:27.128+0000] {processor.py:161} INFO - Started process (PID=912) to work on /home/airflow/.local/lib/python3.8/site-packages/airflow/example_dags/example_python_operator.py
[2025-01-23T09:30:27.134+0000] {processor.py:830} INFO - Processing file /home/airflow/.local/lib/python3.8/site-packages/airflow/example_dags/example_python_operator.py for tasks to queue
[2025-01-23T09:30:27.140+0000] {logging_mixin.py:188} INFO - [2025-01-23T09:30:27.139+0000] {dagbag.py:538} INFO - Filling up the DagBag from /home/airflow/.local/lib/python3.8/site-packages/airflow/example_dags/example_python_operator.py
[2025-01-23T09:30:27.176+0000] {processor.py:840} INFO - DAG(s) 'example_python_operator' retrieved from /home/airflow/.local/lib/python3.8/site-packages/airflow/example_dags/example_python_operator.py
[2025-01-23T09:30:27.257+0000] {logging_mixin.py:188} INFO - [2025-01-23T09:30:27.256+0000] {dag.py:3036} INFO - Sync 1 DAGs
[2025-01-23T09:30:27.297+0000] {logging_mixin.py:188} INFO - [2025-01-23T09:30:27.297+0000] {dag.py:3823} INFO - Setting next_dagrun for example_python_operator to None, run_after=None
[2025-01-23T09:30:27.402+0000] {processor.py:183} INFO - Processing /home/airflow/.local/lib/python3.8/site-packages/airflow/example_dags/example_python_operator.py took 0.283 seconds
[2025-01-23T09:30:57.729+0000] {processor.py:161} INFO - Started process (PID=968) to work on /home/airflow/.local/lib/python3.8/site-packages/airflow/example_dags/example_python_operator.py
[2025-01-23T09:30:57.731+0000] {processor.py:830} INFO - Processing file /home/airflow/.local/lib/python3.8/site-packages/airflow/example_dags/example_python_operator.py for tasks to queue
[2025-01-23T09:30:57.734+0000] {logging_mixin.py:188} INFO - [2025-01-23T09:30:57.733+0000] {dagbag.py:538} INFO - Filling up the DagBag from /home/airflow/.local/lib/python3.8/site-packages/airflow/example_dags/example_python_operator.py
[2025-01-23T09:30:57.760+0000] {processor.py:840} INFO - DAG(s) 'example_python_operator' retrieved from /home/airflow/.local/lib/python3.8/site-packages/airflow/example_dags/example_python_operator.py
[2025-01-23T09:30:57.829+0000] {logging_mixin.py:188} INFO - [2025-01-23T09:30:57.828+0000] {dag.py:3036} INFO - Sync 1 DAGs
[2025-01-23T09:30:57.864+0000] {logging_mixin.py:188} INFO - [2025-01-23T09:30:57.863+0000] {dag.py:3823} INFO - Setting next_dagrun for example_python_operator to None, run_after=None
[2025-01-23T09:30:57.917+0000] {processor.py:183} INFO - Processing /home/airflow/.local/lib/python3.8/site-packages/airflow/example_dags/example_python_operator.py took 0.196 seconds
[2025-01-23T09:31:28.499+0000] {processor.py:161} INFO - Started process (PID=1024) to work on /home/airflow/.local/lib/python3.8/site-packages/airflow/example_dags/example_python_operator.py
[2025-01-23T09:31:28.501+0000] {processor.py:830} INFO - Processing file /home/airflow/.local/lib/python3.8/site-packages/airflow/example_dags/example_python_operator.py for tasks to queue
[2025-01-23T09:31:28.503+0000] {logging_mixin.py:188} INFO - [2025-01-23T09:31:28.503+0000] {dagbag.py:538} INFO - Filling up the DagBag from /home/airflow/.local/lib/python3.8/site-packages/airflow/example_dags/example_python_operator.py
[2025-01-23T09:31:28.519+0000] {processor.py:840} INFO - DAG(s) 'example_python_operator' retrieved from /home/airflow/.local/lib/python3.8/site-packages/airflow/example_dags/example_python_operator.py
[2025-01-23T09:31:28.578+0000] {logging_mixin.py:188} INFO - [2025-01-23T09:31:28.578+0000] {dag.py:3036} INFO - Sync 1 DAGs
[2025-01-23T09:31:28.621+0000] {logging_mixin.py:188} INFO - [2025-01-23T09:31:28.619+0000] {dag.py:3823} INFO - Setting next_dagrun for example_python_operator to None, run_after=None
[2025-01-23T09:31:28.674+0000] {processor.py:183} INFO - Processing /home/airflow/.local/lib/python3.8/site-packages/airflow/example_dags/example_python_operator.py took 0.179 seconds
[2025-01-23T09:31:58.874+0000] {processor.py:161} INFO - Started process (PID=1081) to work on /home/airflow/.local/lib/python3.8/site-packages/airflow/example_dags/example_python_operator.py
[2025-01-23T09:31:58.876+0000] {processor.py:830} INFO - Processing file /home/airflow/.local/lib/python3.8/site-packages/airflow/example_dags/example_python_operator.py for tasks to queue
[2025-01-23T09:31:58.878+0000] {logging_mixin.py:188} INFO - [2025-01-23T09:31:58.877+0000] {dagbag.py:538} INFO - Filling up the DagBag from /home/airflow/.local/lib/python3.8/site-packages/airflow/example_dags/example_python_operator.py
[2025-01-23T09:31:58.896+0000] {processor.py:840} INFO - DAG(s) 'example_python_operator' retrieved from /home/airflow/.local/lib/python3.8/site-packages/airflow/example_dags/example_python_operator.py
[2025-01-23T09:31:58.933+0000] {logging_mixin.py:188} INFO - [2025-01-23T09:31:58.933+0000] {dag.py:3036} INFO - Sync 1 DAGs
[2025-01-23T09:31:58.958+0000] {logging_mixin.py:188} INFO - [2025-01-23T09:31:58.958+0000] {dag.py:3823} INFO - Setting next_dagrun for example_python_operator to None, run_after=None
[2025-01-23T09:31:58.989+0000] {processor.py:183} INFO - Processing /home/airflow/.local/lib/python3.8/site-packages/airflow/example_dags/example_python_operator.py took 0.123 seconds
[2025-01-23T09:32:29.568+0000] {processor.py:161} INFO - Started process (PID=1137) to work on /home/airflow/.local/lib/python3.8/site-packages/airflow/example_dags/example_python_operator.py
[2025-01-23T09:32:29.574+0000] {processor.py:830} INFO - Processing file /home/airflow/.local/lib/python3.8/site-packages/airflow/example_dags/example_python_operator.py for tasks to queue
[2025-01-23T09:32:29.578+0000] {logging_mixin.py:188} INFO - [2025-01-23T09:32:29.577+0000] {dagbag.py:538} INFO - Filling up the DagBag from /home/airflow/.local/lib/python3.8/site-packages/airflow/example_dags/example_python_operator.py
[2025-01-23T09:32:29.630+0000] {processor.py:840} INFO - DAG(s) 'example_python_operator' retrieved from /home/airflow/.local/lib/python3.8/site-packages/airflow/example_dags/example_python_operator.py
[2025-01-23T09:32:29.748+0000] {logging_mixin.py:188} INFO - [2025-01-23T09:32:29.748+0000] {dag.py:3036} INFO - Sync 1 DAGs
[2025-01-23T09:32:29.810+0000] {logging_mixin.py:188} INFO - [2025-01-23T09:32:29.809+0000] {dag.py:3823} INFO - Setting next_dagrun for example_python_operator to None, run_after=None
[2025-01-23T09:32:29.919+0000] {processor.py:183} INFO - Processing /home/airflow/.local/lib/python3.8/site-packages/airflow/example_dags/example_python_operator.py took 0.362 seconds
[2025-01-23T09:33:00.173+0000] {processor.py:161} INFO - Started process (PID=1193) to work on /home/airflow/.local/lib/python3.8/site-packages/airflow/example_dags/example_python_operator.py
[2025-01-23T09:33:00.177+0000] {processor.py:830} INFO - Processing file /home/airflow/.local/lib/python3.8/site-packages/airflow/example_dags/example_python_operator.py for tasks to queue
[2025-01-23T09:33:00.180+0000] {logging_mixin.py:188} INFO - [2025-01-23T09:33:00.179+0000] {dagbag.py:538} INFO - Filling up the DagBag from /home/airflow/.local/lib/python3.8/site-packages/airflow/example_dags/example_python_operator.py
[2025-01-23T09:33:00.211+0000] {processor.py:840} INFO - DAG(s) 'example_python_operator' retrieved from /home/airflow/.local/lib/python3.8/site-packages/airflow/example_dags/example_python_operator.py
[2025-01-23T09:33:00.269+0000] {logging_mixin.py:188} INFO - [2025-01-23T09:33:00.268+0000] {dag.py:3036} INFO - Sync 1 DAGs
[2025-01-23T09:33:00.318+0000] {logging_mixin.py:188} INFO - [2025-01-23T09:33:00.318+0000] {dag.py:3823} INFO - Setting next_dagrun for example_python_operator to None, run_after=None
[2025-01-23T09:33:00.365+0000] {processor.py:183} INFO - Processing /home/airflow/.local/lib/python3.8/site-packages/airflow/example_dags/example_python_operator.py took 0.202 seconds
[2025-01-23T09:33:30.820+0000] {processor.py:161} INFO - Started process (PID=1249) to work on /home/airflow/.local/lib/python3.8/site-packages/airflow/example_dags/example_python_operator.py
[2025-01-23T09:33:30.822+0000] {processor.py:830} INFO - Processing file /home/airflow/.local/lib/python3.8/site-packages/airflow/example_dags/example_python_operator.py for tasks to queue
[2025-01-23T09:33:30.825+0000] {logging_mixin.py:188} INFO - [2025-01-23T09:33:30.824+0000] {dagbag.py:538} INFO - Filling up the DagBag from /home/airflow/.local/lib/python3.8/site-packages/airflow/example_dags/example_python_operator.py
[2025-01-23T09:33:30.849+0000] {processor.py:840} INFO - DAG(s) 'example_python_operator' retrieved from /home/airflow/.local/lib/python3.8/site-packages/airflow/example_dags/example_python_operator.py
[2025-01-23T09:33:30.904+0000] {logging_mixin.py:188} INFO - [2025-01-23T09:33:30.903+0000] {dag.py:3036} INFO - Sync 1 DAGs
[2025-01-23T09:33:30.939+0000] {logging_mixin.py:188} INFO - [2025-01-23T09:33:30.938+0000] {dag.py:3823} INFO - Setting next_dagrun for example_python_operator to None, run_after=None
[2025-01-23T09:33:30.995+0000] {processor.py:183} INFO - Processing /home/airflow/.local/lib/python3.8/site-packages/airflow/example_dags/example_python_operator.py took 0.181 seconds
[2025-01-23T09:34:01.603+0000] {processor.py:161} INFO - Started process (PID=1305) to work on /home/airflow/.local/lib/python3.8/site-packages/airflow/example_dags/example_python_operator.py
[2025-01-23T09:34:01.608+0000] {processor.py:830} INFO - Processing file /home/airflow/.local/lib/python3.8/site-packages/airflow/example_dags/example_python_operator.py for tasks to queue
[2025-01-23T09:34:01.610+0000] {logging_mixin.py:188} INFO - [2025-01-23T09:34:01.609+0000] {dagbag.py:538} INFO - Filling up the DagBag from /home/airflow/.local/lib/python3.8/site-packages/airflow/example_dags/example_python_operator.py
[2025-01-23T09:34:01.626+0000] {processor.py:840} INFO - DAG(s) 'example_python_operator' retrieved from /home/airflow/.local/lib/python3.8/site-packages/airflow/example_dags/example_python_operator.py
[2025-01-23T09:34:01.669+0000] {logging_mixin.py:188} INFO - [2025-01-23T09:34:01.669+0000] {dag.py:3036} INFO - Sync 1 DAGs
[2025-01-23T09:34:01.690+0000] {logging_mixin.py:188} INFO - [2025-01-23T09:34:01.689+0000] {dag.py:3823} INFO - Setting next_dagrun for example_python_operator to None, run_after=None
[2025-01-23T09:34:01.752+0000] {processor.py:183} INFO - Processing /home/airflow/.local/lib/python3.8/site-packages/airflow/example_dags/example_python_operator.py took 0.154 seconds
[2025-01-23T09:34:32.362+0000] {processor.py:161} INFO - Started process (PID=1367) to work on /home/airflow/.local/lib/python3.8/site-packages/airflow/example_dags/example_python_operator.py
[2025-01-23T09:34:32.364+0000] {processor.py:830} INFO - Processing file /home/airflow/.local/lib/python3.8/site-packages/airflow/example_dags/example_python_operator.py for tasks to queue
[2025-01-23T09:34:32.366+0000] {logging_mixin.py:188} INFO - [2025-01-23T09:34:32.366+0000] {dagbag.py:538} INFO - Filling up the DagBag from /home/airflow/.local/lib/python3.8/site-packages/airflow/example_dags/example_python_operator.py
[2025-01-23T09:34:32.391+0000] {processor.py:840} INFO - DAG(s) 'example_python_operator' retrieved from /home/airflow/.local/lib/python3.8/site-packages/airflow/example_dags/example_python_operator.py
[2025-01-23T09:34:32.442+0000] {logging_mixin.py:188} INFO - [2025-01-23T09:34:32.441+0000] {dag.py:3036} INFO - Sync 1 DAGs
[2025-01-23T09:34:32.469+0000] {logging_mixin.py:188} INFO - [2025-01-23T09:34:32.469+0000] {dag.py:3823} INFO - Setting next_dagrun for example_python_operator to None, run_after=None
[2025-01-23T09:34:32.522+0000] {processor.py:183} INFO - Processing /home/airflow/.local/lib/python3.8/site-packages/airflow/example_dags/example_python_operator.py took 0.165 seconds
[2025-01-23T09:35:03.168+0000] {processor.py:161} INFO - Started process (PID=1424) to work on /home/airflow/.local/lib/python3.8/site-packages/airflow/example_dags/example_python_operator.py
[2025-01-23T09:35:03.171+0000] {processor.py:830} INFO - Processing file /home/airflow/.local/lib/python3.8/site-packages/airflow/example_dags/example_python_operator.py for tasks to queue
[2025-01-23T09:35:03.175+0000] {logging_mixin.py:188} INFO - [2025-01-23T09:35:03.174+0000] {dagbag.py:538} INFO - Filling up the DagBag from /home/airflow/.local/lib/python3.8/site-packages/airflow/example_dags/example_python_operator.py
[2025-01-23T09:35:03.204+0000] {processor.py:840} INFO - DAG(s) 'example_python_operator' retrieved from /home/airflow/.local/lib/python3.8/site-packages/airflow/example_dags/example_python_operator.py
[2025-01-23T09:35:03.271+0000] {logging_mixin.py:188} INFO - [2025-01-23T09:35:03.270+0000] {dag.py:3036} INFO - Sync 1 DAGs
[2025-01-23T09:35:03.310+0000] {logging_mixin.py:188} INFO - [2025-01-23T09:35:03.309+0000] {dag.py:3823} INFO - Setting next_dagrun for example_python_operator to None, run_after=None
[2025-01-23T09:35:03.380+0000] {processor.py:183} INFO - Processing /home/airflow/.local/lib/python3.8/site-packages/airflow/example_dags/example_python_operator.py took 0.224 seconds
[2025-01-23T09:35:33.751+0000] {processor.py:161} INFO - Started process (PID=1480) to work on /home/airflow/.local/lib/python3.8/site-packages/airflow/example_dags/example_python_operator.py
[2025-01-23T09:35:33.754+0000] {processor.py:830} INFO - Processing file /home/airflow/.local/lib/python3.8/site-packages/airflow/example_dags/example_python_operator.py for tasks to queue
[2025-01-23T09:35:33.757+0000] {logging_mixin.py:188} INFO - [2025-01-23T09:35:33.756+0000] {dagbag.py:538} INFO - Filling up the DagBag from /home/airflow/.local/lib/python3.8/site-packages/airflow/example_dags/example_python_operator.py
[2025-01-23T09:35:33.789+0000] {processor.py:840} INFO - DAG(s) 'example_python_operator' retrieved from /home/airflow/.local/lib/python3.8/site-packages/airflow/example_dags/example_python_operator.py
[2025-01-23T09:35:33.841+0000] {logging_mixin.py:188} INFO - [2025-01-23T09:35:33.841+0000] {dag.py:3036} INFO - Sync 1 DAGs
[2025-01-23T09:35:33.867+0000] {logging_mixin.py:188} INFO - [2025-01-23T09:35:33.867+0000] {dag.py:3823} INFO - Setting next_dagrun for example_python_operator to None, run_after=None
[2025-01-23T09:35:33.904+0000] {processor.py:183} INFO - Processing /home/airflow/.local/lib/python3.8/site-packages/airflow/example_dags/example_python_operator.py took 0.160 seconds
[2025-01-23T09:36:04.572+0000] {processor.py:161} INFO - Started process (PID=1534) to work on /home/airflow/.local/lib/python3.8/site-packages/airflow/example_dags/example_python_operator.py
[2025-01-23T09:36:04.574+0000] {processor.py:830} INFO - Processing file /home/airflow/.local/lib/python3.8/site-packages/airflow/example_dags/example_python_operator.py for tasks to queue
[2025-01-23T09:36:04.576+0000] {logging_mixin.py:188} INFO - [2025-01-23T09:36:04.576+0000] {dagbag.py:538} INFO - Filling up the DagBag from /home/airflow/.local/lib/python3.8/site-packages/airflow/example_dags/example_python_operator.py
[2025-01-23T09:36:04.599+0000] {processor.py:840} INFO - DAG(s) 'example_python_operator' retrieved from /home/airflow/.local/lib/python3.8/site-packages/airflow/example_dags/example_python_operator.py
[2025-01-23T09:36:04.650+0000] {logging_mixin.py:188} INFO - [2025-01-23T09:36:04.649+0000] {dag.py:3036} INFO - Sync 1 DAGs
[2025-01-23T09:36:04.683+0000] {logging_mixin.py:188} INFO - [2025-01-23T09:36:04.682+0000] {dag.py:3823} INFO - Setting next_dagrun for example_python_operator to None, run_after=None
[2025-01-23T09:36:04.720+0000] {processor.py:183} INFO - Processing /home/airflow/.local/lib/python3.8/site-packages/airflow/example_dags/example_python_operator.py took 0.154 seconds
[2025-01-23T09:36:34.950+0000] {processor.py:161} INFO - Started process (PID=1590) to work on /home/airflow/.local/lib/python3.8/site-packages/airflow/example_dags/example_python_operator.py
[2025-01-23T09:36:34.952+0000] {processor.py:830} INFO - Processing file /home/airflow/.local/lib/python3.8/site-packages/airflow/example_dags/example_python_operator.py for tasks to queue
[2025-01-23T09:36:34.954+0000] {logging_mixin.py:188} INFO - [2025-01-23T09:36:34.953+0000] {dagbag.py:538} INFO - Filling up the DagBag from /home/airflow/.local/lib/python3.8/site-packages/airflow/example_dags/example_python_operator.py
[2025-01-23T09:36:34.978+0000] {processor.py:840} INFO - DAG(s) 'example_python_operator' retrieved from /home/airflow/.local/lib/python3.8/site-packages/airflow/example_dags/example_python_operator.py
[2025-01-23T09:36:35.029+0000] {logging_mixin.py:188} INFO - [2025-01-23T09:36:35.029+0000] {dag.py:3036} INFO - Sync 1 DAGs
[2025-01-23T09:36:35.057+0000] {logging_mixin.py:188} INFO - [2025-01-23T09:36:35.057+0000] {dag.py:3823} INFO - Setting next_dagrun for example_python_operator to None, run_after=None
[2025-01-23T09:36:35.141+0000] {processor.py:183} INFO - Processing /home/airflow/.local/lib/python3.8/site-packages/airflow/example_dags/example_python_operator.py took 0.197 seconds
[2025-01-23T09:37:05.392+0000] {processor.py:161} INFO - Started process (PID=1646) to work on /home/airflow/.local/lib/python3.8/site-packages/airflow/example_dags/example_python_operator.py
[2025-01-23T09:37:05.394+0000] {processor.py:830} INFO - Processing file /home/airflow/.local/lib/python3.8/site-packages/airflow/example_dags/example_python_operator.py for tasks to queue
[2025-01-23T09:37:05.396+0000] {logging_mixin.py:188} INFO - [2025-01-23T09:37:05.395+0000] {dagbag.py:538} INFO - Filling up the DagBag from /home/airflow/.local/lib/python3.8/site-packages/airflow/example_dags/example_python_operator.py
[2025-01-23T09:37:05.420+0000] {processor.py:840} INFO - DAG(s) 'example_python_operator' retrieved from /home/airflow/.local/lib/python3.8/site-packages/airflow/example_dags/example_python_operator.py
[2025-01-23T09:37:05.468+0000] {logging_mixin.py:188} INFO - [2025-01-23T09:37:05.468+0000] {dag.py:3036} INFO - Sync 1 DAGs
[2025-01-23T09:37:05.498+0000] {logging_mixin.py:188} INFO - [2025-01-23T09:37:05.498+0000] {dag.py:3823} INFO - Setting next_dagrun for example_python_operator to None, run_after=None
[2025-01-23T09:37:05.545+0000] {processor.py:183} INFO - Processing /home/airflow/.local/lib/python3.8/site-packages/airflow/example_dags/example_python_operator.py took 0.159 seconds
[2025-01-23T09:37:35.860+0000] {processor.py:161} INFO - Started process (PID=1702) to work on /home/airflow/.local/lib/python3.8/site-packages/airflow/example_dags/example_python_operator.py
[2025-01-23T09:37:35.863+0000] {processor.py:830} INFO - Processing file /home/airflow/.local/lib/python3.8/site-packages/airflow/example_dags/example_python_operator.py for tasks to queue
[2025-01-23T09:37:35.867+0000] {logging_mixin.py:188} INFO - [2025-01-23T09:37:35.866+0000] {dagbag.py:538} INFO - Filling up the DagBag from /home/airflow/.local/lib/python3.8/site-packages/airflow/example_dags/example_python_operator.py
[2025-01-23T09:37:35.895+0000] {processor.py:840} INFO - DAG(s) 'example_python_operator' retrieved from /home/airflow/.local/lib/python3.8/site-packages/airflow/example_dags/example_python_operator.py
[2025-01-23T09:37:35.960+0000] {logging_mixin.py:188} INFO - [2025-01-23T09:37:35.959+0000] {dag.py:3036} INFO - Sync 1 DAGs
[2025-01-23T09:37:35.993+0000] {logging_mixin.py:188} INFO - [2025-01-23T09:37:35.992+0000] {dag.py:3823} INFO - Setting next_dagrun for example_python_operator to None, run_after=None
[2025-01-23T09:37:36.030+0000] {processor.py:183} INFO - Processing /home/airflow/.local/lib/python3.8/site-packages/airflow/example_dags/example_python_operator.py took 0.179 seconds
[2025-01-23T09:38:06.503+0000] {processor.py:161} INFO - Started process (PID=1759) to work on /home/airflow/.local/lib/python3.8/site-packages/airflow/example_dags/example_python_operator.py
[2025-01-23T09:38:06.507+0000] {processor.py:830} INFO - Processing file /home/airflow/.local/lib/python3.8/site-packages/airflow/example_dags/example_python_operator.py for tasks to queue
[2025-01-23T09:38:06.512+0000] {logging_mixin.py:188} INFO - [2025-01-23T09:38:06.511+0000] {dagbag.py:538} INFO - Filling up the DagBag from /home/airflow/.local/lib/python3.8/site-packages/airflow/example_dags/example_python_operator.py
[2025-01-23T09:38:06.565+0000] {processor.py:840} INFO - DAG(s) 'example_python_operator' retrieved from /home/airflow/.local/lib/python3.8/site-packages/airflow/example_dags/example_python_operator.py
[2025-01-23T09:38:06.645+0000] {logging_mixin.py:188} INFO - [2025-01-23T09:38:06.645+0000] {dag.py:3036} INFO - Sync 1 DAGs
[2025-01-23T09:38:06.680+0000] {logging_mixin.py:188} INFO - [2025-01-23T09:38:06.677+0000] {dag.py:3823} INFO - Setting next_dagrun for example_python_operator to None, run_after=None
[2025-01-23T09:38:06.730+0000] {processor.py:183} INFO - Processing /home/airflow/.local/lib/python3.8/site-packages/airflow/example_dags/example_python_operator.py took 0.244 seconds
[2025-01-23T09:38:37.692+0000] {processor.py:161} INFO - Started process (PID=1815) to work on /home/airflow/.local/lib/python3.8/site-packages/airflow/example_dags/example_python_operator.py
[2025-01-23T09:38:37.697+0000] {processor.py:830} INFO - Processing file /home/airflow/.local/lib/python3.8/site-packages/airflow/example_dags/example_python_operator.py for tasks to queue
[2025-01-23T09:38:37.705+0000] {logging_mixin.py:188} INFO - [2025-01-23T09:38:37.703+0000] {dagbag.py:538} INFO - Filling up the DagBag from /home/airflow/.local/lib/python3.8/site-packages/airflow/example_dags/example_python_operator.py
[2025-01-23T09:38:37.773+0000] {processor.py:840} INFO - DAG(s) 'example_python_operator' retrieved from /home/airflow/.local/lib/python3.8/site-packages/airflow/example_dags/example_python_operator.py
[2025-01-23T09:38:37.895+0000] {logging_mixin.py:188} INFO - [2025-01-23T09:38:37.894+0000] {dag.py:3036} INFO - Sync 1 DAGs
[2025-01-23T09:38:37.951+0000] {logging_mixin.py:188} INFO - [2025-01-23T09:38:37.950+0000] {dag.py:3823} INFO - Setting next_dagrun for example_python_operator to None, run_after=None
[2025-01-23T09:38:38.035+0000] {processor.py:183} INFO - Processing /home/airflow/.local/lib/python3.8/site-packages/airflow/example_dags/example_python_operator.py took 0.358 seconds
[2025-01-23T09:39:08.179+0000] {processor.py:161} INFO - Started process (PID=1871) to work on /home/airflow/.local/lib/python3.8/site-packages/airflow/example_dags/example_python_operator.py
[2025-01-23T09:39:08.181+0000] {processor.py:830} INFO - Processing file /home/airflow/.local/lib/python3.8/site-packages/airflow/example_dags/example_python_operator.py for tasks to queue
[2025-01-23T09:39:08.184+0000] {logging_mixin.py:188} INFO - [2025-01-23T09:39:08.183+0000] {dagbag.py:538} INFO - Filling up the DagBag from /home/airflow/.local/lib/python3.8/site-packages/airflow/example_dags/example_python_operator.py
[2025-01-23T09:39:08.205+0000] {processor.py:840} INFO - DAG(s) 'example_python_operator' retrieved from /home/airflow/.local/lib/python3.8/site-packages/airflow/example_dags/example_python_operator.py
[2025-01-23T09:39:08.254+0000] {logging_mixin.py:188} INFO - [2025-01-23T09:39:08.253+0000] {dag.py:3036} INFO - Sync 1 DAGs
[2025-01-23T09:39:08.283+0000] {logging_mixin.py:188} INFO - [2025-01-23T09:39:08.283+0000] {dag.py:3823} INFO - Setting next_dagrun for example_python_operator to None, run_after=None
[2025-01-23T09:39:08.330+0000] {processor.py:183} INFO - Processing /home/airflow/.local/lib/python3.8/site-packages/airflow/example_dags/example_python_operator.py took 0.157 seconds
[2025-01-23T09:39:38.849+0000] {processor.py:161} INFO - Started process (PID=1927) to work on /home/airflow/.local/lib/python3.8/site-packages/airflow/example_dags/example_python_operator.py
[2025-01-23T09:39:38.852+0000] {processor.py:830} INFO - Processing file /home/airflow/.local/lib/python3.8/site-packages/airflow/example_dags/example_python_operator.py for tasks to queue
[2025-01-23T09:39:38.855+0000] {logging_mixin.py:188} INFO - [2025-01-23T09:39:38.854+0000] {dagbag.py:538} INFO - Filling up the DagBag from /home/airflow/.local/lib/python3.8/site-packages/airflow/example_dags/example_python_operator.py
[2025-01-23T09:39:38.890+0000] {processor.py:840} INFO - DAG(s) 'example_python_operator' retrieved from /home/airflow/.local/lib/python3.8/site-packages/airflow/example_dags/example_python_operator.py
[2025-01-23T09:39:38.990+0000] {logging_mixin.py:188} INFO - [2025-01-23T09:39:38.989+0000] {dag.py:3036} INFO - Sync 1 DAGs
[2025-01-23T09:39:39.037+0000] {logging_mixin.py:188} INFO - [2025-01-23T09:39:39.036+0000] {dag.py:3823} INFO - Setting next_dagrun for example_python_operator to None, run_after=None
[2025-01-23T09:39:39.108+0000] {processor.py:183} INFO - Processing /home/airflow/.local/lib/python3.8/site-packages/airflow/example_dags/example_python_operator.py took 0.267 seconds
[2025-01-23T09:40:09.924+0000] {processor.py:161} INFO - Started process (PID=1983) to work on /home/airflow/.local/lib/python3.8/site-packages/airflow/example_dags/example_python_operator.py
[2025-01-23T09:40:09.926+0000] {processor.py:830} INFO - Processing file /home/airflow/.local/lib/python3.8/site-packages/airflow/example_dags/example_python_operator.py for tasks to queue
[2025-01-23T09:40:09.929+0000] {logging_mixin.py:188} INFO - [2025-01-23T09:40:09.928+0000] {dagbag.py:538} INFO - Filling up the DagBag from /home/airflow/.local/lib/python3.8/site-packages/airflow/example_dags/example_python_operator.py
[2025-01-23T09:40:09.957+0000] {processor.py:840} INFO - DAG(s) 'example_python_operator' retrieved from /home/airflow/.local/lib/python3.8/site-packages/airflow/example_dags/example_python_operator.py
[2025-01-23T09:40:10.035+0000] {logging_mixin.py:188} INFO - [2025-01-23T09:40:10.034+0000] {dag.py:3036} INFO - Sync 1 DAGs
[2025-01-23T09:40:10.072+0000] {logging_mixin.py:188} INFO - [2025-01-23T09:40:10.071+0000] {dag.py:3823} INFO - Setting next_dagrun for example_python_operator to None, run_after=None
[2025-01-23T09:40:10.134+0000] {processor.py:183} INFO - Processing /home/airflow/.local/lib/python3.8/site-packages/airflow/example_dags/example_python_operator.py took 0.218 seconds
[2025-01-23T09:40:40.214+0000] {processor.py:161} INFO - Started process (PID=2040) to work on /home/airflow/.local/lib/python3.8/site-packages/airflow/example_dags/example_python_operator.py
[2025-01-23T09:40:40.216+0000] {processor.py:830} INFO - Processing file /home/airflow/.local/lib/python3.8/site-packages/airflow/example_dags/example_python_operator.py for tasks to queue
[2025-01-23T09:40:40.218+0000] {logging_mixin.py:188} INFO - [2025-01-23T09:40:40.218+0000] {dagbag.py:538} INFO - Filling up the DagBag from /home/airflow/.local/lib/python3.8/site-packages/airflow/example_dags/example_python_operator.py
[2025-01-23T09:40:40.240+0000] {processor.py:840} INFO - DAG(s) 'example_python_operator' retrieved from /home/airflow/.local/lib/python3.8/site-packages/airflow/example_dags/example_python_operator.py
[2025-01-23T09:40:40.291+0000] {logging_mixin.py:188} INFO - [2025-01-23T09:40:40.291+0000] {dag.py:3036} INFO - Sync 1 DAGs
[2025-01-23T09:40:40.329+0000] {logging_mixin.py:188} INFO - [2025-01-23T09:40:40.328+0000] {dag.py:3823} INFO - Setting next_dagrun for example_python_operator to None, run_after=None
[2025-01-23T09:40:40.373+0000] {processor.py:183} INFO - Processing /home/airflow/.local/lib/python3.8/site-packages/airflow/example_dags/example_python_operator.py took 0.166 seconds
[2025-01-23T09:41:15.146+0000] {processor.py:161} INFO - Started process (PID=2097) to work on /home/airflow/.local/lib/python3.8/site-packages/airflow/example_dags/example_python_operator.py
[2025-01-23T09:41:15.149+0000] {processor.py:830} INFO - Processing file /home/airflow/.local/lib/python3.8/site-packages/airflow/example_dags/example_python_operator.py for tasks to queue
[2025-01-23T09:41:15.154+0000] {logging_mixin.py:188} INFO - [2025-01-23T09:41:15.152+0000] {dagbag.py:538} INFO - Filling up the DagBag from /home/airflow/.local/lib/python3.8/site-packages/airflow/example_dags/example_python_operator.py
[2025-01-23T09:41:15.223+0000] {processor.py:840} INFO - DAG(s) 'example_python_operator' retrieved from /home/airflow/.local/lib/python3.8/site-packages/airflow/example_dags/example_python_operator.py
[2025-01-23T09:41:15.430+0000] {logging_mixin.py:188} INFO - [2025-01-23T09:41:15.429+0000] {dag.py:3036} INFO - Sync 1 DAGs
[2025-01-23T09:41:15.561+0000] {logging_mixin.py:188} INFO - [2025-01-23T09:41:15.560+0000] {dag.py:3823} INFO - Setting next_dagrun for example_python_operator to None, run_after=None
[2025-01-23T09:41:15.779+0000] {processor.py:183} INFO - Processing /home/airflow/.local/lib/python3.8/site-packages/airflow/example_dags/example_python_operator.py took 0.653 seconds
[2025-01-23T09:41:46.415+0000] {processor.py:161} INFO - Started process (PID=2154) to work on /home/airflow/.local/lib/python3.8/site-packages/airflow/example_dags/example_python_operator.py
[2025-01-23T09:41:46.419+0000] {processor.py:830} INFO - Processing file /home/airflow/.local/lib/python3.8/site-packages/airflow/example_dags/example_python_operator.py for tasks to queue
[2025-01-23T09:41:46.422+0000] {logging_mixin.py:188} INFO - [2025-01-23T09:41:46.421+0000] {dagbag.py:538} INFO - Filling up the DagBag from /home/airflow/.local/lib/python3.8/site-packages/airflow/example_dags/example_python_operator.py
[2025-01-23T09:41:46.455+0000] {processor.py:840} INFO - DAG(s) 'example_python_operator' retrieved from /home/airflow/.local/lib/python3.8/site-packages/airflow/example_dags/example_python_operator.py
[2025-01-23T09:41:46.517+0000] {logging_mixin.py:188} INFO - [2025-01-23T09:41:46.517+0000] {dag.py:3036} INFO - Sync 1 DAGs
[2025-01-23T09:41:46.559+0000] {logging_mixin.py:188} INFO - [2025-01-23T09:41:46.559+0000] {dag.py:3823} INFO - Setting next_dagrun for example_python_operator to None, run_after=None
[2025-01-23T09:41:46.618+0000] {processor.py:183} INFO - Processing /home/airflow/.local/lib/python3.8/site-packages/airflow/example_dags/example_python_operator.py took 0.213 seconds
[2025-01-23T09:42:20.152+0000] {processor.py:161} INFO - Started process (PID=2210) to work on /home/airflow/.local/lib/python3.8/site-packages/airflow/example_dags/example_python_operator.py
[2025-01-23T09:42:20.156+0000] {processor.py:830} INFO - Processing file /home/airflow/.local/lib/python3.8/site-packages/airflow/example_dags/example_python_operator.py for tasks to queue
[2025-01-23T09:42:20.160+0000] {logging_mixin.py:188} INFO - [2025-01-23T09:42:20.159+0000] {dagbag.py:538} INFO - Filling up the DagBag from /home/airflow/.local/lib/python3.8/site-packages/airflow/example_dags/example_python_operator.py
[2025-01-23T09:42:20.204+0000] {processor.py:840} INFO - DAG(s) 'example_python_operator' retrieved from /home/airflow/.local/lib/python3.8/site-packages/airflow/example_dags/example_python_operator.py
[2025-01-23T09:42:20.297+0000] {logging_mixin.py:188} INFO - [2025-01-23T09:42:20.295+0000] {dag.py:3036} INFO - Sync 1 DAGs
[2025-01-23T09:42:20.354+0000] {logging_mixin.py:188} INFO - [2025-01-23T09:42:20.353+0000] {dag.py:3823} INFO - Setting next_dagrun for example_python_operator to None, run_after=None
[2025-01-23T09:42:20.740+0000] {processor.py:183} INFO - Processing /home/airflow/.local/lib/python3.8/site-packages/airflow/example_dags/example_python_operator.py took 0.600 seconds
[2025-01-23T09:42:50.956+0000] {processor.py:161} INFO - Started process (PID=2266) to work on /home/airflow/.local/lib/python3.8/site-packages/airflow/example_dags/example_python_operator.py
[2025-01-23T09:42:50.958+0000] {processor.py:830} INFO - Processing file /home/airflow/.local/lib/python3.8/site-packages/airflow/example_dags/example_python_operator.py for tasks to queue
[2025-01-23T09:42:50.960+0000] {logging_mixin.py:188} INFO - [2025-01-23T09:42:50.960+0000] {dagbag.py:538} INFO - Filling up the DagBag from /home/airflow/.local/lib/python3.8/site-packages/airflow/example_dags/example_python_operator.py
[2025-01-23T09:42:50.984+0000] {processor.py:840} INFO - DAG(s) 'example_python_operator' retrieved from /home/airflow/.local/lib/python3.8/site-packages/airflow/example_dags/example_python_operator.py
[2025-01-23T09:42:51.026+0000] {logging_mixin.py:188} INFO - [2025-01-23T09:42:51.025+0000] {dag.py:3036} INFO - Sync 1 DAGs
[2025-01-23T09:42:51.055+0000] {logging_mixin.py:188} INFO - [2025-01-23T09:42:51.055+0000] {dag.py:3823} INFO - Setting next_dagrun for example_python_operator to None, run_after=None
[2025-01-23T09:42:51.100+0000] {processor.py:183} INFO - Processing /home/airflow/.local/lib/python3.8/site-packages/airflow/example_dags/example_python_operator.py took 0.150 seconds
[2025-01-23T09:43:24.522+0000] {processor.py:161} INFO - Started process (PID=2323) to work on /home/airflow/.local/lib/python3.8/site-packages/airflow/example_dags/example_python_operator.py
[2025-01-23T09:43:24.535+0000] {processor.py:830} INFO - Processing file /home/airflow/.local/lib/python3.8/site-packages/airflow/example_dags/example_python_operator.py for tasks to queue
[2025-01-23T09:43:24.544+0000] {logging_mixin.py:188} INFO - [2025-01-23T09:43:24.542+0000] {dagbag.py:538} INFO - Filling up the DagBag from /home/airflow/.local/lib/python3.8/site-packages/airflow/example_dags/example_python_operator.py
[2025-01-23T09:43:24.870+0000] {processor.py:840} INFO - DAG(s) 'example_python_operator' retrieved from /home/airflow/.local/lib/python3.8/site-packages/airflow/example_dags/example_python_operator.py
[2025-01-23T09:43:25.184+0000] {logging_mixin.py:188} INFO - [2025-01-23T09:43:25.183+0000] {dag.py:3036} INFO - Sync 1 DAGs
[2025-01-23T09:43:25.321+0000] {logging_mixin.py:188} INFO - [2025-01-23T09:43:25.321+0000] {dag.py:3823} INFO - Setting next_dagrun for example_python_operator to None, run_after=None
[2025-01-23T09:43:25.437+0000] {processor.py:183} INFO - Processing /home/airflow/.local/lib/python3.8/site-packages/airflow/example_dags/example_python_operator.py took 1.060 seconds
[2025-01-23T09:43:55.591+0000] {processor.py:161} INFO - Started process (PID=2380) to work on /home/airflow/.local/lib/python3.8/site-packages/airflow/example_dags/example_python_operator.py
[2025-01-23T09:43:55.594+0000] {processor.py:830} INFO - Processing file /home/airflow/.local/lib/python3.8/site-packages/airflow/example_dags/example_python_operator.py for tasks to queue
[2025-01-23T09:43:55.598+0000] {logging_mixin.py:188} INFO - [2025-01-23T09:43:55.596+0000] {dagbag.py:538} INFO - Filling up the DagBag from /home/airflow/.local/lib/python3.8/site-packages/airflow/example_dags/example_python_operator.py
[2025-01-23T09:43:55.643+0000] {processor.py:840} INFO - DAG(s) 'example_python_operator' retrieved from /home/airflow/.local/lib/python3.8/site-packages/airflow/example_dags/example_python_operator.py
[2025-01-23T09:43:55.767+0000] {logging_mixin.py:188} INFO - [2025-01-23T09:43:55.766+0000] {dag.py:3036} INFO - Sync 1 DAGs
[2025-01-23T09:43:55.819+0000] {logging_mixin.py:188} INFO - [2025-01-23T09:43:55.818+0000] {dag.py:3823} INFO - Setting next_dagrun for example_python_operator to None, run_after=None
[2025-01-23T09:43:55.880+0000] {processor.py:183} INFO - Processing /home/airflow/.local/lib/python3.8/site-packages/airflow/example_dags/example_python_operator.py took 0.297 seconds
[2025-01-23T09:44:29.552+0000] {processor.py:161} INFO - Started process (PID=2438) to work on /home/airflow/.local/lib/python3.8/site-packages/airflow/example_dags/example_python_operator.py
[2025-01-23T09:44:29.558+0000] {processor.py:830} INFO - Processing file /home/airflow/.local/lib/python3.8/site-packages/airflow/example_dags/example_python_operator.py for tasks to queue
[2025-01-23T09:44:29.561+0000] {logging_mixin.py:188} INFO - [2025-01-23T09:44:29.560+0000] {dagbag.py:538} INFO - Filling up the DagBag from /home/airflow/.local/lib/python3.8/site-packages/airflow/example_dags/example_python_operator.py
[2025-01-23T09:44:29.612+0000] {processor.py:840} INFO - DAG(s) 'example_python_operator' retrieved from /home/airflow/.local/lib/python3.8/site-packages/airflow/example_dags/example_python_operator.py
[2025-01-23T09:44:29.673+0000] {logging_mixin.py:188} INFO - [2025-01-23T09:44:29.672+0000] {dag.py:3036} INFO - Sync 1 DAGs
[2025-01-23T09:44:29.719+0000] {logging_mixin.py:188} INFO - [2025-01-23T09:44:29.719+0000] {dag.py:3823} INFO - Setting next_dagrun for example_python_operator to None, run_after=None
[2025-01-23T09:44:29.862+0000] {processor.py:183} INFO - Processing /home/airflow/.local/lib/python3.8/site-packages/airflow/example_dags/example_python_operator.py took 0.321 seconds
[2025-01-23T09:45:00.126+0000] {processor.py:161} INFO - Started process (PID=2494) to work on /home/airflow/.local/lib/python3.8/site-packages/airflow/example_dags/example_python_operator.py
[2025-01-23T09:45:00.129+0000] {processor.py:830} INFO - Processing file /home/airflow/.local/lib/python3.8/site-packages/airflow/example_dags/example_python_operator.py for tasks to queue
[2025-01-23T09:45:00.132+0000] {logging_mixin.py:188} INFO - [2025-01-23T09:45:00.131+0000] {dagbag.py:538} INFO - Filling up the DagBag from /home/airflow/.local/lib/python3.8/site-packages/airflow/example_dags/example_python_operator.py
[2025-01-23T09:45:00.163+0000] {processor.py:840} INFO - DAG(s) 'example_python_operator' retrieved from /home/airflow/.local/lib/python3.8/site-packages/airflow/example_dags/example_python_operator.py
[2025-01-23T09:45:00.217+0000] {logging_mixin.py:188} INFO - [2025-01-23T09:45:00.217+0000] {dag.py:3036} INFO - Sync 1 DAGs
[2025-01-23T09:45:00.467+0000] {logging_mixin.py:188} INFO - [2025-01-23T09:45:00.466+0000] {dag.py:3823} INFO - Setting next_dagrun for example_python_operator to None, run_after=None
[2025-01-23T09:45:00.522+0000] {processor.py:183} INFO - Processing /home/airflow/.local/lib/python3.8/site-packages/airflow/example_dags/example_python_operator.py took 0.408 seconds
[2025-01-23T09:45:30.709+0000] {processor.py:161} INFO - Started process (PID=2550) to work on /home/airflow/.local/lib/python3.8/site-packages/airflow/example_dags/example_python_operator.py
[2025-01-23T09:45:30.711+0000] {processor.py:830} INFO - Processing file /home/airflow/.local/lib/python3.8/site-packages/airflow/example_dags/example_python_operator.py for tasks to queue
[2025-01-23T09:45:30.714+0000] {logging_mixin.py:188} INFO - [2025-01-23T09:45:30.713+0000] {dagbag.py:538} INFO - Filling up the DagBag from /home/airflow/.local/lib/python3.8/site-packages/airflow/example_dags/example_python_operator.py
[2025-01-23T09:45:30.745+0000] {processor.py:840} INFO - DAG(s) 'example_python_operator' retrieved from /home/airflow/.local/lib/python3.8/site-packages/airflow/example_dags/example_python_operator.py
[2025-01-23T09:45:30.805+0000] {logging_mixin.py:188} INFO - [2025-01-23T09:45:30.805+0000] {dag.py:3036} INFO - Sync 1 DAGs
[2025-01-23T09:45:30.834+0000] {logging_mixin.py:188} INFO - [2025-01-23T09:45:30.833+0000] {dag.py:3823} INFO - Setting next_dagrun for example_python_operator to None, run_after=None
[2025-01-23T09:45:30.878+0000] {processor.py:183} INFO - Processing /home/airflow/.local/lib/python3.8/site-packages/airflow/example_dags/example_python_operator.py took 0.184 seconds
[2025-01-23T09:46:02.539+0000] {processor.py:161} INFO - Started process (PID=2607) to work on /home/airflow/.local/lib/python3.8/site-packages/airflow/example_dags/example_python_operator.py
[2025-01-23T09:46:02.542+0000] {processor.py:830} INFO - Processing file /home/airflow/.local/lib/python3.8/site-packages/airflow/example_dags/example_python_operator.py for tasks to queue
[2025-01-23T09:46:02.548+0000] {logging_mixin.py:188} INFO - [2025-01-23T09:46:02.545+0000] {dagbag.py:538} INFO - Filling up the DagBag from /home/airflow/.local/lib/python3.8/site-packages/airflow/example_dags/example_python_operator.py
[2025-01-23T09:46:02.618+0000] {processor.py:840} INFO - DAG(s) 'example_python_operator' retrieved from /home/airflow/.local/lib/python3.8/site-packages/airflow/example_dags/example_python_operator.py
[2025-01-23T09:46:02.776+0000] {logging_mixin.py:188} INFO - [2025-01-23T09:46:02.776+0000] {dag.py:3036} INFO - Sync 1 DAGs
[2025-01-23T09:46:02.839+0000] {logging_mixin.py:188} INFO - [2025-01-23T09:46:02.838+0000] {dag.py:3823} INFO - Setting next_dagrun for example_python_operator to None, run_after=None
[2025-01-23T09:46:02.935+0000] {processor.py:183} INFO - Processing /home/airflow/.local/lib/python3.8/site-packages/airflow/example_dags/example_python_operator.py took 0.411 seconds
[2025-01-23T09:46:33.420+0000] {processor.py:161} INFO - Started process (PID=2663) to work on /home/airflow/.local/lib/python3.8/site-packages/airflow/example_dags/example_python_operator.py
[2025-01-23T09:46:33.426+0000] {processor.py:830} INFO - Processing file /home/airflow/.local/lib/python3.8/site-packages/airflow/example_dags/example_python_operator.py for tasks to queue
[2025-01-23T09:46:33.429+0000] {logging_mixin.py:188} INFO - [2025-01-23T09:46:33.428+0000] {dagbag.py:538} INFO - Filling up the DagBag from /home/airflow/.local/lib/python3.8/site-packages/airflow/example_dags/example_python_operator.py
[2025-01-23T09:46:33.465+0000] {processor.py:840} INFO - DAG(s) 'example_python_operator' retrieved from /home/airflow/.local/lib/python3.8/site-packages/airflow/example_dags/example_python_operator.py
[2025-01-23T09:46:33.553+0000] {logging_mixin.py:188} INFO - [2025-01-23T09:46:33.552+0000] {dag.py:3036} INFO - Sync 1 DAGs
[2025-01-23T09:46:33.600+0000] {logging_mixin.py:188} INFO - [2025-01-23T09:46:33.596+0000] {dag.py:3823} INFO - Setting next_dagrun for example_python_operator to None, run_after=None
[2025-01-23T09:46:33.671+0000] {processor.py:183} INFO - Processing /home/airflow/.local/lib/python3.8/site-packages/airflow/example_dags/example_python_operator.py took 0.264 seconds
[2025-01-23T09:47:03.843+0000] {processor.py:161} INFO - Started process (PID=2719) to work on /home/airflow/.local/lib/python3.8/site-packages/airflow/example_dags/example_python_operator.py
[2025-01-23T09:47:03.846+0000] {processor.py:830} INFO - Processing file /home/airflow/.local/lib/python3.8/site-packages/airflow/example_dags/example_python_operator.py for tasks to queue
[2025-01-23T09:47:03.850+0000] {logging_mixin.py:188} INFO - [2025-01-23T09:47:03.849+0000] {dagbag.py:538} INFO - Filling up the DagBag from /home/airflow/.local/lib/python3.8/site-packages/airflow/example_dags/example_python_operator.py
[2025-01-23T09:47:03.893+0000] {processor.py:840} INFO - DAG(s) 'example_python_operator' retrieved from /home/airflow/.local/lib/python3.8/site-packages/airflow/example_dags/example_python_operator.py
[2025-01-23T09:47:03.958+0000] {logging_mixin.py:188} INFO - [2025-01-23T09:47:03.958+0000] {dag.py:3036} INFO - Sync 1 DAGs
[2025-01-23T09:47:03.987+0000] {logging_mixin.py:188} INFO - [2025-01-23T09:47:03.987+0000] {dag.py:3823} INFO - Setting next_dagrun for example_python_operator to None, run_after=None
[2025-01-23T09:47:04.028+0000] {processor.py:183} INFO - Processing /home/airflow/.local/lib/python3.8/site-packages/airflow/example_dags/example_python_operator.py took 0.196 seconds
[2025-01-23T09:47:35.010+0000] {processor.py:161} INFO - Started process (PID=2776) to work on /home/airflow/.local/lib/python3.8/site-packages/airflow/example_dags/example_python_operator.py
[2025-01-23T09:47:35.013+0000] {processor.py:830} INFO - Processing file /home/airflow/.local/lib/python3.8/site-packages/airflow/example_dags/example_python_operator.py for tasks to queue
[2025-01-23T09:47:35.016+0000] {logging_mixin.py:188} INFO - [2025-01-23T09:47:35.015+0000] {dagbag.py:538} INFO - Filling up the DagBag from /home/airflow/.local/lib/python3.8/site-packages/airflow/example_dags/example_python_operator.py
[2025-01-23T09:47:35.042+0000] {processor.py:840} INFO - DAG(s) 'example_python_operator' retrieved from /home/airflow/.local/lib/python3.8/site-packages/airflow/example_dags/example_python_operator.py
[2025-01-23T09:47:35.101+0000] {logging_mixin.py:188} INFO - [2025-01-23T09:47:35.101+0000] {dag.py:3036} INFO - Sync 1 DAGs
[2025-01-23T09:47:35.127+0000] {logging_mixin.py:188} INFO - [2025-01-23T09:47:35.126+0000] {dag.py:3823} INFO - Setting next_dagrun for example_python_operator to None, run_after=None
[2025-01-23T09:47:35.175+0000] {processor.py:183} INFO - Processing /home/airflow/.local/lib/python3.8/site-packages/airflow/example_dags/example_python_operator.py took 0.174 seconds
[2025-01-23T09:48:05.960+0000] {processor.py:161} INFO - Started process (PID=2837) to work on /home/airflow/.local/lib/python3.8/site-packages/airflow/example_dags/example_python_operator.py
[2025-01-23T09:48:05.964+0000] {processor.py:830} INFO - Processing file /home/airflow/.local/lib/python3.8/site-packages/airflow/example_dags/example_python_operator.py for tasks to queue
[2025-01-23T09:48:05.968+0000] {logging_mixin.py:188} INFO - [2025-01-23T09:48:05.967+0000] {dagbag.py:538} INFO - Filling up the DagBag from /home/airflow/.local/lib/python3.8/site-packages/airflow/example_dags/example_python_operator.py
[2025-01-23T09:48:06.007+0000] {processor.py:840} INFO - DAG(s) 'example_python_operator' retrieved from /home/airflow/.local/lib/python3.8/site-packages/airflow/example_dags/example_python_operator.py
[2025-01-23T09:48:06.060+0000] {logging_mixin.py:188} INFO - [2025-01-23T09:48:06.060+0000] {dag.py:3036} INFO - Sync 1 DAGs
[2025-01-23T09:48:06.095+0000] {logging_mixin.py:188} INFO - [2025-01-23T09:48:06.094+0000] {dag.py:3823} INFO - Setting next_dagrun for example_python_operator to None, run_after=None
[2025-01-23T09:48:06.133+0000] {processor.py:183} INFO - Processing /home/airflow/.local/lib/python3.8/site-packages/airflow/example_dags/example_python_operator.py took 0.186 seconds
[2025-01-23T09:48:36.666+0000] {processor.py:161} INFO - Started process (PID=2893) to work on /home/airflow/.local/lib/python3.8/site-packages/airflow/example_dags/example_python_operator.py
[2025-01-23T09:48:36.668+0000] {processor.py:830} INFO - Processing file /home/airflow/.local/lib/python3.8/site-packages/airflow/example_dags/example_python_operator.py for tasks to queue
[2025-01-23T09:48:36.670+0000] {logging_mixin.py:188} INFO - [2025-01-23T09:48:36.669+0000] {dagbag.py:538} INFO - Filling up the DagBag from /home/airflow/.local/lib/python3.8/site-packages/airflow/example_dags/example_python_operator.py
[2025-01-23T09:48:36.694+0000] {processor.py:840} INFO - DAG(s) 'example_python_operator' retrieved from /home/airflow/.local/lib/python3.8/site-packages/airflow/example_dags/example_python_operator.py
[2025-01-23T09:48:36.748+0000] {logging_mixin.py:188} INFO - [2025-01-23T09:48:36.748+0000] {dag.py:3036} INFO - Sync 1 DAGs
[2025-01-23T09:48:36.781+0000] {logging_mixin.py:188} INFO - [2025-01-23T09:48:36.780+0000] {dag.py:3823} INFO - Setting next_dagrun for example_python_operator to None, run_after=None
[2025-01-23T09:48:36.829+0000] {processor.py:183} INFO - Processing /home/airflow/.local/lib/python3.8/site-packages/airflow/example_dags/example_python_operator.py took 0.173 seconds
[2025-01-23T09:49:07.630+0000] {processor.py:161} INFO - Started process (PID=2950) to work on /home/airflow/.local/lib/python3.8/site-packages/airflow/example_dags/example_python_operator.py
[2025-01-23T09:49:07.633+0000] {processor.py:830} INFO - Processing file /home/airflow/.local/lib/python3.8/site-packages/airflow/example_dags/example_python_operator.py for tasks to queue
[2025-01-23T09:49:07.635+0000] {logging_mixin.py:188} INFO - [2025-01-23T09:49:07.635+0000] {dagbag.py:538} INFO - Filling up the DagBag from /home/airflow/.local/lib/python3.8/site-packages/airflow/example_dags/example_python_operator.py
[2025-01-23T09:49:07.663+0000] {processor.py:840} INFO - DAG(s) 'example_python_operator' retrieved from /home/airflow/.local/lib/python3.8/site-packages/airflow/example_dags/example_python_operator.py
[2025-01-23T09:49:07.732+0000] {logging_mixin.py:188} INFO - [2025-01-23T09:49:07.731+0000] {dag.py:3036} INFO - Sync 1 DAGs
[2025-01-23T09:49:07.780+0000] {logging_mixin.py:188} INFO - [2025-01-23T09:49:07.779+0000] {dag.py:3823} INFO - Setting next_dagrun for example_python_operator to None, run_after=None
[2025-01-23T09:49:07.861+0000] {processor.py:183} INFO - Processing /home/airflow/.local/lib/python3.8/site-packages/airflow/example_dags/example_python_operator.py took 0.237 seconds
[2025-01-23T09:49:38.297+0000] {processor.py:161} INFO - Started process (PID=3006) to work on /home/airflow/.local/lib/python3.8/site-packages/airflow/example_dags/example_python_operator.py
[2025-01-23T09:49:38.304+0000] {processor.py:830} INFO - Processing file /home/airflow/.local/lib/python3.8/site-packages/airflow/example_dags/example_python_operator.py for tasks to queue
[2025-01-23T09:49:38.307+0000] {logging_mixin.py:188} INFO - [2025-01-23T09:49:38.306+0000] {dagbag.py:538} INFO - Filling up the DagBag from /home/airflow/.local/lib/python3.8/site-packages/airflow/example_dags/example_python_operator.py
[2025-01-23T09:49:38.347+0000] {processor.py:840} INFO - DAG(s) 'example_python_operator' retrieved from /home/airflow/.local/lib/python3.8/site-packages/airflow/example_dags/example_python_operator.py
[2025-01-23T09:49:38.461+0000] {logging_mixin.py:188} INFO - [2025-01-23T09:49:38.460+0000] {dag.py:3036} INFO - Sync 1 DAGs
[2025-01-23T09:49:38.503+0000] {logging_mixin.py:188} INFO - [2025-01-23T09:49:38.503+0000] {dag.py:3823} INFO - Setting next_dagrun for example_python_operator to None, run_after=None
[2025-01-23T09:49:38.565+0000] {processor.py:183} INFO - Processing /home/airflow/.local/lib/python3.8/site-packages/airflow/example_dags/example_python_operator.py took 0.279 seconds
[2025-01-23T09:50:08.739+0000] {processor.py:161} INFO - Started process (PID=3062) to work on /home/airflow/.local/lib/python3.8/site-packages/airflow/example_dags/example_python_operator.py
[2025-01-23T09:50:08.741+0000] {processor.py:830} INFO - Processing file /home/airflow/.local/lib/python3.8/site-packages/airflow/example_dags/example_python_operator.py for tasks to queue
[2025-01-23T09:50:08.744+0000] {logging_mixin.py:188} INFO - [2025-01-23T09:50:08.743+0000] {dagbag.py:538} INFO - Filling up the DagBag from /home/airflow/.local/lib/python3.8/site-packages/airflow/example_dags/example_python_operator.py
[2025-01-23T09:50:08.776+0000] {processor.py:840} INFO - DAG(s) 'example_python_operator' retrieved from /home/airflow/.local/lib/python3.8/site-packages/airflow/example_dags/example_python_operator.py
[2025-01-23T09:50:08.849+0000] {logging_mixin.py:188} INFO - [2025-01-23T09:50:08.848+0000] {dag.py:3036} INFO - Sync 1 DAGs
[2025-01-23T09:50:08.901+0000] {logging_mixin.py:188} INFO - [2025-01-23T09:50:08.900+0000] {dag.py:3823} INFO - Setting next_dagrun for example_python_operator to None, run_after=None
[2025-01-23T09:50:08.962+0000] {processor.py:183} INFO - Processing /home/airflow/.local/lib/python3.8/site-packages/airflow/example_dags/example_python_operator.py took 0.233 seconds
[2025-01-23T09:50:39.397+0000] {processor.py:161} INFO - Started process (PID=3118) to work on /home/airflow/.local/lib/python3.8/site-packages/airflow/example_dags/example_python_operator.py
[2025-01-23T09:50:39.400+0000] {processor.py:830} INFO - Processing file /home/airflow/.local/lib/python3.8/site-packages/airflow/example_dags/example_python_operator.py for tasks to queue
[2025-01-23T09:50:39.404+0000] {logging_mixin.py:188} INFO - [2025-01-23T09:50:39.403+0000] {dagbag.py:538} INFO - Filling up the DagBag from /home/airflow/.local/lib/python3.8/site-packages/airflow/example_dags/example_python_operator.py
[2025-01-23T09:50:39.442+0000] {processor.py:840} INFO - DAG(s) 'example_python_operator' retrieved from /home/airflow/.local/lib/python3.8/site-packages/airflow/example_dags/example_python_operator.py
[2025-01-23T09:50:39.512+0000] {logging_mixin.py:188} INFO - [2025-01-23T09:50:39.511+0000] {dag.py:3036} INFO - Sync 1 DAGs
[2025-01-23T09:50:39.560+0000] {logging_mixin.py:188} INFO - [2025-01-23T09:50:39.559+0000] {dag.py:3823} INFO - Setting next_dagrun for example_python_operator to None, run_after=None
[2025-01-23T09:50:39.615+0000] {processor.py:183} INFO - Processing /home/airflow/.local/lib/python3.8/site-packages/airflow/example_dags/example_python_operator.py took 0.232 seconds
[2025-01-23T09:51:09.836+0000] {processor.py:161} INFO - Started process (PID=3174) to work on /home/airflow/.local/lib/python3.8/site-packages/airflow/example_dags/example_python_operator.py
[2025-01-23T09:51:09.838+0000] {processor.py:830} INFO - Processing file /home/airflow/.local/lib/python3.8/site-packages/airflow/example_dags/example_python_operator.py for tasks to queue
[2025-01-23T09:51:09.841+0000] {logging_mixin.py:188} INFO - [2025-01-23T09:51:09.840+0000] {dagbag.py:538} INFO - Filling up the DagBag from /home/airflow/.local/lib/python3.8/site-packages/airflow/example_dags/example_python_operator.py
[2025-01-23T09:51:09.871+0000] {processor.py:840} INFO - DAG(s) 'example_python_operator' retrieved from /home/airflow/.local/lib/python3.8/site-packages/airflow/example_dags/example_python_operator.py
[2025-01-23T09:51:09.936+0000] {logging_mixin.py:188} INFO - [2025-01-23T09:51:09.936+0000] {dag.py:3036} INFO - Sync 1 DAGs
[2025-01-23T09:51:09.965+0000] {logging_mixin.py:188} INFO - [2025-01-23T09:51:09.964+0000] {dag.py:3823} INFO - Setting next_dagrun for example_python_operator to None, run_after=None
[2025-01-23T09:51:10.006+0000] {processor.py:183} INFO - Processing /home/airflow/.local/lib/python3.8/site-packages/airflow/example_dags/example_python_operator.py took 0.177 seconds
[2025-01-23T09:51:40.127+0000] {processor.py:161} INFO - Started process (PID=3230) to work on /home/airflow/.local/lib/python3.8/site-packages/airflow/example_dags/example_python_operator.py
[2025-01-23T09:51:40.129+0000] {processor.py:830} INFO - Processing file /home/airflow/.local/lib/python3.8/site-packages/airflow/example_dags/example_python_operator.py for tasks to queue
[2025-01-23T09:51:40.131+0000] {logging_mixin.py:188} INFO - [2025-01-23T09:51:40.131+0000] {dagbag.py:538} INFO - Filling up the DagBag from /home/airflow/.local/lib/python3.8/site-packages/airflow/example_dags/example_python_operator.py
[2025-01-23T09:51:40.152+0000] {processor.py:840} INFO - DAG(s) 'example_python_operator' retrieved from /home/airflow/.local/lib/python3.8/site-packages/airflow/example_dags/example_python_operator.py
[2025-01-23T09:51:40.196+0000] {logging_mixin.py:188} INFO - [2025-01-23T09:51:40.195+0000] {dag.py:3036} INFO - Sync 1 DAGs
[2025-01-23T09:51:40.230+0000] {logging_mixin.py:188} INFO - [2025-01-23T09:51:40.230+0000] {dag.py:3823} INFO - Setting next_dagrun for example_python_operator to None, run_after=None
[2025-01-23T09:51:40.269+0000] {processor.py:183} INFO - Processing /home/airflow/.local/lib/python3.8/site-packages/airflow/example_dags/example_python_operator.py took 0.147 seconds
[2025-01-23T09:52:10.458+0000] {processor.py:161} INFO - Started process (PID=3286) to work on /home/airflow/.local/lib/python3.8/site-packages/airflow/example_dags/example_python_operator.py
[2025-01-23T09:52:10.461+0000] {processor.py:830} INFO - Processing file /home/airflow/.local/lib/python3.8/site-packages/airflow/example_dags/example_python_operator.py for tasks to queue
[2025-01-23T09:52:10.463+0000] {logging_mixin.py:188} INFO - [2025-01-23T09:52:10.462+0000] {dagbag.py:538} INFO - Filling up the DagBag from /home/airflow/.local/lib/python3.8/site-packages/airflow/example_dags/example_python_operator.py
[2025-01-23T09:52:10.483+0000] {processor.py:840} INFO - DAG(s) 'example_python_operator' retrieved from /home/airflow/.local/lib/python3.8/site-packages/airflow/example_dags/example_python_operator.py
[2025-01-23T09:52:10.536+0000] {logging_mixin.py:188} INFO - [2025-01-23T09:52:10.536+0000] {dag.py:3036} INFO - Sync 1 DAGs
[2025-01-23T09:52:10.575+0000] {logging_mixin.py:188} INFO - [2025-01-23T09:52:10.575+0000] {dag.py:3823} INFO - Setting next_dagrun for example_python_operator to None, run_after=None
[2025-01-23T09:52:10.678+0000] {processor.py:183} INFO - Processing /home/airflow/.local/lib/python3.8/site-packages/airflow/example_dags/example_python_operator.py took 0.225 seconds
[2025-01-23T09:52:41.162+0000] {processor.py:161} INFO - Started process (PID=3342) to work on /home/airflow/.local/lib/python3.8/site-packages/airflow/example_dags/example_python_operator.py
[2025-01-23T09:52:41.164+0000] {processor.py:830} INFO - Processing file /home/airflow/.local/lib/python3.8/site-packages/airflow/example_dags/example_python_operator.py for tasks to queue
[2025-01-23T09:52:41.166+0000] {logging_mixin.py:188} INFO - [2025-01-23T09:52:41.166+0000] {dagbag.py:538} INFO - Filling up the DagBag from /home/airflow/.local/lib/python3.8/site-packages/airflow/example_dags/example_python_operator.py
[2025-01-23T09:52:41.190+0000] {processor.py:840} INFO - DAG(s) 'example_python_operator' retrieved from /home/airflow/.local/lib/python3.8/site-packages/airflow/example_dags/example_python_operator.py
[2025-01-23T09:52:41.244+0000] {logging_mixin.py:188} INFO - [2025-01-23T09:52:41.243+0000] {dag.py:3036} INFO - Sync 1 DAGs
[2025-01-23T09:52:41.274+0000] {logging_mixin.py:188} INFO - [2025-01-23T09:52:41.273+0000] {dag.py:3823} INFO - Setting next_dagrun for example_python_operator to None, run_after=None
[2025-01-23T09:52:41.313+0000] {processor.py:183} INFO - Processing /home/airflow/.local/lib/python3.8/site-packages/airflow/example_dags/example_python_operator.py took 0.157 seconds
[2025-01-23T09:53:12.049+0000] {processor.py:161} INFO - Started process (PID=3398) to work on /home/airflow/.local/lib/python3.8/site-packages/airflow/example_dags/example_python_operator.py
[2025-01-23T09:53:12.051+0000] {processor.py:830} INFO - Processing file /home/airflow/.local/lib/python3.8/site-packages/airflow/example_dags/example_python_operator.py for tasks to queue
[2025-01-23T09:53:12.055+0000] {logging_mixin.py:188} INFO - [2025-01-23T09:53:12.053+0000] {dagbag.py:538} INFO - Filling up the DagBag from /home/airflow/.local/lib/python3.8/site-packages/airflow/example_dags/example_python_operator.py
[2025-01-23T09:53:12.086+0000] {processor.py:840} INFO - DAG(s) 'example_python_operator' retrieved from /home/airflow/.local/lib/python3.8/site-packages/airflow/example_dags/example_python_operator.py
[2025-01-23T09:53:12.145+0000] {logging_mixin.py:188} INFO - [2025-01-23T09:53:12.144+0000] {dag.py:3036} INFO - Sync 1 DAGs
[2025-01-23T09:53:12.179+0000] {logging_mixin.py:188} INFO - [2025-01-23T09:53:12.178+0000] {dag.py:3823} INFO - Setting next_dagrun for example_python_operator to None, run_after=None
[2025-01-23T09:53:12.225+0000] {processor.py:183} INFO - Processing /home/airflow/.local/lib/python3.8/site-packages/airflow/example_dags/example_python_operator.py took 0.185 seconds
[2025-01-23T09:53:42.834+0000] {processor.py:161} INFO - Started process (PID=3454) to work on /home/airflow/.local/lib/python3.8/site-packages/airflow/example_dags/example_python_operator.py
[2025-01-23T09:53:42.836+0000] {processor.py:830} INFO - Processing file /home/airflow/.local/lib/python3.8/site-packages/airflow/example_dags/example_python_operator.py for tasks to queue
[2025-01-23T09:53:42.838+0000] {logging_mixin.py:188} INFO - [2025-01-23T09:53:42.837+0000] {dagbag.py:538} INFO - Filling up the DagBag from /home/airflow/.local/lib/python3.8/site-packages/airflow/example_dags/example_python_operator.py
[2025-01-23T09:53:42.861+0000] {processor.py:840} INFO - DAG(s) 'example_python_operator' retrieved from /home/airflow/.local/lib/python3.8/site-packages/airflow/example_dags/example_python_operator.py
[2025-01-23T09:53:42.915+0000] {logging_mixin.py:188} INFO - [2025-01-23T09:53:42.915+0000] {dag.py:3036} INFO - Sync 1 DAGs
[2025-01-23T09:53:42.944+0000] {logging_mixin.py:188} INFO - [2025-01-23T09:53:42.944+0000] {dag.py:3823} INFO - Setting next_dagrun for example_python_operator to None, run_after=None
[2025-01-23T09:53:42.996+0000] {processor.py:183} INFO - Processing /home/airflow/.local/lib/python3.8/site-packages/airflow/example_dags/example_python_operator.py took 0.172 seconds
[2025-01-23T09:54:13.471+0000] {processor.py:161} INFO - Started process (PID=3510) to work on /home/airflow/.local/lib/python3.8/site-packages/airflow/example_dags/example_python_operator.py
[2025-01-23T09:54:13.474+0000] {processor.py:830} INFO - Processing file /home/airflow/.local/lib/python3.8/site-packages/airflow/example_dags/example_python_operator.py for tasks to queue
[2025-01-23T09:54:13.476+0000] {logging_mixin.py:188} INFO - [2025-01-23T09:54:13.475+0000] {dagbag.py:538} INFO - Filling up the DagBag from /home/airflow/.local/lib/python3.8/site-packages/airflow/example_dags/example_python_operator.py
[2025-01-23T09:54:13.499+0000] {processor.py:840} INFO - DAG(s) 'example_python_operator' retrieved from /home/airflow/.local/lib/python3.8/site-packages/airflow/example_dags/example_python_operator.py
[2025-01-23T09:54:13.545+0000] {logging_mixin.py:188} INFO - [2025-01-23T09:54:13.545+0000] {dag.py:3036} INFO - Sync 1 DAGs
[2025-01-23T09:54:13.575+0000] {logging_mixin.py:188} INFO - [2025-01-23T09:54:13.575+0000] {dag.py:3823} INFO - Setting next_dagrun for example_python_operator to None, run_after=None
[2025-01-23T09:54:13.626+0000] {processor.py:183} INFO - Processing /home/airflow/.local/lib/python3.8/site-packages/airflow/example_dags/example_python_operator.py took 0.163 seconds
[2025-01-23T09:54:43.694+0000] {processor.py:161} INFO - Started process (PID=3566) to work on /home/airflow/.local/lib/python3.8/site-packages/airflow/example_dags/example_python_operator.py
[2025-01-23T09:54:43.697+0000] {processor.py:830} INFO - Processing file /home/airflow/.local/lib/python3.8/site-packages/airflow/example_dags/example_python_operator.py for tasks to queue
[2025-01-23T09:54:43.699+0000] {logging_mixin.py:188} INFO - [2025-01-23T09:54:43.698+0000] {dagbag.py:538} INFO - Filling up the DagBag from /home/airflow/.local/lib/python3.8/site-packages/airflow/example_dags/example_python_operator.py
[2025-01-23T09:54:43.720+0000] {processor.py:840} INFO - DAG(s) 'example_python_operator' retrieved from /home/airflow/.local/lib/python3.8/site-packages/airflow/example_dags/example_python_operator.py
[2025-01-23T09:54:43.765+0000] {logging_mixin.py:188} INFO - [2025-01-23T09:54:43.764+0000] {dag.py:3036} INFO - Sync 1 DAGs
[2025-01-23T09:54:43.793+0000] {logging_mixin.py:188} INFO - [2025-01-23T09:54:43.793+0000] {dag.py:3823} INFO - Setting next_dagrun for example_python_operator to None, run_after=None
[2025-01-23T09:54:43.836+0000] {processor.py:183} INFO - Processing /home/airflow/.local/lib/python3.8/site-packages/airflow/example_dags/example_python_operator.py took 0.148 seconds
[2025-01-23T09:55:15.236+0000] {processor.py:161} INFO - Started process (PID=3622) to work on /home/airflow/.local/lib/python3.8/site-packages/airflow/example_dags/example_python_operator.py
[2025-01-23T09:55:15.238+0000] {processor.py:830} INFO - Processing file /home/airflow/.local/lib/python3.8/site-packages/airflow/example_dags/example_python_operator.py for tasks to queue
[2025-01-23T09:55:15.240+0000] {logging_mixin.py:188} INFO - [2025-01-23T09:55:15.239+0000] {dagbag.py:538} INFO - Filling up the DagBag from /home/airflow/.local/lib/python3.8/site-packages/airflow/example_dags/example_python_operator.py
[2025-01-23T09:55:15.266+0000] {processor.py:840} INFO - DAG(s) 'example_python_operator' retrieved from /home/airflow/.local/lib/python3.8/site-packages/airflow/example_dags/example_python_operator.py
[2025-01-23T09:55:15.328+0000] {logging_mixin.py:188} INFO - [2025-01-23T09:55:15.328+0000] {dag.py:3036} INFO - Sync 1 DAGs
[2025-01-23T09:55:15.374+0000] {logging_mixin.py:188} INFO - [2025-01-23T09:55:15.373+0000] {dag.py:3823} INFO - Setting next_dagrun for example_python_operator to None, run_after=None
[2025-01-23T09:55:15.422+0000] {processor.py:183} INFO - Processing /home/airflow/.local/lib/python3.8/site-packages/airflow/example_dags/example_python_operator.py took 0.193 seconds
[2025-01-23T09:55:46.123+0000] {processor.py:161} INFO - Started process (PID=3678) to work on /home/airflow/.local/lib/python3.8/site-packages/airflow/example_dags/example_python_operator.py
[2025-01-23T09:55:46.125+0000] {processor.py:830} INFO - Processing file /home/airflow/.local/lib/python3.8/site-packages/airflow/example_dags/example_python_operator.py for tasks to queue
[2025-01-23T09:55:46.127+0000] {logging_mixin.py:188} INFO - [2025-01-23T09:55:46.126+0000] {dagbag.py:538} INFO - Filling up the DagBag from /home/airflow/.local/lib/python3.8/site-packages/airflow/example_dags/example_python_operator.py
[2025-01-23T09:55:46.149+0000] {processor.py:840} INFO - DAG(s) 'example_python_operator' retrieved from /home/airflow/.local/lib/python3.8/site-packages/airflow/example_dags/example_python_operator.py
[2025-01-23T09:55:46.200+0000] {logging_mixin.py:188} INFO - [2025-01-23T09:55:46.199+0000] {dag.py:3036} INFO - Sync 1 DAGs
[2025-01-23T09:55:46.224+0000] {logging_mixin.py:188} INFO - [2025-01-23T09:55:46.224+0000] {dag.py:3823} INFO - Setting next_dagrun for example_python_operator to None, run_after=None
[2025-01-23T09:55:46.259+0000] {processor.py:183} INFO - Processing /home/airflow/.local/lib/python3.8/site-packages/airflow/example_dags/example_python_operator.py took 0.143 seconds
[2025-01-23T09:56:17.066+0000] {processor.py:161} INFO - Started process (PID=3734) to work on /home/airflow/.local/lib/python3.8/site-packages/airflow/example_dags/example_python_operator.py
[2025-01-23T09:56:17.070+0000] {processor.py:830} INFO - Processing file /home/airflow/.local/lib/python3.8/site-packages/airflow/example_dags/example_python_operator.py for tasks to queue
[2025-01-23T09:56:17.072+0000] {logging_mixin.py:188} INFO - [2025-01-23T09:56:17.072+0000] {dagbag.py:538} INFO - Filling up the DagBag from /home/airflow/.local/lib/python3.8/site-packages/airflow/example_dags/example_python_operator.py
[2025-01-23T09:56:17.112+0000] {processor.py:840} INFO - DAG(s) 'example_python_operator' retrieved from /home/airflow/.local/lib/python3.8/site-packages/airflow/example_dags/example_python_operator.py
[2025-01-23T09:56:17.223+0000] {logging_mixin.py:188} INFO - [2025-01-23T09:56:17.221+0000] {dag.py:3036} INFO - Sync 1 DAGs
[2025-01-23T09:56:17.271+0000] {logging_mixin.py:188} INFO - [2025-01-23T09:56:17.270+0000] {dag.py:3823} INFO - Setting next_dagrun for example_python_operator to None, run_after=None
[2025-01-23T09:56:17.334+0000] {processor.py:183} INFO - Processing /home/airflow/.local/lib/python3.8/site-packages/airflow/example_dags/example_python_operator.py took 0.280 seconds
[2025-01-23T09:56:48.013+0000] {processor.py:161} INFO - Started process (PID=3790) to work on /home/airflow/.local/lib/python3.8/site-packages/airflow/example_dags/example_python_operator.py
[2025-01-23T09:56:48.015+0000] {processor.py:830} INFO - Processing file /home/airflow/.local/lib/python3.8/site-packages/airflow/example_dags/example_python_operator.py for tasks to queue
[2025-01-23T09:56:48.017+0000] {logging_mixin.py:188} INFO - [2025-01-23T09:56:48.017+0000] {dagbag.py:538} INFO - Filling up the DagBag from /home/airflow/.local/lib/python3.8/site-packages/airflow/example_dags/example_python_operator.py
[2025-01-23T09:56:48.041+0000] {processor.py:840} INFO - DAG(s) 'example_python_operator' retrieved from /home/airflow/.local/lib/python3.8/site-packages/airflow/example_dags/example_python_operator.py
[2025-01-23T09:56:48.088+0000] {logging_mixin.py:188} INFO - [2025-01-23T09:56:48.087+0000] {dag.py:3036} INFO - Sync 1 DAGs
[2025-01-23T09:56:48.120+0000] {logging_mixin.py:188} INFO - [2025-01-23T09:56:48.119+0000] {dag.py:3823} INFO - Setting next_dagrun for example_python_operator to None, run_after=None
[2025-01-23T09:56:48.167+0000] {processor.py:183} INFO - Processing /home/airflow/.local/lib/python3.8/site-packages/airflow/example_dags/example_python_operator.py took 0.161 seconds
[2025-01-23T09:57:18.719+0000] {processor.py:161} INFO - Started process (PID=3846) to work on /home/airflow/.local/lib/python3.8/site-packages/airflow/example_dags/example_python_operator.py
[2025-01-23T09:57:18.721+0000] {processor.py:830} INFO - Processing file /home/airflow/.local/lib/python3.8/site-packages/airflow/example_dags/example_python_operator.py for tasks to queue
[2025-01-23T09:57:18.723+0000] {logging_mixin.py:188} INFO - [2025-01-23T09:57:18.722+0000] {dagbag.py:538} INFO - Filling up the DagBag from /home/airflow/.local/lib/python3.8/site-packages/airflow/example_dags/example_python_operator.py
[2025-01-23T09:57:18.746+0000] {processor.py:840} INFO - DAG(s) 'example_python_operator' retrieved from /home/airflow/.local/lib/python3.8/site-packages/airflow/example_dags/example_python_operator.py
[2025-01-23T09:57:18.794+0000] {logging_mixin.py:188} INFO - [2025-01-23T09:57:18.793+0000] {dag.py:3036} INFO - Sync 1 DAGs
[2025-01-23T09:57:18.820+0000] {logging_mixin.py:188} INFO - [2025-01-23T09:57:18.820+0000] {dag.py:3823} INFO - Setting next_dagrun for example_python_operator to None, run_after=None
[2025-01-23T09:57:18.858+0000] {processor.py:183} INFO - Processing /home/airflow/.local/lib/python3.8/site-packages/airflow/example_dags/example_python_operator.py took 0.146 seconds
[2025-01-23T09:57:49.550+0000] {processor.py:161} INFO - Started process (PID=3902) to work on /home/airflow/.local/lib/python3.8/site-packages/airflow/example_dags/example_python_operator.py
[2025-01-23T09:57:49.552+0000] {processor.py:830} INFO - Processing file /home/airflow/.local/lib/python3.8/site-packages/airflow/example_dags/example_python_operator.py for tasks to queue
[2025-01-23T09:57:49.555+0000] {logging_mixin.py:188} INFO - [2025-01-23T09:57:49.554+0000] {dagbag.py:538} INFO - Filling up the DagBag from /home/airflow/.local/lib/python3.8/site-packages/airflow/example_dags/example_python_operator.py
[2025-01-23T09:57:49.582+0000] {processor.py:840} INFO - DAG(s) 'example_python_operator' retrieved from /home/airflow/.local/lib/python3.8/site-packages/airflow/example_dags/example_python_operator.py
[2025-01-23T09:57:49.638+0000] {logging_mixin.py:188} INFO - [2025-01-23T09:57:49.638+0000] {dag.py:3036} INFO - Sync 1 DAGs
[2025-01-23T09:57:49.677+0000] {logging_mixin.py:188} INFO - [2025-01-23T09:57:49.677+0000] {dag.py:3823} INFO - Setting next_dagrun for example_python_operator to None, run_after=None
[2025-01-23T09:57:49.727+0000] {processor.py:183} INFO - Processing /home/airflow/.local/lib/python3.8/site-packages/airflow/example_dags/example_python_operator.py took 0.186 seconds
[2025-01-23T09:58:19.998+0000] {processor.py:161} INFO - Started process (PID=3958) to work on /home/airflow/.local/lib/python3.8/site-packages/airflow/example_dags/example_python_operator.py
[2025-01-23T09:58:20.000+0000] {processor.py:830} INFO - Processing file /home/airflow/.local/lib/python3.8/site-packages/airflow/example_dags/example_python_operator.py for tasks to queue
[2025-01-23T09:58:20.003+0000] {logging_mixin.py:188} INFO - [2025-01-23T09:58:20.002+0000] {dagbag.py:538} INFO - Filling up the DagBag from /home/airflow/.local/lib/python3.8/site-packages/airflow/example_dags/example_python_operator.py
[2025-01-23T09:58:20.030+0000] {processor.py:840} INFO - DAG(s) 'example_python_operator' retrieved from /home/airflow/.local/lib/python3.8/site-packages/airflow/example_dags/example_python_operator.py
[2025-01-23T09:58:20.078+0000] {logging_mixin.py:188} INFO - [2025-01-23T09:58:20.078+0000] {dag.py:3036} INFO - Sync 1 DAGs
[2025-01-23T09:58:20.107+0000] {logging_mixin.py:188} INFO - [2025-01-23T09:58:20.106+0000] {dag.py:3823} INFO - Setting next_dagrun for example_python_operator to None, run_after=None
[2025-01-23T09:58:20.157+0000] {processor.py:183} INFO - Processing /home/airflow/.local/lib/python3.8/site-packages/airflow/example_dags/example_python_operator.py took 0.167 seconds
[2025-01-23T09:58:50.643+0000] {processor.py:161} INFO - Started process (PID=4014) to work on /home/airflow/.local/lib/python3.8/site-packages/airflow/example_dags/example_python_operator.py
[2025-01-23T09:58:50.645+0000] {processor.py:830} INFO - Processing file /home/airflow/.local/lib/python3.8/site-packages/airflow/example_dags/example_python_operator.py for tasks to queue
[2025-01-23T09:58:50.647+0000] {logging_mixin.py:188} INFO - [2025-01-23T09:58:50.646+0000] {dagbag.py:538} INFO - Filling up the DagBag from /home/airflow/.local/lib/python3.8/site-packages/airflow/example_dags/example_python_operator.py
[2025-01-23T09:58:50.668+0000] {processor.py:840} INFO - DAG(s) 'example_python_operator' retrieved from /home/airflow/.local/lib/python3.8/site-packages/airflow/example_dags/example_python_operator.py
[2025-01-23T09:58:50.714+0000] {logging_mixin.py:188} INFO - [2025-01-23T09:58:50.714+0000] {dag.py:3036} INFO - Sync 1 DAGs
[2025-01-23T09:58:50.737+0000] {logging_mixin.py:188} INFO - [2025-01-23T09:58:50.736+0000] {dag.py:3823} INFO - Setting next_dagrun for example_python_operator to None, run_after=None
[2025-01-23T09:58:50.777+0000] {processor.py:183} INFO - Processing /home/airflow/.local/lib/python3.8/site-packages/airflow/example_dags/example_python_operator.py took 0.140 seconds
