[2025-01-23T12:32:34.269+0000] {processor.py:161} INFO - Started process (PID=104) to work on /home/airflow/.local/lib/python3.8/site-packages/airflow/example_dags/example_branch_day_of_week_operator.py
[2025-01-23T12:32:34.271+0000] {processor.py:830} INFO - Processing file /home/airflow/.local/lib/python3.8/site-packages/airflow/example_dags/example_branch_day_of_week_operator.py for tasks to queue
[2025-01-23T12:32:34.274+0000] {logging_mixin.py:188} INFO - [2025-01-23T12:32:34.274+0000] {dagbag.py:538} INFO - Filling up the DagBag from /home/airflow/.local/lib/python3.8/site-packages/airflow/example_dags/example_branch_day_of_week_operator.py
[2025-01-23T12:32:34.289+0000] {processor.py:840} INFO - DAG(s) 'example_weekday_branch_operator' retrieved from /home/airflow/.local/lib/python3.8/site-packages/airflow/example_dags/example_branch_day_of_week_operator.py
[2025-01-23T12:32:34.483+0000] {logging_mixin.py:188} INFO - [2025-01-23T12:32:34.482+0000] {override.py:1769} INFO - Created Permission View: can read on DAG:example_weekday_branch_operator
[2025-01-23T12:32:34.500+0000] {logging_mixin.py:188} INFO - [2025-01-23T12:32:34.500+0000] {override.py:1769} INFO - Created Permission View: can edit on DAG:example_weekday_branch_operator
[2025-01-23T12:32:34.512+0000] {logging_mixin.py:188} INFO - [2025-01-23T12:32:34.512+0000] {override.py:1769} INFO - Created Permission View: can delete on DAG:example_weekday_branch_operator
[2025-01-23T12:32:34.513+0000] {logging_mixin.py:188} INFO - [2025-01-23T12:32:34.513+0000] {dag.py:3036} INFO - Sync 1 DAGs
[2025-01-23T12:32:34.532+0000] {logging_mixin.py:188} INFO - [2025-01-23T12:32:34.532+0000] {dag.py:3058} INFO - Creating ORM DAG for example_weekday_branch_operator
[2025-01-23T12:32:34.553+0000] {logging_mixin.py:188} INFO - [2025-01-23T12:32:34.553+0000] {dag.py:3823} INFO - Setting next_dagrun for example_weekday_branch_operator to 2025-01-22 00:00:00+00:00, run_after=2025-01-23 00:00:00+00:00
[2025-01-23T12:32:34.585+0000] {processor.py:183} INFO - Processing /home/airflow/.local/lib/python3.8/site-packages/airflow/example_dags/example_branch_day_of_week_operator.py took 0.323 seconds
[2025-01-23T12:33:05.312+0000] {processor.py:161} INFO - Started process (PID=160) to work on /home/airflow/.local/lib/python3.8/site-packages/airflow/example_dags/example_branch_day_of_week_operator.py
[2025-01-23T12:33:05.314+0000] {processor.py:830} INFO - Processing file /home/airflow/.local/lib/python3.8/site-packages/airflow/example_dags/example_branch_day_of_week_operator.py for tasks to queue
[2025-01-23T12:33:05.317+0000] {logging_mixin.py:188} INFO - [2025-01-23T12:33:05.317+0000] {dagbag.py:538} INFO - Filling up the DagBag from /home/airflow/.local/lib/python3.8/site-packages/airflow/example_dags/example_branch_day_of_week_operator.py
[2025-01-23T12:33:05.331+0000] {processor.py:840} INFO - DAG(s) 'example_weekday_branch_operator' retrieved from /home/airflow/.local/lib/python3.8/site-packages/airflow/example_dags/example_branch_day_of_week_operator.py
[2025-01-23T12:33:05.373+0000] {logging_mixin.py:188} INFO - [2025-01-23T12:33:05.372+0000] {dag.py:3036} INFO - Sync 1 DAGs
[2025-01-23T12:33:05.411+0000] {logging_mixin.py:188} INFO - [2025-01-23T12:33:05.410+0000] {dag.py:3823} INFO - Setting next_dagrun for example_weekday_branch_operator to 2025-01-22 00:00:00+00:00, run_after=2025-01-23 00:00:00+00:00
[2025-01-23T12:33:05.442+0000] {processor.py:183} INFO - Processing /home/airflow/.local/lib/python3.8/site-packages/airflow/example_dags/example_branch_day_of_week_operator.py took 0.135 seconds
[2025-01-23T12:33:35.818+0000] {processor.py:161} INFO - Started process (PID=216) to work on /home/airflow/.local/lib/python3.8/site-packages/airflow/example_dags/example_branch_day_of_week_operator.py
[2025-01-23T12:33:35.819+0000] {processor.py:830} INFO - Processing file /home/airflow/.local/lib/python3.8/site-packages/airflow/example_dags/example_branch_day_of_week_operator.py for tasks to queue
[2025-01-23T12:33:35.822+0000] {logging_mixin.py:188} INFO - [2025-01-23T12:33:35.821+0000] {dagbag.py:538} INFO - Filling up the DagBag from /home/airflow/.local/lib/python3.8/site-packages/airflow/example_dags/example_branch_day_of_week_operator.py
[2025-01-23T12:33:35.836+0000] {processor.py:840} INFO - DAG(s) 'example_weekday_branch_operator' retrieved from /home/airflow/.local/lib/python3.8/site-packages/airflow/example_dags/example_branch_day_of_week_operator.py
[2025-01-23T12:33:35.878+0000] {logging_mixin.py:188} INFO - [2025-01-23T12:33:35.878+0000] {dag.py:3036} INFO - Sync 1 DAGs
[2025-01-23T12:33:35.920+0000] {logging_mixin.py:188} INFO - [2025-01-23T12:33:35.920+0000] {dag.py:3823} INFO - Setting next_dagrun for example_weekday_branch_operator to 2025-01-22 00:00:00+00:00, run_after=2025-01-23 00:00:00+00:00
[2025-01-23T12:33:35.949+0000] {processor.py:183} INFO - Processing /home/airflow/.local/lib/python3.8/site-packages/airflow/example_dags/example_branch_day_of_week_operator.py took 0.135 seconds
[2025-01-23T12:34:06.117+0000] {processor.py:161} INFO - Started process (PID=272) to work on /home/airflow/.local/lib/python3.8/site-packages/airflow/example_dags/example_branch_day_of_week_operator.py
[2025-01-23T12:34:06.118+0000] {processor.py:830} INFO - Processing file /home/airflow/.local/lib/python3.8/site-packages/airflow/example_dags/example_branch_day_of_week_operator.py for tasks to queue
[2025-01-23T12:34:06.121+0000] {logging_mixin.py:188} INFO - [2025-01-23T12:34:06.120+0000] {dagbag.py:538} INFO - Filling up the DagBag from /home/airflow/.local/lib/python3.8/site-packages/airflow/example_dags/example_branch_day_of_week_operator.py
[2025-01-23T12:34:06.133+0000] {processor.py:840} INFO - DAG(s) 'example_weekday_branch_operator' retrieved from /home/airflow/.local/lib/python3.8/site-packages/airflow/example_dags/example_branch_day_of_week_operator.py
[2025-01-23T12:34:06.164+0000] {logging_mixin.py:188} INFO - [2025-01-23T12:34:06.163+0000] {dag.py:3036} INFO - Sync 1 DAGs
[2025-01-23T12:34:06.204+0000] {logging_mixin.py:188} INFO - [2025-01-23T12:34:06.204+0000] {dag.py:3823} INFO - Setting next_dagrun for example_weekday_branch_operator to 2025-01-22 00:00:00+00:00, run_after=2025-01-23 00:00:00+00:00
[2025-01-23T12:34:06.230+0000] {processor.py:183} INFO - Processing /home/airflow/.local/lib/python3.8/site-packages/airflow/example_dags/example_branch_day_of_week_operator.py took 0.118 seconds
[2025-01-23T12:34:36.318+0000] {processor.py:161} INFO - Started process (PID=327) to work on /home/airflow/.local/lib/python3.8/site-packages/airflow/example_dags/example_branch_day_of_week_operator.py
[2025-01-23T12:34:36.320+0000] {processor.py:830} INFO - Processing file /home/airflow/.local/lib/python3.8/site-packages/airflow/example_dags/example_branch_day_of_week_operator.py for tasks to queue
[2025-01-23T12:34:36.322+0000] {logging_mixin.py:188} INFO - [2025-01-23T12:34:36.321+0000] {dagbag.py:538} INFO - Filling up the DagBag from /home/airflow/.local/lib/python3.8/site-packages/airflow/example_dags/example_branch_day_of_week_operator.py
[2025-01-23T12:34:36.331+0000] {processor.py:840} INFO - DAG(s) 'example_weekday_branch_operator' retrieved from /home/airflow/.local/lib/python3.8/site-packages/airflow/example_dags/example_branch_day_of_week_operator.py
[2025-01-23T12:34:36.357+0000] {logging_mixin.py:188} INFO - [2025-01-23T12:34:36.356+0000] {dag.py:3036} INFO - Sync 1 DAGs
[2025-01-23T12:34:36.385+0000] {logging_mixin.py:188} INFO - [2025-01-23T12:34:36.384+0000] {dag.py:3823} INFO - Setting next_dagrun for example_weekday_branch_operator to 2025-01-22 00:00:00+00:00, run_after=2025-01-23 00:00:00+00:00
[2025-01-23T12:34:36.413+0000] {processor.py:183} INFO - Processing /home/airflow/.local/lib/python3.8/site-packages/airflow/example_dags/example_branch_day_of_week_operator.py took 0.098 seconds
[2025-01-23T12:35:06.560+0000] {processor.py:161} INFO - Started process (PID=383) to work on /home/airflow/.local/lib/python3.8/site-packages/airflow/example_dags/example_branch_day_of_week_operator.py
[2025-01-23T12:35:06.561+0000] {processor.py:830} INFO - Processing file /home/airflow/.local/lib/python3.8/site-packages/airflow/example_dags/example_branch_day_of_week_operator.py for tasks to queue
[2025-01-23T12:35:06.564+0000] {logging_mixin.py:188} INFO - [2025-01-23T12:35:06.563+0000] {dagbag.py:538} INFO - Filling up the DagBag from /home/airflow/.local/lib/python3.8/site-packages/airflow/example_dags/example_branch_day_of_week_operator.py
[2025-01-23T12:35:06.572+0000] {processor.py:840} INFO - DAG(s) 'example_weekday_branch_operator' retrieved from /home/airflow/.local/lib/python3.8/site-packages/airflow/example_dags/example_branch_day_of_week_operator.py
[2025-01-23T12:35:06.597+0000] {logging_mixin.py:188} INFO - [2025-01-23T12:35:06.597+0000] {dag.py:3036} INFO - Sync 1 DAGs
[2025-01-23T12:35:06.624+0000] {logging_mixin.py:188} INFO - [2025-01-23T12:35:06.624+0000] {dag.py:3823} INFO - Setting next_dagrun for example_weekday_branch_operator to 2025-01-22 00:00:00+00:00, run_after=2025-01-23 00:00:00+00:00
[2025-01-23T12:35:06.651+0000] {processor.py:183} INFO - Processing /home/airflow/.local/lib/python3.8/site-packages/airflow/example_dags/example_branch_day_of_week_operator.py took 0.095 seconds
[2025-01-23T12:35:36.948+0000] {processor.py:161} INFO - Started process (PID=439) to work on /home/airflow/.local/lib/python3.8/site-packages/airflow/example_dags/example_branch_day_of_week_operator.py
[2025-01-23T12:35:36.949+0000] {processor.py:830} INFO - Processing file /home/airflow/.local/lib/python3.8/site-packages/airflow/example_dags/example_branch_day_of_week_operator.py for tasks to queue
[2025-01-23T12:35:36.952+0000] {logging_mixin.py:188} INFO - [2025-01-23T12:35:36.952+0000] {dagbag.py:538} INFO - Filling up the DagBag from /home/airflow/.local/lib/python3.8/site-packages/airflow/example_dags/example_branch_day_of_week_operator.py
[2025-01-23T12:35:36.962+0000] {processor.py:840} INFO - DAG(s) 'example_weekday_branch_operator' retrieved from /home/airflow/.local/lib/python3.8/site-packages/airflow/example_dags/example_branch_day_of_week_operator.py
[2025-01-23T12:35:36.992+0000] {logging_mixin.py:188} INFO - [2025-01-23T12:35:36.992+0000] {dag.py:3036} INFO - Sync 1 DAGs
[2025-01-23T12:35:37.026+0000] {logging_mixin.py:188} INFO - [2025-01-23T12:35:37.026+0000] {dag.py:3823} INFO - Setting next_dagrun for example_weekday_branch_operator to 2025-01-22 00:00:00+00:00, run_after=2025-01-23 00:00:00+00:00
[2025-01-23T12:35:37.053+0000] {processor.py:183} INFO - Processing /home/airflow/.local/lib/python3.8/site-packages/airflow/example_dags/example_branch_day_of_week_operator.py took 0.109 seconds
[2025-01-23T12:36:07.281+0000] {processor.py:161} INFO - Started process (PID=495) to work on /home/airflow/.local/lib/python3.8/site-packages/airflow/example_dags/example_branch_day_of_week_operator.py
[2025-01-23T12:36:07.282+0000] {processor.py:830} INFO - Processing file /home/airflow/.local/lib/python3.8/site-packages/airflow/example_dags/example_branch_day_of_week_operator.py for tasks to queue
[2025-01-23T12:36:07.285+0000] {logging_mixin.py:188} INFO - [2025-01-23T12:36:07.285+0000] {dagbag.py:538} INFO - Filling up the DagBag from /home/airflow/.local/lib/python3.8/site-packages/airflow/example_dags/example_branch_day_of_week_operator.py
[2025-01-23T12:36:07.299+0000] {processor.py:840} INFO - DAG(s) 'example_weekday_branch_operator' retrieved from /home/airflow/.local/lib/python3.8/site-packages/airflow/example_dags/example_branch_day_of_week_operator.py
[2025-01-23T12:36:07.335+0000] {logging_mixin.py:188} INFO - [2025-01-23T12:36:07.334+0000] {dag.py:3036} INFO - Sync 1 DAGs
[2025-01-23T12:36:07.375+0000] {logging_mixin.py:188} INFO - [2025-01-23T12:36:07.375+0000] {dag.py:3823} INFO - Setting next_dagrun for example_weekday_branch_operator to 2025-01-22 00:00:00+00:00, run_after=2025-01-23 00:00:00+00:00
[2025-01-23T12:36:07.410+0000] {processor.py:183} INFO - Processing /home/airflow/.local/lib/python3.8/site-packages/airflow/example_dags/example_branch_day_of_week_operator.py took 0.133 seconds
[2025-01-23T12:36:37.671+0000] {processor.py:161} INFO - Started process (PID=551) to work on /home/airflow/.local/lib/python3.8/site-packages/airflow/example_dags/example_branch_day_of_week_operator.py
[2025-01-23T12:36:37.672+0000] {processor.py:830} INFO - Processing file /home/airflow/.local/lib/python3.8/site-packages/airflow/example_dags/example_branch_day_of_week_operator.py for tasks to queue
[2025-01-23T12:36:37.675+0000] {logging_mixin.py:188} INFO - [2025-01-23T12:36:37.674+0000] {dagbag.py:538} INFO - Filling up the DagBag from /home/airflow/.local/lib/python3.8/site-packages/airflow/example_dags/example_branch_day_of_week_operator.py
[2025-01-23T12:36:37.686+0000] {processor.py:840} INFO - DAG(s) 'example_weekday_branch_operator' retrieved from /home/airflow/.local/lib/python3.8/site-packages/airflow/example_dags/example_branch_day_of_week_operator.py
[2025-01-23T12:36:37.717+0000] {logging_mixin.py:188} INFO - [2025-01-23T12:36:37.717+0000] {dag.py:3036} INFO - Sync 1 DAGs
[2025-01-23T12:36:37.749+0000] {logging_mixin.py:188} INFO - [2025-01-23T12:36:37.749+0000] {dag.py:3823} INFO - Setting next_dagrun for example_weekday_branch_operator to 2025-01-22 00:00:00+00:00, run_after=2025-01-23 00:00:00+00:00
[2025-01-23T12:36:37.773+0000] {processor.py:183} INFO - Processing /home/airflow/.local/lib/python3.8/site-packages/airflow/example_dags/example_branch_day_of_week_operator.py took 0.105 seconds
