[2025-01-23T09:22:58.190+0000] {processor.py:161} INFO - Started process (PID=90) to work on /home/airflow/.local/lib/python3.8/site-packages/airflow/example_dags/example_skip_dag.py
[2025-01-23T09:22:58.200+0000] {processor.py:830} INFO - Processing file /home/airflow/.local/lib/python3.8/site-packages/airflow/example_dags/example_skip_dag.py for tasks to queue
[2025-01-23T09:22:58.219+0000] {logging_mixin.py:188} INFO - [2025-01-23T09:22:58.217+0000] {dagbag.py:538} INFO - Filling up the DagBag from /home/airflow/.local/lib/python3.8/site-packages/airflow/example_dags/example_skip_dag.py
[2025-01-23T09:22:58.303+0000] {processor.py:840} INFO - DAG(s) 'example_skip_dag' retrieved from /home/airflow/.local/lib/python3.8/site-packages/airflow/example_dags/example_skip_dag.py
[2025-01-23T09:23:00.571+0000] {logging_mixin.py:188} INFO - [2025-01-23T09:23:00.565+0000] {dag.py:3036} INFO - Sync 1 DAGs
[2025-01-23T09:23:00.699+0000] {logging_mixin.py:188} INFO - [2025-01-23T09:23:00.698+0000] {dag.py:3823} INFO - Setting next_dagrun for example_skip_dag to 2025-01-22 00:00:00+00:00, run_after=2025-01-23 00:00:00+00:00
[2025-01-23T09:23:00.785+0000] {processor.py:183} INFO - Processing /home/airflow/.local/lib/python3.8/site-packages/airflow/example_dags/example_skip_dag.py took 2.624 seconds
[2025-01-23T09:23:31.246+0000] {processor.py:161} INFO - Started process (PID=152) to work on /home/airflow/.local/lib/python3.8/site-packages/airflow/example_dags/example_skip_dag.py
[2025-01-23T09:23:31.250+0000] {processor.py:830} INFO - Processing file /home/airflow/.local/lib/python3.8/site-packages/airflow/example_dags/example_skip_dag.py for tasks to queue
[2025-01-23T09:23:31.256+0000] {logging_mixin.py:188} INFO - [2025-01-23T09:23:31.255+0000] {dagbag.py:538} INFO - Filling up the DagBag from /home/airflow/.local/lib/python3.8/site-packages/airflow/example_dags/example_skip_dag.py
[2025-01-23T09:23:31.294+0000] {processor.py:840} INFO - DAG(s) 'example_skip_dag' retrieved from /home/airflow/.local/lib/python3.8/site-packages/airflow/example_dags/example_skip_dag.py
[2025-01-23T09:23:31.440+0000] {logging_mixin.py:188} INFO - [2025-01-23T09:23:31.439+0000] {dag.py:3036} INFO - Sync 1 DAGs
[2025-01-23T09:23:31.568+0000] {logging_mixin.py:188} INFO - [2025-01-23T09:23:31.567+0000] {dag.py:3823} INFO - Setting next_dagrun for example_skip_dag to 2025-01-22 00:00:00+00:00, run_after=2025-01-23 00:00:00+00:00
[2025-01-23T09:23:31.650+0000] {processor.py:183} INFO - Processing /home/airflow/.local/lib/python3.8/site-packages/airflow/example_dags/example_skip_dag.py took 0.416 seconds
[2025-01-23T09:24:01.914+0000] {processor.py:161} INFO - Started process (PID=208) to work on /home/airflow/.local/lib/python3.8/site-packages/airflow/example_dags/example_skip_dag.py
[2025-01-23T09:24:01.916+0000] {processor.py:830} INFO - Processing file /home/airflow/.local/lib/python3.8/site-packages/airflow/example_dags/example_skip_dag.py for tasks to queue
[2025-01-23T09:24:01.921+0000] {logging_mixin.py:188} INFO - [2025-01-23T09:24:01.921+0000] {dagbag.py:538} INFO - Filling up the DagBag from /home/airflow/.local/lib/python3.8/site-packages/airflow/example_dags/example_skip_dag.py
[2025-01-23T09:24:01.933+0000] {processor.py:840} INFO - DAG(s) 'example_skip_dag' retrieved from /home/airflow/.local/lib/python3.8/site-packages/airflow/example_dags/example_skip_dag.py
[2025-01-23T09:24:01.972+0000] {logging_mixin.py:188} INFO - [2025-01-23T09:24:01.972+0000] {dag.py:3036} INFO - Sync 1 DAGs
[2025-01-23T09:24:02.042+0000] {logging_mixin.py:188} INFO - [2025-01-23T09:24:02.041+0000] {dag.py:3823} INFO - Setting next_dagrun for example_skip_dag to 2025-01-22 00:00:00+00:00, run_after=2025-01-23 00:00:00+00:00
[2025-01-23T09:24:02.087+0000] {processor.py:183} INFO - Processing /home/airflow/.local/lib/python3.8/site-packages/airflow/example_dags/example_skip_dag.py took 0.178 seconds
[2025-01-23T09:24:32.252+0000] {processor.py:161} INFO - Started process (PID=264) to work on /home/airflow/.local/lib/python3.8/site-packages/airflow/example_dags/example_skip_dag.py
[2025-01-23T09:24:32.254+0000] {processor.py:830} INFO - Processing file /home/airflow/.local/lib/python3.8/site-packages/airflow/example_dags/example_skip_dag.py for tasks to queue
[2025-01-23T09:24:32.259+0000] {logging_mixin.py:188} INFO - [2025-01-23T09:24:32.259+0000] {dagbag.py:538} INFO - Filling up the DagBag from /home/airflow/.local/lib/python3.8/site-packages/airflow/example_dags/example_skip_dag.py
[2025-01-23T09:24:32.275+0000] {processor.py:840} INFO - DAG(s) 'example_skip_dag' retrieved from /home/airflow/.local/lib/python3.8/site-packages/airflow/example_dags/example_skip_dag.py
[2025-01-23T09:24:32.334+0000] {logging_mixin.py:188} INFO - [2025-01-23T09:24:32.333+0000] {dag.py:3036} INFO - Sync 1 DAGs
[2025-01-23T09:24:32.386+0000] {logging_mixin.py:188} INFO - [2025-01-23T09:24:32.385+0000] {dag.py:3823} INFO - Setting next_dagrun for example_skip_dag to 2025-01-22 00:00:00+00:00, run_after=2025-01-23 00:00:00+00:00
[2025-01-23T09:24:32.429+0000] {processor.py:183} INFO - Processing /home/airflow/.local/lib/python3.8/site-packages/airflow/example_dags/example_skip_dag.py took 0.186 seconds
[2025-01-23T09:25:02.644+0000] {processor.py:161} INFO - Started process (PID=320) to work on /home/airflow/.local/lib/python3.8/site-packages/airflow/example_dags/example_skip_dag.py
[2025-01-23T09:25:02.647+0000] {processor.py:830} INFO - Processing file /home/airflow/.local/lib/python3.8/site-packages/airflow/example_dags/example_skip_dag.py for tasks to queue
[2025-01-23T09:25:02.651+0000] {logging_mixin.py:188} INFO - [2025-01-23T09:25:02.651+0000] {dagbag.py:538} INFO - Filling up the DagBag from /home/airflow/.local/lib/python3.8/site-packages/airflow/example_dags/example_skip_dag.py
[2025-01-23T09:25:02.671+0000] {processor.py:840} INFO - DAG(s) 'example_skip_dag' retrieved from /home/airflow/.local/lib/python3.8/site-packages/airflow/example_dags/example_skip_dag.py
[2025-01-23T09:25:02.722+0000] {logging_mixin.py:188} INFO - [2025-01-23T09:25:02.722+0000] {dag.py:3036} INFO - Sync 1 DAGs
[2025-01-23T09:25:02.781+0000] {logging_mixin.py:188} INFO - [2025-01-23T09:25:02.781+0000] {dag.py:3823} INFO - Setting next_dagrun for example_skip_dag to 2025-01-22 00:00:00+00:00, run_after=2025-01-23 00:00:00+00:00
[2025-01-23T09:25:02.858+0000] {processor.py:183} INFO - Processing /home/airflow/.local/lib/python3.8/site-packages/airflow/example_dags/example_skip_dag.py took 0.222 seconds
[2025-01-23T09:25:33.116+0000] {processor.py:161} INFO - Started process (PID=376) to work on /home/airflow/.local/lib/python3.8/site-packages/airflow/example_dags/example_skip_dag.py
[2025-01-23T09:25:33.119+0000] {processor.py:830} INFO - Processing file /home/airflow/.local/lib/python3.8/site-packages/airflow/example_dags/example_skip_dag.py for tasks to queue
[2025-01-23T09:25:33.123+0000] {logging_mixin.py:188} INFO - [2025-01-23T09:25:33.123+0000] {dagbag.py:538} INFO - Filling up the DagBag from /home/airflow/.local/lib/python3.8/site-packages/airflow/example_dags/example_skip_dag.py
[2025-01-23T09:25:33.139+0000] {processor.py:840} INFO - DAG(s) 'example_skip_dag' retrieved from /home/airflow/.local/lib/python3.8/site-packages/airflow/example_dags/example_skip_dag.py
[2025-01-23T09:25:33.201+0000] {logging_mixin.py:188} INFO - [2025-01-23T09:25:33.201+0000] {dag.py:3036} INFO - Sync 1 DAGs
[2025-01-23T09:25:33.266+0000] {logging_mixin.py:188} INFO - [2025-01-23T09:25:33.265+0000] {dag.py:3823} INFO - Setting next_dagrun for example_skip_dag to 2025-01-22 00:00:00+00:00, run_after=2025-01-23 00:00:00+00:00
[2025-01-23T09:25:33.318+0000] {processor.py:183} INFO - Processing /home/airflow/.local/lib/python3.8/site-packages/airflow/example_dags/example_skip_dag.py took 0.208 seconds
[2025-01-23T09:26:03.724+0000] {processor.py:161} INFO - Started process (PID=432) to work on /home/airflow/.local/lib/python3.8/site-packages/airflow/example_dags/example_skip_dag.py
[2025-01-23T09:26:03.727+0000] {processor.py:830} INFO - Processing file /home/airflow/.local/lib/python3.8/site-packages/airflow/example_dags/example_skip_dag.py for tasks to queue
[2025-01-23T09:26:03.741+0000] {logging_mixin.py:188} INFO - [2025-01-23T09:26:03.740+0000] {dagbag.py:538} INFO - Filling up the DagBag from /home/airflow/.local/lib/python3.8/site-packages/airflow/example_dags/example_skip_dag.py
[2025-01-23T09:26:03.779+0000] {processor.py:840} INFO - DAG(s) 'example_skip_dag' retrieved from /home/airflow/.local/lib/python3.8/site-packages/airflow/example_dags/example_skip_dag.py
[2025-01-23T09:26:03.862+0000] {logging_mixin.py:188} INFO - [2025-01-23T09:26:03.861+0000] {dag.py:3036} INFO - Sync 1 DAGs
[2025-01-23T09:26:03.940+0000] {logging_mixin.py:188} INFO - [2025-01-23T09:26:03.940+0000] {dag.py:3823} INFO - Setting next_dagrun for example_skip_dag to 2025-01-22 00:00:00+00:00, run_after=2025-01-23 00:00:00+00:00
[2025-01-23T09:26:03.998+0000] {processor.py:183} INFO - Processing /home/airflow/.local/lib/python3.8/site-packages/airflow/example_dags/example_skip_dag.py took 0.293 seconds
[2025-01-23T09:26:34.575+0000] {processor.py:161} INFO - Started process (PID=488) to work on /home/airflow/.local/lib/python3.8/site-packages/airflow/example_dags/example_skip_dag.py
[2025-01-23T09:26:34.579+0000] {processor.py:830} INFO - Processing file /home/airflow/.local/lib/python3.8/site-packages/airflow/example_dags/example_skip_dag.py for tasks to queue
[2025-01-23T09:26:34.593+0000] {logging_mixin.py:188} INFO - [2025-01-23T09:26:34.592+0000] {dagbag.py:538} INFO - Filling up the DagBag from /home/airflow/.local/lib/python3.8/site-packages/airflow/example_dags/example_skip_dag.py
[2025-01-23T09:26:34.639+0000] {processor.py:840} INFO - DAG(s) 'example_skip_dag' retrieved from /home/airflow/.local/lib/python3.8/site-packages/airflow/example_dags/example_skip_dag.py
[2025-01-23T09:26:34.731+0000] {logging_mixin.py:188} INFO - [2025-01-23T09:26:34.730+0000] {dag.py:3036} INFO - Sync 1 DAGs
[2025-01-23T09:26:34.815+0000] {logging_mixin.py:188} INFO - [2025-01-23T09:26:34.814+0000] {dag.py:3823} INFO - Setting next_dagrun for example_skip_dag to 2025-01-22 00:00:00+00:00, run_after=2025-01-23 00:00:00+00:00
[2025-01-23T09:26:34.905+0000] {processor.py:183} INFO - Processing /home/airflow/.local/lib/python3.8/site-packages/airflow/example_dags/example_skip_dag.py took 0.354 seconds
[2025-01-23T09:27:05.388+0000] {processor.py:161} INFO - Started process (PID=544) to work on /home/airflow/.local/lib/python3.8/site-packages/airflow/example_dags/example_skip_dag.py
[2025-01-23T09:27:05.392+0000] {processor.py:830} INFO - Processing file /home/airflow/.local/lib/python3.8/site-packages/airflow/example_dags/example_skip_dag.py for tasks to queue
[2025-01-23T09:27:05.397+0000] {logging_mixin.py:188} INFO - [2025-01-23T09:27:05.396+0000] {dagbag.py:538} INFO - Filling up the DagBag from /home/airflow/.local/lib/python3.8/site-packages/airflow/example_dags/example_skip_dag.py
[2025-01-23T09:27:05.415+0000] {processor.py:840} INFO - DAG(s) 'example_skip_dag' retrieved from /home/airflow/.local/lib/python3.8/site-packages/airflow/example_dags/example_skip_dag.py
[2025-01-23T09:27:05.470+0000] {logging_mixin.py:188} INFO - [2025-01-23T09:27:05.469+0000] {dag.py:3036} INFO - Sync 1 DAGs
[2025-01-23T09:27:05.526+0000] {logging_mixin.py:188} INFO - [2025-01-23T09:27:05.525+0000] {dag.py:3823} INFO - Setting next_dagrun for example_skip_dag to 2025-01-22 00:00:00+00:00, run_after=2025-01-23 00:00:00+00:00
[2025-01-23T09:27:05.571+0000] {processor.py:183} INFO - Processing /home/airflow/.local/lib/python3.8/site-packages/airflow/example_dags/example_skip_dag.py took 0.191 seconds
[2025-01-23T09:27:35.889+0000] {processor.py:161} INFO - Started process (PID=600) to work on /home/airflow/.local/lib/python3.8/site-packages/airflow/example_dags/example_skip_dag.py
[2025-01-23T09:27:35.891+0000] {processor.py:830} INFO - Processing file /home/airflow/.local/lib/python3.8/site-packages/airflow/example_dags/example_skip_dag.py for tasks to queue
[2025-01-23T09:27:35.894+0000] {logging_mixin.py:188} INFO - [2025-01-23T09:27:35.894+0000] {dagbag.py:538} INFO - Filling up the DagBag from /home/airflow/.local/lib/python3.8/site-packages/airflow/example_dags/example_skip_dag.py
[2025-01-23T09:27:35.907+0000] {processor.py:840} INFO - DAG(s) 'example_skip_dag' retrieved from /home/airflow/.local/lib/python3.8/site-packages/airflow/example_dags/example_skip_dag.py
[2025-01-23T09:27:35.957+0000] {logging_mixin.py:188} INFO - [2025-01-23T09:27:35.956+0000] {dag.py:3036} INFO - Sync 1 DAGs
[2025-01-23T09:27:36.013+0000] {logging_mixin.py:188} INFO - [2025-01-23T09:27:36.012+0000] {dag.py:3823} INFO - Setting next_dagrun for example_skip_dag to 2025-01-22 00:00:00+00:00, run_after=2025-01-23 00:00:00+00:00
[2025-01-23T09:27:36.071+0000] {processor.py:183} INFO - Processing /home/airflow/.local/lib/python3.8/site-packages/airflow/example_dags/example_skip_dag.py took 0.190 seconds
[2025-01-23T09:28:06.230+0000] {processor.py:161} INFO - Started process (PID=654) to work on /home/airflow/.local/lib/python3.8/site-packages/airflow/example_dags/example_skip_dag.py
[2025-01-23T09:28:06.232+0000] {processor.py:830} INFO - Processing file /home/airflow/.local/lib/python3.8/site-packages/airflow/example_dags/example_skip_dag.py for tasks to queue
[2025-01-23T09:28:06.235+0000] {logging_mixin.py:188} INFO - [2025-01-23T09:28:06.235+0000] {dagbag.py:538} INFO - Filling up the DagBag from /home/airflow/.local/lib/python3.8/site-packages/airflow/example_dags/example_skip_dag.py
[2025-01-23T09:28:06.251+0000] {processor.py:840} INFO - DAG(s) 'example_skip_dag' retrieved from /home/airflow/.local/lib/python3.8/site-packages/airflow/example_dags/example_skip_dag.py
[2025-01-23T09:28:06.301+0000] {logging_mixin.py:188} INFO - [2025-01-23T09:28:06.301+0000] {dag.py:3036} INFO - Sync 1 DAGs
[2025-01-23T09:28:06.352+0000] {logging_mixin.py:188} INFO - [2025-01-23T09:28:06.351+0000] {dag.py:3823} INFO - Setting next_dagrun for example_skip_dag to 2025-01-22 00:00:00+00:00, run_after=2025-01-23 00:00:00+00:00
[2025-01-23T09:28:06.394+0000] {processor.py:183} INFO - Processing /home/airflow/.local/lib/python3.8/site-packages/airflow/example_dags/example_skip_dag.py took 0.169 seconds
[2025-01-23T09:28:37.113+0000] {processor.py:161} INFO - Started process (PID=710) to work on /home/airflow/.local/lib/python3.8/site-packages/airflow/example_dags/example_skip_dag.py
[2025-01-23T09:28:37.116+0000] {processor.py:830} INFO - Processing file /home/airflow/.local/lib/python3.8/site-packages/airflow/example_dags/example_skip_dag.py for tasks to queue
[2025-01-23T09:28:37.122+0000] {logging_mixin.py:188} INFO - [2025-01-23T09:28:37.121+0000] {dagbag.py:538} INFO - Filling up the DagBag from /home/airflow/.local/lib/python3.8/site-packages/airflow/example_dags/example_skip_dag.py
[2025-01-23T09:28:37.157+0000] {processor.py:840} INFO - DAG(s) 'example_skip_dag' retrieved from /home/airflow/.local/lib/python3.8/site-packages/airflow/example_dags/example_skip_dag.py
[2025-01-23T09:28:37.290+0000] {logging_mixin.py:188} INFO - [2025-01-23T09:28:37.289+0000] {dag.py:3036} INFO - Sync 1 DAGs
[2025-01-23T09:28:37.413+0000] {logging_mixin.py:188} INFO - [2025-01-23T09:28:37.412+0000] {dag.py:3823} INFO - Setting next_dagrun for example_skip_dag to 2025-01-22 00:00:00+00:00, run_after=2025-01-23 00:00:00+00:00
[2025-01-23T09:28:37.491+0000] {processor.py:183} INFO - Processing /home/airflow/.local/lib/python3.8/site-packages/airflow/example_dags/example_skip_dag.py took 0.389 seconds
[2025-01-23T09:29:07.708+0000] {processor.py:161} INFO - Started process (PID=767) to work on /home/airflow/.local/lib/python3.8/site-packages/airflow/example_dags/example_skip_dag.py
[2025-01-23T09:29:07.714+0000] {processor.py:830} INFO - Processing file /home/airflow/.local/lib/python3.8/site-packages/airflow/example_dags/example_skip_dag.py for tasks to queue
[2025-01-23T09:29:07.719+0000] {logging_mixin.py:188} INFO - [2025-01-23T09:29:07.718+0000] {dagbag.py:538} INFO - Filling up the DagBag from /home/airflow/.local/lib/python3.8/site-packages/airflow/example_dags/example_skip_dag.py
[2025-01-23T09:29:07.737+0000] {processor.py:840} INFO - DAG(s) 'example_skip_dag' retrieved from /home/airflow/.local/lib/python3.8/site-packages/airflow/example_dags/example_skip_dag.py
[2025-01-23T09:29:07.814+0000] {logging_mixin.py:188} INFO - [2025-01-23T09:29:07.814+0000] {dag.py:3036} INFO - Sync 1 DAGs
[2025-01-23T09:29:07.891+0000] {logging_mixin.py:188} INFO - [2025-01-23T09:29:07.890+0000] {dag.py:3823} INFO - Setting next_dagrun for example_skip_dag to 2025-01-22 00:00:00+00:00, run_after=2025-01-23 00:00:00+00:00
[2025-01-23T09:29:07.942+0000] {processor.py:183} INFO - Processing /home/airflow/.local/lib/python3.8/site-packages/airflow/example_dags/example_skip_dag.py took 0.245 seconds
[2025-01-23T09:29:38.744+0000] {processor.py:161} INFO - Started process (PID=823) to work on /home/airflow/.local/lib/python3.8/site-packages/airflow/example_dags/example_skip_dag.py
[2025-01-23T09:29:38.747+0000] {processor.py:830} INFO - Processing file /home/airflow/.local/lib/python3.8/site-packages/airflow/example_dags/example_skip_dag.py for tasks to queue
[2025-01-23T09:29:38.751+0000] {logging_mixin.py:188} INFO - [2025-01-23T09:29:38.751+0000] {dagbag.py:538} INFO - Filling up the DagBag from /home/airflow/.local/lib/python3.8/site-packages/airflow/example_dags/example_skip_dag.py
[2025-01-23T09:29:38.769+0000] {processor.py:840} INFO - DAG(s) 'example_skip_dag' retrieved from /home/airflow/.local/lib/python3.8/site-packages/airflow/example_dags/example_skip_dag.py
[2025-01-23T09:29:38.821+0000] {logging_mixin.py:188} INFO - [2025-01-23T09:29:38.820+0000] {dag.py:3036} INFO - Sync 1 DAGs
[2025-01-23T09:29:38.866+0000] {logging_mixin.py:188} INFO - [2025-01-23T09:29:38.865+0000] {dag.py:3823} INFO - Setting next_dagrun for example_skip_dag to 2025-01-22 00:00:00+00:00, run_after=2025-01-23 00:00:00+00:00
[2025-01-23T09:29:38.917+0000] {processor.py:183} INFO - Processing /home/airflow/.local/lib/python3.8/site-packages/airflow/example_dags/example_skip_dag.py took 0.180 seconds
[2025-01-23T09:30:10.312+0000] {processor.py:161} INFO - Started process (PID=879) to work on /home/airflow/.local/lib/python3.8/site-packages/airflow/example_dags/example_skip_dag.py
[2025-01-23T09:30:10.316+0000] {processor.py:830} INFO - Processing file /home/airflow/.local/lib/python3.8/site-packages/airflow/example_dags/example_skip_dag.py for tasks to queue
[2025-01-23T09:30:10.323+0000] {logging_mixin.py:188} INFO - [2025-01-23T09:30:10.322+0000] {dagbag.py:538} INFO - Filling up the DagBag from /home/airflow/.local/lib/python3.8/site-packages/airflow/example_dags/example_skip_dag.py
[2025-01-23T09:30:10.377+0000] {processor.py:840} INFO - DAG(s) 'example_skip_dag' retrieved from /home/airflow/.local/lib/python3.8/site-packages/airflow/example_dags/example_skip_dag.py
[2025-01-23T09:30:10.472+0000] {logging_mixin.py:188} INFO - [2025-01-23T09:30:10.471+0000] {dag.py:3036} INFO - Sync 1 DAGs
[2025-01-23T09:30:10.553+0000] {logging_mixin.py:188} INFO - [2025-01-23T09:30:10.553+0000] {dag.py:3823} INFO - Setting next_dagrun for example_skip_dag to 2025-01-22 00:00:00+00:00, run_after=2025-01-23 00:00:00+00:00
[2025-01-23T09:30:10.671+0000] {processor.py:183} INFO - Processing /home/airflow/.local/lib/python3.8/site-packages/airflow/example_dags/example_skip_dag.py took 0.375 seconds
[2025-01-23T09:30:40.805+0000] {processor.py:161} INFO - Started process (PID=935) to work on /home/airflow/.local/lib/python3.8/site-packages/airflow/example_dags/example_skip_dag.py
[2025-01-23T09:30:40.808+0000] {processor.py:830} INFO - Processing file /home/airflow/.local/lib/python3.8/site-packages/airflow/example_dags/example_skip_dag.py for tasks to queue
[2025-01-23T09:30:40.813+0000] {logging_mixin.py:188} INFO - [2025-01-23T09:30:40.813+0000] {dagbag.py:538} INFO - Filling up the DagBag from /home/airflow/.local/lib/python3.8/site-packages/airflow/example_dags/example_skip_dag.py
[2025-01-23T09:30:40.837+0000] {processor.py:840} INFO - DAG(s) 'example_skip_dag' retrieved from /home/airflow/.local/lib/python3.8/site-packages/airflow/example_dags/example_skip_dag.py
[2025-01-23T09:30:40.902+0000] {logging_mixin.py:188} INFO - [2025-01-23T09:30:40.902+0000] {dag.py:3036} INFO - Sync 1 DAGs
[2025-01-23T09:30:41.028+0000] {logging_mixin.py:188} INFO - [2025-01-23T09:30:41.028+0000] {dag.py:3823} INFO - Setting next_dagrun for example_skip_dag to 2025-01-22 00:00:00+00:00, run_after=2025-01-23 00:00:00+00:00
[2025-01-23T09:30:41.099+0000] {processor.py:183} INFO - Processing /home/airflow/.local/lib/python3.8/site-packages/airflow/example_dags/example_skip_dag.py took 0.302 seconds
[2025-01-23T09:31:12.064+0000] {processor.py:161} INFO - Started process (PID=991) to work on /home/airflow/.local/lib/python3.8/site-packages/airflow/example_dags/example_skip_dag.py
[2025-01-23T09:31:12.067+0000] {processor.py:830} INFO - Processing file /home/airflow/.local/lib/python3.8/site-packages/airflow/example_dags/example_skip_dag.py for tasks to queue
[2025-01-23T09:31:12.077+0000] {logging_mixin.py:188} INFO - [2025-01-23T09:31:12.075+0000] {dagbag.py:538} INFO - Filling up the DagBag from /home/airflow/.local/lib/python3.8/site-packages/airflow/example_dags/example_skip_dag.py
[2025-01-23T09:31:12.122+0000] {processor.py:840} INFO - DAG(s) 'example_skip_dag' retrieved from /home/airflow/.local/lib/python3.8/site-packages/airflow/example_dags/example_skip_dag.py
[2025-01-23T09:31:12.223+0000] {logging_mixin.py:188} INFO - [2025-01-23T09:31:12.222+0000] {dag.py:3036} INFO - Sync 1 DAGs
[2025-01-23T09:31:12.393+0000] {logging_mixin.py:188} INFO - [2025-01-23T09:31:12.392+0000] {dag.py:3823} INFO - Setting next_dagrun for example_skip_dag to 2025-01-22 00:00:00+00:00, run_after=2025-01-23 00:00:00+00:00
[2025-01-23T09:31:12.512+0000] {processor.py:183} INFO - Processing /home/airflow/.local/lib/python3.8/site-packages/airflow/example_dags/example_skip_dag.py took 0.468 seconds
[2025-01-23T09:31:43.426+0000] {processor.py:161} INFO - Started process (PID=1048) to work on /home/airflow/.local/lib/python3.8/site-packages/airflow/example_dags/example_skip_dag.py
[2025-01-23T09:31:43.428+0000] {processor.py:830} INFO - Processing file /home/airflow/.local/lib/python3.8/site-packages/airflow/example_dags/example_skip_dag.py for tasks to queue
[2025-01-23T09:31:43.430+0000] {logging_mixin.py:188} INFO - [2025-01-23T09:31:43.429+0000] {dagbag.py:538} INFO - Filling up the DagBag from /home/airflow/.local/lib/python3.8/site-packages/airflow/example_dags/example_skip_dag.py
[2025-01-23T09:31:43.443+0000] {processor.py:840} INFO - DAG(s) 'example_skip_dag' retrieved from /home/airflow/.local/lib/python3.8/site-packages/airflow/example_dags/example_skip_dag.py
[2025-01-23T09:31:43.495+0000] {logging_mixin.py:188} INFO - [2025-01-23T09:31:43.494+0000] {dag.py:3036} INFO - Sync 1 DAGs
[2025-01-23T09:31:43.541+0000] {logging_mixin.py:188} INFO - [2025-01-23T09:31:43.540+0000] {dag.py:3823} INFO - Setting next_dagrun for example_skip_dag to 2025-01-22 00:00:00+00:00, run_after=2025-01-23 00:00:00+00:00
[2025-01-23T09:31:43.584+0000] {processor.py:183} INFO - Processing /home/airflow/.local/lib/python3.8/site-packages/airflow/example_dags/example_skip_dag.py took 0.163 seconds
[2025-01-23T09:32:13.986+0000] {processor.py:161} INFO - Started process (PID=1104) to work on /home/airflow/.local/lib/python3.8/site-packages/airflow/example_dags/example_skip_dag.py
[2025-01-23T09:32:13.988+0000] {processor.py:830} INFO - Processing file /home/airflow/.local/lib/python3.8/site-packages/airflow/example_dags/example_skip_dag.py for tasks to queue
[2025-01-23T09:32:13.991+0000] {logging_mixin.py:188} INFO - [2025-01-23T09:32:13.991+0000] {dagbag.py:538} INFO - Filling up the DagBag from /home/airflow/.local/lib/python3.8/site-packages/airflow/example_dags/example_skip_dag.py
[2025-01-23T09:32:14.017+0000] {processor.py:840} INFO - DAG(s) 'example_skip_dag' retrieved from /home/airflow/.local/lib/python3.8/site-packages/airflow/example_dags/example_skip_dag.py
[2025-01-23T09:32:14.075+0000] {logging_mixin.py:188} INFO - [2025-01-23T09:32:14.074+0000] {dag.py:3036} INFO - Sync 1 DAGs
[2025-01-23T09:32:14.124+0000] {logging_mixin.py:188} INFO - [2025-01-23T09:32:14.123+0000] {dag.py:3823} INFO - Setting next_dagrun for example_skip_dag to 2025-01-22 00:00:00+00:00, run_after=2025-01-23 00:00:00+00:00
[2025-01-23T09:32:14.184+0000] {processor.py:183} INFO - Processing /home/airflow/.local/lib/python3.8/site-packages/airflow/example_dags/example_skip_dag.py took 0.205 seconds
[2025-01-23T09:32:44.866+0000] {processor.py:161} INFO - Started process (PID=1160) to work on /home/airflow/.local/lib/python3.8/site-packages/airflow/example_dags/example_skip_dag.py
[2025-01-23T09:32:44.869+0000] {processor.py:830} INFO - Processing file /home/airflow/.local/lib/python3.8/site-packages/airflow/example_dags/example_skip_dag.py for tasks to queue
[2025-01-23T09:32:44.871+0000] {logging_mixin.py:188} INFO - [2025-01-23T09:32:44.870+0000] {dagbag.py:538} INFO - Filling up the DagBag from /home/airflow/.local/lib/python3.8/site-packages/airflow/example_dags/example_skip_dag.py
[2025-01-23T09:32:44.889+0000] {processor.py:840} INFO - DAG(s) 'example_skip_dag' retrieved from /home/airflow/.local/lib/python3.8/site-packages/airflow/example_dags/example_skip_dag.py
[2025-01-23T09:32:44.932+0000] {logging_mixin.py:188} INFO - [2025-01-23T09:32:44.931+0000] {dag.py:3036} INFO - Sync 1 DAGs
[2025-01-23T09:32:44.974+0000] {logging_mixin.py:188} INFO - [2025-01-23T09:32:44.974+0000] {dag.py:3823} INFO - Setting next_dagrun for example_skip_dag to 2025-01-22 00:00:00+00:00, run_after=2025-01-23 00:00:00+00:00
[2025-01-23T09:32:45.012+0000] {processor.py:183} INFO - Processing /home/airflow/.local/lib/python3.8/site-packages/airflow/example_dags/example_skip_dag.py took 0.152 seconds
[2025-01-23T09:33:15.171+0000] {processor.py:161} INFO - Started process (PID=1216) to work on /home/airflow/.local/lib/python3.8/site-packages/airflow/example_dags/example_skip_dag.py
[2025-01-23T09:33:15.173+0000] {processor.py:830} INFO - Processing file /home/airflow/.local/lib/python3.8/site-packages/airflow/example_dags/example_skip_dag.py for tasks to queue
[2025-01-23T09:33:15.174+0000] {logging_mixin.py:188} INFO - [2025-01-23T09:33:15.174+0000] {dagbag.py:538} INFO - Filling up the DagBag from /home/airflow/.local/lib/python3.8/site-packages/airflow/example_dags/example_skip_dag.py
[2025-01-23T09:33:15.188+0000] {processor.py:840} INFO - DAG(s) 'example_skip_dag' retrieved from /home/airflow/.local/lib/python3.8/site-packages/airflow/example_dags/example_skip_dag.py
[2025-01-23T09:33:15.234+0000] {logging_mixin.py:188} INFO - [2025-01-23T09:33:15.233+0000] {dag.py:3036} INFO - Sync 1 DAGs
[2025-01-23T09:33:15.282+0000] {logging_mixin.py:188} INFO - [2025-01-23T09:33:15.282+0000] {dag.py:3823} INFO - Setting next_dagrun for example_skip_dag to 2025-01-22 00:00:00+00:00, run_after=2025-01-23 00:00:00+00:00
[2025-01-23T09:33:15.325+0000] {processor.py:183} INFO - Processing /home/airflow/.local/lib/python3.8/site-packages/airflow/example_dags/example_skip_dag.py took 0.161 seconds
[2025-01-23T09:33:45.608+0000] {processor.py:161} INFO - Started process (PID=1272) to work on /home/airflow/.local/lib/python3.8/site-packages/airflow/example_dags/example_skip_dag.py
[2025-01-23T09:33:45.610+0000] {processor.py:830} INFO - Processing file /home/airflow/.local/lib/python3.8/site-packages/airflow/example_dags/example_skip_dag.py for tasks to queue
[2025-01-23T09:33:45.612+0000] {logging_mixin.py:188} INFO - [2025-01-23T09:33:45.611+0000] {dagbag.py:538} INFO - Filling up the DagBag from /home/airflow/.local/lib/python3.8/site-packages/airflow/example_dags/example_skip_dag.py
[2025-01-23T09:33:45.626+0000] {processor.py:840} INFO - DAG(s) 'example_skip_dag' retrieved from /home/airflow/.local/lib/python3.8/site-packages/airflow/example_dags/example_skip_dag.py
[2025-01-23T09:33:45.671+0000] {logging_mixin.py:188} INFO - [2025-01-23T09:33:45.671+0000] {dag.py:3036} INFO - Sync 1 DAGs
[2025-01-23T09:33:45.738+0000] {logging_mixin.py:188} INFO - [2025-01-23T09:33:45.737+0000] {dag.py:3823} INFO - Setting next_dagrun for example_skip_dag to 2025-01-22 00:00:00+00:00, run_after=2025-01-23 00:00:00+00:00
[2025-01-23T09:33:45.792+0000] {processor.py:183} INFO - Processing /home/airflow/.local/lib/python3.8/site-packages/airflow/example_dags/example_skip_dag.py took 0.190 seconds
[2025-01-23T09:34:16.725+0000] {processor.py:161} INFO - Started process (PID=1328) to work on /home/airflow/.local/lib/python3.8/site-packages/airflow/example_dags/example_skip_dag.py
[2025-01-23T09:34:16.727+0000] {processor.py:830} INFO - Processing file /home/airflow/.local/lib/python3.8/site-packages/airflow/example_dags/example_skip_dag.py for tasks to queue
[2025-01-23T09:34:16.730+0000] {logging_mixin.py:188} INFO - [2025-01-23T09:34:16.729+0000] {dagbag.py:538} INFO - Filling up the DagBag from /home/airflow/.local/lib/python3.8/site-packages/airflow/example_dags/example_skip_dag.py
[2025-01-23T09:34:16.766+0000] {processor.py:840} INFO - DAG(s) 'example_skip_dag' retrieved from /home/airflow/.local/lib/python3.8/site-packages/airflow/example_dags/example_skip_dag.py
[2025-01-23T09:34:16.871+0000] {logging_mixin.py:188} INFO - [2025-01-23T09:34:16.871+0000] {dag.py:3036} INFO - Sync 1 DAGs
[2025-01-23T09:34:17.001+0000] {logging_mixin.py:188} INFO - [2025-01-23T09:34:17.000+0000] {dag.py:3823} INFO - Setting next_dagrun for example_skip_dag to 2025-01-22 00:00:00+00:00, run_after=2025-01-23 00:00:00+00:00
[2025-01-23T09:34:17.128+0000] {processor.py:183} INFO - Processing /home/airflow/.local/lib/python3.8/site-packages/airflow/example_dags/example_skip_dag.py took 0.411 seconds
[2025-01-23T09:34:47.760+0000] {processor.py:161} INFO - Started process (PID=1384) to work on /home/airflow/.local/lib/python3.8/site-packages/airflow/example_dags/example_skip_dag.py
[2025-01-23T09:34:47.765+0000] {processor.py:830} INFO - Processing file /home/airflow/.local/lib/python3.8/site-packages/airflow/example_dags/example_skip_dag.py for tasks to queue
[2025-01-23T09:34:47.769+0000] {logging_mixin.py:188} INFO - [2025-01-23T09:34:47.768+0000] {dagbag.py:538} INFO - Filling up the DagBag from /home/airflow/.local/lib/python3.8/site-packages/airflow/example_dags/example_skip_dag.py
[2025-01-23T09:34:47.795+0000] {processor.py:840} INFO - DAG(s) 'example_skip_dag' retrieved from /home/airflow/.local/lib/python3.8/site-packages/airflow/example_dags/example_skip_dag.py
[2025-01-23T09:34:47.867+0000] {logging_mixin.py:188} INFO - [2025-01-23T09:34:47.866+0000] {dag.py:3036} INFO - Sync 1 DAGs
[2025-01-23T09:34:47.949+0000] {logging_mixin.py:188} INFO - [2025-01-23T09:34:47.948+0000] {dag.py:3823} INFO - Setting next_dagrun for example_skip_dag to 2025-01-22 00:00:00+00:00, run_after=2025-01-23 00:00:00+00:00
[2025-01-23T09:34:48.017+0000] {processor.py:183} INFO - Processing /home/airflow/.local/lib/python3.8/site-packages/airflow/example_dags/example_skip_dag.py took 0.270 seconds
[2025-01-23T09:35:18.802+0000] {processor.py:161} INFO - Started process (PID=1441) to work on /home/airflow/.local/lib/python3.8/site-packages/airflow/example_dags/example_skip_dag.py
[2025-01-23T09:35:18.806+0000] {processor.py:830} INFO - Processing file /home/airflow/.local/lib/python3.8/site-packages/airflow/example_dags/example_skip_dag.py for tasks to queue
[2025-01-23T09:35:18.811+0000] {logging_mixin.py:188} INFO - [2025-01-23T09:35:18.810+0000] {dagbag.py:538} INFO - Filling up the DagBag from /home/airflow/.local/lib/python3.8/site-packages/airflow/example_dags/example_skip_dag.py
[2025-01-23T09:35:18.833+0000] {processor.py:840} INFO - DAG(s) 'example_skip_dag' retrieved from /home/airflow/.local/lib/python3.8/site-packages/airflow/example_dags/example_skip_dag.py
[2025-01-23T09:35:18.889+0000] {logging_mixin.py:188} INFO - [2025-01-23T09:35:18.888+0000] {dag.py:3036} INFO - Sync 1 DAGs
[2025-01-23T09:35:18.969+0000] {logging_mixin.py:188} INFO - [2025-01-23T09:35:18.968+0000] {dag.py:3823} INFO - Setting next_dagrun for example_skip_dag to 2025-01-22 00:00:00+00:00, run_after=2025-01-23 00:00:00+00:00
[2025-01-23T09:35:19.043+0000] {processor.py:183} INFO - Processing /home/airflow/.local/lib/python3.8/site-packages/airflow/example_dags/example_skip_dag.py took 0.253 seconds
[2025-01-23T09:35:49.261+0000] {processor.py:161} INFO - Started process (PID=1498) to work on /home/airflow/.local/lib/python3.8/site-packages/airflow/example_dags/example_skip_dag.py
[2025-01-23T09:35:49.263+0000] {processor.py:830} INFO - Processing file /home/airflow/.local/lib/python3.8/site-packages/airflow/example_dags/example_skip_dag.py for tasks to queue
[2025-01-23T09:35:49.265+0000] {logging_mixin.py:188} INFO - [2025-01-23T09:35:49.265+0000] {dagbag.py:538} INFO - Filling up the DagBag from /home/airflow/.local/lib/python3.8/site-packages/airflow/example_dags/example_skip_dag.py
[2025-01-23T09:35:49.278+0000] {processor.py:840} INFO - DAG(s) 'example_skip_dag' retrieved from /home/airflow/.local/lib/python3.8/site-packages/airflow/example_dags/example_skip_dag.py
[2025-01-23T09:35:49.317+0000] {logging_mixin.py:188} INFO - [2025-01-23T09:35:49.317+0000] {dag.py:3036} INFO - Sync 1 DAGs
[2025-01-23T09:35:49.356+0000] {logging_mixin.py:188} INFO - [2025-01-23T09:35:49.356+0000] {dag.py:3823} INFO - Setting next_dagrun for example_skip_dag to 2025-01-22 00:00:00+00:00, run_after=2025-01-23 00:00:00+00:00
[2025-01-23T09:35:49.391+0000] {processor.py:183} INFO - Processing /home/airflow/.local/lib/python3.8/site-packages/airflow/example_dags/example_skip_dag.py took 0.135 seconds
[2025-01-23T09:36:19.487+0000] {processor.py:161} INFO - Started process (PID=1554) to work on /home/airflow/.local/lib/python3.8/site-packages/airflow/example_dags/example_skip_dag.py
[2025-01-23T09:36:19.489+0000] {processor.py:830} INFO - Processing file /home/airflow/.local/lib/python3.8/site-packages/airflow/example_dags/example_skip_dag.py for tasks to queue
[2025-01-23T09:36:19.492+0000] {logging_mixin.py:188} INFO - [2025-01-23T09:36:19.491+0000] {dagbag.py:538} INFO - Filling up the DagBag from /home/airflow/.local/lib/python3.8/site-packages/airflow/example_dags/example_skip_dag.py
[2025-01-23T09:36:19.505+0000] {processor.py:840} INFO - DAG(s) 'example_skip_dag' retrieved from /home/airflow/.local/lib/python3.8/site-packages/airflow/example_dags/example_skip_dag.py
[2025-01-23T09:36:19.576+0000] {logging_mixin.py:188} INFO - [2025-01-23T09:36:19.575+0000] {dag.py:3036} INFO - Sync 1 DAGs
[2025-01-23T09:36:19.634+0000] {logging_mixin.py:188} INFO - [2025-01-23T09:36:19.634+0000] {dag.py:3823} INFO - Setting next_dagrun for example_skip_dag to 2025-01-22 00:00:00+00:00, run_after=2025-01-23 00:00:00+00:00
[2025-01-23T09:36:19.679+0000] {processor.py:183} INFO - Processing /home/airflow/.local/lib/python3.8/site-packages/airflow/example_dags/example_skip_dag.py took 0.202 seconds
[2025-01-23T09:36:49.866+0000] {processor.py:161} INFO - Started process (PID=1609) to work on /home/airflow/.local/lib/python3.8/site-packages/airflow/example_dags/example_skip_dag.py
[2025-01-23T09:36:49.868+0000] {processor.py:830} INFO - Processing file /home/airflow/.local/lib/python3.8/site-packages/airflow/example_dags/example_skip_dag.py for tasks to queue
[2025-01-23T09:36:49.870+0000] {logging_mixin.py:188} INFO - [2025-01-23T09:36:49.869+0000] {dagbag.py:538} INFO - Filling up the DagBag from /home/airflow/.local/lib/python3.8/site-packages/airflow/example_dags/example_skip_dag.py
[2025-01-23T09:36:49.884+0000] {processor.py:840} INFO - DAG(s) 'example_skip_dag' retrieved from /home/airflow/.local/lib/python3.8/site-packages/airflow/example_dags/example_skip_dag.py
[2025-01-23T09:36:49.932+0000] {logging_mixin.py:188} INFO - [2025-01-23T09:36:49.932+0000] {dag.py:3036} INFO - Sync 1 DAGs
[2025-01-23T09:36:49.983+0000] {logging_mixin.py:188} INFO - [2025-01-23T09:36:49.983+0000] {dag.py:3823} INFO - Setting next_dagrun for example_skip_dag to 2025-01-22 00:00:00+00:00, run_after=2025-01-23 00:00:00+00:00
[2025-01-23T09:36:50.026+0000] {processor.py:183} INFO - Processing /home/airflow/.local/lib/python3.8/site-packages/airflow/example_dags/example_skip_dag.py took 0.165 seconds
[2025-01-23T09:37:20.157+0000] {processor.py:161} INFO - Started process (PID=1665) to work on /home/airflow/.local/lib/python3.8/site-packages/airflow/example_dags/example_skip_dag.py
[2025-01-23T09:37:20.160+0000] {processor.py:830} INFO - Processing file /home/airflow/.local/lib/python3.8/site-packages/airflow/example_dags/example_skip_dag.py for tasks to queue
[2025-01-23T09:37:20.163+0000] {logging_mixin.py:188} INFO - [2025-01-23T09:37:20.162+0000] {dagbag.py:538} INFO - Filling up the DagBag from /home/airflow/.local/lib/python3.8/site-packages/airflow/example_dags/example_skip_dag.py
[2025-01-23T09:37:20.181+0000] {processor.py:840} INFO - DAG(s) 'example_skip_dag' retrieved from /home/airflow/.local/lib/python3.8/site-packages/airflow/example_dags/example_skip_dag.py
[2025-01-23T09:37:20.236+0000] {logging_mixin.py:188} INFO - [2025-01-23T09:37:20.235+0000] {dag.py:3036} INFO - Sync 1 DAGs
[2025-01-23T09:37:20.291+0000] {logging_mixin.py:188} INFO - [2025-01-23T09:37:20.291+0000] {dag.py:3823} INFO - Setting next_dagrun for example_skip_dag to 2025-01-22 00:00:00+00:00, run_after=2025-01-23 00:00:00+00:00
[2025-01-23T09:37:20.340+0000] {processor.py:183} INFO - Processing /home/airflow/.local/lib/python3.8/site-packages/airflow/example_dags/example_skip_dag.py took 0.195 seconds
[2025-01-23T09:37:51.212+0000] {processor.py:161} INFO - Started process (PID=1721) to work on /home/airflow/.local/lib/python3.8/site-packages/airflow/example_dags/example_skip_dag.py
[2025-01-23T09:37:51.215+0000] {processor.py:830} INFO - Processing file /home/airflow/.local/lib/python3.8/site-packages/airflow/example_dags/example_skip_dag.py for tasks to queue
[2025-01-23T09:37:51.218+0000] {logging_mixin.py:188} INFO - [2025-01-23T09:37:51.217+0000] {dagbag.py:538} INFO - Filling up the DagBag from /home/airflow/.local/lib/python3.8/site-packages/airflow/example_dags/example_skip_dag.py
[2025-01-23T09:37:51.237+0000] {processor.py:840} INFO - DAG(s) 'example_skip_dag' retrieved from /home/airflow/.local/lib/python3.8/site-packages/airflow/example_dags/example_skip_dag.py
[2025-01-23T09:37:51.287+0000] {logging_mixin.py:188} INFO - [2025-01-23T09:37:51.287+0000] {dag.py:3036} INFO - Sync 1 DAGs
[2025-01-23T09:37:51.337+0000] {logging_mixin.py:188} INFO - [2025-01-23T09:37:51.337+0000] {dag.py:3823} INFO - Setting next_dagrun for example_skip_dag to 2025-01-22 00:00:00+00:00, run_after=2025-01-23 00:00:00+00:00
[2025-01-23T09:37:51.377+0000] {processor.py:183} INFO - Processing /home/airflow/.local/lib/python3.8/site-packages/airflow/example_dags/example_skip_dag.py took 0.173 seconds
[2025-01-23T09:38:21.715+0000] {processor.py:161} INFO - Started process (PID=1778) to work on /home/airflow/.local/lib/python3.8/site-packages/airflow/example_dags/example_skip_dag.py
[2025-01-23T09:38:21.717+0000] {processor.py:830} INFO - Processing file /home/airflow/.local/lib/python3.8/site-packages/airflow/example_dags/example_skip_dag.py for tasks to queue
[2025-01-23T09:38:21.720+0000] {logging_mixin.py:188} INFO - [2025-01-23T09:38:21.719+0000] {dagbag.py:538} INFO - Filling up the DagBag from /home/airflow/.local/lib/python3.8/site-packages/airflow/example_dags/example_skip_dag.py
[2025-01-23T09:38:21.735+0000] {processor.py:840} INFO - DAG(s) 'example_skip_dag' retrieved from /home/airflow/.local/lib/python3.8/site-packages/airflow/example_dags/example_skip_dag.py
[2025-01-23T09:38:21.806+0000] {logging_mixin.py:188} INFO - [2025-01-23T09:38:21.805+0000] {dag.py:3036} INFO - Sync 1 DAGs
[2025-01-23T09:38:21.857+0000] {logging_mixin.py:188} INFO - [2025-01-23T09:38:21.856+0000] {dag.py:3823} INFO - Setting next_dagrun for example_skip_dag to 2025-01-22 00:00:00+00:00, run_after=2025-01-23 00:00:00+00:00
[2025-01-23T09:38:21.900+0000] {processor.py:183} INFO - Processing /home/airflow/.local/lib/python3.8/site-packages/airflow/example_dags/example_skip_dag.py took 0.191 seconds
[2025-01-23T09:38:52.193+0000] {processor.py:161} INFO - Started process (PID=1834) to work on /home/airflow/.local/lib/python3.8/site-packages/airflow/example_dags/example_skip_dag.py
[2025-01-23T09:38:52.195+0000] {processor.py:830} INFO - Processing file /home/airflow/.local/lib/python3.8/site-packages/airflow/example_dags/example_skip_dag.py for tasks to queue
[2025-01-23T09:38:52.198+0000] {logging_mixin.py:188} INFO - [2025-01-23T09:38:52.197+0000] {dagbag.py:538} INFO - Filling up the DagBag from /home/airflow/.local/lib/python3.8/site-packages/airflow/example_dags/example_skip_dag.py
[2025-01-23T09:38:52.212+0000] {processor.py:840} INFO - DAG(s) 'example_skip_dag' retrieved from /home/airflow/.local/lib/python3.8/site-packages/airflow/example_dags/example_skip_dag.py
[2025-01-23T09:38:52.264+0000] {logging_mixin.py:188} INFO - [2025-01-23T09:38:52.263+0000] {dag.py:3036} INFO - Sync 1 DAGs
[2025-01-23T09:38:52.314+0000] {logging_mixin.py:188} INFO - [2025-01-23T09:38:52.314+0000] {dag.py:3823} INFO - Setting next_dagrun for example_skip_dag to 2025-01-22 00:00:00+00:00, run_after=2025-01-23 00:00:00+00:00
[2025-01-23T09:38:52.368+0000] {processor.py:183} INFO - Processing /home/airflow/.local/lib/python3.8/site-packages/airflow/example_dags/example_skip_dag.py took 0.182 seconds
[2025-01-23T09:39:22.744+0000] {processor.py:161} INFO - Started process (PID=1890) to work on /home/airflow/.local/lib/python3.8/site-packages/airflow/example_dags/example_skip_dag.py
[2025-01-23T09:39:22.746+0000] {processor.py:830} INFO - Processing file /home/airflow/.local/lib/python3.8/site-packages/airflow/example_dags/example_skip_dag.py for tasks to queue
[2025-01-23T09:39:22.748+0000] {logging_mixin.py:188} INFO - [2025-01-23T09:39:22.748+0000] {dagbag.py:538} INFO - Filling up the DagBag from /home/airflow/.local/lib/python3.8/site-packages/airflow/example_dags/example_skip_dag.py
[2025-01-23T09:39:22.762+0000] {processor.py:840} INFO - DAG(s) 'example_skip_dag' retrieved from /home/airflow/.local/lib/python3.8/site-packages/airflow/example_dags/example_skip_dag.py
[2025-01-23T09:39:22.808+0000] {logging_mixin.py:188} INFO - [2025-01-23T09:39:22.807+0000] {dag.py:3036} INFO - Sync 1 DAGs
[2025-01-23T09:39:22.862+0000] {logging_mixin.py:188} INFO - [2025-01-23T09:39:22.861+0000] {dag.py:3823} INFO - Setting next_dagrun for example_skip_dag to 2025-01-22 00:00:00+00:00, run_after=2025-01-23 00:00:00+00:00
[2025-01-23T09:39:22.914+0000] {processor.py:183} INFO - Processing /home/airflow/.local/lib/python3.8/site-packages/airflow/example_dags/example_skip_dag.py took 0.175 seconds
[2025-01-23T09:39:53.560+0000] {processor.py:161} INFO - Started process (PID=1946) to work on /home/airflow/.local/lib/python3.8/site-packages/airflow/example_dags/example_skip_dag.py
[2025-01-23T09:39:53.562+0000] {processor.py:830} INFO - Processing file /home/airflow/.local/lib/python3.8/site-packages/airflow/example_dags/example_skip_dag.py for tasks to queue
[2025-01-23T09:39:53.564+0000] {logging_mixin.py:188} INFO - [2025-01-23T09:39:53.563+0000] {dagbag.py:538} INFO - Filling up the DagBag from /home/airflow/.local/lib/python3.8/site-packages/airflow/example_dags/example_skip_dag.py
[2025-01-23T09:39:53.580+0000] {processor.py:840} INFO - DAG(s) 'example_skip_dag' retrieved from /home/airflow/.local/lib/python3.8/site-packages/airflow/example_dags/example_skip_dag.py
[2025-01-23T09:39:53.623+0000] {logging_mixin.py:188} INFO - [2025-01-23T09:39:53.623+0000] {dag.py:3036} INFO - Sync 1 DAGs
[2025-01-23T09:39:53.673+0000] {logging_mixin.py:188} INFO - [2025-01-23T09:39:53.672+0000] {dag.py:3823} INFO - Setting next_dagrun for example_skip_dag to 2025-01-22 00:00:00+00:00, run_after=2025-01-23 00:00:00+00:00
[2025-01-23T09:39:53.715+0000] {processor.py:183} INFO - Processing /home/airflow/.local/lib/python3.8/site-packages/airflow/example_dags/example_skip_dag.py took 0.160 seconds
[2025-01-23T09:40:24.603+0000] {processor.py:161} INFO - Started process (PID=2002) to work on /home/airflow/.local/lib/python3.8/site-packages/airflow/example_dags/example_skip_dag.py
[2025-01-23T09:40:24.606+0000] {processor.py:830} INFO - Processing file /home/airflow/.local/lib/python3.8/site-packages/airflow/example_dags/example_skip_dag.py for tasks to queue
[2025-01-23T09:40:24.609+0000] {logging_mixin.py:188} INFO - [2025-01-23T09:40:24.608+0000] {dagbag.py:538} INFO - Filling up the DagBag from /home/airflow/.local/lib/python3.8/site-packages/airflow/example_dags/example_skip_dag.py
[2025-01-23T09:40:24.633+0000] {processor.py:840} INFO - DAG(s) 'example_skip_dag' retrieved from /home/airflow/.local/lib/python3.8/site-packages/airflow/example_dags/example_skip_dag.py
[2025-01-23T09:40:24.708+0000] {logging_mixin.py:188} INFO - [2025-01-23T09:40:24.707+0000] {dag.py:3036} INFO - Sync 1 DAGs
[2025-01-23T09:40:24.788+0000] {logging_mixin.py:188} INFO - [2025-01-23T09:40:24.787+0000] {dag.py:3823} INFO - Setting next_dagrun for example_skip_dag to 2025-01-22 00:00:00+00:00, run_after=2025-01-23 00:00:00+00:00
[2025-01-23T09:40:24.841+0000] {processor.py:183} INFO - Processing /home/airflow/.local/lib/python3.8/site-packages/airflow/example_dags/example_skip_dag.py took 0.246 seconds
[2025-01-23T09:40:55.017+0000] {processor.py:161} INFO - Started process (PID=2058) to work on /home/airflow/.local/lib/python3.8/site-packages/airflow/example_dags/example_skip_dag.py
[2025-01-23T09:40:55.019+0000] {processor.py:830} INFO - Processing file /home/airflow/.local/lib/python3.8/site-packages/airflow/example_dags/example_skip_dag.py for tasks to queue
[2025-01-23T09:40:55.021+0000] {logging_mixin.py:188} INFO - [2025-01-23T09:40:55.020+0000] {dagbag.py:538} INFO - Filling up the DagBag from /home/airflow/.local/lib/python3.8/site-packages/airflow/example_dags/example_skip_dag.py
[2025-01-23T09:40:55.036+0000] {processor.py:840} INFO - DAG(s) 'example_skip_dag' retrieved from /home/airflow/.local/lib/python3.8/site-packages/airflow/example_dags/example_skip_dag.py
[2025-01-23T09:40:55.092+0000] {logging_mixin.py:188} INFO - [2025-01-23T09:40:55.092+0000] {dag.py:3036} INFO - Sync 1 DAGs
[2025-01-23T09:40:55.145+0000] {logging_mixin.py:188} INFO - [2025-01-23T09:40:55.144+0000] {dag.py:3823} INFO - Setting next_dagrun for example_skip_dag to 2025-01-22 00:00:00+00:00, run_after=2025-01-23 00:00:00+00:00
[2025-01-23T09:40:55.188+0000] {processor.py:183} INFO - Processing /home/airflow/.local/lib/python3.8/site-packages/airflow/example_dags/example_skip_dag.py took 0.178 seconds
[2025-01-23T09:41:25.422+0000] {processor.py:161} INFO - Started process (PID=2115) to work on /home/airflow/.local/lib/python3.8/site-packages/airflow/example_dags/example_skip_dag.py
[2025-01-23T09:41:25.427+0000] {processor.py:830} INFO - Processing file /home/airflow/.local/lib/python3.8/site-packages/airflow/example_dags/example_skip_dag.py for tasks to queue
[2025-01-23T09:41:25.429+0000] {logging_mixin.py:188} INFO - [2025-01-23T09:41:25.428+0000] {dagbag.py:538} INFO - Filling up the DagBag from /home/airflow/.local/lib/python3.8/site-packages/airflow/example_dags/example_skip_dag.py
[2025-01-23T09:41:25.445+0000] {processor.py:840} INFO - DAG(s) 'example_skip_dag' retrieved from /home/airflow/.local/lib/python3.8/site-packages/airflow/example_dags/example_skip_dag.py
[2025-01-23T09:41:25.523+0000] {logging_mixin.py:188} INFO - [2025-01-23T09:41:25.522+0000] {dag.py:3036} INFO - Sync 1 DAGs
[2025-01-23T09:41:25.613+0000] {logging_mixin.py:188} INFO - [2025-01-23T09:41:25.612+0000] {dag.py:3823} INFO - Setting next_dagrun for example_skip_dag to 2025-01-22 00:00:00+00:00, run_after=2025-01-23 00:00:00+00:00
[2025-01-23T09:41:25.690+0000] {processor.py:183} INFO - Processing /home/airflow/.local/lib/python3.8/site-packages/airflow/example_dags/example_skip_dag.py took 0.277 seconds
[2025-01-23T09:41:58.731+0000] {processor.py:161} INFO - Started process (PID=2170) to work on /home/airflow/.local/lib/python3.8/site-packages/airflow/example_dags/example_skip_dag.py
[2025-01-23T09:41:58.761+0000] {processor.py:830} INFO - Processing file /home/airflow/.local/lib/python3.8/site-packages/airflow/example_dags/example_skip_dag.py for tasks to queue
[2025-01-23T09:41:58.827+0000] {logging_mixin.py:188} INFO - [2025-01-23T09:41:58.826+0000] {dagbag.py:538} INFO - Filling up the DagBag from /home/airflow/.local/lib/python3.8/site-packages/airflow/example_dags/example_skip_dag.py
[2025-01-23T09:41:58.954+0000] {processor.py:840} INFO - DAG(s) 'example_skip_dag' retrieved from /home/airflow/.local/lib/python3.8/site-packages/airflow/example_dags/example_skip_dag.py
[2025-01-23T09:41:59.128+0000] {logging_mixin.py:188} INFO - [2025-01-23T09:41:59.119+0000] {dag.py:3036} INFO - Sync 1 DAGs
[2025-01-23T09:41:59.371+0000] {logging_mixin.py:188} INFO - [2025-01-23T09:41:59.361+0000] {dag.py:3823} INFO - Setting next_dagrun for example_skip_dag to 2025-01-22 00:00:00+00:00, run_after=2025-01-23 00:00:00+00:00
[2025-01-23T09:41:59.714+0000] {processor.py:183} INFO - Processing /home/airflow/.local/lib/python3.8/site-packages/airflow/example_dags/example_skip_dag.py took 1.003 seconds
[2025-01-23T09:42:29.910+0000] {processor.py:161} INFO - Started process (PID=2224) to work on /home/airflow/.local/lib/python3.8/site-packages/airflow/example_dags/example_skip_dag.py
[2025-01-23T09:42:29.914+0000] {processor.py:830} INFO - Processing file /home/airflow/.local/lib/python3.8/site-packages/airflow/example_dags/example_skip_dag.py for tasks to queue
[2025-01-23T09:42:29.917+0000] {logging_mixin.py:188} INFO - [2025-01-23T09:42:29.916+0000] {dagbag.py:538} INFO - Filling up the DagBag from /home/airflow/.local/lib/python3.8/site-packages/airflow/example_dags/example_skip_dag.py
[2025-01-23T09:42:29.935+0000] {processor.py:840} INFO - DAG(s) 'example_skip_dag' retrieved from /home/airflow/.local/lib/python3.8/site-packages/airflow/example_dags/example_skip_dag.py
[2025-01-23T09:42:29.983+0000] {logging_mixin.py:188} INFO - [2025-01-23T09:42:29.983+0000] {dag.py:3036} INFO - Sync 1 DAGs
[2025-01-23T09:42:30.027+0000] {logging_mixin.py:188} INFO - [2025-01-23T09:42:30.026+0000] {dag.py:3823} INFO - Setting next_dagrun for example_skip_dag to 2025-01-22 00:00:00+00:00, run_after=2025-01-23 00:00:00+00:00
[2025-01-23T09:42:30.064+0000] {processor.py:183} INFO - Processing /home/airflow/.local/lib/python3.8/site-packages/airflow/example_dags/example_skip_dag.py took 0.161 seconds
[2025-01-23T09:43:00.333+0000] {processor.py:161} INFO - Started process (PID=2280) to work on /home/airflow/.local/lib/python3.8/site-packages/airflow/example_dags/example_skip_dag.py
[2025-01-23T09:43:00.336+0000] {processor.py:830} INFO - Processing file /home/airflow/.local/lib/python3.8/site-packages/airflow/example_dags/example_skip_dag.py for tasks to queue
[2025-01-23T09:43:00.340+0000] {logging_mixin.py:188} INFO - [2025-01-23T09:43:00.339+0000] {dagbag.py:538} INFO - Filling up the DagBag from /home/airflow/.local/lib/python3.8/site-packages/airflow/example_dags/example_skip_dag.py
[2025-01-23T09:43:00.369+0000] {processor.py:840} INFO - DAG(s) 'example_skip_dag' retrieved from /home/airflow/.local/lib/python3.8/site-packages/airflow/example_dags/example_skip_dag.py
[2025-01-23T09:43:00.442+0000] {logging_mixin.py:188} INFO - [2025-01-23T09:43:00.441+0000] {dag.py:3036} INFO - Sync 1 DAGs
[2025-01-23T09:43:00.520+0000] {logging_mixin.py:188} INFO - [2025-01-23T09:43:00.520+0000] {dag.py:3823} INFO - Setting next_dagrun for example_skip_dag to 2025-01-22 00:00:00+00:00, run_after=2025-01-23 00:00:00+00:00
[2025-01-23T09:43:00.564+0000] {processor.py:183} INFO - Processing /home/airflow/.local/lib/python3.8/site-packages/airflow/example_dags/example_skip_dag.py took 0.244 seconds
[2025-01-23T09:43:30.937+0000] {processor.py:161} INFO - Started process (PID=2336) to work on /home/airflow/.local/lib/python3.8/site-packages/airflow/example_dags/example_skip_dag.py
[2025-01-23T09:43:30.939+0000] {processor.py:830} INFO - Processing file /home/airflow/.local/lib/python3.8/site-packages/airflow/example_dags/example_skip_dag.py for tasks to queue
[2025-01-23T09:43:30.942+0000] {logging_mixin.py:188} INFO - [2025-01-23T09:43:30.941+0000] {dagbag.py:538} INFO - Filling up the DagBag from /home/airflow/.local/lib/python3.8/site-packages/airflow/example_dags/example_skip_dag.py
[2025-01-23T09:43:30.968+0000] {processor.py:840} INFO - DAG(s) 'example_skip_dag' retrieved from /home/airflow/.local/lib/python3.8/site-packages/airflow/example_dags/example_skip_dag.py
[2025-01-23T09:43:31.050+0000] {logging_mixin.py:188} INFO - [2025-01-23T09:43:31.049+0000] {dag.py:3036} INFO - Sync 1 DAGs
[2025-01-23T09:43:31.447+0000] {logging_mixin.py:188} INFO - [2025-01-23T09:43:31.446+0000] {dag.py:3823} INFO - Setting next_dagrun for example_skip_dag to 2025-01-22 00:00:00+00:00, run_after=2025-01-23 00:00:00+00:00
[2025-01-23T09:43:31.493+0000] {processor.py:183} INFO - Processing /home/airflow/.local/lib/python3.8/site-packages/airflow/example_dags/example_skip_dag.py took 0.566 seconds
[2025-01-23T09:44:02.092+0000] {processor.py:161} INFO - Started process (PID=2393) to work on /home/airflow/.local/lib/python3.8/site-packages/airflow/example_dags/example_skip_dag.py
[2025-01-23T09:44:02.095+0000] {processor.py:830} INFO - Processing file /home/airflow/.local/lib/python3.8/site-packages/airflow/example_dags/example_skip_dag.py for tasks to queue
[2025-01-23T09:44:02.098+0000] {logging_mixin.py:188} INFO - [2025-01-23T09:44:02.097+0000] {dagbag.py:538} INFO - Filling up the DagBag from /home/airflow/.local/lib/python3.8/site-packages/airflow/example_dags/example_skip_dag.py
[2025-01-23T09:44:02.122+0000] {processor.py:840} INFO - DAG(s) 'example_skip_dag' retrieved from /home/airflow/.local/lib/python3.8/site-packages/airflow/example_dags/example_skip_dag.py
[2025-01-23T09:44:02.204+0000] {logging_mixin.py:188} INFO - [2025-01-23T09:44:02.203+0000] {dag.py:3036} INFO - Sync 1 DAGs
[2025-01-23T09:44:02.296+0000] {logging_mixin.py:188} INFO - [2025-01-23T09:44:02.296+0000] {dag.py:3823} INFO - Setting next_dagrun for example_skip_dag to 2025-01-22 00:00:00+00:00, run_after=2025-01-23 00:00:00+00:00
[2025-01-23T09:44:02.337+0000] {processor.py:183} INFO - Processing /home/airflow/.local/lib/python3.8/site-packages/airflow/example_dags/example_skip_dag.py took 0.253 seconds
[2025-01-23T09:44:32.445+0000] {processor.py:161} INFO - Started process (PID=2449) to work on /home/airflow/.local/lib/python3.8/site-packages/airflow/example_dags/example_skip_dag.py
[2025-01-23T09:44:32.451+0000] {processor.py:830} INFO - Processing file /home/airflow/.local/lib/python3.8/site-packages/airflow/example_dags/example_skip_dag.py for tasks to queue
[2025-01-23T09:44:32.454+0000] {logging_mixin.py:188} INFO - [2025-01-23T09:44:32.453+0000] {dagbag.py:538} INFO - Filling up the DagBag from /home/airflow/.local/lib/python3.8/site-packages/airflow/example_dags/example_skip_dag.py
[2025-01-23T09:44:32.477+0000] {processor.py:840} INFO - DAG(s) 'example_skip_dag' retrieved from /home/airflow/.local/lib/python3.8/site-packages/airflow/example_dags/example_skip_dag.py
[2025-01-23T09:44:32.546+0000] {logging_mixin.py:188} INFO - [2025-01-23T09:44:32.545+0000] {dag.py:3036} INFO - Sync 1 DAGs
[2025-01-23T09:44:32.613+0000] {logging_mixin.py:188} INFO - [2025-01-23T09:44:32.613+0000] {dag.py:3823} INFO - Setting next_dagrun for example_skip_dag to 2025-01-22 00:00:00+00:00, run_after=2025-01-23 00:00:00+00:00
[2025-01-23T09:44:32.664+0000] {processor.py:183} INFO - Processing /home/airflow/.local/lib/python3.8/site-packages/airflow/example_dags/example_skip_dag.py took 0.230 seconds
[2025-01-23T09:45:03.218+0000] {processor.py:161} INFO - Started process (PID=2505) to work on /home/airflow/.local/lib/python3.8/site-packages/airflow/example_dags/example_skip_dag.py
[2025-01-23T09:45:03.221+0000] {processor.py:830} INFO - Processing file /home/airflow/.local/lib/python3.8/site-packages/airflow/example_dags/example_skip_dag.py for tasks to queue
[2025-01-23T09:45:03.223+0000] {logging_mixin.py:188} INFO - [2025-01-23T09:45:03.222+0000] {dagbag.py:538} INFO - Filling up the DagBag from /home/airflow/.local/lib/python3.8/site-packages/airflow/example_dags/example_skip_dag.py
[2025-01-23T09:45:03.243+0000] {processor.py:840} INFO - DAG(s) 'example_skip_dag' retrieved from /home/airflow/.local/lib/python3.8/site-packages/airflow/example_dags/example_skip_dag.py
[2025-01-23T09:45:03.311+0000] {logging_mixin.py:188} INFO - [2025-01-23T09:45:03.311+0000] {dag.py:3036} INFO - Sync 1 DAGs
[2025-01-23T09:45:03.598+0000] {logging_mixin.py:188} INFO - [2025-01-23T09:45:03.597+0000] {dag.py:3823} INFO - Setting next_dagrun for example_skip_dag to 2025-01-22 00:00:00+00:00, run_after=2025-01-23 00:00:00+00:00
[2025-01-23T09:45:03.640+0000] {processor.py:183} INFO - Processing /home/airflow/.local/lib/python3.8/site-packages/airflow/example_dags/example_skip_dag.py took 0.430 seconds
[2025-01-23T09:45:34.488+0000] {processor.py:161} INFO - Started process (PID=2561) to work on /home/airflow/.local/lib/python3.8/site-packages/airflow/example_dags/example_skip_dag.py
[2025-01-23T09:45:34.491+0000] {processor.py:830} INFO - Processing file /home/airflow/.local/lib/python3.8/site-packages/airflow/example_dags/example_skip_dag.py for tasks to queue
[2025-01-23T09:45:34.493+0000] {logging_mixin.py:188} INFO - [2025-01-23T09:45:34.492+0000] {dagbag.py:538} INFO - Filling up the DagBag from /home/airflow/.local/lib/python3.8/site-packages/airflow/example_dags/example_skip_dag.py
[2025-01-23T09:45:34.514+0000] {processor.py:840} INFO - DAG(s) 'example_skip_dag' retrieved from /home/airflow/.local/lib/python3.8/site-packages/airflow/example_dags/example_skip_dag.py
[2025-01-23T09:45:34.570+0000] {logging_mixin.py:188} INFO - [2025-01-23T09:45:34.569+0000] {dag.py:3036} INFO - Sync 1 DAGs
[2025-01-23T09:45:34.619+0000] {logging_mixin.py:188} INFO - [2025-01-23T09:45:34.618+0000] {dag.py:3823} INFO - Setting next_dagrun for example_skip_dag to 2025-01-22 00:00:00+00:00, run_after=2025-01-23 00:00:00+00:00
[2025-01-23T09:45:34.890+0000] {processor.py:183} INFO - Processing /home/airflow/.local/lib/python3.8/site-packages/airflow/example_dags/example_skip_dag.py took 0.410 seconds
[2025-01-23T09:46:05.170+0000] {processor.py:161} INFO - Started process (PID=2623) to work on /home/airflow/.local/lib/python3.8/site-packages/airflow/example_dags/example_skip_dag.py
[2025-01-23T09:46:05.173+0000] {processor.py:830} INFO - Processing file /home/airflow/.local/lib/python3.8/site-packages/airflow/example_dags/example_skip_dag.py for tasks to queue
[2025-01-23T09:46:05.176+0000] {logging_mixin.py:188} INFO - [2025-01-23T09:46:05.175+0000] {dagbag.py:538} INFO - Filling up the DagBag from /home/airflow/.local/lib/python3.8/site-packages/airflow/example_dags/example_skip_dag.py
[2025-01-23T09:46:05.199+0000] {processor.py:840} INFO - DAG(s) 'example_skip_dag' retrieved from /home/airflow/.local/lib/python3.8/site-packages/airflow/example_dags/example_skip_dag.py
[2025-01-23T09:46:05.259+0000] {logging_mixin.py:188} INFO - [2025-01-23T09:46:05.258+0000] {dag.py:3036} INFO - Sync 1 DAGs
[2025-01-23T09:46:05.333+0000] {logging_mixin.py:188} INFO - [2025-01-23T09:46:05.332+0000] {dag.py:3823} INFO - Setting next_dagrun for example_skip_dag to 2025-01-22 00:00:00+00:00, run_after=2025-01-23 00:00:00+00:00
[2025-01-23T09:46:05.390+0000] {processor.py:183} INFO - Processing /home/airflow/.local/lib/python3.8/site-packages/airflow/example_dags/example_skip_dag.py took 0.228 seconds
[2025-01-23T09:46:35.569+0000] {processor.py:161} INFO - Started process (PID=2679) to work on /home/airflow/.local/lib/python3.8/site-packages/airflow/example_dags/example_skip_dag.py
[2025-01-23T09:46:35.571+0000] {processor.py:830} INFO - Processing file /home/airflow/.local/lib/python3.8/site-packages/airflow/example_dags/example_skip_dag.py for tasks to queue
[2025-01-23T09:46:35.573+0000] {logging_mixin.py:188} INFO - [2025-01-23T09:46:35.572+0000] {dagbag.py:538} INFO - Filling up the DagBag from /home/airflow/.local/lib/python3.8/site-packages/airflow/example_dags/example_skip_dag.py
[2025-01-23T09:46:35.587+0000] {processor.py:840} INFO - DAG(s) 'example_skip_dag' retrieved from /home/airflow/.local/lib/python3.8/site-packages/airflow/example_dags/example_skip_dag.py
[2025-01-23T09:46:35.626+0000] {logging_mixin.py:188} INFO - [2025-01-23T09:46:35.625+0000] {dag.py:3036} INFO - Sync 1 DAGs
[2025-01-23T09:46:35.669+0000] {logging_mixin.py:188} INFO - [2025-01-23T09:46:35.669+0000] {dag.py:3823} INFO - Setting next_dagrun for example_skip_dag to 2025-01-22 00:00:00+00:00, run_after=2025-01-23 00:00:00+00:00
[2025-01-23T09:46:35.706+0000] {processor.py:183} INFO - Processing /home/airflow/.local/lib/python3.8/site-packages/airflow/example_dags/example_skip_dag.py took 0.145 seconds
[2025-01-23T09:47:06.249+0000] {processor.py:161} INFO - Started process (PID=2735) to work on /home/airflow/.local/lib/python3.8/site-packages/airflow/example_dags/example_skip_dag.py
[2025-01-23T09:47:06.253+0000] {processor.py:830} INFO - Processing file /home/airflow/.local/lib/python3.8/site-packages/airflow/example_dags/example_skip_dag.py for tasks to queue
[2025-01-23T09:47:06.256+0000] {logging_mixin.py:188} INFO - [2025-01-23T09:47:06.254+0000] {dagbag.py:538} INFO - Filling up the DagBag from /home/airflow/.local/lib/python3.8/site-packages/airflow/example_dags/example_skip_dag.py
[2025-01-23T09:47:06.284+0000] {processor.py:840} INFO - DAG(s) 'example_skip_dag' retrieved from /home/airflow/.local/lib/python3.8/site-packages/airflow/example_dags/example_skip_dag.py
[2025-01-23T09:47:06.357+0000] {logging_mixin.py:188} INFO - [2025-01-23T09:47:06.356+0000] {dag.py:3036} INFO - Sync 1 DAGs
[2025-01-23T09:47:06.417+0000] {logging_mixin.py:188} INFO - [2025-01-23T09:47:06.416+0000] {dag.py:3823} INFO - Setting next_dagrun for example_skip_dag to 2025-01-22 00:00:00+00:00, run_after=2025-01-23 00:00:00+00:00
[2025-01-23T09:47:06.463+0000] {processor.py:183} INFO - Processing /home/airflow/.local/lib/python3.8/site-packages/airflow/example_dags/example_skip_dag.py took 0.224 seconds
[2025-01-23T09:47:37.349+0000] {processor.py:161} INFO - Started process (PID=2792) to work on /home/airflow/.local/lib/python3.8/site-packages/airflow/example_dags/example_skip_dag.py
[2025-01-23T09:47:37.352+0000] {processor.py:830} INFO - Processing file /home/airflow/.local/lib/python3.8/site-packages/airflow/example_dags/example_skip_dag.py for tasks to queue
[2025-01-23T09:47:37.356+0000] {logging_mixin.py:188} INFO - [2025-01-23T09:47:37.355+0000] {dagbag.py:538} INFO - Filling up the DagBag from /home/airflow/.local/lib/python3.8/site-packages/airflow/example_dags/example_skip_dag.py
[2025-01-23T09:47:37.377+0000] {processor.py:840} INFO - DAG(s) 'example_skip_dag' retrieved from /home/airflow/.local/lib/python3.8/site-packages/airflow/example_dags/example_skip_dag.py
[2025-01-23T09:47:37.430+0000] {logging_mixin.py:188} INFO - [2025-01-23T09:47:37.429+0000] {dag.py:3036} INFO - Sync 1 DAGs
[2025-01-23T09:47:37.504+0000] {logging_mixin.py:188} INFO - [2025-01-23T09:47:37.504+0000] {dag.py:3823} INFO - Setting next_dagrun for example_skip_dag to 2025-01-22 00:00:00+00:00, run_after=2025-01-23 00:00:00+00:00
[2025-01-23T09:47:37.566+0000] {processor.py:183} INFO - Processing /home/airflow/.local/lib/python3.8/site-packages/airflow/example_dags/example_skip_dag.py took 0.227 seconds
[2025-01-23T09:48:08.020+0000] {processor.py:161} INFO - Started process (PID=2847) to work on /home/airflow/.local/lib/python3.8/site-packages/airflow/example_dags/example_skip_dag.py
[2025-01-23T09:48:08.022+0000] {processor.py:830} INFO - Processing file /home/airflow/.local/lib/python3.8/site-packages/airflow/example_dags/example_skip_dag.py for tasks to queue
[2025-01-23T09:48:08.025+0000] {logging_mixin.py:188} INFO - [2025-01-23T09:48:08.024+0000] {dagbag.py:538} INFO - Filling up the DagBag from /home/airflow/.local/lib/python3.8/site-packages/airflow/example_dags/example_skip_dag.py
[2025-01-23T09:48:08.041+0000] {processor.py:840} INFO - DAG(s) 'example_skip_dag' retrieved from /home/airflow/.local/lib/python3.8/site-packages/airflow/example_dags/example_skip_dag.py
[2025-01-23T09:48:08.091+0000] {logging_mixin.py:188} INFO - [2025-01-23T09:48:08.090+0000] {dag.py:3036} INFO - Sync 1 DAGs
[2025-01-23T09:48:08.155+0000] {logging_mixin.py:188} INFO - [2025-01-23T09:48:08.154+0000] {dag.py:3823} INFO - Setting next_dagrun for example_skip_dag to 2025-01-22 00:00:00+00:00, run_after=2025-01-23 00:00:00+00:00
[2025-01-23T09:48:08.208+0000] {processor.py:183} INFO - Processing /home/airflow/.local/lib/python3.8/site-packages/airflow/example_dags/example_skip_dag.py took 0.195 seconds
[2025-01-23T09:48:39.140+0000] {processor.py:161} INFO - Started process (PID=2903) to work on /home/airflow/.local/lib/python3.8/site-packages/airflow/example_dags/example_skip_dag.py
[2025-01-23T09:48:39.142+0000] {processor.py:830} INFO - Processing file /home/airflow/.local/lib/python3.8/site-packages/airflow/example_dags/example_skip_dag.py for tasks to queue
[2025-01-23T09:48:39.144+0000] {logging_mixin.py:188} INFO - [2025-01-23T09:48:39.143+0000] {dagbag.py:538} INFO - Filling up the DagBag from /home/airflow/.local/lib/python3.8/site-packages/airflow/example_dags/example_skip_dag.py
[2025-01-23T09:48:39.157+0000] {processor.py:840} INFO - DAG(s) 'example_skip_dag' retrieved from /home/airflow/.local/lib/python3.8/site-packages/airflow/example_dags/example_skip_dag.py
[2025-01-23T09:48:39.194+0000] {logging_mixin.py:188} INFO - [2025-01-23T09:48:39.193+0000] {dag.py:3036} INFO - Sync 1 DAGs
[2025-01-23T09:48:39.233+0000] {logging_mixin.py:188} INFO - [2025-01-23T09:48:39.233+0000] {dag.py:3823} INFO - Setting next_dagrun for example_skip_dag to 2025-01-22 00:00:00+00:00, run_after=2025-01-23 00:00:00+00:00
[2025-01-23T09:48:39.280+0000] {processor.py:183} INFO - Processing /home/airflow/.local/lib/python3.8/site-packages/airflow/example_dags/example_skip_dag.py took 0.145 seconds
[2025-01-23T09:49:09.683+0000] {processor.py:161} INFO - Started process (PID=2960) to work on /home/airflow/.local/lib/python3.8/site-packages/airflow/example_dags/example_skip_dag.py
[2025-01-23T09:49:09.687+0000] {processor.py:830} INFO - Processing file /home/airflow/.local/lib/python3.8/site-packages/airflow/example_dags/example_skip_dag.py for tasks to queue
[2025-01-23T09:49:09.691+0000] {logging_mixin.py:188} INFO - [2025-01-23T09:49:09.690+0000] {dagbag.py:538} INFO - Filling up the DagBag from /home/airflow/.local/lib/python3.8/site-packages/airflow/example_dags/example_skip_dag.py
[2025-01-23T09:49:09.717+0000] {processor.py:840} INFO - DAG(s) 'example_skip_dag' retrieved from /home/airflow/.local/lib/python3.8/site-packages/airflow/example_dags/example_skip_dag.py
[2025-01-23T09:49:09.780+0000] {logging_mixin.py:188} INFO - [2025-01-23T09:49:09.780+0000] {dag.py:3036} INFO - Sync 1 DAGs
[2025-01-23T09:49:09.851+0000] {logging_mixin.py:188} INFO - [2025-01-23T09:49:09.847+0000] {dag.py:3823} INFO - Setting next_dagrun for example_skip_dag to 2025-01-22 00:00:00+00:00, run_after=2025-01-23 00:00:00+00:00
[2025-01-23T09:49:09.918+0000] {processor.py:183} INFO - Processing /home/airflow/.local/lib/python3.8/site-packages/airflow/example_dags/example_skip_dag.py took 0.244 seconds
[2025-01-23T09:49:40.794+0000] {processor.py:161} INFO - Started process (PID=3016) to work on /home/airflow/.local/lib/python3.8/site-packages/airflow/example_dags/example_skip_dag.py
[2025-01-23T09:49:40.797+0000] {processor.py:830} INFO - Processing file /home/airflow/.local/lib/python3.8/site-packages/airflow/example_dags/example_skip_dag.py for tasks to queue
[2025-01-23T09:49:40.799+0000] {logging_mixin.py:188} INFO - [2025-01-23T09:49:40.799+0000] {dagbag.py:538} INFO - Filling up the DagBag from /home/airflow/.local/lib/python3.8/site-packages/airflow/example_dags/example_skip_dag.py
[2025-01-23T09:49:40.820+0000] {processor.py:840} INFO - DAG(s) 'example_skip_dag' retrieved from /home/airflow/.local/lib/python3.8/site-packages/airflow/example_dags/example_skip_dag.py
[2025-01-23T09:49:40.913+0000] {logging_mixin.py:188} INFO - [2025-01-23T09:49:40.912+0000] {dag.py:3036} INFO - Sync 1 DAGs
[2025-01-23T09:49:41.006+0000] {logging_mixin.py:188} INFO - [2025-01-23T09:49:41.004+0000] {dag.py:3823} INFO - Setting next_dagrun for example_skip_dag to 2025-01-22 00:00:00+00:00, run_after=2025-01-23 00:00:00+00:00
[2025-01-23T09:49:41.058+0000] {processor.py:183} INFO - Processing /home/airflow/.local/lib/python3.8/site-packages/airflow/example_dags/example_skip_dag.py took 0.273 seconds
[2025-01-23T09:50:11.801+0000] {processor.py:161} INFO - Started process (PID=3072) to work on /home/airflow/.local/lib/python3.8/site-packages/airflow/example_dags/example_skip_dag.py
[2025-01-23T09:50:11.803+0000] {processor.py:830} INFO - Processing file /home/airflow/.local/lib/python3.8/site-packages/airflow/example_dags/example_skip_dag.py for tasks to queue
[2025-01-23T09:50:11.805+0000] {logging_mixin.py:188} INFO - [2025-01-23T09:50:11.804+0000] {dagbag.py:538} INFO - Filling up the DagBag from /home/airflow/.local/lib/python3.8/site-packages/airflow/example_dags/example_skip_dag.py
[2025-01-23T09:50:11.820+0000] {processor.py:840} INFO - DAG(s) 'example_skip_dag' retrieved from /home/airflow/.local/lib/python3.8/site-packages/airflow/example_dags/example_skip_dag.py
[2025-01-23T09:50:11.865+0000] {logging_mixin.py:188} INFO - [2025-01-23T09:50:11.864+0000] {dag.py:3036} INFO - Sync 1 DAGs
[2025-01-23T09:50:11.910+0000] {logging_mixin.py:188} INFO - [2025-01-23T09:50:11.909+0000] {dag.py:3823} INFO - Setting next_dagrun for example_skip_dag to 2025-01-22 00:00:00+00:00, run_after=2025-01-23 00:00:00+00:00
[2025-01-23T09:50:11.948+0000] {processor.py:183} INFO - Processing /home/airflow/.local/lib/python3.8/site-packages/airflow/example_dags/example_skip_dag.py took 0.154 seconds
[2025-01-23T09:50:42.444+0000] {processor.py:161} INFO - Started process (PID=3128) to work on /home/airflow/.local/lib/python3.8/site-packages/airflow/example_dags/example_skip_dag.py
[2025-01-23T09:50:42.447+0000] {processor.py:830} INFO - Processing file /home/airflow/.local/lib/python3.8/site-packages/airflow/example_dags/example_skip_dag.py for tasks to queue
[2025-01-23T09:50:42.451+0000] {logging_mixin.py:188} INFO - [2025-01-23T09:50:42.450+0000] {dagbag.py:538} INFO - Filling up the DagBag from /home/airflow/.local/lib/python3.8/site-packages/airflow/example_dags/example_skip_dag.py
[2025-01-23T09:50:42.483+0000] {processor.py:840} INFO - DAG(s) 'example_skip_dag' retrieved from /home/airflow/.local/lib/python3.8/site-packages/airflow/example_dags/example_skip_dag.py
[2025-01-23T09:50:42.556+0000] {logging_mixin.py:188} INFO - [2025-01-23T09:50:42.556+0000] {dag.py:3036} INFO - Sync 1 DAGs
[2025-01-23T09:50:42.619+0000] {logging_mixin.py:188} INFO - [2025-01-23T09:50:42.619+0000] {dag.py:3823} INFO - Setting next_dagrun for example_skip_dag to 2025-01-22 00:00:00+00:00, run_after=2025-01-23 00:00:00+00:00
[2025-01-23T09:50:42.662+0000] {processor.py:183} INFO - Processing /home/airflow/.local/lib/python3.8/site-packages/airflow/example_dags/example_skip_dag.py took 0.226 seconds
[2025-01-23T09:51:13.056+0000] {processor.py:161} INFO - Started process (PID=3184) to work on /home/airflow/.local/lib/python3.8/site-packages/airflow/example_dags/example_skip_dag.py
[2025-01-23T09:51:13.058+0000] {processor.py:830} INFO - Processing file /home/airflow/.local/lib/python3.8/site-packages/airflow/example_dags/example_skip_dag.py for tasks to queue
[2025-01-23T09:51:13.061+0000] {logging_mixin.py:188} INFO - [2025-01-23T09:51:13.060+0000] {dagbag.py:538} INFO - Filling up the DagBag from /home/airflow/.local/lib/python3.8/site-packages/airflow/example_dags/example_skip_dag.py
[2025-01-23T09:51:13.082+0000] {processor.py:840} INFO - DAG(s) 'example_skip_dag' retrieved from /home/airflow/.local/lib/python3.8/site-packages/airflow/example_dags/example_skip_dag.py
[2025-01-23T09:51:13.145+0000] {logging_mixin.py:188} INFO - [2025-01-23T09:51:13.144+0000] {dag.py:3036} INFO - Sync 1 DAGs
[2025-01-23T09:51:13.252+0000] {logging_mixin.py:188} INFO - [2025-01-23T09:51:13.251+0000] {dag.py:3823} INFO - Setting next_dagrun for example_skip_dag to 2025-01-22 00:00:00+00:00, run_after=2025-01-23 00:00:00+00:00
[2025-01-23T09:51:13.306+0000] {processor.py:183} INFO - Processing /home/airflow/.local/lib/python3.8/site-packages/airflow/example_dags/example_skip_dag.py took 0.260 seconds
[2025-01-23T09:51:44.115+0000] {processor.py:161} INFO - Started process (PID=3239) to work on /home/airflow/.local/lib/python3.8/site-packages/airflow/example_dags/example_skip_dag.py
[2025-01-23T09:51:44.117+0000] {processor.py:830} INFO - Processing file /home/airflow/.local/lib/python3.8/site-packages/airflow/example_dags/example_skip_dag.py for tasks to queue
[2025-01-23T09:51:44.118+0000] {logging_mixin.py:188} INFO - [2025-01-23T09:51:44.118+0000] {dagbag.py:538} INFO - Filling up the DagBag from /home/airflow/.local/lib/python3.8/site-packages/airflow/example_dags/example_skip_dag.py
[2025-01-23T09:51:44.131+0000] {processor.py:840} INFO - DAG(s) 'example_skip_dag' retrieved from /home/airflow/.local/lib/python3.8/site-packages/airflow/example_dags/example_skip_dag.py
[2025-01-23T09:51:44.168+0000] {logging_mixin.py:188} INFO - [2025-01-23T09:51:44.168+0000] {dag.py:3036} INFO - Sync 1 DAGs
[2025-01-23T09:51:44.205+0000] {logging_mixin.py:188} INFO - [2025-01-23T09:51:44.205+0000] {dag.py:3823} INFO - Setting next_dagrun for example_skip_dag to 2025-01-22 00:00:00+00:00, run_after=2025-01-23 00:00:00+00:00
[2025-01-23T09:51:44.242+0000] {processor.py:183} INFO - Processing /home/airflow/.local/lib/python3.8/site-packages/airflow/example_dags/example_skip_dag.py took 0.133 seconds
[2025-01-23T09:52:14.463+0000] {processor.py:161} INFO - Started process (PID=3295) to work on /home/airflow/.local/lib/python3.8/site-packages/airflow/example_dags/example_skip_dag.py
[2025-01-23T09:52:14.465+0000] {processor.py:830} INFO - Processing file /home/airflow/.local/lib/python3.8/site-packages/airflow/example_dags/example_skip_dag.py for tasks to queue
[2025-01-23T09:52:14.466+0000] {logging_mixin.py:188} INFO - [2025-01-23T09:52:14.466+0000] {dagbag.py:538} INFO - Filling up the DagBag from /home/airflow/.local/lib/python3.8/site-packages/airflow/example_dags/example_skip_dag.py
[2025-01-23T09:52:14.479+0000] {processor.py:840} INFO - DAG(s) 'example_skip_dag' retrieved from /home/airflow/.local/lib/python3.8/site-packages/airflow/example_dags/example_skip_dag.py
[2025-01-23T09:52:14.519+0000] {logging_mixin.py:188} INFO - [2025-01-23T09:52:14.519+0000] {dag.py:3036} INFO - Sync 1 DAGs
[2025-01-23T09:52:14.564+0000] {logging_mixin.py:188} INFO - [2025-01-23T09:52:14.564+0000] {dag.py:3823} INFO - Setting next_dagrun for example_skip_dag to 2025-01-22 00:00:00+00:00, run_after=2025-01-23 00:00:00+00:00
[2025-01-23T09:52:14.603+0000] {processor.py:183} INFO - Processing /home/airflow/.local/lib/python3.8/site-packages/airflow/example_dags/example_skip_dag.py took 0.146 seconds
[2025-01-23T09:52:45.186+0000] {processor.py:161} INFO - Started process (PID=3351) to work on /home/airflow/.local/lib/python3.8/site-packages/airflow/example_dags/example_skip_dag.py
[2025-01-23T09:52:45.188+0000] {processor.py:830} INFO - Processing file /home/airflow/.local/lib/python3.8/site-packages/airflow/example_dags/example_skip_dag.py for tasks to queue
[2025-01-23T09:52:45.190+0000] {logging_mixin.py:188} INFO - [2025-01-23T09:52:45.189+0000] {dagbag.py:538} INFO - Filling up the DagBag from /home/airflow/.local/lib/python3.8/site-packages/airflow/example_dags/example_skip_dag.py
[2025-01-23T09:52:45.204+0000] {processor.py:840} INFO - DAG(s) 'example_skip_dag' retrieved from /home/airflow/.local/lib/python3.8/site-packages/airflow/example_dags/example_skip_dag.py
[2025-01-23T09:52:45.248+0000] {logging_mixin.py:188} INFO - [2025-01-23T09:52:45.248+0000] {dag.py:3036} INFO - Sync 1 DAGs
[2025-01-23T09:52:45.287+0000] {logging_mixin.py:188} INFO - [2025-01-23T09:52:45.286+0000] {dag.py:3823} INFO - Setting next_dagrun for example_skip_dag to 2025-01-22 00:00:00+00:00, run_after=2025-01-23 00:00:00+00:00
[2025-01-23T09:52:45.324+0000] {processor.py:183} INFO - Processing /home/airflow/.local/lib/python3.8/site-packages/airflow/example_dags/example_skip_dag.py took 0.144 seconds
[2025-01-23T09:53:15.850+0000] {processor.py:161} INFO - Started process (PID=3407) to work on /home/airflow/.local/lib/python3.8/site-packages/airflow/example_dags/example_skip_dag.py
[2025-01-23T09:53:15.852+0000] {processor.py:830} INFO - Processing file /home/airflow/.local/lib/python3.8/site-packages/airflow/example_dags/example_skip_dag.py for tasks to queue
[2025-01-23T09:53:15.854+0000] {logging_mixin.py:188} INFO - [2025-01-23T09:53:15.853+0000] {dagbag.py:538} INFO - Filling up the DagBag from /home/airflow/.local/lib/python3.8/site-packages/airflow/example_dags/example_skip_dag.py
[2025-01-23T09:53:15.868+0000] {processor.py:840} INFO - DAG(s) 'example_skip_dag' retrieved from /home/airflow/.local/lib/python3.8/site-packages/airflow/example_dags/example_skip_dag.py
[2025-01-23T09:53:15.909+0000] {logging_mixin.py:188} INFO - [2025-01-23T09:53:15.908+0000] {dag.py:3036} INFO - Sync 1 DAGs
[2025-01-23T09:53:15.948+0000] {logging_mixin.py:188} INFO - [2025-01-23T09:53:15.948+0000] {dag.py:3823} INFO - Setting next_dagrun for example_skip_dag to 2025-01-22 00:00:00+00:00, run_after=2025-01-23 00:00:00+00:00
[2025-01-23T09:53:15.992+0000] {processor.py:183} INFO - Processing /home/airflow/.local/lib/python3.8/site-packages/airflow/example_dags/example_skip_dag.py took 0.149 seconds
[2025-01-23T09:53:46.790+0000] {processor.py:161} INFO - Started process (PID=3463) to work on /home/airflow/.local/lib/python3.8/site-packages/airflow/example_dags/example_skip_dag.py
[2025-01-23T09:53:46.793+0000] {processor.py:830} INFO - Processing file /home/airflow/.local/lib/python3.8/site-packages/airflow/example_dags/example_skip_dag.py for tasks to queue
[2025-01-23T09:53:46.796+0000] {logging_mixin.py:188} INFO - [2025-01-23T09:53:46.796+0000] {dagbag.py:538} INFO - Filling up the DagBag from /home/airflow/.local/lib/python3.8/site-packages/airflow/example_dags/example_skip_dag.py
[2025-01-23T09:53:46.824+0000] {processor.py:840} INFO - DAG(s) 'example_skip_dag' retrieved from /home/airflow/.local/lib/python3.8/site-packages/airflow/example_dags/example_skip_dag.py
[2025-01-23T09:53:46.886+0000] {logging_mixin.py:188} INFO - [2025-01-23T09:53:46.885+0000] {dag.py:3036} INFO - Sync 1 DAGs
[2025-01-23T09:53:46.950+0000] {logging_mixin.py:188} INFO - [2025-01-23T09:53:46.950+0000] {dag.py:3823} INFO - Setting next_dagrun for example_skip_dag to 2025-01-22 00:00:00+00:00, run_after=2025-01-23 00:00:00+00:00
[2025-01-23T09:53:46.999+0000] {processor.py:183} INFO - Processing /home/airflow/.local/lib/python3.8/site-packages/airflow/example_dags/example_skip_dag.py took 0.218 seconds
[2025-01-23T09:54:17.481+0000] {processor.py:161} INFO - Started process (PID=3518) to work on /home/airflow/.local/lib/python3.8/site-packages/airflow/example_dags/example_skip_dag.py
[2025-01-23T09:54:17.483+0000] {processor.py:830} INFO - Processing file /home/airflow/.local/lib/python3.8/site-packages/airflow/example_dags/example_skip_dag.py for tasks to queue
[2025-01-23T09:54:17.486+0000] {logging_mixin.py:188} INFO - [2025-01-23T09:54:17.485+0000] {dagbag.py:538} INFO - Filling up the DagBag from /home/airflow/.local/lib/python3.8/site-packages/airflow/example_dags/example_skip_dag.py
[2025-01-23T09:54:17.502+0000] {processor.py:840} INFO - DAG(s) 'example_skip_dag' retrieved from /home/airflow/.local/lib/python3.8/site-packages/airflow/example_dags/example_skip_dag.py
[2025-01-23T09:54:17.544+0000] {logging_mixin.py:188} INFO - [2025-01-23T09:54:17.543+0000] {dag.py:3036} INFO - Sync 1 DAGs
[2025-01-23T09:54:17.595+0000] {logging_mixin.py:188} INFO - [2025-01-23T09:54:17.595+0000] {dag.py:3823} INFO - Setting next_dagrun for example_skip_dag to 2025-01-22 00:00:00+00:00, run_after=2025-01-23 00:00:00+00:00
[2025-01-23T09:54:17.645+0000] {processor.py:183} INFO - Processing /home/airflow/.local/lib/python3.8/site-packages/airflow/example_dags/example_skip_dag.py took 0.171 seconds
[2025-01-23T09:54:47.739+0000] {processor.py:161} INFO - Started process (PID=3574) to work on /home/airflow/.local/lib/python3.8/site-packages/airflow/example_dags/example_skip_dag.py
[2025-01-23T09:54:47.742+0000] {processor.py:830} INFO - Processing file /home/airflow/.local/lib/python3.8/site-packages/airflow/example_dags/example_skip_dag.py for tasks to queue
[2025-01-23T09:54:47.744+0000] {logging_mixin.py:188} INFO - [2025-01-23T09:54:47.743+0000] {dagbag.py:538} INFO - Filling up the DagBag from /home/airflow/.local/lib/python3.8/site-packages/airflow/example_dags/example_skip_dag.py
[2025-01-23T09:54:47.761+0000] {processor.py:840} INFO - DAG(s) 'example_skip_dag' retrieved from /home/airflow/.local/lib/python3.8/site-packages/airflow/example_dags/example_skip_dag.py
[2025-01-23T09:54:47.813+0000] {logging_mixin.py:188} INFO - [2025-01-23T09:54:47.813+0000] {dag.py:3036} INFO - Sync 1 DAGs
[2025-01-23T09:54:47.851+0000] {logging_mixin.py:188} INFO - [2025-01-23T09:54:47.851+0000] {dag.py:3823} INFO - Setting next_dagrun for example_skip_dag to 2025-01-22 00:00:00+00:00, run_after=2025-01-23 00:00:00+00:00
[2025-01-23T09:54:47.903+0000] {processor.py:183} INFO - Processing /home/airflow/.local/lib/python3.8/site-packages/airflow/example_dags/example_skip_dag.py took 0.170 seconds
[2025-01-23T09:55:18.765+0000] {processor.py:161} INFO - Started process (PID=3630) to work on /home/airflow/.local/lib/python3.8/site-packages/airflow/example_dags/example_skip_dag.py
[2025-01-23T09:55:18.768+0000] {processor.py:830} INFO - Processing file /home/airflow/.local/lib/python3.8/site-packages/airflow/example_dags/example_skip_dag.py for tasks to queue
[2025-01-23T09:55:18.771+0000] {logging_mixin.py:188} INFO - [2025-01-23T09:55:18.770+0000] {dagbag.py:538} INFO - Filling up the DagBag from /home/airflow/.local/lib/python3.8/site-packages/airflow/example_dags/example_skip_dag.py
[2025-01-23T09:55:18.794+0000] {processor.py:840} INFO - DAG(s) 'example_skip_dag' retrieved from /home/airflow/.local/lib/python3.8/site-packages/airflow/example_dags/example_skip_dag.py
[2025-01-23T09:55:18.889+0000] {logging_mixin.py:188} INFO - [2025-01-23T09:55:18.888+0000] {dag.py:3036} INFO - Sync 1 DAGs
[2025-01-23T09:55:18.983+0000] {logging_mixin.py:188} INFO - [2025-01-23T09:55:18.982+0000] {dag.py:3823} INFO - Setting next_dagrun for example_skip_dag to 2025-01-22 00:00:00+00:00, run_after=2025-01-23 00:00:00+00:00
[2025-01-23T09:55:19.059+0000] {processor.py:183} INFO - Processing /home/airflow/.local/lib/python3.8/site-packages/airflow/example_dags/example_skip_dag.py took 0.307 seconds
[2025-01-23T09:55:49.890+0000] {processor.py:161} INFO - Started process (PID=3686) to work on /home/airflow/.local/lib/python3.8/site-packages/airflow/example_dags/example_skip_dag.py
[2025-01-23T09:55:49.892+0000] {processor.py:830} INFO - Processing file /home/airflow/.local/lib/python3.8/site-packages/airflow/example_dags/example_skip_dag.py for tasks to queue
[2025-01-23T09:55:49.894+0000] {logging_mixin.py:188} INFO - [2025-01-23T09:55:49.893+0000] {dagbag.py:538} INFO - Filling up the DagBag from /home/airflow/.local/lib/python3.8/site-packages/airflow/example_dags/example_skip_dag.py
[2025-01-23T09:55:49.907+0000] {processor.py:840} INFO - DAG(s) 'example_skip_dag' retrieved from /home/airflow/.local/lib/python3.8/site-packages/airflow/example_dags/example_skip_dag.py
[2025-01-23T09:55:49.943+0000] {logging_mixin.py:188} INFO - [2025-01-23T09:55:49.943+0000] {dag.py:3036} INFO - Sync 1 DAGs
[2025-01-23T09:55:49.977+0000] {logging_mixin.py:188} INFO - [2025-01-23T09:55:49.976+0000] {dag.py:3823} INFO - Setting next_dagrun for example_skip_dag to 2025-01-22 00:00:00+00:00, run_after=2025-01-23 00:00:00+00:00
[2025-01-23T09:55:50.008+0000] {processor.py:183} INFO - Processing /home/airflow/.local/lib/python3.8/site-packages/airflow/example_dags/example_skip_dag.py took 0.123 seconds
[2025-01-23T09:56:21.224+0000] {processor.py:161} INFO - Started process (PID=3742) to work on /home/airflow/.local/lib/python3.8/site-packages/airflow/example_dags/example_skip_dag.py
[2025-01-23T09:56:21.226+0000] {processor.py:830} INFO - Processing file /home/airflow/.local/lib/python3.8/site-packages/airflow/example_dags/example_skip_dag.py for tasks to queue
[2025-01-23T09:56:21.229+0000] {logging_mixin.py:188} INFO - [2025-01-23T09:56:21.228+0000] {dagbag.py:538} INFO - Filling up the DagBag from /home/airflow/.local/lib/python3.8/site-packages/airflow/example_dags/example_skip_dag.py
[2025-01-23T09:56:21.246+0000] {processor.py:840} INFO - DAG(s) 'example_skip_dag' retrieved from /home/airflow/.local/lib/python3.8/site-packages/airflow/example_dags/example_skip_dag.py
[2025-01-23T09:56:21.300+0000] {logging_mixin.py:188} INFO - [2025-01-23T09:56:21.300+0000] {dag.py:3036} INFO - Sync 1 DAGs
[2025-01-23T09:56:21.351+0000] {logging_mixin.py:188} INFO - [2025-01-23T09:56:21.351+0000] {dag.py:3823} INFO - Setting next_dagrun for example_skip_dag to 2025-01-22 00:00:00+00:00, run_after=2025-01-23 00:00:00+00:00
[2025-01-23T09:56:21.417+0000] {processor.py:183} INFO - Processing /home/airflow/.local/lib/python3.8/site-packages/airflow/example_dags/example_skip_dag.py took 0.201 seconds
[2025-01-23T09:56:52.058+0000] {processor.py:161} INFO - Started process (PID=3798) to work on /home/airflow/.local/lib/python3.8/site-packages/airflow/example_dags/example_skip_dag.py
[2025-01-23T09:56:52.060+0000] {processor.py:830} INFO - Processing file /home/airflow/.local/lib/python3.8/site-packages/airflow/example_dags/example_skip_dag.py for tasks to queue
[2025-01-23T09:56:52.063+0000] {logging_mixin.py:188} INFO - [2025-01-23T09:56:52.062+0000] {dagbag.py:538} INFO - Filling up the DagBag from /home/airflow/.local/lib/python3.8/site-packages/airflow/example_dags/example_skip_dag.py
[2025-01-23T09:56:52.085+0000] {processor.py:840} INFO - DAG(s) 'example_skip_dag' retrieved from /home/airflow/.local/lib/python3.8/site-packages/airflow/example_dags/example_skip_dag.py
[2025-01-23T09:56:52.135+0000] {logging_mixin.py:188} INFO - [2025-01-23T09:56:52.135+0000] {dag.py:3036} INFO - Sync 1 DAGs
[2025-01-23T09:56:52.184+0000] {logging_mixin.py:188} INFO - [2025-01-23T09:56:52.183+0000] {dag.py:3823} INFO - Setting next_dagrun for example_skip_dag to 2025-01-22 00:00:00+00:00, run_after=2025-01-23 00:00:00+00:00
[2025-01-23T09:56:52.224+0000] {processor.py:183} INFO - Processing /home/airflow/.local/lib/python3.8/site-packages/airflow/example_dags/example_skip_dag.py took 0.176 seconds
[2025-01-23T09:57:22.612+0000] {processor.py:161} INFO - Started process (PID=3854) to work on /home/airflow/.local/lib/python3.8/site-packages/airflow/example_dags/example_skip_dag.py
[2025-01-23T09:57:22.615+0000] {processor.py:830} INFO - Processing file /home/airflow/.local/lib/python3.8/site-packages/airflow/example_dags/example_skip_dag.py for tasks to queue
[2025-01-23T09:57:22.617+0000] {logging_mixin.py:188} INFO - [2025-01-23T09:57:22.616+0000] {dagbag.py:538} INFO - Filling up the DagBag from /home/airflow/.local/lib/python3.8/site-packages/airflow/example_dags/example_skip_dag.py
[2025-01-23T09:57:22.632+0000] {processor.py:840} INFO - DAG(s) 'example_skip_dag' retrieved from /home/airflow/.local/lib/python3.8/site-packages/airflow/example_dags/example_skip_dag.py
[2025-01-23T09:57:22.682+0000] {logging_mixin.py:188} INFO - [2025-01-23T09:57:22.681+0000] {dag.py:3036} INFO - Sync 1 DAGs
[2025-01-23T09:57:22.753+0000] {logging_mixin.py:188} INFO - [2025-01-23T09:57:22.752+0000] {dag.py:3823} INFO - Setting next_dagrun for example_skip_dag to 2025-01-22 00:00:00+00:00, run_after=2025-01-23 00:00:00+00:00
[2025-01-23T09:57:22.803+0000] {processor.py:183} INFO - Processing /home/airflow/.local/lib/python3.8/site-packages/airflow/example_dags/example_skip_dag.py took 0.197 seconds
[2025-01-23T09:57:53.456+0000] {processor.py:161} INFO - Started process (PID=3910) to work on /home/airflow/.local/lib/python3.8/site-packages/airflow/example_dags/example_skip_dag.py
[2025-01-23T09:57:53.459+0000] {processor.py:830} INFO - Processing file /home/airflow/.local/lib/python3.8/site-packages/airflow/example_dags/example_skip_dag.py for tasks to queue
[2025-01-23T09:57:53.461+0000] {logging_mixin.py:188} INFO - [2025-01-23T09:57:53.461+0000] {dagbag.py:538} INFO - Filling up the DagBag from /home/airflow/.local/lib/python3.8/site-packages/airflow/example_dags/example_skip_dag.py
[2025-01-23T09:57:53.480+0000] {processor.py:840} INFO - DAG(s) 'example_skip_dag' retrieved from /home/airflow/.local/lib/python3.8/site-packages/airflow/example_dags/example_skip_dag.py
[2025-01-23T09:57:53.538+0000] {logging_mixin.py:188} INFO - [2025-01-23T09:57:53.538+0000] {dag.py:3036} INFO - Sync 1 DAGs
[2025-01-23T09:57:53.594+0000] {logging_mixin.py:188} INFO - [2025-01-23T09:57:53.593+0000] {dag.py:3823} INFO - Setting next_dagrun for example_skip_dag to 2025-01-22 00:00:00+00:00, run_after=2025-01-23 00:00:00+00:00
[2025-01-23T09:57:53.636+0000] {processor.py:183} INFO - Processing /home/airflow/.local/lib/python3.8/site-packages/airflow/example_dags/example_skip_dag.py took 0.191 seconds
[2025-01-23T09:58:24.065+0000] {processor.py:161} INFO - Started process (PID=3966) to work on /home/airflow/.local/lib/python3.8/site-packages/airflow/example_dags/example_skip_dag.py
[2025-01-23T09:58:24.067+0000] {processor.py:830} INFO - Processing file /home/airflow/.local/lib/python3.8/site-packages/airflow/example_dags/example_skip_dag.py for tasks to queue
[2025-01-23T09:58:24.070+0000] {logging_mixin.py:188} INFO - [2025-01-23T09:58:24.069+0000] {dagbag.py:538} INFO - Filling up the DagBag from /home/airflow/.local/lib/python3.8/site-packages/airflow/example_dags/example_skip_dag.py
[2025-01-23T09:58:24.087+0000] {processor.py:840} INFO - DAG(s) 'example_skip_dag' retrieved from /home/airflow/.local/lib/python3.8/site-packages/airflow/example_dags/example_skip_dag.py
[2025-01-23T09:58:24.139+0000] {logging_mixin.py:188} INFO - [2025-01-23T09:58:24.138+0000] {dag.py:3036} INFO - Sync 1 DAGs
[2025-01-23T09:58:24.183+0000] {logging_mixin.py:188} INFO - [2025-01-23T09:58:24.183+0000] {dag.py:3823} INFO - Setting next_dagrun for example_skip_dag to 2025-01-22 00:00:00+00:00, run_after=2025-01-23 00:00:00+00:00
[2025-01-23T09:58:24.222+0000] {processor.py:183} INFO - Processing /home/airflow/.local/lib/python3.8/site-packages/airflow/example_dags/example_skip_dag.py took 0.164 seconds
