[2025-01-23T12:32:25.230+0000] {processor.py:161} INFO - Started process (PID=73) to work on /home/airflow/.local/lib/python3.8/site-packages/airflow/example_dags/example_external_task_marker_dag.py
[2025-01-23T12:32:25.240+0000] {processor.py:830} INFO - Processing file /home/airflow/.local/lib/python3.8/site-packages/airflow/example_dags/example_external_task_marker_dag.py for tasks to queue
[2025-01-23T12:32:25.244+0000] {logging_mixin.py:188} INFO - [2025-01-23T12:32:25.244+0000] {dagbag.py:538} INFO - Filling up the DagBag from /home/airflow/.local/lib/python3.8/site-packages/airflow/example_dags/example_external_task_marker_dag.py
[2025-01-23T12:32:25.274+0000] {processor.py:840} INFO - DAG(s) 'example_external_task_marker_parent', 'example_external_task_marker_child' retrieved from /home/airflow/.local/lib/python3.8/site-packages/airflow/example_dags/example_external_task_marker_dag.py
[2025-01-23T12:32:25.794+0000] {logging_mixin.py:188} INFO - [2025-01-23T12:32:25.793+0000] {override.py:1769} INFO - Created Permission View: can read on DAG:example_external_task_marker_parent
[2025-01-23T12:32:25.836+0000] {logging_mixin.py:188} INFO - [2025-01-23T12:32:25.835+0000] {override.py:1769} INFO - Created Permission View: can edit on DAG:example_external_task_marker_parent
[2025-01-23T12:32:25.875+0000] {logging_mixin.py:188} INFO - [2025-01-23T12:32:25.874+0000] {override.py:1769} INFO - Created Permission View: can delete on DAG:example_external_task_marker_parent
[2025-01-23T12:32:25.930+0000] {logging_mixin.py:188} INFO - [2025-01-23T12:32:25.926+0000] {override.py:1769} INFO - Created Permission View: can read on DAG:example_external_task_marker_child
[2025-01-23T12:32:25.954+0000] {logging_mixin.py:188} INFO - [2025-01-23T12:32:25.954+0000] {override.py:1769} INFO - Created Permission View: can edit on DAG:example_external_task_marker_child
[2025-01-23T12:32:25.982+0000] {logging_mixin.py:188} INFO - [2025-01-23T12:32:25.982+0000] {override.py:1769} INFO - Created Permission View: can delete on DAG:example_external_task_marker_child
[2025-01-23T12:32:25.984+0000] {logging_mixin.py:188} INFO - [2025-01-23T12:32:25.983+0000] {dag.py:3036} INFO - Sync 2 DAGs
[2025-01-23T12:32:26.015+0000] {logging_mixin.py:188} INFO - [2025-01-23T12:32:26.015+0000] {dag.py:3058} INFO - Creating ORM DAG for example_external_task_marker_child
[2025-01-23T12:32:26.018+0000] {logging_mixin.py:188} INFO - [2025-01-23T12:32:26.017+0000] {dag.py:3058} INFO - Creating ORM DAG for example_external_task_marker_parent
[2025-01-23T12:32:26.019+0000] {logging_mixin.py:188} INFO - [2025-01-23T12:32:26.019+0000] {dag.py:3823} INFO - Setting next_dagrun for example_external_task_marker_child to None, run_after=None
[2025-01-23T12:32:26.021+0000] {logging_mixin.py:188} INFO - [2025-01-23T12:32:26.021+0000] {dag.py:3823} INFO - Setting next_dagrun for example_external_task_marker_parent to None, run_after=None
[2025-01-23T12:32:26.068+0000] {processor.py:183} INFO - Processing /home/airflow/.local/lib/python3.8/site-packages/airflow/example_dags/example_external_task_marker_dag.py took 0.845 seconds
[2025-01-23T12:32:56.658+0000] {processor.py:161} INFO - Started process (PID=129) to work on /home/airflow/.local/lib/python3.8/site-packages/airflow/example_dags/example_external_task_marker_dag.py
[2025-01-23T12:32:56.661+0000] {processor.py:830} INFO - Processing file /home/airflow/.local/lib/python3.8/site-packages/airflow/example_dags/example_external_task_marker_dag.py for tasks to queue
[2025-01-23T12:32:56.669+0000] {logging_mixin.py:188} INFO - [2025-01-23T12:32:56.668+0000] {dagbag.py:538} INFO - Filling up the DagBag from /home/airflow/.local/lib/python3.8/site-packages/airflow/example_dags/example_external_task_marker_dag.py
[2025-01-23T12:32:56.695+0000] {processor.py:840} INFO - DAG(s) 'example_external_task_marker_child', 'example_external_task_marker_parent' retrieved from /home/airflow/.local/lib/python3.8/site-packages/airflow/example_dags/example_external_task_marker_dag.py
[2025-01-23T12:32:56.771+0000] {logging_mixin.py:188} INFO - [2025-01-23T12:32:56.771+0000] {dag.py:3036} INFO - Sync 2 DAGs
[2025-01-23T12:32:56.797+0000] {logging_mixin.py:188} INFO - [2025-01-23T12:32:56.797+0000] {dag.py:3823} INFO - Setting next_dagrun for example_external_task_marker_child to None, run_after=None
[2025-01-23T12:32:56.804+0000] {logging_mixin.py:188} INFO - [2025-01-23T12:32:56.803+0000] {dag.py:3823} INFO - Setting next_dagrun for example_external_task_marker_parent to None, run_after=None
[2025-01-23T12:32:56.831+0000] {processor.py:183} INFO - Processing /home/airflow/.local/lib/python3.8/site-packages/airflow/example_dags/example_external_task_marker_dag.py took 0.185 seconds
[2025-01-23T12:33:26.946+0000] {processor.py:161} INFO - Started process (PID=185) to work on /home/airflow/.local/lib/python3.8/site-packages/airflow/example_dags/example_external_task_marker_dag.py
[2025-01-23T12:33:26.948+0000] {processor.py:830} INFO - Processing file /home/airflow/.local/lib/python3.8/site-packages/airflow/example_dags/example_external_task_marker_dag.py for tasks to queue
[2025-01-23T12:33:26.950+0000] {logging_mixin.py:188} INFO - [2025-01-23T12:33:26.950+0000] {dagbag.py:538} INFO - Filling up the DagBag from /home/airflow/.local/lib/python3.8/site-packages/airflow/example_dags/example_external_task_marker_dag.py
[2025-01-23T12:33:26.958+0000] {processor.py:840} INFO - DAG(s) 'example_external_task_marker_parent', 'example_external_task_marker_child' retrieved from /home/airflow/.local/lib/python3.8/site-packages/airflow/example_dags/example_external_task_marker_dag.py
[2025-01-23T12:33:26.987+0000] {logging_mixin.py:188} INFO - [2025-01-23T12:33:26.987+0000] {dag.py:3036} INFO - Sync 2 DAGs
[2025-01-23T12:33:27.005+0000] {logging_mixin.py:188} INFO - [2025-01-23T12:33:27.005+0000] {dag.py:3823} INFO - Setting next_dagrun for example_external_task_marker_child to None, run_after=None
[2025-01-23T12:33:27.010+0000] {logging_mixin.py:188} INFO - [2025-01-23T12:33:27.010+0000] {dag.py:3823} INFO - Setting next_dagrun for example_external_task_marker_parent to None, run_after=None
[2025-01-23T12:33:27.034+0000] {processor.py:183} INFO - Processing /home/airflow/.local/lib/python3.8/site-packages/airflow/example_dags/example_external_task_marker_dag.py took 0.092 seconds
[2025-01-23T12:33:57.268+0000] {processor.py:161} INFO - Started process (PID=241) to work on /home/airflow/.local/lib/python3.8/site-packages/airflow/example_dags/example_external_task_marker_dag.py
[2025-01-23T12:33:57.269+0000] {processor.py:830} INFO - Processing file /home/airflow/.local/lib/python3.8/site-packages/airflow/example_dags/example_external_task_marker_dag.py for tasks to queue
[2025-01-23T12:33:57.272+0000] {logging_mixin.py:188} INFO - [2025-01-23T12:33:57.271+0000] {dagbag.py:538} INFO - Filling up the DagBag from /home/airflow/.local/lib/python3.8/site-packages/airflow/example_dags/example_external_task_marker_dag.py
[2025-01-23T12:33:57.279+0000] {processor.py:840} INFO - DAG(s) 'example_external_task_marker_child', 'example_external_task_marker_parent' retrieved from /home/airflow/.local/lib/python3.8/site-packages/airflow/example_dags/example_external_task_marker_dag.py
[2025-01-23T12:33:57.318+0000] {logging_mixin.py:188} INFO - [2025-01-23T12:33:57.317+0000] {dag.py:3036} INFO - Sync 2 DAGs
[2025-01-23T12:33:57.347+0000] {logging_mixin.py:188} INFO - [2025-01-23T12:33:57.347+0000] {dag.py:3823} INFO - Setting next_dagrun for example_external_task_marker_child to None, run_after=None
[2025-01-23T12:33:57.356+0000] {logging_mixin.py:188} INFO - [2025-01-23T12:33:57.355+0000] {dag.py:3823} INFO - Setting next_dagrun for example_external_task_marker_parent to None, run_after=None
[2025-01-23T12:33:57.390+0000] {processor.py:183} INFO - Processing /home/airflow/.local/lib/python3.8/site-packages/airflow/example_dags/example_external_task_marker_dag.py took 0.126 seconds
[2025-01-23T12:34:27.762+0000] {processor.py:161} INFO - Started process (PID=297) to work on /home/airflow/.local/lib/python3.8/site-packages/airflow/example_dags/example_external_task_marker_dag.py
[2025-01-23T12:34:27.763+0000] {processor.py:830} INFO - Processing file /home/airflow/.local/lib/python3.8/site-packages/airflow/example_dags/example_external_task_marker_dag.py for tasks to queue
[2025-01-23T12:34:27.766+0000] {logging_mixin.py:188} INFO - [2025-01-23T12:34:27.765+0000] {dagbag.py:538} INFO - Filling up the DagBag from /home/airflow/.local/lib/python3.8/site-packages/airflow/example_dags/example_external_task_marker_dag.py
[2025-01-23T12:34:27.774+0000] {processor.py:840} INFO - DAG(s) 'example_external_task_marker_child', 'example_external_task_marker_parent' retrieved from /home/airflow/.local/lib/python3.8/site-packages/airflow/example_dags/example_external_task_marker_dag.py
[2025-01-23T12:34:27.808+0000] {logging_mixin.py:188} INFO - [2025-01-23T12:34:27.808+0000] {dag.py:3036} INFO - Sync 2 DAGs
[2025-01-23T12:34:27.834+0000] {logging_mixin.py:188} INFO - [2025-01-23T12:34:27.833+0000] {dag.py:3823} INFO - Setting next_dagrun for example_external_task_marker_child to None, run_after=None
[2025-01-23T12:34:27.840+0000] {logging_mixin.py:188} INFO - [2025-01-23T12:34:27.840+0000] {dag.py:3823} INFO - Setting next_dagrun for example_external_task_marker_parent to None, run_after=None
[2025-01-23T12:34:27.866+0000] {processor.py:183} INFO - Processing /home/airflow/.local/lib/python3.8/site-packages/airflow/example_dags/example_external_task_marker_dag.py took 0.108 seconds
[2025-01-23T12:34:58.251+0000] {processor.py:161} INFO - Started process (PID=353) to work on /home/airflow/.local/lib/python3.8/site-packages/airflow/example_dags/example_external_task_marker_dag.py
[2025-01-23T12:34:58.253+0000] {processor.py:830} INFO - Processing file /home/airflow/.local/lib/python3.8/site-packages/airflow/example_dags/example_external_task_marker_dag.py for tasks to queue
[2025-01-23T12:34:58.255+0000] {logging_mixin.py:188} INFO - [2025-01-23T12:34:58.255+0000] {dagbag.py:538} INFO - Filling up the DagBag from /home/airflow/.local/lib/python3.8/site-packages/airflow/example_dags/example_external_task_marker_dag.py
[2025-01-23T12:34:58.262+0000] {processor.py:840} INFO - DAG(s) 'example_external_task_marker_child', 'example_external_task_marker_parent' retrieved from /home/airflow/.local/lib/python3.8/site-packages/airflow/example_dags/example_external_task_marker_dag.py
[2025-01-23T12:34:58.295+0000] {logging_mixin.py:188} INFO - [2025-01-23T12:34:58.295+0000] {dag.py:3036} INFO - Sync 2 DAGs
[2025-01-23T12:34:58.311+0000] {logging_mixin.py:188} INFO - [2025-01-23T12:34:58.311+0000] {dag.py:3823} INFO - Setting next_dagrun for example_external_task_marker_child to None, run_after=None
[2025-01-23T12:34:58.316+0000] {logging_mixin.py:188} INFO - [2025-01-23T12:34:58.316+0000] {dag.py:3823} INFO - Setting next_dagrun for example_external_task_marker_parent to None, run_after=None
[2025-01-23T12:34:58.340+0000] {processor.py:183} INFO - Processing /home/airflow/.local/lib/python3.8/site-packages/airflow/example_dags/example_external_task_marker_dag.py took 0.092 seconds
[2025-01-23T12:35:28.517+0000] {processor.py:161} INFO - Started process (PID=409) to work on /home/airflow/.local/lib/python3.8/site-packages/airflow/example_dags/example_external_task_marker_dag.py
[2025-01-23T12:35:28.518+0000] {processor.py:830} INFO - Processing file /home/airflow/.local/lib/python3.8/site-packages/airflow/example_dags/example_external_task_marker_dag.py for tasks to queue
[2025-01-23T12:35:28.522+0000] {logging_mixin.py:188} INFO - [2025-01-23T12:35:28.521+0000] {dagbag.py:538} INFO - Filling up the DagBag from /home/airflow/.local/lib/python3.8/site-packages/airflow/example_dags/example_external_task_marker_dag.py
[2025-01-23T12:35:28.530+0000] {processor.py:840} INFO - DAG(s) 'example_external_task_marker_child', 'example_external_task_marker_parent' retrieved from /home/airflow/.local/lib/python3.8/site-packages/airflow/example_dags/example_external_task_marker_dag.py
[2025-01-23T12:35:28.571+0000] {logging_mixin.py:188} INFO - [2025-01-23T12:35:28.570+0000] {dag.py:3036} INFO - Sync 2 DAGs
[2025-01-23T12:35:28.593+0000] {logging_mixin.py:188} INFO - [2025-01-23T12:35:28.592+0000] {dag.py:3823} INFO - Setting next_dagrun for example_external_task_marker_child to None, run_after=None
[2025-01-23T12:35:28.600+0000] {logging_mixin.py:188} INFO - [2025-01-23T12:35:28.599+0000] {dag.py:3823} INFO - Setting next_dagrun for example_external_task_marker_parent to None, run_after=None
[2025-01-23T12:35:28.622+0000] {processor.py:183} INFO - Processing /home/airflow/.local/lib/python3.8/site-packages/airflow/example_dags/example_external_task_marker_dag.py took 0.109 seconds
[2025-01-23T12:35:59.037+0000] {processor.py:161} INFO - Started process (PID=465) to work on /home/airflow/.local/lib/python3.8/site-packages/airflow/example_dags/example_external_task_marker_dag.py
[2025-01-23T12:35:59.039+0000] {processor.py:830} INFO - Processing file /home/airflow/.local/lib/python3.8/site-packages/airflow/example_dags/example_external_task_marker_dag.py for tasks to queue
[2025-01-23T12:35:59.041+0000] {logging_mixin.py:188} INFO - [2025-01-23T12:35:59.040+0000] {dagbag.py:538} INFO - Filling up the DagBag from /home/airflow/.local/lib/python3.8/site-packages/airflow/example_dags/example_external_task_marker_dag.py
[2025-01-23T12:35:59.048+0000] {processor.py:840} INFO - DAG(s) 'example_external_task_marker_child', 'example_external_task_marker_parent' retrieved from /home/airflow/.local/lib/python3.8/site-packages/airflow/example_dags/example_external_task_marker_dag.py
[2025-01-23T12:35:59.078+0000] {logging_mixin.py:188} INFO - [2025-01-23T12:35:59.078+0000] {dag.py:3036} INFO - Sync 2 DAGs
[2025-01-23T12:35:59.094+0000] {logging_mixin.py:188} INFO - [2025-01-23T12:35:59.094+0000] {dag.py:3823} INFO - Setting next_dagrun for example_external_task_marker_child to None, run_after=None
[2025-01-23T12:35:59.099+0000] {logging_mixin.py:188} INFO - [2025-01-23T12:35:59.099+0000] {dag.py:3823} INFO - Setting next_dagrun for example_external_task_marker_parent to None, run_after=None
[2025-01-23T12:35:59.145+0000] {processor.py:183} INFO - Processing /home/airflow/.local/lib/python3.8/site-packages/airflow/example_dags/example_external_task_marker_dag.py took 0.113 seconds
[2025-01-23T12:36:29.421+0000] {processor.py:161} INFO - Started process (PID=521) to work on /home/airflow/.local/lib/python3.8/site-packages/airflow/example_dags/example_external_task_marker_dag.py
[2025-01-23T12:36:29.422+0000] {processor.py:830} INFO - Processing file /home/airflow/.local/lib/python3.8/site-packages/airflow/example_dags/example_external_task_marker_dag.py for tasks to queue
[2025-01-23T12:36:29.424+0000] {logging_mixin.py:188} INFO - [2025-01-23T12:36:29.424+0000] {dagbag.py:538} INFO - Filling up the DagBag from /home/airflow/.local/lib/python3.8/site-packages/airflow/example_dags/example_external_task_marker_dag.py
[2025-01-23T12:36:29.431+0000] {processor.py:840} INFO - DAG(s) 'example_external_task_marker_child', 'example_external_task_marker_parent' retrieved from /home/airflow/.local/lib/python3.8/site-packages/airflow/example_dags/example_external_task_marker_dag.py
[2025-01-23T12:36:29.463+0000] {logging_mixin.py:188} INFO - [2025-01-23T12:36:29.463+0000] {dag.py:3036} INFO - Sync 2 DAGs
[2025-01-23T12:36:29.481+0000] {logging_mixin.py:188} INFO - [2025-01-23T12:36:29.481+0000] {dag.py:3823} INFO - Setting next_dagrun for example_external_task_marker_child to None, run_after=None
[2025-01-23T12:36:29.486+0000] {logging_mixin.py:188} INFO - [2025-01-23T12:36:29.486+0000] {dag.py:3823} INFO - Setting next_dagrun for example_external_task_marker_parent to None, run_after=None
[2025-01-23T12:36:29.510+0000] {processor.py:183} INFO - Processing /home/airflow/.local/lib/python3.8/site-packages/airflow/example_dags/example_external_task_marker_dag.py took 0.092 seconds
[2025-01-23T12:37:00.226+0000] {processor.py:161} INFO - Started process (PID=577) to work on /home/airflow/.local/lib/python3.8/site-packages/airflow/example_dags/example_external_task_marker_dag.py
[2025-01-23T12:37:00.228+0000] {processor.py:830} INFO - Processing file /home/airflow/.local/lib/python3.8/site-packages/airflow/example_dags/example_external_task_marker_dag.py for tasks to queue
[2025-01-23T12:37:00.230+0000] {logging_mixin.py:188} INFO - [2025-01-23T12:37:00.230+0000] {dagbag.py:538} INFO - Filling up the DagBag from /home/airflow/.local/lib/python3.8/site-packages/airflow/example_dags/example_external_task_marker_dag.py
[2025-01-23T12:37:00.238+0000] {processor.py:840} INFO - DAG(s) 'example_external_task_marker_parent', 'example_external_task_marker_child' retrieved from /home/airflow/.local/lib/python3.8/site-packages/airflow/example_dags/example_external_task_marker_dag.py
[2025-01-23T12:37:00.275+0000] {logging_mixin.py:188} INFO - [2025-01-23T12:37:00.274+0000] {dag.py:3036} INFO - Sync 2 DAGs
[2025-01-23T12:37:00.298+0000] {logging_mixin.py:188} INFO - [2025-01-23T12:37:00.297+0000] {dag.py:3823} INFO - Setting next_dagrun for example_external_task_marker_child to None, run_after=None
[2025-01-23T12:37:00.305+0000] {logging_mixin.py:188} INFO - [2025-01-23T12:37:00.305+0000] {dag.py:3823} INFO - Setting next_dagrun for example_external_task_marker_parent to None, run_after=None
[2025-01-23T12:37:00.335+0000] {processor.py:183} INFO - Processing /home/airflow/.local/lib/python3.8/site-packages/airflow/example_dags/example_external_task_marker_dag.py took 0.113 seconds
[2025-01-23T12:37:30.784+0000] {processor.py:161} INFO - Started process (PID=633) to work on /home/airflow/.local/lib/python3.8/site-packages/airflow/example_dags/example_external_task_marker_dag.py
[2025-01-23T12:37:30.786+0000] {processor.py:830} INFO - Processing file /home/airflow/.local/lib/python3.8/site-packages/airflow/example_dags/example_external_task_marker_dag.py for tasks to queue
[2025-01-23T12:37:30.788+0000] {logging_mixin.py:188} INFO - [2025-01-23T12:37:30.788+0000] {dagbag.py:538} INFO - Filling up the DagBag from /home/airflow/.local/lib/python3.8/site-packages/airflow/example_dags/example_external_task_marker_dag.py
[2025-01-23T12:37:30.798+0000] {processor.py:840} INFO - DAG(s) 'example_external_task_marker_child', 'example_external_task_marker_parent' retrieved from /home/airflow/.local/lib/python3.8/site-packages/airflow/example_dags/example_external_task_marker_dag.py
[2025-01-23T12:37:30.843+0000] {logging_mixin.py:188} INFO - [2025-01-23T12:37:30.843+0000] {dag.py:3036} INFO - Sync 2 DAGs
[2025-01-23T12:37:30.865+0000] {logging_mixin.py:188} INFO - [2025-01-23T12:37:30.865+0000] {dag.py:3823} INFO - Setting next_dagrun for example_external_task_marker_child to None, run_after=None
[2025-01-23T12:37:30.874+0000] {logging_mixin.py:188} INFO - [2025-01-23T12:37:30.873+0000] {dag.py:3823} INFO - Setting next_dagrun for example_external_task_marker_parent to None, run_after=None
[2025-01-23T12:37:30.923+0000] {processor.py:183} INFO - Processing /home/airflow/.local/lib/python3.8/site-packages/airflow/example_dags/example_external_task_marker_dag.py took 0.144 seconds
[2025-01-23T12:38:01.518+0000] {processor.py:161} INFO - Started process (PID=689) to work on /home/airflow/.local/lib/python3.8/site-packages/airflow/example_dags/example_external_task_marker_dag.py
[2025-01-23T12:38:01.519+0000] {processor.py:830} INFO - Processing file /home/airflow/.local/lib/python3.8/site-packages/airflow/example_dags/example_external_task_marker_dag.py for tasks to queue
[2025-01-23T12:38:01.522+0000] {logging_mixin.py:188} INFO - [2025-01-23T12:38:01.521+0000] {dagbag.py:538} INFO - Filling up the DagBag from /home/airflow/.local/lib/python3.8/site-packages/airflow/example_dags/example_external_task_marker_dag.py
[2025-01-23T12:38:01.531+0000] {processor.py:840} INFO - DAG(s) 'example_external_task_marker_child', 'example_external_task_marker_parent' retrieved from /home/airflow/.local/lib/python3.8/site-packages/airflow/example_dags/example_external_task_marker_dag.py
[2025-01-23T12:38:01.578+0000] {logging_mixin.py:188} INFO - [2025-01-23T12:38:01.577+0000] {dag.py:3036} INFO - Sync 2 DAGs
[2025-01-23T12:38:01.611+0000] {logging_mixin.py:188} INFO - [2025-01-23T12:38:01.610+0000] {dag.py:3823} INFO - Setting next_dagrun for example_external_task_marker_child to None, run_after=None
[2025-01-23T12:38:01.625+0000] {logging_mixin.py:188} INFO - [2025-01-23T12:38:01.624+0000] {dag.py:3823} INFO - Setting next_dagrun for example_external_task_marker_parent to None, run_after=None
[2025-01-23T12:38:01.667+0000] {processor.py:183} INFO - Processing /home/airflow/.local/lib/python3.8/site-packages/airflow/example_dags/example_external_task_marker_dag.py took 0.155 seconds
