[2025-01-23T12:32:33.823+0000] {processor.py:161} INFO - Started process (PID=103) to work on /home/airflow/.local/lib/python3.8/site-packages/airflow/example_dags/example_branch_operator.py
[2025-01-23T12:32:33.825+0000] {processor.py:830} INFO - Processing file /home/airflow/.local/lib/python3.8/site-packages/airflow/example_dags/example_branch_operator.py for tasks to queue
[2025-01-23T12:32:33.829+0000] {logging_mixin.py:188} INFO - [2025-01-23T12:32:33.829+0000] {dagbag.py:538} INFO - Filling up the DagBag from /home/airflow/.local/lib/python3.8/site-packages/airflow/example_dags/example_branch_operator.py
[2025-01-23T12:32:33.874+0000] {processor.py:840} INFO - DAG(s) 'example_branch_operator' retrieved from /home/airflow/.local/lib/python3.8/site-packages/airflow/example_dags/example_branch_operator.py
[2025-01-23T12:32:34.189+0000] {logging_mixin.py:188} INFO - [2025-01-23T12:32:34.188+0000] {override.py:1769} INFO - Created Permission View: can read on DAG:example_branch_operator
[2025-01-23T12:32:34.210+0000] {logging_mixin.py:188} INFO - [2025-01-23T12:32:34.209+0000] {override.py:1769} INFO - Created Permission View: can edit on DAG:example_branch_operator
[2025-01-23T12:32:34.228+0000] {logging_mixin.py:188} INFO - [2025-01-23T12:32:34.227+0000] {override.py:1769} INFO - Created Permission View: can delete on DAG:example_branch_operator
[2025-01-23T12:32:34.229+0000] {logging_mixin.py:188} INFO - [2025-01-23T12:32:34.229+0000] {dag.py:3036} INFO - Sync 1 DAGs
[2025-01-23T12:32:34.257+0000] {logging_mixin.py:188} INFO - [2025-01-23T12:32:34.256+0000] {dag.py:3058} INFO - Creating ORM DAG for example_branch_operator
[2025-01-23T12:32:34.280+0000] {logging_mixin.py:188} INFO - [2025-01-23T12:32:34.280+0000] {dag.py:3823} INFO - Setting next_dagrun for example_branch_operator to 2025-01-22 00:00:00+00:00, run_after=2025-01-23 00:00:00+00:00
[2025-01-23T12:32:34.316+0000] {processor.py:183} INFO - Processing /home/airflow/.local/lib/python3.8/site-packages/airflow/example_dags/example_branch_operator.py took 0.500 seconds
[2025-01-23T12:33:05.105+0000] {processor.py:161} INFO - Started process (PID=159) to work on /home/airflow/.local/lib/python3.8/site-packages/airflow/example_dags/example_branch_operator.py
[2025-01-23T12:33:05.106+0000] {processor.py:830} INFO - Processing file /home/airflow/.local/lib/python3.8/site-packages/airflow/example_dags/example_branch_operator.py for tasks to queue
[2025-01-23T12:33:05.109+0000] {logging_mixin.py:188} INFO - [2025-01-23T12:33:05.108+0000] {dagbag.py:538} INFO - Filling up the DagBag from /home/airflow/.local/lib/python3.8/site-packages/airflow/example_dags/example_branch_operator.py
[2025-01-23T12:33:05.142+0000] {processor.py:840} INFO - DAG(s) 'example_branch_operator' retrieved from /home/airflow/.local/lib/python3.8/site-packages/airflow/example_dags/example_branch_operator.py
[2025-01-23T12:33:05.201+0000] {logging_mixin.py:188} INFO - [2025-01-23T12:33:05.200+0000] {dag.py:3036} INFO - Sync 1 DAGs
[2025-01-23T12:33:05.240+0000] {logging_mixin.py:188} INFO - [2025-01-23T12:33:05.239+0000] {dag.py:3823} INFO - Setting next_dagrun for example_branch_operator to 2025-01-22 00:00:00+00:00, run_after=2025-01-23 00:00:00+00:00
[2025-01-23T12:33:05.275+0000] {processor.py:183} INFO - Processing /home/airflow/.local/lib/python3.8/site-packages/airflow/example_dags/example_branch_operator.py took 0.175 seconds
[2025-01-23T12:33:35.633+0000] {processor.py:161} INFO - Started process (PID=215) to work on /home/airflow/.local/lib/python3.8/site-packages/airflow/example_dags/example_branch_operator.py
[2025-01-23T12:33:35.634+0000] {processor.py:830} INFO - Processing file /home/airflow/.local/lib/python3.8/site-packages/airflow/example_dags/example_branch_operator.py for tasks to queue
[2025-01-23T12:33:35.637+0000] {logging_mixin.py:188} INFO - [2025-01-23T12:33:35.636+0000] {dagbag.py:538} INFO - Filling up the DagBag from /home/airflow/.local/lib/python3.8/site-packages/airflow/example_dags/example_branch_operator.py
[2025-01-23T12:33:35.666+0000] {processor.py:840} INFO - DAG(s) 'example_branch_operator' retrieved from /home/airflow/.local/lib/python3.8/site-packages/airflow/example_dags/example_branch_operator.py
[2025-01-23T12:33:35.716+0000] {logging_mixin.py:188} INFO - [2025-01-23T12:33:35.715+0000] {dag.py:3036} INFO - Sync 1 DAGs
[2025-01-23T12:33:35.755+0000] {logging_mixin.py:188} INFO - [2025-01-23T12:33:35.755+0000] {dag.py:3823} INFO - Setting next_dagrun for example_branch_operator to 2025-01-22 00:00:00+00:00, run_after=2025-01-23 00:00:00+00:00
[2025-01-23T12:33:35.784+0000] {processor.py:183} INFO - Processing /home/airflow/.local/lib/python3.8/site-packages/airflow/example_dags/example_branch_operator.py took 0.156 seconds
[2025-01-23T12:34:05.898+0000] {processor.py:161} INFO - Started process (PID=270) to work on /home/airflow/.local/lib/python3.8/site-packages/airflow/example_dags/example_branch_operator.py
[2025-01-23T12:34:05.900+0000] {processor.py:830} INFO - Processing file /home/airflow/.local/lib/python3.8/site-packages/airflow/example_dags/example_branch_operator.py for tasks to queue
[2025-01-23T12:34:05.904+0000] {logging_mixin.py:188} INFO - [2025-01-23T12:34:05.903+0000] {dagbag.py:538} INFO - Filling up the DagBag from /home/airflow/.local/lib/python3.8/site-packages/airflow/example_dags/example_branch_operator.py
[2025-01-23T12:34:05.932+0000] {processor.py:840} INFO - DAG(s) 'example_branch_operator' retrieved from /home/airflow/.local/lib/python3.8/site-packages/airflow/example_dags/example_branch_operator.py
[2025-01-23T12:34:05.995+0000] {logging_mixin.py:188} INFO - [2025-01-23T12:34:05.995+0000] {dag.py:3036} INFO - Sync 1 DAGs
[2025-01-23T12:34:06.029+0000] {logging_mixin.py:188} INFO - [2025-01-23T12:34:06.029+0000] {dag.py:3823} INFO - Setting next_dagrun for example_branch_operator to 2025-01-22 00:00:00+00:00, run_after=2025-01-23 00:00:00+00:00
[2025-01-23T12:34:06.075+0000] {processor.py:183} INFO - Processing /home/airflow/.local/lib/python3.8/site-packages/airflow/example_dags/example_branch_operator.py took 0.181 seconds
[2025-01-23T12:34:36.154+0000] {processor.py:161} INFO - Started process (PID=326) to work on /home/airflow/.local/lib/python3.8/site-packages/airflow/example_dags/example_branch_operator.py
[2025-01-23T12:34:36.156+0000] {processor.py:830} INFO - Processing file /home/airflow/.local/lib/python3.8/site-packages/airflow/example_dags/example_branch_operator.py for tasks to queue
[2025-01-23T12:34:36.158+0000] {logging_mixin.py:188} INFO - [2025-01-23T12:34:36.158+0000] {dagbag.py:538} INFO - Filling up the DagBag from /home/airflow/.local/lib/python3.8/site-packages/airflow/example_dags/example_branch_operator.py
[2025-01-23T12:34:36.180+0000] {processor.py:840} INFO - DAG(s) 'example_branch_operator' retrieved from /home/airflow/.local/lib/python3.8/site-packages/airflow/example_dags/example_branch_operator.py
[2025-01-23T12:34:36.218+0000] {logging_mixin.py:188} INFO - [2025-01-23T12:34:36.218+0000] {dag.py:3036} INFO - Sync 1 DAGs
[2025-01-23T12:34:36.249+0000] {logging_mixin.py:188} INFO - [2025-01-23T12:34:36.249+0000] {dag.py:3823} INFO - Setting next_dagrun for example_branch_operator to 2025-01-22 00:00:00+00:00, run_after=2025-01-23 00:00:00+00:00
[2025-01-23T12:34:36.274+0000] {processor.py:183} INFO - Processing /home/airflow/.local/lib/python3.8/site-packages/airflow/example_dags/example_branch_operator.py took 0.123 seconds
[2025-01-23T12:35:06.394+0000] {processor.py:161} INFO - Started process (PID=382) to work on /home/airflow/.local/lib/python3.8/site-packages/airflow/example_dags/example_branch_operator.py
[2025-01-23T12:35:06.396+0000] {processor.py:830} INFO - Processing file /home/airflow/.local/lib/python3.8/site-packages/airflow/example_dags/example_branch_operator.py for tasks to queue
[2025-01-23T12:35:06.399+0000] {logging_mixin.py:188} INFO - [2025-01-23T12:35:06.398+0000] {dagbag.py:538} INFO - Filling up the DagBag from /home/airflow/.local/lib/python3.8/site-packages/airflow/example_dags/example_branch_operator.py
[2025-01-23T12:35:06.422+0000] {processor.py:840} INFO - DAG(s) 'example_branch_operator' retrieved from /home/airflow/.local/lib/python3.8/site-packages/airflow/example_dags/example_branch_operator.py
[2025-01-23T12:35:06.462+0000] {logging_mixin.py:188} INFO - [2025-01-23T12:35:06.461+0000] {dag.py:3036} INFO - Sync 1 DAGs
[2025-01-23T12:35:06.491+0000] {logging_mixin.py:188} INFO - [2025-01-23T12:35:06.491+0000] {dag.py:3823} INFO - Setting next_dagrun for example_branch_operator to 2025-01-22 00:00:00+00:00, run_after=2025-01-23 00:00:00+00:00
[2025-01-23T12:35:06.517+0000] {processor.py:183} INFO - Processing /home/airflow/.local/lib/python3.8/site-packages/airflow/example_dags/example_branch_operator.py took 0.127 seconds
[2025-01-23T12:35:36.948+0000] {processor.py:161} INFO - Started process (PID=438) to work on /home/airflow/.local/lib/python3.8/site-packages/airflow/example_dags/example_branch_operator.py
[2025-01-23T12:35:36.949+0000] {processor.py:830} INFO - Processing file /home/airflow/.local/lib/python3.8/site-packages/airflow/example_dags/example_branch_operator.py for tasks to queue
[2025-01-23T12:35:36.952+0000] {logging_mixin.py:188} INFO - [2025-01-23T12:35:36.952+0000] {dagbag.py:538} INFO - Filling up the DagBag from /home/airflow/.local/lib/python3.8/site-packages/airflow/example_dags/example_branch_operator.py
[2025-01-23T12:35:36.977+0000] {processor.py:840} INFO - DAG(s) 'example_branch_operator' retrieved from /home/airflow/.local/lib/python3.8/site-packages/airflow/example_dags/example_branch_operator.py
[2025-01-23T12:35:37.021+0000] {logging_mixin.py:188} INFO - [2025-01-23T12:35:37.020+0000] {dag.py:3036} INFO - Sync 1 DAGs
[2025-01-23T12:35:37.053+0000] {logging_mixin.py:188} INFO - [2025-01-23T12:35:37.053+0000] {dag.py:3823} INFO - Setting next_dagrun for example_branch_operator to 2025-01-22 00:00:00+00:00, run_after=2025-01-23 00:00:00+00:00
[2025-01-23T12:35:37.086+0000] {processor.py:183} INFO - Processing /home/airflow/.local/lib/python3.8/site-packages/airflow/example_dags/example_branch_operator.py took 0.142 seconds
[2025-01-23T12:36:07.281+0000] {processor.py:161} INFO - Started process (PID=494) to work on /home/airflow/.local/lib/python3.8/site-packages/airflow/example_dags/example_branch_operator.py
[2025-01-23T12:36:07.282+0000] {processor.py:830} INFO - Processing file /home/airflow/.local/lib/python3.8/site-packages/airflow/example_dags/example_branch_operator.py for tasks to queue
[2025-01-23T12:36:07.285+0000] {logging_mixin.py:188} INFO - [2025-01-23T12:36:07.285+0000] {dagbag.py:538} INFO - Filling up the DagBag from /home/airflow/.local/lib/python3.8/site-packages/airflow/example_dags/example_branch_operator.py
[2025-01-23T12:36:07.317+0000] {processor.py:840} INFO - DAG(s) 'example_branch_operator' retrieved from /home/airflow/.local/lib/python3.8/site-packages/airflow/example_dags/example_branch_operator.py
[2025-01-23T12:36:07.371+0000] {logging_mixin.py:188} INFO - [2025-01-23T12:36:07.371+0000] {dag.py:3036} INFO - Sync 1 DAGs
[2025-01-23T12:36:07.414+0000] {logging_mixin.py:188} INFO - [2025-01-23T12:36:07.413+0000] {dag.py:3823} INFO - Setting next_dagrun for example_branch_operator to 2025-01-22 00:00:00+00:00, run_after=2025-01-23 00:00:00+00:00
[2025-01-23T12:36:07.447+0000] {processor.py:183} INFO - Processing /home/airflow/.local/lib/python3.8/site-packages/airflow/example_dags/example_branch_operator.py took 0.171 seconds
[2025-01-23T12:36:37.671+0000] {processor.py:161} INFO - Started process (PID=550) to work on /home/airflow/.local/lib/python3.8/site-packages/airflow/example_dags/example_branch_operator.py
[2025-01-23T12:36:37.672+0000] {processor.py:830} INFO - Processing file /home/airflow/.local/lib/python3.8/site-packages/airflow/example_dags/example_branch_operator.py for tasks to queue
[2025-01-23T12:36:37.675+0000] {logging_mixin.py:188} INFO - [2025-01-23T12:36:37.674+0000] {dagbag.py:538} INFO - Filling up the DagBag from /home/airflow/.local/lib/python3.8/site-packages/airflow/example_dags/example_branch_operator.py
[2025-01-23T12:36:37.701+0000] {processor.py:840} INFO - DAG(s) 'example_branch_operator' retrieved from /home/airflow/.local/lib/python3.8/site-packages/airflow/example_dags/example_branch_operator.py
[2025-01-23T12:36:37.741+0000] {logging_mixin.py:188} INFO - [2025-01-23T12:36:37.741+0000] {dag.py:3036} INFO - Sync 1 DAGs
[2025-01-23T12:36:37.768+0000] {logging_mixin.py:188} INFO - [2025-01-23T12:36:37.768+0000] {dag.py:3823} INFO - Setting next_dagrun for example_branch_operator to 2025-01-22 00:00:00+00:00, run_after=2025-01-23 00:00:00+00:00
[2025-01-23T12:36:37.793+0000] {processor.py:183} INFO - Processing /home/airflow/.local/lib/python3.8/site-packages/airflow/example_dags/example_branch_operator.py took 0.125 seconds
[2025-01-23T12:37:08.561+0000] {processor.py:161} INFO - Started process (PID=606) to work on /home/airflow/.local/lib/python3.8/site-packages/airflow/example_dags/example_branch_operator.py
[2025-01-23T12:37:08.563+0000] {processor.py:830} INFO - Processing file /home/airflow/.local/lib/python3.8/site-packages/airflow/example_dags/example_branch_operator.py for tasks to queue
[2025-01-23T12:37:08.567+0000] {logging_mixin.py:188} INFO - [2025-01-23T12:37:08.567+0000] {dagbag.py:538} INFO - Filling up the DagBag from /home/airflow/.local/lib/python3.8/site-packages/airflow/example_dags/example_branch_operator.py
[2025-01-23T12:37:08.602+0000] {processor.py:840} INFO - DAG(s) 'example_branch_operator' retrieved from /home/airflow/.local/lib/python3.8/site-packages/airflow/example_dags/example_branch_operator.py
[2025-01-23T12:37:08.673+0000] {logging_mixin.py:188} INFO - [2025-01-23T12:37:08.673+0000] {dag.py:3036} INFO - Sync 1 DAGs
[2025-01-23T12:37:08.716+0000] {logging_mixin.py:188} INFO - [2025-01-23T12:37:08.716+0000] {dag.py:3823} INFO - Setting next_dagrun for example_branch_operator to 2025-01-22 00:00:00+00:00, run_after=2025-01-23 00:00:00+00:00
[2025-01-23T12:37:08.780+0000] {processor.py:183} INFO - Processing /home/airflow/.local/lib/python3.8/site-packages/airflow/example_dags/example_branch_operator.py took 0.224 seconds
[2025-01-23T12:37:38.879+0000] {processor.py:161} INFO - Started process (PID=662) to work on /home/airflow/.local/lib/python3.8/site-packages/airflow/example_dags/example_branch_operator.py
[2025-01-23T12:37:38.881+0000] {processor.py:830} INFO - Processing file /home/airflow/.local/lib/python3.8/site-packages/airflow/example_dags/example_branch_operator.py for tasks to queue
[2025-01-23T12:37:38.885+0000] {logging_mixin.py:188} INFO - [2025-01-23T12:37:38.885+0000] {dagbag.py:538} INFO - Filling up the DagBag from /home/airflow/.local/lib/python3.8/site-packages/airflow/example_dags/example_branch_operator.py
[2025-01-23T12:37:38.927+0000] {processor.py:840} INFO - DAG(s) 'example_branch_operator' retrieved from /home/airflow/.local/lib/python3.8/site-packages/airflow/example_dags/example_branch_operator.py
[2025-01-23T12:37:38.980+0000] {logging_mixin.py:188} INFO - [2025-01-23T12:37:38.979+0000] {dag.py:3036} INFO - Sync 1 DAGs
[2025-01-23T12:37:39.033+0000] {logging_mixin.py:188} INFO - [2025-01-23T12:37:39.033+0000] {dag.py:3823} INFO - Setting next_dagrun for example_branch_operator to 2025-01-22 00:00:00+00:00, run_after=2025-01-23 00:00:00+00:00
[2025-01-23T12:37:39.073+0000] {processor.py:183} INFO - Processing /home/airflow/.local/lib/python3.8/site-packages/airflow/example_dags/example_branch_operator.py took 0.199 seconds
[2025-01-23T12:38:09.225+0000] {processor.py:161} INFO - Started process (PID=718) to work on /home/airflow/.local/lib/python3.8/site-packages/airflow/example_dags/example_branch_operator.py
[2025-01-23T12:38:09.226+0000] {processor.py:830} INFO - Processing file /home/airflow/.local/lib/python3.8/site-packages/airflow/example_dags/example_branch_operator.py for tasks to queue
[2025-01-23T12:38:09.229+0000] {logging_mixin.py:188} INFO - [2025-01-23T12:38:09.228+0000] {dagbag.py:538} INFO - Filling up the DagBag from /home/airflow/.local/lib/python3.8/site-packages/airflow/example_dags/example_branch_operator.py
[2025-01-23T12:38:09.261+0000] {processor.py:840} INFO - DAG(s) 'example_branch_operator' retrieved from /home/airflow/.local/lib/python3.8/site-packages/airflow/example_dags/example_branch_operator.py
[2025-01-23T12:38:09.308+0000] {logging_mixin.py:188} INFO - [2025-01-23T12:38:09.308+0000] {dag.py:3036} INFO - Sync 1 DAGs
[2025-01-23T12:38:09.340+0000] {logging_mixin.py:188} INFO - [2025-01-23T12:38:09.340+0000] {dag.py:3823} INFO - Setting next_dagrun for example_branch_operator to 2025-01-22 00:00:00+00:00, run_after=2025-01-23 00:00:00+00:00
[2025-01-23T12:38:09.381+0000] {processor.py:183} INFO - Processing /home/airflow/.local/lib/python3.8/site-packages/airflow/example_dags/example_branch_operator.py took 0.160 seconds
