[2025-01-23T09:22:50.011+0000] {processor.py:161} INFO - Started process (PID=85) to work on /home/airflow/.local/lib/python3.8/site-packages/airflow/example_dags/example_short_circuit_operator.py
[2025-01-23T09:22:50.019+0000] {processor.py:830} INFO - Processing file /home/airflow/.local/lib/python3.8/site-packages/airflow/example_dags/example_short_circuit_operator.py for tasks to queue
[2025-01-23T09:22:50.090+0000] {logging_mixin.py:188} INFO - [2025-01-23T09:22:50.089+0000] {dagbag.py:538} INFO - Filling up the DagBag from /home/airflow/.local/lib/python3.8/site-packages/airflow/example_dags/example_short_circuit_operator.py
[2025-01-23T09:22:50.274+0000] {processor.py:840} INFO - DAG(s) 'example_short_circuit_operator' retrieved from /home/airflow/.local/lib/python3.8/site-packages/airflow/example_dags/example_short_circuit_operator.py
[2025-01-23T09:22:51.375+0000] {logging_mixin.py:188} INFO - [2025-01-23T09:22:51.374+0000] {dag.py:3036} INFO - Sync 1 DAGs
[2025-01-23T09:22:51.521+0000] {logging_mixin.py:188} INFO - [2025-01-23T09:22:51.521+0000] {dag.py:3823} INFO - Setting next_dagrun for example_short_circuit_operator to 2025-01-22 00:00:00+00:00, run_after=2025-01-23 00:00:00+00:00
[2025-01-23T09:22:51.630+0000] {processor.py:183} INFO - Processing /home/airflow/.local/lib/python3.8/site-packages/airflow/example_dags/example_short_circuit_operator.py took 1.646 seconds
[2025-01-23T09:23:22.200+0000] {processor.py:161} INFO - Started process (PID=141) to work on /home/airflow/.local/lib/python3.8/site-packages/airflow/example_dags/example_short_circuit_operator.py
[2025-01-23T09:23:22.204+0000] {processor.py:830} INFO - Processing file /home/airflow/.local/lib/python3.8/site-packages/airflow/example_dags/example_short_circuit_operator.py for tasks to queue
[2025-01-23T09:23:22.216+0000] {logging_mixin.py:188} INFO - [2025-01-23T09:23:22.214+0000] {dagbag.py:538} INFO - Filling up the DagBag from /home/airflow/.local/lib/python3.8/site-packages/airflow/example_dags/example_short_circuit_operator.py
[2025-01-23T09:23:22.265+0000] {processor.py:840} INFO - DAG(s) 'example_short_circuit_operator' retrieved from /home/airflow/.local/lib/python3.8/site-packages/airflow/example_dags/example_short_circuit_operator.py
[2025-01-23T09:23:22.393+0000] {logging_mixin.py:188} INFO - [2025-01-23T09:23:22.393+0000] {dag.py:3036} INFO - Sync 1 DAGs
[2025-01-23T09:23:22.509+0000] {logging_mixin.py:188} INFO - [2025-01-23T09:23:22.509+0000] {dag.py:3823} INFO - Setting next_dagrun for example_short_circuit_operator to 2025-01-22 00:00:00+00:00, run_after=2025-01-23 00:00:00+00:00
[2025-01-23T09:23:22.569+0000] {processor.py:183} INFO - Processing /home/airflow/.local/lib/python3.8/site-packages/airflow/example_dags/example_short_circuit_operator.py took 0.386 seconds
[2025-01-23T09:23:53.417+0000] {processor.py:161} INFO - Started process (PID=195) to work on /home/airflow/.local/lib/python3.8/site-packages/airflow/example_dags/example_short_circuit_operator.py
[2025-01-23T09:23:53.420+0000] {processor.py:830} INFO - Processing file /home/airflow/.local/lib/python3.8/site-packages/airflow/example_dags/example_short_circuit_operator.py for tasks to queue
[2025-01-23T09:23:53.426+0000] {logging_mixin.py:188} INFO - [2025-01-23T09:23:53.425+0000] {dagbag.py:538} INFO - Filling up the DagBag from /home/airflow/.local/lib/python3.8/site-packages/airflow/example_dags/example_short_circuit_operator.py
[2025-01-23T09:23:53.459+0000] {processor.py:840} INFO - DAG(s) 'example_short_circuit_operator' retrieved from /home/airflow/.local/lib/python3.8/site-packages/airflow/example_dags/example_short_circuit_operator.py
[2025-01-23T09:23:53.527+0000] {logging_mixin.py:188} INFO - [2025-01-23T09:23:53.526+0000] {dag.py:3036} INFO - Sync 1 DAGs
[2025-01-23T09:23:53.597+0000] {logging_mixin.py:188} INFO - [2025-01-23T09:23:53.596+0000] {dag.py:3823} INFO - Setting next_dagrun for example_short_circuit_operator to 2025-01-22 00:00:00+00:00, run_after=2025-01-23 00:00:00+00:00
[2025-01-23T09:23:53.672+0000] {processor.py:183} INFO - Processing /home/airflow/.local/lib/python3.8/site-packages/airflow/example_dags/example_short_circuit_operator.py took 0.267 seconds
[2025-01-23T09:24:24.443+0000] {processor.py:161} INFO - Started process (PID=251) to work on /home/airflow/.local/lib/python3.8/site-packages/airflow/example_dags/example_short_circuit_operator.py
[2025-01-23T09:24:24.446+0000] {processor.py:830} INFO - Processing file /home/airflow/.local/lib/python3.8/site-packages/airflow/example_dags/example_short_circuit_operator.py for tasks to queue
[2025-01-23T09:24:24.451+0000] {logging_mixin.py:188} INFO - [2025-01-23T09:24:24.450+0000] {dagbag.py:538} INFO - Filling up the DagBag from /home/airflow/.local/lib/python3.8/site-packages/airflow/example_dags/example_short_circuit_operator.py
[2025-01-23T09:24:24.471+0000] {processor.py:840} INFO - DAG(s) 'example_short_circuit_operator' retrieved from /home/airflow/.local/lib/python3.8/site-packages/airflow/example_dags/example_short_circuit_operator.py
[2025-01-23T09:24:24.543+0000] {logging_mixin.py:188} INFO - [2025-01-23T09:24:24.543+0000] {dag.py:3036} INFO - Sync 1 DAGs
[2025-01-23T09:24:24.605+0000] {logging_mixin.py:188} INFO - [2025-01-23T09:24:24.604+0000] {dag.py:3823} INFO - Setting next_dagrun for example_short_circuit_operator to 2025-01-22 00:00:00+00:00, run_after=2025-01-23 00:00:00+00:00
[2025-01-23T09:24:24.663+0000] {processor.py:183} INFO - Processing /home/airflow/.local/lib/python3.8/site-packages/airflow/example_dags/example_short_circuit_operator.py took 0.228 seconds
[2025-01-23T09:24:55.024+0000] {processor.py:161} INFO - Started process (PID=307) to work on /home/airflow/.local/lib/python3.8/site-packages/airflow/example_dags/example_short_circuit_operator.py
[2025-01-23T09:24:55.028+0000] {processor.py:830} INFO - Processing file /home/airflow/.local/lib/python3.8/site-packages/airflow/example_dags/example_short_circuit_operator.py for tasks to queue
[2025-01-23T09:24:55.033+0000] {logging_mixin.py:188} INFO - [2025-01-23T09:24:55.033+0000] {dagbag.py:538} INFO - Filling up the DagBag from /home/airflow/.local/lib/python3.8/site-packages/airflow/example_dags/example_short_circuit_operator.py
[2025-01-23T09:24:55.067+0000] {processor.py:840} INFO - DAG(s) 'example_short_circuit_operator' retrieved from /home/airflow/.local/lib/python3.8/site-packages/airflow/example_dags/example_short_circuit_operator.py
[2025-01-23T09:24:55.125+0000] {logging_mixin.py:188} INFO - [2025-01-23T09:24:55.125+0000] {dag.py:3036} INFO - Sync 1 DAGs
[2025-01-23T09:24:55.182+0000] {logging_mixin.py:188} INFO - [2025-01-23T09:24:55.182+0000] {dag.py:3823} INFO - Setting next_dagrun for example_short_circuit_operator to 2025-01-22 00:00:00+00:00, run_after=2025-01-23 00:00:00+00:00
[2025-01-23T09:24:55.230+0000] {processor.py:183} INFO - Processing /home/airflow/.local/lib/python3.8/site-packages/airflow/example_dags/example_short_circuit_operator.py took 0.238 seconds
[2025-01-23T09:25:25.780+0000] {processor.py:161} INFO - Started process (PID=363) to work on /home/airflow/.local/lib/python3.8/site-packages/airflow/example_dags/example_short_circuit_operator.py
[2025-01-23T09:25:25.782+0000] {processor.py:830} INFO - Processing file /home/airflow/.local/lib/python3.8/site-packages/airflow/example_dags/example_short_circuit_operator.py for tasks to queue
[2025-01-23T09:25:25.788+0000] {logging_mixin.py:188} INFO - [2025-01-23T09:25:25.787+0000] {dagbag.py:538} INFO - Filling up the DagBag from /home/airflow/.local/lib/python3.8/site-packages/airflow/example_dags/example_short_circuit_operator.py
[2025-01-23T09:25:25.807+0000] {processor.py:840} INFO - DAG(s) 'example_short_circuit_operator' retrieved from /home/airflow/.local/lib/python3.8/site-packages/airflow/example_dags/example_short_circuit_operator.py
[2025-01-23T09:25:25.863+0000] {logging_mixin.py:188} INFO - [2025-01-23T09:25:25.862+0000] {dag.py:3036} INFO - Sync 1 DAGs
[2025-01-23T09:25:25.922+0000] {logging_mixin.py:188} INFO - [2025-01-23T09:25:25.922+0000] {dag.py:3823} INFO - Setting next_dagrun for example_short_circuit_operator to 2025-01-22 00:00:00+00:00, run_after=2025-01-23 00:00:00+00:00
[2025-01-23T09:25:25.968+0000] {processor.py:183} INFO - Processing /home/airflow/.local/lib/python3.8/site-packages/airflow/example_dags/example_short_circuit_operator.py took 0.194 seconds
[2025-01-23T09:25:56.847+0000] {processor.py:161} INFO - Started process (PID=419) to work on /home/airflow/.local/lib/python3.8/site-packages/airflow/example_dags/example_short_circuit_operator.py
[2025-01-23T09:25:56.850+0000] {processor.py:830} INFO - Processing file /home/airflow/.local/lib/python3.8/site-packages/airflow/example_dags/example_short_circuit_operator.py for tasks to queue
[2025-01-23T09:25:56.854+0000] {logging_mixin.py:188} INFO - [2025-01-23T09:25:56.854+0000] {dagbag.py:538} INFO - Filling up the DagBag from /home/airflow/.local/lib/python3.8/site-packages/airflow/example_dags/example_short_circuit_operator.py
[2025-01-23T09:25:56.879+0000] {processor.py:840} INFO - DAG(s) 'example_short_circuit_operator' retrieved from /home/airflow/.local/lib/python3.8/site-packages/airflow/example_dags/example_short_circuit_operator.py
[2025-01-23T09:25:56.954+0000] {logging_mixin.py:188} INFO - [2025-01-23T09:25:56.953+0000] {dag.py:3036} INFO - Sync 1 DAGs
[2025-01-23T09:25:57.020+0000] {logging_mixin.py:188} INFO - [2025-01-23T09:25:57.019+0000] {dag.py:3823} INFO - Setting next_dagrun for example_short_circuit_operator to 2025-01-22 00:00:00+00:00, run_after=2025-01-23 00:00:00+00:00
[2025-01-23T09:25:57.094+0000] {processor.py:183} INFO - Processing /home/airflow/.local/lib/python3.8/site-packages/airflow/example_dags/example_short_circuit_operator.py took 0.258 seconds
[2025-01-23T09:26:27.864+0000] {processor.py:161} INFO - Started process (PID=475) to work on /home/airflow/.local/lib/python3.8/site-packages/airflow/example_dags/example_short_circuit_operator.py
[2025-01-23T09:26:27.866+0000] {processor.py:830} INFO - Processing file /home/airflow/.local/lib/python3.8/site-packages/airflow/example_dags/example_short_circuit_operator.py for tasks to queue
[2025-01-23T09:26:27.871+0000] {logging_mixin.py:188} INFO - [2025-01-23T09:26:27.870+0000] {dagbag.py:538} INFO - Filling up the DagBag from /home/airflow/.local/lib/python3.8/site-packages/airflow/example_dags/example_short_circuit_operator.py
[2025-01-23T09:26:27.886+0000] {processor.py:840} INFO - DAG(s) 'example_short_circuit_operator' retrieved from /home/airflow/.local/lib/python3.8/site-packages/airflow/example_dags/example_short_circuit_operator.py
[2025-01-23T09:26:27.936+0000] {logging_mixin.py:188} INFO - [2025-01-23T09:26:27.936+0000] {dag.py:3036} INFO - Sync 1 DAGs
[2025-01-23T09:26:27.979+0000] {logging_mixin.py:188} INFO - [2025-01-23T09:26:27.979+0000] {dag.py:3823} INFO - Setting next_dagrun for example_short_circuit_operator to 2025-01-22 00:00:00+00:00, run_after=2025-01-23 00:00:00+00:00
[2025-01-23T09:26:28.019+0000] {processor.py:183} INFO - Processing /home/airflow/.local/lib/python3.8/site-packages/airflow/example_dags/example_short_circuit_operator.py took 0.163 seconds
[2025-01-23T09:26:58.550+0000] {processor.py:161} INFO - Started process (PID=531) to work on /home/airflow/.local/lib/python3.8/site-packages/airflow/example_dags/example_short_circuit_operator.py
[2025-01-23T09:26:58.553+0000] {processor.py:830} INFO - Processing file /home/airflow/.local/lib/python3.8/site-packages/airflow/example_dags/example_short_circuit_operator.py for tasks to queue
[2025-01-23T09:26:58.559+0000] {logging_mixin.py:188} INFO - [2025-01-23T09:26:58.558+0000] {dagbag.py:538} INFO - Filling up the DagBag from /home/airflow/.local/lib/python3.8/site-packages/airflow/example_dags/example_short_circuit_operator.py
[2025-01-23T09:26:58.584+0000] {processor.py:840} INFO - DAG(s) 'example_short_circuit_operator' retrieved from /home/airflow/.local/lib/python3.8/site-packages/airflow/example_dags/example_short_circuit_operator.py
[2025-01-23T09:26:58.647+0000] {logging_mixin.py:188} INFO - [2025-01-23T09:26:58.646+0000] {dag.py:3036} INFO - Sync 1 DAGs
[2025-01-23T09:26:58.702+0000] {logging_mixin.py:188} INFO - [2025-01-23T09:26:58.701+0000] {dag.py:3823} INFO - Setting next_dagrun for example_short_circuit_operator to 2025-01-22 00:00:00+00:00, run_after=2025-01-23 00:00:00+00:00
[2025-01-23T09:26:58.746+0000] {processor.py:183} INFO - Processing /home/airflow/.local/lib/python3.8/site-packages/airflow/example_dags/example_short_circuit_operator.py took 0.211 seconds
[2025-01-23T09:27:29.353+0000] {processor.py:161} INFO - Started process (PID=587) to work on /home/airflow/.local/lib/python3.8/site-packages/airflow/example_dags/example_short_circuit_operator.py
[2025-01-23T09:27:29.355+0000] {processor.py:830} INFO - Processing file /home/airflow/.local/lib/python3.8/site-packages/airflow/example_dags/example_short_circuit_operator.py for tasks to queue
[2025-01-23T09:27:29.359+0000] {logging_mixin.py:188} INFO - [2025-01-23T09:27:29.358+0000] {dagbag.py:538} INFO - Filling up the DagBag from /home/airflow/.local/lib/python3.8/site-packages/airflow/example_dags/example_short_circuit_operator.py
[2025-01-23T09:27:29.376+0000] {processor.py:840} INFO - DAG(s) 'example_short_circuit_operator' retrieved from /home/airflow/.local/lib/python3.8/site-packages/airflow/example_dags/example_short_circuit_operator.py
[2025-01-23T09:27:29.439+0000] {logging_mixin.py:188} INFO - [2025-01-23T09:27:29.438+0000] {dag.py:3036} INFO - Sync 1 DAGs
[2025-01-23T09:27:29.501+0000] {logging_mixin.py:188} INFO - [2025-01-23T09:27:29.501+0000] {dag.py:3823} INFO - Setting next_dagrun for example_short_circuit_operator to 2025-01-22 00:00:00+00:00, run_after=2025-01-23 00:00:00+00:00
[2025-01-23T09:27:29.552+0000] {processor.py:183} INFO - Processing /home/airflow/.local/lib/python3.8/site-packages/airflow/example_dags/example_short_circuit_operator.py took 0.206 seconds
[2025-01-23T09:27:59.730+0000] {processor.py:161} INFO - Started process (PID=643) to work on /home/airflow/.local/lib/python3.8/site-packages/airflow/example_dags/example_short_circuit_operator.py
[2025-01-23T09:27:59.732+0000] {processor.py:830} INFO - Processing file /home/airflow/.local/lib/python3.8/site-packages/airflow/example_dags/example_short_circuit_operator.py for tasks to queue
[2025-01-23T09:27:59.735+0000] {logging_mixin.py:188} INFO - [2025-01-23T09:27:59.734+0000] {dagbag.py:538} INFO - Filling up the DagBag from /home/airflow/.local/lib/python3.8/site-packages/airflow/example_dags/example_short_circuit_operator.py
[2025-01-23T09:27:59.749+0000] {processor.py:840} INFO - DAG(s) 'example_short_circuit_operator' retrieved from /home/airflow/.local/lib/python3.8/site-packages/airflow/example_dags/example_short_circuit_operator.py
[2025-01-23T09:27:59.805+0000] {logging_mixin.py:188} INFO - [2025-01-23T09:27:59.805+0000] {dag.py:3036} INFO - Sync 1 DAGs
[2025-01-23T09:27:59.844+0000] {logging_mixin.py:188} INFO - [2025-01-23T09:27:59.844+0000] {dag.py:3823} INFO - Setting next_dagrun for example_short_circuit_operator to 2025-01-22 00:00:00+00:00, run_after=2025-01-23 00:00:00+00:00
[2025-01-23T09:27:59.884+0000] {processor.py:183} INFO - Processing /home/airflow/.local/lib/python3.8/site-packages/airflow/example_dags/example_short_circuit_operator.py took 0.160 seconds
[2025-01-23T09:28:30.538+0000] {processor.py:161} INFO - Started process (PID=699) to work on /home/airflow/.local/lib/python3.8/site-packages/airflow/example_dags/example_short_circuit_operator.py
[2025-01-23T09:28:30.540+0000] {processor.py:830} INFO - Processing file /home/airflow/.local/lib/python3.8/site-packages/airflow/example_dags/example_short_circuit_operator.py for tasks to queue
[2025-01-23T09:28:30.544+0000] {logging_mixin.py:188} INFO - [2025-01-23T09:28:30.543+0000] {dagbag.py:538} INFO - Filling up the DagBag from /home/airflow/.local/lib/python3.8/site-packages/airflow/example_dags/example_short_circuit_operator.py
[2025-01-23T09:28:30.560+0000] {processor.py:840} INFO - DAG(s) 'example_short_circuit_operator' retrieved from /home/airflow/.local/lib/python3.8/site-packages/airflow/example_dags/example_short_circuit_operator.py
[2025-01-23T09:28:30.623+0000] {logging_mixin.py:188} INFO - [2025-01-23T09:28:30.623+0000] {dag.py:3036} INFO - Sync 1 DAGs
[2025-01-23T09:28:30.685+0000] {logging_mixin.py:188} INFO - [2025-01-23T09:28:30.684+0000] {dag.py:3823} INFO - Setting next_dagrun for example_short_circuit_operator to 2025-01-22 00:00:00+00:00, run_after=2025-01-23 00:00:00+00:00
[2025-01-23T09:28:30.733+0000] {processor.py:183} INFO - Processing /home/airflow/.local/lib/python3.8/site-packages/airflow/example_dags/example_short_circuit_operator.py took 0.202 seconds
[2025-01-23T09:29:00.847+0000] {processor.py:161} INFO - Started process (PID=755) to work on /home/airflow/.local/lib/python3.8/site-packages/airflow/example_dags/example_short_circuit_operator.py
[2025-01-23T09:29:00.849+0000] {processor.py:830} INFO - Processing file /home/airflow/.local/lib/python3.8/site-packages/airflow/example_dags/example_short_circuit_operator.py for tasks to queue
[2025-01-23T09:29:00.852+0000] {logging_mixin.py:188} INFO - [2025-01-23T09:29:00.851+0000] {dagbag.py:538} INFO - Filling up the DagBag from /home/airflow/.local/lib/python3.8/site-packages/airflow/example_dags/example_short_circuit_operator.py
[2025-01-23T09:29:00.864+0000] {processor.py:840} INFO - DAG(s) 'example_short_circuit_operator' retrieved from /home/airflow/.local/lib/python3.8/site-packages/airflow/example_dags/example_short_circuit_operator.py
[2025-01-23T09:29:00.911+0000] {logging_mixin.py:188} INFO - [2025-01-23T09:29:00.911+0000] {dag.py:3036} INFO - Sync 1 DAGs
[2025-01-23T09:29:00.951+0000] {logging_mixin.py:188} INFO - [2025-01-23T09:29:00.950+0000] {dag.py:3823} INFO - Setting next_dagrun for example_short_circuit_operator to 2025-01-22 00:00:00+00:00, run_after=2025-01-23 00:00:00+00:00
[2025-01-23T09:29:00.987+0000] {processor.py:183} INFO - Processing /home/airflow/.local/lib/python3.8/site-packages/airflow/example_dags/example_short_circuit_operator.py took 0.145 seconds
[2025-01-23T09:29:31.752+0000] {processor.py:161} INFO - Started process (PID=817) to work on /home/airflow/.local/lib/python3.8/site-packages/airflow/example_dags/example_short_circuit_operator.py
[2025-01-23T09:29:31.756+0000] {processor.py:830} INFO - Processing file /home/airflow/.local/lib/python3.8/site-packages/airflow/example_dags/example_short_circuit_operator.py for tasks to queue
[2025-01-23T09:29:31.762+0000] {logging_mixin.py:188} INFO - [2025-01-23T09:29:31.761+0000] {dagbag.py:538} INFO - Filling up the DagBag from /home/airflow/.local/lib/python3.8/site-packages/airflow/example_dags/example_short_circuit_operator.py
[2025-01-23T09:29:31.800+0000] {processor.py:840} INFO - DAG(s) 'example_short_circuit_operator' retrieved from /home/airflow/.local/lib/python3.8/site-packages/airflow/example_dags/example_short_circuit_operator.py
[2025-01-23T09:29:31.897+0000] {logging_mixin.py:188} INFO - [2025-01-23T09:29:31.897+0000] {dag.py:3036} INFO - Sync 1 DAGs
[2025-01-23T09:29:31.993+0000] {logging_mixin.py:188} INFO - [2025-01-23T09:29:31.993+0000] {dag.py:3823} INFO - Setting next_dagrun for example_short_circuit_operator to 2025-01-22 00:00:00+00:00, run_after=2025-01-23 00:00:00+00:00
[2025-01-23T09:29:32.075+0000] {processor.py:183} INFO - Processing /home/airflow/.local/lib/python3.8/site-packages/airflow/example_dags/example_short_circuit_operator.py took 0.340 seconds
[2025-01-23T09:30:02.642+0000] {processor.py:161} INFO - Started process (PID=873) to work on /home/airflow/.local/lib/python3.8/site-packages/airflow/example_dags/example_short_circuit_operator.py
[2025-01-23T09:30:02.644+0000] {processor.py:830} INFO - Processing file /home/airflow/.local/lib/python3.8/site-packages/airflow/example_dags/example_short_circuit_operator.py for tasks to queue
[2025-01-23T09:30:02.648+0000] {logging_mixin.py:188} INFO - [2025-01-23T09:30:02.647+0000] {dagbag.py:538} INFO - Filling up the DagBag from /home/airflow/.local/lib/python3.8/site-packages/airflow/example_dags/example_short_circuit_operator.py
[2025-01-23T09:30:02.665+0000] {processor.py:840} INFO - DAG(s) 'example_short_circuit_operator' retrieved from /home/airflow/.local/lib/python3.8/site-packages/airflow/example_dags/example_short_circuit_operator.py
[2025-01-23T09:30:02.709+0000] {logging_mixin.py:188} INFO - [2025-01-23T09:30:02.709+0000] {dag.py:3036} INFO - Sync 1 DAGs
[2025-01-23T09:30:02.755+0000] {logging_mixin.py:188} INFO - [2025-01-23T09:30:02.754+0000] {dag.py:3823} INFO - Setting next_dagrun for example_short_circuit_operator to 2025-01-22 00:00:00+00:00, run_after=2025-01-23 00:00:00+00:00
[2025-01-23T09:30:02.800+0000] {processor.py:183} INFO - Processing /home/airflow/.local/lib/python3.8/site-packages/airflow/example_dags/example_short_circuit_operator.py took 0.164 seconds
[2025-01-23T09:30:32.919+0000] {processor.py:161} INFO - Started process (PID=930) to work on /home/airflow/.local/lib/python3.8/site-packages/airflow/example_dags/example_short_circuit_operator.py
[2025-01-23T09:30:32.923+0000] {processor.py:830} INFO - Processing file /home/airflow/.local/lib/python3.8/site-packages/airflow/example_dags/example_short_circuit_operator.py for tasks to queue
[2025-01-23T09:30:32.930+0000] {logging_mixin.py:188} INFO - [2025-01-23T09:30:32.929+0000] {dagbag.py:538} INFO - Filling up the DagBag from /home/airflow/.local/lib/python3.8/site-packages/airflow/example_dags/example_short_circuit_operator.py
[2025-01-23T09:30:32.955+0000] {processor.py:840} INFO - DAG(s) 'example_short_circuit_operator' retrieved from /home/airflow/.local/lib/python3.8/site-packages/airflow/example_dags/example_short_circuit_operator.py
[2025-01-23T09:30:33.032+0000] {logging_mixin.py:188} INFO - [2025-01-23T09:30:33.031+0000] {dag.py:3036} INFO - Sync 1 DAGs
[2025-01-23T09:30:33.098+0000] {logging_mixin.py:188} INFO - [2025-01-23T09:30:33.098+0000] {dag.py:3823} INFO - Setting next_dagrun for example_short_circuit_operator to 2025-01-22 00:00:00+00:00, run_after=2025-01-23 00:00:00+00:00
[2025-01-23T09:30:33.142+0000] {processor.py:183} INFO - Processing /home/airflow/.local/lib/python3.8/site-packages/airflow/example_dags/example_short_circuit_operator.py took 0.237 seconds
[2025-01-23T09:31:03.423+0000] {processor.py:161} INFO - Started process (PID=986) to work on /home/airflow/.local/lib/python3.8/site-packages/airflow/example_dags/example_short_circuit_operator.py
[2025-01-23T09:31:03.428+0000] {processor.py:830} INFO - Processing file /home/airflow/.local/lib/python3.8/site-packages/airflow/example_dags/example_short_circuit_operator.py for tasks to queue
[2025-01-23T09:31:03.432+0000] {logging_mixin.py:188} INFO - [2025-01-23T09:31:03.431+0000] {dagbag.py:538} INFO - Filling up the DagBag from /home/airflow/.local/lib/python3.8/site-packages/airflow/example_dags/example_short_circuit_operator.py
[2025-01-23T09:31:03.457+0000] {processor.py:840} INFO - DAG(s) 'example_short_circuit_operator' retrieved from /home/airflow/.local/lib/python3.8/site-packages/airflow/example_dags/example_short_circuit_operator.py
[2025-01-23T09:31:03.531+0000] {logging_mixin.py:188} INFO - [2025-01-23T09:31:03.531+0000] {dag.py:3036} INFO - Sync 1 DAGs
[2025-01-23T09:31:03.591+0000] {logging_mixin.py:188} INFO - [2025-01-23T09:31:03.590+0000] {dag.py:3823} INFO - Setting next_dagrun for example_short_circuit_operator to 2025-01-22 00:00:00+00:00, run_after=2025-01-23 00:00:00+00:00
[2025-01-23T09:31:03.638+0000] {processor.py:183} INFO - Processing /home/airflow/.local/lib/python3.8/site-packages/airflow/example_dags/example_short_circuit_operator.py took 0.226 seconds
[2025-01-23T09:31:34.515+0000] {processor.py:161} INFO - Started process (PID=1042) to work on /home/airflow/.local/lib/python3.8/site-packages/airflow/example_dags/example_short_circuit_operator.py
[2025-01-23T09:31:34.519+0000] {processor.py:830} INFO - Processing file /home/airflow/.local/lib/python3.8/site-packages/airflow/example_dags/example_short_circuit_operator.py for tasks to queue
[2025-01-23T09:31:34.522+0000] {logging_mixin.py:188} INFO - [2025-01-23T09:31:34.521+0000] {dagbag.py:538} INFO - Filling up the DagBag from /home/airflow/.local/lib/python3.8/site-packages/airflow/example_dags/example_short_circuit_operator.py
[2025-01-23T09:31:34.553+0000] {processor.py:840} INFO - DAG(s) 'example_short_circuit_operator' retrieved from /home/airflow/.local/lib/python3.8/site-packages/airflow/example_dags/example_short_circuit_operator.py
[2025-01-23T09:31:34.652+0000] {logging_mixin.py:188} INFO - [2025-01-23T09:31:34.648+0000] {dag.py:3036} INFO - Sync 1 DAGs
[2025-01-23T09:31:34.779+0000] {logging_mixin.py:188} INFO - [2025-01-23T09:31:34.778+0000] {dag.py:3823} INFO - Setting next_dagrun for example_short_circuit_operator to 2025-01-22 00:00:00+00:00, run_after=2025-01-23 00:00:00+00:00
[2025-01-23T09:31:34.853+0000] {processor.py:183} INFO - Processing /home/airflow/.local/lib/python3.8/site-packages/airflow/example_dags/example_short_circuit_operator.py took 0.361 seconds
[2025-01-23T09:32:05.049+0000] {processor.py:161} INFO - Started process (PID=1098) to work on /home/airflow/.local/lib/python3.8/site-packages/airflow/example_dags/example_short_circuit_operator.py
[2025-01-23T09:32:05.052+0000] {processor.py:830} INFO - Processing file /home/airflow/.local/lib/python3.8/site-packages/airflow/example_dags/example_short_circuit_operator.py for tasks to queue
[2025-01-23T09:32:05.055+0000] {logging_mixin.py:188} INFO - [2025-01-23T09:32:05.054+0000] {dagbag.py:538} INFO - Filling up the DagBag from /home/airflow/.local/lib/python3.8/site-packages/airflow/example_dags/example_short_circuit_operator.py
[2025-01-23T09:32:05.086+0000] {processor.py:840} INFO - DAG(s) 'example_short_circuit_operator' retrieved from /home/airflow/.local/lib/python3.8/site-packages/airflow/example_dags/example_short_circuit_operator.py
[2025-01-23T09:32:05.150+0000] {logging_mixin.py:188} INFO - [2025-01-23T09:32:05.149+0000] {dag.py:3036} INFO - Sync 1 DAGs
[2025-01-23T09:32:05.201+0000] {logging_mixin.py:188} INFO - [2025-01-23T09:32:05.201+0000] {dag.py:3823} INFO - Setting next_dagrun for example_short_circuit_operator to 2025-01-22 00:00:00+00:00, run_after=2025-01-23 00:00:00+00:00
[2025-01-23T09:32:05.241+0000] {processor.py:183} INFO - Processing /home/airflow/.local/lib/python3.8/site-packages/airflow/example_dags/example_short_circuit_operator.py took 0.199 seconds
[2025-01-23T09:32:36.378+0000] {processor.py:161} INFO - Started process (PID=1154) to work on /home/airflow/.local/lib/python3.8/site-packages/airflow/example_dags/example_short_circuit_operator.py
[2025-01-23T09:32:36.381+0000] {processor.py:830} INFO - Processing file /home/airflow/.local/lib/python3.8/site-packages/airflow/example_dags/example_short_circuit_operator.py for tasks to queue
[2025-01-23T09:32:36.393+0000] {logging_mixin.py:188} INFO - [2025-01-23T09:32:36.392+0000] {dagbag.py:538} INFO - Filling up the DagBag from /home/airflow/.local/lib/python3.8/site-packages/airflow/example_dags/example_short_circuit_operator.py
[2025-01-23T09:32:36.452+0000] {processor.py:840} INFO - DAG(s) 'example_short_circuit_operator' retrieved from /home/airflow/.local/lib/python3.8/site-packages/airflow/example_dags/example_short_circuit_operator.py
[2025-01-23T09:32:36.572+0000] {logging_mixin.py:188} INFO - [2025-01-23T09:32:36.572+0000] {dag.py:3036} INFO - Sync 1 DAGs
[2025-01-23T09:32:36.669+0000] {logging_mixin.py:188} INFO - [2025-01-23T09:32:36.669+0000] {dag.py:3823} INFO - Setting next_dagrun for example_short_circuit_operator to 2025-01-22 00:00:00+00:00, run_after=2025-01-23 00:00:00+00:00
[2025-01-23T09:32:36.765+0000] {processor.py:183} INFO - Processing /home/airflow/.local/lib/python3.8/site-packages/airflow/example_dags/example_short_circuit_operator.py took 0.402 seconds
[2025-01-23T09:33:07.151+0000] {processor.py:161} INFO - Started process (PID=1210) to work on /home/airflow/.local/lib/python3.8/site-packages/airflow/example_dags/example_short_circuit_operator.py
[2025-01-23T09:33:07.155+0000] {processor.py:830} INFO - Processing file /home/airflow/.local/lib/python3.8/site-packages/airflow/example_dags/example_short_circuit_operator.py for tasks to queue
[2025-01-23T09:33:07.158+0000] {logging_mixin.py:188} INFO - [2025-01-23T09:33:07.157+0000] {dagbag.py:538} INFO - Filling up the DagBag from /home/airflow/.local/lib/python3.8/site-packages/airflow/example_dags/example_short_circuit_operator.py
[2025-01-23T09:33:07.192+0000] {processor.py:840} INFO - DAG(s) 'example_short_circuit_operator' retrieved from /home/airflow/.local/lib/python3.8/site-packages/airflow/example_dags/example_short_circuit_operator.py
[2025-01-23T09:33:07.300+0000] {logging_mixin.py:188} INFO - [2025-01-23T09:33:07.299+0000] {dag.py:3036} INFO - Sync 1 DAGs
[2025-01-23T09:33:07.385+0000] {logging_mixin.py:188} INFO - [2025-01-23T09:33:07.384+0000] {dag.py:3823} INFO - Setting next_dagrun for example_short_circuit_operator to 2025-01-22 00:00:00+00:00, run_after=2025-01-23 00:00:00+00:00
[2025-01-23T09:33:07.480+0000] {processor.py:183} INFO - Processing /home/airflow/.local/lib/python3.8/site-packages/airflow/example_dags/example_short_circuit_operator.py took 0.353 seconds
[2025-01-23T09:33:37.732+0000] {processor.py:161} INFO - Started process (PID=1267) to work on /home/airflow/.local/lib/python3.8/site-packages/airflow/example_dags/example_short_circuit_operator.py
[2025-01-23T09:33:37.734+0000] {processor.py:830} INFO - Processing file /home/airflow/.local/lib/python3.8/site-packages/airflow/example_dags/example_short_circuit_operator.py for tasks to queue
[2025-01-23T09:33:37.735+0000] {logging_mixin.py:188} INFO - [2025-01-23T09:33:37.735+0000] {dagbag.py:538} INFO - Filling up the DagBag from /home/airflow/.local/lib/python3.8/site-packages/airflow/example_dags/example_short_circuit_operator.py
[2025-01-23T09:33:37.750+0000] {processor.py:840} INFO - DAG(s) 'example_short_circuit_operator' retrieved from /home/airflow/.local/lib/python3.8/site-packages/airflow/example_dags/example_short_circuit_operator.py
[2025-01-23T09:33:37.790+0000] {logging_mixin.py:188} INFO - [2025-01-23T09:33:37.790+0000] {dag.py:3036} INFO - Sync 1 DAGs
[2025-01-23T09:33:37.828+0000] {logging_mixin.py:188} INFO - [2025-01-23T09:33:37.827+0000] {dag.py:3823} INFO - Setting next_dagrun for example_short_circuit_operator to 2025-01-22 00:00:00+00:00, run_after=2025-01-23 00:00:00+00:00
[2025-01-23T09:33:37.858+0000] {processor.py:183} INFO - Processing /home/airflow/.local/lib/python3.8/site-packages/airflow/example_dags/example_short_circuit_operator.py took 0.132 seconds
[2025-01-23T09:34:08.789+0000] {processor.py:161} INFO - Started process (PID=1322) to work on /home/airflow/.local/lib/python3.8/site-packages/airflow/example_dags/example_short_circuit_operator.py
[2025-01-23T09:34:08.791+0000] {processor.py:830} INFO - Processing file /home/airflow/.local/lib/python3.8/site-packages/airflow/example_dags/example_short_circuit_operator.py for tasks to queue
[2025-01-23T09:34:08.794+0000] {logging_mixin.py:188} INFO - [2025-01-23T09:34:08.793+0000] {dagbag.py:538} INFO - Filling up the DagBag from /home/airflow/.local/lib/python3.8/site-packages/airflow/example_dags/example_short_circuit_operator.py
[2025-01-23T09:34:08.817+0000] {processor.py:840} INFO - DAG(s) 'example_short_circuit_operator' retrieved from /home/airflow/.local/lib/python3.8/site-packages/airflow/example_dags/example_short_circuit_operator.py
[2025-01-23T09:34:08.877+0000] {logging_mixin.py:188} INFO - [2025-01-23T09:34:08.877+0000] {dag.py:3036} INFO - Sync 1 DAGs
[2025-01-23T09:34:08.930+0000] {logging_mixin.py:188} INFO - [2025-01-23T09:34:08.930+0000] {dag.py:3823} INFO - Setting next_dagrun for example_short_circuit_operator to 2025-01-22 00:00:00+00:00, run_after=2025-01-23 00:00:00+00:00
[2025-01-23T09:34:08.977+0000] {processor.py:183} INFO - Processing /home/airflow/.local/lib/python3.8/site-packages/airflow/example_dags/example_short_circuit_operator.py took 0.201 seconds
[2025-01-23T09:34:39.483+0000] {processor.py:161} INFO - Started process (PID=1378) to work on /home/airflow/.local/lib/python3.8/site-packages/airflow/example_dags/example_short_circuit_operator.py
[2025-01-23T09:34:39.485+0000] {processor.py:830} INFO - Processing file /home/airflow/.local/lib/python3.8/site-packages/airflow/example_dags/example_short_circuit_operator.py for tasks to queue
[2025-01-23T09:34:39.487+0000] {logging_mixin.py:188} INFO - [2025-01-23T09:34:39.486+0000] {dagbag.py:538} INFO - Filling up the DagBag from /home/airflow/.local/lib/python3.8/site-packages/airflow/example_dags/example_short_circuit_operator.py
[2025-01-23T09:34:39.505+0000] {processor.py:840} INFO - DAG(s) 'example_short_circuit_operator' retrieved from /home/airflow/.local/lib/python3.8/site-packages/airflow/example_dags/example_short_circuit_operator.py
[2025-01-23T09:34:39.560+0000] {logging_mixin.py:188} INFO - [2025-01-23T09:34:39.559+0000] {dag.py:3036} INFO - Sync 1 DAGs
[2025-01-23T09:34:39.649+0000] {logging_mixin.py:188} INFO - [2025-01-23T09:34:39.648+0000] {dag.py:3823} INFO - Setting next_dagrun for example_short_circuit_operator to 2025-01-22 00:00:00+00:00, run_after=2025-01-23 00:00:00+00:00
[2025-01-23T09:34:39.723+0000] {processor.py:183} INFO - Processing /home/airflow/.local/lib/python3.8/site-packages/airflow/example_dags/example_short_circuit_operator.py took 0.247 seconds
[2025-01-23T09:35:09.823+0000] {processor.py:161} INFO - Started process (PID=1435) to work on /home/airflow/.local/lib/python3.8/site-packages/airflow/example_dags/example_short_circuit_operator.py
[2025-01-23T09:35:09.826+0000] {processor.py:830} INFO - Processing file /home/airflow/.local/lib/python3.8/site-packages/airflow/example_dags/example_short_circuit_operator.py for tasks to queue
[2025-01-23T09:35:09.828+0000] {logging_mixin.py:188} INFO - [2025-01-23T09:35:09.828+0000] {dagbag.py:538} INFO - Filling up the DagBag from /home/airflow/.local/lib/python3.8/site-packages/airflow/example_dags/example_short_circuit_operator.py
[2025-01-23T09:35:09.854+0000] {processor.py:840} INFO - DAG(s) 'example_short_circuit_operator' retrieved from /home/airflow/.local/lib/python3.8/site-packages/airflow/example_dags/example_short_circuit_operator.py
[2025-01-23T09:35:09.904+0000] {logging_mixin.py:188} INFO - [2025-01-23T09:35:09.904+0000] {dag.py:3036} INFO - Sync 1 DAGs
[2025-01-23T09:35:09.953+0000] {logging_mixin.py:188} INFO - [2025-01-23T09:35:09.952+0000] {dag.py:3823} INFO - Setting next_dagrun for example_short_circuit_operator to 2025-01-22 00:00:00+00:00, run_after=2025-01-23 00:00:00+00:00
[2025-01-23T09:35:09.993+0000] {processor.py:183} INFO - Processing /home/airflow/.local/lib/python3.8/site-packages/airflow/example_dags/example_short_circuit_operator.py took 0.180 seconds
[2025-01-23T09:35:40.280+0000] {processor.py:161} INFO - Started process (PID=1491) to work on /home/airflow/.local/lib/python3.8/site-packages/airflow/example_dags/example_short_circuit_operator.py
[2025-01-23T09:35:40.282+0000] {processor.py:830} INFO - Processing file /home/airflow/.local/lib/python3.8/site-packages/airflow/example_dags/example_short_circuit_operator.py for tasks to queue
[2025-01-23T09:35:40.284+0000] {logging_mixin.py:188} INFO - [2025-01-23T09:35:40.284+0000] {dagbag.py:538} INFO - Filling up the DagBag from /home/airflow/.local/lib/python3.8/site-packages/airflow/example_dags/example_short_circuit_operator.py
[2025-01-23T09:35:40.306+0000] {processor.py:840} INFO - DAG(s) 'example_short_circuit_operator' retrieved from /home/airflow/.local/lib/python3.8/site-packages/airflow/example_dags/example_short_circuit_operator.py
[2025-01-23T09:35:40.357+0000] {logging_mixin.py:188} INFO - [2025-01-23T09:35:40.356+0000] {dag.py:3036} INFO - Sync 1 DAGs
[2025-01-23T09:35:40.402+0000] {logging_mixin.py:188} INFO - [2025-01-23T09:35:40.402+0000] {dag.py:3823} INFO - Setting next_dagrun for example_short_circuit_operator to 2025-01-22 00:00:00+00:00, run_after=2025-01-23 00:00:00+00:00
[2025-01-23T09:35:40.437+0000] {processor.py:183} INFO - Processing /home/airflow/.local/lib/python3.8/site-packages/airflow/example_dags/example_short_circuit_operator.py took 0.165 seconds
[2025-01-23T09:36:10.640+0000] {processor.py:161} INFO - Started process (PID=1546) to work on /home/airflow/.local/lib/python3.8/site-packages/airflow/example_dags/example_short_circuit_operator.py
[2025-01-23T09:36:10.645+0000] {processor.py:830} INFO - Processing file /home/airflow/.local/lib/python3.8/site-packages/airflow/example_dags/example_short_circuit_operator.py for tasks to queue
[2025-01-23T09:36:10.648+0000] {logging_mixin.py:188} INFO - [2025-01-23T09:36:10.647+0000] {dagbag.py:538} INFO - Filling up the DagBag from /home/airflow/.local/lib/python3.8/site-packages/airflow/example_dags/example_short_circuit_operator.py
[2025-01-23T09:36:10.686+0000] {processor.py:840} INFO - DAG(s) 'example_short_circuit_operator' retrieved from /home/airflow/.local/lib/python3.8/site-packages/airflow/example_dags/example_short_circuit_operator.py
[2025-01-23T09:36:10.771+0000] {logging_mixin.py:188} INFO - [2025-01-23T09:36:10.770+0000] {dag.py:3036} INFO - Sync 1 DAGs
[2025-01-23T09:36:10.875+0000] {logging_mixin.py:188} INFO - [2025-01-23T09:36:10.874+0000] {dag.py:3823} INFO - Setting next_dagrun for example_short_circuit_operator to 2025-01-22 00:00:00+00:00, run_after=2025-01-23 00:00:00+00:00
[2025-01-23T09:36:10.984+0000] {processor.py:183} INFO - Processing /home/airflow/.local/lib/python3.8/site-packages/airflow/example_dags/example_short_circuit_operator.py took 0.359 seconds
[2025-01-23T09:36:41.315+0000] {processor.py:161} INFO - Started process (PID=1602) to work on /home/airflow/.local/lib/python3.8/site-packages/airflow/example_dags/example_short_circuit_operator.py
[2025-01-23T09:36:41.317+0000] {processor.py:830} INFO - Processing file /home/airflow/.local/lib/python3.8/site-packages/airflow/example_dags/example_short_circuit_operator.py for tasks to queue
[2025-01-23T09:36:41.320+0000] {logging_mixin.py:188} INFO - [2025-01-23T09:36:41.319+0000] {dagbag.py:538} INFO - Filling up the DagBag from /home/airflow/.local/lib/python3.8/site-packages/airflow/example_dags/example_short_circuit_operator.py
[2025-01-23T09:36:41.337+0000] {processor.py:840} INFO - DAG(s) 'example_short_circuit_operator' retrieved from /home/airflow/.local/lib/python3.8/site-packages/airflow/example_dags/example_short_circuit_operator.py
[2025-01-23T09:36:41.379+0000] {logging_mixin.py:188} INFO - [2025-01-23T09:36:41.379+0000] {dag.py:3036} INFO - Sync 1 DAGs
[2025-01-23T09:36:41.413+0000] {logging_mixin.py:188} INFO - [2025-01-23T09:36:41.413+0000] {dag.py:3823} INFO - Setting next_dagrun for example_short_circuit_operator to 2025-01-22 00:00:00+00:00, run_after=2025-01-23 00:00:00+00:00
[2025-01-23T09:36:41.446+0000] {processor.py:183} INFO - Processing /home/airflow/.local/lib/python3.8/site-packages/airflow/example_dags/example_short_circuit_operator.py took 0.137 seconds
[2025-01-23T09:37:12.033+0000] {processor.py:161} INFO - Started process (PID=1658) to work on /home/airflow/.local/lib/python3.8/site-packages/airflow/example_dags/example_short_circuit_operator.py
[2025-01-23T09:37:12.036+0000] {processor.py:830} INFO - Processing file /home/airflow/.local/lib/python3.8/site-packages/airflow/example_dags/example_short_circuit_operator.py for tasks to queue
[2025-01-23T09:37:12.040+0000] {logging_mixin.py:188} INFO - [2025-01-23T09:37:12.039+0000] {dagbag.py:538} INFO - Filling up the DagBag from /home/airflow/.local/lib/python3.8/site-packages/airflow/example_dags/example_short_circuit_operator.py
[2025-01-23T09:37:12.058+0000] {processor.py:840} INFO - DAG(s) 'example_short_circuit_operator' retrieved from /home/airflow/.local/lib/python3.8/site-packages/airflow/example_dags/example_short_circuit_operator.py
[2025-01-23T09:37:12.107+0000] {logging_mixin.py:188} INFO - [2025-01-23T09:37:12.107+0000] {dag.py:3036} INFO - Sync 1 DAGs
[2025-01-23T09:37:12.149+0000] {logging_mixin.py:188} INFO - [2025-01-23T09:37:12.149+0000] {dag.py:3823} INFO - Setting next_dagrun for example_short_circuit_operator to 2025-01-22 00:00:00+00:00, run_after=2025-01-23 00:00:00+00:00
[2025-01-23T09:37:12.181+0000] {processor.py:183} INFO - Processing /home/airflow/.local/lib/python3.8/site-packages/airflow/example_dags/example_short_circuit_operator.py took 0.154 seconds
[2025-01-23T09:37:42.326+0000] {processor.py:161} INFO - Started process (PID=1714) to work on /home/airflow/.local/lib/python3.8/site-packages/airflow/example_dags/example_short_circuit_operator.py
[2025-01-23T09:37:42.331+0000] {processor.py:830} INFO - Processing file /home/airflow/.local/lib/python3.8/site-packages/airflow/example_dags/example_short_circuit_operator.py for tasks to queue
[2025-01-23T09:37:42.338+0000] {logging_mixin.py:188} INFO - [2025-01-23T09:37:42.337+0000] {dagbag.py:538} INFO - Filling up the DagBag from /home/airflow/.local/lib/python3.8/site-packages/airflow/example_dags/example_short_circuit_operator.py
[2025-01-23T09:37:42.372+0000] {processor.py:840} INFO - DAG(s) 'example_short_circuit_operator' retrieved from /home/airflow/.local/lib/python3.8/site-packages/airflow/example_dags/example_short_circuit_operator.py
[2025-01-23T09:37:42.463+0000] {logging_mixin.py:188} INFO - [2025-01-23T09:37:42.462+0000] {dag.py:3036} INFO - Sync 1 DAGs
[2025-01-23T09:37:42.557+0000] {logging_mixin.py:188} INFO - [2025-01-23T09:37:42.556+0000] {dag.py:3823} INFO - Setting next_dagrun for example_short_circuit_operator to 2025-01-22 00:00:00+00:00, run_after=2025-01-23 00:00:00+00:00
[2025-01-23T09:37:42.612+0000] {processor.py:183} INFO - Processing /home/airflow/.local/lib/python3.8/site-packages/airflow/example_dags/example_short_circuit_operator.py took 0.300 seconds
[2025-01-23T09:38:12.776+0000] {processor.py:161} INFO - Started process (PID=1771) to work on /home/airflow/.local/lib/python3.8/site-packages/airflow/example_dags/example_short_circuit_operator.py
[2025-01-23T09:38:12.778+0000] {processor.py:830} INFO - Processing file /home/airflow/.local/lib/python3.8/site-packages/airflow/example_dags/example_short_circuit_operator.py for tasks to queue
[2025-01-23T09:38:12.779+0000] {logging_mixin.py:188} INFO - [2025-01-23T09:38:12.779+0000] {dagbag.py:538} INFO - Filling up the DagBag from /home/airflow/.local/lib/python3.8/site-packages/airflow/example_dags/example_short_circuit_operator.py
[2025-01-23T09:38:12.796+0000] {processor.py:840} INFO - DAG(s) 'example_short_circuit_operator' retrieved from /home/airflow/.local/lib/python3.8/site-packages/airflow/example_dags/example_short_circuit_operator.py
[2025-01-23T09:38:12.838+0000] {logging_mixin.py:188} INFO - [2025-01-23T09:38:12.838+0000] {dag.py:3036} INFO - Sync 1 DAGs
[2025-01-23T09:38:12.880+0000] {logging_mixin.py:188} INFO - [2025-01-23T09:38:12.879+0000] {dag.py:3823} INFO - Setting next_dagrun for example_short_circuit_operator to 2025-01-22 00:00:00+00:00, run_after=2025-01-23 00:00:00+00:00
[2025-01-23T09:38:12.920+0000] {processor.py:183} INFO - Processing /home/airflow/.local/lib/python3.8/site-packages/airflow/example_dags/example_short_circuit_operator.py took 0.152 seconds
[2025-01-23T09:38:42.998+0000] {processor.py:161} INFO - Started process (PID=1826) to work on /home/airflow/.local/lib/python3.8/site-packages/airflow/example_dags/example_short_circuit_operator.py
[2025-01-23T09:38:42.999+0000] {processor.py:830} INFO - Processing file /home/airflow/.local/lib/python3.8/site-packages/airflow/example_dags/example_short_circuit_operator.py for tasks to queue
[2025-01-23T09:38:43.001+0000] {logging_mixin.py:188} INFO - [2025-01-23T09:38:43.001+0000] {dagbag.py:538} INFO - Filling up the DagBag from /home/airflow/.local/lib/python3.8/site-packages/airflow/example_dags/example_short_circuit_operator.py
[2025-01-23T09:38:43.019+0000] {processor.py:840} INFO - DAG(s) 'example_short_circuit_operator' retrieved from /home/airflow/.local/lib/python3.8/site-packages/airflow/example_dags/example_short_circuit_operator.py
[2025-01-23T09:38:43.075+0000] {logging_mixin.py:188} INFO - [2025-01-23T09:38:43.074+0000] {dag.py:3036} INFO - Sync 1 DAGs
[2025-01-23T09:38:43.140+0000] {logging_mixin.py:188} INFO - [2025-01-23T09:38:43.139+0000] {dag.py:3823} INFO - Setting next_dagrun for example_short_circuit_operator to 2025-01-22 00:00:00+00:00, run_after=2025-01-23 00:00:00+00:00
[2025-01-23T09:38:43.184+0000] {processor.py:183} INFO - Processing /home/airflow/.local/lib/python3.8/site-packages/airflow/example_dags/example_short_circuit_operator.py took 0.196 seconds
[2025-01-23T09:39:13.908+0000] {processor.py:161} INFO - Started process (PID=1881) to work on /home/airflow/.local/lib/python3.8/site-packages/airflow/example_dags/example_short_circuit_operator.py
[2025-01-23T09:39:13.910+0000] {processor.py:830} INFO - Processing file /home/airflow/.local/lib/python3.8/site-packages/airflow/example_dags/example_short_circuit_operator.py for tasks to queue
[2025-01-23T09:39:13.912+0000] {logging_mixin.py:188} INFO - [2025-01-23T09:39:13.911+0000] {dagbag.py:538} INFO - Filling up the DagBag from /home/airflow/.local/lib/python3.8/site-packages/airflow/example_dags/example_short_circuit_operator.py
[2025-01-23T09:39:13.936+0000] {processor.py:840} INFO - DAG(s) 'example_short_circuit_operator' retrieved from /home/airflow/.local/lib/python3.8/site-packages/airflow/example_dags/example_short_circuit_operator.py
[2025-01-23T09:39:14.007+0000] {logging_mixin.py:188} INFO - [2025-01-23T09:39:14.006+0000] {dag.py:3036} INFO - Sync 1 DAGs
[2025-01-23T09:39:14.063+0000] {logging_mixin.py:188} INFO - [2025-01-23T09:39:14.063+0000] {dag.py:3823} INFO - Setting next_dagrun for example_short_circuit_operator to 2025-01-22 00:00:00+00:00, run_after=2025-01-23 00:00:00+00:00
[2025-01-23T09:39:14.122+0000] {processor.py:183} INFO - Processing /home/airflow/.local/lib/python3.8/site-packages/airflow/example_dags/example_short_circuit_operator.py took 0.221 seconds
[2025-01-23T09:39:44.188+0000] {processor.py:161} INFO - Started process (PID=1937) to work on /home/airflow/.local/lib/python3.8/site-packages/airflow/example_dags/example_short_circuit_operator.py
[2025-01-23T09:39:44.190+0000] {processor.py:830} INFO - Processing file /home/airflow/.local/lib/python3.8/site-packages/airflow/example_dags/example_short_circuit_operator.py for tasks to queue
[2025-01-23T09:39:44.193+0000] {logging_mixin.py:188} INFO - [2025-01-23T09:39:44.192+0000] {dagbag.py:538} INFO - Filling up the DagBag from /home/airflow/.local/lib/python3.8/site-packages/airflow/example_dags/example_short_circuit_operator.py
[2025-01-23T09:39:44.216+0000] {processor.py:840} INFO - DAG(s) 'example_short_circuit_operator' retrieved from /home/airflow/.local/lib/python3.8/site-packages/airflow/example_dags/example_short_circuit_operator.py
[2025-01-23T09:39:44.275+0000] {logging_mixin.py:188} INFO - [2025-01-23T09:39:44.274+0000] {dag.py:3036} INFO - Sync 1 DAGs
[2025-01-23T09:39:44.328+0000] {logging_mixin.py:188} INFO - [2025-01-23T09:39:44.327+0000] {dag.py:3823} INFO - Setting next_dagrun for example_short_circuit_operator to 2025-01-22 00:00:00+00:00, run_after=2025-01-23 00:00:00+00:00
[2025-01-23T09:39:44.372+0000] {processor.py:183} INFO - Processing /home/airflow/.local/lib/python3.8/site-packages/airflow/example_dags/example_short_circuit_operator.py took 0.193 seconds
[2025-01-23T09:40:14.752+0000] {processor.py:161} INFO - Started process (PID=1993) to work on /home/airflow/.local/lib/python3.8/site-packages/airflow/example_dags/example_short_circuit_operator.py
[2025-01-23T09:40:14.754+0000] {processor.py:830} INFO - Processing file /home/airflow/.local/lib/python3.8/site-packages/airflow/example_dags/example_short_circuit_operator.py for tasks to queue
[2025-01-23T09:40:14.756+0000] {logging_mixin.py:188} INFO - [2025-01-23T09:40:14.756+0000] {dagbag.py:538} INFO - Filling up the DagBag from /home/airflow/.local/lib/python3.8/site-packages/airflow/example_dags/example_short_circuit_operator.py
[2025-01-23T09:40:14.781+0000] {processor.py:840} INFO - DAG(s) 'example_short_circuit_operator' retrieved from /home/airflow/.local/lib/python3.8/site-packages/airflow/example_dags/example_short_circuit_operator.py
[2025-01-23T09:40:14.839+0000] {logging_mixin.py:188} INFO - [2025-01-23T09:40:14.838+0000] {dag.py:3036} INFO - Sync 1 DAGs
[2025-01-23T09:40:14.885+0000] {logging_mixin.py:188} INFO - [2025-01-23T09:40:14.885+0000] {dag.py:3823} INFO - Setting next_dagrun for example_short_circuit_operator to 2025-01-22 00:00:00+00:00, run_after=2025-01-23 00:00:00+00:00
[2025-01-23T09:40:14.929+0000] {processor.py:183} INFO - Processing /home/airflow/.local/lib/python3.8/site-packages/airflow/example_dags/example_short_circuit_operator.py took 0.185 seconds
[2025-01-23T09:40:45.179+0000] {processor.py:161} INFO - Started process (PID=2050) to work on /home/airflow/.local/lib/python3.8/site-packages/airflow/example_dags/example_short_circuit_operator.py
[2025-01-23T09:40:45.181+0000] {processor.py:830} INFO - Processing file /home/airflow/.local/lib/python3.8/site-packages/airflow/example_dags/example_short_circuit_operator.py for tasks to queue
[2025-01-23T09:40:45.184+0000] {logging_mixin.py:188} INFO - [2025-01-23T09:40:45.183+0000] {dagbag.py:538} INFO - Filling up the DagBag from /home/airflow/.local/lib/python3.8/site-packages/airflow/example_dags/example_short_circuit_operator.py
[2025-01-23T09:40:45.211+0000] {processor.py:840} INFO - DAG(s) 'example_short_circuit_operator' retrieved from /home/airflow/.local/lib/python3.8/site-packages/airflow/example_dags/example_short_circuit_operator.py
[2025-01-23T09:40:45.280+0000] {logging_mixin.py:188} INFO - [2025-01-23T09:40:45.279+0000] {dag.py:3036} INFO - Sync 1 DAGs
[2025-01-23T09:40:45.340+0000] {logging_mixin.py:188} INFO - [2025-01-23T09:40:45.339+0000] {dag.py:3823} INFO - Setting next_dagrun for example_short_circuit_operator to 2025-01-22 00:00:00+00:00, run_after=2025-01-23 00:00:00+00:00
[2025-01-23T09:40:45.388+0000] {processor.py:183} INFO - Processing /home/airflow/.local/lib/python3.8/site-packages/airflow/example_dags/example_short_circuit_operator.py took 0.217 seconds
[2025-01-23T09:41:20.011+0000] {processor.py:161} INFO - Started process (PID=2107) to work on /home/airflow/.local/lib/python3.8/site-packages/airflow/example_dags/example_short_circuit_operator.py
[2025-01-23T09:41:20.022+0000] {processor.py:830} INFO - Processing file /home/airflow/.local/lib/python3.8/site-packages/airflow/example_dags/example_short_circuit_operator.py for tasks to queue
[2025-01-23T09:41:20.026+0000] {logging_mixin.py:188} INFO - [2025-01-23T09:41:20.025+0000] {dagbag.py:538} INFO - Filling up the DagBag from /home/airflow/.local/lib/python3.8/site-packages/airflow/example_dags/example_short_circuit_operator.py
[2025-01-23T09:41:20.080+0000] {processor.py:840} INFO - DAG(s) 'example_short_circuit_operator' retrieved from /home/airflow/.local/lib/python3.8/site-packages/airflow/example_dags/example_short_circuit_operator.py
[2025-01-23T09:41:20.242+0000] {logging_mixin.py:188} INFO - [2025-01-23T09:41:20.242+0000] {dag.py:3036} INFO - Sync 1 DAGs
[2025-01-23T09:41:20.410+0000] {logging_mixin.py:188} INFO - [2025-01-23T09:41:20.398+0000] {dag.py:3823} INFO - Setting next_dagrun for example_short_circuit_operator to 2025-01-22 00:00:00+00:00, run_after=2025-01-23 00:00:00+00:00
[2025-01-23T09:41:20.597+0000] {processor.py:183} INFO - Processing /home/airflow/.local/lib/python3.8/site-packages/airflow/example_dags/example_short_circuit_operator.py took 0.602 seconds
[2025-01-23T09:41:51.219+0000] {processor.py:161} INFO - Started process (PID=2163) to work on /home/airflow/.local/lib/python3.8/site-packages/airflow/example_dags/example_short_circuit_operator.py
[2025-01-23T09:41:51.235+0000] {processor.py:830} INFO - Processing file /home/airflow/.local/lib/python3.8/site-packages/airflow/example_dags/example_short_circuit_operator.py for tasks to queue
[2025-01-23T09:41:51.291+0000] {logging_mixin.py:188} INFO - [2025-01-23T09:41:51.290+0000] {dagbag.py:538} INFO - Filling up the DagBag from /home/airflow/.local/lib/python3.8/site-packages/airflow/example_dags/example_short_circuit_operator.py
[2025-01-23T09:41:51.427+0000] {processor.py:840} INFO - DAG(s) 'example_short_circuit_operator' retrieved from /home/airflow/.local/lib/python3.8/site-packages/airflow/example_dags/example_short_circuit_operator.py
[2025-01-23T09:41:51.706+0000] {logging_mixin.py:188} INFO - [2025-01-23T09:41:51.705+0000] {dag.py:3036} INFO - Sync 1 DAGs
[2025-01-23T09:41:51.965+0000] {logging_mixin.py:188} INFO - [2025-01-23T09:41:51.964+0000] {dag.py:3823} INFO - Setting next_dagrun for example_short_circuit_operator to 2025-01-22 00:00:00+00:00, run_after=2025-01-23 00:00:00+00:00
[2025-01-23T09:41:52.160+0000] {processor.py:183} INFO - Processing /home/airflow/.local/lib/python3.8/site-packages/airflow/example_dags/example_short_circuit_operator.py took 0.960 seconds
[2025-01-23T09:42:22.949+0000] {processor.py:161} INFO - Started process (PID=2219) to work on /home/airflow/.local/lib/python3.8/site-packages/airflow/example_dags/example_short_circuit_operator.py
[2025-01-23T09:42:22.954+0000] {processor.py:830} INFO - Processing file /home/airflow/.local/lib/python3.8/site-packages/airflow/example_dags/example_short_circuit_operator.py for tasks to queue
[2025-01-23T09:42:22.958+0000] {logging_mixin.py:188} INFO - [2025-01-23T09:42:22.957+0000] {dagbag.py:538} INFO - Filling up the DagBag from /home/airflow/.local/lib/python3.8/site-packages/airflow/example_dags/example_short_circuit_operator.py
[2025-01-23T09:42:22.987+0000] {processor.py:840} INFO - DAG(s) 'example_short_circuit_operator' retrieved from /home/airflow/.local/lib/python3.8/site-packages/airflow/example_dags/example_short_circuit_operator.py
[2025-01-23T09:42:23.056+0000] {logging_mixin.py:188} INFO - [2025-01-23T09:42:23.055+0000] {dag.py:3036} INFO - Sync 1 DAGs
[2025-01-23T09:42:23.139+0000] {logging_mixin.py:188} INFO - [2025-01-23T09:42:23.139+0000] {dag.py:3823} INFO - Setting next_dagrun for example_short_circuit_operator to 2025-01-22 00:00:00+00:00, run_after=2025-01-23 00:00:00+00:00
[2025-01-23T09:42:23.228+0000] {processor.py:183} INFO - Processing /home/airflow/.local/lib/python3.8/site-packages/airflow/example_dags/example_short_circuit_operator.py took 0.301 seconds
[2025-01-23T09:42:53.510+0000] {processor.py:161} INFO - Started process (PID=2275) to work on /home/airflow/.local/lib/python3.8/site-packages/airflow/example_dags/example_short_circuit_operator.py
[2025-01-23T09:42:53.513+0000] {processor.py:830} INFO - Processing file /home/airflow/.local/lib/python3.8/site-packages/airflow/example_dags/example_short_circuit_operator.py for tasks to queue
[2025-01-23T09:42:53.516+0000] {logging_mixin.py:188} INFO - [2025-01-23T09:42:53.515+0000] {dagbag.py:538} INFO - Filling up the DagBag from /home/airflow/.local/lib/python3.8/site-packages/airflow/example_dags/example_short_circuit_operator.py
[2025-01-23T09:42:53.553+0000] {processor.py:840} INFO - DAG(s) 'example_short_circuit_operator' retrieved from /home/airflow/.local/lib/python3.8/site-packages/airflow/example_dags/example_short_circuit_operator.py
[2025-01-23T09:42:53.647+0000] {logging_mixin.py:188} INFO - [2025-01-23T09:42:53.646+0000] {dag.py:3036} INFO - Sync 1 DAGs
[2025-01-23T09:42:53.930+0000] {logging_mixin.py:188} INFO - [2025-01-23T09:42:53.930+0000] {dag.py:3823} INFO - Setting next_dagrun for example_short_circuit_operator to 2025-01-22 00:00:00+00:00, run_after=2025-01-23 00:00:00+00:00
[2025-01-23T09:42:53.981+0000] {processor.py:183} INFO - Processing /home/airflow/.local/lib/python3.8/site-packages/airflow/example_dags/example_short_circuit_operator.py took 0.482 seconds
[2025-01-23T09:43:25.566+0000] {processor.py:161} INFO - Started process (PID=2325) to work on /home/airflow/.local/lib/python3.8/site-packages/airflow/example_dags/example_short_circuit_operator.py
[2025-01-23T09:43:25.600+0000] {processor.py:830} INFO - Processing file /home/airflow/.local/lib/python3.8/site-packages/airflow/example_dags/example_short_circuit_operator.py for tasks to queue
[2025-01-23T09:43:25.605+0000] {logging_mixin.py:188} INFO - [2025-01-23T09:43:25.604+0000] {dagbag.py:538} INFO - Filling up the DagBag from /home/airflow/.local/lib/python3.8/site-packages/airflow/example_dags/example_short_circuit_operator.py
[2025-01-23T09:43:25.663+0000] {processor.py:840} INFO - DAG(s) 'example_short_circuit_operator' retrieved from /home/airflow/.local/lib/python3.8/site-packages/airflow/example_dags/example_short_circuit_operator.py
[2025-01-23T09:43:25.810+0000] {logging_mixin.py:188} INFO - [2025-01-23T09:43:25.809+0000] {dag.py:3036} INFO - Sync 1 DAGs
[2025-01-23T09:43:25.889+0000] {logging_mixin.py:188} INFO - [2025-01-23T09:43:25.888+0000] {dag.py:3823} INFO - Setting next_dagrun for example_short_circuit_operator to 2025-01-22 00:00:00+00:00, run_after=2025-01-23 00:00:00+00:00
[2025-01-23T09:43:26.418+0000] {processor.py:183} INFO - Processing /home/airflow/.local/lib/python3.8/site-packages/airflow/example_dags/example_short_circuit_operator.py took 0.872 seconds
[2025-01-23T09:43:56.996+0000] {processor.py:161} INFO - Started process (PID=2382) to work on /home/airflow/.local/lib/python3.8/site-packages/airflow/example_dags/example_short_circuit_operator.py
[2025-01-23T09:43:56.999+0000] {processor.py:830} INFO - Processing file /home/airflow/.local/lib/python3.8/site-packages/airflow/example_dags/example_short_circuit_operator.py for tasks to queue
[2025-01-23T09:43:57.002+0000] {logging_mixin.py:188} INFO - [2025-01-23T09:43:57.001+0000] {dagbag.py:538} INFO - Filling up the DagBag from /home/airflow/.local/lib/python3.8/site-packages/airflow/example_dags/example_short_circuit_operator.py
[2025-01-23T09:43:57.025+0000] {processor.py:840} INFO - DAG(s) 'example_short_circuit_operator' retrieved from /home/airflow/.local/lib/python3.8/site-packages/airflow/example_dags/example_short_circuit_operator.py
[2025-01-23T09:43:57.081+0000] {logging_mixin.py:188} INFO - [2025-01-23T09:43:57.081+0000] {dag.py:3036} INFO - Sync 1 DAGs
[2025-01-23T09:43:57.138+0000] {logging_mixin.py:188} INFO - [2025-01-23T09:43:57.137+0000] {dag.py:3823} INFO - Setting next_dagrun for example_short_circuit_operator to 2025-01-22 00:00:00+00:00, run_after=2025-01-23 00:00:00+00:00
[2025-01-23T09:43:57.185+0000] {processor.py:183} INFO - Processing /home/airflow/.local/lib/python3.8/site-packages/airflow/example_dags/example_short_circuit_operator.py took 0.198 seconds
[2025-01-23T09:44:29.825+0000] {processor.py:161} INFO - Started process (PID=2439) to work on /home/airflow/.local/lib/python3.8/site-packages/airflow/example_dags/example_short_circuit_operator.py
[2025-01-23T09:44:29.830+0000] {processor.py:830} INFO - Processing file /home/airflow/.local/lib/python3.8/site-packages/airflow/example_dags/example_short_circuit_operator.py for tasks to queue
[2025-01-23T09:44:29.834+0000] {logging_mixin.py:188} INFO - [2025-01-23T09:44:29.833+0000] {dagbag.py:538} INFO - Filling up the DagBag from /home/airflow/.local/lib/python3.8/site-packages/airflow/example_dags/example_short_circuit_operator.py
[2025-01-23T09:44:29.873+0000] {processor.py:840} INFO - DAG(s) 'example_short_circuit_operator' retrieved from /home/airflow/.local/lib/python3.8/site-packages/airflow/example_dags/example_short_circuit_operator.py
[2025-01-23T09:44:29.960+0000] {logging_mixin.py:188} INFO - [2025-01-23T09:44:29.959+0000] {dag.py:3036} INFO - Sync 1 DAGs
[2025-01-23T09:44:30.015+0000] {logging_mixin.py:188} INFO - [2025-01-23T09:44:30.015+0000] {dag.py:3823} INFO - Setting next_dagrun for example_short_circuit_operator to 2025-01-22 00:00:00+00:00, run_after=2025-01-23 00:00:00+00:00
[2025-01-23T09:44:30.071+0000] {processor.py:183} INFO - Processing /home/airflow/.local/lib/python3.8/site-packages/airflow/example_dags/example_short_circuit_operator.py took 0.254 seconds
[2025-01-23T09:45:00.570+0000] {processor.py:161} INFO - Started process (PID=2495) to work on /home/airflow/.local/lib/python3.8/site-packages/airflow/example_dags/example_short_circuit_operator.py
[2025-01-23T09:45:00.573+0000] {processor.py:830} INFO - Processing file /home/airflow/.local/lib/python3.8/site-packages/airflow/example_dags/example_short_circuit_operator.py for tasks to queue
[2025-01-23T09:45:00.576+0000] {logging_mixin.py:188} INFO - [2025-01-23T09:45:00.575+0000] {dagbag.py:538} INFO - Filling up the DagBag from /home/airflow/.local/lib/python3.8/site-packages/airflow/example_dags/example_short_circuit_operator.py
[2025-01-23T09:45:00.612+0000] {processor.py:840} INFO - DAG(s) 'example_short_circuit_operator' retrieved from /home/airflow/.local/lib/python3.8/site-packages/airflow/example_dags/example_short_circuit_operator.py
[2025-01-23T09:45:00.669+0000] {logging_mixin.py:188} INFO - [2025-01-23T09:45:00.668+0000] {dag.py:3036} INFO - Sync 1 DAGs
[2025-01-23T09:45:00.931+0000] {logging_mixin.py:188} INFO - [2025-01-23T09:45:00.930+0000] {dag.py:3823} INFO - Setting next_dagrun for example_short_circuit_operator to 2025-01-22 00:00:00+00:00, run_after=2025-01-23 00:00:00+00:00
[2025-01-23T09:45:00.967+0000] {processor.py:183} INFO - Processing /home/airflow/.local/lib/python3.8/site-packages/airflow/example_dags/example_short_circuit_operator.py took 0.411 seconds
[2025-01-23T09:45:31.260+0000] {processor.py:161} INFO - Started process (PID=2551) to work on /home/airflow/.local/lib/python3.8/site-packages/airflow/example_dags/example_short_circuit_operator.py
[2025-01-23T09:45:31.263+0000] {processor.py:830} INFO - Processing file /home/airflow/.local/lib/python3.8/site-packages/airflow/example_dags/example_short_circuit_operator.py for tasks to queue
[2025-01-23T09:45:31.266+0000] {logging_mixin.py:188} INFO - [2025-01-23T09:45:31.265+0000] {dagbag.py:538} INFO - Filling up the DagBag from /home/airflow/.local/lib/python3.8/site-packages/airflow/example_dags/example_short_circuit_operator.py
[2025-01-23T09:45:31.292+0000] {processor.py:840} INFO - DAG(s) 'example_short_circuit_operator' retrieved from /home/airflow/.local/lib/python3.8/site-packages/airflow/example_dags/example_short_circuit_operator.py
[2025-01-23T09:45:31.368+0000] {logging_mixin.py:188} INFO - [2025-01-23T09:45:31.368+0000] {dag.py:3036} INFO - Sync 1 DAGs
[2025-01-23T09:45:31.444+0000] {logging_mixin.py:188} INFO - [2025-01-23T09:45:31.443+0000] {dag.py:3823} INFO - Setting next_dagrun for example_short_circuit_operator to 2025-01-22 00:00:00+00:00, run_after=2025-01-23 00:00:00+00:00
[2025-01-23T09:45:31.524+0000] {processor.py:183} INFO - Processing /home/airflow/.local/lib/python3.8/site-packages/airflow/example_dags/example_short_circuit_operator.py took 0.274 seconds
[2025-01-23T09:46:02.098+0000] {processor.py:161} INFO - Started process (PID=2605) to work on /home/airflow/.local/lib/python3.8/site-packages/airflow/example_dags/example_short_circuit_operator.py
[2025-01-23T09:46:02.101+0000] {processor.py:830} INFO - Processing file /home/airflow/.local/lib/python3.8/site-packages/airflow/example_dags/example_short_circuit_operator.py for tasks to queue
[2025-01-23T09:46:02.104+0000] {logging_mixin.py:188} INFO - [2025-01-23T09:46:02.103+0000] {dagbag.py:538} INFO - Filling up the DagBag from /home/airflow/.local/lib/python3.8/site-packages/airflow/example_dags/example_short_circuit_operator.py
[2025-01-23T09:46:02.130+0000] {processor.py:840} INFO - DAG(s) 'example_short_circuit_operator' retrieved from /home/airflow/.local/lib/python3.8/site-packages/airflow/example_dags/example_short_circuit_operator.py
[2025-01-23T09:46:02.220+0000] {logging_mixin.py:188} INFO - [2025-01-23T09:46:02.219+0000] {dag.py:3036} INFO - Sync 1 DAGs
[2025-01-23T09:46:02.358+0000] {logging_mixin.py:188} INFO - [2025-01-23T09:46:02.356+0000] {dag.py:3823} INFO - Setting next_dagrun for example_short_circuit_operator to 2025-01-22 00:00:00+00:00, run_after=2025-01-23 00:00:00+00:00
[2025-01-23T09:46:02.438+0000] {processor.py:183} INFO - Processing /home/airflow/.local/lib/python3.8/site-packages/airflow/example_dags/example_short_circuit_operator.py took 0.350 seconds
[2025-01-23T09:46:32.603+0000] {processor.py:161} INFO - Started process (PID=2659) to work on /home/airflow/.local/lib/python3.8/site-packages/airflow/example_dags/example_short_circuit_operator.py
[2025-01-23T09:46:32.613+0000] {processor.py:830} INFO - Processing file /home/airflow/.local/lib/python3.8/site-packages/airflow/example_dags/example_short_circuit_operator.py for tasks to queue
[2025-01-23T09:46:32.618+0000] {logging_mixin.py:188} INFO - [2025-01-23T09:46:32.616+0000] {dagbag.py:538} INFO - Filling up the DagBag from /home/airflow/.local/lib/python3.8/site-packages/airflow/example_dags/example_short_circuit_operator.py
[2025-01-23T09:46:32.646+0000] {processor.py:840} INFO - DAG(s) 'example_short_circuit_operator' retrieved from /home/airflow/.local/lib/python3.8/site-packages/airflow/example_dags/example_short_circuit_operator.py
[2025-01-23T09:46:32.737+0000] {logging_mixin.py:188} INFO - [2025-01-23T09:46:32.736+0000] {dag.py:3036} INFO - Sync 1 DAGs
[2025-01-23T09:46:32.856+0000] {logging_mixin.py:188} INFO - [2025-01-23T09:46:32.855+0000] {dag.py:3823} INFO - Setting next_dagrun for example_short_circuit_operator to 2025-01-22 00:00:00+00:00, run_after=2025-01-23 00:00:00+00:00
[2025-01-23T09:46:32.955+0000] {processor.py:183} INFO - Processing /home/airflow/.local/lib/python3.8/site-packages/airflow/example_dags/example_short_circuit_operator.py took 0.361 seconds
[2025-01-23T09:47:03.159+0000] {processor.py:161} INFO - Started process (PID=2715) to work on /home/airflow/.local/lib/python3.8/site-packages/airflow/example_dags/example_short_circuit_operator.py
[2025-01-23T09:47:03.162+0000] {processor.py:830} INFO - Processing file /home/airflow/.local/lib/python3.8/site-packages/airflow/example_dags/example_short_circuit_operator.py for tasks to queue
[2025-01-23T09:47:03.164+0000] {logging_mixin.py:188} INFO - [2025-01-23T09:47:03.163+0000] {dagbag.py:538} INFO - Filling up the DagBag from /home/airflow/.local/lib/python3.8/site-packages/airflow/example_dags/example_short_circuit_operator.py
[2025-01-23T09:47:03.187+0000] {processor.py:840} INFO - DAG(s) 'example_short_circuit_operator' retrieved from /home/airflow/.local/lib/python3.8/site-packages/airflow/example_dags/example_short_circuit_operator.py
[2025-01-23T09:47:03.253+0000] {logging_mixin.py:188} INFO - [2025-01-23T09:47:03.252+0000] {dag.py:3036} INFO - Sync 1 DAGs
[2025-01-23T09:47:03.318+0000] {logging_mixin.py:188} INFO - [2025-01-23T09:47:03.318+0000] {dag.py:3823} INFO - Setting next_dagrun for example_short_circuit_operator to 2025-01-22 00:00:00+00:00, run_after=2025-01-23 00:00:00+00:00
[2025-01-23T09:47:03.353+0000] {processor.py:183} INFO - Processing /home/airflow/.local/lib/python3.8/site-packages/airflow/example_dags/example_short_circuit_operator.py took 0.201 seconds
[2025-01-23T09:47:33.895+0000] {processor.py:161} INFO - Started process (PID=2770) to work on /home/airflow/.local/lib/python3.8/site-packages/airflow/example_dags/example_short_circuit_operator.py
[2025-01-23T09:47:33.899+0000] {processor.py:830} INFO - Processing file /home/airflow/.local/lib/python3.8/site-packages/airflow/example_dags/example_short_circuit_operator.py for tasks to queue
[2025-01-23T09:47:33.902+0000] {logging_mixin.py:188} INFO - [2025-01-23T09:47:33.901+0000] {dagbag.py:538} INFO - Filling up the DagBag from /home/airflow/.local/lib/python3.8/site-packages/airflow/example_dags/example_short_circuit_operator.py
[2025-01-23T09:47:33.924+0000] {processor.py:840} INFO - DAG(s) 'example_short_circuit_operator' retrieved from /home/airflow/.local/lib/python3.8/site-packages/airflow/example_dags/example_short_circuit_operator.py
[2025-01-23T09:47:33.981+0000] {logging_mixin.py:188} INFO - [2025-01-23T09:47:33.980+0000] {dag.py:3036} INFO - Sync 1 DAGs
[2025-01-23T09:47:34.024+0000] {logging_mixin.py:188} INFO - [2025-01-23T09:47:34.023+0000] {dag.py:3823} INFO - Setting next_dagrun for example_short_circuit_operator to 2025-01-22 00:00:00+00:00, run_after=2025-01-23 00:00:00+00:00
[2025-01-23T09:47:34.066+0000] {processor.py:183} INFO - Processing /home/airflow/.local/lib/python3.8/site-packages/airflow/example_dags/example_short_circuit_operator.py took 0.184 seconds
[2025-01-23T09:48:04.218+0000] {processor.py:161} INFO - Started process (PID=2826) to work on /home/airflow/.local/lib/python3.8/site-packages/airflow/example_dags/example_short_circuit_operator.py
[2025-01-23T09:48:04.220+0000] {processor.py:830} INFO - Processing file /home/airflow/.local/lib/python3.8/site-packages/airflow/example_dags/example_short_circuit_operator.py for tasks to queue
[2025-01-23T09:48:04.222+0000] {logging_mixin.py:188} INFO - [2025-01-23T09:48:04.221+0000] {dagbag.py:538} INFO - Filling up the DagBag from /home/airflow/.local/lib/python3.8/site-packages/airflow/example_dags/example_short_circuit_operator.py
[2025-01-23T09:48:04.239+0000] {processor.py:840} INFO - DAG(s) 'example_short_circuit_operator' retrieved from /home/airflow/.local/lib/python3.8/site-packages/airflow/example_dags/example_short_circuit_operator.py
[2025-01-23T09:48:04.282+0000] {logging_mixin.py:188} INFO - [2025-01-23T09:48:04.281+0000] {dag.py:3036} INFO - Sync 1 DAGs
[2025-01-23T09:48:04.325+0000] {logging_mixin.py:188} INFO - [2025-01-23T09:48:04.325+0000] {dag.py:3823} INFO - Setting next_dagrun for example_short_circuit_operator to 2025-01-22 00:00:00+00:00, run_after=2025-01-23 00:00:00+00:00
[2025-01-23T09:48:04.359+0000] {processor.py:183} INFO - Processing /home/airflow/.local/lib/python3.8/site-packages/airflow/example_dags/example_short_circuit_operator.py took 0.148 seconds
[2025-01-23T09:48:35.046+0000] {processor.py:161} INFO - Started process (PID=2881) to work on /home/airflow/.local/lib/python3.8/site-packages/airflow/example_dags/example_short_circuit_operator.py
[2025-01-23T09:48:35.049+0000] {processor.py:830} INFO - Processing file /home/airflow/.local/lib/python3.8/site-packages/airflow/example_dags/example_short_circuit_operator.py for tasks to queue
[2025-01-23T09:48:35.054+0000] {logging_mixin.py:188} INFO - [2025-01-23T09:48:35.053+0000] {dagbag.py:538} INFO - Filling up the DagBag from /home/airflow/.local/lib/python3.8/site-packages/airflow/example_dags/example_short_circuit_operator.py
[2025-01-23T09:48:35.076+0000] {processor.py:840} INFO - DAG(s) 'example_short_circuit_operator' retrieved from /home/airflow/.local/lib/python3.8/site-packages/airflow/example_dags/example_short_circuit_operator.py
[2025-01-23T09:48:35.126+0000] {logging_mixin.py:188} INFO - [2025-01-23T09:48:35.126+0000] {dag.py:3036} INFO - Sync 1 DAGs
[2025-01-23T09:48:35.177+0000] {logging_mixin.py:188} INFO - [2025-01-23T09:48:35.176+0000] {dag.py:3823} INFO - Setting next_dagrun for example_short_circuit_operator to 2025-01-22 00:00:00+00:00, run_after=2025-01-23 00:00:00+00:00
[2025-01-23T09:48:35.219+0000] {processor.py:183} INFO - Processing /home/airflow/.local/lib/python3.8/site-packages/airflow/example_dags/example_short_circuit_operator.py took 0.185 seconds
[2025-01-23T09:49:05.835+0000] {processor.py:161} INFO - Started process (PID=2944) to work on /home/airflow/.local/lib/python3.8/site-packages/airflow/example_dags/example_short_circuit_operator.py
[2025-01-23T09:49:05.838+0000] {processor.py:830} INFO - Processing file /home/airflow/.local/lib/python3.8/site-packages/airflow/example_dags/example_short_circuit_operator.py for tasks to queue
[2025-01-23T09:49:05.842+0000] {logging_mixin.py:188} INFO - [2025-01-23T09:49:05.840+0000] {dagbag.py:538} INFO - Filling up the DagBag from /home/airflow/.local/lib/python3.8/site-packages/airflow/example_dags/example_short_circuit_operator.py
[2025-01-23T09:49:05.875+0000] {processor.py:840} INFO - DAG(s) 'example_short_circuit_operator' retrieved from /home/airflow/.local/lib/python3.8/site-packages/airflow/example_dags/example_short_circuit_operator.py
[2025-01-23T09:49:06.004+0000] {logging_mixin.py:188} INFO - [2025-01-23T09:49:06.004+0000] {dag.py:3036} INFO - Sync 1 DAGs
[2025-01-23T09:49:06.111+0000] {logging_mixin.py:188} INFO - [2025-01-23T09:49:06.110+0000] {dag.py:3823} INFO - Setting next_dagrun for example_short_circuit_operator to 2025-01-22 00:00:00+00:00, run_after=2025-01-23 00:00:00+00:00
[2025-01-23T09:49:06.169+0000] {processor.py:183} INFO - Processing /home/airflow/.local/lib/python3.8/site-packages/airflow/example_dags/example_short_circuit_operator.py took 0.343 seconds
[2025-01-23T09:49:36.769+0000] {processor.py:161} INFO - Started process (PID=3000) to work on /home/airflow/.local/lib/python3.8/site-packages/airflow/example_dags/example_short_circuit_operator.py
[2025-01-23T09:49:36.787+0000] {processor.py:830} INFO - Processing file /home/airflow/.local/lib/python3.8/site-packages/airflow/example_dags/example_short_circuit_operator.py for tasks to queue
[2025-01-23T09:49:36.791+0000] {logging_mixin.py:188} INFO - [2025-01-23T09:49:36.790+0000] {dagbag.py:538} INFO - Filling up the DagBag from /home/airflow/.local/lib/python3.8/site-packages/airflow/example_dags/example_short_circuit_operator.py
[2025-01-23T09:49:36.866+0000] {processor.py:840} INFO - DAG(s) 'example_short_circuit_operator' retrieved from /home/airflow/.local/lib/python3.8/site-packages/airflow/example_dags/example_short_circuit_operator.py
[2025-01-23T09:49:37.023+0000] {logging_mixin.py:188} INFO - [2025-01-23T09:49:37.022+0000] {dag.py:3036} INFO - Sync 1 DAGs
[2025-01-23T09:49:37.167+0000] {logging_mixin.py:188} INFO - [2025-01-23T09:49:37.163+0000] {dag.py:3823} INFO - Setting next_dagrun for example_short_circuit_operator to 2025-01-22 00:00:00+00:00, run_after=2025-01-23 00:00:00+00:00
[2025-01-23T09:49:37.278+0000] {processor.py:183} INFO - Processing /home/airflow/.local/lib/python3.8/site-packages/airflow/example_dags/example_short_circuit_operator.py took 0.529 seconds
[2025-01-23T09:50:07.827+0000] {processor.py:161} INFO - Started process (PID=3056) to work on /home/airflow/.local/lib/python3.8/site-packages/airflow/example_dags/example_short_circuit_operator.py
[2025-01-23T09:50:07.830+0000] {processor.py:830} INFO - Processing file /home/airflow/.local/lib/python3.8/site-packages/airflow/example_dags/example_short_circuit_operator.py for tasks to queue
[2025-01-23T09:50:07.834+0000] {logging_mixin.py:188} INFO - [2025-01-23T09:50:07.832+0000] {dagbag.py:538} INFO - Filling up the DagBag from /home/airflow/.local/lib/python3.8/site-packages/airflow/example_dags/example_short_circuit_operator.py
[2025-01-23T09:50:07.862+0000] {processor.py:840} INFO - DAG(s) 'example_short_circuit_operator' retrieved from /home/airflow/.local/lib/python3.8/site-packages/airflow/example_dags/example_short_circuit_operator.py
[2025-01-23T09:50:07.914+0000] {logging_mixin.py:188} INFO - [2025-01-23T09:50:07.914+0000] {dag.py:3036} INFO - Sync 1 DAGs
[2025-01-23T09:50:07.962+0000] {logging_mixin.py:188} INFO - [2025-01-23T09:50:07.961+0000] {dag.py:3823} INFO - Setting next_dagrun for example_short_circuit_operator to 2025-01-22 00:00:00+00:00, run_after=2025-01-23 00:00:00+00:00
[2025-01-23T09:50:08.002+0000] {processor.py:183} INFO - Processing /home/airflow/.local/lib/python3.8/site-packages/airflow/example_dags/example_short_circuit_operator.py took 0.184 seconds
[2025-01-23T09:50:38.247+0000] {processor.py:161} INFO - Started process (PID=3111) to work on /home/airflow/.local/lib/python3.8/site-packages/airflow/example_dags/example_short_circuit_operator.py
[2025-01-23T09:50:38.251+0000] {processor.py:830} INFO - Processing file /home/airflow/.local/lib/python3.8/site-packages/airflow/example_dags/example_short_circuit_operator.py for tasks to queue
[2025-01-23T09:50:38.254+0000] {logging_mixin.py:188} INFO - [2025-01-23T09:50:38.253+0000] {dagbag.py:538} INFO - Filling up the DagBag from /home/airflow/.local/lib/python3.8/site-packages/airflow/example_dags/example_short_circuit_operator.py
[2025-01-23T09:50:38.283+0000] {processor.py:840} INFO - DAG(s) 'example_short_circuit_operator' retrieved from /home/airflow/.local/lib/python3.8/site-packages/airflow/example_dags/example_short_circuit_operator.py
[2025-01-23T09:50:38.357+0000] {logging_mixin.py:188} INFO - [2025-01-23T09:50:38.356+0000] {dag.py:3036} INFO - Sync 1 DAGs
[2025-01-23T09:50:38.423+0000] {logging_mixin.py:188} INFO - [2025-01-23T09:50:38.422+0000] {dag.py:3823} INFO - Setting next_dagrun for example_short_circuit_operator to 2025-01-22 00:00:00+00:00, run_after=2025-01-23 00:00:00+00:00
[2025-01-23T09:50:38.477+0000] {processor.py:183} INFO - Processing /home/airflow/.local/lib/python3.8/site-packages/airflow/example_dags/example_short_circuit_operator.py took 0.244 seconds
[2025-01-23T09:51:08.637+0000] {processor.py:161} INFO - Started process (PID=3167) to work on /home/airflow/.local/lib/python3.8/site-packages/airflow/example_dags/example_short_circuit_operator.py
[2025-01-23T09:51:08.639+0000] {processor.py:830} INFO - Processing file /home/airflow/.local/lib/python3.8/site-packages/airflow/example_dags/example_short_circuit_operator.py for tasks to queue
[2025-01-23T09:51:08.642+0000] {logging_mixin.py:188} INFO - [2025-01-23T09:51:08.641+0000] {dagbag.py:538} INFO - Filling up the DagBag from /home/airflow/.local/lib/python3.8/site-packages/airflow/example_dags/example_short_circuit_operator.py
[2025-01-23T09:51:08.667+0000] {processor.py:840} INFO - DAG(s) 'example_short_circuit_operator' retrieved from /home/airflow/.local/lib/python3.8/site-packages/airflow/example_dags/example_short_circuit_operator.py
[2025-01-23T09:51:08.720+0000] {logging_mixin.py:188} INFO - [2025-01-23T09:51:08.719+0000] {dag.py:3036} INFO - Sync 1 DAGs
[2025-01-23T09:51:08.770+0000] {logging_mixin.py:188} INFO - [2025-01-23T09:51:08.769+0000] {dag.py:3823} INFO - Setting next_dagrun for example_short_circuit_operator to 2025-01-22 00:00:00+00:00, run_after=2025-01-23 00:00:00+00:00
[2025-01-23T09:51:08.823+0000] {processor.py:183} INFO - Processing /home/airflow/.local/lib/python3.8/site-packages/airflow/example_dags/example_short_circuit_operator.py took 0.193 seconds
[2025-01-23T09:51:38.883+0000] {processor.py:161} INFO - Started process (PID=3223) to work on /home/airflow/.local/lib/python3.8/site-packages/airflow/example_dags/example_short_circuit_operator.py
[2025-01-23T09:51:38.886+0000] {processor.py:830} INFO - Processing file /home/airflow/.local/lib/python3.8/site-packages/airflow/example_dags/example_short_circuit_operator.py for tasks to queue
[2025-01-23T09:51:38.888+0000] {logging_mixin.py:188} INFO - [2025-01-23T09:51:38.887+0000] {dagbag.py:538} INFO - Filling up the DagBag from /home/airflow/.local/lib/python3.8/site-packages/airflow/example_dags/example_short_circuit_operator.py
[2025-01-23T09:51:38.906+0000] {processor.py:840} INFO - DAG(s) 'example_short_circuit_operator' retrieved from /home/airflow/.local/lib/python3.8/site-packages/airflow/example_dags/example_short_circuit_operator.py
[2025-01-23T09:51:38.952+0000] {logging_mixin.py:188} INFO - [2025-01-23T09:51:38.952+0000] {dag.py:3036} INFO - Sync 1 DAGs
[2025-01-23T09:51:38.997+0000] {logging_mixin.py:188} INFO - [2025-01-23T09:51:38.997+0000] {dag.py:3823} INFO - Setting next_dagrun for example_short_circuit_operator to 2025-01-22 00:00:00+00:00, run_after=2025-01-23 00:00:00+00:00
[2025-01-23T09:51:39.037+0000] {processor.py:183} INFO - Processing /home/airflow/.local/lib/python3.8/site-packages/airflow/example_dags/example_short_circuit_operator.py took 0.159 seconds
[2025-01-23T09:52:09.144+0000] {processor.py:161} INFO - Started process (PID=3278) to work on /home/airflow/.local/lib/python3.8/site-packages/airflow/example_dags/example_short_circuit_operator.py
[2025-01-23T09:52:09.146+0000] {processor.py:830} INFO - Processing file /home/airflow/.local/lib/python3.8/site-packages/airflow/example_dags/example_short_circuit_operator.py for tasks to queue
[2025-01-23T09:52:09.147+0000] {logging_mixin.py:188} INFO - [2025-01-23T09:52:09.147+0000] {dagbag.py:538} INFO - Filling up the DagBag from /home/airflow/.local/lib/python3.8/site-packages/airflow/example_dags/example_short_circuit_operator.py
[2025-01-23T09:52:09.169+0000] {processor.py:840} INFO - DAG(s) 'example_short_circuit_operator' retrieved from /home/airflow/.local/lib/python3.8/site-packages/airflow/example_dags/example_short_circuit_operator.py
[2025-01-23T09:52:09.220+0000] {logging_mixin.py:188} INFO - [2025-01-23T09:52:09.219+0000] {dag.py:3036} INFO - Sync 1 DAGs
[2025-01-23T09:52:09.265+0000] {logging_mixin.py:188} INFO - [2025-01-23T09:52:09.264+0000] {dag.py:3823} INFO - Setting next_dagrun for example_short_circuit_operator to 2025-01-22 00:00:00+00:00, run_after=2025-01-23 00:00:00+00:00
[2025-01-23T09:52:09.305+0000] {processor.py:183} INFO - Processing /home/airflow/.local/lib/python3.8/site-packages/airflow/example_dags/example_short_circuit_operator.py took 0.167 seconds
[2025-01-23T09:52:40.160+0000] {processor.py:161} INFO - Started process (PID=3334) to work on /home/airflow/.local/lib/python3.8/site-packages/airflow/example_dags/example_short_circuit_operator.py
[2025-01-23T09:52:40.162+0000] {processor.py:830} INFO - Processing file /home/airflow/.local/lib/python3.8/site-packages/airflow/example_dags/example_short_circuit_operator.py for tasks to queue
[2025-01-23T09:52:40.165+0000] {logging_mixin.py:188} INFO - [2025-01-23T09:52:40.164+0000] {dagbag.py:538} INFO - Filling up the DagBag from /home/airflow/.local/lib/python3.8/site-packages/airflow/example_dags/example_short_circuit_operator.py
[2025-01-23T09:52:40.187+0000] {processor.py:840} INFO - DAG(s) 'example_short_circuit_operator' retrieved from /home/airflow/.local/lib/python3.8/site-packages/airflow/example_dags/example_short_circuit_operator.py
[2025-01-23T09:52:40.238+0000] {logging_mixin.py:188} INFO - [2025-01-23T09:52:40.237+0000] {dag.py:3036} INFO - Sync 1 DAGs
[2025-01-23T09:52:40.286+0000] {logging_mixin.py:188} INFO - [2025-01-23T09:52:40.286+0000] {dag.py:3823} INFO - Setting next_dagrun for example_short_circuit_operator to 2025-01-22 00:00:00+00:00, run_after=2025-01-23 00:00:00+00:00
[2025-01-23T09:52:40.325+0000] {processor.py:183} INFO - Processing /home/airflow/.local/lib/python3.8/site-packages/airflow/example_dags/example_short_circuit_operator.py took 0.171 seconds
[2025-01-23T09:53:10.931+0000] {processor.py:161} INFO - Started process (PID=3390) to work on /home/airflow/.local/lib/python3.8/site-packages/airflow/example_dags/example_short_circuit_operator.py
[2025-01-23T09:53:10.934+0000] {processor.py:830} INFO - Processing file /home/airflow/.local/lib/python3.8/site-packages/airflow/example_dags/example_short_circuit_operator.py for tasks to queue
[2025-01-23T09:53:10.936+0000] {logging_mixin.py:188} INFO - [2025-01-23T09:53:10.936+0000] {dagbag.py:538} INFO - Filling up the DagBag from /home/airflow/.local/lib/python3.8/site-packages/airflow/example_dags/example_short_circuit_operator.py
[2025-01-23T09:53:10.961+0000] {processor.py:840} INFO - DAG(s) 'example_short_circuit_operator' retrieved from /home/airflow/.local/lib/python3.8/site-packages/airflow/example_dags/example_short_circuit_operator.py
[2025-01-23T09:53:11.023+0000] {logging_mixin.py:188} INFO - [2025-01-23T09:53:11.022+0000] {dag.py:3036} INFO - Sync 1 DAGs
[2025-01-23T09:53:11.082+0000] {logging_mixin.py:188} INFO - [2025-01-23T09:53:11.081+0000] {dag.py:3823} INFO - Setting next_dagrun for example_short_circuit_operator to 2025-01-22 00:00:00+00:00, run_after=2025-01-23 00:00:00+00:00
[2025-01-23T09:53:11.129+0000] {processor.py:183} INFO - Processing /home/airflow/.local/lib/python3.8/site-packages/airflow/example_dags/example_short_circuit_operator.py took 0.206 seconds
[2025-01-23T09:53:41.624+0000] {processor.py:161} INFO - Started process (PID=3446) to work on /home/airflow/.local/lib/python3.8/site-packages/airflow/example_dags/example_short_circuit_operator.py
[2025-01-23T09:53:41.626+0000] {processor.py:830} INFO - Processing file /home/airflow/.local/lib/python3.8/site-packages/airflow/example_dags/example_short_circuit_operator.py for tasks to queue
[2025-01-23T09:53:41.629+0000] {logging_mixin.py:188} INFO - [2025-01-23T09:53:41.628+0000] {dagbag.py:538} INFO - Filling up the DagBag from /home/airflow/.local/lib/python3.8/site-packages/airflow/example_dags/example_short_circuit_operator.py
[2025-01-23T09:53:41.653+0000] {processor.py:840} INFO - DAG(s) 'example_short_circuit_operator' retrieved from /home/airflow/.local/lib/python3.8/site-packages/airflow/example_dags/example_short_circuit_operator.py
[2025-01-23T09:53:41.715+0000] {logging_mixin.py:188} INFO - [2025-01-23T09:53:41.715+0000] {dag.py:3036} INFO - Sync 1 DAGs
[2025-01-23T09:53:41.771+0000] {logging_mixin.py:188} INFO - [2025-01-23T09:53:41.771+0000] {dag.py:3823} INFO - Setting next_dagrun for example_short_circuit_operator to 2025-01-22 00:00:00+00:00, run_after=2025-01-23 00:00:00+00:00
[2025-01-23T09:53:41.823+0000] {processor.py:183} INFO - Processing /home/airflow/.local/lib/python3.8/site-packages/airflow/example_dags/example_short_circuit_operator.py took 0.206 seconds
[2025-01-23T09:54:12.119+0000] {processor.py:161} INFO - Started process (PID=3502) to work on /home/airflow/.local/lib/python3.8/site-packages/airflow/example_dags/example_short_circuit_operator.py
[2025-01-23T09:54:12.121+0000] {processor.py:830} INFO - Processing file /home/airflow/.local/lib/python3.8/site-packages/airflow/example_dags/example_short_circuit_operator.py for tasks to queue
[2025-01-23T09:54:12.125+0000] {logging_mixin.py:188} INFO - [2025-01-23T09:54:12.124+0000] {dagbag.py:538} INFO - Filling up the DagBag from /home/airflow/.local/lib/python3.8/site-packages/airflow/example_dags/example_short_circuit_operator.py
[2025-01-23T09:54:12.142+0000] {processor.py:840} INFO - DAG(s) 'example_short_circuit_operator' retrieved from /home/airflow/.local/lib/python3.8/site-packages/airflow/example_dags/example_short_circuit_operator.py
[2025-01-23T09:54:12.192+0000] {logging_mixin.py:188} INFO - [2025-01-23T09:54:12.191+0000] {dag.py:3036} INFO - Sync 1 DAGs
[2025-01-23T09:54:12.243+0000] {logging_mixin.py:188} INFO - [2025-01-23T09:54:12.243+0000] {dag.py:3823} INFO - Setting next_dagrun for example_short_circuit_operator to 2025-01-22 00:00:00+00:00, run_after=2025-01-23 00:00:00+00:00
[2025-01-23T09:54:12.280+0000] {processor.py:183} INFO - Processing /home/airflow/.local/lib/python3.8/site-packages/airflow/example_dags/example_short_circuit_operator.py took 0.173 seconds
[2025-01-23T09:54:42.570+0000] {processor.py:161} INFO - Started process (PID=3558) to work on /home/airflow/.local/lib/python3.8/site-packages/airflow/example_dags/example_short_circuit_operator.py
[2025-01-23T09:54:42.573+0000] {processor.py:830} INFO - Processing file /home/airflow/.local/lib/python3.8/site-packages/airflow/example_dags/example_short_circuit_operator.py for tasks to queue
[2025-01-23T09:54:42.575+0000] {logging_mixin.py:188} INFO - [2025-01-23T09:54:42.574+0000] {dagbag.py:538} INFO - Filling up the DagBag from /home/airflow/.local/lib/python3.8/site-packages/airflow/example_dags/example_short_circuit_operator.py
[2025-01-23T09:54:42.590+0000] {processor.py:840} INFO - DAG(s) 'example_short_circuit_operator' retrieved from /home/airflow/.local/lib/python3.8/site-packages/airflow/example_dags/example_short_circuit_operator.py
[2025-01-23T09:54:42.632+0000] {logging_mixin.py:188} INFO - [2025-01-23T09:54:42.631+0000] {dag.py:3036} INFO - Sync 1 DAGs
[2025-01-23T09:54:42.666+0000] {logging_mixin.py:188} INFO - [2025-01-23T09:54:42.666+0000] {dag.py:3823} INFO - Setting next_dagrun for example_short_circuit_operator to 2025-01-22 00:00:00+00:00, run_after=2025-01-23 00:00:00+00:00
[2025-01-23T09:54:42.698+0000] {processor.py:183} INFO - Processing /home/airflow/.local/lib/python3.8/site-packages/airflow/example_dags/example_short_circuit_operator.py took 0.135 seconds
[2025-01-23T09:55:13.787+0000] {processor.py:161} INFO - Started process (PID=3614) to work on /home/airflow/.local/lib/python3.8/site-packages/airflow/example_dags/example_short_circuit_operator.py
[2025-01-23T09:55:13.790+0000] {processor.py:830} INFO - Processing file /home/airflow/.local/lib/python3.8/site-packages/airflow/example_dags/example_short_circuit_operator.py for tasks to queue
[2025-01-23T09:55:13.794+0000] {logging_mixin.py:188} INFO - [2025-01-23T09:55:13.792+0000] {dagbag.py:538} INFO - Filling up the DagBag from /home/airflow/.local/lib/python3.8/site-packages/airflow/example_dags/example_short_circuit_operator.py
[2025-01-23T09:55:13.823+0000] {processor.py:840} INFO - DAG(s) 'example_short_circuit_operator' retrieved from /home/airflow/.local/lib/python3.8/site-packages/airflow/example_dags/example_short_circuit_operator.py
[2025-01-23T09:55:13.907+0000] {logging_mixin.py:188} INFO - [2025-01-23T09:55:13.906+0000] {dag.py:3036} INFO - Sync 1 DAGs
[2025-01-23T09:55:13.980+0000] {logging_mixin.py:188} INFO - [2025-01-23T09:55:13.980+0000] {dag.py:3823} INFO - Setting next_dagrun for example_short_circuit_operator to 2025-01-22 00:00:00+00:00, run_after=2025-01-23 00:00:00+00:00
[2025-01-23T09:55:14.034+0000] {processor.py:183} INFO - Processing /home/airflow/.local/lib/python3.8/site-packages/airflow/example_dags/example_short_circuit_operator.py took 0.258 seconds
[2025-01-23T09:55:44.181+0000] {processor.py:161} INFO - Started process (PID=3670) to work on /home/airflow/.local/lib/python3.8/site-packages/airflow/example_dags/example_short_circuit_operator.py
[2025-01-23T09:55:44.193+0000] {processor.py:830} INFO - Processing file /home/airflow/.local/lib/python3.8/site-packages/airflow/example_dags/example_short_circuit_operator.py for tasks to queue
[2025-01-23T09:55:44.198+0000] {logging_mixin.py:188} INFO - [2025-01-23T09:55:44.197+0000] {dagbag.py:538} INFO - Filling up the DagBag from /home/airflow/.local/lib/python3.8/site-packages/airflow/example_dags/example_short_circuit_operator.py
[2025-01-23T09:55:44.227+0000] {processor.py:840} INFO - DAG(s) 'example_short_circuit_operator' retrieved from /home/airflow/.local/lib/python3.8/site-packages/airflow/example_dags/example_short_circuit_operator.py
[2025-01-23T09:55:44.288+0000] {logging_mixin.py:188} INFO - [2025-01-23T09:55:44.288+0000] {dag.py:3036} INFO - Sync 1 DAGs
[2025-01-23T09:55:44.346+0000] {logging_mixin.py:188} INFO - [2025-01-23T09:55:44.346+0000] {dag.py:3823} INFO - Setting next_dagrun for example_short_circuit_operator to 2025-01-22 00:00:00+00:00, run_after=2025-01-23 00:00:00+00:00
[2025-01-23T09:55:44.384+0000] {processor.py:183} INFO - Processing /home/airflow/.local/lib/python3.8/site-packages/airflow/example_dags/example_short_circuit_operator.py took 0.215 seconds
[2025-01-23T09:56:14.843+0000] {processor.py:161} INFO - Started process (PID=3726) to work on /home/airflow/.local/lib/python3.8/site-packages/airflow/example_dags/example_short_circuit_operator.py
[2025-01-23T09:56:14.846+0000] {processor.py:830} INFO - Processing file /home/airflow/.local/lib/python3.8/site-packages/airflow/example_dags/example_short_circuit_operator.py for tasks to queue
[2025-01-23T09:56:14.850+0000] {logging_mixin.py:188} INFO - [2025-01-23T09:56:14.849+0000] {dagbag.py:538} INFO - Filling up the DagBag from /home/airflow/.local/lib/python3.8/site-packages/airflow/example_dags/example_short_circuit_operator.py
[2025-01-23T09:56:14.872+0000] {processor.py:840} INFO - DAG(s) 'example_short_circuit_operator' retrieved from /home/airflow/.local/lib/python3.8/site-packages/airflow/example_dags/example_short_circuit_operator.py
[2025-01-23T09:56:14.942+0000] {logging_mixin.py:188} INFO - [2025-01-23T09:56:14.941+0000] {dag.py:3036} INFO - Sync 1 DAGs
[2025-01-23T09:56:14.992+0000] {logging_mixin.py:188} INFO - [2025-01-23T09:56:14.991+0000] {dag.py:3823} INFO - Setting next_dagrun for example_short_circuit_operator to 2025-01-22 00:00:00+00:00, run_after=2025-01-23 00:00:00+00:00
[2025-01-23T09:56:15.036+0000] {processor.py:183} INFO - Processing /home/airflow/.local/lib/python3.8/site-packages/airflow/example_dags/example_short_circuit_operator.py took 0.204 seconds
[2025-01-23T09:56:45.176+0000] {processor.py:161} INFO - Started process (PID=3782) to work on /home/airflow/.local/lib/python3.8/site-packages/airflow/example_dags/example_short_circuit_operator.py
[2025-01-23T09:56:45.178+0000] {processor.py:830} INFO - Processing file /home/airflow/.local/lib/python3.8/site-packages/airflow/example_dags/example_short_circuit_operator.py for tasks to queue
[2025-01-23T09:56:45.182+0000] {logging_mixin.py:188} INFO - [2025-01-23T09:56:45.181+0000] {dagbag.py:538} INFO - Filling up the DagBag from /home/airflow/.local/lib/python3.8/site-packages/airflow/example_dags/example_short_circuit_operator.py
[2025-01-23T09:56:45.202+0000] {processor.py:840} INFO - DAG(s) 'example_short_circuit_operator' retrieved from /home/airflow/.local/lib/python3.8/site-packages/airflow/example_dags/example_short_circuit_operator.py
[2025-01-23T09:56:45.252+0000] {logging_mixin.py:188} INFO - [2025-01-23T09:56:45.251+0000] {dag.py:3036} INFO - Sync 1 DAGs
[2025-01-23T09:56:45.305+0000] {logging_mixin.py:188} INFO - [2025-01-23T09:56:45.305+0000] {dag.py:3823} INFO - Setting next_dagrun for example_short_circuit_operator to 2025-01-22 00:00:00+00:00, run_after=2025-01-23 00:00:00+00:00
[2025-01-23T09:56:45.350+0000] {processor.py:183} INFO - Processing /home/airflow/.local/lib/python3.8/site-packages/airflow/example_dags/example_short_circuit_operator.py took 0.183 seconds
[2025-01-23T09:57:15.886+0000] {processor.py:161} INFO - Started process (PID=3838) to work on /home/airflow/.local/lib/python3.8/site-packages/airflow/example_dags/example_short_circuit_operator.py
[2025-01-23T09:57:15.888+0000] {processor.py:830} INFO - Processing file /home/airflow/.local/lib/python3.8/site-packages/airflow/example_dags/example_short_circuit_operator.py for tasks to queue
[2025-01-23T09:57:15.889+0000] {logging_mixin.py:188} INFO - [2025-01-23T09:57:15.889+0000] {dagbag.py:538} INFO - Filling up the DagBag from /home/airflow/.local/lib/python3.8/site-packages/airflow/example_dags/example_short_circuit_operator.py
[2025-01-23T09:57:15.912+0000] {processor.py:840} INFO - DAG(s) 'example_short_circuit_operator' retrieved from /home/airflow/.local/lib/python3.8/site-packages/airflow/example_dags/example_short_circuit_operator.py
[2025-01-23T09:57:15.963+0000] {logging_mixin.py:188} INFO - [2025-01-23T09:57:15.963+0000] {dag.py:3036} INFO - Sync 1 DAGs
[2025-01-23T09:57:16.022+0000] {logging_mixin.py:188} INFO - [2025-01-23T09:57:16.022+0000] {dag.py:3823} INFO - Setting next_dagrun for example_short_circuit_operator to 2025-01-22 00:00:00+00:00, run_after=2025-01-23 00:00:00+00:00
[2025-01-23T09:57:16.064+0000] {processor.py:183} INFO - Processing /home/airflow/.local/lib/python3.8/site-packages/airflow/example_dags/example_short_circuit_operator.py took 0.188 seconds
[2025-01-23T09:57:46.613+0000] {processor.py:161} INFO - Started process (PID=3894) to work on /home/airflow/.local/lib/python3.8/site-packages/airflow/example_dags/example_short_circuit_operator.py
[2025-01-23T09:57:46.616+0000] {processor.py:830} INFO - Processing file /home/airflow/.local/lib/python3.8/site-packages/airflow/example_dags/example_short_circuit_operator.py for tasks to queue
[2025-01-23T09:57:46.618+0000] {logging_mixin.py:188} INFO - [2025-01-23T09:57:46.618+0000] {dagbag.py:538} INFO - Filling up the DagBag from /home/airflow/.local/lib/python3.8/site-packages/airflow/example_dags/example_short_circuit_operator.py
[2025-01-23T09:57:46.644+0000] {processor.py:840} INFO - DAG(s) 'example_short_circuit_operator' retrieved from /home/airflow/.local/lib/python3.8/site-packages/airflow/example_dags/example_short_circuit_operator.py
[2025-01-23T09:57:46.698+0000] {logging_mixin.py:188} INFO - [2025-01-23T09:57:46.698+0000] {dag.py:3036} INFO - Sync 1 DAGs
[2025-01-23T09:57:46.746+0000] {logging_mixin.py:188} INFO - [2025-01-23T09:57:46.746+0000] {dag.py:3823} INFO - Setting next_dagrun for example_short_circuit_operator to 2025-01-22 00:00:00+00:00, run_after=2025-01-23 00:00:00+00:00
[2025-01-23T09:57:46.792+0000] {processor.py:183} INFO - Processing /home/airflow/.local/lib/python3.8/site-packages/airflow/example_dags/example_short_circuit_operator.py took 0.188 seconds
[2025-01-23T09:58:17.022+0000] {processor.py:161} INFO - Started process (PID=3950) to work on /home/airflow/.local/lib/python3.8/site-packages/airflow/example_dags/example_short_circuit_operator.py
[2025-01-23T09:58:17.024+0000] {processor.py:830} INFO - Processing file /home/airflow/.local/lib/python3.8/site-packages/airflow/example_dags/example_short_circuit_operator.py for tasks to queue
[2025-01-23T09:58:17.026+0000] {logging_mixin.py:188} INFO - [2025-01-23T09:58:17.026+0000] {dagbag.py:538} INFO - Filling up the DagBag from /home/airflow/.local/lib/python3.8/site-packages/airflow/example_dags/example_short_circuit_operator.py
[2025-01-23T09:58:17.043+0000] {processor.py:840} INFO - DAG(s) 'example_short_circuit_operator' retrieved from /home/airflow/.local/lib/python3.8/site-packages/airflow/example_dags/example_short_circuit_operator.py
[2025-01-23T09:58:17.093+0000] {logging_mixin.py:188} INFO - [2025-01-23T09:58:17.093+0000] {dag.py:3036} INFO - Sync 1 DAGs
[2025-01-23T09:58:17.141+0000] {logging_mixin.py:188} INFO - [2025-01-23T09:58:17.141+0000] {dag.py:3823} INFO - Setting next_dagrun for example_short_circuit_operator to 2025-01-22 00:00:00+00:00, run_after=2025-01-23 00:00:00+00:00
[2025-01-23T09:58:17.198+0000] {processor.py:183} INFO - Processing /home/airflow/.local/lib/python3.8/site-packages/airflow/example_dags/example_short_circuit_operator.py took 0.182 seconds
[2025-01-23T09:58:47.776+0000] {processor.py:161} INFO - Started process (PID=4006) to work on /home/airflow/.local/lib/python3.8/site-packages/airflow/example_dags/example_short_circuit_operator.py
[2025-01-23T09:58:47.778+0000] {processor.py:830} INFO - Processing file /home/airflow/.local/lib/python3.8/site-packages/airflow/example_dags/example_short_circuit_operator.py for tasks to queue
[2025-01-23T09:58:47.780+0000] {logging_mixin.py:188} INFO - [2025-01-23T09:58:47.779+0000] {dagbag.py:538} INFO - Filling up the DagBag from /home/airflow/.local/lib/python3.8/site-packages/airflow/example_dags/example_short_circuit_operator.py
[2025-01-23T09:58:47.799+0000] {processor.py:840} INFO - DAG(s) 'example_short_circuit_operator' retrieved from /home/airflow/.local/lib/python3.8/site-packages/airflow/example_dags/example_short_circuit_operator.py
[2025-01-23T09:58:47.847+0000] {logging_mixin.py:188} INFO - [2025-01-23T09:58:47.847+0000] {dag.py:3036} INFO - Sync 1 DAGs
[2025-01-23T09:58:47.895+0000] {logging_mixin.py:188} INFO - [2025-01-23T09:58:47.895+0000] {dag.py:3823} INFO - Setting next_dagrun for example_short_circuit_operator to 2025-01-22 00:00:00+00:00, run_after=2025-01-23 00:00:00+00:00
[2025-01-23T09:58:47.937+0000] {processor.py:183} INFO - Processing /home/airflow/.local/lib/python3.8/site-packages/airflow/example_dags/example_short_circuit_operator.py took 0.167 seconds
