[2025-01-23T12:32:27.741+0000] {processor.py:161} INFO - Started process (PID=83) to work on /home/airflow/.local/lib/python3.8/site-packages/airflow/example_dags/example_complex.py
[2025-01-23T12:32:27.742+0000] {processor.py:830} INFO - Processing file /home/airflow/.local/lib/python3.8/site-packages/airflow/example_dags/example_complex.py for tasks to queue
[2025-01-23T12:32:27.745+0000] {logging_mixin.py:188} INFO - [2025-01-23T12:32:27.745+0000] {dagbag.py:538} INFO - Filling up the DagBag from /home/airflow/.local/lib/python3.8/site-packages/airflow/example_dags/example_complex.py
[2025-01-23T12:32:27.781+0000] {processor.py:840} INFO - DAG(s) 'example_complex' retrieved from /home/airflow/.local/lib/python3.8/site-packages/airflow/example_dags/example_complex.py
[2025-01-23T12:32:28.040+0000] {logging_mixin.py:188} INFO - [2025-01-23T12:32:28.039+0000] {override.py:1769} INFO - Created Permission View: can read on DAG:example_complex
[2025-01-23T12:32:28.067+0000] {logging_mixin.py:188} INFO - [2025-01-23T12:32:28.066+0000] {override.py:1769} INFO - Created Permission View: can edit on DAG:example_complex
[2025-01-23T12:32:28.088+0000] {logging_mixin.py:188} INFO - [2025-01-23T12:32:28.087+0000] {override.py:1769} INFO - Created Permission View: can delete on DAG:example_complex
[2025-01-23T12:32:28.089+0000] {logging_mixin.py:188} INFO - [2025-01-23T12:32:28.089+0000] {dag.py:3036} INFO - Sync 1 DAGs
[2025-01-23T12:32:28.112+0000] {logging_mixin.py:188} INFO - [2025-01-23T12:32:28.111+0000] {dag.py:3058} INFO - Creating ORM DAG for example_complex
[2025-01-23T12:32:28.114+0000] {logging_mixin.py:188} INFO - [2025-01-23T12:32:28.113+0000] {dag.py:3823} INFO - Setting next_dagrun for example_complex to None, run_after=None
[2025-01-23T12:32:28.151+0000] {processor.py:183} INFO - Processing /home/airflow/.local/lib/python3.8/site-packages/airflow/example_dags/example_complex.py took 0.416 seconds
[2025-01-23T12:32:58.688+0000] {processor.py:161} INFO - Started process (PID=139) to work on /home/airflow/.local/lib/python3.8/site-packages/airflow/example_dags/example_complex.py
[2025-01-23T12:32:58.689+0000] {processor.py:830} INFO - Processing file /home/airflow/.local/lib/python3.8/site-packages/airflow/example_dags/example_complex.py for tasks to queue
[2025-01-23T12:32:58.692+0000] {logging_mixin.py:188} INFO - [2025-01-23T12:32:58.692+0000] {dagbag.py:538} INFO - Filling up the DagBag from /home/airflow/.local/lib/python3.8/site-packages/airflow/example_dags/example_complex.py
[2025-01-23T12:32:58.712+0000] {processor.py:840} INFO - DAG(s) 'example_complex' retrieved from /home/airflow/.local/lib/python3.8/site-packages/airflow/example_dags/example_complex.py
[2025-01-23T12:32:58.781+0000] {logging_mixin.py:188} INFO - [2025-01-23T12:32:58.780+0000] {dag.py:3036} INFO - Sync 1 DAGs
[2025-01-23T12:32:58.806+0000] {logging_mixin.py:188} INFO - [2025-01-23T12:32:58.806+0000] {dag.py:3823} INFO - Setting next_dagrun for example_complex to None, run_after=None
[2025-01-23T12:32:58.852+0000] {processor.py:183} INFO - Processing /home/airflow/.local/lib/python3.8/site-packages/airflow/example_dags/example_complex.py took 0.170 seconds
[2025-01-23T12:33:29.524+0000] {processor.py:161} INFO - Started process (PID=195) to work on /home/airflow/.local/lib/python3.8/site-packages/airflow/example_dags/example_complex.py
[2025-01-23T12:33:29.526+0000] {processor.py:830} INFO - Processing file /home/airflow/.local/lib/python3.8/site-packages/airflow/example_dags/example_complex.py for tasks to queue
[2025-01-23T12:33:29.528+0000] {logging_mixin.py:188} INFO - [2025-01-23T12:33:29.528+0000] {dagbag.py:538} INFO - Filling up the DagBag from /home/airflow/.local/lib/python3.8/site-packages/airflow/example_dags/example_complex.py
[2025-01-23T12:33:29.545+0000] {processor.py:840} INFO - DAG(s) 'example_complex' retrieved from /home/airflow/.local/lib/python3.8/site-packages/airflow/example_dags/example_complex.py
[2025-01-23T12:33:29.593+0000] {logging_mixin.py:188} INFO - [2025-01-23T12:33:29.593+0000] {dag.py:3036} INFO - Sync 1 DAGs
[2025-01-23T12:33:29.612+0000] {logging_mixin.py:188} INFO - [2025-01-23T12:33:29.611+0000] {dag.py:3823} INFO - Setting next_dagrun for example_complex to None, run_after=None
[2025-01-23T12:33:29.637+0000] {processor.py:183} INFO - Processing /home/airflow/.local/lib/python3.8/site-packages/airflow/example_dags/example_complex.py took 0.118 seconds
[2025-01-23T12:34:00.010+0000] {processor.py:161} INFO - Started process (PID=251) to work on /home/airflow/.local/lib/python3.8/site-packages/airflow/example_dags/example_complex.py
[2025-01-23T12:34:00.011+0000] {processor.py:830} INFO - Processing file /home/airflow/.local/lib/python3.8/site-packages/airflow/example_dags/example_complex.py for tasks to queue
[2025-01-23T12:34:00.014+0000] {logging_mixin.py:188} INFO - [2025-01-23T12:34:00.014+0000] {dagbag.py:538} INFO - Filling up the DagBag from /home/airflow/.local/lib/python3.8/site-packages/airflow/example_dags/example_complex.py
[2025-01-23T12:34:00.033+0000] {processor.py:840} INFO - DAG(s) 'example_complex' retrieved from /home/airflow/.local/lib/python3.8/site-packages/airflow/example_dags/example_complex.py
[2025-01-23T12:34:00.087+0000] {logging_mixin.py:188} INFO - [2025-01-23T12:34:00.087+0000] {dag.py:3036} INFO - Sync 1 DAGs
[2025-01-23T12:34:00.109+0000] {logging_mixin.py:188} INFO - [2025-01-23T12:34:00.108+0000] {dag.py:3823} INFO - Setting next_dagrun for example_complex to None, run_after=None
[2025-01-23T12:34:00.150+0000] {processor.py:183} INFO - Processing /home/airflow/.local/lib/python3.8/site-packages/airflow/example_dags/example_complex.py took 0.145 seconds
[2025-01-23T12:34:30.566+0000] {processor.py:161} INFO - Started process (PID=307) to work on /home/airflow/.local/lib/python3.8/site-packages/airflow/example_dags/example_complex.py
[2025-01-23T12:34:30.567+0000] {processor.py:830} INFO - Processing file /home/airflow/.local/lib/python3.8/site-packages/airflow/example_dags/example_complex.py for tasks to queue
[2025-01-23T12:34:30.571+0000] {logging_mixin.py:188} INFO - [2025-01-23T12:34:30.570+0000] {dagbag.py:538} INFO - Filling up the DagBag from /home/airflow/.local/lib/python3.8/site-packages/airflow/example_dags/example_complex.py
[2025-01-23T12:34:30.591+0000] {processor.py:840} INFO - DAG(s) 'example_complex' retrieved from /home/airflow/.local/lib/python3.8/site-packages/airflow/example_dags/example_complex.py
[2025-01-23T12:34:30.643+0000] {logging_mixin.py:188} INFO - [2025-01-23T12:34:30.642+0000] {dag.py:3036} INFO - Sync 1 DAGs
[2025-01-23T12:34:30.668+0000] {logging_mixin.py:188} INFO - [2025-01-23T12:34:30.667+0000] {dag.py:3823} INFO - Setting next_dagrun for example_complex to None, run_after=None
[2025-01-23T12:34:30.730+0000] {processor.py:183} INFO - Processing /home/airflow/.local/lib/python3.8/site-packages/airflow/example_dags/example_complex.py took 0.170 seconds
[2025-01-23T12:35:01.025+0000] {processor.py:161} INFO - Started process (PID=363) to work on /home/airflow/.local/lib/python3.8/site-packages/airflow/example_dags/example_complex.py
[2025-01-23T12:35:01.026+0000] {processor.py:830} INFO - Processing file /home/airflow/.local/lib/python3.8/site-packages/airflow/example_dags/example_complex.py for tasks to queue
[2025-01-23T12:35:01.029+0000] {logging_mixin.py:188} INFO - [2025-01-23T12:35:01.028+0000] {dagbag.py:538} INFO - Filling up the DagBag from /home/airflow/.local/lib/python3.8/site-packages/airflow/example_dags/example_complex.py
[2025-01-23T12:35:01.049+0000] {processor.py:840} INFO - DAG(s) 'example_complex' retrieved from /home/airflow/.local/lib/python3.8/site-packages/airflow/example_dags/example_complex.py
[2025-01-23T12:35:01.108+0000] {logging_mixin.py:188} INFO - [2025-01-23T12:35:01.107+0000] {dag.py:3036} INFO - Sync 1 DAGs
[2025-01-23T12:35:01.128+0000] {logging_mixin.py:188} INFO - [2025-01-23T12:35:01.128+0000] {dag.py:3823} INFO - Setting next_dagrun for example_complex to None, run_after=None
[2025-01-23T12:35:01.161+0000] {processor.py:183} INFO - Processing /home/airflow/.local/lib/python3.8/site-packages/airflow/example_dags/example_complex.py took 0.141 seconds
[2025-01-23T12:35:31.266+0000] {processor.py:161} INFO - Started process (PID=419) to work on /home/airflow/.local/lib/python3.8/site-packages/airflow/example_dags/example_complex.py
[2025-01-23T12:35:31.268+0000] {processor.py:830} INFO - Processing file /home/airflow/.local/lib/python3.8/site-packages/airflow/example_dags/example_complex.py for tasks to queue
[2025-01-23T12:35:31.270+0000] {logging_mixin.py:188} INFO - [2025-01-23T12:35:31.270+0000] {dagbag.py:538} INFO - Filling up the DagBag from /home/airflow/.local/lib/python3.8/site-packages/airflow/example_dags/example_complex.py
[2025-01-23T12:35:31.290+0000] {processor.py:840} INFO - DAG(s) 'example_complex' retrieved from /home/airflow/.local/lib/python3.8/site-packages/airflow/example_dags/example_complex.py
[2025-01-23T12:35:31.338+0000] {logging_mixin.py:188} INFO - [2025-01-23T12:35:31.338+0000] {dag.py:3036} INFO - Sync 1 DAGs
[2025-01-23T12:35:31.355+0000] {logging_mixin.py:188} INFO - [2025-01-23T12:35:31.355+0000] {dag.py:3823} INFO - Setting next_dagrun for example_complex to None, run_after=None
[2025-01-23T12:35:31.387+0000] {processor.py:183} INFO - Processing /home/airflow/.local/lib/python3.8/site-packages/airflow/example_dags/example_complex.py took 0.124 seconds
[2025-01-23T12:36:01.717+0000] {processor.py:161} INFO - Started process (PID=475) to work on /home/airflow/.local/lib/python3.8/site-packages/airflow/example_dags/example_complex.py
[2025-01-23T12:36:01.719+0000] {processor.py:830} INFO - Processing file /home/airflow/.local/lib/python3.8/site-packages/airflow/example_dags/example_complex.py for tasks to queue
[2025-01-23T12:36:01.726+0000] {logging_mixin.py:188} INFO - [2025-01-23T12:36:01.725+0000] {dagbag.py:538} INFO - Filling up the DagBag from /home/airflow/.local/lib/python3.8/site-packages/airflow/example_dags/example_complex.py
[2025-01-23T12:36:01.775+0000] {processor.py:840} INFO - DAG(s) 'example_complex' retrieved from /home/airflow/.local/lib/python3.8/site-packages/airflow/example_dags/example_complex.py
[2025-01-23T12:36:01.848+0000] {logging_mixin.py:188} INFO - [2025-01-23T12:36:01.848+0000] {dag.py:3036} INFO - Sync 1 DAGs
[2025-01-23T12:36:01.903+0000] {logging_mixin.py:188} INFO - [2025-01-23T12:36:01.902+0000] {dag.py:3823} INFO - Setting next_dagrun for example_complex to None, run_after=None
[2025-01-23T12:36:01.968+0000] {processor.py:183} INFO - Processing /home/airflow/.local/lib/python3.8/site-packages/airflow/example_dags/example_complex.py took 0.258 seconds
[2025-01-23T12:36:32.216+0000] {processor.py:161} INFO - Started process (PID=531) to work on /home/airflow/.local/lib/python3.8/site-packages/airflow/example_dags/example_complex.py
[2025-01-23T12:36:32.218+0000] {processor.py:830} INFO - Processing file /home/airflow/.local/lib/python3.8/site-packages/airflow/example_dags/example_complex.py for tasks to queue
[2025-01-23T12:36:32.221+0000] {logging_mixin.py:188} INFO - [2025-01-23T12:36:32.221+0000] {dagbag.py:538} INFO - Filling up the DagBag from /home/airflow/.local/lib/python3.8/site-packages/airflow/example_dags/example_complex.py
[2025-01-23T12:36:32.243+0000] {processor.py:840} INFO - DAG(s) 'example_complex' retrieved from /home/airflow/.local/lib/python3.8/site-packages/airflow/example_dags/example_complex.py
[2025-01-23T12:36:32.293+0000] {logging_mixin.py:188} INFO - [2025-01-23T12:36:32.292+0000] {dag.py:3036} INFO - Sync 1 DAGs
[2025-01-23T12:36:32.312+0000] {logging_mixin.py:188} INFO - [2025-01-23T12:36:32.312+0000] {dag.py:3823} INFO - Setting next_dagrun for example_complex to None, run_after=None
[2025-01-23T12:36:32.343+0000] {processor.py:183} INFO - Processing /home/airflow/.local/lib/python3.8/site-packages/airflow/example_dags/example_complex.py took 0.132 seconds
[2025-01-23T12:37:03.000+0000] {processor.py:161} INFO - Started process (PID=587) to work on /home/airflow/.local/lib/python3.8/site-packages/airflow/example_dags/example_complex.py
[2025-01-23T12:37:03.002+0000] {processor.py:830} INFO - Processing file /home/airflow/.local/lib/python3.8/site-packages/airflow/example_dags/example_complex.py for tasks to queue
[2025-01-23T12:37:03.004+0000] {logging_mixin.py:188} INFO - [2025-01-23T12:37:03.004+0000] {dagbag.py:538} INFO - Filling up the DagBag from /home/airflow/.local/lib/python3.8/site-packages/airflow/example_dags/example_complex.py
[2025-01-23T12:37:03.022+0000] {processor.py:840} INFO - DAG(s) 'example_complex' retrieved from /home/airflow/.local/lib/python3.8/site-packages/airflow/example_dags/example_complex.py
[2025-01-23T12:37:03.069+0000] {logging_mixin.py:188} INFO - [2025-01-23T12:37:03.069+0000] {dag.py:3036} INFO - Sync 1 DAGs
[2025-01-23T12:37:03.085+0000] {logging_mixin.py:188} INFO - [2025-01-23T12:37:03.085+0000] {dag.py:3823} INFO - Setting next_dagrun for example_complex to None, run_after=None
[2025-01-23T12:37:03.112+0000] {processor.py:183} INFO - Processing /home/airflow/.local/lib/python3.8/site-packages/airflow/example_dags/example_complex.py took 0.115 seconds
[2025-01-23T12:37:34.026+0000] {processor.py:161} INFO - Started process (PID=643) to work on /home/airflow/.local/lib/python3.8/site-packages/airflow/example_dags/example_complex.py
[2025-01-23T12:37:34.027+0000] {processor.py:830} INFO - Processing file /home/airflow/.local/lib/python3.8/site-packages/airflow/example_dags/example_complex.py for tasks to queue
[2025-01-23T12:37:34.030+0000] {logging_mixin.py:188} INFO - [2025-01-23T12:37:34.029+0000] {dagbag.py:538} INFO - Filling up the DagBag from /home/airflow/.local/lib/python3.8/site-packages/airflow/example_dags/example_complex.py
[2025-01-23T12:37:34.055+0000] {processor.py:840} INFO - DAG(s) 'example_complex' retrieved from /home/airflow/.local/lib/python3.8/site-packages/airflow/example_dags/example_complex.py
[2025-01-23T12:37:34.148+0000] {logging_mixin.py:188} INFO - [2025-01-23T12:37:34.147+0000] {dag.py:3036} INFO - Sync 1 DAGs
[2025-01-23T12:37:34.181+0000] {logging_mixin.py:188} INFO - [2025-01-23T12:37:34.181+0000] {dag.py:3823} INFO - Setting next_dagrun for example_complex to None, run_after=None
[2025-01-23T12:37:34.230+0000] {processor.py:183} INFO - Processing /home/airflow/.local/lib/python3.8/site-packages/airflow/example_dags/example_complex.py took 0.211 seconds
[2025-01-23T12:38:04.471+0000] {processor.py:161} INFO - Started process (PID=699) to work on /home/airflow/.local/lib/python3.8/site-packages/airflow/example_dags/example_complex.py
[2025-01-23T12:38:04.472+0000] {processor.py:830} INFO - Processing file /home/airflow/.local/lib/python3.8/site-packages/airflow/example_dags/example_complex.py for tasks to queue
[2025-01-23T12:38:04.475+0000] {logging_mixin.py:188} INFO - [2025-01-23T12:38:04.475+0000] {dagbag.py:538} INFO - Filling up the DagBag from /home/airflow/.local/lib/python3.8/site-packages/airflow/example_dags/example_complex.py
[2025-01-23T12:38:04.498+0000] {processor.py:840} INFO - DAG(s) 'example_complex' retrieved from /home/airflow/.local/lib/python3.8/site-packages/airflow/example_dags/example_complex.py
[2025-01-23T12:38:04.587+0000] {logging_mixin.py:188} INFO - [2025-01-23T12:38:04.586+0000] {dag.py:3036} INFO - Sync 1 DAGs
[2025-01-23T12:38:04.617+0000] {logging_mixin.py:188} INFO - [2025-01-23T12:38:04.616+0000] {dag.py:3823} INFO - Setting next_dagrun for example_complex to None, run_after=None
[2025-01-23T12:38:04.683+0000] {processor.py:183} INFO - Processing /home/airflow/.local/lib/python3.8/site-packages/airflow/example_dags/example_complex.py took 0.217 seconds
