[2025-01-23T09:22:45.876+0000] {processor.py:161} INFO - Started process (PID=79) to work on /home/airflow/.local/lib/python3.8/site-packages/airflow/example_dags/example_kubernetes_executor.py
[2025-01-23T09:22:45.879+0000] {processor.py:830} INFO - Processing file /home/airflow/.local/lib/python3.8/site-packages/airflow/example_dags/example_kubernetes_executor.py for tasks to queue
[2025-01-23T09:22:45.883+0000] {logging_mixin.py:188} INFO - [2025-01-23T09:22:45.882+0000] {dagbag.py:538} INFO - Filling up the DagBag from /home/airflow/.local/lib/python3.8/site-packages/airflow/example_dags/example_kubernetes_executor.py
[2025-01-23T09:22:46.051+0000] {processor.py:840} INFO - DAG(s) 'example_kubernetes_executor' retrieved from /home/airflow/.local/lib/python3.8/site-packages/airflow/example_dags/example_kubernetes_executor.py
[2025-01-23T09:22:49.109+0000] {logging_mixin.py:188} INFO - [2025-01-23T09:22:49.108+0000] {dag.py:3036} INFO - Sync 1 DAGs
[2025-01-23T09:22:49.241+0000] {logging_mixin.py:188} INFO - [2025-01-23T09:22:49.240+0000] {dag.py:3823} INFO - Setting next_dagrun for example_kubernetes_executor to None, run_after=None
[2025-01-23T09:22:49.430+0000] {processor.py:183} INFO - Processing /home/airflow/.local/lib/python3.8/site-packages/airflow/example_dags/example_kubernetes_executor.py took 3.561 seconds
[2025-01-23T09:23:20.607+0000] {processor.py:161} INFO - Started process (PID=139) to work on /home/airflow/.local/lib/python3.8/site-packages/airflow/example_dags/example_kubernetes_executor.py
[2025-01-23T09:23:20.611+0000] {processor.py:830} INFO - Processing file /home/airflow/.local/lib/python3.8/site-packages/airflow/example_dags/example_kubernetes_executor.py for tasks to queue
[2025-01-23T09:23:20.616+0000] {logging_mixin.py:188} INFO - [2025-01-23T09:23:20.615+0000] {dagbag.py:538} INFO - Filling up the DagBag from /home/airflow/.local/lib/python3.8/site-packages/airflow/example_dags/example_kubernetes_executor.py
[2025-01-23T09:23:20.791+0000] {processor.py:840} INFO - DAG(s) 'example_kubernetes_executor' retrieved from /home/airflow/.local/lib/python3.8/site-packages/airflow/example_dags/example_kubernetes_executor.py
[2025-01-23T09:23:20.949+0000] {logging_mixin.py:188} INFO - [2025-01-23T09:23:20.948+0000] {dag.py:3036} INFO - Sync 1 DAGs
[2025-01-23T09:23:20.999+0000] {logging_mixin.py:188} INFO - [2025-01-23T09:23:20.998+0000] {dag.py:3823} INFO - Setting next_dagrun for example_kubernetes_executor to None, run_after=None
[2025-01-23T09:23:21.053+0000] {processor.py:183} INFO - Processing /home/airflow/.local/lib/python3.8/site-packages/airflow/example_dags/example_kubernetes_executor.py took 0.459 seconds
[2025-01-23T09:23:51.467+0000] {processor.py:161} INFO - Started process (PID=193) to work on /home/airflow/.local/lib/python3.8/site-packages/airflow/example_dags/example_kubernetes_executor.py
[2025-01-23T09:23:51.484+0000] {processor.py:830} INFO - Processing file /home/airflow/.local/lib/python3.8/site-packages/airflow/example_dags/example_kubernetes_executor.py for tasks to queue
[2025-01-23T09:23:51.504+0000] {logging_mixin.py:188} INFO - [2025-01-23T09:23:51.495+0000] {dagbag.py:538} INFO - Filling up the DagBag from /home/airflow/.local/lib/python3.8/site-packages/airflow/example_dags/example_kubernetes_executor.py
[2025-01-23T09:23:51.669+0000] {processor.py:840} INFO - DAG(s) 'example_kubernetes_executor' retrieved from /home/airflow/.local/lib/python3.8/site-packages/airflow/example_dags/example_kubernetes_executor.py
[2025-01-23T09:23:51.934+0000] {logging_mixin.py:188} INFO - [2025-01-23T09:23:51.933+0000] {dag.py:3036} INFO - Sync 1 DAGs
[2025-01-23T09:23:51.992+0000] {logging_mixin.py:188} INFO - [2025-01-23T09:23:51.991+0000] {dag.py:3823} INFO - Setting next_dagrun for example_kubernetes_executor to None, run_after=None
[2025-01-23T09:23:52.290+0000] {processor.py:183} INFO - Processing /home/airflow/.local/lib/python3.8/site-packages/airflow/example_dags/example_kubernetes_executor.py took 0.851 seconds
[2025-01-23T09:24:23.229+0000] {processor.py:161} INFO - Started process (PID=249) to work on /home/airflow/.local/lib/python3.8/site-packages/airflow/example_dags/example_kubernetes_executor.py
[2025-01-23T09:24:23.230+0000] {processor.py:830} INFO - Processing file /home/airflow/.local/lib/python3.8/site-packages/airflow/example_dags/example_kubernetes_executor.py for tasks to queue
[2025-01-23T09:24:23.234+0000] {logging_mixin.py:188} INFO - [2025-01-23T09:24:23.233+0000] {dagbag.py:538} INFO - Filling up the DagBag from /home/airflow/.local/lib/python3.8/site-packages/airflow/example_dags/example_kubernetes_executor.py
[2025-01-23T09:24:23.260+0000] {processor.py:840} INFO - DAG(s) 'example_kubernetes_executor' retrieved from /home/airflow/.local/lib/python3.8/site-packages/airflow/example_dags/example_kubernetes_executor.py
[2025-01-23T09:24:23.336+0000] {logging_mixin.py:188} INFO - [2025-01-23T09:24:23.336+0000] {dag.py:3036} INFO - Sync 1 DAGs
[2025-01-23T09:24:23.359+0000] {logging_mixin.py:188} INFO - [2025-01-23T09:24:23.359+0000] {dag.py:3823} INFO - Setting next_dagrun for example_kubernetes_executor to None, run_after=None
[2025-01-23T09:24:23.392+0000] {processor.py:183} INFO - Processing /home/airflow/.local/lib/python3.8/site-packages/airflow/example_dags/example_kubernetes_executor.py took 0.169 seconds
[2025-01-23T09:24:53.792+0000] {processor.py:161} INFO - Started process (PID=305) to work on /home/airflow/.local/lib/python3.8/site-packages/airflow/example_dags/example_kubernetes_executor.py
[2025-01-23T09:24:53.794+0000] {processor.py:830} INFO - Processing file /home/airflow/.local/lib/python3.8/site-packages/airflow/example_dags/example_kubernetes_executor.py for tasks to queue
[2025-01-23T09:24:53.798+0000] {logging_mixin.py:188} INFO - [2025-01-23T09:24:53.797+0000] {dagbag.py:538} INFO - Filling up the DagBag from /home/airflow/.local/lib/python3.8/site-packages/airflow/example_dags/example_kubernetes_executor.py
[2025-01-23T09:24:53.832+0000] {processor.py:840} INFO - DAG(s) 'example_kubernetes_executor' retrieved from /home/airflow/.local/lib/python3.8/site-packages/airflow/example_dags/example_kubernetes_executor.py
[2025-01-23T09:24:53.904+0000] {logging_mixin.py:188} INFO - [2025-01-23T09:24:53.904+0000] {dag.py:3036} INFO - Sync 1 DAGs
[2025-01-23T09:24:53.936+0000] {logging_mixin.py:188} INFO - [2025-01-23T09:24:53.935+0000] {dag.py:3823} INFO - Setting next_dagrun for example_kubernetes_executor to None, run_after=None
[2025-01-23T09:24:53.972+0000] {processor.py:183} INFO - Processing /home/airflow/.local/lib/python3.8/site-packages/airflow/example_dags/example_kubernetes_executor.py took 0.185 seconds
[2025-01-23T09:25:24.535+0000] {processor.py:161} INFO - Started process (PID=361) to work on /home/airflow/.local/lib/python3.8/site-packages/airflow/example_dags/example_kubernetes_executor.py
[2025-01-23T09:25:24.537+0000] {processor.py:830} INFO - Processing file /home/airflow/.local/lib/python3.8/site-packages/airflow/example_dags/example_kubernetes_executor.py for tasks to queue
[2025-01-23T09:25:24.541+0000] {logging_mixin.py:188} INFO - [2025-01-23T09:25:24.540+0000] {dagbag.py:538} INFO - Filling up the DagBag from /home/airflow/.local/lib/python3.8/site-packages/airflow/example_dags/example_kubernetes_executor.py
[2025-01-23T09:25:24.583+0000] {processor.py:840} INFO - DAG(s) 'example_kubernetes_executor' retrieved from /home/airflow/.local/lib/python3.8/site-packages/airflow/example_dags/example_kubernetes_executor.py
[2025-01-23T09:25:24.680+0000] {logging_mixin.py:188} INFO - [2025-01-23T09:25:24.680+0000] {dag.py:3036} INFO - Sync 1 DAGs
[2025-01-23T09:25:24.725+0000] {logging_mixin.py:188} INFO - [2025-01-23T09:25:24.725+0000] {dag.py:3823} INFO - Setting next_dagrun for example_kubernetes_executor to None, run_after=None
[2025-01-23T09:25:24.773+0000] {processor.py:183} INFO - Processing /home/airflow/.local/lib/python3.8/site-packages/airflow/example_dags/example_kubernetes_executor.py took 0.246 seconds
[2025-01-23T09:25:55.417+0000] {processor.py:161} INFO - Started process (PID=417) to work on /home/airflow/.local/lib/python3.8/site-packages/airflow/example_dags/example_kubernetes_executor.py
[2025-01-23T09:25:55.420+0000] {processor.py:830} INFO - Processing file /home/airflow/.local/lib/python3.8/site-packages/airflow/example_dags/example_kubernetes_executor.py for tasks to queue
[2025-01-23T09:25:55.425+0000] {logging_mixin.py:188} INFO - [2025-01-23T09:25:55.424+0000] {dagbag.py:538} INFO - Filling up the DagBag from /home/airflow/.local/lib/python3.8/site-packages/airflow/example_dags/example_kubernetes_executor.py
[2025-01-23T09:25:55.473+0000] {processor.py:840} INFO - DAG(s) 'example_kubernetes_executor' retrieved from /home/airflow/.local/lib/python3.8/site-packages/airflow/example_dags/example_kubernetes_executor.py
[2025-01-23T09:25:55.631+0000] {logging_mixin.py:188} INFO - [2025-01-23T09:25:55.629+0000] {dag.py:3036} INFO - Sync 1 DAGs
[2025-01-23T09:25:55.691+0000] {logging_mixin.py:188} INFO - [2025-01-23T09:25:55.690+0000] {dag.py:3823} INFO - Setting next_dagrun for example_kubernetes_executor to None, run_after=None
[2025-01-23T09:25:55.792+0000] {processor.py:183} INFO - Processing /home/airflow/.local/lib/python3.8/site-packages/airflow/example_dags/example_kubernetes_executor.py took 0.385 seconds
[2025-01-23T09:26:26.651+0000] {processor.py:161} INFO - Started process (PID=473) to work on /home/airflow/.local/lib/python3.8/site-packages/airflow/example_dags/example_kubernetes_executor.py
[2025-01-23T09:26:26.653+0000] {processor.py:830} INFO - Processing file /home/airflow/.local/lib/python3.8/site-packages/airflow/example_dags/example_kubernetes_executor.py for tasks to queue
[2025-01-23T09:26:26.657+0000] {logging_mixin.py:188} INFO - [2025-01-23T09:26:26.656+0000] {dagbag.py:538} INFO - Filling up the DagBag from /home/airflow/.local/lib/python3.8/site-packages/airflow/example_dags/example_kubernetes_executor.py
[2025-01-23T09:26:26.683+0000] {processor.py:840} INFO - DAG(s) 'example_kubernetes_executor' retrieved from /home/airflow/.local/lib/python3.8/site-packages/airflow/example_dags/example_kubernetes_executor.py
[2025-01-23T09:26:26.757+0000] {logging_mixin.py:188} INFO - [2025-01-23T09:26:26.757+0000] {dag.py:3036} INFO - Sync 1 DAGs
[2025-01-23T09:26:26.781+0000] {logging_mixin.py:188} INFO - [2025-01-23T09:26:26.781+0000] {dag.py:3823} INFO - Setting next_dagrun for example_kubernetes_executor to None, run_after=None
[2025-01-23T09:26:26.832+0000] {processor.py:183} INFO - Processing /home/airflow/.local/lib/python3.8/site-packages/airflow/example_dags/example_kubernetes_executor.py took 0.187 seconds
[2025-01-23T09:26:57.247+0000] {processor.py:161} INFO - Started process (PID=529) to work on /home/airflow/.local/lib/python3.8/site-packages/airflow/example_dags/example_kubernetes_executor.py
[2025-01-23T09:26:57.250+0000] {processor.py:830} INFO - Processing file /home/airflow/.local/lib/python3.8/site-packages/airflow/example_dags/example_kubernetes_executor.py for tasks to queue
[2025-01-23T09:26:57.257+0000] {logging_mixin.py:188} INFO - [2025-01-23T09:26:57.255+0000] {dagbag.py:538} INFO - Filling up the DagBag from /home/airflow/.local/lib/python3.8/site-packages/airflow/example_dags/example_kubernetes_executor.py
[2025-01-23T09:26:57.300+0000] {processor.py:840} INFO - DAG(s) 'example_kubernetes_executor' retrieved from /home/airflow/.local/lib/python3.8/site-packages/airflow/example_dags/example_kubernetes_executor.py
[2025-01-23T09:26:57.434+0000] {logging_mixin.py:188} INFO - [2025-01-23T09:26:57.433+0000] {dag.py:3036} INFO - Sync 1 DAGs
[2025-01-23T09:26:57.482+0000] {logging_mixin.py:188} INFO - [2025-01-23T09:26:57.481+0000] {dag.py:3823} INFO - Setting next_dagrun for example_kubernetes_executor to None, run_after=None
[2025-01-23T09:26:57.541+0000] {processor.py:183} INFO - Processing /home/airflow/.local/lib/python3.8/site-packages/airflow/example_dags/example_kubernetes_executor.py took 0.305 seconds
[2025-01-23T09:27:28.130+0000] {processor.py:161} INFO - Started process (PID=585) to work on /home/airflow/.local/lib/python3.8/site-packages/airflow/example_dags/example_kubernetes_executor.py
[2025-01-23T09:27:28.132+0000] {processor.py:830} INFO - Processing file /home/airflow/.local/lib/python3.8/site-packages/airflow/example_dags/example_kubernetes_executor.py for tasks to queue
[2025-01-23T09:27:28.136+0000] {logging_mixin.py:188} INFO - [2025-01-23T09:27:28.135+0000] {dagbag.py:538} INFO - Filling up the DagBag from /home/airflow/.local/lib/python3.8/site-packages/airflow/example_dags/example_kubernetes_executor.py
[2025-01-23T09:27:28.174+0000] {processor.py:840} INFO - DAG(s) 'example_kubernetes_executor' retrieved from /home/airflow/.local/lib/python3.8/site-packages/airflow/example_dags/example_kubernetes_executor.py
[2025-01-23T09:27:28.253+0000] {logging_mixin.py:188} INFO - [2025-01-23T09:27:28.253+0000] {dag.py:3036} INFO - Sync 1 DAGs
[2025-01-23T09:27:28.284+0000] {logging_mixin.py:188} INFO - [2025-01-23T09:27:28.284+0000] {dag.py:3823} INFO - Setting next_dagrun for example_kubernetes_executor to None, run_after=None
[2025-01-23T09:27:28.330+0000] {processor.py:183} INFO - Processing /home/airflow/.local/lib/python3.8/site-packages/airflow/example_dags/example_kubernetes_executor.py took 0.206 seconds
[2025-01-23T09:27:58.562+0000] {processor.py:161} INFO - Started process (PID=641) to work on /home/airflow/.local/lib/python3.8/site-packages/airflow/example_dags/example_kubernetes_executor.py
[2025-01-23T09:27:58.563+0000] {processor.py:830} INFO - Processing file /home/airflow/.local/lib/python3.8/site-packages/airflow/example_dags/example_kubernetes_executor.py for tasks to queue
[2025-01-23T09:27:58.566+0000] {logging_mixin.py:188} INFO - [2025-01-23T09:27:58.566+0000] {dagbag.py:538} INFO - Filling up the DagBag from /home/airflow/.local/lib/python3.8/site-packages/airflow/example_dags/example_kubernetes_executor.py
[2025-01-23T09:27:58.592+0000] {processor.py:840} INFO - DAG(s) 'example_kubernetes_executor' retrieved from /home/airflow/.local/lib/python3.8/site-packages/airflow/example_dags/example_kubernetes_executor.py
[2025-01-23T09:27:58.650+0000] {logging_mixin.py:188} INFO - [2025-01-23T09:27:58.649+0000] {dag.py:3036} INFO - Sync 1 DAGs
[2025-01-23T09:27:58.670+0000] {logging_mixin.py:188} INFO - [2025-01-23T09:27:58.670+0000] {dag.py:3823} INFO - Setting next_dagrun for example_kubernetes_executor to None, run_after=None
[2025-01-23T09:27:58.699+0000] {processor.py:183} INFO - Processing /home/airflow/.local/lib/python3.8/site-packages/airflow/example_dags/example_kubernetes_executor.py took 0.142 seconds
[2025-01-23T09:28:29.318+0000] {processor.py:161} INFO - Started process (PID=697) to work on /home/airflow/.local/lib/python3.8/site-packages/airflow/example_dags/example_kubernetes_executor.py
[2025-01-23T09:28:29.320+0000] {processor.py:830} INFO - Processing file /home/airflow/.local/lib/python3.8/site-packages/airflow/example_dags/example_kubernetes_executor.py for tasks to queue
[2025-01-23T09:28:29.324+0000] {logging_mixin.py:188} INFO - [2025-01-23T09:28:29.323+0000] {dagbag.py:538} INFO - Filling up the DagBag from /home/airflow/.local/lib/python3.8/site-packages/airflow/example_dags/example_kubernetes_executor.py
[2025-01-23T09:28:29.366+0000] {processor.py:840} INFO - DAG(s) 'example_kubernetes_executor' retrieved from /home/airflow/.local/lib/python3.8/site-packages/airflow/example_dags/example_kubernetes_executor.py
[2025-01-23T09:28:29.440+0000] {logging_mixin.py:188} INFO - [2025-01-23T09:28:29.439+0000] {dag.py:3036} INFO - Sync 1 DAGs
[2025-01-23T09:28:29.467+0000] {logging_mixin.py:188} INFO - [2025-01-23T09:28:29.466+0000] {dag.py:3823} INFO - Setting next_dagrun for example_kubernetes_executor to None, run_after=None
[2025-01-23T09:28:29.504+0000] {processor.py:183} INFO - Processing /home/airflow/.local/lib/python3.8/site-packages/airflow/example_dags/example_kubernetes_executor.py took 0.194 seconds
[2025-01-23T09:28:59.598+0000] {processor.py:161} INFO - Started process (PID=753) to work on /home/airflow/.local/lib/python3.8/site-packages/airflow/example_dags/example_kubernetes_executor.py
[2025-01-23T09:28:59.600+0000] {processor.py:830} INFO - Processing file /home/airflow/.local/lib/python3.8/site-packages/airflow/example_dags/example_kubernetes_executor.py for tasks to queue
[2025-01-23T09:28:59.604+0000] {logging_mixin.py:188} INFO - [2025-01-23T09:28:59.604+0000] {dagbag.py:538} INFO - Filling up the DagBag from /home/airflow/.local/lib/python3.8/site-packages/airflow/example_dags/example_kubernetes_executor.py
[2025-01-23T09:28:59.641+0000] {processor.py:840} INFO - DAG(s) 'example_kubernetes_executor' retrieved from /home/airflow/.local/lib/python3.8/site-packages/airflow/example_dags/example_kubernetes_executor.py
[2025-01-23T09:28:59.755+0000] {logging_mixin.py:188} INFO - [2025-01-23T09:28:59.754+0000] {dag.py:3036} INFO - Sync 1 DAGs
[2025-01-23T09:28:59.800+0000] {logging_mixin.py:188} INFO - [2025-01-23T09:28:59.800+0000] {dag.py:3823} INFO - Setting next_dagrun for example_kubernetes_executor to None, run_after=None
[2025-01-23T09:28:59.848+0000] {processor.py:183} INFO - Processing /home/airflow/.local/lib/python3.8/site-packages/airflow/example_dags/example_kubernetes_executor.py took 0.257 seconds
[2025-01-23T09:29:30.487+0000] {processor.py:161} INFO - Started process (PID=809) to work on /home/airflow/.local/lib/python3.8/site-packages/airflow/example_dags/example_kubernetes_executor.py
[2025-01-23T09:29:30.490+0000] {processor.py:830} INFO - Processing file /home/airflow/.local/lib/python3.8/site-packages/airflow/example_dags/example_kubernetes_executor.py for tasks to queue
[2025-01-23T09:29:30.495+0000] {logging_mixin.py:188} INFO - [2025-01-23T09:29:30.494+0000] {dagbag.py:538} INFO - Filling up the DagBag from /home/airflow/.local/lib/python3.8/site-packages/airflow/example_dags/example_kubernetes_executor.py
[2025-01-23T09:29:30.528+0000] {processor.py:840} INFO - DAG(s) 'example_kubernetes_executor' retrieved from /home/airflow/.local/lib/python3.8/site-packages/airflow/example_dags/example_kubernetes_executor.py
[2025-01-23T09:29:30.623+0000] {logging_mixin.py:188} INFO - [2025-01-23T09:29:30.622+0000] {dag.py:3036} INFO - Sync 1 DAGs
[2025-01-23T09:29:30.654+0000] {logging_mixin.py:188} INFO - [2025-01-23T09:29:30.654+0000] {dag.py:3823} INFO - Setting next_dagrun for example_kubernetes_executor to None, run_after=None
[2025-01-23T09:29:30.700+0000] {processor.py:183} INFO - Processing /home/airflow/.local/lib/python3.8/site-packages/airflow/example_dags/example_kubernetes_executor.py took 0.230 seconds
[2025-01-23T09:30:01.374+0000] {processor.py:161} INFO - Started process (PID=871) to work on /home/airflow/.local/lib/python3.8/site-packages/airflow/example_dags/example_kubernetes_executor.py
[2025-01-23T09:30:01.376+0000] {processor.py:830} INFO - Processing file /home/airflow/.local/lib/python3.8/site-packages/airflow/example_dags/example_kubernetes_executor.py for tasks to queue
[2025-01-23T09:30:01.380+0000] {logging_mixin.py:188} INFO - [2025-01-23T09:30:01.380+0000] {dagbag.py:538} INFO - Filling up the DagBag from /home/airflow/.local/lib/python3.8/site-packages/airflow/example_dags/example_kubernetes_executor.py
[2025-01-23T09:30:01.414+0000] {processor.py:840} INFO - DAG(s) 'example_kubernetes_executor' retrieved from /home/airflow/.local/lib/python3.8/site-packages/airflow/example_dags/example_kubernetes_executor.py
[2025-01-23T09:30:01.501+0000] {logging_mixin.py:188} INFO - [2025-01-23T09:30:01.501+0000] {dag.py:3036} INFO - Sync 1 DAGs
[2025-01-23T09:30:01.531+0000] {logging_mixin.py:188} INFO - [2025-01-23T09:30:01.531+0000] {dag.py:3823} INFO - Setting next_dagrun for example_kubernetes_executor to None, run_after=None
[2025-01-23T09:30:01.589+0000] {processor.py:183} INFO - Processing /home/airflow/.local/lib/python3.8/site-packages/airflow/example_dags/example_kubernetes_executor.py took 0.221 seconds
[2025-01-23T09:30:32.475+0000] {processor.py:161} INFO - Started process (PID=927) to work on /home/airflow/.local/lib/python3.8/site-packages/airflow/example_dags/example_kubernetes_executor.py
[2025-01-23T09:30:32.479+0000] {processor.py:830} INFO - Processing file /home/airflow/.local/lib/python3.8/site-packages/airflow/example_dags/example_kubernetes_executor.py for tasks to queue
[2025-01-23T09:30:32.486+0000] {logging_mixin.py:188} INFO - [2025-01-23T09:30:32.485+0000] {dagbag.py:538} INFO - Filling up the DagBag from /home/airflow/.local/lib/python3.8/site-packages/airflow/example_dags/example_kubernetes_executor.py
[2025-01-23T09:30:32.540+0000] {processor.py:840} INFO - DAG(s) 'example_kubernetes_executor' retrieved from /home/airflow/.local/lib/python3.8/site-packages/airflow/example_dags/example_kubernetes_executor.py
[2025-01-23T09:30:32.706+0000] {logging_mixin.py:188} INFO - [2025-01-23T09:30:32.705+0000] {dag.py:3036} INFO - Sync 1 DAGs
[2025-01-23T09:30:32.748+0000] {logging_mixin.py:188} INFO - [2025-01-23T09:30:32.747+0000] {dag.py:3823} INFO - Setting next_dagrun for example_kubernetes_executor to None, run_after=None
[2025-01-23T09:30:32.829+0000] {processor.py:183} INFO - Processing /home/airflow/.local/lib/python3.8/site-packages/airflow/example_dags/example_kubernetes_executor.py took 0.362 seconds
[2025-01-23T09:31:03.089+0000] {processor.py:161} INFO - Started process (PID=983) to work on /home/airflow/.local/lib/python3.8/site-packages/airflow/example_dags/example_kubernetes_executor.py
[2025-01-23T09:31:03.091+0000] {processor.py:830} INFO - Processing file /home/airflow/.local/lib/python3.8/site-packages/airflow/example_dags/example_kubernetes_executor.py for tasks to queue
[2025-01-23T09:31:03.093+0000] {logging_mixin.py:188} INFO - [2025-01-23T09:31:03.092+0000] {dagbag.py:538} INFO - Filling up the DagBag from /home/airflow/.local/lib/python3.8/site-packages/airflow/example_dags/example_kubernetes_executor.py
[2025-01-23T09:31:03.131+0000] {processor.py:840} INFO - DAG(s) 'example_kubernetes_executor' retrieved from /home/airflow/.local/lib/python3.8/site-packages/airflow/example_dags/example_kubernetes_executor.py
[2025-01-23T09:31:03.237+0000] {logging_mixin.py:188} INFO - [2025-01-23T09:31:03.237+0000] {dag.py:3036} INFO - Sync 1 DAGs
[2025-01-23T09:31:03.292+0000] {logging_mixin.py:188} INFO - [2025-01-23T09:31:03.291+0000] {dag.py:3823} INFO - Setting next_dagrun for example_kubernetes_executor to None, run_after=None
[2025-01-23T09:31:03.353+0000] {processor.py:183} INFO - Processing /home/airflow/.local/lib/python3.8/site-packages/airflow/example_dags/example_kubernetes_executor.py took 0.270 seconds
[2025-01-23T09:31:33.770+0000] {processor.py:161} INFO - Started process (PID=1040) to work on /home/airflow/.local/lib/python3.8/site-packages/airflow/example_dags/example_kubernetes_executor.py
[2025-01-23T09:31:33.775+0000] {processor.py:830} INFO - Processing file /home/airflow/.local/lib/python3.8/site-packages/airflow/example_dags/example_kubernetes_executor.py for tasks to queue
[2025-01-23T09:31:33.781+0000] {logging_mixin.py:188} INFO - [2025-01-23T09:31:33.780+0000] {dagbag.py:538} INFO - Filling up the DagBag from /home/airflow/.local/lib/python3.8/site-packages/airflow/example_dags/example_kubernetes_executor.py
[2025-01-23T09:31:33.890+0000] {processor.py:840} INFO - DAG(s) 'example_kubernetes_executor' retrieved from /home/airflow/.local/lib/python3.8/site-packages/airflow/example_dags/example_kubernetes_executor.py
[2025-01-23T09:31:34.298+0000] {logging_mixin.py:188} INFO - [2025-01-23T09:31:34.297+0000] {dag.py:3036} INFO - Sync 1 DAGs
[2025-01-23T09:31:34.411+0000] {logging_mixin.py:188} INFO - [2025-01-23T09:31:34.410+0000] {dag.py:3823} INFO - Setting next_dagrun for example_kubernetes_executor to None, run_after=None
[2025-01-23T09:31:34.542+0000] {processor.py:183} INFO - Processing /home/airflow/.local/lib/python3.8/site-packages/airflow/example_dags/example_kubernetes_executor.py took 0.784 seconds
[2025-01-23T09:32:04.826+0000] {processor.py:161} INFO - Started process (PID=1096) to work on /home/airflow/.local/lib/python3.8/site-packages/airflow/example_dags/example_kubernetes_executor.py
[2025-01-23T09:32:04.827+0000] {processor.py:830} INFO - Processing file /home/airflow/.local/lib/python3.8/site-packages/airflow/example_dags/example_kubernetes_executor.py for tasks to queue
[2025-01-23T09:32:04.829+0000] {logging_mixin.py:188} INFO - [2025-01-23T09:32:04.829+0000] {dagbag.py:538} INFO - Filling up the DagBag from /home/airflow/.local/lib/python3.8/site-packages/airflow/example_dags/example_kubernetes_executor.py
[2025-01-23T09:32:04.863+0000] {processor.py:840} INFO - DAG(s) 'example_kubernetes_executor' retrieved from /home/airflow/.local/lib/python3.8/site-packages/airflow/example_dags/example_kubernetes_executor.py
[2025-01-23T09:32:04.933+0000] {logging_mixin.py:188} INFO - [2025-01-23T09:32:04.932+0000] {dag.py:3036} INFO - Sync 1 DAGs
[2025-01-23T09:32:04.955+0000] {logging_mixin.py:188} INFO - [2025-01-23T09:32:04.955+0000] {dag.py:3823} INFO - Setting next_dagrun for example_kubernetes_executor to None, run_after=None
[2025-01-23T09:32:05.009+0000] {processor.py:183} INFO - Processing /home/airflow/.local/lib/python3.8/site-packages/airflow/example_dags/example_kubernetes_executor.py took 0.189 seconds
[2025-01-23T09:32:35.988+0000] {processor.py:161} INFO - Started process (PID=1152) to work on /home/airflow/.local/lib/python3.8/site-packages/airflow/example_dags/example_kubernetes_executor.py
[2025-01-23T09:32:35.991+0000] {processor.py:830} INFO - Processing file /home/airflow/.local/lib/python3.8/site-packages/airflow/example_dags/example_kubernetes_executor.py for tasks to queue
[2025-01-23T09:32:35.994+0000] {logging_mixin.py:188} INFO - [2025-01-23T09:32:35.993+0000] {dagbag.py:538} INFO - Filling up the DagBag from /home/airflow/.local/lib/python3.8/site-packages/airflow/example_dags/example_kubernetes_executor.py
[2025-01-23T09:32:36.080+0000] {processor.py:840} INFO - DAG(s) 'example_kubernetes_executor' retrieved from /home/airflow/.local/lib/python3.8/site-packages/airflow/example_dags/example_kubernetes_executor.py
[2025-01-23T09:32:36.228+0000] {logging_mixin.py:188} INFO - [2025-01-23T09:32:36.227+0000] {dag.py:3036} INFO - Sync 1 DAGs
[2025-01-23T09:32:36.292+0000] {logging_mixin.py:188} INFO - [2025-01-23T09:32:36.285+0000] {dag.py:3823} INFO - Setting next_dagrun for example_kubernetes_executor to None, run_after=None
[2025-01-23T09:32:36.408+0000] {processor.py:183} INFO - Processing /home/airflow/.local/lib/python3.8/site-packages/airflow/example_dags/example_kubernetes_executor.py took 0.435 seconds
[2025-01-23T09:33:06.699+0000] {processor.py:161} INFO - Started process (PID=1209) to work on /home/airflow/.local/lib/python3.8/site-packages/airflow/example_dags/example_kubernetes_executor.py
[2025-01-23T09:33:06.702+0000] {processor.py:830} INFO - Processing file /home/airflow/.local/lib/python3.8/site-packages/airflow/example_dags/example_kubernetes_executor.py for tasks to queue
[2025-01-23T09:33:06.704+0000] {logging_mixin.py:188} INFO - [2025-01-23T09:33:06.703+0000] {dagbag.py:538} INFO - Filling up the DagBag from /home/airflow/.local/lib/python3.8/site-packages/airflow/example_dags/example_kubernetes_executor.py
[2025-01-23T09:33:06.734+0000] {processor.py:840} INFO - DAG(s) 'example_kubernetes_executor' retrieved from /home/airflow/.local/lib/python3.8/site-packages/airflow/example_dags/example_kubernetes_executor.py
[2025-01-23T09:33:06.824+0000] {logging_mixin.py:188} INFO - [2025-01-23T09:33:06.823+0000] {dag.py:3036} INFO - Sync 1 DAGs
[2025-01-23T09:33:06.854+0000] {logging_mixin.py:188} INFO - [2025-01-23T09:33:06.853+0000] {dag.py:3823} INFO - Setting next_dagrun for example_kubernetes_executor to None, run_after=None
[2025-01-23T09:33:06.914+0000] {processor.py:183} INFO - Processing /home/airflow/.local/lib/python3.8/site-packages/airflow/example_dags/example_kubernetes_executor.py took 0.221 seconds
[2025-01-23T09:33:37.250+0000] {processor.py:161} INFO - Started process (PID=1264) to work on /home/airflow/.local/lib/python3.8/site-packages/airflow/example_dags/example_kubernetes_executor.py
[2025-01-23T09:33:37.253+0000] {processor.py:830} INFO - Processing file /home/airflow/.local/lib/python3.8/site-packages/airflow/example_dags/example_kubernetes_executor.py for tasks to queue
[2025-01-23T09:33:37.259+0000] {logging_mixin.py:188} INFO - [2025-01-23T09:33:37.257+0000] {dagbag.py:538} INFO - Filling up the DagBag from /home/airflow/.local/lib/python3.8/site-packages/airflow/example_dags/example_kubernetes_executor.py
[2025-01-23T09:33:37.360+0000] {processor.py:840} INFO - DAG(s) 'example_kubernetes_executor' retrieved from /home/airflow/.local/lib/python3.8/site-packages/airflow/example_dags/example_kubernetes_executor.py
[2025-01-23T09:33:37.558+0000] {logging_mixin.py:188} INFO - [2025-01-23T09:33:37.557+0000] {dag.py:3036} INFO - Sync 1 DAGs
[2025-01-23T09:33:37.612+0000] {logging_mixin.py:188} INFO - [2025-01-23T09:33:37.612+0000] {dag.py:3823} INFO - Setting next_dagrun for example_kubernetes_executor to None, run_after=None
[2025-01-23T09:33:37.675+0000] {processor.py:183} INFO - Processing /home/airflow/.local/lib/python3.8/site-packages/airflow/example_dags/example_kubernetes_executor.py took 0.435 seconds
[2025-01-23T09:34:08.511+0000] {processor.py:161} INFO - Started process (PID=1320) to work on /home/airflow/.local/lib/python3.8/site-packages/airflow/example_dags/example_kubernetes_executor.py
[2025-01-23T09:34:08.513+0000] {processor.py:830} INFO - Processing file /home/airflow/.local/lib/python3.8/site-packages/airflow/example_dags/example_kubernetes_executor.py for tasks to queue
[2025-01-23T09:34:08.516+0000] {logging_mixin.py:188} INFO - [2025-01-23T09:34:08.515+0000] {dagbag.py:538} INFO - Filling up the DagBag from /home/airflow/.local/lib/python3.8/site-packages/airflow/example_dags/example_kubernetes_executor.py
[2025-01-23T09:34:08.564+0000] {processor.py:840} INFO - DAG(s) 'example_kubernetes_executor' retrieved from /home/airflow/.local/lib/python3.8/site-packages/airflow/example_dags/example_kubernetes_executor.py
[2025-01-23T09:34:08.676+0000] {logging_mixin.py:188} INFO - [2025-01-23T09:34:08.676+0000] {dag.py:3036} INFO - Sync 1 DAGs
[2025-01-23T09:34:08.727+0000] {logging_mixin.py:188} INFO - [2025-01-23T09:34:08.726+0000] {dag.py:3823} INFO - Setting next_dagrun for example_kubernetes_executor to None, run_after=None
[2025-01-23T09:34:08.781+0000] {processor.py:183} INFO - Processing /home/airflow/.local/lib/python3.8/site-packages/airflow/example_dags/example_kubernetes_executor.py took 0.275 seconds
[2025-01-23T09:34:39.268+0000] {processor.py:161} INFO - Started process (PID=1376) to work on /home/airflow/.local/lib/python3.8/site-packages/airflow/example_dags/example_kubernetes_executor.py
[2025-01-23T09:34:39.270+0000] {processor.py:830} INFO - Processing file /home/airflow/.local/lib/python3.8/site-packages/airflow/example_dags/example_kubernetes_executor.py for tasks to queue
[2025-01-23T09:34:39.272+0000] {logging_mixin.py:188} INFO - [2025-01-23T09:34:39.272+0000] {dagbag.py:538} INFO - Filling up the DagBag from /home/airflow/.local/lib/python3.8/site-packages/airflow/example_dags/example_kubernetes_executor.py
[2025-01-23T09:34:39.309+0000] {processor.py:840} INFO - DAG(s) 'example_kubernetes_executor' retrieved from /home/airflow/.local/lib/python3.8/site-packages/airflow/example_dags/example_kubernetes_executor.py
[2025-01-23T09:34:39.401+0000] {logging_mixin.py:188} INFO - [2025-01-23T09:34:39.400+0000] {dag.py:3036} INFO - Sync 1 DAGs
[2025-01-23T09:34:39.434+0000] {logging_mixin.py:188} INFO - [2025-01-23T09:34:39.433+0000] {dag.py:3823} INFO - Setting next_dagrun for example_kubernetes_executor to None, run_after=None
[2025-01-23T09:34:39.480+0000] {processor.py:183} INFO - Processing /home/airflow/.local/lib/python3.8/site-packages/airflow/example_dags/example_kubernetes_executor.py took 0.220 seconds
[2025-01-23T09:35:09.602+0000] {processor.py:161} INFO - Started process (PID=1433) to work on /home/airflow/.local/lib/python3.8/site-packages/airflow/example_dags/example_kubernetes_executor.py
[2025-01-23T09:35:09.603+0000] {processor.py:830} INFO - Processing file /home/airflow/.local/lib/python3.8/site-packages/airflow/example_dags/example_kubernetes_executor.py for tasks to queue
[2025-01-23T09:35:09.605+0000] {logging_mixin.py:188} INFO - [2025-01-23T09:35:09.605+0000] {dagbag.py:538} INFO - Filling up the DagBag from /home/airflow/.local/lib/python3.8/site-packages/airflow/example_dags/example_kubernetes_executor.py
[2025-01-23T09:35:09.640+0000] {processor.py:840} INFO - DAG(s) 'example_kubernetes_executor' retrieved from /home/airflow/.local/lib/python3.8/site-packages/airflow/example_dags/example_kubernetes_executor.py
[2025-01-23T09:35:09.738+0000] {logging_mixin.py:188} INFO - [2025-01-23T09:35:09.738+0000] {dag.py:3036} INFO - Sync 1 DAGs
[2025-01-23T09:35:09.769+0000] {logging_mixin.py:188} INFO - [2025-01-23T09:35:09.768+0000] {dag.py:3823} INFO - Setting next_dagrun for example_kubernetes_executor to None, run_after=None
[2025-01-23T09:35:09.818+0000] {processor.py:183} INFO - Processing /home/airflow/.local/lib/python3.8/site-packages/airflow/example_dags/example_kubernetes_executor.py took 0.223 seconds
[2025-01-23T09:35:40.040+0000] {processor.py:161} INFO - Started process (PID=1490) to work on /home/airflow/.local/lib/python3.8/site-packages/airflow/example_dags/example_kubernetes_executor.py
[2025-01-23T09:35:40.042+0000] {processor.py:830} INFO - Processing file /home/airflow/.local/lib/python3.8/site-packages/airflow/example_dags/example_kubernetes_executor.py for tasks to queue
[2025-01-23T09:35:40.045+0000] {logging_mixin.py:188} INFO - [2025-01-23T09:35:40.044+0000] {dagbag.py:538} INFO - Filling up the DagBag from /home/airflow/.local/lib/python3.8/site-packages/airflow/example_dags/example_kubernetes_executor.py
[2025-01-23T09:35:40.077+0000] {processor.py:840} INFO - DAG(s) 'example_kubernetes_executor' retrieved from /home/airflow/.local/lib/python3.8/site-packages/airflow/example_dags/example_kubernetes_executor.py
[2025-01-23T09:35:40.161+0000] {logging_mixin.py:188} INFO - [2025-01-23T09:35:40.161+0000] {dag.py:3036} INFO - Sync 1 DAGs
[2025-01-23T09:35:40.184+0000] {logging_mixin.py:188} INFO - [2025-01-23T09:35:40.184+0000] {dag.py:3823} INFO - Setting next_dagrun for example_kubernetes_executor to None, run_after=None
[2025-01-23T09:35:40.225+0000] {processor.py:183} INFO - Processing /home/airflow/.local/lib/python3.8/site-packages/airflow/example_dags/example_kubernetes_executor.py took 0.192 seconds
[2025-01-23T09:36:10.368+0000] {processor.py:161} INFO - Started process (PID=1544) to work on /home/airflow/.local/lib/python3.8/site-packages/airflow/example_dags/example_kubernetes_executor.py
[2025-01-23T09:36:10.371+0000] {processor.py:830} INFO - Processing file /home/airflow/.local/lib/python3.8/site-packages/airflow/example_dags/example_kubernetes_executor.py for tasks to queue
[2025-01-23T09:36:10.373+0000] {logging_mixin.py:188} INFO - [2025-01-23T09:36:10.373+0000] {dagbag.py:538} INFO - Filling up the DagBag from /home/airflow/.local/lib/python3.8/site-packages/airflow/example_dags/example_kubernetes_executor.py
[2025-01-23T09:36:10.423+0000] {processor.py:840} INFO - DAG(s) 'example_kubernetes_executor' retrieved from /home/airflow/.local/lib/python3.8/site-packages/airflow/example_dags/example_kubernetes_executor.py
[2025-01-23T09:36:10.536+0000] {logging_mixin.py:188} INFO - [2025-01-23T09:36:10.535+0000] {dag.py:3036} INFO - Sync 1 DAGs
[2025-01-23T09:36:10.576+0000] {logging_mixin.py:188} INFO - [2025-01-23T09:36:10.575+0000] {dag.py:3823} INFO - Setting next_dagrun for example_kubernetes_executor to None, run_after=None
[2025-01-23T09:36:10.634+0000] {processor.py:183} INFO - Processing /home/airflow/.local/lib/python3.8/site-packages/airflow/example_dags/example_kubernetes_executor.py took 0.282 seconds
[2025-01-23T09:36:41.115+0000] {processor.py:161} INFO - Started process (PID=1600) to work on /home/airflow/.local/lib/python3.8/site-packages/airflow/example_dags/example_kubernetes_executor.py
[2025-01-23T09:36:41.116+0000] {processor.py:830} INFO - Processing file /home/airflow/.local/lib/python3.8/site-packages/airflow/example_dags/example_kubernetes_executor.py for tasks to queue
[2025-01-23T09:36:41.118+0000] {logging_mixin.py:188} INFO - [2025-01-23T09:36:41.118+0000] {dagbag.py:538} INFO - Filling up the DagBag from /home/airflow/.local/lib/python3.8/site-packages/airflow/example_dags/example_kubernetes_executor.py
[2025-01-23T09:36:41.161+0000] {processor.py:840} INFO - DAG(s) 'example_kubernetes_executor' retrieved from /home/airflow/.local/lib/python3.8/site-packages/airflow/example_dags/example_kubernetes_executor.py
[2025-01-23T09:36:41.248+0000] {logging_mixin.py:188} INFO - [2025-01-23T09:36:41.248+0000] {dag.py:3036} INFO - Sync 1 DAGs
[2025-01-23T09:36:41.272+0000] {logging_mixin.py:188} INFO - [2025-01-23T09:36:41.271+0000] {dag.py:3823} INFO - Setting next_dagrun for example_kubernetes_executor to None, run_after=None
[2025-01-23T09:36:41.314+0000] {processor.py:183} INFO - Processing /home/airflow/.local/lib/python3.8/site-packages/airflow/example_dags/example_kubernetes_executor.py took 0.205 seconds
[2025-01-23T09:37:11.798+0000] {processor.py:161} INFO - Started process (PID=1656) to work on /home/airflow/.local/lib/python3.8/site-packages/airflow/example_dags/example_kubernetes_executor.py
[2025-01-23T09:37:11.800+0000] {processor.py:830} INFO - Processing file /home/airflow/.local/lib/python3.8/site-packages/airflow/example_dags/example_kubernetes_executor.py for tasks to queue
[2025-01-23T09:37:11.802+0000] {logging_mixin.py:188} INFO - [2025-01-23T09:37:11.801+0000] {dagbag.py:538} INFO - Filling up the DagBag from /home/airflow/.local/lib/python3.8/site-packages/airflow/example_dags/example_kubernetes_executor.py
[2025-01-23T09:37:11.838+0000] {processor.py:840} INFO - DAG(s) 'example_kubernetes_executor' retrieved from /home/airflow/.local/lib/python3.8/site-packages/airflow/example_dags/example_kubernetes_executor.py
[2025-01-23T09:37:11.932+0000] {logging_mixin.py:188} INFO - [2025-01-23T09:37:11.932+0000] {dag.py:3036} INFO - Sync 1 DAGs
[2025-01-23T09:37:11.981+0000] {logging_mixin.py:188} INFO - [2025-01-23T09:37:11.981+0000] {dag.py:3823} INFO - Setting next_dagrun for example_kubernetes_executor to None, run_after=None
[2025-01-23T09:37:12.058+0000] {processor.py:183} INFO - Processing /home/airflow/.local/lib/python3.8/site-packages/airflow/example_dags/example_kubernetes_executor.py took 0.268 seconds
[2025-01-23T09:37:42.322+0000] {processor.py:161} INFO - Started process (PID=1713) to work on /home/airflow/.local/lib/python3.8/site-packages/airflow/example_dags/example_kubernetes_executor.py
[2025-01-23T09:37:42.329+0000] {processor.py:830} INFO - Processing file /home/airflow/.local/lib/python3.8/site-packages/airflow/example_dags/example_kubernetes_executor.py for tasks to queue
[2025-01-23T09:37:42.332+0000] {logging_mixin.py:188} INFO - [2025-01-23T09:37:42.331+0000] {dagbag.py:538} INFO - Filling up the DagBag from /home/airflow/.local/lib/python3.8/site-packages/airflow/example_dags/example_kubernetes_executor.py
[2025-01-23T09:37:42.389+0000] {processor.py:840} INFO - DAG(s) 'example_kubernetes_executor' retrieved from /home/airflow/.local/lib/python3.8/site-packages/airflow/example_dags/example_kubernetes_executor.py
[2025-01-23T09:37:42.549+0000] {logging_mixin.py:188} INFO - [2025-01-23T09:37:42.548+0000] {dag.py:3036} INFO - Sync 1 DAGs
[2025-01-23T09:37:42.590+0000] {logging_mixin.py:188} INFO - [2025-01-23T09:37:42.590+0000] {dag.py:3823} INFO - Setting next_dagrun for example_kubernetes_executor to None, run_after=None
[2025-01-23T09:37:42.643+0000] {processor.py:183} INFO - Processing /home/airflow/.local/lib/python3.8/site-packages/airflow/example_dags/example_kubernetes_executor.py took 0.333 seconds
[2025-01-23T09:38:12.775+0000] {processor.py:161} INFO - Started process (PID=1770) to work on /home/airflow/.local/lib/python3.8/site-packages/airflow/example_dags/example_kubernetes_executor.py
[2025-01-23T09:38:12.777+0000] {processor.py:830} INFO - Processing file /home/airflow/.local/lib/python3.8/site-packages/airflow/example_dags/example_kubernetes_executor.py for tasks to queue
[2025-01-23T09:38:12.779+0000] {logging_mixin.py:188} INFO - [2025-01-23T09:38:12.779+0000] {dagbag.py:538} INFO - Filling up the DagBag from /home/airflow/.local/lib/python3.8/site-packages/airflow/example_dags/example_kubernetes_executor.py
[2025-01-23T09:38:12.806+0000] {processor.py:840} INFO - DAG(s) 'example_kubernetes_executor' retrieved from /home/airflow/.local/lib/python3.8/site-packages/airflow/example_dags/example_kubernetes_executor.py
[2025-01-23T09:38:12.878+0000] {logging_mixin.py:188} INFO - [2025-01-23T09:38:12.878+0000] {dag.py:3036} INFO - Sync 1 DAGs
[2025-01-23T09:38:12.903+0000] {logging_mixin.py:188} INFO - [2025-01-23T09:38:12.903+0000] {dag.py:3823} INFO - Setting next_dagrun for example_kubernetes_executor to None, run_after=None
[2025-01-23T09:38:12.941+0000] {processor.py:183} INFO - Processing /home/airflow/.local/lib/python3.8/site-packages/airflow/example_dags/example_kubernetes_executor.py took 0.174 seconds
[2025-01-23T09:38:43.173+0000] {processor.py:161} INFO - Started process (PID=1827) to work on /home/airflow/.local/lib/python3.8/site-packages/airflow/example_dags/example_kubernetes_executor.py
[2025-01-23T09:38:43.175+0000] {processor.py:830} INFO - Processing file /home/airflow/.local/lib/python3.8/site-packages/airflow/example_dags/example_kubernetes_executor.py for tasks to queue
[2025-01-23T09:38:43.178+0000] {logging_mixin.py:188} INFO - [2025-01-23T09:38:43.177+0000] {dagbag.py:538} INFO - Filling up the DagBag from /home/airflow/.local/lib/python3.8/site-packages/airflow/example_dags/example_kubernetes_executor.py
[2025-01-23T09:38:43.224+0000] {processor.py:840} INFO - DAG(s) 'example_kubernetes_executor' retrieved from /home/airflow/.local/lib/python3.8/site-packages/airflow/example_dags/example_kubernetes_executor.py
[2025-01-23T09:38:43.331+0000] {logging_mixin.py:188} INFO - [2025-01-23T09:38:43.330+0000] {dag.py:3036} INFO - Sync 1 DAGs
[2025-01-23T09:38:43.374+0000] {logging_mixin.py:188} INFO - [2025-01-23T09:38:43.373+0000] {dag.py:3823} INFO - Setting next_dagrun for example_kubernetes_executor to None, run_after=None
[2025-01-23T09:38:43.438+0000] {processor.py:183} INFO - Processing /home/airflow/.local/lib/python3.8/site-packages/airflow/example_dags/example_kubernetes_executor.py took 0.272 seconds
[2025-01-23T09:39:13.661+0000] {processor.py:161} INFO - Started process (PID=1879) to work on /home/airflow/.local/lib/python3.8/site-packages/airflow/example_dags/example_kubernetes_executor.py
[2025-01-23T09:39:13.663+0000] {processor.py:830} INFO - Processing file /home/airflow/.local/lib/python3.8/site-packages/airflow/example_dags/example_kubernetes_executor.py for tasks to queue
[2025-01-23T09:39:13.666+0000] {logging_mixin.py:188} INFO - [2025-01-23T09:39:13.665+0000] {dagbag.py:538} INFO - Filling up the DagBag from /home/airflow/.local/lib/python3.8/site-packages/airflow/example_dags/example_kubernetes_executor.py
[2025-01-23T09:39:13.718+0000] {processor.py:840} INFO - DAG(s) 'example_kubernetes_executor' retrieved from /home/airflow/.local/lib/python3.8/site-packages/airflow/example_dags/example_kubernetes_executor.py
[2025-01-23T09:39:13.831+0000] {logging_mixin.py:188} INFO - [2025-01-23T09:39:13.830+0000] {dag.py:3036} INFO - Sync 1 DAGs
[2025-01-23T09:39:13.868+0000] {logging_mixin.py:188} INFO - [2025-01-23T09:39:13.868+0000] {dag.py:3823} INFO - Setting next_dagrun for example_kubernetes_executor to None, run_after=None
[2025-01-23T09:39:13.926+0000] {processor.py:183} INFO - Processing /home/airflow/.local/lib/python3.8/site-packages/airflow/example_dags/example_kubernetes_executor.py took 0.275 seconds
[2025-01-23T09:39:43.989+0000] {processor.py:161} INFO - Started process (PID=1936) to work on /home/airflow/.local/lib/python3.8/site-packages/airflow/example_dags/example_kubernetes_executor.py
[2025-01-23T09:39:43.992+0000] {processor.py:830} INFO - Processing file /home/airflow/.local/lib/python3.8/site-packages/airflow/example_dags/example_kubernetes_executor.py for tasks to queue
[2025-01-23T09:39:43.994+0000] {logging_mixin.py:188} INFO - [2025-01-23T09:39:43.994+0000] {dagbag.py:538} INFO - Filling up the DagBag from /home/airflow/.local/lib/python3.8/site-packages/airflow/example_dags/example_kubernetes_executor.py
[2025-01-23T09:39:44.036+0000] {processor.py:840} INFO - DAG(s) 'example_kubernetes_executor' retrieved from /home/airflow/.local/lib/python3.8/site-packages/airflow/example_dags/example_kubernetes_executor.py
[2025-01-23T09:39:44.134+0000] {logging_mixin.py:188} INFO - [2025-01-23T09:39:44.134+0000] {dag.py:3036} INFO - Sync 1 DAGs
[2025-01-23T09:39:44.171+0000] {logging_mixin.py:188} INFO - [2025-01-23T09:39:44.171+0000] {dag.py:3823} INFO - Setting next_dagrun for example_kubernetes_executor to None, run_after=None
[2025-01-23T09:39:44.217+0000] {processor.py:183} INFO - Processing /home/airflow/.local/lib/python3.8/site-packages/airflow/example_dags/example_kubernetes_executor.py took 0.236 seconds
[2025-01-23T09:40:14.534+0000] {processor.py:161} INFO - Started process (PID=1991) to work on /home/airflow/.local/lib/python3.8/site-packages/airflow/example_dags/example_kubernetes_executor.py
[2025-01-23T09:40:14.536+0000] {processor.py:830} INFO - Processing file /home/airflow/.local/lib/python3.8/site-packages/airflow/example_dags/example_kubernetes_executor.py for tasks to queue
[2025-01-23T09:40:14.538+0000] {logging_mixin.py:188} INFO - [2025-01-23T09:40:14.537+0000] {dagbag.py:538} INFO - Filling up the DagBag from /home/airflow/.local/lib/python3.8/site-packages/airflow/example_dags/example_kubernetes_executor.py
[2025-01-23T09:40:14.586+0000] {processor.py:840} INFO - DAG(s) 'example_kubernetes_executor' retrieved from /home/airflow/.local/lib/python3.8/site-packages/airflow/example_dags/example_kubernetes_executor.py
[2025-01-23T09:40:14.678+0000] {logging_mixin.py:188} INFO - [2025-01-23T09:40:14.677+0000] {dag.py:3036} INFO - Sync 1 DAGs
[2025-01-23T09:40:14.720+0000] {logging_mixin.py:188} INFO - [2025-01-23T09:40:14.719+0000] {dag.py:3823} INFO - Setting next_dagrun for example_kubernetes_executor to None, run_after=None
[2025-01-23T09:40:14.765+0000] {processor.py:183} INFO - Processing /home/airflow/.local/lib/python3.8/site-packages/airflow/example_dags/example_kubernetes_executor.py took 0.237 seconds
[2025-01-23T09:40:44.950+0000] {processor.py:161} INFO - Started process (PID=2048) to work on /home/airflow/.local/lib/python3.8/site-packages/airflow/example_dags/example_kubernetes_executor.py
[2025-01-23T09:40:44.952+0000] {processor.py:830} INFO - Processing file /home/airflow/.local/lib/python3.8/site-packages/airflow/example_dags/example_kubernetes_executor.py for tasks to queue
[2025-01-23T09:40:44.955+0000] {logging_mixin.py:188} INFO - [2025-01-23T09:40:44.954+0000] {dagbag.py:538} INFO - Filling up the DagBag from /home/airflow/.local/lib/python3.8/site-packages/airflow/example_dags/example_kubernetes_executor.py
[2025-01-23T09:40:44.993+0000] {processor.py:840} INFO - DAG(s) 'example_kubernetes_executor' retrieved from /home/airflow/.local/lib/python3.8/site-packages/airflow/example_dags/example_kubernetes_executor.py
[2025-01-23T09:40:45.088+0000] {logging_mixin.py:188} INFO - [2025-01-23T09:40:45.087+0000] {dag.py:3036} INFO - Sync 1 DAGs
[2025-01-23T09:40:45.122+0000] {logging_mixin.py:188} INFO - [2025-01-23T09:40:45.122+0000] {dag.py:3823} INFO - Setting next_dagrun for example_kubernetes_executor to None, run_after=None
[2025-01-23T09:40:45.178+0000] {processor.py:183} INFO - Processing /home/airflow/.local/lib/python3.8/site-packages/airflow/example_dags/example_kubernetes_executor.py took 0.237 seconds
[2025-01-23T09:41:15.963+0000] {processor.py:161} INFO - Started process (PID=2099) to work on /home/airflow/.local/lib/python3.8/site-packages/airflow/example_dags/example_kubernetes_executor.py
[2025-01-23T09:41:15.971+0000] {processor.py:830} INFO - Processing file /home/airflow/.local/lib/python3.8/site-packages/airflow/example_dags/example_kubernetes_executor.py for tasks to queue
[2025-01-23T09:41:15.978+0000] {logging_mixin.py:188} INFO - [2025-01-23T09:41:15.977+0000] {dagbag.py:538} INFO - Filling up the DagBag from /home/airflow/.local/lib/python3.8/site-packages/airflow/example_dags/example_kubernetes_executor.py
[2025-01-23T09:41:16.074+0000] {processor.py:840} INFO - DAG(s) 'example_kubernetes_executor' retrieved from /home/airflow/.local/lib/python3.8/site-packages/airflow/example_dags/example_kubernetes_executor.py
[2025-01-23T09:41:16.353+0000] {logging_mixin.py:188} INFO - [2025-01-23T09:41:16.351+0000] {dag.py:3036} INFO - Sync 1 DAGs
[2025-01-23T09:41:16.502+0000] {logging_mixin.py:188} INFO - [2025-01-23T09:41:16.492+0000] {dag.py:3823} INFO - Setting next_dagrun for example_kubernetes_executor to None, run_after=None
[2025-01-23T09:41:16.697+0000] {processor.py:183} INFO - Processing /home/airflow/.local/lib/python3.8/site-packages/airflow/example_dags/example_kubernetes_executor.py took 0.754 seconds
[2025-01-23T09:41:47.602+0000] {processor.py:161} INFO - Started process (PID=2155) to work on /home/airflow/.local/lib/python3.8/site-packages/airflow/example_dags/example_kubernetes_executor.py
[2025-01-23T09:41:47.607+0000] {processor.py:830} INFO - Processing file /home/airflow/.local/lib/python3.8/site-packages/airflow/example_dags/example_kubernetes_executor.py for tasks to queue
[2025-01-23T09:41:47.609+0000] {logging_mixin.py:188} INFO - [2025-01-23T09:41:47.609+0000] {dagbag.py:538} INFO - Filling up the DagBag from /home/airflow/.local/lib/python3.8/site-packages/airflow/example_dags/example_kubernetes_executor.py
[2025-01-23T09:41:47.673+0000] {processor.py:840} INFO - DAG(s) 'example_kubernetes_executor' retrieved from /home/airflow/.local/lib/python3.8/site-packages/airflow/example_dags/example_kubernetes_executor.py
[2025-01-23T09:41:47.809+0000] {logging_mixin.py:188} INFO - [2025-01-23T09:41:47.809+0000] {dag.py:3036} INFO - Sync 1 DAGs
[2025-01-23T09:41:47.898+0000] {logging_mixin.py:188} INFO - [2025-01-23T09:41:47.897+0000] {dag.py:3823} INFO - Setting next_dagrun for example_kubernetes_executor to None, run_after=None
[2025-01-23T09:41:48.044+0000] {processor.py:183} INFO - Processing /home/airflow/.local/lib/python3.8/site-packages/airflow/example_dags/example_kubernetes_executor.py took 0.453 seconds
[2025-01-23T09:42:20.325+0000] {processor.py:161} INFO - Started process (PID=2211) to work on /home/airflow/.local/lib/python3.8/site-packages/airflow/example_dags/example_kubernetes_executor.py
[2025-01-23T09:42:20.329+0000] {processor.py:830} INFO - Processing file /home/airflow/.local/lib/python3.8/site-packages/airflow/example_dags/example_kubernetes_executor.py for tasks to queue
[2025-01-23T09:42:20.333+0000] {logging_mixin.py:188} INFO - [2025-01-23T09:42:20.332+0000] {dagbag.py:538} INFO - Filling up the DagBag from /home/airflow/.local/lib/python3.8/site-packages/airflow/example_dags/example_kubernetes_executor.py
[2025-01-23T09:42:20.392+0000] {processor.py:840} INFO - DAG(s) 'example_kubernetes_executor' retrieved from /home/airflow/.local/lib/python3.8/site-packages/airflow/example_dags/example_kubernetes_executor.py
[2025-01-23T09:42:20.535+0000] {logging_mixin.py:188} INFO - [2025-01-23T09:42:20.534+0000] {dag.py:3036} INFO - Sync 1 DAGs
[2025-01-23T09:42:20.881+0000] {logging_mixin.py:188} INFO - [2025-01-23T09:42:20.880+0000] {dag.py:3823} INFO - Setting next_dagrun for example_kubernetes_executor to None, run_after=None
[2025-01-23T09:42:20.932+0000] {processor.py:183} INFO - Processing /home/airflow/.local/lib/python3.8/site-packages/airflow/example_dags/example_kubernetes_executor.py took 0.618 seconds
[2025-01-23T09:42:51.154+0000] {processor.py:161} INFO - Started process (PID=2267) to work on /home/airflow/.local/lib/python3.8/site-packages/airflow/example_dags/example_kubernetes_executor.py
[2025-01-23T09:42:51.156+0000] {processor.py:830} INFO - Processing file /home/airflow/.local/lib/python3.8/site-packages/airflow/example_dags/example_kubernetes_executor.py for tasks to queue
[2025-01-23T09:42:51.159+0000] {logging_mixin.py:188} INFO - [2025-01-23T09:42:51.158+0000] {dagbag.py:538} INFO - Filling up the DagBag from /home/airflow/.local/lib/python3.8/site-packages/airflow/example_dags/example_kubernetes_executor.py
[2025-01-23T09:42:51.200+0000] {processor.py:840} INFO - DAG(s) 'example_kubernetes_executor' retrieved from /home/airflow/.local/lib/python3.8/site-packages/airflow/example_dags/example_kubernetes_executor.py
[2025-01-23T09:42:51.319+0000] {logging_mixin.py:188} INFO - [2025-01-23T09:42:51.318+0000] {dag.py:3036} INFO - Sync 1 DAGs
[2025-01-23T09:42:51.353+0000] {logging_mixin.py:188} INFO - [2025-01-23T09:42:51.353+0000] {dag.py:3823} INFO - Setting next_dagrun for example_kubernetes_executor to None, run_after=None
[2025-01-23T09:42:51.394+0000] {processor.py:183} INFO - Processing /home/airflow/.local/lib/python3.8/site-packages/airflow/example_dags/example_kubernetes_executor.py took 0.246 seconds
[2025-01-23T09:43:21.717+0000] {processor.py:161} INFO - Started process (PID=2321) to work on /home/airflow/.local/lib/python3.8/site-packages/airflow/example_dags/example_kubernetes_executor.py
[2025-01-23T09:43:21.720+0000] {processor.py:830} INFO - Processing file /home/airflow/.local/lib/python3.8/site-packages/airflow/example_dags/example_kubernetes_executor.py for tasks to queue
[2025-01-23T09:43:21.722+0000] {logging_mixin.py:188} INFO - [2025-01-23T09:43:21.722+0000] {dagbag.py:538} INFO - Filling up the DagBag from /home/airflow/.local/lib/python3.8/site-packages/airflow/example_dags/example_kubernetes_executor.py
[2025-01-23T09:43:21.770+0000] {processor.py:840} INFO - DAG(s) 'example_kubernetes_executor' retrieved from /home/airflow/.local/lib/python3.8/site-packages/airflow/example_dags/example_kubernetes_executor.py
[2025-01-23T09:43:22.333+0000] {logging_mixin.py:188} INFO - [2025-01-23T09:43:22.333+0000] {dag.py:3036} INFO - Sync 1 DAGs
[2025-01-23T09:43:23.235+0000] {logging_mixin.py:188} INFO - [2025-01-23T09:43:23.233+0000] {dag.py:3823} INFO - Setting next_dagrun for example_kubernetes_executor to None, run_after=None
[2025-01-23T09:43:24.773+0000] {processor.py:183} INFO - Processing /home/airflow/.local/lib/python3.8/site-packages/airflow/example_dags/example_kubernetes_executor.py took 3.066 seconds
[2025-01-23T09:43:55.562+0000] {processor.py:161} INFO - Started process (PID=2379) to work on /home/airflow/.local/lib/python3.8/site-packages/airflow/example_dags/example_kubernetes_executor.py
[2025-01-23T09:43:55.568+0000] {processor.py:830} INFO - Processing file /home/airflow/.local/lib/python3.8/site-packages/airflow/example_dags/example_kubernetes_executor.py for tasks to queue
[2025-01-23T09:43:55.576+0000] {logging_mixin.py:188} INFO - [2025-01-23T09:43:55.575+0000] {dagbag.py:538} INFO - Filling up the DagBag from /home/airflow/.local/lib/python3.8/site-packages/airflow/example_dags/example_kubernetes_executor.py
[2025-01-23T09:43:55.619+0000] {processor.py:840} INFO - DAG(s) 'example_kubernetes_executor' retrieved from /home/airflow/.local/lib/python3.8/site-packages/airflow/example_dags/example_kubernetes_executor.py
[2025-01-23T09:43:55.807+0000] {logging_mixin.py:188} INFO - [2025-01-23T09:43:55.806+0000] {dag.py:3036} INFO - Sync 1 DAGs
[2025-01-23T09:43:55.839+0000] {logging_mixin.py:188} INFO - [2025-01-23T09:43:55.839+0000] {dag.py:3823} INFO - Setting next_dagrun for example_kubernetes_executor to None, run_after=None
[2025-01-23T09:43:55.905+0000] {processor.py:183} INFO - Processing /home/airflow/.local/lib/python3.8/site-packages/airflow/example_dags/example_kubernetes_executor.py took 0.350 seconds
[2025-01-23T09:44:27.246+0000] {processor.py:161} INFO - Started process (PID=2432) to work on /home/airflow/.local/lib/python3.8/site-packages/airflow/example_dags/example_kubernetes_executor.py
[2025-01-23T09:44:27.263+0000] {processor.py:830} INFO - Processing file /home/airflow/.local/lib/python3.8/site-packages/airflow/example_dags/example_kubernetes_executor.py for tasks to queue
[2025-01-23T09:44:27.276+0000] {logging_mixin.py:188} INFO - [2025-01-23T09:44:27.275+0000] {dagbag.py:538} INFO - Filling up the DagBag from /home/airflow/.local/lib/python3.8/site-packages/airflow/example_dags/example_kubernetes_executor.py
[2025-01-23T09:44:27.396+0000] {processor.py:840} INFO - DAG(s) 'example_kubernetes_executor' retrieved from /home/airflow/.local/lib/python3.8/site-packages/airflow/example_dags/example_kubernetes_executor.py
[2025-01-23T09:44:27.721+0000] {logging_mixin.py:188} INFO - [2025-01-23T09:44:27.721+0000] {dag.py:3036} INFO - Sync 1 DAGs
[2025-01-23T09:44:27.823+0000] {logging_mixin.py:188} INFO - [2025-01-23T09:44:27.822+0000] {dag.py:3823} INFO - Setting next_dagrun for example_kubernetes_executor to None, run_after=None
[2025-01-23T09:44:27.966+0000] {processor.py:183} INFO - Processing /home/airflow/.local/lib/python3.8/site-packages/airflow/example_dags/example_kubernetes_executor.py took 0.739 seconds
[2025-01-23T09:44:58.411+0000] {processor.py:161} INFO - Started process (PID=2487) to work on /home/airflow/.local/lib/python3.8/site-packages/airflow/example_dags/example_kubernetes_executor.py
[2025-01-23T09:44:58.414+0000] {processor.py:830} INFO - Processing file /home/airflow/.local/lib/python3.8/site-packages/airflow/example_dags/example_kubernetes_executor.py for tasks to queue
[2025-01-23T09:44:58.419+0000] {logging_mixin.py:188} INFO - [2025-01-23T09:44:58.418+0000] {dagbag.py:538} INFO - Filling up the DagBag from /home/airflow/.local/lib/python3.8/site-packages/airflow/example_dags/example_kubernetes_executor.py
[2025-01-23T09:44:58.493+0000] {processor.py:840} INFO - DAG(s) 'example_kubernetes_executor' retrieved from /home/airflow/.local/lib/python3.8/site-packages/airflow/example_dags/example_kubernetes_executor.py
[2025-01-23T09:44:58.651+0000] {logging_mixin.py:188} INFO - [2025-01-23T09:44:58.650+0000] {dag.py:3036} INFO - Sync 1 DAGs
[2025-01-23T09:44:59.009+0000] {logging_mixin.py:188} INFO - [2025-01-23T09:44:59.008+0000] {dag.py:3823} INFO - Setting next_dagrun for example_kubernetes_executor to None, run_after=None
[2025-01-23T09:44:59.050+0000] {processor.py:183} INFO - Processing /home/airflow/.local/lib/python3.8/site-packages/airflow/example_dags/example_kubernetes_executor.py took 0.652 seconds
[2025-01-23T09:45:29.309+0000] {processor.py:161} INFO - Started process (PID=2543) to work on /home/airflow/.local/lib/python3.8/site-packages/airflow/example_dags/example_kubernetes_executor.py
[2025-01-23T09:45:29.332+0000] {processor.py:830} INFO - Processing file /home/airflow/.local/lib/python3.8/site-packages/airflow/example_dags/example_kubernetes_executor.py for tasks to queue
[2025-01-23T09:45:29.334+0000] {logging_mixin.py:188} INFO - [2025-01-23T09:45:29.334+0000] {dagbag.py:538} INFO - Filling up the DagBag from /home/airflow/.local/lib/python3.8/site-packages/airflow/example_dags/example_kubernetes_executor.py
[2025-01-23T09:45:29.371+0000] {processor.py:840} INFO - DAG(s) 'example_kubernetes_executor' retrieved from /home/airflow/.local/lib/python3.8/site-packages/airflow/example_dags/example_kubernetes_executor.py
[2025-01-23T09:45:29.458+0000] {logging_mixin.py:188} INFO - [2025-01-23T09:45:29.458+0000] {dag.py:3036} INFO - Sync 1 DAGs
[2025-01-23T09:45:29.484+0000] {logging_mixin.py:188} INFO - [2025-01-23T09:45:29.484+0000] {dag.py:3823} INFO - Setting next_dagrun for example_kubernetes_executor to None, run_after=None
[2025-01-23T09:45:29.793+0000] {processor.py:183} INFO - Processing /home/airflow/.local/lib/python3.8/site-packages/airflow/example_dags/example_kubernetes_executor.py took 0.492 seconds
[2025-01-23T09:46:01.258+0000] {processor.py:161} INFO - Started process (PID=2601) to work on /home/airflow/.local/lib/python3.8/site-packages/airflow/example_dags/example_kubernetes_executor.py
[2025-01-23T09:46:01.261+0000] {processor.py:830} INFO - Processing file /home/airflow/.local/lib/python3.8/site-packages/airflow/example_dags/example_kubernetes_executor.py for tasks to queue
[2025-01-23T09:46:01.264+0000] {logging_mixin.py:188} INFO - [2025-01-23T09:46:01.263+0000] {dagbag.py:538} INFO - Filling up the DagBag from /home/airflow/.local/lib/python3.8/site-packages/airflow/example_dags/example_kubernetes_executor.py
[2025-01-23T09:46:01.306+0000] {processor.py:840} INFO - DAG(s) 'example_kubernetes_executor' retrieved from /home/airflow/.local/lib/python3.8/site-packages/airflow/example_dags/example_kubernetes_executor.py
[2025-01-23T09:46:01.414+0000] {logging_mixin.py:188} INFO - [2025-01-23T09:46:01.414+0000] {dag.py:3036} INFO - Sync 1 DAGs
[2025-01-23T09:46:01.449+0000] {logging_mixin.py:188} INFO - [2025-01-23T09:46:01.448+0000] {dag.py:3823} INFO - Setting next_dagrun for example_kubernetes_executor to None, run_after=None
[2025-01-23T09:46:01.514+0000] {processor.py:183} INFO - Processing /home/airflow/.local/lib/python3.8/site-packages/airflow/example_dags/example_kubernetes_executor.py took 0.263 seconds
[2025-01-23T09:46:31.964+0000] {processor.py:161} INFO - Started process (PID=2657) to work on /home/airflow/.local/lib/python3.8/site-packages/airflow/example_dags/example_kubernetes_executor.py
[2025-01-23T09:46:31.992+0000] {processor.py:830} INFO - Processing file /home/airflow/.local/lib/python3.8/site-packages/airflow/example_dags/example_kubernetes_executor.py for tasks to queue
[2025-01-23T09:46:31.996+0000] {logging_mixin.py:188} INFO - [2025-01-23T09:46:31.995+0000] {dagbag.py:538} INFO - Filling up the DagBag from /home/airflow/.local/lib/python3.8/site-packages/airflow/example_dags/example_kubernetes_executor.py
[2025-01-23T09:46:32.100+0000] {processor.py:840} INFO - DAG(s) 'example_kubernetes_executor' retrieved from /home/airflow/.local/lib/python3.8/site-packages/airflow/example_dags/example_kubernetes_executor.py
[2025-01-23T09:46:32.345+0000] {logging_mixin.py:188} INFO - [2025-01-23T09:46:32.344+0000] {dag.py:3036} INFO - Sync 1 DAGs
[2025-01-23T09:46:32.421+0000] {logging_mixin.py:188} INFO - [2025-01-23T09:46:32.420+0000] {dag.py:3823} INFO - Setting next_dagrun for example_kubernetes_executor to None, run_after=None
[2025-01-23T09:46:32.512+0000] {processor.py:183} INFO - Processing /home/airflow/.local/lib/python3.8/site-packages/airflow/example_dags/example_kubernetes_executor.py took 0.564 seconds
[2025-01-23T09:47:02.690+0000] {processor.py:161} INFO - Started process (PID=2711) to work on /home/airflow/.local/lib/python3.8/site-packages/airflow/example_dags/example_kubernetes_executor.py
[2025-01-23T09:47:02.696+0000] {processor.py:830} INFO - Processing file /home/airflow/.local/lib/python3.8/site-packages/airflow/example_dags/example_kubernetes_executor.py for tasks to queue
[2025-01-23T09:47:02.698+0000] {logging_mixin.py:188} INFO - [2025-01-23T09:47:02.697+0000] {dagbag.py:538} INFO - Filling up the DagBag from /home/airflow/.local/lib/python3.8/site-packages/airflow/example_dags/example_kubernetes_executor.py
[2025-01-23T09:47:02.740+0000] {processor.py:840} INFO - DAG(s) 'example_kubernetes_executor' retrieved from /home/airflow/.local/lib/python3.8/site-packages/airflow/example_dags/example_kubernetes_executor.py
[2025-01-23T09:47:02.830+0000] {logging_mixin.py:188} INFO - [2025-01-23T09:47:02.829+0000] {dag.py:3036} INFO - Sync 1 DAGs
[2025-01-23T09:47:02.862+0000] {logging_mixin.py:188} INFO - [2025-01-23T09:47:02.861+0000] {dag.py:3823} INFO - Setting next_dagrun for example_kubernetes_executor to None, run_after=None
[2025-01-23T09:47:02.910+0000] {processor.py:183} INFO - Processing /home/airflow/.local/lib/python3.8/site-packages/airflow/example_dags/example_kubernetes_executor.py took 0.230 seconds
[2025-01-23T09:47:33.657+0000] {processor.py:161} INFO - Started process (PID=2768) to work on /home/airflow/.local/lib/python3.8/site-packages/airflow/example_dags/example_kubernetes_executor.py
[2025-01-23T09:47:33.659+0000] {processor.py:830} INFO - Processing file /home/airflow/.local/lib/python3.8/site-packages/airflow/example_dags/example_kubernetes_executor.py for tasks to queue
[2025-01-23T09:47:33.662+0000] {logging_mixin.py:188} INFO - [2025-01-23T09:47:33.662+0000] {dagbag.py:538} INFO - Filling up the DagBag from /home/airflow/.local/lib/python3.8/site-packages/airflow/example_dags/example_kubernetes_executor.py
[2025-01-23T09:47:33.697+0000] {processor.py:840} INFO - DAG(s) 'example_kubernetes_executor' retrieved from /home/airflow/.local/lib/python3.8/site-packages/airflow/example_dags/example_kubernetes_executor.py
[2025-01-23T09:47:33.796+0000] {logging_mixin.py:188} INFO - [2025-01-23T09:47:33.796+0000] {dag.py:3036} INFO - Sync 1 DAGs
[2025-01-23T09:47:33.833+0000] {logging_mixin.py:188} INFO - [2025-01-23T09:47:33.833+0000] {dag.py:3823} INFO - Setting next_dagrun for example_kubernetes_executor to None, run_after=None
[2025-01-23T09:47:33.885+0000] {processor.py:183} INFO - Processing /home/airflow/.local/lib/python3.8/site-packages/airflow/example_dags/example_kubernetes_executor.py took 0.234 seconds
[2025-01-23T09:48:04.037+0000] {processor.py:161} INFO - Started process (PID=2824) to work on /home/airflow/.local/lib/python3.8/site-packages/airflow/example_dags/example_kubernetes_executor.py
[2025-01-23T09:48:04.039+0000] {processor.py:830} INFO - Processing file /home/airflow/.local/lib/python3.8/site-packages/airflow/example_dags/example_kubernetes_executor.py for tasks to queue
[2025-01-23T09:48:04.041+0000] {logging_mixin.py:188} INFO - [2025-01-23T09:48:04.040+0000] {dagbag.py:538} INFO - Filling up the DagBag from /home/airflow/.local/lib/python3.8/site-packages/airflow/example_dags/example_kubernetes_executor.py
[2025-01-23T09:48:04.070+0000] {processor.py:840} INFO - DAG(s) 'example_kubernetes_executor' retrieved from /home/airflow/.local/lib/python3.8/site-packages/airflow/example_dags/example_kubernetes_executor.py
[2025-01-23T09:48:04.141+0000] {logging_mixin.py:188} INFO - [2025-01-23T09:48:04.140+0000] {dag.py:3036} INFO - Sync 1 DAGs
[2025-01-23T09:48:04.165+0000] {logging_mixin.py:188} INFO - [2025-01-23T09:48:04.165+0000] {dag.py:3823} INFO - Setting next_dagrun for example_kubernetes_executor to None, run_after=None
[2025-01-23T09:48:04.200+0000] {processor.py:183} INFO - Processing /home/airflow/.local/lib/python3.8/site-packages/airflow/example_dags/example_kubernetes_executor.py took 0.168 seconds
[2025-01-23T09:48:34.846+0000] {processor.py:161} INFO - Started process (PID=2879) to work on /home/airflow/.local/lib/python3.8/site-packages/airflow/example_dags/example_kubernetes_executor.py
[2025-01-23T09:48:34.849+0000] {processor.py:830} INFO - Processing file /home/airflow/.local/lib/python3.8/site-packages/airflow/example_dags/example_kubernetes_executor.py for tasks to queue
[2025-01-23T09:48:34.852+0000] {logging_mixin.py:188} INFO - [2025-01-23T09:48:34.851+0000] {dagbag.py:538} INFO - Filling up the DagBag from /home/airflow/.local/lib/python3.8/site-packages/airflow/example_dags/example_kubernetes_executor.py
[2025-01-23T09:48:34.887+0000] {processor.py:840} INFO - DAG(s) 'example_kubernetes_executor' retrieved from /home/airflow/.local/lib/python3.8/site-packages/airflow/example_dags/example_kubernetes_executor.py
[2025-01-23T09:48:34.973+0000] {logging_mixin.py:188} INFO - [2025-01-23T09:48:34.972+0000] {dag.py:3036} INFO - Sync 1 DAGs
[2025-01-23T09:48:34.999+0000] {logging_mixin.py:188} INFO - [2025-01-23T09:48:34.998+0000] {dag.py:3823} INFO - Setting next_dagrun for example_kubernetes_executor to None, run_after=None
[2025-01-23T09:48:35.045+0000] {processor.py:183} INFO - Processing /home/airflow/.local/lib/python3.8/site-packages/airflow/example_dags/example_kubernetes_executor.py took 0.209 seconds
[2025-01-23T09:49:05.567+0000] {processor.py:161} INFO - Started process (PID=2936) to work on /home/airflow/.local/lib/python3.8/site-packages/airflow/example_dags/example_kubernetes_executor.py
[2025-01-23T09:49:05.569+0000] {processor.py:830} INFO - Processing file /home/airflow/.local/lib/python3.8/site-packages/airflow/example_dags/example_kubernetes_executor.py for tasks to queue
[2025-01-23T09:49:05.572+0000] {logging_mixin.py:188} INFO - [2025-01-23T09:49:05.571+0000] {dagbag.py:538} INFO - Filling up the DagBag from /home/airflow/.local/lib/python3.8/site-packages/airflow/example_dags/example_kubernetes_executor.py
[2025-01-23T09:49:05.604+0000] {processor.py:840} INFO - DAG(s) 'example_kubernetes_executor' retrieved from /home/airflow/.local/lib/python3.8/site-packages/airflow/example_dags/example_kubernetes_executor.py
[2025-01-23T09:49:05.730+0000] {logging_mixin.py:188} INFO - [2025-01-23T09:49:05.729+0000] {dag.py:3036} INFO - Sync 1 DAGs
[2025-01-23T09:49:05.767+0000] {logging_mixin.py:188} INFO - [2025-01-23T09:49:05.766+0000] {dag.py:3823} INFO - Setting next_dagrun for example_kubernetes_executor to None, run_after=None
[2025-01-23T09:49:05.827+0000] {processor.py:183} INFO - Processing /home/airflow/.local/lib/python3.8/site-packages/airflow/example_dags/example_kubernetes_executor.py took 0.266 seconds
[2025-01-23T09:49:36.221+0000] {processor.py:161} INFO - Started process (PID=2998) to work on /home/airflow/.local/lib/python3.8/site-packages/airflow/example_dags/example_kubernetes_executor.py
[2025-01-23T09:49:36.238+0000] {processor.py:830} INFO - Processing file /home/airflow/.local/lib/python3.8/site-packages/airflow/example_dags/example_kubernetes_executor.py for tasks to queue
[2025-01-23T09:49:36.240+0000] {logging_mixin.py:188} INFO - [2025-01-23T09:49:36.240+0000] {dagbag.py:538} INFO - Filling up the DagBag from /home/airflow/.local/lib/python3.8/site-packages/airflow/example_dags/example_kubernetes_executor.py
[2025-01-23T09:49:36.336+0000] {processor.py:840} INFO - DAG(s) 'example_kubernetes_executor' retrieved from /home/airflow/.local/lib/python3.8/site-packages/airflow/example_dags/example_kubernetes_executor.py
[2025-01-23T09:49:36.564+0000] {logging_mixin.py:188} INFO - [2025-01-23T09:49:36.563+0000] {dag.py:3036} INFO - Sync 1 DAGs
[2025-01-23T09:49:36.697+0000] {logging_mixin.py:188} INFO - [2025-01-23T09:49:36.696+0000] {dag.py:3823} INFO - Setting next_dagrun for example_kubernetes_executor to None, run_after=None
[2025-01-23T09:49:36.841+0000] {processor.py:183} INFO - Processing /home/airflow/.local/lib/python3.8/site-packages/airflow/example_dags/example_kubernetes_executor.py took 0.626 seconds
[2025-01-23T09:50:07.069+0000] {processor.py:161} INFO - Started process (PID=3052) to work on /home/airflow/.local/lib/python3.8/site-packages/airflow/example_dags/example_kubernetes_executor.py
[2025-01-23T09:50:07.072+0000] {processor.py:830} INFO - Processing file /home/airflow/.local/lib/python3.8/site-packages/airflow/example_dags/example_kubernetes_executor.py for tasks to queue
[2025-01-23T09:50:07.078+0000] {logging_mixin.py:188} INFO - [2025-01-23T09:50:07.076+0000] {dagbag.py:538} INFO - Filling up the DagBag from /home/airflow/.local/lib/python3.8/site-packages/airflow/example_dags/example_kubernetes_executor.py
[2025-01-23T09:50:07.194+0000] {processor.py:840} INFO - DAG(s) 'example_kubernetes_executor' retrieved from /home/airflow/.local/lib/python3.8/site-packages/airflow/example_dags/example_kubernetes_executor.py
[2025-01-23T09:50:07.372+0000] {logging_mixin.py:188} INFO - [2025-01-23T09:50:07.372+0000] {dag.py:3036} INFO - Sync 1 DAGs
[2025-01-23T09:50:07.404+0000] {logging_mixin.py:188} INFO - [2025-01-23T09:50:07.403+0000] {dag.py:3823} INFO - Setting next_dagrun for example_kubernetes_executor to None, run_after=None
[2025-01-23T09:50:07.459+0000] {processor.py:183} INFO - Processing /home/airflow/.local/lib/python3.8/site-packages/airflow/example_dags/example_kubernetes_executor.py took 0.407 seconds
[2025-01-23T09:50:37.838+0000] {processor.py:161} INFO - Started process (PID=3108) to work on /home/airflow/.local/lib/python3.8/site-packages/airflow/example_dags/example_kubernetes_executor.py
[2025-01-23T09:50:37.840+0000] {processor.py:830} INFO - Processing file /home/airflow/.local/lib/python3.8/site-packages/airflow/example_dags/example_kubernetes_executor.py for tasks to queue
[2025-01-23T09:50:37.843+0000] {logging_mixin.py:188} INFO - [2025-01-23T09:50:37.842+0000] {dagbag.py:538} INFO - Filling up the DagBag from /home/airflow/.local/lib/python3.8/site-packages/airflow/example_dags/example_kubernetes_executor.py
[2025-01-23T09:50:37.906+0000] {processor.py:840} INFO - DAG(s) 'example_kubernetes_executor' retrieved from /home/airflow/.local/lib/python3.8/site-packages/airflow/example_dags/example_kubernetes_executor.py
[2025-01-23T09:50:38.051+0000] {logging_mixin.py:188} INFO - [2025-01-23T09:50:38.050+0000] {dag.py:3036} INFO - Sync 1 DAGs
[2025-01-23T09:50:38.092+0000] {logging_mixin.py:188} INFO - [2025-01-23T09:50:38.091+0000] {dag.py:3823} INFO - Setting next_dagrun for example_kubernetes_executor to None, run_after=None
[2025-01-23T09:50:38.159+0000] {processor.py:183} INFO - Processing /home/airflow/.local/lib/python3.8/site-packages/airflow/example_dags/example_kubernetes_executor.py took 0.334 seconds
[2025-01-23T09:51:08.264+0000] {processor.py:161} INFO - Started process (PID=3164) to work on /home/airflow/.local/lib/python3.8/site-packages/airflow/example_dags/example_kubernetes_executor.py
[2025-01-23T09:51:08.266+0000] {processor.py:830} INFO - Processing file /home/airflow/.local/lib/python3.8/site-packages/airflow/example_dags/example_kubernetes_executor.py for tasks to queue
[2025-01-23T09:51:08.269+0000] {logging_mixin.py:188} INFO - [2025-01-23T09:51:08.268+0000] {dagbag.py:538} INFO - Filling up the DagBag from /home/airflow/.local/lib/python3.8/site-packages/airflow/example_dags/example_kubernetes_executor.py
[2025-01-23T09:51:08.354+0000] {processor.py:840} INFO - DAG(s) 'example_kubernetes_executor' retrieved from /home/airflow/.local/lib/python3.8/site-packages/airflow/example_dags/example_kubernetes_executor.py
[2025-01-23T09:51:08.491+0000] {logging_mixin.py:188} INFO - [2025-01-23T09:51:08.491+0000] {dag.py:3036} INFO - Sync 1 DAGs
[2025-01-23T09:51:08.519+0000] {logging_mixin.py:188} INFO - [2025-01-23T09:51:08.519+0000] {dag.py:3823} INFO - Setting next_dagrun for example_kubernetes_executor to None, run_after=None
[2025-01-23T09:51:08.578+0000] {processor.py:183} INFO - Processing /home/airflow/.local/lib/python3.8/site-packages/airflow/example_dags/example_kubernetes_executor.py took 0.323 seconds
[2025-01-23T09:51:38.643+0000] {processor.py:161} INFO - Started process (PID=3221) to work on /home/airflow/.local/lib/python3.8/site-packages/airflow/example_dags/example_kubernetes_executor.py
[2025-01-23T09:51:38.645+0000] {processor.py:830} INFO - Processing file /home/airflow/.local/lib/python3.8/site-packages/airflow/example_dags/example_kubernetes_executor.py for tasks to queue
[2025-01-23T09:51:38.648+0000] {logging_mixin.py:188} INFO - [2025-01-23T09:51:38.647+0000] {dagbag.py:538} INFO - Filling up the DagBag from /home/airflow/.local/lib/python3.8/site-packages/airflow/example_dags/example_kubernetes_executor.py
[2025-01-23T09:51:38.685+0000] {processor.py:840} INFO - DAG(s) 'example_kubernetes_executor' retrieved from /home/airflow/.local/lib/python3.8/site-packages/airflow/example_dags/example_kubernetes_executor.py
[2025-01-23T09:51:38.769+0000] {logging_mixin.py:188} INFO - [2025-01-23T09:51:38.768+0000] {dag.py:3036} INFO - Sync 1 DAGs
[2025-01-23T09:51:38.795+0000] {logging_mixin.py:188} INFO - [2025-01-23T09:51:38.795+0000] {dag.py:3823} INFO - Setting next_dagrun for example_kubernetes_executor to None, run_after=None
[2025-01-23T09:51:38.830+0000] {processor.py:183} INFO - Processing /home/airflow/.local/lib/python3.8/site-packages/airflow/example_dags/example_kubernetes_executor.py took 0.193 seconds
[2025-01-23T09:52:08.954+0000] {processor.py:161} INFO - Started process (PID=3276) to work on /home/airflow/.local/lib/python3.8/site-packages/airflow/example_dags/example_kubernetes_executor.py
[2025-01-23T09:52:08.957+0000] {processor.py:830} INFO - Processing file /home/airflow/.local/lib/python3.8/site-packages/airflow/example_dags/example_kubernetes_executor.py for tasks to queue
[2025-01-23T09:52:08.959+0000] {logging_mixin.py:188} INFO - [2025-01-23T09:52:08.959+0000] {dagbag.py:538} INFO - Filling up the DagBag from /home/airflow/.local/lib/python3.8/site-packages/airflow/example_dags/example_kubernetes_executor.py
[2025-01-23T09:52:08.996+0000] {processor.py:840} INFO - DAG(s) 'example_kubernetes_executor' retrieved from /home/airflow/.local/lib/python3.8/site-packages/airflow/example_dags/example_kubernetes_executor.py
[2025-01-23T09:52:09.078+0000] {logging_mixin.py:188} INFO - [2025-01-23T09:52:09.078+0000] {dag.py:3036} INFO - Sync 1 DAGs
[2025-01-23T09:52:09.102+0000] {logging_mixin.py:188} INFO - [2025-01-23T09:52:09.101+0000] {dag.py:3823} INFO - Setting next_dagrun for example_kubernetes_executor to None, run_after=None
[2025-01-23T09:52:09.139+0000] {processor.py:183} INFO - Processing /home/airflow/.local/lib/python3.8/site-packages/airflow/example_dags/example_kubernetes_executor.py took 0.193 seconds
[2025-01-23T09:52:39.958+0000] {processor.py:161} INFO - Started process (PID=3332) to work on /home/airflow/.local/lib/python3.8/site-packages/airflow/example_dags/example_kubernetes_executor.py
[2025-01-23T09:52:39.961+0000] {processor.py:830} INFO - Processing file /home/airflow/.local/lib/python3.8/site-packages/airflow/example_dags/example_kubernetes_executor.py for tasks to queue
[2025-01-23T09:52:39.964+0000] {logging_mixin.py:188} INFO - [2025-01-23T09:52:39.963+0000] {dagbag.py:538} INFO - Filling up the DagBag from /home/airflow/.local/lib/python3.8/site-packages/airflow/example_dags/example_kubernetes_executor.py
[2025-01-23T09:52:39.997+0000] {processor.py:840} INFO - DAG(s) 'example_kubernetes_executor' retrieved from /home/airflow/.local/lib/python3.8/site-packages/airflow/example_dags/example_kubernetes_executor.py
[2025-01-23T09:52:40.089+0000] {logging_mixin.py:188} INFO - [2025-01-23T09:52:40.088+0000] {dag.py:3036} INFO - Sync 1 DAGs
[2025-01-23T09:52:40.118+0000] {logging_mixin.py:188} INFO - [2025-01-23T09:52:40.117+0000] {dag.py:3823} INFO - Setting next_dagrun for example_kubernetes_executor to None, run_after=None
[2025-01-23T09:52:40.162+0000] {processor.py:183} INFO - Processing /home/airflow/.local/lib/python3.8/site-packages/airflow/example_dags/example_kubernetes_executor.py took 0.212 seconds
[2025-01-23T09:53:10.705+0000] {processor.py:161} INFO - Started process (PID=3388) to work on /home/airflow/.local/lib/python3.8/site-packages/airflow/example_dags/example_kubernetes_executor.py
[2025-01-23T09:53:10.707+0000] {processor.py:830} INFO - Processing file /home/airflow/.local/lib/python3.8/site-packages/airflow/example_dags/example_kubernetes_executor.py for tasks to queue
[2025-01-23T09:53:10.710+0000] {logging_mixin.py:188} INFO - [2025-01-23T09:53:10.709+0000] {dagbag.py:538} INFO - Filling up the DagBag from /home/airflow/.local/lib/python3.8/site-packages/airflow/example_dags/example_kubernetes_executor.py
[2025-01-23T09:53:10.756+0000] {processor.py:840} INFO - DAG(s) 'example_kubernetes_executor' retrieved from /home/airflow/.local/lib/python3.8/site-packages/airflow/example_dags/example_kubernetes_executor.py
[2025-01-23T09:53:10.846+0000] {logging_mixin.py:188} INFO - [2025-01-23T09:53:10.846+0000] {dag.py:3036} INFO - Sync 1 DAGs
[2025-01-23T09:53:10.880+0000] {logging_mixin.py:188} INFO - [2025-01-23T09:53:10.880+0000] {dag.py:3823} INFO - Setting next_dagrun for example_kubernetes_executor to None, run_after=None
[2025-01-23T09:53:10.928+0000] {processor.py:183} INFO - Processing /home/airflow/.local/lib/python3.8/site-packages/airflow/example_dags/example_kubernetes_executor.py took 0.232 seconds
[2025-01-23T09:53:41.405+0000] {processor.py:161} INFO - Started process (PID=3444) to work on /home/airflow/.local/lib/python3.8/site-packages/airflow/example_dags/example_kubernetes_executor.py
[2025-01-23T09:53:41.407+0000] {processor.py:830} INFO - Processing file /home/airflow/.local/lib/python3.8/site-packages/airflow/example_dags/example_kubernetes_executor.py for tasks to queue
[2025-01-23T09:53:41.410+0000] {logging_mixin.py:188} INFO - [2025-01-23T09:53:41.409+0000] {dagbag.py:538} INFO - Filling up the DagBag from /home/airflow/.local/lib/python3.8/site-packages/airflow/example_dags/example_kubernetes_executor.py
[2025-01-23T09:53:41.463+0000] {processor.py:840} INFO - DAG(s) 'example_kubernetes_executor' retrieved from /home/airflow/.local/lib/python3.8/site-packages/airflow/example_dags/example_kubernetes_executor.py
[2025-01-23T09:53:41.544+0000] {logging_mixin.py:188} INFO - [2025-01-23T09:53:41.543+0000] {dag.py:3036} INFO - Sync 1 DAGs
[2025-01-23T09:53:41.573+0000] {logging_mixin.py:188} INFO - [2025-01-23T09:53:41.573+0000] {dag.py:3823} INFO - Setting next_dagrun for example_kubernetes_executor to None, run_after=None
[2025-01-23T09:53:41.619+0000] {processor.py:183} INFO - Processing /home/airflow/.local/lib/python3.8/site-packages/airflow/example_dags/example_kubernetes_executor.py took 0.224 seconds
[2025-01-23T09:54:11.861+0000] {processor.py:161} INFO - Started process (PID=3501) to work on /home/airflow/.local/lib/python3.8/site-packages/airflow/example_dags/example_kubernetes_executor.py
[2025-01-23T09:54:11.863+0000] {processor.py:830} INFO - Processing file /home/airflow/.local/lib/python3.8/site-packages/airflow/example_dags/example_kubernetes_executor.py for tasks to queue
[2025-01-23T09:54:11.865+0000] {logging_mixin.py:188} INFO - [2025-01-23T09:54:11.864+0000] {dagbag.py:538} INFO - Filling up the DagBag from /home/airflow/.local/lib/python3.8/site-packages/airflow/example_dags/example_kubernetes_executor.py
[2025-01-23T09:54:11.893+0000] {processor.py:840} INFO - DAG(s) 'example_kubernetes_executor' retrieved from /home/airflow/.local/lib/python3.8/site-packages/airflow/example_dags/example_kubernetes_executor.py
[2025-01-23T09:54:11.970+0000] {logging_mixin.py:188} INFO - [2025-01-23T09:54:11.970+0000] {dag.py:3036} INFO - Sync 1 DAGs
[2025-01-23T09:54:12.004+0000] {logging_mixin.py:188} INFO - [2025-01-23T09:54:12.003+0000] {dag.py:3823} INFO - Setting next_dagrun for example_kubernetes_executor to None, run_after=None
[2025-01-23T09:54:12.043+0000] {processor.py:183} INFO - Processing /home/airflow/.local/lib/python3.8/site-packages/airflow/example_dags/example_kubernetes_executor.py took 0.188 seconds
[2025-01-23T09:54:42.307+0000] {processor.py:161} INFO - Started process (PID=3556) to work on /home/airflow/.local/lib/python3.8/site-packages/airflow/example_dags/example_kubernetes_executor.py
[2025-01-23T09:54:42.312+0000] {processor.py:830} INFO - Processing file /home/airflow/.local/lib/python3.8/site-packages/airflow/example_dags/example_kubernetes_executor.py for tasks to queue
[2025-01-23T09:54:42.314+0000] {logging_mixin.py:188} INFO - [2025-01-23T09:54:42.313+0000] {dagbag.py:538} INFO - Filling up the DagBag from /home/airflow/.local/lib/python3.8/site-packages/airflow/example_dags/example_kubernetes_executor.py
[2025-01-23T09:54:42.354+0000] {processor.py:840} INFO - DAG(s) 'example_kubernetes_executor' retrieved from /home/airflow/.local/lib/python3.8/site-packages/airflow/example_dags/example_kubernetes_executor.py
[2025-01-23T09:54:42.441+0000] {logging_mixin.py:188} INFO - [2025-01-23T09:54:42.441+0000] {dag.py:3036} INFO - Sync 1 DAGs
[2025-01-23T09:54:42.476+0000] {logging_mixin.py:188} INFO - [2025-01-23T09:54:42.475+0000] {dag.py:3823} INFO - Setting next_dagrun for example_kubernetes_executor to None, run_after=None
[2025-01-23T09:54:42.515+0000] {processor.py:183} INFO - Processing /home/airflow/.local/lib/python3.8/site-packages/airflow/example_dags/example_kubernetes_executor.py took 0.215 seconds
[2025-01-23T09:55:13.373+0000] {processor.py:161} INFO - Started process (PID=3612) to work on /home/airflow/.local/lib/python3.8/site-packages/airflow/example_dags/example_kubernetes_executor.py
[2025-01-23T09:55:13.379+0000] {processor.py:830} INFO - Processing file /home/airflow/.local/lib/python3.8/site-packages/airflow/example_dags/example_kubernetes_executor.py for tasks to queue
[2025-01-23T09:55:13.381+0000] {logging_mixin.py:188} INFO - [2025-01-23T09:55:13.381+0000] {dagbag.py:538} INFO - Filling up the DagBag from /home/airflow/.local/lib/python3.8/site-packages/airflow/example_dags/example_kubernetes_executor.py
[2025-01-23T09:55:13.471+0000] {processor.py:840} INFO - DAG(s) 'example_kubernetes_executor' retrieved from /home/airflow/.local/lib/python3.8/site-packages/airflow/example_dags/example_kubernetes_executor.py
[2025-01-23T09:55:13.640+0000] {logging_mixin.py:188} INFO - [2025-01-23T09:55:13.639+0000] {dag.py:3036} INFO - Sync 1 DAGs
[2025-01-23T09:55:13.712+0000] {logging_mixin.py:188} INFO - [2025-01-23T09:55:13.711+0000] {dag.py:3823} INFO - Setting next_dagrun for example_kubernetes_executor to None, run_after=None
[2025-01-23T09:55:13.792+0000] {processor.py:183} INFO - Processing /home/airflow/.local/lib/python3.8/site-packages/airflow/example_dags/example_kubernetes_executor.py took 0.434 seconds
[2025-01-23T09:55:43.908+0000] {processor.py:161} INFO - Started process (PID=3668) to work on /home/airflow/.local/lib/python3.8/site-packages/airflow/example_dags/example_kubernetes_executor.py
[2025-01-23T09:55:43.911+0000] {processor.py:830} INFO - Processing file /home/airflow/.local/lib/python3.8/site-packages/airflow/example_dags/example_kubernetes_executor.py for tasks to queue
[2025-01-23T09:55:43.913+0000] {logging_mixin.py:188} INFO - [2025-01-23T09:55:43.912+0000] {dagbag.py:538} INFO - Filling up the DagBag from /home/airflow/.local/lib/python3.8/site-packages/airflow/example_dags/example_kubernetes_executor.py
[2025-01-23T09:55:43.961+0000] {processor.py:840} INFO - DAG(s) 'example_kubernetes_executor' retrieved from /home/airflow/.local/lib/python3.8/site-packages/airflow/example_dags/example_kubernetes_executor.py
[2025-01-23T09:55:44.070+0000] {logging_mixin.py:188} INFO - [2025-01-23T09:55:44.070+0000] {dag.py:3036} INFO - Sync 1 DAGs
[2025-01-23T09:55:44.112+0000] {logging_mixin.py:188} INFO - [2025-01-23T09:55:44.112+0000] {dag.py:3823} INFO - Setting next_dagrun for example_kubernetes_executor to None, run_after=None
[2025-01-23T09:55:44.170+0000] {processor.py:183} INFO - Processing /home/airflow/.local/lib/python3.8/site-packages/airflow/example_dags/example_kubernetes_executor.py took 0.272 seconds
[2025-01-23T09:56:14.593+0000] {processor.py:161} INFO - Started process (PID=3724) to work on /home/airflow/.local/lib/python3.8/site-packages/airflow/example_dags/example_kubernetes_executor.py
[2025-01-23T09:56:14.595+0000] {processor.py:830} INFO - Processing file /home/airflow/.local/lib/python3.8/site-packages/airflow/example_dags/example_kubernetes_executor.py for tasks to queue
[2025-01-23T09:56:14.598+0000] {logging_mixin.py:188} INFO - [2025-01-23T09:56:14.597+0000] {dagbag.py:538} INFO - Filling up the DagBag from /home/airflow/.local/lib/python3.8/site-packages/airflow/example_dags/example_kubernetes_executor.py
[2025-01-23T09:56:14.639+0000] {processor.py:840} INFO - DAG(s) 'example_kubernetes_executor' retrieved from /home/airflow/.local/lib/python3.8/site-packages/airflow/example_dags/example_kubernetes_executor.py
[2025-01-23T09:56:14.777+0000] {logging_mixin.py:188} INFO - [2025-01-23T09:56:14.776+0000] {dag.py:3036} INFO - Sync 1 DAGs
[2025-01-23T09:56:14.820+0000] {logging_mixin.py:188} INFO - [2025-01-23T09:56:14.819+0000] {dag.py:3823} INFO - Setting next_dagrun for example_kubernetes_executor to None, run_after=None
[2025-01-23T09:56:14.876+0000] {processor.py:183} INFO - Processing /home/airflow/.local/lib/python3.8/site-packages/airflow/example_dags/example_kubernetes_executor.py took 0.295 seconds
[2025-01-23T09:56:44.974+0000] {processor.py:161} INFO - Started process (PID=3780) to work on /home/airflow/.local/lib/python3.8/site-packages/airflow/example_dags/example_kubernetes_executor.py
[2025-01-23T09:56:44.977+0000] {processor.py:830} INFO - Processing file /home/airflow/.local/lib/python3.8/site-packages/airflow/example_dags/example_kubernetes_executor.py for tasks to queue
[2025-01-23T09:56:44.980+0000] {logging_mixin.py:188} INFO - [2025-01-23T09:56:44.979+0000] {dagbag.py:538} INFO - Filling up the DagBag from /home/airflow/.local/lib/python3.8/site-packages/airflow/example_dags/example_kubernetes_executor.py
[2025-01-23T09:56:45.019+0000] {processor.py:840} INFO - DAG(s) 'example_kubernetes_executor' retrieved from /home/airflow/.local/lib/python3.8/site-packages/airflow/example_dags/example_kubernetes_executor.py
[2025-01-23T09:56:45.092+0000] {logging_mixin.py:188} INFO - [2025-01-23T09:56:45.092+0000] {dag.py:3036} INFO - Sync 1 DAGs
[2025-01-23T09:56:45.118+0000] {logging_mixin.py:188} INFO - [2025-01-23T09:56:45.118+0000] {dag.py:3823} INFO - Setting next_dagrun for example_kubernetes_executor to None, run_after=None
[2025-01-23T09:56:45.156+0000] {processor.py:183} INFO - Processing /home/airflow/.local/lib/python3.8/site-packages/airflow/example_dags/example_kubernetes_executor.py took 0.191 seconds
[2025-01-23T09:57:15.674+0000] {processor.py:161} INFO - Started process (PID=3836) to work on /home/airflow/.local/lib/python3.8/site-packages/airflow/example_dags/example_kubernetes_executor.py
[2025-01-23T09:57:15.677+0000] {processor.py:830} INFO - Processing file /home/airflow/.local/lib/python3.8/site-packages/airflow/example_dags/example_kubernetes_executor.py for tasks to queue
[2025-01-23T09:57:15.679+0000] {logging_mixin.py:188} INFO - [2025-01-23T09:57:15.679+0000] {dagbag.py:538} INFO - Filling up the DagBag from /home/airflow/.local/lib/python3.8/site-packages/airflow/example_dags/example_kubernetes_executor.py
[2025-01-23T09:57:15.719+0000] {processor.py:840} INFO - DAG(s) 'example_kubernetes_executor' retrieved from /home/airflow/.local/lib/python3.8/site-packages/airflow/example_dags/example_kubernetes_executor.py
[2025-01-23T09:57:15.806+0000] {logging_mixin.py:188} INFO - [2025-01-23T09:57:15.805+0000] {dag.py:3036} INFO - Sync 1 DAGs
[2025-01-23T09:57:15.834+0000] {logging_mixin.py:188} INFO - [2025-01-23T09:57:15.833+0000] {dag.py:3823} INFO - Setting next_dagrun for example_kubernetes_executor to None, run_after=None
[2025-01-23T09:57:15.881+0000] {processor.py:183} INFO - Processing /home/airflow/.local/lib/python3.8/site-packages/airflow/example_dags/example_kubernetes_executor.py took 0.217 seconds
[2025-01-23T09:57:46.410+0000] {processor.py:161} INFO - Started process (PID=3892) to work on /home/airflow/.local/lib/python3.8/site-packages/airflow/example_dags/example_kubernetes_executor.py
[2025-01-23T09:57:46.413+0000] {processor.py:830} INFO - Processing file /home/airflow/.local/lib/python3.8/site-packages/airflow/example_dags/example_kubernetes_executor.py for tasks to queue
[2025-01-23T09:57:46.415+0000] {logging_mixin.py:188} INFO - [2025-01-23T09:57:46.414+0000] {dagbag.py:538} INFO - Filling up the DagBag from /home/airflow/.local/lib/python3.8/site-packages/airflow/example_dags/example_kubernetes_executor.py
[2025-01-23T09:57:46.449+0000] {processor.py:840} INFO - DAG(s) 'example_kubernetes_executor' retrieved from /home/airflow/.local/lib/python3.8/site-packages/airflow/example_dags/example_kubernetes_executor.py
[2025-01-23T09:57:46.524+0000] {logging_mixin.py:188} INFO - [2025-01-23T09:57:46.524+0000] {dag.py:3036} INFO - Sync 1 DAGs
[2025-01-23T09:57:46.557+0000] {logging_mixin.py:188} INFO - [2025-01-23T09:57:46.556+0000] {dag.py:3823} INFO - Setting next_dagrun for example_kubernetes_executor to None, run_after=None
[2025-01-23T09:57:46.607+0000] {processor.py:183} INFO - Processing /home/airflow/.local/lib/python3.8/site-packages/airflow/example_dags/example_kubernetes_executor.py took 0.204 seconds
[2025-01-23T09:58:16.821+0000] {processor.py:161} INFO - Started process (PID=3948) to work on /home/airflow/.local/lib/python3.8/site-packages/airflow/example_dags/example_kubernetes_executor.py
[2025-01-23T09:58:16.823+0000] {processor.py:830} INFO - Processing file /home/airflow/.local/lib/python3.8/site-packages/airflow/example_dags/example_kubernetes_executor.py for tasks to queue
[2025-01-23T09:58:16.825+0000] {logging_mixin.py:188} INFO - [2025-01-23T09:58:16.825+0000] {dagbag.py:538} INFO - Filling up the DagBag from /home/airflow/.local/lib/python3.8/site-packages/airflow/example_dags/example_kubernetes_executor.py
[2025-01-23T09:58:16.862+0000] {processor.py:840} INFO - DAG(s) 'example_kubernetes_executor' retrieved from /home/airflow/.local/lib/python3.8/site-packages/airflow/example_dags/example_kubernetes_executor.py
[2025-01-23T09:58:16.953+0000] {logging_mixin.py:188} INFO - [2025-01-23T09:58:16.952+0000] {dag.py:3036} INFO - Sync 1 DAGs
[2025-01-23T09:58:16.992+0000] {logging_mixin.py:188} INFO - [2025-01-23T09:58:16.991+0000] {dag.py:3823} INFO - Setting next_dagrun for example_kubernetes_executor to None, run_after=None
[2025-01-23T09:58:17.034+0000] {processor.py:183} INFO - Processing /home/airflow/.local/lib/python3.8/site-packages/airflow/example_dags/example_kubernetes_executor.py took 0.223 seconds
[2025-01-23T09:58:47.540+0000] {processor.py:161} INFO - Started process (PID=4004) to work on /home/airflow/.local/lib/python3.8/site-packages/airflow/example_dags/example_kubernetes_executor.py
[2025-01-23T09:58:47.545+0000] {processor.py:830} INFO - Processing file /home/airflow/.local/lib/python3.8/site-packages/airflow/example_dags/example_kubernetes_executor.py for tasks to queue
[2025-01-23T09:58:47.547+0000] {logging_mixin.py:188} INFO - [2025-01-23T09:58:47.546+0000] {dagbag.py:538} INFO - Filling up the DagBag from /home/airflow/.local/lib/python3.8/site-packages/airflow/example_dags/example_kubernetes_executor.py
[2025-01-23T09:58:47.606+0000] {processor.py:840} INFO - DAG(s) 'example_kubernetes_executor' retrieved from /home/airflow/.local/lib/python3.8/site-packages/airflow/example_dags/example_kubernetes_executor.py
[2025-01-23T09:58:47.704+0000] {logging_mixin.py:188} INFO - [2025-01-23T09:58:47.704+0000] {dag.py:3036} INFO - Sync 1 DAGs
[2025-01-23T09:58:47.729+0000] {logging_mixin.py:188} INFO - [2025-01-23T09:58:47.728+0000] {dag.py:3823} INFO - Setting next_dagrun for example_kubernetes_executor to None, run_after=None
[2025-01-23T09:58:47.770+0000] {processor.py:183} INFO - Processing /home/airflow/.local/lib/python3.8/site-packages/airflow/example_dags/example_kubernetes_executor.py took 0.240 seconds
