[2025-01-23T12:32:35.957+0000] {processor.py:161} INFO - Started process (PID=111) to work on /home/airflow/.local/lib/python3.8/site-packages/airflow/example_dags/example_branch_datetime_operator.py
[2025-01-23T12:32:35.959+0000] {processor.py:830} INFO - Processing file /home/airflow/.local/lib/python3.8/site-packages/airflow/example_dags/example_branch_datetime_operator.py for tasks to queue
[2025-01-23T12:32:35.963+0000] {logging_mixin.py:188} INFO - [2025-01-23T12:32:35.962+0000] {dagbag.py:538} INFO - Filling up the DagBag from /home/airflow/.local/lib/python3.8/site-packages/airflow/example_dags/example_branch_datetime_operator.py
[2025-01-23T12:32:36.004+0000] {processor.py:840} INFO - DAG(s) 'example_branch_datetime_operator', 'example_branch_datetime_operator_2', 'example_branch_datetime_operator_3' retrieved from /home/airflow/.local/lib/python3.8/site-packages/airflow/example_dags/example_branch_datetime_operator.py
[2025-01-23T12:32:36.211+0000] {logging_mixin.py:188} INFO - [2025-01-23T12:32:36.210+0000] {override.py:1769} INFO - Created Permission View: can read on DAG:example_branch_datetime_operator
[2025-01-23T12:32:36.234+0000] {logging_mixin.py:188} INFO - [2025-01-23T12:32:36.234+0000] {override.py:1769} INFO - Created Permission View: can edit on DAG:example_branch_datetime_operator
[2025-01-23T12:32:36.252+0000] {logging_mixin.py:188} INFO - [2025-01-23T12:32:36.251+0000] {override.py:1769} INFO - Created Permission View: can delete on DAG:example_branch_datetime_operator
[2025-01-23T12:32:36.277+0000] {logging_mixin.py:188} INFO - [2025-01-23T12:32:36.277+0000] {override.py:1769} INFO - Created Permission View: can read on DAG:example_branch_datetime_operator_2
[2025-01-23T12:32:36.291+0000] {logging_mixin.py:188} INFO - [2025-01-23T12:32:36.291+0000] {override.py:1769} INFO - Created Permission View: can edit on DAG:example_branch_datetime_operator_2
[2025-01-23T12:32:36.306+0000] {logging_mixin.py:188} INFO - [2025-01-23T12:32:36.305+0000] {override.py:1769} INFO - Created Permission View: can delete on DAG:example_branch_datetime_operator_2
[2025-01-23T12:32:36.350+0000] {logging_mixin.py:188} INFO - [2025-01-23T12:32:36.349+0000] {override.py:1769} INFO - Created Permission View: can read on DAG:example_branch_datetime_operator_3
[2025-01-23T12:32:36.362+0000] {logging_mixin.py:188} INFO - [2025-01-23T12:32:36.361+0000] {override.py:1769} INFO - Created Permission View: can edit on DAG:example_branch_datetime_operator_3
[2025-01-23T12:32:36.376+0000] {logging_mixin.py:188} INFO - [2025-01-23T12:32:36.375+0000] {override.py:1769} INFO - Created Permission View: can delete on DAG:example_branch_datetime_operator_3
[2025-01-23T12:32:36.377+0000] {logging_mixin.py:188} INFO - [2025-01-23T12:32:36.377+0000] {dag.py:3036} INFO - Sync 3 DAGs
[2025-01-23T12:32:36.402+0000] {logging_mixin.py:188} INFO - [2025-01-23T12:32:36.402+0000] {dag.py:3058} INFO - Creating ORM DAG for example_branch_datetime_operator
[2025-01-23T12:32:36.405+0000] {logging_mixin.py:188} INFO - [2025-01-23T12:32:36.404+0000] {dag.py:3058} INFO - Creating ORM DAG for example_branch_datetime_operator_2
[2025-01-23T12:32:36.408+0000] {logging_mixin.py:188} INFO - [2025-01-23T12:32:36.407+0000] {dag.py:3058} INFO - Creating ORM DAG for example_branch_datetime_operator_3
[2025-01-23T12:32:36.444+0000] {logging_mixin.py:188} INFO - [2025-01-23T12:32:36.444+0000] {dag.py:3823} INFO - Setting next_dagrun for example_branch_datetime_operator to 2025-01-22 00:00:00+00:00, run_after=2025-01-23 00:00:00+00:00
[2025-01-23T12:32:36.450+0000] {logging_mixin.py:188} INFO - [2025-01-23T12:32:36.450+0000] {dag.py:3823} INFO - Setting next_dagrun for example_branch_datetime_operator_2 to 2025-01-22 00:00:00+00:00, run_after=2025-01-23 00:00:00+00:00
[2025-01-23T12:32:36.459+0000] {logging_mixin.py:188} INFO - [2025-01-23T12:32:36.458+0000] {dag.py:3823} INFO - Setting next_dagrun for example_branch_datetime_operator_3 to 2025-01-22 00:00:00+00:00, run_after=2025-01-23 00:00:00+00:00
[2025-01-23T12:32:36.502+0000] {processor.py:183} INFO - Processing /home/airflow/.local/lib/python3.8/site-packages/airflow/example_dags/example_branch_datetime_operator.py took 0.550 seconds
[2025-01-23T12:33:07.016+0000] {processor.py:161} INFO - Started process (PID=167) to work on /home/airflow/.local/lib/python3.8/site-packages/airflow/example_dags/example_branch_datetime_operator.py
[2025-01-23T12:33:07.017+0000] {processor.py:830} INFO - Processing file /home/airflow/.local/lib/python3.8/site-packages/airflow/example_dags/example_branch_datetime_operator.py for tasks to queue
[2025-01-23T12:33:07.020+0000] {logging_mixin.py:188} INFO - [2025-01-23T12:33:07.019+0000] {dagbag.py:538} INFO - Filling up the DagBag from /home/airflow/.local/lib/python3.8/site-packages/airflow/example_dags/example_branch_datetime_operator.py
[2025-01-23T12:33:07.036+0000] {processor.py:840} INFO - DAG(s) 'example_branch_datetime_operator', 'example_branch_datetime_operator_3', 'example_branch_datetime_operator_2' retrieved from /home/airflow/.local/lib/python3.8/site-packages/airflow/example_dags/example_branch_datetime_operator.py
[2025-01-23T12:33:07.089+0000] {logging_mixin.py:188} INFO - [2025-01-23T12:33:07.088+0000] {dag.py:3036} INFO - Sync 3 DAGs
[2025-01-23T12:33:07.149+0000] {logging_mixin.py:188} INFO - [2025-01-23T12:33:07.149+0000] {dag.py:3823} INFO - Setting next_dagrun for example_branch_datetime_operator to 2025-01-22 00:00:00+00:00, run_after=2025-01-23 00:00:00+00:00
[2025-01-23T12:33:07.158+0000] {logging_mixin.py:188} INFO - [2025-01-23T12:33:07.157+0000] {dag.py:3823} INFO - Setting next_dagrun for example_branch_datetime_operator_2 to 2025-01-22 00:00:00+00:00, run_after=2025-01-23 00:00:00+00:00
[2025-01-23T12:33:07.162+0000] {logging_mixin.py:188} INFO - [2025-01-23T12:33:07.162+0000] {dag.py:3823} INFO - Setting next_dagrun for example_branch_datetime_operator_3 to 2025-01-22 00:00:00+00:00, run_after=2025-01-23 00:00:00+00:00
[2025-01-23T12:33:07.188+0000] {processor.py:183} INFO - Processing /home/airflow/.local/lib/python3.8/site-packages/airflow/example_dags/example_branch_datetime_operator.py took 0.177 seconds
[2025-01-23T12:33:37.454+0000] {processor.py:161} INFO - Started process (PID=223) to work on /home/airflow/.local/lib/python3.8/site-packages/airflow/example_dags/example_branch_datetime_operator.py
[2025-01-23T12:33:37.456+0000] {processor.py:830} INFO - Processing file /home/airflow/.local/lib/python3.8/site-packages/airflow/example_dags/example_branch_datetime_operator.py for tasks to queue
[2025-01-23T12:33:37.459+0000] {logging_mixin.py:188} INFO - [2025-01-23T12:33:37.458+0000] {dagbag.py:538} INFO - Filling up the DagBag from /home/airflow/.local/lib/python3.8/site-packages/airflow/example_dags/example_branch_datetime_operator.py
[2025-01-23T12:33:37.478+0000] {processor.py:840} INFO - DAG(s) 'example_branch_datetime_operator', 'example_branch_datetime_operator_2', 'example_branch_datetime_operator_3' retrieved from /home/airflow/.local/lib/python3.8/site-packages/airflow/example_dags/example_branch_datetime_operator.py
[2025-01-23T12:33:37.532+0000] {logging_mixin.py:188} INFO - [2025-01-23T12:33:37.532+0000] {dag.py:3036} INFO - Sync 3 DAGs
[2025-01-23T12:33:37.588+0000] {logging_mixin.py:188} INFO - [2025-01-23T12:33:37.588+0000] {dag.py:3823} INFO - Setting next_dagrun for example_branch_datetime_operator to 2025-01-22 00:00:00+00:00, run_after=2025-01-23 00:00:00+00:00
[2025-01-23T12:33:37.597+0000] {logging_mixin.py:188} INFO - [2025-01-23T12:33:37.597+0000] {dag.py:3823} INFO - Setting next_dagrun for example_branch_datetime_operator_2 to 2025-01-22 00:00:00+00:00, run_after=2025-01-23 00:00:00+00:00
[2025-01-23T12:33:37.603+0000] {logging_mixin.py:188} INFO - [2025-01-23T12:33:37.602+0000] {dag.py:3823} INFO - Setting next_dagrun for example_branch_datetime_operator_3 to 2025-01-22 00:00:00+00:00, run_after=2025-01-23 00:00:00+00:00
[2025-01-23T12:33:37.631+0000] {processor.py:183} INFO - Processing /home/airflow/.local/lib/python3.8/site-packages/airflow/example_dags/example_branch_datetime_operator.py took 0.182 seconds
[2025-01-23T12:34:07.988+0000] {processor.py:161} INFO - Started process (PID=279) to work on /home/airflow/.local/lib/python3.8/site-packages/airflow/example_dags/example_branch_datetime_operator.py
[2025-01-23T12:34:07.989+0000] {processor.py:830} INFO - Processing file /home/airflow/.local/lib/python3.8/site-packages/airflow/example_dags/example_branch_datetime_operator.py for tasks to queue
[2025-01-23T12:34:07.992+0000] {logging_mixin.py:188} INFO - [2025-01-23T12:34:07.991+0000] {dagbag.py:538} INFO - Filling up the DagBag from /home/airflow/.local/lib/python3.8/site-packages/airflow/example_dags/example_branch_datetime_operator.py
[2025-01-23T12:34:08.006+0000] {processor.py:840} INFO - DAG(s) 'example_branch_datetime_operator', 'example_branch_datetime_operator_3', 'example_branch_datetime_operator_2' retrieved from /home/airflow/.local/lib/python3.8/site-packages/airflow/example_dags/example_branch_datetime_operator.py
[2025-01-23T12:34:08.049+0000] {logging_mixin.py:188} INFO - [2025-01-23T12:34:08.048+0000] {dag.py:3036} INFO - Sync 3 DAGs
[2025-01-23T12:34:08.084+0000] {logging_mixin.py:188} INFO - [2025-01-23T12:34:08.084+0000] {dag.py:3823} INFO - Setting next_dagrun for example_branch_datetime_operator to 2025-01-22 00:00:00+00:00, run_after=2025-01-23 00:00:00+00:00
[2025-01-23T12:34:08.092+0000] {logging_mixin.py:188} INFO - [2025-01-23T12:34:08.091+0000] {dag.py:3823} INFO - Setting next_dagrun for example_branch_datetime_operator_2 to 2025-01-22 00:00:00+00:00, run_after=2025-01-23 00:00:00+00:00
[2025-01-23T12:34:08.096+0000] {logging_mixin.py:188} INFO - [2025-01-23T12:34:08.096+0000] {dag.py:3823} INFO - Setting next_dagrun for example_branch_datetime_operator_3 to 2025-01-22 00:00:00+00:00, run_after=2025-01-23 00:00:00+00:00
[2025-01-23T12:34:08.125+0000] {processor.py:183} INFO - Processing /home/airflow/.local/lib/python3.8/site-packages/airflow/example_dags/example_branch_datetime_operator.py took 0.141 seconds
[2025-01-23T12:34:38.520+0000] {processor.py:161} INFO - Started process (PID=335) to work on /home/airflow/.local/lib/python3.8/site-packages/airflow/example_dags/example_branch_datetime_operator.py
[2025-01-23T12:34:38.522+0000] {processor.py:830} INFO - Processing file /home/airflow/.local/lib/python3.8/site-packages/airflow/example_dags/example_branch_datetime_operator.py for tasks to queue
[2025-01-23T12:34:38.525+0000] {logging_mixin.py:188} INFO - [2025-01-23T12:34:38.524+0000] {dagbag.py:538} INFO - Filling up the DagBag from /home/airflow/.local/lib/python3.8/site-packages/airflow/example_dags/example_branch_datetime_operator.py
[2025-01-23T12:34:38.548+0000] {processor.py:840} INFO - DAG(s) 'example_branch_datetime_operator', 'example_branch_datetime_operator_3', 'example_branch_datetime_operator_2' retrieved from /home/airflow/.local/lib/python3.8/site-packages/airflow/example_dags/example_branch_datetime_operator.py
[2025-01-23T12:34:38.591+0000] {logging_mixin.py:188} INFO - [2025-01-23T12:34:38.591+0000] {dag.py:3036} INFO - Sync 3 DAGs
[2025-01-23T12:34:38.635+0000] {logging_mixin.py:188} INFO - [2025-01-23T12:34:38.634+0000] {dag.py:3823} INFO - Setting next_dagrun for example_branch_datetime_operator to 2025-01-22 00:00:00+00:00, run_after=2025-01-23 00:00:00+00:00
[2025-01-23T12:34:38.644+0000] {logging_mixin.py:188} INFO - [2025-01-23T12:34:38.644+0000] {dag.py:3823} INFO - Setting next_dagrun for example_branch_datetime_operator_2 to 2025-01-22 00:00:00+00:00, run_after=2025-01-23 00:00:00+00:00
[2025-01-23T12:34:38.649+0000] {logging_mixin.py:188} INFO - [2025-01-23T12:34:38.649+0000] {dag.py:3823} INFO - Setting next_dagrun for example_branch_datetime_operator_3 to 2025-01-22 00:00:00+00:00, run_after=2025-01-23 00:00:00+00:00
[2025-01-23T12:34:38.682+0000] {processor.py:183} INFO - Processing /home/airflow/.local/lib/python3.8/site-packages/airflow/example_dags/example_branch_datetime_operator.py took 0.167 seconds
[2025-01-23T12:35:09.184+0000] {processor.py:161} INFO - Started process (PID=391) to work on /home/airflow/.local/lib/python3.8/site-packages/airflow/example_dags/example_branch_datetime_operator.py
[2025-01-23T12:35:09.186+0000] {processor.py:830} INFO - Processing file /home/airflow/.local/lib/python3.8/site-packages/airflow/example_dags/example_branch_datetime_operator.py for tasks to queue
[2025-01-23T12:35:09.188+0000] {logging_mixin.py:188} INFO - [2025-01-23T12:35:09.188+0000] {dagbag.py:538} INFO - Filling up the DagBag from /home/airflow/.local/lib/python3.8/site-packages/airflow/example_dags/example_branch_datetime_operator.py
[2025-01-23T12:35:09.203+0000] {processor.py:840} INFO - DAG(s) 'example_branch_datetime_operator_3', 'example_branch_datetime_operator', 'example_branch_datetime_operator_2' retrieved from /home/airflow/.local/lib/python3.8/site-packages/airflow/example_dags/example_branch_datetime_operator.py
[2025-01-23T12:35:09.241+0000] {logging_mixin.py:188} INFO - [2025-01-23T12:35:09.240+0000] {dag.py:3036} INFO - Sync 3 DAGs
[2025-01-23T12:35:09.271+0000] {logging_mixin.py:188} INFO - [2025-01-23T12:35:09.270+0000] {dag.py:3823} INFO - Setting next_dagrun for example_branch_datetime_operator to 2025-01-22 00:00:00+00:00, run_after=2025-01-23 00:00:00+00:00
[2025-01-23T12:35:09.277+0000] {logging_mixin.py:188} INFO - [2025-01-23T12:35:09.277+0000] {dag.py:3823} INFO - Setting next_dagrun for example_branch_datetime_operator_2 to 2025-01-22 00:00:00+00:00, run_after=2025-01-23 00:00:00+00:00
[2025-01-23T12:35:09.281+0000] {logging_mixin.py:188} INFO - [2025-01-23T12:35:09.281+0000] {dag.py:3823} INFO - Setting next_dagrun for example_branch_datetime_operator_3 to 2025-01-22 00:00:00+00:00, run_after=2025-01-23 00:00:00+00:00
[2025-01-23T12:35:09.305+0000] {processor.py:183} INFO - Processing /home/airflow/.local/lib/python3.8/site-packages/airflow/example_dags/example_branch_datetime_operator.py took 0.125 seconds
[2025-01-23T12:35:39.806+0000] {processor.py:161} INFO - Started process (PID=447) to work on /home/airflow/.local/lib/python3.8/site-packages/airflow/example_dags/example_branch_datetime_operator.py
[2025-01-23T12:35:39.808+0000] {processor.py:830} INFO - Processing file /home/airflow/.local/lib/python3.8/site-packages/airflow/example_dags/example_branch_datetime_operator.py for tasks to queue
[2025-01-23T12:35:39.810+0000] {logging_mixin.py:188} INFO - [2025-01-23T12:35:39.810+0000] {dagbag.py:538} INFO - Filling up the DagBag from /home/airflow/.local/lib/python3.8/site-packages/airflow/example_dags/example_branch_datetime_operator.py
[2025-01-23T12:35:39.823+0000] {processor.py:840} INFO - DAG(s) 'example_branch_datetime_operator_2', 'example_branch_datetime_operator', 'example_branch_datetime_operator_3' retrieved from /home/airflow/.local/lib/python3.8/site-packages/airflow/example_dags/example_branch_datetime_operator.py
[2025-01-23T12:35:39.860+0000] {logging_mixin.py:188} INFO - [2025-01-23T12:35:39.859+0000] {dag.py:3036} INFO - Sync 3 DAGs
[2025-01-23T12:35:39.891+0000] {logging_mixin.py:188} INFO - [2025-01-23T12:35:39.891+0000] {dag.py:3823} INFO - Setting next_dagrun for example_branch_datetime_operator to 2025-01-22 00:00:00+00:00, run_after=2025-01-23 00:00:00+00:00
[2025-01-23T12:35:39.899+0000] {logging_mixin.py:188} INFO - [2025-01-23T12:35:39.898+0000] {dag.py:3823} INFO - Setting next_dagrun for example_branch_datetime_operator_2 to 2025-01-22 00:00:00+00:00, run_after=2025-01-23 00:00:00+00:00
[2025-01-23T12:35:39.903+0000] {logging_mixin.py:188} INFO - [2025-01-23T12:35:39.903+0000] {dag.py:3823} INFO - Setting next_dagrun for example_branch_datetime_operator_3 to 2025-01-22 00:00:00+00:00, run_after=2025-01-23 00:00:00+00:00
[2025-01-23T12:35:39.929+0000] {processor.py:183} INFO - Processing /home/airflow/.local/lib/python3.8/site-packages/airflow/example_dags/example_branch_datetime_operator.py took 0.126 seconds
[2025-01-23T12:36:10.259+0000] {processor.py:161} INFO - Started process (PID=503) to work on /home/airflow/.local/lib/python3.8/site-packages/airflow/example_dags/example_branch_datetime_operator.py
[2025-01-23T12:36:10.260+0000] {processor.py:830} INFO - Processing file /home/airflow/.local/lib/python3.8/site-packages/airflow/example_dags/example_branch_datetime_operator.py for tasks to queue
[2025-01-23T12:36:10.263+0000] {logging_mixin.py:188} INFO - [2025-01-23T12:36:10.262+0000] {dagbag.py:538} INFO - Filling up the DagBag from /home/airflow/.local/lib/python3.8/site-packages/airflow/example_dags/example_branch_datetime_operator.py
[2025-01-23T12:36:10.277+0000] {processor.py:840} INFO - DAG(s) 'example_branch_datetime_operator_3', 'example_branch_datetime_operator_2', 'example_branch_datetime_operator' retrieved from /home/airflow/.local/lib/python3.8/site-packages/airflow/example_dags/example_branch_datetime_operator.py
[2025-01-23T12:36:10.319+0000] {logging_mixin.py:188} INFO - [2025-01-23T12:36:10.319+0000] {dag.py:3036} INFO - Sync 3 DAGs
[2025-01-23T12:36:10.349+0000] {logging_mixin.py:188} INFO - [2025-01-23T12:36:10.349+0000] {dag.py:3823} INFO - Setting next_dagrun for example_branch_datetime_operator to 2025-01-22 00:00:00+00:00, run_after=2025-01-23 00:00:00+00:00
[2025-01-23T12:36:10.358+0000] {logging_mixin.py:188} INFO - [2025-01-23T12:36:10.357+0000] {dag.py:3823} INFO - Setting next_dagrun for example_branch_datetime_operator_2 to 2025-01-22 00:00:00+00:00, run_after=2025-01-23 00:00:00+00:00
[2025-01-23T12:36:10.362+0000] {logging_mixin.py:188} INFO - [2025-01-23T12:36:10.362+0000] {dag.py:3823} INFO - Setting next_dagrun for example_branch_datetime_operator_3 to 2025-01-22 00:00:00+00:00, run_after=2025-01-23 00:00:00+00:00
[2025-01-23T12:36:10.387+0000] {processor.py:183} INFO - Processing /home/airflow/.local/lib/python3.8/site-packages/airflow/example_dags/example_branch_datetime_operator.py took 0.132 seconds
[2025-01-23T12:36:40.811+0000] {processor.py:161} INFO - Started process (PID=559) to work on /home/airflow/.local/lib/python3.8/site-packages/airflow/example_dags/example_branch_datetime_operator.py
[2025-01-23T12:36:40.813+0000] {processor.py:830} INFO - Processing file /home/airflow/.local/lib/python3.8/site-packages/airflow/example_dags/example_branch_datetime_operator.py for tasks to queue
[2025-01-23T12:36:40.815+0000] {logging_mixin.py:188} INFO - [2025-01-23T12:36:40.815+0000] {dagbag.py:538} INFO - Filling up the DagBag from /home/airflow/.local/lib/python3.8/site-packages/airflow/example_dags/example_branch_datetime_operator.py
[2025-01-23T12:36:40.830+0000] {processor.py:840} INFO - DAG(s) 'example_branch_datetime_operator', 'example_branch_datetime_operator_3', 'example_branch_datetime_operator_2' retrieved from /home/airflow/.local/lib/python3.8/site-packages/airflow/example_dags/example_branch_datetime_operator.py
[2025-01-23T12:36:40.874+0000] {logging_mixin.py:188} INFO - [2025-01-23T12:36:40.874+0000] {dag.py:3036} INFO - Sync 3 DAGs
[2025-01-23T12:36:40.919+0000] {logging_mixin.py:188} INFO - [2025-01-23T12:36:40.919+0000] {dag.py:3823} INFO - Setting next_dagrun for example_branch_datetime_operator to 2025-01-22 00:00:00+00:00, run_after=2025-01-23 00:00:00+00:00
[2025-01-23T12:36:40.928+0000] {logging_mixin.py:188} INFO - [2025-01-23T12:36:40.928+0000] {dag.py:3823} INFO - Setting next_dagrun for example_branch_datetime_operator_2 to 2025-01-22 00:00:00+00:00, run_after=2025-01-23 00:00:00+00:00
[2025-01-23T12:36:40.933+0000] {logging_mixin.py:188} INFO - [2025-01-23T12:36:40.933+0000] {dag.py:3823} INFO - Setting next_dagrun for example_branch_datetime_operator_3 to 2025-01-22 00:00:00+00:00, run_after=2025-01-23 00:00:00+00:00
[2025-01-23T12:36:40.964+0000] {processor.py:183} INFO - Processing /home/airflow/.local/lib/python3.8/site-packages/airflow/example_dags/example_branch_datetime_operator.py took 0.157 seconds
[2025-01-23T12:37:12.458+0000] {processor.py:161} INFO - Started process (PID=621) to work on /home/airflow/.local/lib/python3.8/site-packages/airflow/example_dags/example_branch_datetime_operator.py
[2025-01-23T12:37:12.461+0000] {processor.py:830} INFO - Processing file /home/airflow/.local/lib/python3.8/site-packages/airflow/example_dags/example_branch_datetime_operator.py for tasks to queue
[2025-01-23T12:37:12.470+0000] {logging_mixin.py:188} INFO - [2025-01-23T12:37:12.469+0000] {dagbag.py:538} INFO - Filling up the DagBag from /home/airflow/.local/lib/python3.8/site-packages/airflow/example_dags/example_branch_datetime_operator.py
[2025-01-23T12:37:12.502+0000] {processor.py:840} INFO - DAG(s) 'example_branch_datetime_operator_3', 'example_branch_datetime_operator', 'example_branch_datetime_operator_2' retrieved from /home/airflow/.local/lib/python3.8/site-packages/airflow/example_dags/example_branch_datetime_operator.py
[2025-01-23T12:37:12.570+0000] {logging_mixin.py:188} INFO - [2025-01-23T12:37:12.569+0000] {dag.py:3036} INFO - Sync 3 DAGs
[2025-01-23T12:37:12.621+0000] {logging_mixin.py:188} INFO - [2025-01-23T12:37:12.620+0000] {dag.py:3823} INFO - Setting next_dagrun for example_branch_datetime_operator to 2025-01-22 00:00:00+00:00, run_after=2025-01-23 00:00:00+00:00
[2025-01-23T12:37:12.636+0000] {logging_mixin.py:188} INFO - [2025-01-23T12:37:12.635+0000] {dag.py:3823} INFO - Setting next_dagrun for example_branch_datetime_operator_2 to 2025-01-22 00:00:00+00:00, run_after=2025-01-23 00:00:00+00:00
[2025-01-23T12:37:12.649+0000] {logging_mixin.py:188} INFO - [2025-01-23T12:37:12.648+0000] {dag.py:3823} INFO - Setting next_dagrun for example_branch_datetime_operator_3 to 2025-01-22 00:00:00+00:00, run_after=2025-01-23 00:00:00+00:00
[2025-01-23T12:37:12.685+0000] {processor.py:183} INFO - Processing /home/airflow/.local/lib/python3.8/site-packages/airflow/example_dags/example_branch_datetime_operator.py took 0.236 seconds
[2025-01-23T12:37:42.959+0000] {processor.py:161} INFO - Started process (PID=677) to work on /home/airflow/.local/lib/python3.8/site-packages/airflow/example_dags/example_branch_datetime_operator.py
[2025-01-23T12:37:42.961+0000] {processor.py:830} INFO - Processing file /home/airflow/.local/lib/python3.8/site-packages/airflow/example_dags/example_branch_datetime_operator.py for tasks to queue
[2025-01-23T12:37:42.967+0000] {logging_mixin.py:188} INFO - [2025-01-23T12:37:42.966+0000] {dagbag.py:538} INFO - Filling up the DagBag from /home/airflow/.local/lib/python3.8/site-packages/airflow/example_dags/example_branch_datetime_operator.py
[2025-01-23T12:37:42.989+0000] {processor.py:840} INFO - DAG(s) 'example_branch_datetime_operator_2', 'example_branch_datetime_operator_3', 'example_branch_datetime_operator' retrieved from /home/airflow/.local/lib/python3.8/site-packages/airflow/example_dags/example_branch_datetime_operator.py
[2025-01-23T12:37:43.043+0000] {logging_mixin.py:188} INFO - [2025-01-23T12:37:43.042+0000] {dag.py:3036} INFO - Sync 3 DAGs
[2025-01-23T12:37:43.090+0000] {logging_mixin.py:188} INFO - [2025-01-23T12:37:43.089+0000] {dag.py:3823} INFO - Setting next_dagrun for example_branch_datetime_operator to 2025-01-22 00:00:00+00:00, run_after=2025-01-23 00:00:00+00:00
[2025-01-23T12:37:43.099+0000] {logging_mixin.py:188} INFO - [2025-01-23T12:37:43.099+0000] {dag.py:3823} INFO - Setting next_dagrun for example_branch_datetime_operator_2 to 2025-01-22 00:00:00+00:00, run_after=2025-01-23 00:00:00+00:00
[2025-01-23T12:37:43.105+0000] {logging_mixin.py:188} INFO - [2025-01-23T12:37:43.105+0000] {dag.py:3823} INFO - Setting next_dagrun for example_branch_datetime_operator_3 to 2025-01-22 00:00:00+00:00, run_after=2025-01-23 00:00:00+00:00
[2025-01-23T12:37:43.139+0000] {processor.py:183} INFO - Processing /home/airflow/.local/lib/python3.8/site-packages/airflow/example_dags/example_branch_datetime_operator.py took 0.188 seconds
[2025-01-23T12:38:13.320+0000] {processor.py:161} INFO - Started process (PID=734) to work on /home/airflow/.local/lib/python3.8/site-packages/airflow/example_dags/example_branch_datetime_operator.py
[2025-01-23T12:38:13.321+0000] {processor.py:830} INFO - Processing file /home/airflow/.local/lib/python3.8/site-packages/airflow/example_dags/example_branch_datetime_operator.py for tasks to queue
[2025-01-23T12:38:13.323+0000] {logging_mixin.py:188} INFO - [2025-01-23T12:38:13.323+0000] {dagbag.py:538} INFO - Filling up the DagBag from /home/airflow/.local/lib/python3.8/site-packages/airflow/example_dags/example_branch_datetime_operator.py
[2025-01-23T12:38:13.337+0000] {processor.py:840} INFO - DAG(s) 'example_branch_datetime_operator_3', 'example_branch_datetime_operator_2', 'example_branch_datetime_operator' retrieved from /home/airflow/.local/lib/python3.8/site-packages/airflow/example_dags/example_branch_datetime_operator.py
[2025-01-23T12:38:13.375+0000] {logging_mixin.py:188} INFO - [2025-01-23T12:38:13.374+0000] {dag.py:3036} INFO - Sync 3 DAGs
[2025-01-23T12:38:13.410+0000] {logging_mixin.py:188} INFO - [2025-01-23T12:38:13.410+0000] {dag.py:3823} INFO - Setting next_dagrun for example_branch_datetime_operator to 2025-01-22 00:00:00+00:00, run_after=2025-01-23 00:00:00+00:00
[2025-01-23T12:38:13.418+0000] {logging_mixin.py:188} INFO - [2025-01-23T12:38:13.418+0000] {dag.py:3823} INFO - Setting next_dagrun for example_branch_datetime_operator_2 to 2025-01-22 00:00:00+00:00, run_after=2025-01-23 00:00:00+00:00
[2025-01-23T12:38:13.425+0000] {logging_mixin.py:188} INFO - [2025-01-23T12:38:13.425+0000] {dag.py:3823} INFO - Setting next_dagrun for example_branch_datetime_operator_3 to 2025-01-22 00:00:00+00:00, run_after=2025-01-23 00:00:00+00:00
[2025-01-23T12:38:13.454+0000] {processor.py:183} INFO - Processing /home/airflow/.local/lib/python3.8/site-packages/airflow/example_dags/example_branch_datetime_operator.py took 0.137 seconds
[2025-01-23T12:38:43.574+0000] {processor.py:161} INFO - Started process (PID=789) to work on /home/airflow/.local/lib/python3.8/site-packages/airflow/example_dags/example_branch_datetime_operator.py
[2025-01-23T12:38:43.576+0000] {processor.py:830} INFO - Processing file /home/airflow/.local/lib/python3.8/site-packages/airflow/example_dags/example_branch_datetime_operator.py for tasks to queue
[2025-01-23T12:38:43.580+0000] {logging_mixin.py:188} INFO - [2025-01-23T12:38:43.579+0000] {dagbag.py:538} INFO - Filling up the DagBag from /home/airflow/.local/lib/python3.8/site-packages/airflow/example_dags/example_branch_datetime_operator.py
[2025-01-23T12:38:43.596+0000] {processor.py:840} INFO - DAG(s) 'example_branch_datetime_operator_3', 'example_branch_datetime_operator_2', 'example_branch_datetime_operator' retrieved from /home/airflow/.local/lib/python3.8/site-packages/airflow/example_dags/example_branch_datetime_operator.py
[2025-01-23T12:38:43.638+0000] {logging_mixin.py:188} INFO - [2025-01-23T12:38:43.638+0000] {dag.py:3036} INFO - Sync 3 DAGs
[2025-01-23T12:38:43.669+0000] {logging_mixin.py:188} INFO - [2025-01-23T12:38:43.669+0000] {dag.py:3823} INFO - Setting next_dagrun for example_branch_datetime_operator to 2025-01-22 00:00:00+00:00, run_after=2025-01-23 00:00:00+00:00
[2025-01-23T12:38:43.676+0000] {logging_mixin.py:188} INFO - [2025-01-23T12:38:43.676+0000] {dag.py:3823} INFO - Setting next_dagrun for example_branch_datetime_operator_2 to 2025-01-22 00:00:00+00:00, run_after=2025-01-23 00:00:00+00:00
[2025-01-23T12:38:43.680+0000] {logging_mixin.py:188} INFO - [2025-01-23T12:38:43.680+0000] {dag.py:3823} INFO - Setting next_dagrun for example_branch_datetime_operator_3 to 2025-01-22 00:00:00+00:00, run_after=2025-01-23 00:00:00+00:00
[2025-01-23T12:38:43.703+0000] {processor.py:183} INFO - Processing /home/airflow/.local/lib/python3.8/site-packages/airflow/example_dags/example_branch_datetime_operator.py took 0.134 seconds
