[2025-01-23T12:32:28.935+0000] {processor.py:161} INFO - Started process (PID=87) to work on /home/airflow/.local/lib/python3.8/site-packages/airflow/example_dags/example_datasets.py
[2025-01-23T12:32:28.937+0000] {processor.py:830} INFO - Processing file /home/airflow/.local/lib/python3.8/site-packages/airflow/example_dags/example_datasets.py for tasks to queue
[2025-01-23T12:32:28.941+0000] {logging_mixin.py:188} INFO - [2025-01-23T12:32:28.940+0000] {dagbag.py:538} INFO - Filling up the DagBag from /home/airflow/.local/lib/python3.8/site-packages/airflow/example_dags/example_datasets.py
[2025-01-23T12:32:28.966+0000] {processor.py:840} INFO - DAG(s) 'dataset_consumes_1_never_scheduled', 'dataset_consumes_unknown_never_scheduled', 'dataset_produces_2', 'dataset_consumes_1_and_2', 'dataset_produces_1', 'dataset_consumes_1' retrieved from /home/airflow/.local/lib/python3.8/site-packages/airflow/example_dags/example_datasets.py
[2025-01-23T12:32:29.182+0000] {logging_mixin.py:188} INFO - [2025-01-23T12:32:29.181+0000] {override.py:1769} INFO - Created Permission View: can read on DAG:dataset_consumes_1_never_scheduled
[2025-01-23T12:32:29.200+0000] {logging_mixin.py:188} INFO - [2025-01-23T12:32:29.199+0000] {override.py:1769} INFO - Created Permission View: can edit on DAG:dataset_consumes_1_never_scheduled
[2025-01-23T12:32:29.213+0000] {logging_mixin.py:188} INFO - [2025-01-23T12:32:29.212+0000] {override.py:1769} INFO - Created Permission View: can delete on DAG:dataset_consumes_1_never_scheduled
[2025-01-23T12:32:29.243+0000] {logging_mixin.py:188} INFO - [2025-01-23T12:32:29.242+0000] {override.py:1769} INFO - Created Permission View: can read on DAG:dataset_consumes_unknown_never_scheduled
[2025-01-23T12:32:29.258+0000] {logging_mixin.py:188} INFO - [2025-01-23T12:32:29.257+0000] {override.py:1769} INFO - Created Permission View: can edit on DAG:dataset_consumes_unknown_never_scheduled
[2025-01-23T12:32:29.276+0000] {logging_mixin.py:188} INFO - [2025-01-23T12:32:29.276+0000] {override.py:1769} INFO - Created Permission View: can delete on DAG:dataset_consumes_unknown_never_scheduled
[2025-01-23T12:32:29.309+0000] {logging_mixin.py:188} INFO - [2025-01-23T12:32:29.309+0000] {override.py:1769} INFO - Created Permission View: can read on DAG:dataset_produces_2
[2025-01-23T12:32:29.323+0000] {logging_mixin.py:188} INFO - [2025-01-23T12:32:29.322+0000] {override.py:1769} INFO - Created Permission View: can edit on DAG:dataset_produces_2
[2025-01-23T12:32:29.337+0000] {logging_mixin.py:188} INFO - [2025-01-23T12:32:29.336+0000] {override.py:1769} INFO - Created Permission View: can delete on DAG:dataset_produces_2
[2025-01-23T12:32:29.366+0000] {logging_mixin.py:188} INFO - [2025-01-23T12:32:29.365+0000] {override.py:1769} INFO - Created Permission View: can read on DAG:dataset_consumes_1_and_2
[2025-01-23T12:32:29.391+0000] {logging_mixin.py:188} INFO - [2025-01-23T12:32:29.391+0000] {override.py:1769} INFO - Created Permission View: can edit on DAG:dataset_consumes_1_and_2
[2025-01-23T12:32:29.414+0000] {logging_mixin.py:188} INFO - [2025-01-23T12:32:29.413+0000] {override.py:1769} INFO - Created Permission View: can delete on DAG:dataset_consumes_1_and_2
[2025-01-23T12:32:29.450+0000] {logging_mixin.py:188} INFO - [2025-01-23T12:32:29.449+0000] {override.py:1769} INFO - Created Permission View: can read on DAG:dataset_produces_1
[2025-01-23T12:32:29.474+0000] {logging_mixin.py:188} INFO - [2025-01-23T12:32:29.473+0000] {override.py:1769} INFO - Created Permission View: can edit on DAG:dataset_produces_1
[2025-01-23T12:32:29.499+0000] {logging_mixin.py:188} INFO - [2025-01-23T12:32:29.498+0000] {override.py:1769} INFO - Created Permission View: can delete on DAG:dataset_produces_1
[2025-01-23T12:32:29.538+0000] {logging_mixin.py:188} INFO - [2025-01-23T12:32:29.537+0000] {override.py:1769} INFO - Created Permission View: can read on DAG:dataset_consumes_1
[2025-01-23T12:32:29.552+0000] {logging_mixin.py:188} INFO - [2025-01-23T12:32:29.551+0000] {override.py:1769} INFO - Created Permission View: can edit on DAG:dataset_consumes_1
[2025-01-23T12:32:29.567+0000] {logging_mixin.py:188} INFO - [2025-01-23T12:32:29.567+0000] {override.py:1769} INFO - Created Permission View: can delete on DAG:dataset_consumes_1
[2025-01-23T12:32:29.569+0000] {logging_mixin.py:188} INFO - [2025-01-23T12:32:29.568+0000] {dag.py:3036} INFO - Sync 6 DAGs
[2025-01-23T12:32:29.593+0000] {logging_mixin.py:188} INFO - [2025-01-23T12:32:29.592+0000] {dag.py:3058} INFO - Creating ORM DAG for dataset_produces_2
[2025-01-23T12:32:29.595+0000] {logging_mixin.py:188} INFO - [2025-01-23T12:32:29.595+0000] {dag.py:3058} INFO - Creating ORM DAG for dataset_consumes_1_and_2
[2025-01-23T12:32:29.597+0000] {logging_mixin.py:188} INFO - [2025-01-23T12:32:29.597+0000] {dag.py:3058} INFO - Creating ORM DAG for dataset_produces_1
[2025-01-23T12:32:29.599+0000] {logging_mixin.py:188} INFO - [2025-01-23T12:32:29.599+0000] {dag.py:3058} INFO - Creating ORM DAG for dataset_consumes_unknown_never_scheduled
[2025-01-23T12:32:29.601+0000] {logging_mixin.py:188} INFO - [2025-01-23T12:32:29.601+0000] {dag.py:3058} INFO - Creating ORM DAG for dataset_consumes_1
[2025-01-23T12:32:29.603+0000] {logging_mixin.py:188} INFO - [2025-01-23T12:32:29.602+0000] {dag.py:3058} INFO - Creating ORM DAG for dataset_consumes_1_never_scheduled
[2025-01-23T12:32:29.630+0000] {logging_mixin.py:188} INFO - [2025-01-23T12:32:29.630+0000] {dag.py:3823} INFO - Setting next_dagrun for dataset_consumes_1 to None, run_after=None
[2025-01-23T12:32:29.633+0000] {logging_mixin.py:188} INFO - [2025-01-23T12:32:29.632+0000] {dag.py:3823} INFO - Setting next_dagrun for dataset_consumes_1_and_2 to None, run_after=None
[2025-01-23T12:32:29.635+0000] {logging_mixin.py:188} INFO - [2025-01-23T12:32:29.635+0000] {dag.py:3823} INFO - Setting next_dagrun for dataset_consumes_1_never_scheduled to None, run_after=None
[2025-01-23T12:32:29.637+0000] {logging_mixin.py:188} INFO - [2025-01-23T12:32:29.636+0000] {dag.py:3823} INFO - Setting next_dagrun for dataset_consumes_unknown_never_scheduled to None, run_after=None
[2025-01-23T12:32:29.642+0000] {logging_mixin.py:188} INFO - [2025-01-23T12:32:29.641+0000] {dag.py:3823} INFO - Setting next_dagrun for dataset_produces_1 to 2025-01-22 00:00:00+00:00, run_after=2025-01-23 00:00:00+00:00
[2025-01-23T12:32:29.644+0000] {logging_mixin.py:188} INFO - [2025-01-23T12:32:29.644+0000] {dag.py:3823} INFO - Setting next_dagrun for dataset_produces_2 to None, run_after=None
[2025-01-23T12:32:29.731+0000] {processor.py:183} INFO - Processing /home/airflow/.local/lib/python3.8/site-packages/airflow/example_dags/example_datasets.py took 0.796 seconds
[2025-01-23T12:33:00.252+0000] {processor.py:161} INFO - Started process (PID=143) to work on /home/airflow/.local/lib/python3.8/site-packages/airflow/example_dags/example_datasets.py
[2025-01-23T12:33:00.260+0000] {processor.py:830} INFO - Processing file /home/airflow/.local/lib/python3.8/site-packages/airflow/example_dags/example_datasets.py for tasks to queue
[2025-01-23T12:33:00.272+0000] {logging_mixin.py:188} INFO - [2025-01-23T12:33:00.271+0000] {dagbag.py:538} INFO - Filling up the DagBag from /home/airflow/.local/lib/python3.8/site-packages/airflow/example_dags/example_datasets.py
[2025-01-23T12:33:00.296+0000] {processor.py:840} INFO - DAG(s) 'dataset_produces_1', 'dataset_produces_2', 'dataset_consumes_unknown_never_scheduled', 'dataset_consumes_1_never_scheduled', 'dataset_consumes_1', 'dataset_consumes_1_and_2' retrieved from /home/airflow/.local/lib/python3.8/site-packages/airflow/example_dags/example_datasets.py
[2025-01-23T12:33:00.411+0000] {logging_mixin.py:188} INFO - [2025-01-23T12:33:00.411+0000] {dag.py:3036} INFO - Sync 6 DAGs
[2025-01-23T12:33:00.461+0000] {logging_mixin.py:188} INFO - [2025-01-23T12:33:00.460+0000] {dag.py:3823} INFO - Setting next_dagrun for dataset_consumes_1 to None, run_after=None
[2025-01-23T12:33:00.475+0000] {logging_mixin.py:188} INFO - [2025-01-23T12:33:00.473+0000] {dag.py:3823} INFO - Setting next_dagrun for dataset_consumes_1_and_2 to None, run_after=None
[2025-01-23T12:33:00.478+0000] {logging_mixin.py:188} INFO - [2025-01-23T12:33:00.478+0000] {dag.py:3823} INFO - Setting next_dagrun for dataset_consumes_1_never_scheduled to None, run_after=None
[2025-01-23T12:33:00.482+0000] {logging_mixin.py:188} INFO - [2025-01-23T12:33:00.481+0000] {dag.py:3823} INFO - Setting next_dagrun for dataset_consumes_unknown_never_scheduled to None, run_after=None
[2025-01-23T12:33:00.490+0000] {logging_mixin.py:188} INFO - [2025-01-23T12:33:00.489+0000] {dag.py:3823} INFO - Setting next_dagrun for dataset_produces_1 to 2025-01-22 00:00:00+00:00, run_after=2025-01-23 00:00:00+00:00
[2025-01-23T12:33:00.494+0000] {logging_mixin.py:188} INFO - [2025-01-23T12:33:00.493+0000] {dag.py:3823} INFO - Setting next_dagrun for dataset_produces_2 to None, run_after=None
[2025-01-23T12:33:00.583+0000] {processor.py:183} INFO - Processing /home/airflow/.local/lib/python3.8/site-packages/airflow/example_dags/example_datasets.py took 0.341 seconds
[2025-01-23T12:33:30.833+0000] {processor.py:161} INFO - Started process (PID=199) to work on /home/airflow/.local/lib/python3.8/site-packages/airflow/example_dags/example_datasets.py
[2025-01-23T12:33:30.835+0000] {processor.py:830} INFO - Processing file /home/airflow/.local/lib/python3.8/site-packages/airflow/example_dags/example_datasets.py for tasks to queue
[2025-01-23T12:33:30.838+0000] {logging_mixin.py:188} INFO - [2025-01-23T12:33:30.838+0000] {dagbag.py:538} INFO - Filling up the DagBag from /home/airflow/.local/lib/python3.8/site-packages/airflow/example_dags/example_datasets.py
[2025-01-23T12:33:30.852+0000] {processor.py:840} INFO - DAG(s) 'dataset_consumes_1', 'dataset_consumes_1_never_scheduled', 'dataset_consumes_1_and_2', 'dataset_produces_1', 'dataset_produces_2', 'dataset_consumes_unknown_never_scheduled' retrieved from /home/airflow/.local/lib/python3.8/site-packages/airflow/example_dags/example_datasets.py
[2025-01-23T12:33:30.908+0000] {logging_mixin.py:188} INFO - [2025-01-23T12:33:30.908+0000] {dag.py:3036} INFO - Sync 6 DAGs
[2025-01-23T12:33:30.946+0000] {logging_mixin.py:188} INFO - [2025-01-23T12:33:30.946+0000] {dag.py:3823} INFO - Setting next_dagrun for dataset_consumes_1 to None, run_after=None
[2025-01-23T12:33:30.953+0000] {logging_mixin.py:188} INFO - [2025-01-23T12:33:30.952+0000] {dag.py:3823} INFO - Setting next_dagrun for dataset_consumes_1_and_2 to None, run_after=None
[2025-01-23T12:33:30.955+0000] {logging_mixin.py:188} INFO - [2025-01-23T12:33:30.955+0000] {dag.py:3823} INFO - Setting next_dagrun for dataset_consumes_1_never_scheduled to None, run_after=None
[2025-01-23T12:33:30.958+0000] {logging_mixin.py:188} INFO - [2025-01-23T12:33:30.957+0000] {dag.py:3823} INFO - Setting next_dagrun for dataset_consumes_unknown_never_scheduled to None, run_after=None
[2025-01-23T12:33:30.964+0000] {logging_mixin.py:188} INFO - [2025-01-23T12:33:30.963+0000] {dag.py:3823} INFO - Setting next_dagrun for dataset_produces_1 to 2025-01-22 00:00:00+00:00, run_after=2025-01-23 00:00:00+00:00
[2025-01-23T12:33:30.967+0000] {logging_mixin.py:188} INFO - [2025-01-23T12:33:30.966+0000] {dag.py:3823} INFO - Setting next_dagrun for dataset_produces_2 to None, run_after=None
[2025-01-23T12:33:31.040+0000] {processor.py:183} INFO - Processing /home/airflow/.local/lib/python3.8/site-packages/airflow/example_dags/example_datasets.py took 0.211 seconds
[2025-01-23T12:34:01.381+0000] {processor.py:161} INFO - Started process (PID=255) to work on /home/airflow/.local/lib/python3.8/site-packages/airflow/example_dags/example_datasets.py
[2025-01-23T12:34:01.383+0000] {processor.py:830} INFO - Processing file /home/airflow/.local/lib/python3.8/site-packages/airflow/example_dags/example_datasets.py for tasks to queue
[2025-01-23T12:34:01.389+0000] {logging_mixin.py:188} INFO - [2025-01-23T12:34:01.388+0000] {dagbag.py:538} INFO - Filling up the DagBag from /home/airflow/.local/lib/python3.8/site-packages/airflow/example_dags/example_datasets.py
[2025-01-23T12:34:01.414+0000] {processor.py:840} INFO - DAG(s) 'dataset_consumes_1_and_2', 'dataset_produces_2', 'dataset_produces_1', 'dataset_consumes_unknown_never_scheduled', 'dataset_consumes_1', 'dataset_consumes_1_never_scheduled' retrieved from /home/airflow/.local/lib/python3.8/site-packages/airflow/example_dags/example_datasets.py
[2025-01-23T12:34:01.496+0000] {logging_mixin.py:188} INFO - [2025-01-23T12:34:01.495+0000] {dag.py:3036} INFO - Sync 6 DAGs
[2025-01-23T12:34:01.557+0000] {logging_mixin.py:188} INFO - [2025-01-23T12:34:01.557+0000] {dag.py:3823} INFO - Setting next_dagrun for dataset_consumes_1 to None, run_after=None
[2025-01-23T12:34:01.567+0000] {logging_mixin.py:188} INFO - [2025-01-23T12:34:01.566+0000] {dag.py:3823} INFO - Setting next_dagrun for dataset_consumes_1_and_2 to None, run_after=None
[2025-01-23T12:34:01.570+0000] {logging_mixin.py:188} INFO - [2025-01-23T12:34:01.570+0000] {dag.py:3823} INFO - Setting next_dagrun for dataset_consumes_1_never_scheduled to None, run_after=None
[2025-01-23T12:34:01.576+0000] {logging_mixin.py:188} INFO - [2025-01-23T12:34:01.574+0000] {dag.py:3823} INFO - Setting next_dagrun for dataset_consumes_unknown_never_scheduled to None, run_after=None
[2025-01-23T12:34:01.584+0000] {logging_mixin.py:188} INFO - [2025-01-23T12:34:01.583+0000] {dag.py:3823} INFO - Setting next_dagrun for dataset_produces_1 to 2025-01-22 00:00:00+00:00, run_after=2025-01-23 00:00:00+00:00
[2025-01-23T12:34:01.589+0000] {logging_mixin.py:188} INFO - [2025-01-23T12:34:01.589+0000] {dag.py:3823} INFO - Setting next_dagrun for dataset_produces_2 to None, run_after=None
[2025-01-23T12:34:01.689+0000] {processor.py:183} INFO - Processing /home/airflow/.local/lib/python3.8/site-packages/airflow/example_dags/example_datasets.py took 0.313 seconds
[2025-01-23T12:34:31.925+0000] {processor.py:161} INFO - Started process (PID=311) to work on /home/airflow/.local/lib/python3.8/site-packages/airflow/example_dags/example_datasets.py
[2025-01-23T12:34:31.927+0000] {processor.py:830} INFO - Processing file /home/airflow/.local/lib/python3.8/site-packages/airflow/example_dags/example_datasets.py for tasks to queue
[2025-01-23T12:34:31.930+0000] {logging_mixin.py:188} INFO - [2025-01-23T12:34:31.930+0000] {dagbag.py:538} INFO - Filling up the DagBag from /home/airflow/.local/lib/python3.8/site-packages/airflow/example_dags/example_datasets.py
[2025-01-23T12:34:31.963+0000] {processor.py:840} INFO - DAG(s) 'dataset_produces_1', 'dataset_consumes_unknown_never_scheduled', 'dataset_consumes_1', 'dataset_consumes_1_never_scheduled', 'dataset_produces_2', 'dataset_consumes_1_and_2' retrieved from /home/airflow/.local/lib/python3.8/site-packages/airflow/example_dags/example_datasets.py
[2025-01-23T12:34:32.072+0000] {logging_mixin.py:188} INFO - [2025-01-23T12:34:32.072+0000] {dag.py:3036} INFO - Sync 6 DAGs
[2025-01-23T12:34:32.129+0000] {logging_mixin.py:188} INFO - [2025-01-23T12:34:32.128+0000] {dag.py:3823} INFO - Setting next_dagrun for dataset_consumes_1 to None, run_after=None
[2025-01-23T12:34:32.137+0000] {logging_mixin.py:188} INFO - [2025-01-23T12:34:32.136+0000] {dag.py:3823} INFO - Setting next_dagrun for dataset_consumes_1_and_2 to None, run_after=None
[2025-01-23T12:34:32.141+0000] {logging_mixin.py:188} INFO - [2025-01-23T12:34:32.140+0000] {dag.py:3823} INFO - Setting next_dagrun for dataset_consumes_1_never_scheduled to None, run_after=None
[2025-01-23T12:34:32.144+0000] {logging_mixin.py:188} INFO - [2025-01-23T12:34:32.143+0000] {dag.py:3823} INFO - Setting next_dagrun for dataset_consumes_unknown_never_scheduled to None, run_after=None
[2025-01-23T12:34:32.153+0000] {logging_mixin.py:188} INFO - [2025-01-23T12:34:32.153+0000] {dag.py:3823} INFO - Setting next_dagrun for dataset_produces_1 to 2025-01-22 00:00:00+00:00, run_after=2025-01-23 00:00:00+00:00
[2025-01-23T12:34:32.158+0000] {logging_mixin.py:188} INFO - [2025-01-23T12:34:32.157+0000] {dag.py:3823} INFO - Setting next_dagrun for dataset_produces_2 to None, run_after=None
[2025-01-23T12:34:32.223+0000] {processor.py:183} INFO - Processing /home/airflow/.local/lib/python3.8/site-packages/airflow/example_dags/example_datasets.py took 0.304 seconds
[2025-01-23T12:35:02.312+0000] {processor.py:161} INFO - Started process (PID=367) to work on /home/airflow/.local/lib/python3.8/site-packages/airflow/example_dags/example_datasets.py
[2025-01-23T12:35:02.314+0000] {processor.py:830} INFO - Processing file /home/airflow/.local/lib/python3.8/site-packages/airflow/example_dags/example_datasets.py for tasks to queue
[2025-01-23T12:35:02.316+0000] {logging_mixin.py:188} INFO - [2025-01-23T12:35:02.316+0000] {dagbag.py:538} INFO - Filling up the DagBag from /home/airflow/.local/lib/python3.8/site-packages/airflow/example_dags/example_datasets.py
[2025-01-23T12:35:02.332+0000] {processor.py:840} INFO - DAG(s) 'dataset_consumes_1_and_2', 'dataset_consumes_1', 'dataset_produces_2', 'dataset_produces_1', 'dataset_consumes_1_never_scheduled', 'dataset_consumes_unknown_never_scheduled' retrieved from /home/airflow/.local/lib/python3.8/site-packages/airflow/example_dags/example_datasets.py
[2025-01-23T12:35:02.393+0000] {logging_mixin.py:188} INFO - [2025-01-23T12:35:02.393+0000] {dag.py:3036} INFO - Sync 6 DAGs
[2025-01-23T12:35:02.428+0000] {logging_mixin.py:188} INFO - [2025-01-23T12:35:02.428+0000] {dag.py:3823} INFO - Setting next_dagrun for dataset_consumes_1 to None, run_after=None
[2025-01-23T12:35:02.435+0000] {logging_mixin.py:188} INFO - [2025-01-23T12:35:02.435+0000] {dag.py:3823} INFO - Setting next_dagrun for dataset_consumes_1_and_2 to None, run_after=None
[2025-01-23T12:35:02.439+0000] {logging_mixin.py:188} INFO - [2025-01-23T12:35:02.438+0000] {dag.py:3823} INFO - Setting next_dagrun for dataset_consumes_1_never_scheduled to None, run_after=None
[2025-01-23T12:35:02.441+0000] {logging_mixin.py:188} INFO - [2025-01-23T12:35:02.441+0000] {dag.py:3823} INFO - Setting next_dagrun for dataset_consumes_unknown_never_scheduled to None, run_after=None
[2025-01-23T12:35:02.448+0000] {logging_mixin.py:188} INFO - [2025-01-23T12:35:02.448+0000] {dag.py:3823} INFO - Setting next_dagrun for dataset_produces_1 to 2025-01-22 00:00:00+00:00, run_after=2025-01-23 00:00:00+00:00
[2025-01-23T12:35:02.452+0000] {logging_mixin.py:188} INFO - [2025-01-23T12:35:02.452+0000] {dag.py:3823} INFO - Setting next_dagrun for dataset_produces_2 to None, run_after=None
[2025-01-23T12:35:02.514+0000] {processor.py:183} INFO - Processing /home/airflow/.local/lib/python3.8/site-packages/airflow/example_dags/example_datasets.py took 0.206 seconds
[2025-01-23T12:35:32.580+0000] {processor.py:161} INFO - Started process (PID=423) to work on /home/airflow/.local/lib/python3.8/site-packages/airflow/example_dags/example_datasets.py
[2025-01-23T12:35:32.581+0000] {processor.py:830} INFO - Processing file /home/airflow/.local/lib/python3.8/site-packages/airflow/example_dags/example_datasets.py for tasks to queue
[2025-01-23T12:35:32.584+0000] {logging_mixin.py:188} INFO - [2025-01-23T12:35:32.584+0000] {dagbag.py:538} INFO - Filling up the DagBag from /home/airflow/.local/lib/python3.8/site-packages/airflow/example_dags/example_datasets.py
[2025-01-23T12:35:32.603+0000] {processor.py:840} INFO - DAG(s) 'dataset_consumes_1_and_2', 'dataset_produces_1', 'dataset_consumes_1', 'dataset_produces_2', 'dataset_consumes_unknown_never_scheduled', 'dataset_consumes_1_never_scheduled' retrieved from /home/airflow/.local/lib/python3.8/site-packages/airflow/example_dags/example_datasets.py
[2025-01-23T12:35:32.674+0000] {logging_mixin.py:188} INFO - [2025-01-23T12:35:32.674+0000] {dag.py:3036} INFO - Sync 6 DAGs
[2025-01-23T12:35:32.717+0000] {logging_mixin.py:188} INFO - [2025-01-23T12:35:32.716+0000] {dag.py:3823} INFO - Setting next_dagrun for dataset_consumes_1 to None, run_after=None
[2025-01-23T12:35:32.726+0000] {logging_mixin.py:188} INFO - [2025-01-23T12:35:32.725+0000] {dag.py:3823} INFO - Setting next_dagrun for dataset_consumes_1_and_2 to None, run_after=None
[2025-01-23T12:35:32.729+0000] {logging_mixin.py:188} INFO - [2025-01-23T12:35:32.729+0000] {dag.py:3823} INFO - Setting next_dagrun for dataset_consumes_1_never_scheduled to None, run_after=None
[2025-01-23T12:35:32.733+0000] {logging_mixin.py:188} INFO - [2025-01-23T12:35:32.732+0000] {dag.py:3823} INFO - Setting next_dagrun for dataset_consumes_unknown_never_scheduled to None, run_after=None
[2025-01-23T12:35:32.741+0000] {logging_mixin.py:188} INFO - [2025-01-23T12:35:32.740+0000] {dag.py:3823} INFO - Setting next_dagrun for dataset_produces_1 to 2025-01-22 00:00:00+00:00, run_after=2025-01-23 00:00:00+00:00
[2025-01-23T12:35:32.744+0000] {logging_mixin.py:188} INFO - [2025-01-23T12:35:32.744+0000] {dag.py:3823} INFO - Setting next_dagrun for dataset_produces_2 to None, run_after=None
[2025-01-23T12:35:32.822+0000] {processor.py:183} INFO - Processing /home/airflow/.local/lib/python3.8/site-packages/airflow/example_dags/example_datasets.py took 0.247 seconds
[2025-01-23T12:36:03.269+0000] {processor.py:161} INFO - Started process (PID=479) to work on /home/airflow/.local/lib/python3.8/site-packages/airflow/example_dags/example_datasets.py
[2025-01-23T12:36:03.270+0000] {processor.py:830} INFO - Processing file /home/airflow/.local/lib/python3.8/site-packages/airflow/example_dags/example_datasets.py for tasks to queue
[2025-01-23T12:36:03.273+0000] {logging_mixin.py:188} INFO - [2025-01-23T12:36:03.273+0000] {dagbag.py:538} INFO - Filling up the DagBag from /home/airflow/.local/lib/python3.8/site-packages/airflow/example_dags/example_datasets.py
[2025-01-23T12:36:03.288+0000] {processor.py:840} INFO - DAG(s) 'dataset_consumes_1', 'dataset_consumes_1_and_2', 'dataset_produces_2', 'dataset_produces_1', 'dataset_consumes_1_never_scheduled', 'dataset_consumes_unknown_never_scheduled' retrieved from /home/airflow/.local/lib/python3.8/site-packages/airflow/example_dags/example_datasets.py
[2025-01-23T12:36:03.355+0000] {logging_mixin.py:188} INFO - [2025-01-23T12:36:03.355+0000] {dag.py:3036} INFO - Sync 6 DAGs
[2025-01-23T12:36:03.398+0000] {logging_mixin.py:188} INFO - [2025-01-23T12:36:03.397+0000] {dag.py:3823} INFO - Setting next_dagrun for dataset_consumes_1 to None, run_after=None
[2025-01-23T12:36:03.405+0000] {logging_mixin.py:188} INFO - [2025-01-23T12:36:03.405+0000] {dag.py:3823} INFO - Setting next_dagrun for dataset_consumes_1_and_2 to None, run_after=None
[2025-01-23T12:36:03.408+0000] {logging_mixin.py:188} INFO - [2025-01-23T12:36:03.408+0000] {dag.py:3823} INFO - Setting next_dagrun for dataset_consumes_1_never_scheduled to None, run_after=None
[2025-01-23T12:36:03.411+0000] {logging_mixin.py:188} INFO - [2025-01-23T12:36:03.410+0000] {dag.py:3823} INFO - Setting next_dagrun for dataset_consumes_unknown_never_scheduled to None, run_after=None
[2025-01-23T12:36:03.417+0000] {logging_mixin.py:188} INFO - [2025-01-23T12:36:03.417+0000] {dag.py:3823} INFO - Setting next_dagrun for dataset_produces_1 to 2025-01-22 00:00:00+00:00, run_after=2025-01-23 00:00:00+00:00
[2025-01-23T12:36:03.420+0000] {logging_mixin.py:188} INFO - [2025-01-23T12:36:03.420+0000] {dag.py:3823} INFO - Setting next_dagrun for dataset_produces_2 to None, run_after=None
[2025-01-23T12:36:03.489+0000] {processor.py:183} INFO - Processing /home/airflow/.local/lib/python3.8/site-packages/airflow/example_dags/example_datasets.py took 0.225 seconds
[2025-01-23T12:36:33.643+0000] {processor.py:161} INFO - Started process (PID=536) to work on /home/airflow/.local/lib/python3.8/site-packages/airflow/example_dags/example_datasets.py
[2025-01-23T12:36:33.645+0000] {processor.py:830} INFO - Processing file /home/airflow/.local/lib/python3.8/site-packages/airflow/example_dags/example_datasets.py for tasks to queue
[2025-01-23T12:36:33.647+0000] {logging_mixin.py:188} INFO - [2025-01-23T12:36:33.646+0000] {dagbag.py:538} INFO - Filling up the DagBag from /home/airflow/.local/lib/python3.8/site-packages/airflow/example_dags/example_datasets.py
[2025-01-23T12:36:33.657+0000] {processor.py:840} INFO - DAG(s) 'dataset_consumes_1', 'dataset_produces_1', 'dataset_consumes_1_and_2', 'dataset_consumes_1_never_scheduled', 'dataset_produces_2', 'dataset_consumes_unknown_never_scheduled' retrieved from /home/airflow/.local/lib/python3.8/site-packages/airflow/example_dags/example_datasets.py
[2025-01-23T12:36:33.702+0000] {logging_mixin.py:188} INFO - [2025-01-23T12:36:33.702+0000] {dag.py:3036} INFO - Sync 6 DAGs
[2025-01-23T12:36:33.733+0000] {logging_mixin.py:188} INFO - [2025-01-23T12:36:33.732+0000] {dag.py:3823} INFO - Setting next_dagrun for dataset_consumes_1 to None, run_after=None
[2025-01-23T12:36:33.750+0000] {logging_mixin.py:188} INFO - [2025-01-23T12:36:33.749+0000] {dag.py:3823} INFO - Setting next_dagrun for dataset_consumes_1_and_2 to None, run_after=None
[2025-01-23T12:36:33.758+0000] {logging_mixin.py:188} INFO - [2025-01-23T12:36:33.756+0000] {dag.py:3823} INFO - Setting next_dagrun for dataset_consumes_1_never_scheduled to None, run_after=None
[2025-01-23T12:36:33.762+0000] {logging_mixin.py:188} INFO - [2025-01-23T12:36:33.762+0000] {dag.py:3823} INFO - Setting next_dagrun for dataset_consumes_unknown_never_scheduled to None, run_after=None
[2025-01-23T12:36:33.767+0000] {logging_mixin.py:188} INFO - [2025-01-23T12:36:33.767+0000] {dag.py:3823} INFO - Setting next_dagrun for dataset_produces_1 to 2025-01-22 00:00:00+00:00, run_after=2025-01-23 00:00:00+00:00
[2025-01-23T12:36:33.769+0000] {logging_mixin.py:188} INFO - [2025-01-23T12:36:33.769+0000] {dag.py:3823} INFO - Setting next_dagrun for dataset_produces_2 to None, run_after=None
[2025-01-23T12:36:33.808+0000] {processor.py:183} INFO - Processing /home/airflow/.local/lib/python3.8/site-packages/airflow/example_dags/example_datasets.py took 0.169 seconds
[2025-01-23T12:37:04.281+0000] {processor.py:161} INFO - Started process (PID=591) to work on /home/airflow/.local/lib/python3.8/site-packages/airflow/example_dags/example_datasets.py
[2025-01-23T12:37:04.283+0000] {processor.py:830} INFO - Processing file /home/airflow/.local/lib/python3.8/site-packages/airflow/example_dags/example_datasets.py for tasks to queue
[2025-01-23T12:37:04.285+0000] {logging_mixin.py:188} INFO - [2025-01-23T12:37:04.285+0000] {dagbag.py:538} INFO - Filling up the DagBag from /home/airflow/.local/lib/python3.8/site-packages/airflow/example_dags/example_datasets.py
[2025-01-23T12:37:04.296+0000] {processor.py:840} INFO - DAG(s) 'dataset_consumes_1_never_scheduled', 'dataset_consumes_1', 'dataset_consumes_unknown_never_scheduled', 'dataset_produces_2', 'dataset_produces_1', 'dataset_consumes_1_and_2' retrieved from /home/airflow/.local/lib/python3.8/site-packages/airflow/example_dags/example_datasets.py
[2025-01-23T12:37:04.357+0000] {logging_mixin.py:188} INFO - [2025-01-23T12:37:04.357+0000] {dag.py:3036} INFO - Sync 6 DAGs
[2025-01-23T12:37:04.393+0000] {logging_mixin.py:188} INFO - [2025-01-23T12:37:04.392+0000] {dag.py:3823} INFO - Setting next_dagrun for dataset_consumes_1 to None, run_after=None
[2025-01-23T12:37:04.400+0000] {logging_mixin.py:188} INFO - [2025-01-23T12:37:04.400+0000] {dag.py:3823} INFO - Setting next_dagrun for dataset_consumes_1_and_2 to None, run_after=None
[2025-01-23T12:37:04.403+0000] {logging_mixin.py:188} INFO - [2025-01-23T12:37:04.403+0000] {dag.py:3823} INFO - Setting next_dagrun for dataset_consumes_1_never_scheduled to None, run_after=None
[2025-01-23T12:37:04.406+0000] {logging_mixin.py:188} INFO - [2025-01-23T12:37:04.406+0000] {dag.py:3823} INFO - Setting next_dagrun for dataset_consumes_unknown_never_scheduled to None, run_after=None
[2025-01-23T12:37:04.412+0000] {logging_mixin.py:188} INFO - [2025-01-23T12:37:04.412+0000] {dag.py:3823} INFO - Setting next_dagrun for dataset_produces_1 to 2025-01-22 00:00:00+00:00, run_after=2025-01-23 00:00:00+00:00
[2025-01-23T12:37:04.414+0000] {logging_mixin.py:188} INFO - [2025-01-23T12:37:04.414+0000] {dag.py:3823} INFO - Setting next_dagrun for dataset_produces_2 to None, run_after=None
[2025-01-23T12:37:04.486+0000] {processor.py:183} INFO - Processing /home/airflow/.local/lib/python3.8/site-packages/airflow/example_dags/example_datasets.py took 0.209 seconds
