[2025-01-23T12:32:31.261+0000] {processor.py:161} INFO - Started process (PID=96) to work on /home/airflow/.local/lib/python3.8/site-packages/airflow/example_dags/example_params_trigger_ui.py
[2025-01-23T12:32:31.263+0000] {processor.py:830} INFO - Processing file /home/airflow/.local/lib/python3.8/site-packages/airflow/example_dags/example_params_trigger_ui.py for tasks to queue
[2025-01-23T12:32:31.267+0000] {logging_mixin.py:188} INFO - [2025-01-23T12:32:31.266+0000] {dagbag.py:538} INFO - Filling up the DagBag from /home/airflow/.local/lib/python3.8/site-packages/airflow/example_dags/example_params_trigger_ui.py
[2025-01-23T12:32:31.314+0000] {processor.py:840} INFO - DAG(s) 'example_params_trigger_ui' retrieved from /home/airflow/.local/lib/python3.8/site-packages/airflow/example_dags/example_params_trigger_ui.py
[2025-01-23T12:32:32.086+0000] {logging_mixin.py:188} INFO - [2025-01-23T12:32:32.084+0000] {override.py:1769} INFO - Created Permission View: can read on DAG:example_params_trigger_ui
[2025-01-23T12:32:32.136+0000] {logging_mixin.py:188} INFO - [2025-01-23T12:32:32.135+0000] {override.py:1769} INFO - Created Permission View: can edit on DAG:example_params_trigger_ui
[2025-01-23T12:32:32.158+0000] {logging_mixin.py:188} INFO - [2025-01-23T12:32:32.157+0000] {override.py:1769} INFO - Created Permission View: can delete on DAG:example_params_trigger_ui
[2025-01-23T12:32:32.160+0000] {logging_mixin.py:188} INFO - [2025-01-23T12:32:32.159+0000] {dag.py:3036} INFO - Sync 1 DAGs
[2025-01-23T12:32:32.195+0000] {logging_mixin.py:188} INFO - [2025-01-23T12:32:32.194+0000] {dag.py:3058} INFO - Creating ORM DAG for example_params_trigger_ui
[2025-01-23T12:32:32.198+0000] {logging_mixin.py:188} INFO - [2025-01-23T12:32:32.197+0000] {dag.py:3823} INFO - Setting next_dagrun for example_params_trigger_ui to None, run_after=None
[2025-01-23T12:32:32.250+0000] {processor.py:183} INFO - Processing /home/airflow/.local/lib/python3.8/site-packages/airflow/example_dags/example_params_trigger_ui.py took 0.996 seconds
[2025-01-23T12:33:02.538+0000] {processor.py:161} INFO - Started process (PID=152) to work on /home/airflow/.local/lib/python3.8/site-packages/airflow/example_dags/example_params_trigger_ui.py
[2025-01-23T12:33:02.540+0000] {processor.py:830} INFO - Processing file /home/airflow/.local/lib/python3.8/site-packages/airflow/example_dags/example_params_trigger_ui.py for tasks to queue
[2025-01-23T12:33:02.545+0000] {logging_mixin.py:188} INFO - [2025-01-23T12:33:02.543+0000] {dagbag.py:538} INFO - Filling up the DagBag from /home/airflow/.local/lib/python3.8/site-packages/airflow/example_dags/example_params_trigger_ui.py
[2025-01-23T12:33:02.572+0000] {processor.py:840} INFO - DAG(s) 'example_params_trigger_ui' retrieved from /home/airflow/.local/lib/python3.8/site-packages/airflow/example_dags/example_params_trigger_ui.py
[2025-01-23T12:33:02.720+0000] {logging_mixin.py:188} INFO - [2025-01-23T12:33:02.719+0000] {dag.py:3036} INFO - Sync 1 DAGs
[2025-01-23T12:33:02.742+0000] {logging_mixin.py:188} INFO - [2025-01-23T12:33:02.741+0000] {dag.py:3823} INFO - Setting next_dagrun for example_params_trigger_ui to None, run_after=None
[2025-01-23T12:33:02.783+0000] {processor.py:183} INFO - Processing /home/airflow/.local/lib/python3.8/site-packages/airflow/example_dags/example_params_trigger_ui.py took 0.251 seconds
[2025-01-23T12:33:32.841+0000] {processor.py:161} INFO - Started process (PID=209) to work on /home/airflow/.local/lib/python3.8/site-packages/airflow/example_dags/example_params_trigger_ui.py
[2025-01-23T12:33:32.842+0000] {processor.py:830} INFO - Processing file /home/airflow/.local/lib/python3.8/site-packages/airflow/example_dags/example_params_trigger_ui.py for tasks to queue
[2025-01-23T12:33:32.844+0000] {logging_mixin.py:188} INFO - [2025-01-23T12:33:32.844+0000] {dagbag.py:538} INFO - Filling up the DagBag from /home/airflow/.local/lib/python3.8/site-packages/airflow/example_dags/example_params_trigger_ui.py
[2025-01-23T12:33:32.862+0000] {processor.py:840} INFO - DAG(s) 'example_params_trigger_ui' retrieved from /home/airflow/.local/lib/python3.8/site-packages/airflow/example_dags/example_params_trigger_ui.py
[2025-01-23T12:33:32.953+0000] {logging_mixin.py:188} INFO - [2025-01-23T12:33:32.953+0000] {dag.py:3036} INFO - Sync 1 DAGs
[2025-01-23T12:33:32.970+0000] {logging_mixin.py:188} INFO - [2025-01-23T12:33:32.970+0000] {dag.py:3823} INFO - Setting next_dagrun for example_params_trigger_ui to None, run_after=None
[2025-01-23T12:33:32.997+0000] {processor.py:183} INFO - Processing /home/airflow/.local/lib/python3.8/site-packages/airflow/example_dags/example_params_trigger_ui.py took 0.160 seconds
[2025-01-23T12:34:03.311+0000] {processor.py:161} INFO - Started process (PID=264) to work on /home/airflow/.local/lib/python3.8/site-packages/airflow/example_dags/example_params_trigger_ui.py
[2025-01-23T12:34:03.312+0000] {processor.py:830} INFO - Processing file /home/airflow/.local/lib/python3.8/site-packages/airflow/example_dags/example_params_trigger_ui.py for tasks to queue
[2025-01-23T12:34:03.316+0000] {logging_mixin.py:188} INFO - [2025-01-23T12:34:03.316+0000] {dagbag.py:538} INFO - Filling up the DagBag from /home/airflow/.local/lib/python3.8/site-packages/airflow/example_dags/example_params_trigger_ui.py
[2025-01-23T12:34:03.336+0000] {processor.py:840} INFO - DAG(s) 'example_params_trigger_ui' retrieved from /home/airflow/.local/lib/python3.8/site-packages/airflow/example_dags/example_params_trigger_ui.py
[2025-01-23T12:34:03.438+0000] {logging_mixin.py:188} INFO - [2025-01-23T12:34:03.437+0000] {dag.py:3036} INFO - Sync 1 DAGs
[2025-01-23T12:34:03.457+0000] {logging_mixin.py:188} INFO - [2025-01-23T12:34:03.457+0000] {dag.py:3823} INFO - Setting next_dagrun for example_params_trigger_ui to None, run_after=None
[2025-01-23T12:34:03.494+0000] {processor.py:183} INFO - Processing /home/airflow/.local/lib/python3.8/site-packages/airflow/example_dags/example_params_trigger_ui.py took 0.188 seconds
[2025-01-23T12:34:33.620+0000] {processor.py:161} INFO - Started process (PID=320) to work on /home/airflow/.local/lib/python3.8/site-packages/airflow/example_dags/example_params_trigger_ui.py
[2025-01-23T12:34:33.621+0000] {processor.py:830} INFO - Processing file /home/airflow/.local/lib/python3.8/site-packages/airflow/example_dags/example_params_trigger_ui.py for tasks to queue
[2025-01-23T12:34:33.624+0000] {logging_mixin.py:188} INFO - [2025-01-23T12:34:33.624+0000] {dagbag.py:538} INFO - Filling up the DagBag from /home/airflow/.local/lib/python3.8/site-packages/airflow/example_dags/example_params_trigger_ui.py
[2025-01-23T12:34:33.640+0000] {processor.py:840} INFO - DAG(s) 'example_params_trigger_ui' retrieved from /home/airflow/.local/lib/python3.8/site-packages/airflow/example_dags/example_params_trigger_ui.py
[2025-01-23T12:34:33.736+0000] {logging_mixin.py:188} INFO - [2025-01-23T12:34:33.736+0000] {dag.py:3036} INFO - Sync 1 DAGs
[2025-01-23T12:34:33.757+0000] {logging_mixin.py:188} INFO - [2025-01-23T12:34:33.757+0000] {dag.py:3823} INFO - Setting next_dagrun for example_params_trigger_ui to None, run_after=None
[2025-01-23T12:34:33.791+0000] {processor.py:183} INFO - Processing /home/airflow/.local/lib/python3.8/site-packages/airflow/example_dags/example_params_trigger_ui.py took 0.175 seconds
[2025-01-23T12:35:03.886+0000] {processor.py:161} INFO - Started process (PID=376) to work on /home/airflow/.local/lib/python3.8/site-packages/airflow/example_dags/example_params_trigger_ui.py
[2025-01-23T12:35:03.887+0000] {processor.py:830} INFO - Processing file /home/airflow/.local/lib/python3.8/site-packages/airflow/example_dags/example_params_trigger_ui.py for tasks to queue
[2025-01-23T12:35:03.889+0000] {logging_mixin.py:188} INFO - [2025-01-23T12:35:03.889+0000] {dagbag.py:538} INFO - Filling up the DagBag from /home/airflow/.local/lib/python3.8/site-packages/airflow/example_dags/example_params_trigger_ui.py
[2025-01-23T12:35:03.906+0000] {processor.py:840} INFO - DAG(s) 'example_params_trigger_ui' retrieved from /home/airflow/.local/lib/python3.8/site-packages/airflow/example_dags/example_params_trigger_ui.py
[2025-01-23T12:35:03.984+0000] {logging_mixin.py:188} INFO - [2025-01-23T12:35:03.983+0000] {dag.py:3036} INFO - Sync 1 DAGs
[2025-01-23T12:35:04.001+0000] {logging_mixin.py:188} INFO - [2025-01-23T12:35:04.000+0000] {dag.py:3823} INFO - Setting next_dagrun for example_params_trigger_ui to None, run_after=None
[2025-01-23T12:35:04.028+0000] {processor.py:183} INFO - Processing /home/airflow/.local/lib/python3.8/site-packages/airflow/example_dags/example_params_trigger_ui.py took 0.146 seconds
[2025-01-23T12:35:34.337+0000] {processor.py:161} INFO - Started process (PID=432) to work on /home/airflow/.local/lib/python3.8/site-packages/airflow/example_dags/example_params_trigger_ui.py
[2025-01-23T12:35:34.339+0000] {processor.py:830} INFO - Processing file /home/airflow/.local/lib/python3.8/site-packages/airflow/example_dags/example_params_trigger_ui.py for tasks to queue
[2025-01-23T12:35:34.343+0000] {logging_mixin.py:188} INFO - [2025-01-23T12:35:34.342+0000] {dagbag.py:538} INFO - Filling up the DagBag from /home/airflow/.local/lib/python3.8/site-packages/airflow/example_dags/example_params_trigger_ui.py
[2025-01-23T12:35:34.369+0000] {processor.py:840} INFO - DAG(s) 'example_params_trigger_ui' retrieved from /home/airflow/.local/lib/python3.8/site-packages/airflow/example_dags/example_params_trigger_ui.py
[2025-01-23T12:35:34.504+0000] {logging_mixin.py:188} INFO - [2025-01-23T12:35:34.504+0000] {dag.py:3036} INFO - Sync 1 DAGs
[2025-01-23T12:35:34.538+0000] {logging_mixin.py:188} INFO - [2025-01-23T12:35:34.537+0000] {dag.py:3823} INFO - Setting next_dagrun for example_params_trigger_ui to None, run_after=None
[2025-01-23T12:35:34.630+0000] {processor.py:183} INFO - Processing /home/airflow/.local/lib/python3.8/site-packages/airflow/example_dags/example_params_trigger_ui.py took 0.299 seconds
[2025-01-23T12:36:04.894+0000] {processor.py:161} INFO - Started process (PID=488) to work on /home/airflow/.local/lib/python3.8/site-packages/airflow/example_dags/example_params_trigger_ui.py
[2025-01-23T12:36:04.895+0000] {processor.py:830} INFO - Processing file /home/airflow/.local/lib/python3.8/site-packages/airflow/example_dags/example_params_trigger_ui.py for tasks to queue
[2025-01-23T12:36:04.898+0000] {logging_mixin.py:188} INFO - [2025-01-23T12:36:04.897+0000] {dagbag.py:538} INFO - Filling up the DagBag from /home/airflow/.local/lib/python3.8/site-packages/airflow/example_dags/example_params_trigger_ui.py
[2025-01-23T12:36:04.915+0000] {processor.py:840} INFO - DAG(s) 'example_params_trigger_ui' retrieved from /home/airflow/.local/lib/python3.8/site-packages/airflow/example_dags/example_params_trigger_ui.py
[2025-01-23T12:36:04.998+0000] {logging_mixin.py:188} INFO - [2025-01-23T12:36:04.998+0000] {dag.py:3036} INFO - Sync 1 DAGs
[2025-01-23T12:36:05.015+0000] {logging_mixin.py:188} INFO - [2025-01-23T12:36:05.015+0000] {dag.py:3823} INFO - Setting next_dagrun for example_params_trigger_ui to None, run_after=None
[2025-01-23T12:36:05.045+0000] {processor.py:183} INFO - Processing /home/airflow/.local/lib/python3.8/site-packages/airflow/example_dags/example_params_trigger_ui.py took 0.156 seconds
[2025-01-23T12:36:35.269+0000] {processor.py:161} INFO - Started process (PID=544) to work on /home/airflow/.local/lib/python3.8/site-packages/airflow/example_dags/example_params_trigger_ui.py
[2025-01-23T12:36:35.271+0000] {processor.py:830} INFO - Processing file /home/airflow/.local/lib/python3.8/site-packages/airflow/example_dags/example_params_trigger_ui.py for tasks to queue
[2025-01-23T12:36:35.273+0000] {logging_mixin.py:188} INFO - [2025-01-23T12:36:35.273+0000] {dagbag.py:538} INFO - Filling up the DagBag from /home/airflow/.local/lib/python3.8/site-packages/airflow/example_dags/example_params_trigger_ui.py
[2025-01-23T12:36:35.292+0000] {processor.py:840} INFO - DAG(s) 'example_params_trigger_ui' retrieved from /home/airflow/.local/lib/python3.8/site-packages/airflow/example_dags/example_params_trigger_ui.py
[2025-01-23T12:36:35.368+0000] {logging_mixin.py:188} INFO - [2025-01-23T12:36:35.368+0000] {dag.py:3036} INFO - Sync 1 DAGs
[2025-01-23T12:36:35.383+0000] {logging_mixin.py:188} INFO - [2025-01-23T12:36:35.382+0000] {dag.py:3823} INFO - Setting next_dagrun for example_params_trigger_ui to None, run_after=None
[2025-01-23T12:36:35.410+0000] {processor.py:183} INFO - Processing /home/airflow/.local/lib/python3.8/site-packages/airflow/example_dags/example_params_trigger_ui.py took 0.147 seconds
[2025-01-23T12:37:05.914+0000] {processor.py:161} INFO - Started process (PID=600) to work on /home/airflow/.local/lib/python3.8/site-packages/airflow/example_dags/example_params_trigger_ui.py
[2025-01-23T12:37:05.916+0000] {processor.py:830} INFO - Processing file /home/airflow/.local/lib/python3.8/site-packages/airflow/example_dags/example_params_trigger_ui.py for tasks to queue
[2025-01-23T12:37:05.918+0000] {logging_mixin.py:188} INFO - [2025-01-23T12:37:05.917+0000] {dagbag.py:538} INFO - Filling up the DagBag from /home/airflow/.local/lib/python3.8/site-packages/airflow/example_dags/example_params_trigger_ui.py
[2025-01-23T12:37:05.934+0000] {processor.py:840} INFO - DAG(s) 'example_params_trigger_ui' retrieved from /home/airflow/.local/lib/python3.8/site-packages/airflow/example_dags/example_params_trigger_ui.py
[2025-01-23T12:37:06.006+0000] {logging_mixin.py:188} INFO - [2025-01-23T12:37:06.006+0000] {dag.py:3036} INFO - Sync 1 DAGs
[2025-01-23T12:37:06.020+0000] {logging_mixin.py:188} INFO - [2025-01-23T12:37:06.020+0000] {dag.py:3823} INFO - Setting next_dagrun for example_params_trigger_ui to None, run_after=None
[2025-01-23T12:37:06.045+0000] {processor.py:183} INFO - Processing /home/airflow/.local/lib/python3.8/site-packages/airflow/example_dags/example_params_trigger_ui.py took 0.134 seconds
