[2025-01-23T12:32:32.860+0000] {processor.py:161} INFO - Started process (PID=100) to work on /home/airflow/.local/lib/python3.8/site-packages/airflow/example_dags/example_task_group_decorator.py
[2025-01-23T12:32:32.862+0000] {processor.py:830} INFO - Processing file /home/airflow/.local/lib/python3.8/site-packages/airflow/example_dags/example_task_group_decorator.py for tasks to queue
[2025-01-23T12:32:32.866+0000] {logging_mixin.py:188} INFO - [2025-01-23T12:32:32.866+0000] {dagbag.py:538} INFO - Filling up the DagBag from /home/airflow/.local/lib/python3.8/site-packages/airflow/example_dags/example_task_group_decorator.py
[2025-01-23T12:32:32.902+0000] {processor.py:840} INFO - DAG(s) 'example_task_group_decorator' retrieved from /home/airflow/.local/lib/python3.8/site-packages/airflow/example_dags/example_task_group_decorator.py
[2025-01-23T12:32:33.137+0000] {logging_mixin.py:188} INFO - [2025-01-23T12:32:33.135+0000] {override.py:1769} INFO - Created Permission View: can read on DAG:example_task_group_decorator
[2025-01-23T12:32:33.160+0000] {logging_mixin.py:188} INFO - [2025-01-23T12:32:33.160+0000] {override.py:1769} INFO - Created Permission View: can edit on DAG:example_task_group_decorator
[2025-01-23T12:32:33.179+0000] {logging_mixin.py:188} INFO - [2025-01-23T12:32:33.178+0000] {override.py:1769} INFO - Created Permission View: can delete on DAG:example_task_group_decorator
[2025-01-23T12:32:33.180+0000] {logging_mixin.py:188} INFO - [2025-01-23T12:32:33.180+0000] {dag.py:3036} INFO - Sync 1 DAGs
[2025-01-23T12:32:33.202+0000] {logging_mixin.py:188} INFO - [2025-01-23T12:32:33.201+0000] {dag.py:3058} INFO - Creating ORM DAG for example_task_group_decorator
[2025-01-23T12:32:33.219+0000] {logging_mixin.py:188} INFO - [2025-01-23T12:32:33.219+0000] {dag.py:3823} INFO - Setting next_dagrun for example_task_group_decorator to 2025-01-22 00:00:00+00:00, run_after=2025-01-23 00:00:00+00:00
[2025-01-23T12:32:33.257+0000] {processor.py:183} INFO - Processing /home/airflow/.local/lib/python3.8/site-packages/airflow/example_dags/example_task_group_decorator.py took 0.403 seconds
[2025-01-23T12:33:04.040+0000] {processor.py:161} INFO - Started process (PID=156) to work on /home/airflow/.local/lib/python3.8/site-packages/airflow/example_dags/example_task_group_decorator.py
[2025-01-23T12:33:04.042+0000] {processor.py:830} INFO - Processing file /home/airflow/.local/lib/python3.8/site-packages/airflow/example_dags/example_task_group_decorator.py for tasks to queue
[2025-01-23T12:33:04.046+0000] {logging_mixin.py:188} INFO - [2025-01-23T12:33:04.045+0000] {dagbag.py:538} INFO - Filling up the DagBag from /home/airflow/.local/lib/python3.8/site-packages/airflow/example_dags/example_task_group_decorator.py
[2025-01-23T12:33:04.086+0000] {processor.py:840} INFO - DAG(s) 'example_task_group_decorator' retrieved from /home/airflow/.local/lib/python3.8/site-packages/airflow/example_dags/example_task_group_decorator.py
[2025-01-23T12:33:04.132+0000] {logging_mixin.py:188} INFO - [2025-01-23T12:33:04.132+0000] {dag.py:3036} INFO - Sync 1 DAGs
[2025-01-23T12:33:04.169+0000] {logging_mixin.py:188} INFO - [2025-01-23T12:33:04.169+0000] {dag.py:3823} INFO - Setting next_dagrun for example_task_group_decorator to 2025-01-22 00:00:00+00:00, run_after=2025-01-23 00:00:00+00:00
[2025-01-23T12:33:04.204+0000] {processor.py:183} INFO - Processing /home/airflow/.local/lib/python3.8/site-packages/airflow/example_dags/example_task_group_decorator.py took 0.171 seconds
[2025-01-23T12:33:34.487+0000] {processor.py:161} INFO - Started process (PID=212) to work on /home/airflow/.local/lib/python3.8/site-packages/airflow/example_dags/example_task_group_decorator.py
[2025-01-23T12:33:34.489+0000] {processor.py:830} INFO - Processing file /home/airflow/.local/lib/python3.8/site-packages/airflow/example_dags/example_task_group_decorator.py for tasks to queue
[2025-01-23T12:33:34.491+0000] {logging_mixin.py:188} INFO - [2025-01-23T12:33:34.490+0000] {dagbag.py:538} INFO - Filling up the DagBag from /home/airflow/.local/lib/python3.8/site-packages/airflow/example_dags/example_task_group_decorator.py
[2025-01-23T12:33:34.510+0000] {processor.py:840} INFO - DAG(s) 'example_task_group_decorator' retrieved from /home/airflow/.local/lib/python3.8/site-packages/airflow/example_dags/example_task_group_decorator.py
[2025-01-23T12:33:34.545+0000] {logging_mixin.py:188} INFO - [2025-01-23T12:33:34.544+0000] {dag.py:3036} INFO - Sync 1 DAGs
[2025-01-23T12:33:34.572+0000] {logging_mixin.py:188} INFO - [2025-01-23T12:33:34.572+0000] {dag.py:3823} INFO - Setting next_dagrun for example_task_group_decorator to 2025-01-22 00:00:00+00:00, run_after=2025-01-23 00:00:00+00:00
[2025-01-23T12:33:34.598+0000] {processor.py:183} INFO - Processing /home/airflow/.local/lib/python3.8/site-packages/airflow/example_dags/example_task_group_decorator.py took 0.115 seconds
[2025-01-23T12:34:04.767+0000] {processor.py:161} INFO - Started process (PID=269) to work on /home/airflow/.local/lib/python3.8/site-packages/airflow/example_dags/example_task_group_decorator.py
[2025-01-23T12:34:04.769+0000] {processor.py:830} INFO - Processing file /home/airflow/.local/lib/python3.8/site-packages/airflow/example_dags/example_task_group_decorator.py for tasks to queue
[2025-01-23T12:34:04.772+0000] {logging_mixin.py:188} INFO - [2025-01-23T12:34:04.771+0000] {dagbag.py:538} INFO - Filling up the DagBag from /home/airflow/.local/lib/python3.8/site-packages/airflow/example_dags/example_task_group_decorator.py
[2025-01-23T12:34:04.794+0000] {processor.py:840} INFO - DAG(s) 'example_task_group_decorator' retrieved from /home/airflow/.local/lib/python3.8/site-packages/airflow/example_dags/example_task_group_decorator.py
[2025-01-23T12:34:04.831+0000] {logging_mixin.py:188} INFO - [2025-01-23T12:34:04.831+0000] {dag.py:3036} INFO - Sync 1 DAGs
[2025-01-23T12:34:04.869+0000] {logging_mixin.py:188} INFO - [2025-01-23T12:34:04.869+0000] {dag.py:3823} INFO - Setting next_dagrun for example_task_group_decorator to 2025-01-22 00:00:00+00:00, run_after=2025-01-23 00:00:00+00:00
[2025-01-23T12:34:04.918+0000] {processor.py:183} INFO - Processing /home/airflow/.local/lib/python3.8/site-packages/airflow/example_dags/example_task_group_decorator.py took 0.156 seconds
[2025-01-23T12:34:34.972+0000] {processor.py:161} INFO - Started process (PID=324) to work on /home/airflow/.local/lib/python3.8/site-packages/airflow/example_dags/example_task_group_decorator.py
[2025-01-23T12:34:34.973+0000] {processor.py:830} INFO - Processing file /home/airflow/.local/lib/python3.8/site-packages/airflow/example_dags/example_task_group_decorator.py for tasks to queue
[2025-01-23T12:34:34.976+0000] {logging_mixin.py:188} INFO - [2025-01-23T12:34:34.975+0000] {dagbag.py:538} INFO - Filling up the DagBag from /home/airflow/.local/lib/python3.8/site-packages/airflow/example_dags/example_task_group_decorator.py
[2025-01-23T12:34:35.000+0000] {processor.py:840} INFO - DAG(s) 'example_task_group_decorator' retrieved from /home/airflow/.local/lib/python3.8/site-packages/airflow/example_dags/example_task_group_decorator.py
[2025-01-23T12:34:35.035+0000] {logging_mixin.py:188} INFO - [2025-01-23T12:34:35.034+0000] {dag.py:3036} INFO - Sync 1 DAGs
[2025-01-23T12:34:35.064+0000] {logging_mixin.py:188} INFO - [2025-01-23T12:34:35.064+0000] {dag.py:3823} INFO - Setting next_dagrun for example_task_group_decorator to 2025-01-22 00:00:00+00:00, run_after=2025-01-23 00:00:00+00:00
[2025-01-23T12:34:35.093+0000] {processor.py:183} INFO - Processing /home/airflow/.local/lib/python3.8/site-packages/airflow/example_dags/example_task_group_decorator.py took 0.125 seconds
[2025-01-23T12:35:05.216+0000] {processor.py:161} INFO - Started process (PID=380) to work on /home/airflow/.local/lib/python3.8/site-packages/airflow/example_dags/example_task_group_decorator.py
[2025-01-23T12:35:05.217+0000] {processor.py:830} INFO - Processing file /home/airflow/.local/lib/python3.8/site-packages/airflow/example_dags/example_task_group_decorator.py for tasks to queue
[2025-01-23T12:35:05.219+0000] {logging_mixin.py:188} INFO - [2025-01-23T12:35:05.219+0000] {dagbag.py:538} INFO - Filling up the DagBag from /home/airflow/.local/lib/python3.8/site-packages/airflow/example_dags/example_task_group_decorator.py
[2025-01-23T12:35:05.239+0000] {processor.py:840} INFO - DAG(s) 'example_task_group_decorator' retrieved from /home/airflow/.local/lib/python3.8/site-packages/airflow/example_dags/example_task_group_decorator.py
[2025-01-23T12:35:05.277+0000] {logging_mixin.py:188} INFO - [2025-01-23T12:35:05.276+0000] {dag.py:3036} INFO - Sync 1 DAGs
[2025-01-23T12:35:05.308+0000] {logging_mixin.py:188} INFO - [2025-01-23T12:35:05.308+0000] {dag.py:3823} INFO - Setting next_dagrun for example_task_group_decorator to 2025-01-22 00:00:00+00:00, run_after=2025-01-23 00:00:00+00:00
[2025-01-23T12:35:05.335+0000] {processor.py:183} INFO - Processing /home/airflow/.local/lib/python3.8/site-packages/airflow/example_dags/example_task_group_decorator.py took 0.124 seconds
[2025-01-23T12:35:35.886+0000] {processor.py:161} INFO - Started process (PID=436) to work on /home/airflow/.local/lib/python3.8/site-packages/airflow/example_dags/example_task_group_decorator.py
[2025-01-23T12:35:35.888+0000] {processor.py:830} INFO - Processing file /home/airflow/.local/lib/python3.8/site-packages/airflow/example_dags/example_task_group_decorator.py for tasks to queue
[2025-01-23T12:35:35.892+0000] {logging_mixin.py:188} INFO - [2025-01-23T12:35:35.892+0000] {dagbag.py:538} INFO - Filling up the DagBag from /home/airflow/.local/lib/python3.8/site-packages/airflow/example_dags/example_task_group_decorator.py
[2025-01-23T12:35:35.925+0000] {processor.py:840} INFO - DAG(s) 'example_task_group_decorator' retrieved from /home/airflow/.local/lib/python3.8/site-packages/airflow/example_dags/example_task_group_decorator.py
[2025-01-23T12:35:35.973+0000] {logging_mixin.py:188} INFO - [2025-01-23T12:35:35.972+0000] {dag.py:3036} INFO - Sync 1 DAGs
[2025-01-23T12:35:36.012+0000] {logging_mixin.py:188} INFO - [2025-01-23T12:35:36.012+0000] {dag.py:3823} INFO - Setting next_dagrun for example_task_group_decorator to 2025-01-22 00:00:00+00:00, run_after=2025-01-23 00:00:00+00:00
[2025-01-23T12:35:36.061+0000] {processor.py:183} INFO - Processing /home/airflow/.local/lib/python3.8/site-packages/airflow/example_dags/example_task_group_decorator.py took 0.181 seconds
[2025-01-23T12:36:06.230+0000] {processor.py:161} INFO - Started process (PID=492) to work on /home/airflow/.local/lib/python3.8/site-packages/airflow/example_dags/example_task_group_decorator.py
[2025-01-23T12:36:06.231+0000] {processor.py:830} INFO - Processing file /home/airflow/.local/lib/python3.8/site-packages/airflow/example_dags/example_task_group_decorator.py for tasks to queue
[2025-01-23T12:36:06.234+0000] {logging_mixin.py:188} INFO - [2025-01-23T12:36:06.234+0000] {dagbag.py:538} INFO - Filling up the DagBag from /home/airflow/.local/lib/python3.8/site-packages/airflow/example_dags/example_task_group_decorator.py
[2025-01-23T12:36:06.254+0000] {processor.py:840} INFO - DAG(s) 'example_task_group_decorator' retrieved from /home/airflow/.local/lib/python3.8/site-packages/airflow/example_dags/example_task_group_decorator.py
[2025-01-23T12:36:06.303+0000] {logging_mixin.py:188} INFO - [2025-01-23T12:36:06.303+0000] {dag.py:3036} INFO - Sync 1 DAGs
[2025-01-23T12:36:06.337+0000] {logging_mixin.py:188} INFO - [2025-01-23T12:36:06.337+0000] {dag.py:3823} INFO - Setting next_dagrun for example_task_group_decorator to 2025-01-22 00:00:00+00:00, run_after=2025-01-23 00:00:00+00:00
[2025-01-23T12:36:06.365+0000] {processor.py:183} INFO - Processing /home/airflow/.local/lib/python3.8/site-packages/airflow/example_dags/example_task_group_decorator.py took 0.140 seconds
[2025-01-23T12:36:36.616+0000] {processor.py:161} INFO - Started process (PID=548) to work on /home/airflow/.local/lib/python3.8/site-packages/airflow/example_dags/example_task_group_decorator.py
[2025-01-23T12:36:36.617+0000] {processor.py:830} INFO - Processing file /home/airflow/.local/lib/python3.8/site-packages/airflow/example_dags/example_task_group_decorator.py for tasks to queue
[2025-01-23T12:36:36.620+0000] {logging_mixin.py:188} INFO - [2025-01-23T12:36:36.619+0000] {dagbag.py:538} INFO - Filling up the DagBag from /home/airflow/.local/lib/python3.8/site-packages/airflow/example_dags/example_task_group_decorator.py
[2025-01-23T12:36:36.645+0000] {processor.py:840} INFO - DAG(s) 'example_task_group_decorator' retrieved from /home/airflow/.local/lib/python3.8/site-packages/airflow/example_dags/example_task_group_decorator.py
[2025-01-23T12:36:36.680+0000] {logging_mixin.py:188} INFO - [2025-01-23T12:36:36.680+0000] {dag.py:3036} INFO - Sync 1 DAGs
[2025-01-23T12:36:36.709+0000] {logging_mixin.py:188} INFO - [2025-01-23T12:36:36.709+0000] {dag.py:3823} INFO - Setting next_dagrun for example_task_group_decorator to 2025-01-22 00:00:00+00:00, run_after=2025-01-23 00:00:00+00:00
[2025-01-23T12:36:36.732+0000] {processor.py:183} INFO - Processing /home/airflow/.local/lib/python3.8/site-packages/airflow/example_dags/example_task_group_decorator.py took 0.121 seconds
[2025-01-23T12:37:07.315+0000] {processor.py:161} INFO - Started process (PID=604) to work on /home/airflow/.local/lib/python3.8/site-packages/airflow/example_dags/example_task_group_decorator.py
[2025-01-23T12:37:07.316+0000] {processor.py:830} INFO - Processing file /home/airflow/.local/lib/python3.8/site-packages/airflow/example_dags/example_task_group_decorator.py for tasks to queue
[2025-01-23T12:37:07.319+0000] {logging_mixin.py:188} INFO - [2025-01-23T12:37:07.318+0000] {dagbag.py:538} INFO - Filling up the DagBag from /home/airflow/.local/lib/python3.8/site-packages/airflow/example_dags/example_task_group_decorator.py
[2025-01-23T12:37:07.345+0000] {processor.py:840} INFO - DAG(s) 'example_task_group_decorator' retrieved from /home/airflow/.local/lib/python3.8/site-packages/airflow/example_dags/example_task_group_decorator.py
[2025-01-23T12:37:07.381+0000] {logging_mixin.py:188} INFO - [2025-01-23T12:37:07.381+0000] {dag.py:3036} INFO - Sync 1 DAGs
[2025-01-23T12:37:07.418+0000] {logging_mixin.py:188} INFO - [2025-01-23T12:37:07.417+0000] {dag.py:3823} INFO - Setting next_dagrun for example_task_group_decorator to 2025-01-22 00:00:00+00:00, run_after=2025-01-23 00:00:00+00:00
[2025-01-23T12:37:07.476+0000] {processor.py:183} INFO - Processing /home/airflow/.local/lib/python3.8/site-packages/airflow/example_dags/example_task_group_decorator.py took 0.167 seconds
[2025-01-23T12:37:37.819+0000] {processor.py:161} INFO - Started process (PID=660) to work on /home/airflow/.local/lib/python3.8/site-packages/airflow/example_dags/example_task_group_decorator.py
[2025-01-23T12:37:37.821+0000] {processor.py:830} INFO - Processing file /home/airflow/.local/lib/python3.8/site-packages/airflow/example_dags/example_task_group_decorator.py for tasks to queue
[2025-01-23T12:37:37.824+0000] {logging_mixin.py:188} INFO - [2025-01-23T12:37:37.823+0000] {dagbag.py:538} INFO - Filling up the DagBag from /home/airflow/.local/lib/python3.8/site-packages/airflow/example_dags/example_task_group_decorator.py
[2025-01-23T12:37:37.843+0000] {processor.py:840} INFO - DAG(s) 'example_task_group_decorator' retrieved from /home/airflow/.local/lib/python3.8/site-packages/airflow/example_dags/example_task_group_decorator.py
[2025-01-23T12:37:37.880+0000] {logging_mixin.py:188} INFO - [2025-01-23T12:37:37.880+0000] {dag.py:3036} INFO - Sync 1 DAGs
[2025-01-23T12:37:37.914+0000] {logging_mixin.py:188} INFO - [2025-01-23T12:37:37.914+0000] {dag.py:3823} INFO - Setting next_dagrun for example_task_group_decorator to 2025-01-22 00:00:00+00:00, run_after=2025-01-23 00:00:00+00:00
[2025-01-23T12:37:37.941+0000] {processor.py:183} INFO - Processing /home/airflow/.local/lib/python3.8/site-packages/airflow/example_dags/example_task_group_decorator.py took 0.125 seconds
[2025-01-23T12:38:08.158+0000] {processor.py:161} INFO - Started process (PID=716) to work on /home/airflow/.local/lib/python3.8/site-packages/airflow/example_dags/example_task_group_decorator.py
[2025-01-23T12:38:08.160+0000] {processor.py:830} INFO - Processing file /home/airflow/.local/lib/python3.8/site-packages/airflow/example_dags/example_task_group_decorator.py for tasks to queue
[2025-01-23T12:38:08.164+0000] {logging_mixin.py:188} INFO - [2025-01-23T12:38:08.163+0000] {dagbag.py:538} INFO - Filling up the DagBag from /home/airflow/.local/lib/python3.8/site-packages/airflow/example_dags/example_task_group_decorator.py
[2025-01-23T12:38:08.199+0000] {processor.py:840} INFO - DAG(s) 'example_task_group_decorator' retrieved from /home/airflow/.local/lib/python3.8/site-packages/airflow/example_dags/example_task_group_decorator.py
[2025-01-23T12:38:08.247+0000] {logging_mixin.py:188} INFO - [2025-01-23T12:38:08.247+0000] {dag.py:3036} INFO - Sync 1 DAGs
[2025-01-23T12:38:08.277+0000] {logging_mixin.py:188} INFO - [2025-01-23T12:38:08.277+0000] {dag.py:3823} INFO - Setting next_dagrun for example_task_group_decorator to 2025-01-22 00:00:00+00:00, run_after=2025-01-23 00:00:00+00:00
[2025-01-23T12:38:08.301+0000] {processor.py:183} INFO - Processing /home/airflow/.local/lib/python3.8/site-packages/airflow/example_dags/example_task_group_decorator.py took 0.149 seconds
