[2025-01-23T12:32:30.908+0000] {processor.py:161} INFO - Started process (PID=95) to work on /home/airflow/.local/lib/python3.8/site-packages/airflow/example_dags/example_bash_operator.py
[2025-01-23T12:32:30.910+0000] {processor.py:830} INFO - Processing file /home/airflow/.local/lib/python3.8/site-packages/airflow/example_dags/example_bash_operator.py for tasks to queue
[2025-01-23T12:32:30.914+0000] {logging_mixin.py:188} INFO - [2025-01-23T12:32:30.913+0000] {dagbag.py:538} INFO - Filling up the DagBag from /home/airflow/.local/lib/python3.8/site-packages/airflow/example_dags/example_bash_operator.py
[2025-01-23T12:32:30.945+0000] {processor.py:840} INFO - DAG(s) 'example_bash_operator' retrieved from /home/airflow/.local/lib/python3.8/site-packages/airflow/example_dags/example_bash_operator.py
[2025-01-23T12:32:31.189+0000] {logging_mixin.py:188} INFO - [2025-01-23T12:32:31.188+0000] {override.py:1769} INFO - Created Permission View: can read on DAG:example_bash_operator
[2025-01-23T12:32:31.211+0000] {logging_mixin.py:188} INFO - [2025-01-23T12:32:31.210+0000] {override.py:1769} INFO - Created Permission View: can edit on DAG:example_bash_operator
[2025-01-23T12:32:31.233+0000] {logging_mixin.py:188} INFO - [2025-01-23T12:32:31.232+0000] {override.py:1769} INFO - Created Permission View: can delete on DAG:example_bash_operator
[2025-01-23T12:32:31.235+0000] {logging_mixin.py:188} INFO - [2025-01-23T12:32:31.235+0000] {dag.py:3036} INFO - Sync 1 DAGs
[2025-01-23T12:32:31.265+0000] {logging_mixin.py:188} INFO - [2025-01-23T12:32:31.264+0000] {dag.py:3058} INFO - Creating ORM DAG for example_bash_operator
[2025-01-23T12:32:31.295+0000] {logging_mixin.py:188} INFO - [2025-01-23T12:32:31.294+0000] {dag.py:3823} INFO - Setting next_dagrun for example_bash_operator to 2025-01-22 00:00:00+00:00, run_after=2025-01-23 00:00:00+00:00
[2025-01-23T12:32:31.350+0000] {processor.py:183} INFO - Processing /home/airflow/.local/lib/python3.8/site-packages/airflow/example_dags/example_bash_operator.py took 0.449 seconds
[2025-01-23T12:33:01.528+0000] {processor.py:161} INFO - Started process (PID=151) to work on /home/airflow/.local/lib/python3.8/site-packages/airflow/example_dags/example_bash_operator.py
[2025-01-23T12:33:01.530+0000] {processor.py:830} INFO - Processing file /home/airflow/.local/lib/python3.8/site-packages/airflow/example_dags/example_bash_operator.py for tasks to queue
[2025-01-23T12:33:01.535+0000] {logging_mixin.py:188} INFO - [2025-01-23T12:33:01.534+0000] {dagbag.py:538} INFO - Filling up the DagBag from /home/airflow/.local/lib/python3.8/site-packages/airflow/example_dags/example_bash_operator.py
[2025-01-23T12:33:01.572+0000] {processor.py:840} INFO - DAG(s) 'example_bash_operator' retrieved from /home/airflow/.local/lib/python3.8/site-packages/airflow/example_dags/example_bash_operator.py
[2025-01-23T12:33:01.680+0000] {logging_mixin.py:188} INFO - [2025-01-23T12:33:01.679+0000] {dag.py:3036} INFO - Sync 1 DAGs
[2025-01-23T12:33:01.758+0000] {logging_mixin.py:188} INFO - [2025-01-23T12:33:01.757+0000] {dag.py:3823} INFO - Setting next_dagrun for example_bash_operator to 2025-01-22 00:00:00+00:00, run_after=2025-01-23 00:00:00+00:00
[2025-01-23T12:33:01.819+0000] {processor.py:183} INFO - Processing /home/airflow/.local/lib/python3.8/site-packages/airflow/example_dags/example_bash_operator.py took 0.299 seconds
[2025-01-23T12:33:32.552+0000] {processor.py:161} INFO - Started process (PID=207) to work on /home/airflow/.local/lib/python3.8/site-packages/airflow/example_dags/example_bash_operator.py
[2025-01-23T12:33:32.553+0000] {processor.py:830} INFO - Processing file /home/airflow/.local/lib/python3.8/site-packages/airflow/example_dags/example_bash_operator.py for tasks to queue
[2025-01-23T12:33:32.555+0000] {logging_mixin.py:188} INFO - [2025-01-23T12:33:32.555+0000] {dagbag.py:538} INFO - Filling up the DagBag from /home/airflow/.local/lib/python3.8/site-packages/airflow/example_dags/example_bash_operator.py
[2025-01-23T12:33:32.570+0000] {processor.py:840} INFO - DAG(s) 'example_bash_operator' retrieved from /home/airflow/.local/lib/python3.8/site-packages/airflow/example_dags/example_bash_operator.py
[2025-01-23T12:33:32.610+0000] {logging_mixin.py:188} INFO - [2025-01-23T12:33:32.610+0000] {dag.py:3036} INFO - Sync 1 DAGs
[2025-01-23T12:33:32.645+0000] {logging_mixin.py:188} INFO - [2025-01-23T12:33:32.645+0000] {dag.py:3823} INFO - Setting next_dagrun for example_bash_operator to 2025-01-22 00:00:00+00:00, run_after=2025-01-23 00:00:00+00:00
[2025-01-23T12:33:32.670+0000] {processor.py:183} INFO - Processing /home/airflow/.local/lib/python3.8/site-packages/airflow/example_dags/example_bash_operator.py took 0.122 seconds
[2025-01-23T12:34:03.311+0000] {processor.py:161} INFO - Started process (PID=263) to work on /home/airflow/.local/lib/python3.8/site-packages/airflow/example_dags/example_bash_operator.py
[2025-01-23T12:34:03.313+0000] {processor.py:830} INFO - Processing file /home/airflow/.local/lib/python3.8/site-packages/airflow/example_dags/example_bash_operator.py for tasks to queue
[2025-01-23T12:34:03.317+0000] {logging_mixin.py:188} INFO - [2025-01-23T12:34:03.317+0000] {dagbag.py:538} INFO - Filling up the DagBag from /home/airflow/.local/lib/python3.8/site-packages/airflow/example_dags/example_bash_operator.py
[2025-01-23T12:34:03.337+0000] {processor.py:840} INFO - DAG(s) 'example_bash_operator' retrieved from /home/airflow/.local/lib/python3.8/site-packages/airflow/example_dags/example_bash_operator.py
[2025-01-23T12:34:03.387+0000] {logging_mixin.py:188} INFO - [2025-01-23T12:34:03.386+0000] {dag.py:3036} INFO - Sync 1 DAGs
[2025-01-23T12:34:03.427+0000] {logging_mixin.py:188} INFO - [2025-01-23T12:34:03.426+0000] {dag.py:3823} INFO - Setting next_dagrun for example_bash_operator to 2025-01-22 00:00:00+00:00, run_after=2025-01-23 00:00:00+00:00
[2025-01-23T12:34:03.463+0000] {processor.py:183} INFO - Processing /home/airflow/.local/lib/python3.8/site-packages/airflow/example_dags/example_bash_operator.py took 0.157 seconds
[2025-01-23T12:34:33.617+0000] {processor.py:161} INFO - Started process (PID=319) to work on /home/airflow/.local/lib/python3.8/site-packages/airflow/example_dags/example_bash_operator.py
[2025-01-23T12:34:33.618+0000] {processor.py:830} INFO - Processing file /home/airflow/.local/lib/python3.8/site-packages/airflow/example_dags/example_bash_operator.py for tasks to queue
[2025-01-23T12:34:33.621+0000] {logging_mixin.py:188} INFO - [2025-01-23T12:34:33.621+0000] {dagbag.py:538} INFO - Filling up the DagBag from /home/airflow/.local/lib/python3.8/site-packages/airflow/example_dags/example_bash_operator.py
[2025-01-23T12:34:33.636+0000] {processor.py:840} INFO - DAG(s) 'example_bash_operator' retrieved from /home/airflow/.local/lib/python3.8/site-packages/airflow/example_dags/example_bash_operator.py
[2025-01-23T12:34:33.686+0000] {logging_mixin.py:188} INFO - [2025-01-23T12:34:33.685+0000] {dag.py:3036} INFO - Sync 1 DAGs
[2025-01-23T12:34:33.725+0000] {logging_mixin.py:188} INFO - [2025-01-23T12:34:33.725+0000] {dag.py:3823} INFO - Setting next_dagrun for example_bash_operator to 2025-01-22 00:00:00+00:00, run_after=2025-01-23 00:00:00+00:00
[2025-01-23T12:34:33.757+0000] {processor.py:183} INFO - Processing /home/airflow/.local/lib/python3.8/site-packages/airflow/example_dags/example_bash_operator.py took 0.144 seconds
[2025-01-23T12:35:03.883+0000] {processor.py:161} INFO - Started process (PID=375) to work on /home/airflow/.local/lib/python3.8/site-packages/airflow/example_dags/example_bash_operator.py
[2025-01-23T12:35:03.885+0000] {processor.py:830} INFO - Processing file /home/airflow/.local/lib/python3.8/site-packages/airflow/example_dags/example_bash_operator.py for tasks to queue
[2025-01-23T12:35:03.887+0000] {logging_mixin.py:188} INFO - [2025-01-23T12:35:03.887+0000] {dagbag.py:538} INFO - Filling up the DagBag from /home/airflow/.local/lib/python3.8/site-packages/airflow/example_dags/example_bash_operator.py
[2025-01-23T12:35:03.901+0000] {processor.py:840} INFO - DAG(s) 'example_bash_operator' retrieved from /home/airflow/.local/lib/python3.8/site-packages/airflow/example_dags/example_bash_operator.py
[2025-01-23T12:35:03.941+0000] {logging_mixin.py:188} INFO - [2025-01-23T12:35:03.941+0000] {dag.py:3036} INFO - Sync 1 DAGs
[2025-01-23T12:35:03.971+0000] {logging_mixin.py:188} INFO - [2025-01-23T12:35:03.970+0000] {dag.py:3823} INFO - Setting next_dagrun for example_bash_operator to 2025-01-22 00:00:00+00:00, run_after=2025-01-23 00:00:00+00:00
[2025-01-23T12:35:03.999+0000] {processor.py:183} INFO - Processing /home/airflow/.local/lib/python3.8/site-packages/airflow/example_dags/example_bash_operator.py took 0.119 seconds
[2025-01-23T12:35:34.336+0000] {processor.py:161} INFO - Started process (PID=431) to work on /home/airflow/.local/lib/python3.8/site-packages/airflow/example_dags/example_bash_operator.py
[2025-01-23T12:35:34.337+0000] {processor.py:830} INFO - Processing file /home/airflow/.local/lib/python3.8/site-packages/airflow/example_dags/example_bash_operator.py for tasks to queue
[2025-01-23T12:35:34.341+0000] {logging_mixin.py:188} INFO - [2025-01-23T12:35:34.341+0000] {dagbag.py:538} INFO - Filling up the DagBag from /home/airflow/.local/lib/python3.8/site-packages/airflow/example_dags/example_bash_operator.py
[2025-01-23T12:35:34.364+0000] {processor.py:840} INFO - DAG(s) 'example_bash_operator' retrieved from /home/airflow/.local/lib/python3.8/site-packages/airflow/example_dags/example_bash_operator.py
[2025-01-23T12:35:34.430+0000] {logging_mixin.py:188} INFO - [2025-01-23T12:35:34.430+0000] {dag.py:3036} INFO - Sync 1 DAGs
[2025-01-23T12:35:34.484+0000] {logging_mixin.py:188} INFO - [2025-01-23T12:35:34.483+0000] {dag.py:3823} INFO - Setting next_dagrun for example_bash_operator to 2025-01-22 00:00:00+00:00, run_after=2025-01-23 00:00:00+00:00
[2025-01-23T12:35:34.531+0000] {processor.py:183} INFO - Processing /home/airflow/.local/lib/python3.8/site-packages/airflow/example_dags/example_bash_operator.py took 0.202 seconds
[2025-01-23T12:36:04.894+0000] {processor.py:161} INFO - Started process (PID=487) to work on /home/airflow/.local/lib/python3.8/site-packages/airflow/example_dags/example_bash_operator.py
[2025-01-23T12:36:04.895+0000] {processor.py:830} INFO - Processing file /home/airflow/.local/lib/python3.8/site-packages/airflow/example_dags/example_bash_operator.py for tasks to queue
[2025-01-23T12:36:04.898+0000] {logging_mixin.py:188} INFO - [2025-01-23T12:36:04.897+0000] {dagbag.py:538} INFO - Filling up the DagBag from /home/airflow/.local/lib/python3.8/site-packages/airflow/example_dags/example_bash_operator.py
[2025-01-23T12:36:04.912+0000] {processor.py:840} INFO - DAG(s) 'example_bash_operator' retrieved from /home/airflow/.local/lib/python3.8/site-packages/airflow/example_dags/example_bash_operator.py
[2025-01-23T12:36:04.954+0000] {logging_mixin.py:188} INFO - [2025-01-23T12:36:04.953+0000] {dag.py:3036} INFO - Sync 1 DAGs
[2025-01-23T12:36:04.990+0000] {logging_mixin.py:188} INFO - [2025-01-23T12:36:04.990+0000] {dag.py:3823} INFO - Setting next_dagrun for example_bash_operator to 2025-01-22 00:00:00+00:00, run_after=2025-01-23 00:00:00+00:00
[2025-01-23T12:36:05.019+0000] {processor.py:183} INFO - Processing /home/airflow/.local/lib/python3.8/site-packages/airflow/example_dags/example_bash_operator.py took 0.129 seconds
[2025-01-23T12:36:35.265+0000] {processor.py:161} INFO - Started process (PID=543) to work on /home/airflow/.local/lib/python3.8/site-packages/airflow/example_dags/example_bash_operator.py
[2025-01-23T12:36:35.267+0000] {processor.py:830} INFO - Processing file /home/airflow/.local/lib/python3.8/site-packages/airflow/example_dags/example_bash_operator.py for tasks to queue
[2025-01-23T12:36:35.270+0000] {logging_mixin.py:188} INFO - [2025-01-23T12:36:35.270+0000] {dagbag.py:538} INFO - Filling up the DagBag from /home/airflow/.local/lib/python3.8/site-packages/airflow/example_dags/example_bash_operator.py
[2025-01-23T12:36:35.286+0000] {processor.py:840} INFO - DAG(s) 'example_bash_operator' retrieved from /home/airflow/.local/lib/python3.8/site-packages/airflow/example_dags/example_bash_operator.py
[2025-01-23T12:36:35.327+0000] {logging_mixin.py:188} INFO - [2025-01-23T12:36:35.326+0000] {dag.py:3036} INFO - Sync 1 DAGs
[2025-01-23T12:36:35.357+0000] {logging_mixin.py:188} INFO - [2025-01-23T12:36:35.356+0000] {dag.py:3823} INFO - Setting next_dagrun for example_bash_operator to 2025-01-22 00:00:00+00:00, run_after=2025-01-23 00:00:00+00:00
[2025-01-23T12:36:35.382+0000] {processor.py:183} INFO - Processing /home/airflow/.local/lib/python3.8/site-packages/airflow/example_dags/example_bash_operator.py took 0.122 seconds
[2025-01-23T12:37:05.914+0000] {processor.py:161} INFO - Started process (PID=599) to work on /home/airflow/.local/lib/python3.8/site-packages/airflow/example_dags/example_bash_operator.py
[2025-01-23T12:37:05.916+0000] {processor.py:830} INFO - Processing file /home/airflow/.local/lib/python3.8/site-packages/airflow/example_dags/example_bash_operator.py for tasks to queue
[2025-01-23T12:37:05.918+0000] {logging_mixin.py:188} INFO - [2025-01-23T12:37:05.917+0000] {dagbag.py:538} INFO - Filling up the DagBag from /home/airflow/.local/lib/python3.8/site-packages/airflow/example_dags/example_bash_operator.py
[2025-01-23T12:37:05.932+0000] {processor.py:840} INFO - DAG(s) 'example_bash_operator' retrieved from /home/airflow/.local/lib/python3.8/site-packages/airflow/example_dags/example_bash_operator.py
[2025-01-23T12:37:05.970+0000] {logging_mixin.py:188} INFO - [2025-01-23T12:37:05.970+0000] {dag.py:3036} INFO - Sync 1 DAGs
[2025-01-23T12:37:05.998+0000] {logging_mixin.py:188} INFO - [2025-01-23T12:37:05.998+0000] {dag.py:3823} INFO - Setting next_dagrun for example_bash_operator to 2025-01-22 00:00:00+00:00, run_after=2025-01-23 00:00:00+00:00
[2025-01-23T12:37:06.024+0000] {processor.py:183} INFO - Processing /home/airflow/.local/lib/python3.8/site-packages/airflow/example_dags/example_bash_operator.py took 0.113 seconds
[2025-01-23T12:37:36.500+0000] {processor.py:161} INFO - Started process (PID=655) to work on /home/airflow/.local/lib/python3.8/site-packages/airflow/example_dags/example_bash_operator.py
[2025-01-23T12:37:36.501+0000] {processor.py:830} INFO - Processing file /home/airflow/.local/lib/python3.8/site-packages/airflow/example_dags/example_bash_operator.py for tasks to queue
[2025-01-23T12:37:36.503+0000] {logging_mixin.py:188} INFO - [2025-01-23T12:37:36.503+0000] {dagbag.py:538} INFO - Filling up the DagBag from /home/airflow/.local/lib/python3.8/site-packages/airflow/example_dags/example_bash_operator.py
[2025-01-23T12:37:36.517+0000] {processor.py:840} INFO - DAG(s) 'example_bash_operator' retrieved from /home/airflow/.local/lib/python3.8/site-packages/airflow/example_dags/example_bash_operator.py
[2025-01-23T12:37:36.557+0000] {logging_mixin.py:188} INFO - [2025-01-23T12:37:36.557+0000] {dag.py:3036} INFO - Sync 1 DAGs
[2025-01-23T12:37:36.586+0000] {logging_mixin.py:188} INFO - [2025-01-23T12:37:36.586+0000] {dag.py:3823} INFO - Setting next_dagrun for example_bash_operator to 2025-01-22 00:00:00+00:00, run_after=2025-01-23 00:00:00+00:00
[2025-01-23T12:37:36.612+0000] {processor.py:183} INFO - Processing /home/airflow/.local/lib/python3.8/site-packages/airflow/example_dags/example_bash_operator.py took 0.115 seconds
[2025-01-23T12:38:06.748+0000] {processor.py:161} INFO - Started process (PID=711) to work on /home/airflow/.local/lib/python3.8/site-packages/airflow/example_dags/example_bash_operator.py
[2025-01-23T12:38:06.749+0000] {processor.py:830} INFO - Processing file /home/airflow/.local/lib/python3.8/site-packages/airflow/example_dags/example_bash_operator.py for tasks to queue
[2025-01-23T12:38:06.752+0000] {logging_mixin.py:188} INFO - [2025-01-23T12:38:06.751+0000] {dagbag.py:538} INFO - Filling up the DagBag from /home/airflow/.local/lib/python3.8/site-packages/airflow/example_dags/example_bash_operator.py
[2025-01-23T12:38:06.769+0000] {processor.py:840} INFO - DAG(s) 'example_bash_operator' retrieved from /home/airflow/.local/lib/python3.8/site-packages/airflow/example_dags/example_bash_operator.py
[2025-01-23T12:38:06.810+0000] {logging_mixin.py:188} INFO - [2025-01-23T12:38:06.809+0000] {dag.py:3036} INFO - Sync 1 DAGs
[2025-01-23T12:38:06.844+0000] {logging_mixin.py:188} INFO - [2025-01-23T12:38:06.844+0000] {dag.py:3823} INFO - Setting next_dagrun for example_bash_operator to 2025-01-22 00:00:00+00:00, run_after=2025-01-23 00:00:00+00:00
[2025-01-23T12:38:06.870+0000] {processor.py:183} INFO - Processing /home/airflow/.local/lib/python3.8/site-packages/airflow/example_dags/example_bash_operator.py took 0.126 seconds
