[2025-01-23T12:32:32.857+0000] {processor.py:161} INFO - Started process (PID=99) to work on /home/airflow/.local/lib/python3.8/site-packages/airflow/example_dags/example_nested_branch_dag.py
[2025-01-23T12:32:32.859+0000] {processor.py:830} INFO - Processing file /home/airflow/.local/lib/python3.8/site-packages/airflow/example_dags/example_nested_branch_dag.py for tasks to queue
[2025-01-23T12:32:32.863+0000] {logging_mixin.py:188} INFO - [2025-01-23T12:32:32.862+0000] {dagbag.py:538} INFO - Filling up the DagBag from /home/airflow/.local/lib/python3.8/site-packages/airflow/example_dags/example_nested_branch_dag.py
[2025-01-23T12:32:32.886+0000] {processor.py:840} INFO - DAG(s) 'example_nested_branch_dag' retrieved from /home/airflow/.local/lib/python3.8/site-packages/airflow/example_dags/example_nested_branch_dag.py
[2025-01-23T12:32:33.108+0000] {logging_mixin.py:188} INFO - [2025-01-23T12:32:33.107+0000] {override.py:1769} INFO - Created Permission View: can read on DAG:example_nested_branch_dag
[2025-01-23T12:32:33.128+0000] {logging_mixin.py:188} INFO - [2025-01-23T12:32:33.128+0000] {override.py:1769} INFO - Created Permission View: can edit on DAG:example_nested_branch_dag
[2025-01-23T12:32:33.147+0000] {logging_mixin.py:188} INFO - [2025-01-23T12:32:33.147+0000] {override.py:1769} INFO - Created Permission View: can delete on DAG:example_nested_branch_dag
[2025-01-23T12:32:33.148+0000] {logging_mixin.py:188} INFO - [2025-01-23T12:32:33.148+0000] {dag.py:3036} INFO - Sync 1 DAGs
[2025-01-23T12:32:33.170+0000] {logging_mixin.py:188} INFO - [2025-01-23T12:32:33.169+0000] {dag.py:3058} INFO - Creating ORM DAG for example_nested_branch_dag
[2025-01-23T12:32:33.190+0000] {logging_mixin.py:188} INFO - [2025-01-23T12:32:33.190+0000] {dag.py:3823} INFO - Setting next_dagrun for example_nested_branch_dag to 2025-01-22 00:00:00+00:00, run_after=2025-01-23 00:00:00+00:00
[2025-01-23T12:32:33.220+0000] {processor.py:183} INFO - Processing /home/airflow/.local/lib/python3.8/site-packages/airflow/example_dags/example_nested_branch_dag.py took 0.370 seconds
[2025-01-23T12:33:03.775+0000] {processor.py:161} INFO - Started process (PID=155) to work on /home/airflow/.local/lib/python3.8/site-packages/airflow/example_dags/example_nested_branch_dag.py
[2025-01-23T12:33:03.777+0000] {processor.py:830} INFO - Processing file /home/airflow/.local/lib/python3.8/site-packages/airflow/example_dags/example_nested_branch_dag.py for tasks to queue
[2025-01-23T12:33:03.781+0000] {logging_mixin.py:188} INFO - [2025-01-23T12:33:03.780+0000] {dagbag.py:538} INFO - Filling up the DagBag from /home/airflow/.local/lib/python3.8/site-packages/airflow/example_dags/example_nested_branch_dag.py
[2025-01-23T12:33:03.815+0000] {processor.py:840} INFO - DAG(s) 'example_nested_branch_dag' retrieved from /home/airflow/.local/lib/python3.8/site-packages/airflow/example_dags/example_nested_branch_dag.py
[2025-01-23T12:33:03.884+0000] {logging_mixin.py:188} INFO - [2025-01-23T12:33:03.883+0000] {dag.py:3036} INFO - Sync 1 DAGs
[2025-01-23T12:33:03.959+0000] {logging_mixin.py:188} INFO - [2025-01-23T12:33:03.959+0000] {dag.py:3823} INFO - Setting next_dagrun for example_nested_branch_dag to 2025-01-22 00:00:00+00:00, run_after=2025-01-23 00:00:00+00:00
[2025-01-23T12:33:03.997+0000] {processor.py:183} INFO - Processing /home/airflow/.local/lib/python3.8/site-packages/airflow/example_dags/example_nested_branch_dag.py took 0.229 seconds
[2025-01-23T12:33:34.056+0000] {processor.py:161} INFO - Started process (PID=210) to work on /home/airflow/.local/lib/python3.8/site-packages/airflow/example_dags/example_nested_branch_dag.py
[2025-01-23T12:33:34.058+0000] {processor.py:830} INFO - Processing file /home/airflow/.local/lib/python3.8/site-packages/airflow/example_dags/example_nested_branch_dag.py for tasks to queue
[2025-01-23T12:33:34.061+0000] {logging_mixin.py:188} INFO - [2025-01-23T12:33:34.060+0000] {dagbag.py:538} INFO - Filling up the DagBag from /home/airflow/.local/lib/python3.8/site-packages/airflow/example_dags/example_nested_branch_dag.py
[2025-01-23T12:33:34.076+0000] {processor.py:840} INFO - DAG(s) 'example_nested_branch_dag' retrieved from /home/airflow/.local/lib/python3.8/site-packages/airflow/example_dags/example_nested_branch_dag.py
[2025-01-23T12:33:34.110+0000] {logging_mixin.py:188} INFO - [2025-01-23T12:33:34.110+0000] {dag.py:3036} INFO - Sync 1 DAGs
[2025-01-23T12:33:34.148+0000] {logging_mixin.py:188} INFO - [2025-01-23T12:33:34.148+0000] {dag.py:3823} INFO - Setting next_dagrun for example_nested_branch_dag to 2025-01-22 00:00:00+00:00, run_after=2025-01-23 00:00:00+00:00
[2025-01-23T12:33:34.193+0000] {processor.py:183} INFO - Processing /home/airflow/.local/lib/python3.8/site-packages/airflow/example_dags/example_nested_branch_dag.py took 0.142 seconds
[2025-01-23T12:34:04.564+0000] {processor.py:161} INFO - Started process (PID=267) to work on /home/airflow/.local/lib/python3.8/site-packages/airflow/example_dags/example_nested_branch_dag.py
[2025-01-23T12:34:04.566+0000] {processor.py:830} INFO - Processing file /home/airflow/.local/lib/python3.8/site-packages/airflow/example_dags/example_nested_branch_dag.py for tasks to queue
[2025-01-23T12:34:04.569+0000] {logging_mixin.py:188} INFO - [2025-01-23T12:34:04.568+0000] {dagbag.py:538} INFO - Filling up the DagBag from /home/airflow/.local/lib/python3.8/site-packages/airflow/example_dags/example_nested_branch_dag.py
[2025-01-23T12:34:04.584+0000] {processor.py:840} INFO - DAG(s) 'example_nested_branch_dag' retrieved from /home/airflow/.local/lib/python3.8/site-packages/airflow/example_dags/example_nested_branch_dag.py
[2025-01-23T12:34:04.623+0000] {logging_mixin.py:188} INFO - [2025-01-23T12:34:04.623+0000] {dag.py:3036} INFO - Sync 1 DAGs
[2025-01-23T12:34:04.657+0000] {logging_mixin.py:188} INFO - [2025-01-23T12:34:04.656+0000] {dag.py:3823} INFO - Setting next_dagrun for example_nested_branch_dag to 2025-01-22 00:00:00+00:00, run_after=2025-01-23 00:00:00+00:00
[2025-01-23T12:34:04.688+0000] {processor.py:183} INFO - Processing /home/airflow/.local/lib/python3.8/site-packages/airflow/example_dags/example_nested_branch_dag.py took 0.129 seconds
[2025-01-23T12:34:34.838+0000] {processor.py:161} INFO - Started process (PID=323) to work on /home/airflow/.local/lib/python3.8/site-packages/airflow/example_dags/example_nested_branch_dag.py
[2025-01-23T12:34:34.839+0000] {processor.py:830} INFO - Processing file /home/airflow/.local/lib/python3.8/site-packages/airflow/example_dags/example_nested_branch_dag.py for tasks to queue
[2025-01-23T12:34:34.841+0000] {logging_mixin.py:188} INFO - [2025-01-23T12:34:34.841+0000] {dagbag.py:538} INFO - Filling up the DagBag from /home/airflow/.local/lib/python3.8/site-packages/airflow/example_dags/example_nested_branch_dag.py
[2025-01-23T12:34:34.855+0000] {processor.py:840} INFO - DAG(s) 'example_nested_branch_dag' retrieved from /home/airflow/.local/lib/python3.8/site-packages/airflow/example_dags/example_nested_branch_dag.py
[2025-01-23T12:34:34.885+0000] {logging_mixin.py:188} INFO - [2025-01-23T12:34:34.884+0000] {dag.py:3036} INFO - Sync 1 DAGs
[2025-01-23T12:34:34.917+0000] {logging_mixin.py:188} INFO - [2025-01-23T12:34:34.917+0000] {dag.py:3823} INFO - Setting next_dagrun for example_nested_branch_dag to 2025-01-22 00:00:00+00:00, run_after=2025-01-23 00:00:00+00:00
[2025-01-23T12:34:34.942+0000] {processor.py:183} INFO - Processing /home/airflow/.local/lib/python3.8/site-packages/airflow/example_dags/example_nested_branch_dag.py took 0.108 seconds
[2025-01-23T12:35:05.081+0000] {processor.py:161} INFO - Started process (PID=379) to work on /home/airflow/.local/lib/python3.8/site-packages/airflow/example_dags/example_nested_branch_dag.py
[2025-01-23T12:35:05.082+0000] {processor.py:830} INFO - Processing file /home/airflow/.local/lib/python3.8/site-packages/airflow/example_dags/example_nested_branch_dag.py for tasks to queue
[2025-01-23T12:35:05.085+0000] {logging_mixin.py:188} INFO - [2025-01-23T12:35:05.085+0000] {dagbag.py:538} INFO - Filling up the DagBag from /home/airflow/.local/lib/python3.8/site-packages/airflow/example_dags/example_nested_branch_dag.py
[2025-01-23T12:35:05.099+0000] {processor.py:840} INFO - DAG(s) 'example_nested_branch_dag' retrieved from /home/airflow/.local/lib/python3.8/site-packages/airflow/example_dags/example_nested_branch_dag.py
[2025-01-23T12:35:05.127+0000] {logging_mixin.py:188} INFO - [2025-01-23T12:35:05.127+0000] {dag.py:3036} INFO - Sync 1 DAGs
[2025-01-23T12:35:05.157+0000] {logging_mixin.py:188} INFO - [2025-01-23T12:35:05.157+0000] {dag.py:3823} INFO - Setting next_dagrun for example_nested_branch_dag to 2025-01-22 00:00:00+00:00, run_after=2025-01-23 00:00:00+00:00
[2025-01-23T12:35:05.182+0000] {processor.py:183} INFO - Processing /home/airflow/.local/lib/python3.8/site-packages/airflow/example_dags/example_nested_branch_dag.py took 0.104 seconds
[2025-01-23T12:35:35.689+0000] {processor.py:161} INFO - Started process (PID=435) to work on /home/airflow/.local/lib/python3.8/site-packages/airflow/example_dags/example_nested_branch_dag.py
[2025-01-23T12:35:35.690+0000] {processor.py:830} INFO - Processing file /home/airflow/.local/lib/python3.8/site-packages/airflow/example_dags/example_nested_branch_dag.py for tasks to queue
[2025-01-23T12:35:35.695+0000] {logging_mixin.py:188} INFO - [2025-01-23T12:35:35.694+0000] {dagbag.py:538} INFO - Filling up the DagBag from /home/airflow/.local/lib/python3.8/site-packages/airflow/example_dags/example_nested_branch_dag.py
[2025-01-23T12:35:35.718+0000] {processor.py:840} INFO - DAG(s) 'example_nested_branch_dag' retrieved from /home/airflow/.local/lib/python3.8/site-packages/airflow/example_dags/example_nested_branch_dag.py
[2025-01-23T12:35:35.760+0000] {logging_mixin.py:188} INFO - [2025-01-23T12:35:35.760+0000] {dag.py:3036} INFO - Sync 1 DAGs
[2025-01-23T12:35:35.811+0000] {logging_mixin.py:188} INFO - [2025-01-23T12:35:35.810+0000] {dag.py:3823} INFO - Setting next_dagrun for example_nested_branch_dag to 2025-01-22 00:00:00+00:00, run_after=2025-01-23 00:00:00+00:00
[2025-01-23T12:35:35.846+0000] {processor.py:183} INFO - Processing /home/airflow/.local/lib/python3.8/site-packages/airflow/example_dags/example_nested_branch_dag.py took 0.164 seconds
[2025-01-23T12:36:06.097+0000] {processor.py:161} INFO - Started process (PID=491) to work on /home/airflow/.local/lib/python3.8/site-packages/airflow/example_dags/example_nested_branch_dag.py
[2025-01-23T12:36:06.098+0000] {processor.py:830} INFO - Processing file /home/airflow/.local/lib/python3.8/site-packages/airflow/example_dags/example_nested_branch_dag.py for tasks to queue
[2025-01-23T12:36:06.100+0000] {logging_mixin.py:188} INFO - [2025-01-23T12:36:06.100+0000] {dagbag.py:538} INFO - Filling up the DagBag from /home/airflow/.local/lib/python3.8/site-packages/airflow/example_dags/example_nested_branch_dag.py
[2025-01-23T12:36:06.113+0000] {processor.py:840} INFO - DAG(s) 'example_nested_branch_dag' retrieved from /home/airflow/.local/lib/python3.8/site-packages/airflow/example_dags/example_nested_branch_dag.py
[2025-01-23T12:36:06.140+0000] {logging_mixin.py:188} INFO - [2025-01-23T12:36:06.140+0000] {dag.py:3036} INFO - Sync 1 DAGs
[2025-01-23T12:36:06.168+0000] {logging_mixin.py:188} INFO - [2025-01-23T12:36:06.168+0000] {dag.py:3823} INFO - Setting next_dagrun for example_nested_branch_dag to 2025-01-22 00:00:00+00:00, run_after=2025-01-23 00:00:00+00:00
[2025-01-23T12:36:06.195+0000] {processor.py:183} INFO - Processing /home/airflow/.local/lib/python3.8/site-packages/airflow/example_dags/example_nested_branch_dag.py took 0.102 seconds
[2025-01-23T12:36:36.466+0000] {processor.py:161} INFO - Started process (PID=547) to work on /home/airflow/.local/lib/python3.8/site-packages/airflow/example_dags/example_nested_branch_dag.py
[2025-01-23T12:36:36.467+0000] {processor.py:830} INFO - Processing file /home/airflow/.local/lib/python3.8/site-packages/airflow/example_dags/example_nested_branch_dag.py for tasks to queue
[2025-01-23T12:36:36.469+0000] {logging_mixin.py:188} INFO - [2025-01-23T12:36:36.469+0000] {dagbag.py:538} INFO - Filling up the DagBag from /home/airflow/.local/lib/python3.8/site-packages/airflow/example_dags/example_nested_branch_dag.py
[2025-01-23T12:36:36.481+0000] {processor.py:840} INFO - DAG(s) 'example_nested_branch_dag' retrieved from /home/airflow/.local/lib/python3.8/site-packages/airflow/example_dags/example_nested_branch_dag.py
[2025-01-23T12:36:36.509+0000] {logging_mixin.py:188} INFO - [2025-01-23T12:36:36.509+0000] {dag.py:3036} INFO - Sync 1 DAGs
[2025-01-23T12:36:36.537+0000] {logging_mixin.py:188} INFO - [2025-01-23T12:36:36.537+0000] {dag.py:3823} INFO - Setting next_dagrun for example_nested_branch_dag to 2025-01-22 00:00:00+00:00, run_after=2025-01-23 00:00:00+00:00
[2025-01-23T12:36:36.570+0000] {processor.py:183} INFO - Processing /home/airflow/.local/lib/python3.8/site-packages/airflow/example_dags/example_nested_branch_dag.py took 0.110 seconds
[2025-01-23T12:37:07.114+0000] {processor.py:161} INFO - Started process (PID=603) to work on /home/airflow/.local/lib/python3.8/site-packages/airflow/example_dags/example_nested_branch_dag.py
[2025-01-23T12:37:07.116+0000] {processor.py:830} INFO - Processing file /home/airflow/.local/lib/python3.8/site-packages/airflow/example_dags/example_nested_branch_dag.py for tasks to queue
[2025-01-23T12:37:07.119+0000] {logging_mixin.py:188} INFO - [2025-01-23T12:37:07.119+0000] {dagbag.py:538} INFO - Filling up the DagBag from /home/airflow/.local/lib/python3.8/site-packages/airflow/example_dags/example_nested_branch_dag.py
[2025-01-23T12:37:07.146+0000] {processor.py:840} INFO - DAG(s) 'example_nested_branch_dag' retrieved from /home/airflow/.local/lib/python3.8/site-packages/airflow/example_dags/example_nested_branch_dag.py
[2025-01-23T12:37:07.201+0000] {logging_mixin.py:188} INFO - [2025-01-23T12:37:07.200+0000] {dag.py:3036} INFO - Sync 1 DAGs
[2025-01-23T12:37:07.250+0000] {logging_mixin.py:188} INFO - [2025-01-23T12:37:07.249+0000] {dag.py:3823} INFO - Setting next_dagrun for example_nested_branch_dag to 2025-01-22 00:00:00+00:00, run_after=2025-01-23 00:00:00+00:00
[2025-01-23T12:37:07.284+0000] {processor.py:183} INFO - Processing /home/airflow/.local/lib/python3.8/site-packages/airflow/example_dags/example_nested_branch_dag.py took 0.177 seconds
