[2025-01-23T12:32:30.203+0000] {processor.py:161} INFO - Started process (PID=92) to work on /home/airflow/.local/lib/python3.8/site-packages/airflow/example_dags/example_xcomargs.py
[2025-01-23T12:32:30.205+0000] {processor.py:830} INFO - Processing file /home/airflow/.local/lib/python3.8/site-packages/airflow/example_dags/example_xcomargs.py for tasks to queue
[2025-01-23T12:32:30.208+0000] {logging_mixin.py:188} INFO - [2025-01-23T12:32:30.207+0000] {dagbag.py:538} INFO - Filling up the DagBag from /home/airflow/.local/lib/python3.8/site-packages/airflow/example_dags/example_xcomargs.py
[2025-01-23T12:32:30.245+0000] {processor.py:840} INFO - DAG(s) 'example_xcom_args_with_operators', 'example_xcom_args' retrieved from /home/airflow/.local/lib/python3.8/site-packages/airflow/example_dags/example_xcomargs.py
[2025-01-23T12:32:30.525+0000] {logging_mixin.py:188} INFO - [2025-01-23T12:32:30.524+0000] {override.py:1769} INFO - Created Permission View: can read on DAG:example_xcom_args_with_operators
[2025-01-23T12:32:30.555+0000] {logging_mixin.py:188} INFO - [2025-01-23T12:32:30.553+0000] {override.py:1769} INFO - Created Permission View: can edit on DAG:example_xcom_args_with_operators
[2025-01-23T12:32:30.578+0000] {logging_mixin.py:188} INFO - [2025-01-23T12:32:30.577+0000] {override.py:1769} INFO - Created Permission View: can delete on DAG:example_xcom_args_with_operators
[2025-01-23T12:32:30.617+0000] {logging_mixin.py:188} INFO - [2025-01-23T12:32:30.616+0000] {override.py:1769} INFO - Created Permission View: can read on DAG:example_xcom_args
[2025-01-23T12:32:30.645+0000] {logging_mixin.py:188} INFO - [2025-01-23T12:32:30.644+0000] {override.py:1769} INFO - Created Permission View: can edit on DAG:example_xcom_args
[2025-01-23T12:32:30.671+0000] {logging_mixin.py:188} INFO - [2025-01-23T12:32:30.670+0000] {override.py:1769} INFO - Created Permission View: can delete on DAG:example_xcom_args
[2025-01-23T12:32:30.673+0000] {logging_mixin.py:188} INFO - [2025-01-23T12:32:30.672+0000] {dag.py:3036} INFO - Sync 2 DAGs
[2025-01-23T12:32:30.708+0000] {logging_mixin.py:188} INFO - [2025-01-23T12:32:30.707+0000] {dag.py:3058} INFO - Creating ORM DAG for example_xcom_args
[2025-01-23T12:32:30.710+0000] {logging_mixin.py:188} INFO - [2025-01-23T12:32:30.710+0000] {dag.py:3058} INFO - Creating ORM DAG for example_xcom_args_with_operators
[2025-01-23T12:32:30.712+0000] {logging_mixin.py:188} INFO - [2025-01-23T12:32:30.712+0000] {dag.py:3823} INFO - Setting next_dagrun for example_xcom_args to None, run_after=None
[2025-01-23T12:32:30.715+0000] {logging_mixin.py:188} INFO - [2025-01-23T12:32:30.714+0000] {dag.py:3823} INFO - Setting next_dagrun for example_xcom_args_with_operators to None, run_after=None
[2025-01-23T12:32:30.765+0000] {processor.py:183} INFO - Processing /home/airflow/.local/lib/python3.8/site-packages/airflow/example_dags/example_xcomargs.py took 0.569 seconds
[2025-01-23T12:33:01.008+0000] {processor.py:161} INFO - Started process (PID=148) to work on /home/airflow/.local/lib/python3.8/site-packages/airflow/example_dags/example_xcomargs.py
[2025-01-23T12:33:01.009+0000] {processor.py:830} INFO - Processing file /home/airflow/.local/lib/python3.8/site-packages/airflow/example_dags/example_xcomargs.py for tasks to queue
[2025-01-23T12:33:01.013+0000] {logging_mixin.py:188} INFO - [2025-01-23T12:33:01.013+0000] {dagbag.py:538} INFO - Filling up the DagBag from /home/airflow/.local/lib/python3.8/site-packages/airflow/example_dags/example_xcomargs.py
[2025-01-23T12:33:01.030+0000] {processor.py:840} INFO - DAG(s) 'example_xcom_args', 'example_xcom_args_with_operators' retrieved from /home/airflow/.local/lib/python3.8/site-packages/airflow/example_dags/example_xcomargs.py
[2025-01-23T12:33:01.069+0000] {logging_mixin.py:188} INFO - [2025-01-23T12:33:01.069+0000] {dag.py:3036} INFO - Sync 2 DAGs
[2025-01-23T12:33:01.099+0000] {logging_mixin.py:188} INFO - [2025-01-23T12:33:01.099+0000] {dag.py:3823} INFO - Setting next_dagrun for example_xcom_args to None, run_after=None
[2025-01-23T12:33:01.108+0000] {logging_mixin.py:188} INFO - [2025-01-23T12:33:01.108+0000] {dag.py:3823} INFO - Setting next_dagrun for example_xcom_args_with_operators to None, run_after=None
[2025-01-23T12:33:01.137+0000] {processor.py:183} INFO - Processing /home/airflow/.local/lib/python3.8/site-packages/airflow/example_dags/example_xcomargs.py took 0.136 seconds
[2025-01-23T12:33:31.203+0000] {processor.py:161} INFO - Started process (PID=204) to work on /home/airflow/.local/lib/python3.8/site-packages/airflow/example_dags/example_xcomargs.py
[2025-01-23T12:33:31.205+0000] {processor.py:830} INFO - Processing file /home/airflow/.local/lib/python3.8/site-packages/airflow/example_dags/example_xcomargs.py for tasks to queue
[2025-01-23T12:33:31.207+0000] {logging_mixin.py:188} INFO - [2025-01-23T12:33:31.207+0000] {dagbag.py:538} INFO - Filling up the DagBag from /home/airflow/.local/lib/python3.8/site-packages/airflow/example_dags/example_xcomargs.py
[2025-01-23T12:33:31.217+0000] {processor.py:840} INFO - DAG(s) 'example_xcom_args', 'example_xcom_args_with_operators' retrieved from /home/airflow/.local/lib/python3.8/site-packages/airflow/example_dags/example_xcomargs.py
[2025-01-23T12:33:31.251+0000] {logging_mixin.py:188} INFO - [2025-01-23T12:33:31.251+0000] {dag.py:3036} INFO - Sync 2 DAGs
[2025-01-23T12:33:31.268+0000] {logging_mixin.py:188} INFO - [2025-01-23T12:33:31.268+0000] {dag.py:3823} INFO - Setting next_dagrun for example_xcom_args to None, run_after=None
[2025-01-23T12:33:31.275+0000] {logging_mixin.py:188} INFO - [2025-01-23T12:33:31.274+0000] {dag.py:3823} INFO - Setting next_dagrun for example_xcom_args_with_operators to None, run_after=None
[2025-01-23T12:33:31.304+0000] {processor.py:183} INFO - Processing /home/airflow/.local/lib/python3.8/site-packages/airflow/example_dags/example_xcomargs.py took 0.105 seconds
[2025-01-23T12:34:02.009+0000] {processor.py:161} INFO - Started process (PID=260) to work on /home/airflow/.local/lib/python3.8/site-packages/airflow/example_dags/example_xcomargs.py
[2025-01-23T12:34:02.011+0000] {processor.py:830} INFO - Processing file /home/airflow/.local/lib/python3.8/site-packages/airflow/example_dags/example_xcomargs.py for tasks to queue
[2025-01-23T12:34:02.014+0000] {logging_mixin.py:188} INFO - [2025-01-23T12:34:02.014+0000] {dagbag.py:538} INFO - Filling up the DagBag from /home/airflow/.local/lib/python3.8/site-packages/airflow/example_dags/example_xcomargs.py
[2025-01-23T12:34:02.033+0000] {processor.py:840} INFO - DAG(s) 'example_xcom_args_with_operators', 'example_xcom_args' retrieved from /home/airflow/.local/lib/python3.8/site-packages/airflow/example_dags/example_xcomargs.py
[2025-01-23T12:34:02.097+0000] {logging_mixin.py:188} INFO - [2025-01-23T12:34:02.096+0000] {dag.py:3036} INFO - Sync 2 DAGs
[2025-01-23T12:34:02.139+0000] {logging_mixin.py:188} INFO - [2025-01-23T12:34:02.138+0000] {dag.py:3823} INFO - Setting next_dagrun for example_xcom_args to None, run_after=None
[2025-01-23T12:34:02.148+0000] {logging_mixin.py:188} INFO - [2025-01-23T12:34:02.147+0000] {dag.py:3823} INFO - Setting next_dagrun for example_xcom_args_with_operators to None, run_after=None
[2025-01-23T12:34:02.179+0000] {processor.py:183} INFO - Processing /home/airflow/.local/lib/python3.8/site-packages/airflow/example_dags/example_xcomargs.py took 0.177 seconds
[2025-01-23T12:34:32.412+0000] {processor.py:161} INFO - Started process (PID=316) to work on /home/airflow/.local/lib/python3.8/site-packages/airflow/example_dags/example_xcomargs.py
[2025-01-23T12:34:32.413+0000] {processor.py:830} INFO - Processing file /home/airflow/.local/lib/python3.8/site-packages/airflow/example_dags/example_xcomargs.py for tasks to queue
[2025-01-23T12:34:32.416+0000] {logging_mixin.py:188} INFO - [2025-01-23T12:34:32.416+0000] {dagbag.py:538} INFO - Filling up the DagBag from /home/airflow/.local/lib/python3.8/site-packages/airflow/example_dags/example_xcomargs.py
[2025-01-23T12:34:32.429+0000] {processor.py:840} INFO - DAG(s) 'example_xcom_args_with_operators', 'example_xcom_args' retrieved from /home/airflow/.local/lib/python3.8/site-packages/airflow/example_dags/example_xcomargs.py
[2025-01-23T12:34:32.464+0000] {logging_mixin.py:188} INFO - [2025-01-23T12:34:32.464+0000] {dag.py:3036} INFO - Sync 2 DAGs
[2025-01-23T12:34:32.482+0000] {logging_mixin.py:188} INFO - [2025-01-23T12:34:32.482+0000] {dag.py:3823} INFO - Setting next_dagrun for example_xcom_args to None, run_after=None
[2025-01-23T12:34:32.488+0000] {logging_mixin.py:188} INFO - [2025-01-23T12:34:32.488+0000] {dag.py:3823} INFO - Setting next_dagrun for example_xcom_args_with_operators to None, run_after=None
[2025-01-23T12:34:32.518+0000] {processor.py:183} INFO - Processing /home/airflow/.local/lib/python3.8/site-packages/airflow/example_dags/example_xcomargs.py took 0.110 seconds
[2025-01-23T12:35:02.689+0000] {processor.py:161} INFO - Started process (PID=372) to work on /home/airflow/.local/lib/python3.8/site-packages/airflow/example_dags/example_xcomargs.py
[2025-01-23T12:35:02.690+0000] {processor.py:830} INFO - Processing file /home/airflow/.local/lib/python3.8/site-packages/airflow/example_dags/example_xcomargs.py for tasks to queue
[2025-01-23T12:35:02.693+0000] {logging_mixin.py:188} INFO - [2025-01-23T12:35:02.692+0000] {dagbag.py:538} INFO - Filling up the DagBag from /home/airflow/.local/lib/python3.8/site-packages/airflow/example_dags/example_xcomargs.py
[2025-01-23T12:35:02.704+0000] {processor.py:840} INFO - DAG(s) 'example_xcom_args', 'example_xcom_args_with_operators' retrieved from /home/airflow/.local/lib/python3.8/site-packages/airflow/example_dags/example_xcomargs.py
[2025-01-23T12:35:02.743+0000] {logging_mixin.py:188} INFO - [2025-01-23T12:35:02.743+0000] {dag.py:3036} INFO - Sync 2 DAGs
[2025-01-23T12:35:02.761+0000] {logging_mixin.py:188} INFO - [2025-01-23T12:35:02.761+0000] {dag.py:3823} INFO - Setting next_dagrun for example_xcom_args to None, run_after=None
[2025-01-23T12:35:02.766+0000] {logging_mixin.py:188} INFO - [2025-01-23T12:35:02.766+0000] {dag.py:3823} INFO - Setting next_dagrun for example_xcom_args_with_operators to None, run_after=None
[2025-01-23T12:35:02.790+0000] {processor.py:183} INFO - Processing /home/airflow/.local/lib/python3.8/site-packages/airflow/example_dags/example_xcomargs.py took 0.105 seconds
[2025-01-23T12:35:33.057+0000] {processor.py:161} INFO - Started process (PID=428) to work on /home/airflow/.local/lib/python3.8/site-packages/airflow/example_dags/example_xcomargs.py
[2025-01-23T12:35:33.058+0000] {processor.py:830} INFO - Processing file /home/airflow/.local/lib/python3.8/site-packages/airflow/example_dags/example_xcomargs.py for tasks to queue
[2025-01-23T12:35:33.061+0000] {logging_mixin.py:188} INFO - [2025-01-23T12:35:33.061+0000] {dagbag.py:538} INFO - Filling up the DagBag from /home/airflow/.local/lib/python3.8/site-packages/airflow/example_dags/example_xcomargs.py
[2025-01-23T12:35:33.077+0000] {processor.py:840} INFO - DAG(s) 'example_xcom_args', 'example_xcom_args_with_operators' retrieved from /home/airflow/.local/lib/python3.8/site-packages/airflow/example_dags/example_xcomargs.py
[2025-01-23T12:35:33.126+0000] {logging_mixin.py:188} INFO - [2025-01-23T12:35:33.126+0000] {dag.py:3036} INFO - Sync 2 DAGs
[2025-01-23T12:35:33.149+0000] {logging_mixin.py:188} INFO - [2025-01-23T12:35:33.149+0000] {dag.py:3823} INFO - Setting next_dagrun for example_xcom_args to None, run_after=None
[2025-01-23T12:35:33.156+0000] {logging_mixin.py:188} INFO - [2025-01-23T12:35:33.156+0000] {dag.py:3823} INFO - Setting next_dagrun for example_xcom_args_with_operators to None, run_after=None
[2025-01-23T12:35:33.187+0000] {processor.py:183} INFO - Processing /home/airflow/.local/lib/python3.8/site-packages/airflow/example_dags/example_xcomargs.py took 0.136 seconds
[2025-01-23T12:36:03.665+0000] {processor.py:161} INFO - Started process (PID=484) to work on /home/airflow/.local/lib/python3.8/site-packages/airflow/example_dags/example_xcomargs.py
[2025-01-23T12:36:03.666+0000] {processor.py:830} INFO - Processing file /home/airflow/.local/lib/python3.8/site-packages/airflow/example_dags/example_xcomargs.py for tasks to queue
[2025-01-23T12:36:03.669+0000] {logging_mixin.py:188} INFO - [2025-01-23T12:36:03.668+0000] {dagbag.py:538} INFO - Filling up the DagBag from /home/airflow/.local/lib/python3.8/site-packages/airflow/example_dags/example_xcomargs.py
[2025-01-23T12:36:03.680+0000] {processor.py:840} INFO - DAG(s) 'example_xcom_args', 'example_xcom_args_with_operators' retrieved from /home/airflow/.local/lib/python3.8/site-packages/airflow/example_dags/example_xcomargs.py
[2025-01-23T12:36:03.715+0000] {logging_mixin.py:188} INFO - [2025-01-23T12:36:03.715+0000] {dag.py:3036} INFO - Sync 2 DAGs
[2025-01-23T12:36:03.733+0000] {logging_mixin.py:188} INFO - [2025-01-23T12:36:03.732+0000] {dag.py:3823} INFO - Setting next_dagrun for example_xcom_args to None, run_after=None
[2025-01-23T12:36:03.738+0000] {logging_mixin.py:188} INFO - [2025-01-23T12:36:03.738+0000] {dag.py:3823} INFO - Setting next_dagrun for example_xcom_args_with_operators to None, run_after=None
[2025-01-23T12:36:03.764+0000] {processor.py:183} INFO - Processing /home/airflow/.local/lib/python3.8/site-packages/airflow/example_dags/example_xcomargs.py took 0.105 seconds
[2025-01-23T12:36:34.118+0000] {processor.py:161} INFO - Started process (PID=540) to work on /home/airflow/.local/lib/python3.8/site-packages/airflow/example_dags/example_xcomargs.py
[2025-01-23T12:36:34.120+0000] {processor.py:830} INFO - Processing file /home/airflow/.local/lib/python3.8/site-packages/airflow/example_dags/example_xcomargs.py for tasks to queue
[2025-01-23T12:36:34.122+0000] {logging_mixin.py:188} INFO - [2025-01-23T12:36:34.122+0000] {dagbag.py:538} INFO - Filling up the DagBag from /home/airflow/.local/lib/python3.8/site-packages/airflow/example_dags/example_xcomargs.py
[2025-01-23T12:36:34.132+0000] {processor.py:840} INFO - DAG(s) 'example_xcom_args_with_operators', 'example_xcom_args' retrieved from /home/airflow/.local/lib/python3.8/site-packages/airflow/example_dags/example_xcomargs.py
[2025-01-23T12:36:34.161+0000] {logging_mixin.py:188} INFO - [2025-01-23T12:36:34.161+0000] {dag.py:3036} INFO - Sync 2 DAGs
[2025-01-23T12:36:34.180+0000] {logging_mixin.py:188} INFO - [2025-01-23T12:36:34.179+0000] {dag.py:3823} INFO - Setting next_dagrun for example_xcom_args to None, run_after=None
[2025-01-23T12:36:34.185+0000] {logging_mixin.py:188} INFO - [2025-01-23T12:36:34.185+0000] {dag.py:3823} INFO - Setting next_dagrun for example_xcom_args_with_operators to None, run_after=None
[2025-01-23T12:36:34.208+0000] {processor.py:183} INFO - Processing /home/airflow/.local/lib/python3.8/site-packages/airflow/example_dags/example_xcomargs.py took 0.093 seconds
[2025-01-23T12:37:04.689+0000] {processor.py:161} INFO - Started process (PID=596) to work on /home/airflow/.local/lib/python3.8/site-packages/airflow/example_dags/example_xcomargs.py
[2025-01-23T12:37:04.691+0000] {processor.py:830} INFO - Processing file /home/airflow/.local/lib/python3.8/site-packages/airflow/example_dags/example_xcomargs.py for tasks to queue
[2025-01-23T12:37:04.695+0000] {logging_mixin.py:188} INFO - [2025-01-23T12:37:04.694+0000] {dagbag.py:538} INFO - Filling up the DagBag from /home/airflow/.local/lib/python3.8/site-packages/airflow/example_dags/example_xcomargs.py
[2025-01-23T12:37:04.706+0000] {processor.py:840} INFO - DAG(s) 'example_xcom_args_with_operators', 'example_xcom_args' retrieved from /home/airflow/.local/lib/python3.8/site-packages/airflow/example_dags/example_xcomargs.py
[2025-01-23T12:37:04.735+0000] {logging_mixin.py:188} INFO - [2025-01-23T12:37:04.735+0000] {dag.py:3036} INFO - Sync 2 DAGs
[2025-01-23T12:37:04.752+0000] {logging_mixin.py:188} INFO - [2025-01-23T12:37:04.752+0000] {dag.py:3823} INFO - Setting next_dagrun for example_xcom_args to None, run_after=None
[2025-01-23T12:37:04.757+0000] {logging_mixin.py:188} INFO - [2025-01-23T12:37:04.757+0000] {dag.py:3823} INFO - Setting next_dagrun for example_xcom_args_with_operators to None, run_after=None
[2025-01-23T12:37:04.782+0000] {processor.py:183} INFO - Processing /home/airflow/.local/lib/python3.8/site-packages/airflow/example_dags/example_xcomargs.py took 0.100 seconds
[2025-01-23T12:37:35.273+0000] {processor.py:161} INFO - Started process (PID=652) to work on /home/airflow/.local/lib/python3.8/site-packages/airflow/example_dags/example_xcomargs.py
[2025-01-23T12:37:35.275+0000] {processor.py:830} INFO - Processing file /home/airflow/.local/lib/python3.8/site-packages/airflow/example_dags/example_xcomargs.py for tasks to queue
[2025-01-23T12:37:35.278+0000] {logging_mixin.py:188} INFO - [2025-01-23T12:37:35.278+0000] {dagbag.py:538} INFO - Filling up the DagBag from /home/airflow/.local/lib/python3.8/site-packages/airflow/example_dags/example_xcomargs.py
[2025-01-23T12:37:35.293+0000] {processor.py:840} INFO - DAG(s) 'example_xcom_args', 'example_xcom_args_with_operators' retrieved from /home/airflow/.local/lib/python3.8/site-packages/airflow/example_dags/example_xcomargs.py
[2025-01-23T12:37:35.331+0000] {logging_mixin.py:188} INFO - [2025-01-23T12:37:35.331+0000] {dag.py:3036} INFO - Sync 2 DAGs
[2025-01-23T12:37:35.353+0000] {logging_mixin.py:188} INFO - [2025-01-23T12:37:35.353+0000] {dag.py:3823} INFO - Setting next_dagrun for example_xcom_args to None, run_after=None
[2025-01-23T12:37:35.358+0000] {logging_mixin.py:188} INFO - [2025-01-23T12:37:35.358+0000] {dag.py:3823} INFO - Setting next_dagrun for example_xcom_args_with_operators to None, run_after=None
[2025-01-23T12:37:35.390+0000] {processor.py:183} INFO - Processing /home/airflow/.local/lib/python3.8/site-packages/airflow/example_dags/example_xcomargs.py took 0.122 seconds
[2025-01-23T12:38:05.562+0000] {processor.py:161} INFO - Started process (PID=708) to work on /home/airflow/.local/lib/python3.8/site-packages/airflow/example_dags/example_xcomargs.py
[2025-01-23T12:38:05.564+0000] {processor.py:830} INFO - Processing file /home/airflow/.local/lib/python3.8/site-packages/airflow/example_dags/example_xcomargs.py for tasks to queue
[2025-01-23T12:38:05.567+0000] {logging_mixin.py:188} INFO - [2025-01-23T12:38:05.566+0000] {dagbag.py:538} INFO - Filling up the DagBag from /home/airflow/.local/lib/python3.8/site-packages/airflow/example_dags/example_xcomargs.py
[2025-01-23T12:38:05.582+0000] {processor.py:840} INFO - DAG(s) 'example_xcom_args', 'example_xcom_args_with_operators' retrieved from /home/airflow/.local/lib/python3.8/site-packages/airflow/example_dags/example_xcomargs.py
[2025-01-23T12:38:05.615+0000] {logging_mixin.py:188} INFO - [2025-01-23T12:38:05.615+0000] {dag.py:3036} INFO - Sync 2 DAGs
[2025-01-23T12:38:05.631+0000] {logging_mixin.py:188} INFO - [2025-01-23T12:38:05.631+0000] {dag.py:3823} INFO - Setting next_dagrun for example_xcom_args to None, run_after=None
[2025-01-23T12:38:05.636+0000] {logging_mixin.py:188} INFO - [2025-01-23T12:38:05.636+0000] {dag.py:3823} INFO - Setting next_dagrun for example_xcom_args_with_operators to None, run_after=None
[2025-01-23T12:38:05.658+0000] {processor.py:183} INFO - Processing /home/airflow/.local/lib/python3.8/site-packages/airflow/example_dags/example_xcomargs.py took 0.101 seconds
[2025-01-23T12:38:36.106+0000] {processor.py:161} INFO - Started process (PID=764) to work on /home/airflow/.local/lib/python3.8/site-packages/airflow/example_dags/example_xcomargs.py
[2025-01-23T12:38:36.107+0000] {processor.py:830} INFO - Processing file /home/airflow/.local/lib/python3.8/site-packages/airflow/example_dags/example_xcomargs.py for tasks to queue
[2025-01-23T12:38:36.110+0000] {logging_mixin.py:188} INFO - [2025-01-23T12:38:36.109+0000] {dagbag.py:538} INFO - Filling up the DagBag from /home/airflow/.local/lib/python3.8/site-packages/airflow/example_dags/example_xcomargs.py
[2025-01-23T12:38:36.121+0000] {processor.py:840} INFO - DAG(s) 'example_xcom_args', 'example_xcom_args_with_operators' retrieved from /home/airflow/.local/lib/python3.8/site-packages/airflow/example_dags/example_xcomargs.py
[2025-01-23T12:38:36.159+0000] {logging_mixin.py:188} INFO - [2025-01-23T12:38:36.159+0000] {dag.py:3036} INFO - Sync 2 DAGs
[2025-01-23T12:38:36.179+0000] {logging_mixin.py:188} INFO - [2025-01-23T12:38:36.179+0000] {dag.py:3823} INFO - Setting next_dagrun for example_xcom_args to None, run_after=None
[2025-01-23T12:38:36.184+0000] {logging_mixin.py:188} INFO - [2025-01-23T12:38:36.184+0000] {dag.py:3823} INFO - Setting next_dagrun for example_xcom_args_with_operators to None, run_after=None
[2025-01-23T12:38:36.207+0000] {processor.py:183} INFO - Processing /home/airflow/.local/lib/python3.8/site-packages/airflow/example_dags/example_xcomargs.py took 0.106 seconds
[2025-01-23T12:39:06.990+0000] {processor.py:161} INFO - Started process (PID=820) to work on /home/airflow/.local/lib/python3.8/site-packages/airflow/example_dags/example_xcomargs.py
[2025-01-23T12:39:06.992+0000] {processor.py:830} INFO - Processing file /home/airflow/.local/lib/python3.8/site-packages/airflow/example_dags/example_xcomargs.py for tasks to queue
[2025-01-23T12:39:06.995+0000] {logging_mixin.py:188} INFO - [2025-01-23T12:39:06.995+0000] {dagbag.py:538} INFO - Filling up the DagBag from /home/airflow/.local/lib/python3.8/site-packages/airflow/example_dags/example_xcomargs.py
[2025-01-23T12:39:07.015+0000] {processor.py:840} INFO - DAG(s) 'example_xcom_args', 'example_xcom_args_with_operators' retrieved from /home/airflow/.local/lib/python3.8/site-packages/airflow/example_dags/example_xcomargs.py
[2025-01-23T12:39:07.067+0000] {logging_mixin.py:188} INFO - [2025-01-23T12:39:07.066+0000] {dag.py:3036} INFO - Sync 2 DAGs
[2025-01-23T12:39:07.091+0000] {logging_mixin.py:188} INFO - [2025-01-23T12:39:07.091+0000] {dag.py:3823} INFO - Setting next_dagrun for example_xcom_args to None, run_after=None
[2025-01-23T12:39:07.096+0000] {logging_mixin.py:188} INFO - [2025-01-23T12:39:07.096+0000] {dag.py:3823} INFO - Setting next_dagrun for example_xcom_args_with_operators to None, run_after=None
[2025-01-23T12:39:07.118+0000] {processor.py:183} INFO - Processing /home/airflow/.local/lib/python3.8/site-packages/airflow/example_dags/example_xcomargs.py took 0.133 seconds
