[2025-01-23T09:23:08.902+0000] {processor.py:161} INFO - Started process (PID=110) to work on /home/airflow/.local/lib/python3.8/site-packages/airflow/example_dags/example_task_group.py
[2025-01-23T09:23:08.905+0000] {processor.py:830} INFO - Processing file /home/airflow/.local/lib/python3.8/site-packages/airflow/example_dags/example_task_group.py for tasks to queue
[2025-01-23T09:23:08.910+0000] {logging_mixin.py:188} INFO - [2025-01-23T09:23:08.909+0000] {dagbag.py:538} INFO - Filling up the DagBag from /home/airflow/.local/lib/python3.8/site-packages/airflow/example_dags/example_task_group.py
[2025-01-23T09:23:08.939+0000] {processor.py:840} INFO - DAG(s) 'example_task_group' retrieved from /home/airflow/.local/lib/python3.8/site-packages/airflow/example_dags/example_task_group.py
[2025-01-23T09:23:09.299+0000] {logging_mixin.py:188} INFO - [2025-01-23T09:23:09.299+0000] {dag.py:3036} INFO - Sync 1 DAGs
[2025-01-23T09:23:09.372+0000] {logging_mixin.py:188} INFO - [2025-01-23T09:23:09.372+0000] {dag.py:3823} INFO - Setting next_dagrun for example_task_group to 2025-01-22 00:00:00+00:00, run_after=2025-01-23 00:00:00+00:00
[2025-01-23T09:23:09.436+0000] {processor.py:183} INFO - Processing /home/airflow/.local/lib/python3.8/site-packages/airflow/example_dags/example_task_group.py took 0.543 seconds
[2025-01-23T09:23:39.489+0000] {processor.py:161} INFO - Started process (PID=166) to work on /home/airflow/.local/lib/python3.8/site-packages/airflow/example_dags/example_task_group.py
[2025-01-23T09:23:39.491+0000] {processor.py:830} INFO - Processing file /home/airflow/.local/lib/python3.8/site-packages/airflow/example_dags/example_task_group.py for tasks to queue
[2025-01-23T09:23:39.495+0000] {logging_mixin.py:188} INFO - [2025-01-23T09:23:39.494+0000] {dagbag.py:538} INFO - Filling up the DagBag from /home/airflow/.local/lib/python3.8/site-packages/airflow/example_dags/example_task_group.py
[2025-01-23T09:23:39.512+0000] {processor.py:840} INFO - DAG(s) 'example_task_group' retrieved from /home/airflow/.local/lib/python3.8/site-packages/airflow/example_dags/example_task_group.py
[2025-01-23T09:23:39.580+0000] {logging_mixin.py:188} INFO - [2025-01-23T09:23:39.580+0000] {dag.py:3036} INFO - Sync 1 DAGs
[2025-01-23T09:23:39.656+0000] {logging_mixin.py:188} INFO - [2025-01-23T09:23:39.656+0000] {dag.py:3823} INFO - Setting next_dagrun for example_task_group to 2025-01-22 00:00:00+00:00, run_after=2025-01-23 00:00:00+00:00
[2025-01-23T09:23:39.719+0000] {processor.py:183} INFO - Processing /home/airflow/.local/lib/python3.8/site-packages/airflow/example_dags/example_task_group.py took 0.237 seconds
[2025-01-23T09:24:10.430+0000] {processor.py:161} INFO - Started process (PID=222) to work on /home/airflow/.local/lib/python3.8/site-packages/airflow/example_dags/example_task_group.py
[2025-01-23T09:24:10.433+0000] {processor.py:830} INFO - Processing file /home/airflow/.local/lib/python3.8/site-packages/airflow/example_dags/example_task_group.py for tasks to queue
[2025-01-23T09:24:10.438+0000] {logging_mixin.py:188} INFO - [2025-01-23T09:24:10.437+0000] {dagbag.py:538} INFO - Filling up the DagBag from /home/airflow/.local/lib/python3.8/site-packages/airflow/example_dags/example_task_group.py
[2025-01-23T09:24:10.458+0000] {processor.py:840} INFO - DAG(s) 'example_task_group' retrieved from /home/airflow/.local/lib/python3.8/site-packages/airflow/example_dags/example_task_group.py
[2025-01-23T09:24:10.509+0000] {logging_mixin.py:188} INFO - [2025-01-23T09:24:10.508+0000] {dag.py:3036} INFO - Sync 1 DAGs
[2025-01-23T09:24:10.564+0000] {logging_mixin.py:188} INFO - [2025-01-23T09:24:10.563+0000] {dag.py:3823} INFO - Setting next_dagrun for example_task_group to 2025-01-22 00:00:00+00:00, run_after=2025-01-23 00:00:00+00:00
[2025-01-23T09:24:10.600+0000] {processor.py:183} INFO - Processing /home/airflow/.local/lib/python3.8/site-packages/airflow/example_dags/example_task_group.py took 0.178 seconds
[2025-01-23T09:24:40.767+0000] {processor.py:161} INFO - Started process (PID=278) to work on /home/airflow/.local/lib/python3.8/site-packages/airflow/example_dags/example_task_group.py
[2025-01-23T09:24:40.769+0000] {processor.py:830} INFO - Processing file /home/airflow/.local/lib/python3.8/site-packages/airflow/example_dags/example_task_group.py for tasks to queue
[2025-01-23T09:24:40.773+0000] {logging_mixin.py:188} INFO - [2025-01-23T09:24:40.772+0000] {dagbag.py:538} INFO - Filling up the DagBag from /home/airflow/.local/lib/python3.8/site-packages/airflow/example_dags/example_task_group.py
[2025-01-23T09:24:40.784+0000] {processor.py:840} INFO - DAG(s) 'example_task_group' retrieved from /home/airflow/.local/lib/python3.8/site-packages/airflow/example_dags/example_task_group.py
[2025-01-23T09:24:40.819+0000] {logging_mixin.py:188} INFO - [2025-01-23T09:24:40.818+0000] {dag.py:3036} INFO - Sync 1 DAGs
[2025-01-23T09:24:40.853+0000] {logging_mixin.py:188} INFO - [2025-01-23T09:24:40.853+0000] {dag.py:3823} INFO - Setting next_dagrun for example_task_group to 2025-01-22 00:00:00+00:00, run_after=2025-01-23 00:00:00+00:00
[2025-01-23T09:24:40.884+0000] {processor.py:183} INFO - Processing /home/airflow/.local/lib/python3.8/site-packages/airflow/example_dags/example_task_group.py took 0.121 seconds
[2025-01-23T09:25:11.543+0000] {processor.py:161} INFO - Started process (PID=334) to work on /home/airflow/.local/lib/python3.8/site-packages/airflow/example_dags/example_task_group.py
[2025-01-23T09:25:11.550+0000] {processor.py:830} INFO - Processing file /home/airflow/.local/lib/python3.8/site-packages/airflow/example_dags/example_task_group.py for tasks to queue
[2025-01-23T09:25:11.556+0000] {logging_mixin.py:188} INFO - [2025-01-23T09:25:11.555+0000] {dagbag.py:538} INFO - Filling up the DagBag from /home/airflow/.local/lib/python3.8/site-packages/airflow/example_dags/example_task_group.py
[2025-01-23T09:25:11.591+0000] {processor.py:840} INFO - DAG(s) 'example_task_group' retrieved from /home/airflow/.local/lib/python3.8/site-packages/airflow/example_dags/example_task_group.py
[2025-01-23T09:25:11.663+0000] {logging_mixin.py:188} INFO - [2025-01-23T09:25:11.662+0000] {dag.py:3036} INFO - Sync 1 DAGs
[2025-01-23T09:25:11.743+0000] {logging_mixin.py:188} INFO - [2025-01-23T09:25:11.742+0000] {dag.py:3823} INFO - Setting next_dagrun for example_task_group to 2025-01-22 00:00:00+00:00, run_after=2025-01-23 00:00:00+00:00
[2025-01-23T09:25:11.816+0000] {processor.py:183} INFO - Processing /home/airflow/.local/lib/python3.8/site-packages/airflow/example_dags/example_task_group.py took 0.290 seconds
[2025-01-23T09:25:42.443+0000] {processor.py:161} INFO - Started process (PID=390) to work on /home/airflow/.local/lib/python3.8/site-packages/airflow/example_dags/example_task_group.py
[2025-01-23T09:25:42.447+0000] {processor.py:830} INFO - Processing file /home/airflow/.local/lib/python3.8/site-packages/airflow/example_dags/example_task_group.py for tasks to queue
[2025-01-23T09:25:42.452+0000] {logging_mixin.py:188} INFO - [2025-01-23T09:25:42.451+0000] {dagbag.py:538} INFO - Filling up the DagBag from /home/airflow/.local/lib/python3.8/site-packages/airflow/example_dags/example_task_group.py
[2025-01-23T09:25:42.469+0000] {processor.py:840} INFO - DAG(s) 'example_task_group' retrieved from /home/airflow/.local/lib/python3.8/site-packages/airflow/example_dags/example_task_group.py
[2025-01-23T09:25:42.525+0000] {logging_mixin.py:188} INFO - [2025-01-23T09:25:42.525+0000] {dag.py:3036} INFO - Sync 1 DAGs
[2025-01-23T09:25:42.585+0000] {logging_mixin.py:188} INFO - [2025-01-23T09:25:42.584+0000] {dag.py:3823} INFO - Setting next_dagrun for example_task_group to 2025-01-22 00:00:00+00:00, run_after=2025-01-23 00:00:00+00:00
[2025-01-23T09:25:42.627+0000] {processor.py:183} INFO - Processing /home/airflow/.local/lib/python3.8/site-packages/airflow/example_dags/example_task_group.py took 0.194 seconds
[2025-01-23T09:26:12.709+0000] {processor.py:161} INFO - Started process (PID=446) to work on /home/airflow/.local/lib/python3.8/site-packages/airflow/example_dags/example_task_group.py
[2025-01-23T09:26:12.711+0000] {processor.py:830} INFO - Processing file /home/airflow/.local/lib/python3.8/site-packages/airflow/example_dags/example_task_group.py for tasks to queue
[2025-01-23T09:26:12.715+0000] {logging_mixin.py:188} INFO - [2025-01-23T09:26:12.714+0000] {dagbag.py:538} INFO - Filling up the DagBag from /home/airflow/.local/lib/python3.8/site-packages/airflow/example_dags/example_task_group.py
[2025-01-23T09:26:12.730+0000] {processor.py:840} INFO - DAG(s) 'example_task_group' retrieved from /home/airflow/.local/lib/python3.8/site-packages/airflow/example_dags/example_task_group.py
[2025-01-23T09:26:12.777+0000] {logging_mixin.py:188} INFO - [2025-01-23T09:26:12.777+0000] {dag.py:3036} INFO - Sync 1 DAGs
[2025-01-23T09:26:12.815+0000] {logging_mixin.py:188} INFO - [2025-01-23T09:26:12.815+0000] {dag.py:3823} INFO - Setting next_dagrun for example_task_group to 2025-01-22 00:00:00+00:00, run_after=2025-01-23 00:00:00+00:00
[2025-01-23T09:26:12.854+0000] {processor.py:183} INFO - Processing /home/airflow/.local/lib/python3.8/site-packages/airflow/example_dags/example_task_group.py took 0.152 seconds
[2025-01-23T09:26:43.026+0000] {processor.py:161} INFO - Started process (PID=502) to work on /home/airflow/.local/lib/python3.8/site-packages/airflow/example_dags/example_task_group.py
[2025-01-23T09:26:43.028+0000] {processor.py:830} INFO - Processing file /home/airflow/.local/lib/python3.8/site-packages/airflow/example_dags/example_task_group.py for tasks to queue
[2025-01-23T09:26:43.032+0000] {logging_mixin.py:188} INFO - [2025-01-23T09:26:43.031+0000] {dagbag.py:538} INFO - Filling up the DagBag from /home/airflow/.local/lib/python3.8/site-packages/airflow/example_dags/example_task_group.py
[2025-01-23T09:26:43.047+0000] {processor.py:840} INFO - DAG(s) 'example_task_group' retrieved from /home/airflow/.local/lib/python3.8/site-packages/airflow/example_dags/example_task_group.py
[2025-01-23T09:26:43.095+0000] {logging_mixin.py:188} INFO - [2025-01-23T09:26:43.095+0000] {dag.py:3036} INFO - Sync 1 DAGs
[2025-01-23T09:26:43.131+0000] {logging_mixin.py:188} INFO - [2025-01-23T09:26:43.131+0000] {dag.py:3823} INFO - Setting next_dagrun for example_task_group to 2025-01-22 00:00:00+00:00, run_after=2025-01-23 00:00:00+00:00
[2025-01-23T09:26:43.175+0000] {processor.py:183} INFO - Processing /home/airflow/.local/lib/python3.8/site-packages/airflow/example_dags/example_task_group.py took 0.155 seconds
[2025-01-23T09:27:13.697+0000] {processor.py:161} INFO - Started process (PID=558) to work on /home/airflow/.local/lib/python3.8/site-packages/airflow/example_dags/example_task_group.py
[2025-01-23T09:27:13.699+0000] {processor.py:830} INFO - Processing file /home/airflow/.local/lib/python3.8/site-packages/airflow/example_dags/example_task_group.py for tasks to queue
[2025-01-23T09:27:13.704+0000] {logging_mixin.py:188} INFO - [2025-01-23T09:27:13.703+0000] {dagbag.py:538} INFO - Filling up the DagBag from /home/airflow/.local/lib/python3.8/site-packages/airflow/example_dags/example_task_group.py
[2025-01-23T09:27:13.728+0000] {processor.py:840} INFO - DAG(s) 'example_task_group' retrieved from /home/airflow/.local/lib/python3.8/site-packages/airflow/example_dags/example_task_group.py
[2025-01-23T09:27:13.780+0000] {logging_mixin.py:188} INFO - [2025-01-23T09:27:13.779+0000] {dag.py:3036} INFO - Sync 1 DAGs
[2025-01-23T09:27:13.825+0000] {logging_mixin.py:188} INFO - [2025-01-23T09:27:13.824+0000] {dag.py:3823} INFO - Setting next_dagrun for example_task_group to 2025-01-22 00:00:00+00:00, run_after=2025-01-23 00:00:00+00:00
[2025-01-23T09:27:13.874+0000] {processor.py:183} INFO - Processing /home/airflow/.local/lib/python3.8/site-packages/airflow/example_dags/example_task_group.py took 0.186 seconds
[2025-01-23T09:27:44.035+0000] {processor.py:161} INFO - Started process (PID=614) to work on /home/airflow/.local/lib/python3.8/site-packages/airflow/example_dags/example_task_group.py
[2025-01-23T09:27:44.037+0000] {processor.py:830} INFO - Processing file /home/airflow/.local/lib/python3.8/site-packages/airflow/example_dags/example_task_group.py for tasks to queue
[2025-01-23T09:27:44.040+0000] {logging_mixin.py:188} INFO - [2025-01-23T09:27:44.040+0000] {dagbag.py:538} INFO - Filling up the DagBag from /home/airflow/.local/lib/python3.8/site-packages/airflow/example_dags/example_task_group.py
[2025-01-23T09:27:44.053+0000] {processor.py:840} INFO - DAG(s) 'example_task_group' retrieved from /home/airflow/.local/lib/python3.8/site-packages/airflow/example_dags/example_task_group.py
[2025-01-23T09:27:44.096+0000] {logging_mixin.py:188} INFO - [2025-01-23T09:27:44.095+0000] {dag.py:3036} INFO - Sync 1 DAGs
[2025-01-23T09:27:44.153+0000] {logging_mixin.py:188} INFO - [2025-01-23T09:27:44.153+0000] {dag.py:3823} INFO - Setting next_dagrun for example_task_group to 2025-01-22 00:00:00+00:00, run_after=2025-01-23 00:00:00+00:00
[2025-01-23T09:27:44.200+0000] {processor.py:183} INFO - Processing /home/airflow/.local/lib/python3.8/site-packages/airflow/example_dags/example_task_group.py took 0.171 seconds
[2025-01-23T09:28:14.624+0000] {processor.py:161} INFO - Started process (PID=670) to work on /home/airflow/.local/lib/python3.8/site-packages/airflow/example_dags/example_task_group.py
[2025-01-23T09:28:14.627+0000] {processor.py:830} INFO - Processing file /home/airflow/.local/lib/python3.8/site-packages/airflow/example_dags/example_task_group.py for tasks to queue
[2025-01-23T09:28:14.633+0000] {logging_mixin.py:188} INFO - [2025-01-23T09:28:14.633+0000] {dagbag.py:538} INFO - Filling up the DagBag from /home/airflow/.local/lib/python3.8/site-packages/airflow/example_dags/example_task_group.py
[2025-01-23T09:28:14.654+0000] {processor.py:840} INFO - DAG(s) 'example_task_group' retrieved from /home/airflow/.local/lib/python3.8/site-packages/airflow/example_dags/example_task_group.py
[2025-01-23T09:28:14.733+0000] {logging_mixin.py:188} INFO - [2025-01-23T09:28:14.733+0000] {dag.py:3036} INFO - Sync 1 DAGs
[2025-01-23T09:28:14.809+0000] {logging_mixin.py:188} INFO - [2025-01-23T09:28:14.808+0000] {dag.py:3823} INFO - Setting next_dagrun for example_task_group to 2025-01-22 00:00:00+00:00, run_after=2025-01-23 00:00:00+00:00
[2025-01-23T09:28:14.868+0000] {processor.py:183} INFO - Processing /home/airflow/.local/lib/python3.8/site-packages/airflow/example_dags/example_task_group.py took 0.254 seconds
[2025-01-23T09:28:45.447+0000] {processor.py:161} INFO - Started process (PID=726) to work on /home/airflow/.local/lib/python3.8/site-packages/airflow/example_dags/example_task_group.py
[2025-01-23T09:28:45.450+0000] {processor.py:830} INFO - Processing file /home/airflow/.local/lib/python3.8/site-packages/airflow/example_dags/example_task_group.py for tasks to queue
[2025-01-23T09:28:45.454+0000] {logging_mixin.py:188} INFO - [2025-01-23T09:28:45.454+0000] {dagbag.py:538} INFO - Filling up the DagBag from /home/airflow/.local/lib/python3.8/site-packages/airflow/example_dags/example_task_group.py
[2025-01-23T09:28:45.477+0000] {processor.py:840} INFO - DAG(s) 'example_task_group' retrieved from /home/airflow/.local/lib/python3.8/site-packages/airflow/example_dags/example_task_group.py
[2025-01-23T09:28:45.562+0000] {logging_mixin.py:188} INFO - [2025-01-23T09:28:45.561+0000] {dag.py:3036} INFO - Sync 1 DAGs
[2025-01-23T09:28:45.622+0000] {logging_mixin.py:188} INFO - [2025-01-23T09:28:45.621+0000] {dag.py:3823} INFO - Setting next_dagrun for example_task_group to 2025-01-22 00:00:00+00:00, run_after=2025-01-23 00:00:00+00:00
[2025-01-23T09:28:45.674+0000] {processor.py:183} INFO - Processing /home/airflow/.local/lib/python3.8/site-packages/airflow/example_dags/example_task_group.py took 0.240 seconds
[2025-01-23T09:29:16.404+0000] {processor.py:161} INFO - Started process (PID=783) to work on /home/airflow/.local/lib/python3.8/site-packages/airflow/example_dags/example_task_group.py
[2025-01-23T09:29:16.427+0000] {processor.py:830} INFO - Processing file /home/airflow/.local/lib/python3.8/site-packages/airflow/example_dags/example_task_group.py for tasks to queue
[2025-01-23T09:29:16.433+0000] {logging_mixin.py:188} INFO - [2025-01-23T09:29:16.432+0000] {dagbag.py:538} INFO - Filling up the DagBag from /home/airflow/.local/lib/python3.8/site-packages/airflow/example_dags/example_task_group.py
[2025-01-23T09:29:16.455+0000] {processor.py:840} INFO - DAG(s) 'example_task_group' retrieved from /home/airflow/.local/lib/python3.8/site-packages/airflow/example_dags/example_task_group.py
[2025-01-23T09:29:16.534+0000] {logging_mixin.py:188} INFO - [2025-01-23T09:29:16.533+0000] {dag.py:3036} INFO - Sync 1 DAGs
[2025-01-23T09:29:16.588+0000] {logging_mixin.py:188} INFO - [2025-01-23T09:29:16.587+0000] {dag.py:3823} INFO - Setting next_dagrun for example_task_group to 2025-01-22 00:00:00+00:00, run_after=2025-01-23 00:00:00+00:00
[2025-01-23T09:29:16.733+0000] {processor.py:183} INFO - Processing /home/airflow/.local/lib/python3.8/site-packages/airflow/example_dags/example_task_group.py took 0.340 seconds
[2025-01-23T09:29:46.794+0000] {processor.py:161} INFO - Started process (PID=839) to work on /home/airflow/.local/lib/python3.8/site-packages/airflow/example_dags/example_task_group.py
[2025-01-23T09:29:46.796+0000] {processor.py:830} INFO - Processing file /home/airflow/.local/lib/python3.8/site-packages/airflow/example_dags/example_task_group.py for tasks to queue
[2025-01-23T09:29:46.800+0000] {logging_mixin.py:188} INFO - [2025-01-23T09:29:46.799+0000] {dagbag.py:538} INFO - Filling up the DagBag from /home/airflow/.local/lib/python3.8/site-packages/airflow/example_dags/example_task_group.py
[2025-01-23T09:29:46.813+0000] {processor.py:840} INFO - DAG(s) 'example_task_group' retrieved from /home/airflow/.local/lib/python3.8/site-packages/airflow/example_dags/example_task_group.py
[2025-01-23T09:29:46.852+0000] {logging_mixin.py:188} INFO - [2025-01-23T09:29:46.851+0000] {dag.py:3036} INFO - Sync 1 DAGs
[2025-01-23T09:29:46.893+0000] {logging_mixin.py:188} INFO - [2025-01-23T09:29:46.892+0000] {dag.py:3823} INFO - Setting next_dagrun for example_task_group to 2025-01-22 00:00:00+00:00, run_after=2025-01-23 00:00:00+00:00
[2025-01-23T09:29:46.925+0000] {processor.py:183} INFO - Processing /home/airflow/.local/lib/python3.8/site-packages/airflow/example_dags/example_task_group.py took 0.136 seconds
[2025-01-23T09:30:17.365+0000] {processor.py:161} INFO - Started process (PID=895) to work on /home/airflow/.local/lib/python3.8/site-packages/airflow/example_dags/example_task_group.py
[2025-01-23T09:30:17.370+0000] {processor.py:830} INFO - Processing file /home/airflow/.local/lib/python3.8/site-packages/airflow/example_dags/example_task_group.py for tasks to queue
[2025-01-23T09:30:17.380+0000] {logging_mixin.py:188} INFO - [2025-01-23T09:30:17.376+0000] {dagbag.py:538} INFO - Filling up the DagBag from /home/airflow/.local/lib/python3.8/site-packages/airflow/example_dags/example_task_group.py
[2025-01-23T09:30:17.418+0000] {processor.py:840} INFO - DAG(s) 'example_task_group' retrieved from /home/airflow/.local/lib/python3.8/site-packages/airflow/example_dags/example_task_group.py
[2025-01-23T09:30:17.531+0000] {logging_mixin.py:188} INFO - [2025-01-23T09:30:17.530+0000] {dag.py:3036} INFO - Sync 1 DAGs
[2025-01-23T09:30:17.635+0000] {logging_mixin.py:188} INFO - [2025-01-23T09:30:17.634+0000] {dag.py:3823} INFO - Setting next_dagrun for example_task_group to 2025-01-22 00:00:00+00:00, run_after=2025-01-23 00:00:00+00:00
[2025-01-23T09:30:17.724+0000] {processor.py:183} INFO - Processing /home/airflow/.local/lib/python3.8/site-packages/airflow/example_dags/example_task_group.py took 0.374 seconds
[2025-01-23T09:30:48.852+0000] {processor.py:161} INFO - Started process (PID=951) to work on /home/airflow/.local/lib/python3.8/site-packages/airflow/example_dags/example_task_group.py
[2025-01-23T09:30:48.855+0000] {processor.py:830} INFO - Processing file /home/airflow/.local/lib/python3.8/site-packages/airflow/example_dags/example_task_group.py for tasks to queue
[2025-01-23T09:30:48.858+0000] {logging_mixin.py:188} INFO - [2025-01-23T09:30:48.857+0000] {dagbag.py:538} INFO - Filling up the DagBag from /home/airflow/.local/lib/python3.8/site-packages/airflow/example_dags/example_task_group.py
[2025-01-23T09:30:48.882+0000] {processor.py:840} INFO - DAG(s) 'example_task_group' retrieved from /home/airflow/.local/lib/python3.8/site-packages/airflow/example_dags/example_task_group.py
[2025-01-23T09:30:48.961+0000] {logging_mixin.py:188} INFO - [2025-01-23T09:30:48.961+0000] {dag.py:3036} INFO - Sync 1 DAGs
[2025-01-23T09:30:49.029+0000] {logging_mixin.py:188} INFO - [2025-01-23T09:30:49.028+0000] {dag.py:3823} INFO - Setting next_dagrun for example_task_group to 2025-01-22 00:00:00+00:00, run_after=2025-01-23 00:00:00+00:00
[2025-01-23T09:30:49.071+0000] {processor.py:183} INFO - Processing /home/airflow/.local/lib/python3.8/site-packages/airflow/example_dags/example_task_group.py took 0.229 seconds
[2025-01-23T09:31:19.173+0000] {processor.py:161} INFO - Started process (PID=1005) to work on /home/airflow/.local/lib/python3.8/site-packages/airflow/example_dags/example_task_group.py
[2025-01-23T09:31:19.176+0000] {processor.py:830} INFO - Processing file /home/airflow/.local/lib/python3.8/site-packages/airflow/example_dags/example_task_group.py for tasks to queue
[2025-01-23T09:31:19.179+0000] {logging_mixin.py:188} INFO - [2025-01-23T09:31:19.177+0000] {dagbag.py:538} INFO - Filling up the DagBag from /home/airflow/.local/lib/python3.8/site-packages/airflow/example_dags/example_task_group.py
[2025-01-23T09:31:19.199+0000] {processor.py:840} INFO - DAG(s) 'example_task_group' retrieved from /home/airflow/.local/lib/python3.8/site-packages/airflow/example_dags/example_task_group.py
[2025-01-23T09:31:19.256+0000] {logging_mixin.py:188} INFO - [2025-01-23T09:31:19.256+0000] {dag.py:3036} INFO - Sync 1 DAGs
[2025-01-23T09:31:19.320+0000] {logging_mixin.py:188} INFO - [2025-01-23T09:31:19.320+0000] {dag.py:3823} INFO - Setting next_dagrun for example_task_group to 2025-01-22 00:00:00+00:00, run_after=2025-01-23 00:00:00+00:00
[2025-01-23T09:31:19.375+0000] {processor.py:183} INFO - Processing /home/airflow/.local/lib/python3.8/site-packages/airflow/example_dags/example_task_group.py took 0.208 seconds
[2025-01-23T09:31:49.849+0000] {processor.py:161} INFO - Started process (PID=1062) to work on /home/airflow/.local/lib/python3.8/site-packages/airflow/example_dags/example_task_group.py
[2025-01-23T09:31:49.851+0000] {processor.py:830} INFO - Processing file /home/airflow/.local/lib/python3.8/site-packages/airflow/example_dags/example_task_group.py for tasks to queue
[2025-01-23T09:31:49.853+0000] {logging_mixin.py:188} INFO - [2025-01-23T09:31:49.853+0000] {dagbag.py:538} INFO - Filling up the DagBag from /home/airflow/.local/lib/python3.8/site-packages/airflow/example_dags/example_task_group.py
[2025-01-23T09:31:49.867+0000] {processor.py:840} INFO - DAG(s) 'example_task_group' retrieved from /home/airflow/.local/lib/python3.8/site-packages/airflow/example_dags/example_task_group.py
[2025-01-23T09:31:49.906+0000] {logging_mixin.py:188} INFO - [2025-01-23T09:31:49.906+0000] {dag.py:3036} INFO - Sync 1 DAGs
[2025-01-23T09:31:49.952+0000] {logging_mixin.py:188} INFO - [2025-01-23T09:31:49.952+0000] {dag.py:3823} INFO - Setting next_dagrun for example_task_group to 2025-01-22 00:00:00+00:00, run_after=2025-01-23 00:00:00+00:00
[2025-01-23T09:31:49.988+0000] {processor.py:183} INFO - Processing /home/airflow/.local/lib/python3.8/site-packages/airflow/example_dags/example_task_group.py took 0.146 seconds
[2025-01-23T09:32:20.760+0000] {processor.py:161} INFO - Started process (PID=1118) to work on /home/airflow/.local/lib/python3.8/site-packages/airflow/example_dags/example_task_group.py
[2025-01-23T09:32:20.762+0000] {processor.py:830} INFO - Processing file /home/airflow/.local/lib/python3.8/site-packages/airflow/example_dags/example_task_group.py for tasks to queue
[2025-01-23T09:32:20.764+0000] {logging_mixin.py:188} INFO - [2025-01-23T09:32:20.764+0000] {dagbag.py:538} INFO - Filling up the DagBag from /home/airflow/.local/lib/python3.8/site-packages/airflow/example_dags/example_task_group.py
[2025-01-23T09:32:20.778+0000] {processor.py:840} INFO - DAG(s) 'example_task_group' retrieved from /home/airflow/.local/lib/python3.8/site-packages/airflow/example_dags/example_task_group.py
[2025-01-23T09:32:20.820+0000] {logging_mixin.py:188} INFO - [2025-01-23T09:32:20.820+0000] {dag.py:3036} INFO - Sync 1 DAGs
[2025-01-23T09:32:20.874+0000] {logging_mixin.py:188} INFO - [2025-01-23T09:32:20.874+0000] {dag.py:3823} INFO - Setting next_dagrun for example_task_group to 2025-01-22 00:00:00+00:00, run_after=2025-01-23 00:00:00+00:00
[2025-01-23T09:32:20.935+0000] {processor.py:183} INFO - Processing /home/airflow/.local/lib/python3.8/site-packages/airflow/example_dags/example_task_group.py took 0.180 seconds
[2025-01-23T09:32:51.657+0000] {processor.py:161} INFO - Started process (PID=1174) to work on /home/airflow/.local/lib/python3.8/site-packages/airflow/example_dags/example_task_group.py
[2025-01-23T09:32:51.660+0000] {processor.py:830} INFO - Processing file /home/airflow/.local/lib/python3.8/site-packages/airflow/example_dags/example_task_group.py for tasks to queue
[2025-01-23T09:32:51.661+0000] {logging_mixin.py:188} INFO - [2025-01-23T09:32:51.661+0000] {dagbag.py:538} INFO - Filling up the DagBag from /home/airflow/.local/lib/python3.8/site-packages/airflow/example_dags/example_task_group.py
[2025-01-23T09:32:51.675+0000] {processor.py:840} INFO - DAG(s) 'example_task_group' retrieved from /home/airflow/.local/lib/python3.8/site-packages/airflow/example_dags/example_task_group.py
[2025-01-23T09:32:51.721+0000] {logging_mixin.py:188} INFO - [2025-01-23T09:32:51.718+0000] {dag.py:3036} INFO - Sync 1 DAGs
[2025-01-23T09:32:51.764+0000] {logging_mixin.py:188} INFO - [2025-01-23T09:32:51.764+0000] {dag.py:3823} INFO - Setting next_dagrun for example_task_group to 2025-01-22 00:00:00+00:00, run_after=2025-01-23 00:00:00+00:00
[2025-01-23T09:32:51.798+0000] {processor.py:183} INFO - Processing /home/airflow/.local/lib/python3.8/site-packages/airflow/example_dags/example_task_group.py took 0.148 seconds
[2025-01-23T09:33:21.941+0000] {processor.py:161} INFO - Started process (PID=1230) to work on /home/airflow/.local/lib/python3.8/site-packages/airflow/example_dags/example_task_group.py
[2025-01-23T09:33:21.943+0000] {processor.py:830} INFO - Processing file /home/airflow/.local/lib/python3.8/site-packages/airflow/example_dags/example_task_group.py for tasks to queue
[2025-01-23T09:33:21.946+0000] {logging_mixin.py:188} INFO - [2025-01-23T09:33:21.945+0000] {dagbag.py:538} INFO - Filling up the DagBag from /home/airflow/.local/lib/python3.8/site-packages/airflow/example_dags/example_task_group.py
[2025-01-23T09:33:21.965+0000] {processor.py:840} INFO - DAG(s) 'example_task_group' retrieved from /home/airflow/.local/lib/python3.8/site-packages/airflow/example_dags/example_task_group.py
[2025-01-23T09:33:22.022+0000] {logging_mixin.py:188} INFO - [2025-01-23T09:33:22.021+0000] {dag.py:3036} INFO - Sync 1 DAGs
[2025-01-23T09:33:22.086+0000] {logging_mixin.py:188} INFO - [2025-01-23T09:33:22.086+0000] {dag.py:3823} INFO - Setting next_dagrun for example_task_group to 2025-01-22 00:00:00+00:00, run_after=2025-01-23 00:00:00+00:00
[2025-01-23T09:33:22.126+0000] {processor.py:183} INFO - Processing /home/airflow/.local/lib/python3.8/site-packages/airflow/example_dags/example_task_group.py took 0.193 seconds
[2025-01-23T09:33:53.364+0000] {processor.py:161} INFO - Started process (PID=1286) to work on /home/airflow/.local/lib/python3.8/site-packages/airflow/example_dags/example_task_group.py
[2025-01-23T09:33:53.367+0000] {processor.py:830} INFO - Processing file /home/airflow/.local/lib/python3.8/site-packages/airflow/example_dags/example_task_group.py for tasks to queue
[2025-01-23T09:33:53.369+0000] {logging_mixin.py:188} INFO - [2025-01-23T09:33:53.368+0000] {dagbag.py:538} INFO - Filling up the DagBag from /home/airflow/.local/lib/python3.8/site-packages/airflow/example_dags/example_task_group.py
[2025-01-23T09:33:53.386+0000] {processor.py:840} INFO - DAG(s) 'example_task_group' retrieved from /home/airflow/.local/lib/python3.8/site-packages/airflow/example_dags/example_task_group.py
[2025-01-23T09:33:53.423+0000] {logging_mixin.py:188} INFO - [2025-01-23T09:33:53.423+0000] {dag.py:3036} INFO - Sync 1 DAGs
[2025-01-23T09:33:53.459+0000] {logging_mixin.py:188} INFO - [2025-01-23T09:33:53.458+0000] {dag.py:3823} INFO - Setting next_dagrun for example_task_group to 2025-01-22 00:00:00+00:00, run_after=2025-01-23 00:00:00+00:00
[2025-01-23T09:33:53.488+0000] {processor.py:183} INFO - Processing /home/airflow/.local/lib/python3.8/site-packages/airflow/example_dags/example_task_group.py took 0.133 seconds
[2025-01-23T09:34:24.275+0000] {processor.py:161} INFO - Started process (PID=1342) to work on /home/airflow/.local/lib/python3.8/site-packages/airflow/example_dags/example_task_group.py
[2025-01-23T09:34:24.278+0000] {processor.py:830} INFO - Processing file /home/airflow/.local/lib/python3.8/site-packages/airflow/example_dags/example_task_group.py for tasks to queue
[2025-01-23T09:34:24.280+0000] {logging_mixin.py:188} INFO - [2025-01-23T09:34:24.279+0000] {dagbag.py:538} INFO - Filling up the DagBag from /home/airflow/.local/lib/python3.8/site-packages/airflow/example_dags/example_task_group.py
[2025-01-23T09:34:24.295+0000] {processor.py:840} INFO - DAG(s) 'example_task_group' retrieved from /home/airflow/.local/lib/python3.8/site-packages/airflow/example_dags/example_task_group.py
[2025-01-23T09:34:24.343+0000] {logging_mixin.py:188} INFO - [2025-01-23T09:34:24.343+0000] {dag.py:3036} INFO - Sync 1 DAGs
[2025-01-23T09:34:24.387+0000] {logging_mixin.py:188} INFO - [2025-01-23T09:34:24.386+0000] {dag.py:3823} INFO - Setting next_dagrun for example_task_group to 2025-01-22 00:00:00+00:00, run_after=2025-01-23 00:00:00+00:00
[2025-01-23T09:34:24.441+0000] {processor.py:183} INFO - Processing /home/airflow/.local/lib/python3.8/site-packages/airflow/example_dags/example_task_group.py took 0.172 seconds
[2025-01-23T09:34:54.506+0000] {processor.py:161} INFO - Started process (PID=1398) to work on /home/airflow/.local/lib/python3.8/site-packages/airflow/example_dags/example_task_group.py
[2025-01-23T09:34:54.509+0000] {processor.py:830} INFO - Processing file /home/airflow/.local/lib/python3.8/site-packages/airflow/example_dags/example_task_group.py for tasks to queue
[2025-01-23T09:34:54.511+0000] {logging_mixin.py:188} INFO - [2025-01-23T09:34:54.510+0000] {dagbag.py:538} INFO - Filling up the DagBag from /home/airflow/.local/lib/python3.8/site-packages/airflow/example_dags/example_task_group.py
[2025-01-23T09:34:54.531+0000] {processor.py:840} INFO - DAG(s) 'example_task_group' retrieved from /home/airflow/.local/lib/python3.8/site-packages/airflow/example_dags/example_task_group.py
[2025-01-23T09:34:54.579+0000] {logging_mixin.py:188} INFO - [2025-01-23T09:34:54.579+0000] {dag.py:3036} INFO - Sync 1 DAGs
[2025-01-23T09:34:54.636+0000] {logging_mixin.py:188} INFO - [2025-01-23T09:34:54.635+0000] {dag.py:3823} INFO - Setting next_dagrun for example_task_group to 2025-01-22 00:00:00+00:00, run_after=2025-01-23 00:00:00+00:00
[2025-01-23T09:34:54.680+0000] {processor.py:183} INFO - Processing /home/airflow/.local/lib/python3.8/site-packages/airflow/example_dags/example_task_group.py took 0.181 seconds
[2025-01-23T09:35:25.670+0000] {processor.py:161} INFO - Started process (PID=1455) to work on /home/airflow/.local/lib/python3.8/site-packages/airflow/example_dags/example_task_group.py
[2025-01-23T09:35:25.673+0000] {processor.py:830} INFO - Processing file /home/airflow/.local/lib/python3.8/site-packages/airflow/example_dags/example_task_group.py for tasks to queue
[2025-01-23T09:35:25.676+0000] {logging_mixin.py:188} INFO - [2025-01-23T09:35:25.675+0000] {dagbag.py:538} INFO - Filling up the DagBag from /home/airflow/.local/lib/python3.8/site-packages/airflow/example_dags/example_task_group.py
[2025-01-23T09:35:25.711+0000] {processor.py:840} INFO - DAG(s) 'example_task_group' retrieved from /home/airflow/.local/lib/python3.8/site-packages/airflow/example_dags/example_task_group.py
[2025-01-23T09:35:25.799+0000] {logging_mixin.py:188} INFO - [2025-01-23T09:35:25.798+0000] {dag.py:3036} INFO - Sync 1 DAGs
[2025-01-23T09:35:25.873+0000] {logging_mixin.py:188} INFO - [2025-01-23T09:35:25.873+0000] {dag.py:3823} INFO - Setting next_dagrun for example_task_group to 2025-01-22 00:00:00+00:00, run_after=2025-01-23 00:00:00+00:00
[2025-01-23T09:35:25.913+0000] {processor.py:183} INFO - Processing /home/airflow/.local/lib/python3.8/site-packages/airflow/example_dags/example_task_group.py took 0.260 seconds
[2025-01-23T09:35:56.432+0000] {processor.py:161} INFO - Started process (PID=1511) to work on /home/airflow/.local/lib/python3.8/site-packages/airflow/example_dags/example_task_group.py
[2025-01-23T09:35:56.434+0000] {processor.py:830} INFO - Processing file /home/airflow/.local/lib/python3.8/site-packages/airflow/example_dags/example_task_group.py for tasks to queue
[2025-01-23T09:35:56.437+0000] {logging_mixin.py:188} INFO - [2025-01-23T09:35:56.436+0000] {dagbag.py:538} INFO - Filling up the DagBag from /home/airflow/.local/lib/python3.8/site-packages/airflow/example_dags/example_task_group.py
[2025-01-23T09:35:56.456+0000] {processor.py:840} INFO - DAG(s) 'example_task_group' retrieved from /home/airflow/.local/lib/python3.8/site-packages/airflow/example_dags/example_task_group.py
[2025-01-23T09:35:56.504+0000] {logging_mixin.py:188} INFO - [2025-01-23T09:35:56.503+0000] {dag.py:3036} INFO - Sync 1 DAGs
[2025-01-23T09:35:56.557+0000] {logging_mixin.py:188} INFO - [2025-01-23T09:35:56.556+0000] {dag.py:3823} INFO - Setting next_dagrun for example_task_group to 2025-01-22 00:00:00+00:00, run_after=2025-01-23 00:00:00+00:00
[2025-01-23T09:35:56.639+0000] {processor.py:183} INFO - Processing /home/airflow/.local/lib/python3.8/site-packages/airflow/example_dags/example_task_group.py took 0.222 seconds
[2025-01-23T09:36:26.764+0000] {processor.py:161} INFO - Started process (PID=1567) to work on /home/airflow/.local/lib/python3.8/site-packages/airflow/example_dags/example_task_group.py
[2025-01-23T09:36:26.766+0000] {processor.py:830} INFO - Processing file /home/airflow/.local/lib/python3.8/site-packages/airflow/example_dags/example_task_group.py for tasks to queue
[2025-01-23T09:36:26.768+0000] {logging_mixin.py:188} INFO - [2025-01-23T09:36:26.768+0000] {dagbag.py:538} INFO - Filling up the DagBag from /home/airflow/.local/lib/python3.8/site-packages/airflow/example_dags/example_task_group.py
[2025-01-23T09:36:26.781+0000] {processor.py:840} INFO - DAG(s) 'example_task_group' retrieved from /home/airflow/.local/lib/python3.8/site-packages/airflow/example_dags/example_task_group.py
[2025-01-23T09:36:26.821+0000] {logging_mixin.py:188} INFO - [2025-01-23T09:36:26.820+0000] {dag.py:3036} INFO - Sync 1 DAGs
[2025-01-23T09:36:26.861+0000] {logging_mixin.py:188} INFO - [2025-01-23T09:36:26.861+0000] {dag.py:3823} INFO - Setting next_dagrun for example_task_group to 2025-01-22 00:00:00+00:00, run_after=2025-01-23 00:00:00+00:00
[2025-01-23T09:36:26.902+0000] {processor.py:183} INFO - Processing /home/airflow/.local/lib/python3.8/site-packages/airflow/example_dags/example_task_group.py took 0.145 seconds
[2025-01-23T09:36:57.246+0000] {processor.py:161} INFO - Started process (PID=1623) to work on /home/airflow/.local/lib/python3.8/site-packages/airflow/example_dags/example_task_group.py
[2025-01-23T09:36:57.250+0000] {processor.py:830} INFO - Processing file /home/airflow/.local/lib/python3.8/site-packages/airflow/example_dags/example_task_group.py for tasks to queue
[2025-01-23T09:36:57.258+0000] {logging_mixin.py:188} INFO - [2025-01-23T09:36:57.257+0000] {dagbag.py:538} INFO - Filling up the DagBag from /home/airflow/.local/lib/python3.8/site-packages/airflow/example_dags/example_task_group.py
[2025-01-23T09:36:57.298+0000] {processor.py:840} INFO - DAG(s) 'example_task_group' retrieved from /home/airflow/.local/lib/python3.8/site-packages/airflow/example_dags/example_task_group.py
[2025-01-23T09:36:57.431+0000] {logging_mixin.py:188} INFO - [2025-01-23T09:36:57.430+0000] {dag.py:3036} INFO - Sync 1 DAGs
[2025-01-23T09:36:57.574+0000] {logging_mixin.py:188} INFO - [2025-01-23T09:36:57.573+0000] {dag.py:3823} INFO - Setting next_dagrun for example_task_group to 2025-01-22 00:00:00+00:00, run_after=2025-01-23 00:00:00+00:00
[2025-01-23T09:36:57.691+0000] {processor.py:183} INFO - Processing /home/airflow/.local/lib/python3.8/site-packages/airflow/example_dags/example_task_group.py took 0.466 seconds
[2025-01-23T09:37:28.623+0000] {processor.py:161} INFO - Started process (PID=1679) to work on /home/airflow/.local/lib/python3.8/site-packages/airflow/example_dags/example_task_group.py
[2025-01-23T09:37:28.625+0000] {processor.py:830} INFO - Processing file /home/airflow/.local/lib/python3.8/site-packages/airflow/example_dags/example_task_group.py for tasks to queue
[2025-01-23T09:37:28.628+0000] {logging_mixin.py:188} INFO - [2025-01-23T09:37:28.627+0000] {dagbag.py:538} INFO - Filling up the DagBag from /home/airflow/.local/lib/python3.8/site-packages/airflow/example_dags/example_task_group.py
[2025-01-23T09:37:28.650+0000] {processor.py:840} INFO - DAG(s) 'example_task_group' retrieved from /home/airflow/.local/lib/python3.8/site-packages/airflow/example_dags/example_task_group.py
[2025-01-23T09:37:28.700+0000] {logging_mixin.py:188} INFO - [2025-01-23T09:37:28.700+0000] {dag.py:3036} INFO - Sync 1 DAGs
[2025-01-23T09:37:28.740+0000] {logging_mixin.py:188} INFO - [2025-01-23T09:37:28.739+0000] {dag.py:3823} INFO - Setting next_dagrun for example_task_group to 2025-01-22 00:00:00+00:00, run_after=2025-01-23 00:00:00+00:00
[2025-01-23T09:37:28.779+0000] {processor.py:183} INFO - Processing /home/airflow/.local/lib/python3.8/site-packages/airflow/example_dags/example_task_group.py took 0.165 seconds
[2025-01-23T09:37:59.084+0000] {processor.py:161} INFO - Started process (PID=1735) to work on /home/airflow/.local/lib/python3.8/site-packages/airflow/example_dags/example_task_group.py
[2025-01-23T09:37:59.086+0000] {processor.py:830} INFO - Processing file /home/airflow/.local/lib/python3.8/site-packages/airflow/example_dags/example_task_group.py for tasks to queue
[2025-01-23T09:37:59.089+0000] {logging_mixin.py:188} INFO - [2025-01-23T09:37:59.088+0000] {dagbag.py:538} INFO - Filling up the DagBag from /home/airflow/.local/lib/python3.8/site-packages/airflow/example_dags/example_task_group.py
[2025-01-23T09:37:59.105+0000] {processor.py:840} INFO - DAG(s) 'example_task_group' retrieved from /home/airflow/.local/lib/python3.8/site-packages/airflow/example_dags/example_task_group.py
[2025-01-23T09:37:59.160+0000] {logging_mixin.py:188} INFO - [2025-01-23T09:37:59.158+0000] {dag.py:3036} INFO - Sync 1 DAGs
[2025-01-23T09:37:59.211+0000] {logging_mixin.py:188} INFO - [2025-01-23T09:37:59.211+0000] {dag.py:3823} INFO - Setting next_dagrun for example_task_group to 2025-01-22 00:00:00+00:00, run_after=2025-01-23 00:00:00+00:00
[2025-01-23T09:37:59.255+0000] {processor.py:183} INFO - Processing /home/airflow/.local/lib/python3.8/site-packages/airflow/example_dags/example_task_group.py took 0.178 seconds
[2025-01-23T09:38:30.189+0000] {processor.py:161} INFO - Started process (PID=1792) to work on /home/airflow/.local/lib/python3.8/site-packages/airflow/example_dags/example_task_group.py
[2025-01-23T09:38:30.192+0000] {processor.py:830} INFO - Processing file /home/airflow/.local/lib/python3.8/site-packages/airflow/example_dags/example_task_group.py for tasks to queue
[2025-01-23T09:38:30.197+0000] {logging_mixin.py:188} INFO - [2025-01-23T09:38:30.195+0000] {dagbag.py:538} INFO - Filling up the DagBag from /home/airflow/.local/lib/python3.8/site-packages/airflow/example_dags/example_task_group.py
[2025-01-23T09:38:30.257+0000] {processor.py:840} INFO - DAG(s) 'example_task_group' retrieved from /home/airflow/.local/lib/python3.8/site-packages/airflow/example_dags/example_task_group.py
[2025-01-23T09:38:30.418+0000] {logging_mixin.py:188} INFO - [2025-01-23T09:38:30.416+0000] {dag.py:3036} INFO - Sync 1 DAGs
[2025-01-23T09:38:30.575+0000] {logging_mixin.py:188} INFO - [2025-01-23T09:38:30.574+0000] {dag.py:3823} INFO - Setting next_dagrun for example_task_group to 2025-01-22 00:00:00+00:00, run_after=2025-01-23 00:00:00+00:00
[2025-01-23T09:38:30.680+0000] {processor.py:183} INFO - Processing /home/airflow/.local/lib/python3.8/site-packages/airflow/example_dags/example_task_group.py took 0.502 seconds
[2025-01-23T09:39:00.766+0000] {processor.py:161} INFO - Started process (PID=1848) to work on /home/airflow/.local/lib/python3.8/site-packages/airflow/example_dags/example_task_group.py
[2025-01-23T09:39:00.769+0000] {processor.py:830} INFO - Processing file /home/airflow/.local/lib/python3.8/site-packages/airflow/example_dags/example_task_group.py for tasks to queue
[2025-01-23T09:39:00.772+0000] {logging_mixin.py:188} INFO - [2025-01-23T09:39:00.771+0000] {dagbag.py:538} INFO - Filling up the DagBag from /home/airflow/.local/lib/python3.8/site-packages/airflow/example_dags/example_task_group.py
[2025-01-23T09:39:00.812+0000] {processor.py:840} INFO - DAG(s) 'example_task_group' retrieved from /home/airflow/.local/lib/python3.8/site-packages/airflow/example_dags/example_task_group.py
[2025-01-23T09:39:00.883+0000] {logging_mixin.py:188} INFO - [2025-01-23T09:39:00.882+0000] {dag.py:3036} INFO - Sync 1 DAGs
[2025-01-23T09:39:00.973+0000] {logging_mixin.py:188} INFO - [2025-01-23T09:39:00.972+0000] {dag.py:3823} INFO - Setting next_dagrun for example_task_group to 2025-01-22 00:00:00+00:00, run_after=2025-01-23 00:00:00+00:00
[2025-01-23T09:39:01.036+0000] {processor.py:183} INFO - Processing /home/airflow/.local/lib/python3.8/site-packages/airflow/example_dags/example_task_group.py took 0.284 seconds
[2025-01-23T09:39:31.441+0000] {processor.py:161} INFO - Started process (PID=1904) to work on /home/airflow/.local/lib/python3.8/site-packages/airflow/example_dags/example_task_group.py
[2025-01-23T09:39:31.453+0000] {processor.py:830} INFO - Processing file /home/airflow/.local/lib/python3.8/site-packages/airflow/example_dags/example_task_group.py for tasks to queue
[2025-01-23T09:39:31.456+0000] {logging_mixin.py:188} INFO - [2025-01-23T09:39:31.455+0000] {dagbag.py:538} INFO - Filling up the DagBag from /home/airflow/.local/lib/python3.8/site-packages/airflow/example_dags/example_task_group.py
[2025-01-23T09:39:31.500+0000] {processor.py:840} INFO - DAG(s) 'example_task_group' retrieved from /home/airflow/.local/lib/python3.8/site-packages/airflow/example_dags/example_task_group.py
[2025-01-23T09:39:31.574+0000] {logging_mixin.py:188} INFO - [2025-01-23T09:39:31.574+0000] {dag.py:3036} INFO - Sync 1 DAGs
[2025-01-23T09:39:31.628+0000] {logging_mixin.py:188} INFO - [2025-01-23T09:39:31.627+0000] {dag.py:3823} INFO - Setting next_dagrun for example_task_group to 2025-01-22 00:00:00+00:00, run_after=2025-01-23 00:00:00+00:00
[2025-01-23T09:39:31.693+0000] {processor.py:183} INFO - Processing /home/airflow/.local/lib/python3.8/site-packages/airflow/example_dags/example_task_group.py took 0.262 seconds
[2025-01-23T09:40:02.291+0000] {processor.py:161} INFO - Started process (PID=1960) to work on /home/airflow/.local/lib/python3.8/site-packages/airflow/example_dags/example_task_group.py
[2025-01-23T09:40:02.294+0000] {processor.py:830} INFO - Processing file /home/airflow/.local/lib/python3.8/site-packages/airflow/example_dags/example_task_group.py for tasks to queue
[2025-01-23T09:40:02.299+0000] {logging_mixin.py:188} INFO - [2025-01-23T09:40:02.298+0000] {dagbag.py:538} INFO - Filling up the DagBag from /home/airflow/.local/lib/python3.8/site-packages/airflow/example_dags/example_task_group.py
[2025-01-23T09:40:02.324+0000] {processor.py:840} INFO - DAG(s) 'example_task_group' retrieved from /home/airflow/.local/lib/python3.8/site-packages/airflow/example_dags/example_task_group.py
[2025-01-23T09:40:02.380+0000] {logging_mixin.py:188} INFO - [2025-01-23T09:40:02.379+0000] {dag.py:3036} INFO - Sync 1 DAGs
[2025-01-23T09:40:02.453+0000] {logging_mixin.py:188} INFO - [2025-01-23T09:40:02.452+0000] {dag.py:3823} INFO - Setting next_dagrun for example_task_group to 2025-01-22 00:00:00+00:00, run_after=2025-01-23 00:00:00+00:00
[2025-01-23T09:40:02.513+0000] {processor.py:183} INFO - Processing /home/airflow/.local/lib/python3.8/site-packages/airflow/example_dags/example_task_group.py took 0.229 seconds
[2025-01-23T09:40:32.608+0000] {processor.py:161} INFO - Started process (PID=2017) to work on /home/airflow/.local/lib/python3.8/site-packages/airflow/example_dags/example_task_group.py
[2025-01-23T09:40:32.611+0000] {processor.py:830} INFO - Processing file /home/airflow/.local/lib/python3.8/site-packages/airflow/example_dags/example_task_group.py for tasks to queue
[2025-01-23T09:40:32.615+0000] {logging_mixin.py:188} INFO - [2025-01-23T09:40:32.614+0000] {dagbag.py:538} INFO - Filling up the DagBag from /home/airflow/.local/lib/python3.8/site-packages/airflow/example_dags/example_task_group.py
[2025-01-23T09:40:32.643+0000] {processor.py:840} INFO - DAG(s) 'example_task_group' retrieved from /home/airflow/.local/lib/python3.8/site-packages/airflow/example_dags/example_task_group.py
[2025-01-23T09:40:32.705+0000] {logging_mixin.py:188} INFO - [2025-01-23T09:40:32.705+0000] {dag.py:3036} INFO - Sync 1 DAGs
[2025-01-23T09:40:32.763+0000] {logging_mixin.py:188} INFO - [2025-01-23T09:40:32.763+0000] {dag.py:3823} INFO - Setting next_dagrun for example_task_group to 2025-01-22 00:00:00+00:00, run_after=2025-01-23 00:00:00+00:00
[2025-01-23T09:40:32.808+0000] {processor.py:183} INFO - Processing /home/airflow/.local/lib/python3.8/site-packages/airflow/example_dags/example_task_group.py took 0.210 seconds
[2025-01-23T09:41:03.274+0000] {processor.py:161} INFO - Started process (PID=2073) to work on /home/airflow/.local/lib/python3.8/site-packages/airflow/example_dags/example_task_group.py
[2025-01-23T09:41:03.277+0000] {processor.py:830} INFO - Processing file /home/airflow/.local/lib/python3.8/site-packages/airflow/example_dags/example_task_group.py for tasks to queue
[2025-01-23T09:41:03.286+0000] {logging_mixin.py:188} INFO - [2025-01-23T09:41:03.281+0000] {dagbag.py:538} INFO - Filling up the DagBag from /home/airflow/.local/lib/python3.8/site-packages/airflow/example_dags/example_task_group.py
[2025-01-23T09:41:03.337+0000] {processor.py:840} INFO - DAG(s) 'example_task_group' retrieved from /home/airflow/.local/lib/python3.8/site-packages/airflow/example_dags/example_task_group.py
[2025-01-23T09:41:03.468+0000] {logging_mixin.py:188} INFO - [2025-01-23T09:41:03.467+0000] {dag.py:3036} INFO - Sync 1 DAGs
[2025-01-23T09:41:03.672+0000] {logging_mixin.py:188} INFO - [2025-01-23T09:41:03.671+0000] {dag.py:3823} INFO - Setting next_dagrun for example_task_group to 2025-01-22 00:00:00+00:00, run_after=2025-01-23 00:00:00+00:00
[2025-01-23T09:41:03.793+0000] {processor.py:183} INFO - Processing /home/airflow/.local/lib/python3.8/site-packages/airflow/example_dags/example_task_group.py took 0.550 seconds
[2025-01-23T09:41:34.604+0000] {processor.py:161} INFO - Started process (PID=2136) to work on /home/airflow/.local/lib/python3.8/site-packages/airflow/example_dags/example_task_group.py
[2025-01-23T09:41:34.608+0000] {processor.py:830} INFO - Processing file /home/airflow/.local/lib/python3.8/site-packages/airflow/example_dags/example_task_group.py for tasks to queue
[2025-01-23T09:41:34.611+0000] {logging_mixin.py:188} INFO - [2025-01-23T09:41:34.610+0000] {dagbag.py:538} INFO - Filling up the DagBag from /home/airflow/.local/lib/python3.8/site-packages/airflow/example_dags/example_task_group.py
[2025-01-23T09:41:34.652+0000] {processor.py:840} INFO - DAG(s) 'example_task_group' retrieved from /home/airflow/.local/lib/python3.8/site-packages/airflow/example_dags/example_task_group.py
[2025-01-23T09:41:34.776+0000] {logging_mixin.py:188} INFO - [2025-01-23T09:41:34.775+0000] {dag.py:3036} INFO - Sync 1 DAGs
[2025-01-23T09:41:34.860+0000] {logging_mixin.py:188} INFO - [2025-01-23T09:41:34.859+0000] {dag.py:3823} INFO - Setting next_dagrun for example_task_group to 2025-01-22 00:00:00+00:00, run_after=2025-01-23 00:00:00+00:00
[2025-01-23T09:41:34.930+0000] {processor.py:183} INFO - Processing /home/airflow/.local/lib/python3.8/site-packages/airflow/example_dags/example_task_group.py took 0.343 seconds
[2025-01-23T09:42:11.736+0000] {processor.py:161} INFO - Started process (PID=2192) to work on /home/airflow/.local/lib/python3.8/site-packages/airflow/example_dags/example_task_group.py
[2025-01-23T09:42:11.753+0000] {processor.py:830} INFO - Processing file /home/airflow/.local/lib/python3.8/site-packages/airflow/example_dags/example_task_group.py for tasks to queue
[2025-01-23T09:42:11.762+0000] {logging_mixin.py:188} INFO - [2025-01-23T09:42:11.761+0000] {dagbag.py:538} INFO - Filling up the DagBag from /home/airflow/.local/lib/python3.8/site-packages/airflow/example_dags/example_task_group.py
[2025-01-23T09:42:11.832+0000] {processor.py:840} INFO - DAG(s) 'example_task_group' retrieved from /home/airflow/.local/lib/python3.8/site-packages/airflow/example_dags/example_task_group.py
[2025-01-23T09:42:12.126+0000] {logging_mixin.py:188} INFO - [2025-01-23T09:42:12.125+0000] {dag.py:3036} INFO - Sync 1 DAGs
[2025-01-23T09:42:12.404+0000] {logging_mixin.py:188} INFO - [2025-01-23T09:42:12.393+0000] {dag.py:3823} INFO - Setting next_dagrun for example_task_group to 2025-01-22 00:00:00+00:00, run_after=2025-01-23 00:00:00+00:00
[2025-01-23T09:42:12.706+0000] {processor.py:183} INFO - Processing /home/airflow/.local/lib/python3.8/site-packages/airflow/example_dags/example_task_group.py took 1.018 seconds
[2025-01-23T09:42:43.375+0000] {processor.py:161} INFO - Started process (PID=2248) to work on /home/airflow/.local/lib/python3.8/site-packages/airflow/example_dags/example_task_group.py
[2025-01-23T09:42:43.378+0000] {processor.py:830} INFO - Processing file /home/airflow/.local/lib/python3.8/site-packages/airflow/example_dags/example_task_group.py for tasks to queue
[2025-01-23T09:42:43.383+0000] {logging_mixin.py:188} INFO - [2025-01-23T09:42:43.382+0000] {dagbag.py:538} INFO - Filling up the DagBag from /home/airflow/.local/lib/python3.8/site-packages/airflow/example_dags/example_task_group.py
[2025-01-23T09:42:43.414+0000] {processor.py:840} INFO - DAG(s) 'example_task_group' retrieved from /home/airflow/.local/lib/python3.8/site-packages/airflow/example_dags/example_task_group.py
[2025-01-23T09:42:43.513+0000] {logging_mixin.py:188} INFO - [2025-01-23T09:42:43.512+0000] {dag.py:3036} INFO - Sync 1 DAGs
[2025-01-23T09:42:43.638+0000] {logging_mixin.py:188} INFO - [2025-01-23T09:42:43.637+0000] {dag.py:3823} INFO - Setting next_dagrun for example_task_group to 2025-01-22 00:00:00+00:00, run_after=2025-01-23 00:00:00+00:00
[2025-01-23T09:42:43.736+0000] {processor.py:183} INFO - Processing /home/airflow/.local/lib/python3.8/site-packages/airflow/example_dags/example_task_group.py took 0.376 seconds
[2025-01-23T09:43:14.410+0000] {processor.py:161} INFO - Started process (PID=2304) to work on /home/airflow/.local/lib/python3.8/site-packages/airflow/example_dags/example_task_group.py
[2025-01-23T09:43:14.412+0000] {processor.py:830} INFO - Processing file /home/airflow/.local/lib/python3.8/site-packages/airflow/example_dags/example_task_group.py for tasks to queue
[2025-01-23T09:43:14.415+0000] {logging_mixin.py:188} INFO - [2025-01-23T09:43:14.414+0000] {dagbag.py:538} INFO - Filling up the DagBag from /home/airflow/.local/lib/python3.8/site-packages/airflow/example_dags/example_task_group.py
[2025-01-23T09:43:14.436+0000] {processor.py:840} INFO - DAG(s) 'example_task_group' retrieved from /home/airflow/.local/lib/python3.8/site-packages/airflow/example_dags/example_task_group.py
[2025-01-23T09:43:14.487+0000] {logging_mixin.py:188} INFO - [2025-01-23T09:43:14.487+0000] {dag.py:3036} INFO - Sync 1 DAGs
[2025-01-23T09:43:14.556+0000] {logging_mixin.py:188} INFO - [2025-01-23T09:43:14.555+0000] {dag.py:3823} INFO - Setting next_dagrun for example_task_group to 2025-01-22 00:00:00+00:00, run_after=2025-01-23 00:00:00+00:00
[2025-01-23T09:43:14.617+0000] {processor.py:183} INFO - Processing /home/airflow/.local/lib/python3.8/site-packages/airflow/example_dags/example_task_group.py took 0.214 seconds
[2025-01-23T09:43:44.809+0000] {processor.py:161} INFO - Started process (PID=2361) to work on /home/airflow/.local/lib/python3.8/site-packages/airflow/example_dags/example_task_group.py
[2025-01-23T09:43:44.812+0000] {processor.py:830} INFO - Processing file /home/airflow/.local/lib/python3.8/site-packages/airflow/example_dags/example_task_group.py for tasks to queue
[2025-01-23T09:43:44.814+0000] {logging_mixin.py:188} INFO - [2025-01-23T09:43:44.813+0000] {dagbag.py:538} INFO - Filling up the DagBag from /home/airflow/.local/lib/python3.8/site-packages/airflow/example_dags/example_task_group.py
[2025-01-23T09:43:44.831+0000] {processor.py:840} INFO - DAG(s) 'example_task_group' retrieved from /home/airflow/.local/lib/python3.8/site-packages/airflow/example_dags/example_task_group.py
[2025-01-23T09:43:44.891+0000] {logging_mixin.py:188} INFO - [2025-01-23T09:43:44.890+0000] {dag.py:3036} INFO - Sync 1 DAGs
[2025-01-23T09:43:44.941+0000] {logging_mixin.py:188} INFO - [2025-01-23T09:43:44.940+0000] {dag.py:3823} INFO - Setting next_dagrun for example_task_group to 2025-01-22 00:00:00+00:00, run_after=2025-01-23 00:00:00+00:00
[2025-01-23T09:43:44.993+0000] {processor.py:183} INFO - Processing /home/airflow/.local/lib/python3.8/site-packages/airflow/example_dags/example_task_group.py took 0.192 seconds
[2025-01-23T09:44:15.764+0000] {processor.py:161} INFO - Started process (PID=2417) to work on /home/airflow/.local/lib/python3.8/site-packages/airflow/example_dags/example_task_group.py
[2025-01-23T09:44:15.768+0000] {processor.py:830} INFO - Processing file /home/airflow/.local/lib/python3.8/site-packages/airflow/example_dags/example_task_group.py for tasks to queue
[2025-01-23T09:44:15.772+0000] {logging_mixin.py:188} INFO - [2025-01-23T09:44:15.771+0000] {dagbag.py:538} INFO - Filling up the DagBag from /home/airflow/.local/lib/python3.8/site-packages/airflow/example_dags/example_task_group.py
[2025-01-23T09:44:15.802+0000] {processor.py:840} INFO - DAG(s) 'example_task_group' retrieved from /home/airflow/.local/lib/python3.8/site-packages/airflow/example_dags/example_task_group.py
[2025-01-23T09:44:15.859+0000] {logging_mixin.py:188} INFO - [2025-01-23T09:44:15.858+0000] {dag.py:3036} INFO - Sync 1 DAGs
[2025-01-23T09:44:16.243+0000] {logging_mixin.py:188} INFO - [2025-01-23T09:44:16.243+0000] {dag.py:3823} INFO - Setting next_dagrun for example_task_group to 2025-01-22 00:00:00+00:00, run_after=2025-01-23 00:00:00+00:00
[2025-01-23T09:44:16.283+0000] {processor.py:183} INFO - Processing /home/airflow/.local/lib/python3.8/site-packages/airflow/example_dags/example_task_group.py took 0.530 seconds
[2025-01-23T09:44:46.492+0000] {processor.py:161} INFO - Started process (PID=2473) to work on /home/airflow/.local/lib/python3.8/site-packages/airflow/example_dags/example_task_group.py
[2025-01-23T09:44:46.494+0000] {processor.py:830} INFO - Processing file /home/airflow/.local/lib/python3.8/site-packages/airflow/example_dags/example_task_group.py for tasks to queue
[2025-01-23T09:44:46.496+0000] {logging_mixin.py:188} INFO - [2025-01-23T09:44:46.495+0000] {dagbag.py:538} INFO - Filling up the DagBag from /home/airflow/.local/lib/python3.8/site-packages/airflow/example_dags/example_task_group.py
[2025-01-23T09:44:46.513+0000] {processor.py:840} INFO - DAG(s) 'example_task_group' retrieved from /home/airflow/.local/lib/python3.8/site-packages/airflow/example_dags/example_task_group.py
[2025-01-23T09:44:46.557+0000] {logging_mixin.py:188} INFO - [2025-01-23T09:44:46.556+0000] {dag.py:3036} INFO - Sync 1 DAGs
[2025-01-23T09:44:46.599+0000] {logging_mixin.py:188} INFO - [2025-01-23T09:44:46.599+0000] {dag.py:3823} INFO - Setting next_dagrun for example_task_group to 2025-01-22 00:00:00+00:00, run_after=2025-01-23 00:00:00+00:00
[2025-01-23T09:44:46.637+0000] {processor.py:183} INFO - Processing /home/airflow/.local/lib/python3.8/site-packages/airflow/example_dags/example_task_group.py took 0.151 seconds
[2025-01-23T09:45:17.171+0000] {processor.py:161} INFO - Started process (PID=2529) to work on /home/airflow/.local/lib/python3.8/site-packages/airflow/example_dags/example_task_group.py
[2025-01-23T09:45:17.173+0000] {processor.py:830} INFO - Processing file /home/airflow/.local/lib/python3.8/site-packages/airflow/example_dags/example_task_group.py for tasks to queue
[2025-01-23T09:45:17.176+0000] {logging_mixin.py:188} INFO - [2025-01-23T09:45:17.175+0000] {dagbag.py:538} INFO - Filling up the DagBag from /home/airflow/.local/lib/python3.8/site-packages/airflow/example_dags/example_task_group.py
[2025-01-23T09:45:17.199+0000] {processor.py:840} INFO - DAG(s) 'example_task_group' retrieved from /home/airflow/.local/lib/python3.8/site-packages/airflow/example_dags/example_task_group.py
[2025-01-23T09:45:17.246+0000] {logging_mixin.py:188} INFO - [2025-01-23T09:45:17.245+0000] {dag.py:3036} INFO - Sync 1 DAGs
[2025-01-23T09:45:17.287+0000] {logging_mixin.py:188} INFO - [2025-01-23T09:45:17.287+0000] {dag.py:3823} INFO - Setting next_dagrun for example_task_group to 2025-01-22 00:00:00+00:00, run_after=2025-01-23 00:00:00+00:00
[2025-01-23T09:45:17.318+0000] {processor.py:183} INFO - Processing /home/airflow/.local/lib/python3.8/site-packages/airflow/example_dags/example_task_group.py took 0.155 seconds
[2025-01-23T09:45:48.105+0000] {processor.py:161} INFO - Started process (PID=2585) to work on /home/airflow/.local/lib/python3.8/site-packages/airflow/example_dags/example_task_group.py
[2025-01-23T09:45:48.108+0000] {processor.py:830} INFO - Processing file /home/airflow/.local/lib/python3.8/site-packages/airflow/example_dags/example_task_group.py for tasks to queue
[2025-01-23T09:45:48.111+0000] {logging_mixin.py:188} INFO - [2025-01-23T09:45:48.110+0000] {dagbag.py:538} INFO - Filling up the DagBag from /home/airflow/.local/lib/python3.8/site-packages/airflow/example_dags/example_task_group.py
[2025-01-23T09:45:48.151+0000] {processor.py:840} INFO - DAG(s) 'example_task_group' retrieved from /home/airflow/.local/lib/python3.8/site-packages/airflow/example_dags/example_task_group.py
[2025-01-23T09:45:48.934+0000] {logging_mixin.py:188} INFO - [2025-01-23T09:45:48.933+0000] {dag.py:3036} INFO - Sync 1 DAGs
[2025-01-23T09:45:49.026+0000] {logging_mixin.py:188} INFO - [2025-01-23T09:45:49.025+0000] {dag.py:3823} INFO - Setting next_dagrun for example_task_group to 2025-01-22 00:00:00+00:00, run_after=2025-01-23 00:00:00+00:00
[2025-01-23T09:45:49.160+0000] {processor.py:183} INFO - Processing /home/airflow/.local/lib/python3.8/site-packages/airflow/example_dags/example_task_group.py took 1.068 seconds
[2025-01-23T09:46:19.881+0000] {processor.py:161} INFO - Started process (PID=2641) to work on /home/airflow/.local/lib/python3.8/site-packages/airflow/example_dags/example_task_group.py
[2025-01-23T09:46:19.887+0000] {processor.py:830} INFO - Processing file /home/airflow/.local/lib/python3.8/site-packages/airflow/example_dags/example_task_group.py for tasks to queue
[2025-01-23T09:46:19.893+0000] {logging_mixin.py:188} INFO - [2025-01-23T09:46:19.892+0000] {dagbag.py:538} INFO - Filling up the DagBag from /home/airflow/.local/lib/python3.8/site-packages/airflow/example_dags/example_task_group.py
[2025-01-23T09:46:19.921+0000] {processor.py:840} INFO - DAG(s) 'example_task_group' retrieved from /home/airflow/.local/lib/python3.8/site-packages/airflow/example_dags/example_task_group.py
[2025-01-23T09:46:19.987+0000] {logging_mixin.py:188} INFO - [2025-01-23T09:46:19.986+0000] {dag.py:3036} INFO - Sync 1 DAGs
[2025-01-23T09:46:20.103+0000] {logging_mixin.py:188} INFO - [2025-01-23T09:46:20.102+0000] {dag.py:3823} INFO - Setting next_dagrun for example_task_group to 2025-01-22 00:00:00+00:00, run_after=2025-01-23 00:00:00+00:00
[2025-01-23T09:46:20.162+0000] {processor.py:183} INFO - Processing /home/airflow/.local/lib/python3.8/site-packages/airflow/example_dags/example_task_group.py took 0.291 seconds
[2025-01-23T09:46:51.252+0000] {processor.py:161} INFO - Started process (PID=2696) to work on /home/airflow/.local/lib/python3.8/site-packages/airflow/example_dags/example_task_group.py
[2025-01-23T09:46:51.256+0000] {processor.py:830} INFO - Processing file /home/airflow/.local/lib/python3.8/site-packages/airflow/example_dags/example_task_group.py for tasks to queue
[2025-01-23T09:46:51.260+0000] {logging_mixin.py:188} INFO - [2025-01-23T09:46:51.259+0000] {dagbag.py:538} INFO - Filling up the DagBag from /home/airflow/.local/lib/python3.8/site-packages/airflow/example_dags/example_task_group.py
[2025-01-23T09:46:51.293+0000] {processor.py:840} INFO - DAG(s) 'example_task_group' retrieved from /home/airflow/.local/lib/python3.8/site-packages/airflow/example_dags/example_task_group.py
[2025-01-23T09:46:51.415+0000] {logging_mixin.py:188} INFO - [2025-01-23T09:46:51.414+0000] {dag.py:3036} INFO - Sync 1 DAGs
[2025-01-23T09:46:51.517+0000] {logging_mixin.py:188} INFO - [2025-01-23T09:46:51.516+0000] {dag.py:3823} INFO - Setting next_dagrun for example_task_group to 2025-01-22 00:00:00+00:00, run_after=2025-01-23 00:00:00+00:00
[2025-01-23T09:46:51.610+0000] {processor.py:183} INFO - Processing /home/airflow/.local/lib/python3.8/site-packages/airflow/example_dags/example_task_group.py took 0.375 seconds
[2025-01-23T09:47:21.966+0000] {processor.py:161} INFO - Started process (PID=2751) to work on /home/airflow/.local/lib/python3.8/site-packages/airflow/example_dags/example_task_group.py
[2025-01-23T09:47:21.969+0000] {processor.py:830} INFO - Processing file /home/airflow/.local/lib/python3.8/site-packages/airflow/example_dags/example_task_group.py for tasks to queue
[2025-01-23T09:47:21.971+0000] {logging_mixin.py:188} INFO - [2025-01-23T09:47:21.970+0000] {dagbag.py:538} INFO - Filling up the DagBag from /home/airflow/.local/lib/python3.8/site-packages/airflow/example_dags/example_task_group.py
[2025-01-23T09:47:21.983+0000] {processor.py:840} INFO - DAG(s) 'example_task_group' retrieved from /home/airflow/.local/lib/python3.8/site-packages/airflow/example_dags/example_task_group.py
[2025-01-23T09:47:22.022+0000] {logging_mixin.py:188} INFO - [2025-01-23T09:47:22.021+0000] {dag.py:3036} INFO - Sync 1 DAGs
[2025-01-23T09:47:22.061+0000] {logging_mixin.py:188} INFO - [2025-01-23T09:47:22.060+0000] {dag.py:3823} INFO - Setting next_dagrun for example_task_group to 2025-01-22 00:00:00+00:00, run_after=2025-01-23 00:00:00+00:00
[2025-01-23T09:47:22.118+0000] {processor.py:183} INFO - Processing /home/airflow/.local/lib/python3.8/site-packages/airflow/example_dags/example_task_group.py took 0.157 seconds
[2025-01-23T09:47:52.886+0000] {processor.py:161} INFO - Started process (PID=2807) to work on /home/airflow/.local/lib/python3.8/site-packages/airflow/example_dags/example_task_group.py
[2025-01-23T09:47:52.889+0000] {processor.py:830} INFO - Processing file /home/airflow/.local/lib/python3.8/site-packages/airflow/example_dags/example_task_group.py for tasks to queue
[2025-01-23T09:47:52.891+0000] {logging_mixin.py:188} INFO - [2025-01-23T09:47:52.890+0000] {dagbag.py:538} INFO - Filling up the DagBag from /home/airflow/.local/lib/python3.8/site-packages/airflow/example_dags/example_task_group.py
[2025-01-23T09:47:52.907+0000] {processor.py:840} INFO - DAG(s) 'example_task_group' retrieved from /home/airflow/.local/lib/python3.8/site-packages/airflow/example_dags/example_task_group.py
[2025-01-23T09:47:52.962+0000] {logging_mixin.py:188} INFO - [2025-01-23T09:47:52.961+0000] {dag.py:3036} INFO - Sync 1 DAGs
[2025-01-23T09:47:53.024+0000] {logging_mixin.py:188} INFO - [2025-01-23T09:47:53.024+0000] {dag.py:3823} INFO - Setting next_dagrun for example_task_group to 2025-01-22 00:00:00+00:00, run_after=2025-01-23 00:00:00+00:00
[2025-01-23T09:47:53.081+0000] {processor.py:183} INFO - Processing /home/airflow/.local/lib/python3.8/site-packages/airflow/example_dags/example_task_group.py took 0.204 seconds
[2025-01-23T09:48:23.215+0000] {processor.py:161} INFO - Started process (PID=2862) to work on /home/airflow/.local/lib/python3.8/site-packages/airflow/example_dags/example_task_group.py
[2025-01-23T09:48:23.217+0000] {processor.py:830} INFO - Processing file /home/airflow/.local/lib/python3.8/site-packages/airflow/example_dags/example_task_group.py for tasks to queue
[2025-01-23T09:48:23.220+0000] {logging_mixin.py:188} INFO - [2025-01-23T09:48:23.219+0000] {dagbag.py:538} INFO - Filling up the DagBag from /home/airflow/.local/lib/python3.8/site-packages/airflow/example_dags/example_task_group.py
[2025-01-23T09:48:23.235+0000] {processor.py:840} INFO - DAG(s) 'example_task_group' retrieved from /home/airflow/.local/lib/python3.8/site-packages/airflow/example_dags/example_task_group.py
[2025-01-23T09:48:23.287+0000] {logging_mixin.py:188} INFO - [2025-01-23T09:48:23.286+0000] {dag.py:3036} INFO - Sync 1 DAGs
[2025-01-23T09:48:23.353+0000] {logging_mixin.py:188} INFO - [2025-01-23T09:48:23.353+0000] {dag.py:3823} INFO - Setting next_dagrun for example_task_group to 2025-01-22 00:00:00+00:00, run_after=2025-01-23 00:00:00+00:00
[2025-01-23T09:48:23.394+0000] {processor.py:183} INFO - Processing /home/airflow/.local/lib/python3.8/site-packages/airflow/example_dags/example_task_group.py took 0.187 seconds
[2025-01-23T09:48:53.773+0000] {processor.py:161} INFO - Started process (PID=2918) to work on /home/airflow/.local/lib/python3.8/site-packages/airflow/example_dags/example_task_group.py
[2025-01-23T09:48:53.776+0000] {processor.py:830} INFO - Processing file /home/airflow/.local/lib/python3.8/site-packages/airflow/example_dags/example_task_group.py for tasks to queue
[2025-01-23T09:48:53.778+0000] {logging_mixin.py:188} INFO - [2025-01-23T09:48:53.777+0000] {dagbag.py:538} INFO - Filling up the DagBag from /home/airflow/.local/lib/python3.8/site-packages/airflow/example_dags/example_task_group.py
[2025-01-23T09:48:53.795+0000] {processor.py:840} INFO - DAG(s) 'example_task_group' retrieved from /home/airflow/.local/lib/python3.8/site-packages/airflow/example_dags/example_task_group.py
[2025-01-23T09:48:53.844+0000] {logging_mixin.py:188} INFO - [2025-01-23T09:48:53.844+0000] {dag.py:3036} INFO - Sync 1 DAGs
[2025-01-23T09:48:53.909+0000] {logging_mixin.py:188} INFO - [2025-01-23T09:48:53.908+0000] {dag.py:3823} INFO - Setting next_dagrun for example_task_group to 2025-01-22 00:00:00+00:00, run_after=2025-01-23 00:00:00+00:00
[2025-01-23T09:48:53.955+0000] {processor.py:183} INFO - Processing /home/airflow/.local/lib/python3.8/site-packages/airflow/example_dags/example_task_group.py took 0.189 seconds
[2025-01-23T09:49:24.518+0000] {processor.py:161} INFO - Started process (PID=2974) to work on /home/airflow/.local/lib/python3.8/site-packages/airflow/example_dags/example_task_group.py
[2025-01-23T09:49:24.522+0000] {processor.py:830} INFO - Processing file /home/airflow/.local/lib/python3.8/site-packages/airflow/example_dags/example_task_group.py for tasks to queue
[2025-01-23T09:49:24.525+0000] {logging_mixin.py:188} INFO - [2025-01-23T09:49:24.524+0000] {dagbag.py:538} INFO - Filling up the DagBag from /home/airflow/.local/lib/python3.8/site-packages/airflow/example_dags/example_task_group.py
[2025-01-23T09:49:24.562+0000] {processor.py:840} INFO - DAG(s) 'example_task_group' retrieved from /home/airflow/.local/lib/python3.8/site-packages/airflow/example_dags/example_task_group.py
[2025-01-23T09:49:24.650+0000] {logging_mixin.py:188} INFO - [2025-01-23T09:49:24.649+0000] {dag.py:3036} INFO - Sync 1 DAGs
[2025-01-23T09:49:24.750+0000] {logging_mixin.py:188} INFO - [2025-01-23T09:49:24.750+0000] {dag.py:3823} INFO - Setting next_dagrun for example_task_group to 2025-01-22 00:00:00+00:00, run_after=2025-01-23 00:00:00+00:00
[2025-01-23T09:49:24.833+0000] {processor.py:183} INFO - Processing /home/airflow/.local/lib/python3.8/site-packages/airflow/example_dags/example_task_group.py took 0.333 seconds
[2025-01-23T09:49:55.556+0000] {processor.py:161} INFO - Started process (PID=3030) to work on /home/airflow/.local/lib/python3.8/site-packages/airflow/example_dags/example_task_group.py
[2025-01-23T09:49:55.559+0000] {processor.py:830} INFO - Processing file /home/airflow/.local/lib/python3.8/site-packages/airflow/example_dags/example_task_group.py for tasks to queue
[2025-01-23T09:49:55.561+0000] {logging_mixin.py:188} INFO - [2025-01-23T09:49:55.560+0000] {dagbag.py:538} INFO - Filling up the DagBag from /home/airflow/.local/lib/python3.8/site-packages/airflow/example_dags/example_task_group.py
[2025-01-23T09:49:55.575+0000] {processor.py:840} INFO - DAG(s) 'example_task_group' retrieved from /home/airflow/.local/lib/python3.8/site-packages/airflow/example_dags/example_task_group.py
[2025-01-23T09:49:55.626+0000] {logging_mixin.py:188} INFO - [2025-01-23T09:49:55.626+0000] {dag.py:3036} INFO - Sync 1 DAGs
[2025-01-23T09:49:55.688+0000] {logging_mixin.py:188} INFO - [2025-01-23T09:49:55.687+0000] {dag.py:3823} INFO - Setting next_dagrun for example_task_group to 2025-01-22 00:00:00+00:00, run_after=2025-01-23 00:00:00+00:00
[2025-01-23T09:49:55.735+0000] {processor.py:183} INFO - Processing /home/airflow/.local/lib/python3.8/site-packages/airflow/example_dags/example_task_group.py took 0.186 seconds
[2025-01-23T09:50:26.174+0000] {processor.py:161} INFO - Started process (PID=3086) to work on /home/airflow/.local/lib/python3.8/site-packages/airflow/example_dags/example_task_group.py
[2025-01-23T09:50:26.176+0000] {processor.py:830} INFO - Processing file /home/airflow/.local/lib/python3.8/site-packages/airflow/example_dags/example_task_group.py for tasks to queue
[2025-01-23T09:50:26.179+0000] {logging_mixin.py:188} INFO - [2025-01-23T09:50:26.178+0000] {dagbag.py:538} INFO - Filling up the DagBag from /home/airflow/.local/lib/python3.8/site-packages/airflow/example_dags/example_task_group.py
[2025-01-23T09:50:26.195+0000] {processor.py:840} INFO - DAG(s) 'example_task_group' retrieved from /home/airflow/.local/lib/python3.8/site-packages/airflow/example_dags/example_task_group.py
[2025-01-23T09:50:26.249+0000] {logging_mixin.py:188} INFO - [2025-01-23T09:50:26.248+0000] {dag.py:3036} INFO - Sync 1 DAGs
[2025-01-23T09:50:26.320+0000] {logging_mixin.py:188} INFO - [2025-01-23T09:50:26.319+0000] {dag.py:3823} INFO - Setting next_dagrun for example_task_group to 2025-01-22 00:00:00+00:00, run_after=2025-01-23 00:00:00+00:00
[2025-01-23T09:50:26.385+0000] {processor.py:183} INFO - Processing /home/airflow/.local/lib/python3.8/site-packages/airflow/example_dags/example_task_group.py took 0.220 seconds
[2025-01-23T09:50:56.856+0000] {processor.py:161} INFO - Started process (PID=3142) to work on /home/airflow/.local/lib/python3.8/site-packages/airflow/example_dags/example_task_group.py
[2025-01-23T09:50:56.858+0000] {processor.py:830} INFO - Processing file /home/airflow/.local/lib/python3.8/site-packages/airflow/example_dags/example_task_group.py for tasks to queue
[2025-01-23T09:50:56.861+0000] {logging_mixin.py:188} INFO - [2025-01-23T09:50:56.860+0000] {dagbag.py:538} INFO - Filling up the DagBag from /home/airflow/.local/lib/python3.8/site-packages/airflow/example_dags/example_task_group.py
[2025-01-23T09:50:56.890+0000] {processor.py:840} INFO - DAG(s) 'example_task_group' retrieved from /home/airflow/.local/lib/python3.8/site-packages/airflow/example_dags/example_task_group.py
[2025-01-23T09:50:56.989+0000] {logging_mixin.py:188} INFO - [2025-01-23T09:50:56.989+0000] {dag.py:3036} INFO - Sync 1 DAGs
[2025-01-23T09:50:57.068+0000] {logging_mixin.py:188} INFO - [2025-01-23T09:50:57.067+0000] {dag.py:3823} INFO - Setting next_dagrun for example_task_group to 2025-01-22 00:00:00+00:00, run_after=2025-01-23 00:00:00+00:00
[2025-01-23T09:50:57.125+0000] {processor.py:183} INFO - Processing /home/airflow/.local/lib/python3.8/site-packages/airflow/example_dags/example_task_group.py took 0.276 seconds
[2025-01-23T09:51:27.524+0000] {processor.py:161} INFO - Started process (PID=3198) to work on /home/airflow/.local/lib/python3.8/site-packages/airflow/example_dags/example_task_group.py
[2025-01-23T09:51:27.526+0000] {processor.py:830} INFO - Processing file /home/airflow/.local/lib/python3.8/site-packages/airflow/example_dags/example_task_group.py for tasks to queue
[2025-01-23T09:51:27.529+0000] {logging_mixin.py:188} INFO - [2025-01-23T09:51:27.528+0000] {dagbag.py:538} INFO - Filling up the DagBag from /home/airflow/.local/lib/python3.8/site-packages/airflow/example_dags/example_task_group.py
[2025-01-23T09:51:27.558+0000] {processor.py:840} INFO - DAG(s) 'example_task_group' retrieved from /home/airflow/.local/lib/python3.8/site-packages/airflow/example_dags/example_task_group.py
[2025-01-23T09:51:27.630+0000] {logging_mixin.py:188} INFO - [2025-01-23T09:51:27.629+0000] {dag.py:3036} INFO - Sync 1 DAGs
[2025-01-23T09:51:27.718+0000] {logging_mixin.py:188} INFO - [2025-01-23T09:51:27.717+0000] {dag.py:3823} INFO - Setting next_dagrun for example_task_group to 2025-01-22 00:00:00+00:00, run_after=2025-01-23 00:00:00+00:00
[2025-01-23T09:51:27.783+0000] {processor.py:183} INFO - Processing /home/airflow/.local/lib/python3.8/site-packages/airflow/example_dags/example_task_group.py took 0.270 seconds
[2025-01-23T09:51:58.027+0000] {processor.py:161} INFO - Started process (PID=3254) to work on /home/airflow/.local/lib/python3.8/site-packages/airflow/example_dags/example_task_group.py
[2025-01-23T09:51:58.029+0000] {processor.py:830} INFO - Processing file /home/airflow/.local/lib/python3.8/site-packages/airflow/example_dags/example_task_group.py for tasks to queue
[2025-01-23T09:51:58.031+0000] {logging_mixin.py:188} INFO - [2025-01-23T09:51:58.031+0000] {dagbag.py:538} INFO - Filling up the DagBag from /home/airflow/.local/lib/python3.8/site-packages/airflow/example_dags/example_task_group.py
[2025-01-23T09:51:58.044+0000] {processor.py:840} INFO - DAG(s) 'example_task_group' retrieved from /home/airflow/.local/lib/python3.8/site-packages/airflow/example_dags/example_task_group.py
[2025-01-23T09:51:58.092+0000] {logging_mixin.py:188} INFO - [2025-01-23T09:51:58.092+0000] {dag.py:3036} INFO - Sync 1 DAGs
[2025-01-23T09:51:58.156+0000] {logging_mixin.py:188} INFO - [2025-01-23T09:51:58.156+0000] {dag.py:3823} INFO - Setting next_dagrun for example_task_group to 2025-01-22 00:00:00+00:00, run_after=2025-01-23 00:00:00+00:00
[2025-01-23T09:51:58.201+0000] {processor.py:183} INFO - Processing /home/airflow/.local/lib/python3.8/site-packages/airflow/example_dags/example_task_group.py took 0.182 seconds
[2025-01-23T09:52:28.322+0000] {processor.py:161} INFO - Started process (PID=3310) to work on /home/airflow/.local/lib/python3.8/site-packages/airflow/example_dags/example_task_group.py
[2025-01-23T09:52:28.323+0000] {processor.py:830} INFO - Processing file /home/airflow/.local/lib/python3.8/site-packages/airflow/example_dags/example_task_group.py for tasks to queue
[2025-01-23T09:52:28.325+0000] {logging_mixin.py:188} INFO - [2025-01-23T09:52:28.325+0000] {dagbag.py:538} INFO - Filling up the DagBag from /home/airflow/.local/lib/python3.8/site-packages/airflow/example_dags/example_task_group.py
[2025-01-23T09:52:28.339+0000] {processor.py:840} INFO - DAG(s) 'example_task_group' retrieved from /home/airflow/.local/lib/python3.8/site-packages/airflow/example_dags/example_task_group.py
[2025-01-23T09:52:28.383+0000] {logging_mixin.py:188} INFO - [2025-01-23T09:52:28.383+0000] {dag.py:3036} INFO - Sync 1 DAGs
[2025-01-23T09:52:28.423+0000] {logging_mixin.py:188} INFO - [2025-01-23T09:52:28.423+0000] {dag.py:3823} INFO - Setting next_dagrun for example_task_group to 2025-01-22 00:00:00+00:00, run_after=2025-01-23 00:00:00+00:00
[2025-01-23T09:52:28.465+0000] {processor.py:183} INFO - Processing /home/airflow/.local/lib/python3.8/site-packages/airflow/example_dags/example_task_group.py took 0.148 seconds
[2025-01-23T09:52:58.679+0000] {processor.py:161} INFO - Started process (PID=3366) to work on /home/airflow/.local/lib/python3.8/site-packages/airflow/example_dags/example_task_group.py
[2025-01-23T09:52:58.681+0000] {processor.py:830} INFO - Processing file /home/airflow/.local/lib/python3.8/site-packages/airflow/example_dags/example_task_group.py for tasks to queue
[2025-01-23T09:52:58.683+0000] {logging_mixin.py:188} INFO - [2025-01-23T09:52:58.683+0000] {dagbag.py:538} INFO - Filling up the DagBag from /home/airflow/.local/lib/python3.8/site-packages/airflow/example_dags/example_task_group.py
[2025-01-23T09:52:58.699+0000] {processor.py:840} INFO - DAG(s) 'example_task_group' retrieved from /home/airflow/.local/lib/python3.8/site-packages/airflow/example_dags/example_task_group.py
[2025-01-23T09:52:58.747+0000] {logging_mixin.py:188} INFO - [2025-01-23T09:52:58.746+0000] {dag.py:3036} INFO - Sync 1 DAGs
[2025-01-23T09:52:58.788+0000] {logging_mixin.py:188} INFO - [2025-01-23T09:52:58.787+0000] {dag.py:3823} INFO - Setting next_dagrun for example_task_group to 2025-01-22 00:00:00+00:00, run_after=2025-01-23 00:00:00+00:00
[2025-01-23T09:52:58.845+0000] {processor.py:183} INFO - Processing /home/airflow/.local/lib/python3.8/site-packages/airflow/example_dags/example_task_group.py took 0.173 seconds
[2025-01-23T09:53:29.387+0000] {processor.py:161} INFO - Started process (PID=3422) to work on /home/airflow/.local/lib/python3.8/site-packages/airflow/example_dags/example_task_group.py
[2025-01-23T09:53:29.389+0000] {processor.py:830} INFO - Processing file /home/airflow/.local/lib/python3.8/site-packages/airflow/example_dags/example_task_group.py for tasks to queue
[2025-01-23T09:53:29.392+0000] {logging_mixin.py:188} INFO - [2025-01-23T09:53:29.391+0000] {dagbag.py:538} INFO - Filling up the DagBag from /home/airflow/.local/lib/python3.8/site-packages/airflow/example_dags/example_task_group.py
[2025-01-23T09:53:29.411+0000] {processor.py:840} INFO - DAG(s) 'example_task_group' retrieved from /home/airflow/.local/lib/python3.8/site-packages/airflow/example_dags/example_task_group.py
[2025-01-23T09:53:29.455+0000] {logging_mixin.py:188} INFO - [2025-01-23T09:53:29.455+0000] {dag.py:3036} INFO - Sync 1 DAGs
[2025-01-23T09:53:29.495+0000] {logging_mixin.py:188} INFO - [2025-01-23T09:53:29.495+0000] {dag.py:3823} INFO - Setting next_dagrun for example_task_group to 2025-01-22 00:00:00+00:00, run_after=2025-01-23 00:00:00+00:00
[2025-01-23T09:53:29.536+0000] {processor.py:183} INFO - Processing /home/airflow/.local/lib/python3.8/site-packages/airflow/example_dags/example_task_group.py took 0.154 seconds
[2025-01-23T09:54:00.345+0000] {processor.py:161} INFO - Started process (PID=3478) to work on /home/airflow/.local/lib/python3.8/site-packages/airflow/example_dags/example_task_group.py
[2025-01-23T09:54:00.347+0000] {processor.py:830} INFO - Processing file /home/airflow/.local/lib/python3.8/site-packages/airflow/example_dags/example_task_group.py for tasks to queue
[2025-01-23T09:54:00.350+0000] {logging_mixin.py:188} INFO - [2025-01-23T09:54:00.349+0000] {dagbag.py:538} INFO - Filling up the DagBag from /home/airflow/.local/lib/python3.8/site-packages/airflow/example_dags/example_task_group.py
[2025-01-23T09:54:00.368+0000] {processor.py:840} INFO - DAG(s) 'example_task_group' retrieved from /home/airflow/.local/lib/python3.8/site-packages/airflow/example_dags/example_task_group.py
[2025-01-23T09:54:00.419+0000] {logging_mixin.py:188} INFO - [2025-01-23T09:54:00.419+0000] {dag.py:3036} INFO - Sync 1 DAGs
[2025-01-23T09:54:00.479+0000] {logging_mixin.py:188} INFO - [2025-01-23T09:54:00.478+0000] {dag.py:3823} INFO - Setting next_dagrun for example_task_group to 2025-01-22 00:00:00+00:00, run_after=2025-01-23 00:00:00+00:00
[2025-01-23T09:54:00.541+0000] {processor.py:183} INFO - Processing /home/airflow/.local/lib/python3.8/site-packages/airflow/example_dags/example_task_group.py took 0.202 seconds
[2025-01-23T09:54:31.037+0000] {processor.py:161} INFO - Started process (PID=3534) to work on /home/airflow/.local/lib/python3.8/site-packages/airflow/example_dags/example_task_group.py
[2025-01-23T09:54:31.039+0000] {processor.py:830} INFO - Processing file /home/airflow/.local/lib/python3.8/site-packages/airflow/example_dags/example_task_group.py for tasks to queue
[2025-01-23T09:54:31.041+0000] {logging_mixin.py:188} INFO - [2025-01-23T09:54:31.041+0000] {dagbag.py:538} INFO - Filling up the DagBag from /home/airflow/.local/lib/python3.8/site-packages/airflow/example_dags/example_task_group.py
[2025-01-23T09:54:31.053+0000] {processor.py:840} INFO - DAG(s) 'example_task_group' retrieved from /home/airflow/.local/lib/python3.8/site-packages/airflow/example_dags/example_task_group.py
[2025-01-23T09:54:31.092+0000] {logging_mixin.py:188} INFO - [2025-01-23T09:54:31.092+0000] {dag.py:3036} INFO - Sync 1 DAGs
[2025-01-23T09:54:31.133+0000] {logging_mixin.py:188} INFO - [2025-01-23T09:54:31.133+0000] {dag.py:3823} INFO - Setting next_dagrun for example_task_group to 2025-01-22 00:00:00+00:00, run_after=2025-01-23 00:00:00+00:00
[2025-01-23T09:54:31.169+0000] {processor.py:183} INFO - Processing /home/airflow/.local/lib/python3.8/site-packages/airflow/example_dags/example_task_group.py took 0.136 seconds
[2025-01-23T09:55:02.182+0000] {processor.py:161} INFO - Started process (PID=3591) to work on /home/airflow/.local/lib/python3.8/site-packages/airflow/example_dags/example_task_group.py
[2025-01-23T09:55:02.188+0000] {processor.py:830} INFO - Processing file /home/airflow/.local/lib/python3.8/site-packages/airflow/example_dags/example_task_group.py for tasks to queue
[2025-01-23T09:55:02.192+0000] {logging_mixin.py:188} INFO - [2025-01-23T09:55:02.191+0000] {dagbag.py:538} INFO - Filling up the DagBag from /home/airflow/.local/lib/python3.8/site-packages/airflow/example_dags/example_task_group.py
[2025-01-23T09:55:02.235+0000] {processor.py:840} INFO - DAG(s) 'example_task_group' retrieved from /home/airflow/.local/lib/python3.8/site-packages/airflow/example_dags/example_task_group.py
[2025-01-23T09:55:02.386+0000] {logging_mixin.py:188} INFO - [2025-01-23T09:55:02.385+0000] {dag.py:3036} INFO - Sync 1 DAGs
[2025-01-23T09:55:02.511+0000] {logging_mixin.py:188} INFO - [2025-01-23T09:55:02.510+0000] {dag.py:3823} INFO - Setting next_dagrun for example_task_group to 2025-01-22 00:00:00+00:00, run_after=2025-01-23 00:00:00+00:00
[2025-01-23T09:55:02.584+0000] {processor.py:183} INFO - Processing /home/airflow/.local/lib/python3.8/site-packages/airflow/example_dags/example_task_group.py took 0.421 seconds
[2025-01-23T09:55:32.839+0000] {processor.py:161} INFO - Started process (PID=3647) to work on /home/airflow/.local/lib/python3.8/site-packages/airflow/example_dags/example_task_group.py
[2025-01-23T09:55:32.842+0000] {processor.py:830} INFO - Processing file /home/airflow/.local/lib/python3.8/site-packages/airflow/example_dags/example_task_group.py for tasks to queue
[2025-01-23T09:55:32.844+0000] {logging_mixin.py:188} INFO - [2025-01-23T09:55:32.843+0000] {dagbag.py:538} INFO - Filling up the DagBag from /home/airflow/.local/lib/python3.8/site-packages/airflow/example_dags/example_task_group.py
[2025-01-23T09:55:32.858+0000] {processor.py:840} INFO - DAG(s) 'example_task_group' retrieved from /home/airflow/.local/lib/python3.8/site-packages/airflow/example_dags/example_task_group.py
[2025-01-23T09:55:32.899+0000] {logging_mixin.py:188} INFO - [2025-01-23T09:55:32.898+0000] {dag.py:3036} INFO - Sync 1 DAGs
[2025-01-23T09:55:32.939+0000] {logging_mixin.py:188} INFO - [2025-01-23T09:55:32.939+0000] {dag.py:3823} INFO - Setting next_dagrun for example_task_group to 2025-01-22 00:00:00+00:00, run_after=2025-01-23 00:00:00+00:00
[2025-01-23T09:55:32.974+0000] {processor.py:183} INFO - Processing /home/airflow/.local/lib/python3.8/site-packages/airflow/example_dags/example_task_group.py took 0.141 seconds
[2025-01-23T09:56:03.260+0000] {processor.py:161} INFO - Started process (PID=3703) to work on /home/airflow/.local/lib/python3.8/site-packages/airflow/example_dags/example_task_group.py
[2025-01-23T09:56:03.267+0000] {processor.py:830} INFO - Processing file /home/airflow/.local/lib/python3.8/site-packages/airflow/example_dags/example_task_group.py for tasks to queue
[2025-01-23T09:56:03.270+0000] {logging_mixin.py:188} INFO - [2025-01-23T09:56:03.269+0000] {dagbag.py:538} INFO - Filling up the DagBag from /home/airflow/.local/lib/python3.8/site-packages/airflow/example_dags/example_task_group.py
[2025-01-23T09:56:03.294+0000] {processor.py:840} INFO - DAG(s) 'example_task_group' retrieved from /home/airflow/.local/lib/python3.8/site-packages/airflow/example_dags/example_task_group.py
[2025-01-23T09:56:03.343+0000] {logging_mixin.py:188} INFO - [2025-01-23T09:56:03.342+0000] {dag.py:3036} INFO - Sync 1 DAGs
[2025-01-23T09:56:03.387+0000] {logging_mixin.py:188} INFO - [2025-01-23T09:56:03.387+0000] {dag.py:3823} INFO - Setting next_dagrun for example_task_group to 2025-01-22 00:00:00+00:00, run_after=2025-01-23 00:00:00+00:00
[2025-01-23T09:56:03.424+0000] {processor.py:183} INFO - Processing /home/airflow/.local/lib/python3.8/site-packages/airflow/example_dags/example_task_group.py took 0.187 seconds
[2025-01-23T09:56:34.157+0000] {processor.py:161} INFO - Started process (PID=3759) to work on /home/airflow/.local/lib/python3.8/site-packages/airflow/example_dags/example_task_group.py
[2025-01-23T09:56:34.159+0000] {processor.py:830} INFO - Processing file /home/airflow/.local/lib/python3.8/site-packages/airflow/example_dags/example_task_group.py for tasks to queue
[2025-01-23T09:56:34.161+0000] {logging_mixin.py:188} INFO - [2025-01-23T09:56:34.161+0000] {dagbag.py:538} INFO - Filling up the DagBag from /home/airflow/.local/lib/python3.8/site-packages/airflow/example_dags/example_task_group.py
[2025-01-23T09:56:34.177+0000] {processor.py:840} INFO - DAG(s) 'example_task_group' retrieved from /home/airflow/.local/lib/python3.8/site-packages/airflow/example_dags/example_task_group.py
[2025-01-23T09:56:34.217+0000] {logging_mixin.py:188} INFO - [2025-01-23T09:56:34.217+0000] {dag.py:3036} INFO - Sync 1 DAGs
[2025-01-23T09:56:34.276+0000] {logging_mixin.py:188} INFO - [2025-01-23T09:56:34.276+0000] {dag.py:3823} INFO - Setting next_dagrun for example_task_group to 2025-01-22 00:00:00+00:00, run_after=2025-01-23 00:00:00+00:00
[2025-01-23T09:56:34.320+0000] {processor.py:183} INFO - Processing /home/airflow/.local/lib/python3.8/site-packages/airflow/example_dags/example_task_group.py took 0.169 seconds
[2025-01-23T09:57:04.965+0000] {processor.py:161} INFO - Started process (PID=3815) to work on /home/airflow/.local/lib/python3.8/site-packages/airflow/example_dags/example_task_group.py
[2025-01-23T09:57:04.967+0000] {processor.py:830} INFO - Processing file /home/airflow/.local/lib/python3.8/site-packages/airflow/example_dags/example_task_group.py for tasks to queue
[2025-01-23T09:57:04.969+0000] {logging_mixin.py:188} INFO - [2025-01-23T09:57:04.968+0000] {dagbag.py:538} INFO - Filling up the DagBag from /home/airflow/.local/lib/python3.8/site-packages/airflow/example_dags/example_task_group.py
[2025-01-23T09:57:04.985+0000] {processor.py:840} INFO - DAG(s) 'example_task_group' retrieved from /home/airflow/.local/lib/python3.8/site-packages/airflow/example_dags/example_task_group.py
[2025-01-23T09:57:05.029+0000] {logging_mixin.py:188} INFO - [2025-01-23T09:57:05.028+0000] {dag.py:3036} INFO - Sync 1 DAGs
[2025-01-23T09:57:05.078+0000] {logging_mixin.py:188} INFO - [2025-01-23T09:57:05.078+0000] {dag.py:3823} INFO - Setting next_dagrun for example_task_group to 2025-01-22 00:00:00+00:00, run_after=2025-01-23 00:00:00+00:00
[2025-01-23T09:57:05.116+0000] {processor.py:183} INFO - Processing /home/airflow/.local/lib/python3.8/site-packages/airflow/example_dags/example_task_group.py took 0.156 seconds
[2025-01-23T09:57:35.707+0000] {processor.py:161} INFO - Started process (PID=3871) to work on /home/airflow/.local/lib/python3.8/site-packages/airflow/example_dags/example_task_group.py
[2025-01-23T09:57:35.709+0000] {processor.py:830} INFO - Processing file /home/airflow/.local/lib/python3.8/site-packages/airflow/example_dags/example_task_group.py for tasks to queue
[2025-01-23T09:57:35.711+0000] {logging_mixin.py:188} INFO - [2025-01-23T09:57:35.711+0000] {dagbag.py:538} INFO - Filling up the DagBag from /home/airflow/.local/lib/python3.8/site-packages/airflow/example_dags/example_task_group.py
[2025-01-23T09:57:35.731+0000] {processor.py:840} INFO - DAG(s) 'example_task_group' retrieved from /home/airflow/.local/lib/python3.8/site-packages/airflow/example_dags/example_task_group.py
[2025-01-23T09:57:35.783+0000] {logging_mixin.py:188} INFO - [2025-01-23T09:57:35.782+0000] {dag.py:3036} INFO - Sync 1 DAGs
[2025-01-23T09:57:35.839+0000] {logging_mixin.py:188} INFO - [2025-01-23T09:57:35.839+0000] {dag.py:3823} INFO - Setting next_dagrun for example_task_group to 2025-01-22 00:00:00+00:00, run_after=2025-01-23 00:00:00+00:00
[2025-01-23T09:57:35.885+0000] {processor.py:183} INFO - Processing /home/airflow/.local/lib/python3.8/site-packages/airflow/example_dags/example_task_group.py took 0.185 seconds
[2025-01-23T09:58:06.265+0000] {processor.py:161} INFO - Started process (PID=3927) to work on /home/airflow/.local/lib/python3.8/site-packages/airflow/example_dags/example_task_group.py
[2025-01-23T09:58:06.267+0000] {processor.py:830} INFO - Processing file /home/airflow/.local/lib/python3.8/site-packages/airflow/example_dags/example_task_group.py for tasks to queue
[2025-01-23T09:58:06.270+0000] {logging_mixin.py:188} INFO - [2025-01-23T09:58:06.269+0000] {dagbag.py:538} INFO - Filling up the DagBag from /home/airflow/.local/lib/python3.8/site-packages/airflow/example_dags/example_task_group.py
[2025-01-23T09:58:06.304+0000] {processor.py:840} INFO - DAG(s) 'example_task_group' retrieved from /home/airflow/.local/lib/python3.8/site-packages/airflow/example_dags/example_task_group.py
[2025-01-23T09:58:06.372+0000] {logging_mixin.py:188} INFO - [2025-01-23T09:58:06.371+0000] {dag.py:3036} INFO - Sync 1 DAGs
[2025-01-23T09:58:06.452+0000] {logging_mixin.py:188} INFO - [2025-01-23T09:58:06.451+0000] {dag.py:3823} INFO - Setting next_dagrun for example_task_group to 2025-01-22 00:00:00+00:00, run_after=2025-01-23 00:00:00+00:00
[2025-01-23T09:58:06.503+0000] {processor.py:183} INFO - Processing /home/airflow/.local/lib/python3.8/site-packages/airflow/example_dags/example_task_group.py took 0.248 seconds
[2025-01-23T09:58:37.019+0000] {processor.py:161} INFO - Started process (PID=3983) to work on /home/airflow/.local/lib/python3.8/site-packages/airflow/example_dags/example_task_group.py
[2025-01-23T09:58:37.034+0000] {processor.py:830} INFO - Processing file /home/airflow/.local/lib/python3.8/site-packages/airflow/example_dags/example_task_group.py for tasks to queue
[2025-01-23T09:58:37.041+0000] {logging_mixin.py:188} INFO - [2025-01-23T09:58:37.039+0000] {dagbag.py:538} INFO - Filling up the DagBag from /home/airflow/.local/lib/python3.8/site-packages/airflow/example_dags/example_task_group.py
[2025-01-23T09:58:37.084+0000] {processor.py:840} INFO - DAG(s) 'example_task_group' retrieved from /home/airflow/.local/lib/python3.8/site-packages/airflow/example_dags/example_task_group.py
[2025-01-23T09:58:37.184+0000] {logging_mixin.py:188} INFO - [2025-01-23T09:58:37.183+0000] {dag.py:3036} INFO - Sync 1 DAGs
[2025-01-23T09:58:37.298+0000] {logging_mixin.py:188} INFO - [2025-01-23T09:58:37.298+0000] {dag.py:3823} INFO - Setting next_dagrun for example_task_group to 2025-01-22 00:00:00+00:00, run_after=2025-01-23 00:00:00+00:00
[2025-01-23T09:58:37.372+0000] {processor.py:183} INFO - Processing /home/airflow/.local/lib/python3.8/site-packages/airflow/example_dags/example_task_group.py took 0.383 seconds
