[2025-01-23T12:32:29.773+0000] {processor.py:161} INFO - Started process (PID=90) to work on /home/airflow/.local/lib/python3.8/site-packages/airflow/example_dags/example_setup_teardown.py
[2025-01-23T12:32:29.775+0000] {processor.py:830} INFO - Processing file /home/airflow/.local/lib/python3.8/site-packages/airflow/example_dags/example_setup_teardown.py for tasks to queue
[2025-01-23T12:32:29.778+0000] {logging_mixin.py:188} INFO - [2025-01-23T12:32:29.778+0000] {dagbag.py:538} INFO - Filling up the DagBag from /home/airflow/.local/lib/python3.8/site-packages/airflow/example_dags/example_setup_teardown.py
[2025-01-23T12:32:29.800+0000] {processor.py:840} INFO - DAG(s) 'example_setup_teardown' retrieved from /home/airflow/.local/lib/python3.8/site-packages/airflow/example_dags/example_setup_teardown.py
[2025-01-23T12:32:30.028+0000] {logging_mixin.py:188} INFO - [2025-01-23T12:32:30.027+0000] {override.py:1769} INFO - Created Permission View: can read on DAG:example_setup_teardown
[2025-01-23T12:32:30.054+0000] {logging_mixin.py:188} INFO - [2025-01-23T12:32:30.054+0000] {override.py:1769} INFO - Created Permission View: can edit on DAG:example_setup_teardown
[2025-01-23T12:32:30.066+0000] {logging_mixin.py:188} INFO - [2025-01-23T12:32:30.066+0000] {override.py:1769} INFO - Created Permission View: can delete on DAG:example_setup_teardown
[2025-01-23T12:32:30.067+0000] {logging_mixin.py:188} INFO - [2025-01-23T12:32:30.067+0000] {dag.py:3036} INFO - Sync 1 DAGs
[2025-01-23T12:32:30.089+0000] {logging_mixin.py:188} INFO - [2025-01-23T12:32:30.088+0000] {dag.py:3058} INFO - Creating ORM DAG for example_setup_teardown
[2025-01-23T12:32:30.112+0000] {logging_mixin.py:188} INFO - [2025-01-23T12:32:30.111+0000] {dag.py:3823} INFO - Setting next_dagrun for example_setup_teardown to 2025-01-22 00:00:00+00:00, run_after=2025-01-23 00:00:00+00:00
[2025-01-23T12:32:30.158+0000] {processor.py:183} INFO - Processing /home/airflow/.local/lib/python3.8/site-packages/airflow/example_dags/example_setup_teardown.py took 0.390 seconds
[2025-01-23T12:33:00.654+0000] {processor.py:161} INFO - Started process (PID=146) to work on /home/airflow/.local/lib/python3.8/site-packages/airflow/example_dags/example_setup_teardown.py
[2025-01-23T12:33:00.656+0000] {processor.py:830} INFO - Processing file /home/airflow/.local/lib/python3.8/site-packages/airflow/example_dags/example_setup_teardown.py for tasks to queue
[2025-01-23T12:33:00.661+0000] {logging_mixin.py:188} INFO - [2025-01-23T12:33:00.660+0000] {dagbag.py:538} INFO - Filling up the DagBag from /home/airflow/.local/lib/python3.8/site-packages/airflow/example_dags/example_setup_teardown.py
[2025-01-23T12:33:00.678+0000] {processor.py:840} INFO - DAG(s) 'example_setup_teardown' retrieved from /home/airflow/.local/lib/python3.8/site-packages/airflow/example_dags/example_setup_teardown.py
[2025-01-23T12:33:00.752+0000] {logging_mixin.py:188} INFO - [2025-01-23T12:33:00.751+0000] {dag.py:3036} INFO - Sync 1 DAGs
[2025-01-23T12:33:00.881+0000] {logging_mixin.py:188} INFO - [2025-01-23T12:33:00.880+0000] {dag.py:3823} INFO - Setting next_dagrun for example_setup_teardown to 2025-01-22 00:00:00+00:00, run_after=2025-01-23 00:00:00+00:00
[2025-01-23T12:33:00.956+0000] {processor.py:183} INFO - Processing /home/airflow/.local/lib/python3.8/site-packages/airflow/example_dags/example_setup_teardown.py took 0.310 seconds
[2025-01-23T12:33:31.077+0000] {processor.py:161} INFO - Started process (PID=202) to work on /home/airflow/.local/lib/python3.8/site-packages/airflow/example_dags/example_setup_teardown.py
[2025-01-23T12:33:31.078+0000] {processor.py:830} INFO - Processing file /home/airflow/.local/lib/python3.8/site-packages/airflow/example_dags/example_setup_teardown.py for tasks to queue
[2025-01-23T12:33:31.081+0000] {logging_mixin.py:188} INFO - [2025-01-23T12:33:31.080+0000] {dagbag.py:538} INFO - Filling up the DagBag from /home/airflow/.local/lib/python3.8/site-packages/airflow/example_dags/example_setup_teardown.py
[2025-01-23T12:33:31.089+0000] {processor.py:840} INFO - DAG(s) 'example_setup_teardown' retrieved from /home/airflow/.local/lib/python3.8/site-packages/airflow/example_dags/example_setup_teardown.py
[2025-01-23T12:33:31.115+0000] {logging_mixin.py:188} INFO - [2025-01-23T12:33:31.115+0000] {dag.py:3036} INFO - Sync 1 DAGs
[2025-01-23T12:33:31.143+0000] {logging_mixin.py:188} INFO - [2025-01-23T12:33:31.143+0000] {dag.py:3823} INFO - Setting next_dagrun for example_setup_teardown to 2025-01-22 00:00:00+00:00, run_after=2025-01-23 00:00:00+00:00
[2025-01-23T12:33:31.168+0000] {processor.py:183} INFO - Processing /home/airflow/.local/lib/python3.8/site-packages/airflow/example_dags/example_setup_teardown.py took 0.096 seconds
[2025-01-23T12:34:01.781+0000] {processor.py:161} INFO - Started process (PID=258) to work on /home/airflow/.local/lib/python3.8/site-packages/airflow/example_dags/example_setup_teardown.py
[2025-01-23T12:34:01.782+0000] {processor.py:830} INFO - Processing file /home/airflow/.local/lib/python3.8/site-packages/airflow/example_dags/example_setup_teardown.py for tasks to queue
[2025-01-23T12:34:01.787+0000] {logging_mixin.py:188} INFO - [2025-01-23T12:34:01.786+0000] {dagbag.py:538} INFO - Filling up the DagBag from /home/airflow/.local/lib/python3.8/site-packages/airflow/example_dags/example_setup_teardown.py
[2025-01-23T12:34:01.803+0000] {processor.py:840} INFO - DAG(s) 'example_setup_teardown' retrieved from /home/airflow/.local/lib/python3.8/site-packages/airflow/example_dags/example_setup_teardown.py
[2025-01-23T12:34:01.853+0000] {logging_mixin.py:188} INFO - [2025-01-23T12:34:01.852+0000] {dag.py:3036} INFO - Sync 1 DAGs
[2025-01-23T12:34:01.909+0000] {logging_mixin.py:188} INFO - [2025-01-23T12:34:01.909+0000] {dag.py:3823} INFO - Setting next_dagrun for example_setup_teardown to 2025-01-22 00:00:00+00:00, run_after=2025-01-23 00:00:00+00:00
[2025-01-23T12:34:01.958+0000] {processor.py:183} INFO - Processing /home/airflow/.local/lib/python3.8/site-packages/airflow/example_dags/example_setup_teardown.py took 0.184 seconds
[2025-01-23T12:34:32.264+0000] {processor.py:161} INFO - Started process (PID=314) to work on /home/airflow/.local/lib/python3.8/site-packages/airflow/example_dags/example_setup_teardown.py
[2025-01-23T12:34:32.265+0000] {processor.py:830} INFO - Processing file /home/airflow/.local/lib/python3.8/site-packages/airflow/example_dags/example_setup_teardown.py for tasks to queue
[2025-01-23T12:34:32.269+0000] {logging_mixin.py:188} INFO - [2025-01-23T12:34:32.268+0000] {dagbag.py:538} INFO - Filling up the DagBag from /home/airflow/.local/lib/python3.8/site-packages/airflow/example_dags/example_setup_teardown.py
[2025-01-23T12:34:32.279+0000] {processor.py:840} INFO - DAG(s) 'example_setup_teardown' retrieved from /home/airflow/.local/lib/python3.8/site-packages/airflow/example_dags/example_setup_teardown.py
[2025-01-23T12:34:32.311+0000] {logging_mixin.py:188} INFO - [2025-01-23T12:34:32.310+0000] {dag.py:3036} INFO - Sync 1 DAGs
[2025-01-23T12:34:32.349+0000] {logging_mixin.py:188} INFO - [2025-01-23T12:34:32.348+0000] {dag.py:3823} INFO - Setting next_dagrun for example_setup_teardown to 2025-01-22 00:00:00+00:00, run_after=2025-01-23 00:00:00+00:00
[2025-01-23T12:34:32.376+0000] {processor.py:183} INFO - Processing /home/airflow/.local/lib/python3.8/site-packages/airflow/example_dags/example_setup_teardown.py took 0.119 seconds
[2025-01-23T12:35:02.550+0000] {processor.py:161} INFO - Started process (PID=370) to work on /home/airflow/.local/lib/python3.8/site-packages/airflow/example_dags/example_setup_teardown.py
[2025-01-23T12:35:02.552+0000] {processor.py:830} INFO - Processing file /home/airflow/.local/lib/python3.8/site-packages/airflow/example_dags/example_setup_teardown.py for tasks to queue
[2025-01-23T12:35:02.554+0000] {logging_mixin.py:188} INFO - [2025-01-23T12:35:02.554+0000] {dagbag.py:538} INFO - Filling up the DagBag from /home/airflow/.local/lib/python3.8/site-packages/airflow/example_dags/example_setup_teardown.py
[2025-01-23T12:35:02.563+0000] {processor.py:840} INFO - DAG(s) 'example_setup_teardown' retrieved from /home/airflow/.local/lib/python3.8/site-packages/airflow/example_dags/example_setup_teardown.py
[2025-01-23T12:35:02.591+0000] {logging_mixin.py:188} INFO - [2025-01-23T12:35:02.591+0000] {dag.py:3036} INFO - Sync 1 DAGs
[2025-01-23T12:35:02.622+0000] {logging_mixin.py:188} INFO - [2025-01-23T12:35:02.622+0000] {dag.py:3823} INFO - Setting next_dagrun for example_setup_teardown to 2025-01-22 00:00:00+00:00, run_after=2025-01-23 00:00:00+00:00
[2025-01-23T12:35:02.647+0000] {processor.py:183} INFO - Processing /home/airflow/.local/lib/python3.8/site-packages/airflow/example_dags/example_setup_teardown.py took 0.101 seconds
[2025-01-23T12:35:32.864+0000] {processor.py:161} INFO - Started process (PID=426) to work on /home/airflow/.local/lib/python3.8/site-packages/airflow/example_dags/example_setup_teardown.py
[2025-01-23T12:35:32.866+0000] {processor.py:830} INFO - Processing file /home/airflow/.local/lib/python3.8/site-packages/airflow/example_dags/example_setup_teardown.py for tasks to queue
[2025-01-23T12:35:32.870+0000] {logging_mixin.py:188} INFO - [2025-01-23T12:35:32.869+0000] {dagbag.py:538} INFO - Filling up the DagBag from /home/airflow/.local/lib/python3.8/site-packages/airflow/example_dags/example_setup_teardown.py
[2025-01-23T12:35:32.883+0000] {processor.py:840} INFO - DAG(s) 'example_setup_teardown' retrieved from /home/airflow/.local/lib/python3.8/site-packages/airflow/example_dags/example_setup_teardown.py
[2025-01-23T12:35:32.915+0000] {logging_mixin.py:188} INFO - [2025-01-23T12:35:32.915+0000] {dag.py:3036} INFO - Sync 1 DAGs
[2025-01-23T12:35:32.958+0000] {logging_mixin.py:188} INFO - [2025-01-23T12:35:32.957+0000] {dag.py:3823} INFO - Setting next_dagrun for example_setup_teardown to 2025-01-22 00:00:00+00:00, run_after=2025-01-23 00:00:00+00:00
[2025-01-23T12:35:33.015+0000] {processor.py:183} INFO - Processing /home/airflow/.local/lib/python3.8/site-packages/airflow/example_dags/example_setup_teardown.py took 0.157 seconds
[2025-01-23T12:36:03.524+0000] {processor.py:161} INFO - Started process (PID=482) to work on /home/airflow/.local/lib/python3.8/site-packages/airflow/example_dags/example_setup_teardown.py
[2025-01-23T12:36:03.525+0000] {processor.py:830} INFO - Processing file /home/airflow/.local/lib/python3.8/site-packages/airflow/example_dags/example_setup_teardown.py for tasks to queue
[2025-01-23T12:36:03.527+0000] {logging_mixin.py:188} INFO - [2025-01-23T12:36:03.527+0000] {dagbag.py:538} INFO - Filling up the DagBag from /home/airflow/.local/lib/python3.8/site-packages/airflow/example_dags/example_setup_teardown.py
[2025-01-23T12:36:03.536+0000] {processor.py:840} INFO - DAG(s) 'example_setup_teardown' retrieved from /home/airflow/.local/lib/python3.8/site-packages/airflow/example_dags/example_setup_teardown.py
[2025-01-23T12:36:03.568+0000] {logging_mixin.py:188} INFO - [2025-01-23T12:36:03.567+0000] {dag.py:3036} INFO - Sync 1 DAGs
[2025-01-23T12:36:03.602+0000] {logging_mixin.py:188} INFO - [2025-01-23T12:36:03.601+0000] {dag.py:3823} INFO - Setting next_dagrun for example_setup_teardown to 2025-01-22 00:00:00+00:00, run_after=2025-01-23 00:00:00+00:00
[2025-01-23T12:36:03.630+0000] {processor.py:183} INFO - Processing /home/airflow/.local/lib/python3.8/site-packages/airflow/example_dags/example_setup_teardown.py took 0.111 seconds
[2025-01-23T12:36:33.977+0000] {processor.py:161} INFO - Started process (PID=538) to work on /home/airflow/.local/lib/python3.8/site-packages/airflow/example_dags/example_setup_teardown.py
[2025-01-23T12:36:33.979+0000] {processor.py:830} INFO - Processing file /home/airflow/.local/lib/python3.8/site-packages/airflow/example_dags/example_setup_teardown.py for tasks to queue
[2025-01-23T12:36:33.981+0000] {logging_mixin.py:188} INFO - [2025-01-23T12:36:33.981+0000] {dagbag.py:538} INFO - Filling up the DagBag from /home/airflow/.local/lib/python3.8/site-packages/airflow/example_dags/example_setup_teardown.py
[2025-01-23T12:36:33.988+0000] {processor.py:840} INFO - DAG(s) 'example_setup_teardown' retrieved from /home/airflow/.local/lib/python3.8/site-packages/airflow/example_dags/example_setup_teardown.py
[2025-01-23T12:36:34.016+0000] {logging_mixin.py:188} INFO - [2025-01-23T12:36:34.015+0000] {dag.py:3036} INFO - Sync 1 DAGs
[2025-01-23T12:36:34.048+0000] {logging_mixin.py:188} INFO - [2025-01-23T12:36:34.048+0000] {dag.py:3823} INFO - Setting next_dagrun for example_setup_teardown to 2025-01-22 00:00:00+00:00, run_after=2025-01-23 00:00:00+00:00
[2025-01-23T12:36:34.079+0000] {processor.py:183} INFO - Processing /home/airflow/.local/lib/python3.8/site-packages/airflow/example_dags/example_setup_teardown.py took 0.105 seconds
[2025-01-23T12:37:04.529+0000] {processor.py:161} INFO - Started process (PID=594) to work on /home/airflow/.local/lib/python3.8/site-packages/airflow/example_dags/example_setup_teardown.py
[2025-01-23T12:37:04.531+0000] {processor.py:830} INFO - Processing file /home/airflow/.local/lib/python3.8/site-packages/airflow/example_dags/example_setup_teardown.py for tasks to queue
[2025-01-23T12:37:04.533+0000] {logging_mixin.py:188} INFO - [2025-01-23T12:37:04.532+0000] {dagbag.py:538} INFO - Filling up the DagBag from /home/airflow/.local/lib/python3.8/site-packages/airflow/example_dags/example_setup_teardown.py
[2025-01-23T12:37:04.542+0000] {processor.py:840} INFO - DAG(s) 'example_setup_teardown' retrieved from /home/airflow/.local/lib/python3.8/site-packages/airflow/example_dags/example_setup_teardown.py
[2025-01-23T12:37:04.575+0000] {logging_mixin.py:188} INFO - [2025-01-23T12:37:04.574+0000] {dag.py:3036} INFO - Sync 1 DAGs
[2025-01-23T12:37:04.627+0000] {logging_mixin.py:188} INFO - [2025-01-23T12:37:04.627+0000] {dag.py:3823} INFO - Setting next_dagrun for example_setup_teardown to 2025-01-22 00:00:00+00:00, run_after=2025-01-23 00:00:00+00:00
[2025-01-23T12:37:04.651+0000] {processor.py:183} INFO - Processing /home/airflow/.local/lib/python3.8/site-packages/airflow/example_dags/example_setup_teardown.py took 0.126 seconds
[2025-01-23T12:37:35.097+0000] {processor.py:161} INFO - Started process (PID=650) to work on /home/airflow/.local/lib/python3.8/site-packages/airflow/example_dags/example_setup_teardown.py
[2025-01-23T12:37:35.098+0000] {processor.py:830} INFO - Processing file /home/airflow/.local/lib/python3.8/site-packages/airflow/example_dags/example_setup_teardown.py for tasks to queue
[2025-01-23T12:37:35.103+0000] {logging_mixin.py:188} INFO - [2025-01-23T12:37:35.102+0000] {dagbag.py:538} INFO - Filling up the DagBag from /home/airflow/.local/lib/python3.8/site-packages/airflow/example_dags/example_setup_teardown.py
[2025-01-23T12:37:35.120+0000] {processor.py:840} INFO - DAG(s) 'example_setup_teardown' retrieved from /home/airflow/.local/lib/python3.8/site-packages/airflow/example_dags/example_setup_teardown.py
[2025-01-23T12:37:35.163+0000] {logging_mixin.py:188} INFO - [2025-01-23T12:37:35.163+0000] {dag.py:3036} INFO - Sync 1 DAGs
[2025-01-23T12:37:35.205+0000] {logging_mixin.py:188} INFO - [2025-01-23T12:37:35.205+0000] {dag.py:3823} INFO - Setting next_dagrun for example_setup_teardown to 2025-01-22 00:00:00+00:00, run_after=2025-01-23 00:00:00+00:00
[2025-01-23T12:37:35.234+0000] {processor.py:183} INFO - Processing /home/airflow/.local/lib/python3.8/site-packages/airflow/example_dags/example_setup_teardown.py took 0.144 seconds
[2025-01-23T12:38:05.407+0000] {processor.py:161} INFO - Started process (PID=706) to work on /home/airflow/.local/lib/python3.8/site-packages/airflow/example_dags/example_setup_teardown.py
[2025-01-23T12:38:05.408+0000] {processor.py:830} INFO - Processing file /home/airflow/.local/lib/python3.8/site-packages/airflow/example_dags/example_setup_teardown.py for tasks to queue
[2025-01-23T12:38:05.410+0000] {logging_mixin.py:188} INFO - [2025-01-23T12:38:05.410+0000] {dagbag.py:538} INFO - Filling up the DagBag from /home/airflow/.local/lib/python3.8/site-packages/airflow/example_dags/example_setup_teardown.py
[2025-01-23T12:38:05.420+0000] {processor.py:840} INFO - DAG(s) 'example_setup_teardown' retrieved from /home/airflow/.local/lib/python3.8/site-packages/airflow/example_dags/example_setup_teardown.py
[2025-01-23T12:38:05.449+0000] {logging_mixin.py:188} INFO - [2025-01-23T12:38:05.448+0000] {dag.py:3036} INFO - Sync 1 DAGs
[2025-01-23T12:38:05.483+0000] {logging_mixin.py:188} INFO - [2025-01-23T12:38:05.483+0000] {dag.py:3823} INFO - Setting next_dagrun for example_setup_teardown to 2025-01-22 00:00:00+00:00, run_after=2025-01-23 00:00:00+00:00
[2025-01-23T12:38:05.525+0000] {processor.py:183} INFO - Processing /home/airflow/.local/lib/python3.8/site-packages/airflow/example_dags/example_setup_teardown.py took 0.122 seconds
[2025-01-23T12:38:35.962+0000] {processor.py:161} INFO - Started process (PID=762) to work on /home/airflow/.local/lib/python3.8/site-packages/airflow/example_dags/example_setup_teardown.py
[2025-01-23T12:38:35.964+0000] {processor.py:830} INFO - Processing file /home/airflow/.local/lib/python3.8/site-packages/airflow/example_dags/example_setup_teardown.py for tasks to queue
[2025-01-23T12:38:35.966+0000] {logging_mixin.py:188} INFO - [2025-01-23T12:38:35.966+0000] {dagbag.py:538} INFO - Filling up the DagBag from /home/airflow/.local/lib/python3.8/site-packages/airflow/example_dags/example_setup_teardown.py
[2025-01-23T12:38:35.975+0000] {processor.py:840} INFO - DAG(s) 'example_setup_teardown' retrieved from /home/airflow/.local/lib/python3.8/site-packages/airflow/example_dags/example_setup_teardown.py
[2025-01-23T12:38:36.003+0000] {logging_mixin.py:188} INFO - [2025-01-23T12:38:36.003+0000] {dag.py:3036} INFO - Sync 1 DAGs
[2025-01-23T12:38:36.031+0000] {logging_mixin.py:188} INFO - [2025-01-23T12:38:36.031+0000] {dag.py:3823} INFO - Setting next_dagrun for example_setup_teardown to 2025-01-22 00:00:00+00:00, run_after=2025-01-23 00:00:00+00:00
[2025-01-23T12:38:36.069+0000] {processor.py:183} INFO - Processing /home/airflow/.local/lib/python3.8/site-packages/airflow/example_dags/example_setup_teardown.py took 0.110 seconds
[2025-01-23T12:39:06.814+0000] {processor.py:161} INFO - Started process (PID=818) to work on /home/airflow/.local/lib/python3.8/site-packages/airflow/example_dags/example_setup_teardown.py
[2025-01-23T12:39:06.816+0000] {processor.py:830} INFO - Processing file /home/airflow/.local/lib/python3.8/site-packages/airflow/example_dags/example_setup_teardown.py for tasks to queue
[2025-01-23T12:39:06.819+0000] {logging_mixin.py:188} INFO - [2025-01-23T12:39:06.819+0000] {dagbag.py:538} INFO - Filling up the DagBag from /home/airflow/.local/lib/python3.8/site-packages/airflow/example_dags/example_setup_teardown.py
[2025-01-23T12:39:06.830+0000] {processor.py:840} INFO - DAG(s) 'example_setup_teardown' retrieved from /home/airflow/.local/lib/python3.8/site-packages/airflow/example_dags/example_setup_teardown.py
[2025-01-23T12:39:06.865+0000] {logging_mixin.py:188} INFO - [2025-01-23T12:39:06.864+0000] {dag.py:3036} INFO - Sync 1 DAGs
[2025-01-23T12:39:06.904+0000] {logging_mixin.py:188} INFO - [2025-01-23T12:39:06.904+0000] {dag.py:3823} INFO - Setting next_dagrun for example_setup_teardown to 2025-01-22 00:00:00+00:00, run_after=2025-01-23 00:00:00+00:00
[2025-01-23T12:39:06.949+0000] {processor.py:183} INFO - Processing /home/airflow/.local/lib/python3.8/site-packages/airflow/example_dags/example_setup_teardown.py took 0.140 seconds
