[2025-01-23T09:22:44.779+0000] {processor.py:161} INFO - Started process (PID=78) to work on /home/airflow/.local/lib/python3.8/site-packages/airflow/example_dags/example_python_decorator.py
[2025-01-23T09:22:44.782+0000] {processor.py:830} INFO - Processing file /home/airflow/.local/lib/python3.8/site-packages/airflow/example_dags/example_python_decorator.py for tasks to queue
[2025-01-23T09:22:44.787+0000] {logging_mixin.py:188} INFO - [2025-01-23T09:22:44.785+0000] {dagbag.py:538} INFO - Filling up the DagBag from /home/airflow/.local/lib/python3.8/site-packages/airflow/example_dags/example_python_decorator.py
[2025-01-23T09:22:44.847+0000] {processor.py:840} INFO - DAG(s) 'example_python_decorator' retrieved from /home/airflow/.local/lib/python3.8/site-packages/airflow/example_dags/example_python_decorator.py
[2025-01-23T09:22:45.468+0000] {logging_mixin.py:188} INFO - [2025-01-23T09:22:45.468+0000] {dag.py:3036} INFO - Sync 1 DAGs
[2025-01-23T09:22:45.558+0000] {logging_mixin.py:188} INFO - [2025-01-23T09:22:45.558+0000] {dag.py:3823} INFO - Setting next_dagrun for example_python_decorator to None, run_after=None
[2025-01-23T09:22:45.728+0000] {processor.py:183} INFO - Processing /home/airflow/.local/lib/python3.8/site-packages/airflow/example_dags/example_python_decorator.py took 0.956 seconds
[2025-01-23T09:23:20.261+0000] {processor.py:161} INFO - Started process (PID=138) to work on /home/airflow/.local/lib/python3.8/site-packages/airflow/example_dags/example_python_decorator.py
[2025-01-23T09:23:20.265+0000] {processor.py:830} INFO - Processing file /home/airflow/.local/lib/python3.8/site-packages/airflow/example_dags/example_python_decorator.py for tasks to queue
[2025-01-23T09:23:20.271+0000] {logging_mixin.py:188} INFO - [2025-01-23T09:23:20.270+0000] {dagbag.py:538} INFO - Filling up the DagBag from /home/airflow/.local/lib/python3.8/site-packages/airflow/example_dags/example_python_decorator.py
[2025-01-23T09:23:20.309+0000] {processor.py:840} INFO - DAG(s) 'example_python_decorator' retrieved from /home/airflow/.local/lib/python3.8/site-packages/airflow/example_dags/example_python_decorator.py
[2025-01-23T09:23:20.417+0000] {logging_mixin.py:188} INFO - [2025-01-23T09:23:20.416+0000] {dag.py:3036} INFO - Sync 1 DAGs
[2025-01-23T09:23:20.457+0000] {logging_mixin.py:188} INFO - [2025-01-23T09:23:20.456+0000] {dag.py:3823} INFO - Setting next_dagrun for example_python_decorator to None, run_after=None
[2025-01-23T09:23:20.512+0000] {processor.py:183} INFO - Processing /home/airflow/.local/lib/python3.8/site-packages/airflow/example_dags/example_python_decorator.py took 0.259 seconds
[2025-01-23T09:23:50.986+0000] {processor.py:161} INFO - Started process (PID=192) to work on /home/airflow/.local/lib/python3.8/site-packages/airflow/example_dags/example_python_decorator.py
[2025-01-23T09:23:50.990+0000] {processor.py:830} INFO - Processing file /home/airflow/.local/lib/python3.8/site-packages/airflow/example_dags/example_python_decorator.py for tasks to queue
[2025-01-23T09:23:50.997+0000] {logging_mixin.py:188} INFO - [2025-01-23T09:23:50.996+0000] {dagbag.py:538} INFO - Filling up the DagBag from /home/airflow/.local/lib/python3.8/site-packages/airflow/example_dags/example_python_decorator.py
[2025-01-23T09:23:51.049+0000] {processor.py:840} INFO - DAG(s) 'example_python_decorator' retrieved from /home/airflow/.local/lib/python3.8/site-packages/airflow/example_dags/example_python_decorator.py
[2025-01-23T09:23:51.130+0000] {logging_mixin.py:188} INFO - [2025-01-23T09:23:51.130+0000] {dag.py:3036} INFO - Sync 1 DAGs
[2025-01-23T09:23:51.179+0000] {logging_mixin.py:188} INFO - [2025-01-23T09:23:51.178+0000] {dag.py:3823} INFO - Setting next_dagrun for example_python_decorator to None, run_after=None
[2025-01-23T09:23:51.262+0000] {processor.py:183} INFO - Processing /home/airflow/.local/lib/python3.8/site-packages/airflow/example_dags/example_python_decorator.py took 0.290 seconds
[2025-01-23T09:24:22.026+0000] {processor.py:161} INFO - Started process (PID=248) to work on /home/airflow/.local/lib/python3.8/site-packages/airflow/example_dags/example_python_decorator.py
[2025-01-23T09:24:22.028+0000] {processor.py:830} INFO - Processing file /home/airflow/.local/lib/python3.8/site-packages/airflow/example_dags/example_python_decorator.py for tasks to queue
[2025-01-23T09:24:22.041+0000] {logging_mixin.py:188} INFO - [2025-01-23T09:24:22.039+0000] {dagbag.py:538} INFO - Filling up the DagBag from /home/airflow/.local/lib/python3.8/site-packages/airflow/example_dags/example_python_decorator.py
[2025-01-23T09:24:22.079+0000] {processor.py:840} INFO - DAG(s) 'example_python_decorator' retrieved from /home/airflow/.local/lib/python3.8/site-packages/airflow/example_dags/example_python_decorator.py
[2025-01-23T09:24:22.135+0000] {logging_mixin.py:188} INFO - [2025-01-23T09:24:22.134+0000] {dag.py:3036} INFO - Sync 1 DAGs
[2025-01-23T09:24:22.166+0000] {logging_mixin.py:188} INFO - [2025-01-23T09:24:22.165+0000] {dag.py:3823} INFO - Setting next_dagrun for example_python_decorator to None, run_after=None
[2025-01-23T09:24:22.215+0000] {processor.py:183} INFO - Processing /home/airflow/.local/lib/python3.8/site-packages/airflow/example_dags/example_python_decorator.py took 0.206 seconds
[2025-01-23T09:24:52.777+0000] {processor.py:161} INFO - Started process (PID=304) to work on /home/airflow/.local/lib/python3.8/site-packages/airflow/example_dags/example_python_decorator.py
[2025-01-23T09:24:52.779+0000] {processor.py:830} INFO - Processing file /home/airflow/.local/lib/python3.8/site-packages/airflow/example_dags/example_python_decorator.py for tasks to queue
[2025-01-23T09:24:52.782+0000] {logging_mixin.py:188} INFO - [2025-01-23T09:24:52.782+0000] {dagbag.py:538} INFO - Filling up the DagBag from /home/airflow/.local/lib/python3.8/site-packages/airflow/example_dags/example_python_decorator.py
[2025-01-23T09:24:52.806+0000] {processor.py:840} INFO - DAG(s) 'example_python_decorator' retrieved from /home/airflow/.local/lib/python3.8/site-packages/airflow/example_dags/example_python_decorator.py
[2025-01-23T09:24:52.846+0000] {logging_mixin.py:188} INFO - [2025-01-23T09:24:52.845+0000] {dag.py:3036} INFO - Sync 1 DAGs
[2025-01-23T09:24:52.871+0000] {logging_mixin.py:188} INFO - [2025-01-23T09:24:52.870+0000] {dag.py:3823} INFO - Setting next_dagrun for example_python_decorator to None, run_after=None
[2025-01-23T09:24:52.910+0000] {processor.py:183} INFO - Processing /home/airflow/.local/lib/python3.8/site-packages/airflow/example_dags/example_python_decorator.py took 0.139 seconds
[2025-01-23T09:25:23.068+0000] {processor.py:161} INFO - Started process (PID=356) to work on /home/airflow/.local/lib/python3.8/site-packages/airflow/example_dags/example_python_decorator.py
[2025-01-23T09:25:23.070+0000] {processor.py:830} INFO - Processing file /home/airflow/.local/lib/python3.8/site-packages/airflow/example_dags/example_python_decorator.py for tasks to queue
[2025-01-23T09:25:23.073+0000] {logging_mixin.py:188} INFO - [2025-01-23T09:25:23.073+0000] {dagbag.py:538} INFO - Filling up the DagBag from /home/airflow/.local/lib/python3.8/site-packages/airflow/example_dags/example_python_decorator.py
[2025-01-23T09:25:23.118+0000] {processor.py:840} INFO - DAG(s) 'example_python_decorator' retrieved from /home/airflow/.local/lib/python3.8/site-packages/airflow/example_dags/example_python_decorator.py
[2025-01-23T09:25:23.161+0000] {logging_mixin.py:188} INFO - [2025-01-23T09:25:23.161+0000] {dag.py:3036} INFO - Sync 1 DAGs
[2025-01-23T09:25:23.184+0000] {logging_mixin.py:188} INFO - [2025-01-23T09:25:23.183+0000] {dag.py:3823} INFO - Setting next_dagrun for example_python_decorator to None, run_after=None
[2025-01-23T09:25:23.218+0000] {processor.py:183} INFO - Processing /home/airflow/.local/lib/python3.8/site-packages/airflow/example_dags/example_python_decorator.py took 0.158 seconds
[2025-01-23T09:25:53.654+0000] {processor.py:161} INFO - Started process (PID=412) to work on /home/airflow/.local/lib/python3.8/site-packages/airflow/example_dags/example_python_decorator.py
[2025-01-23T09:25:53.658+0000] {processor.py:830} INFO - Processing file /home/airflow/.local/lib/python3.8/site-packages/airflow/example_dags/example_python_decorator.py for tasks to queue
[2025-01-23T09:25:53.667+0000] {logging_mixin.py:188} INFO - [2025-01-23T09:25:53.666+0000] {dagbag.py:538} INFO - Filling up the DagBag from /home/airflow/.local/lib/python3.8/site-packages/airflow/example_dags/example_python_decorator.py
[2025-01-23T09:25:53.740+0000] {processor.py:840} INFO - DAG(s) 'example_python_decorator' retrieved from /home/airflow/.local/lib/python3.8/site-packages/airflow/example_dags/example_python_decorator.py
[2025-01-23T09:25:53.810+0000] {logging_mixin.py:188} INFO - [2025-01-23T09:25:53.810+0000] {dag.py:3036} INFO - Sync 1 DAGs
[2025-01-23T09:25:53.840+0000] {logging_mixin.py:188} INFO - [2025-01-23T09:25:53.839+0000] {dag.py:3823} INFO - Setting next_dagrun for example_python_decorator to None, run_after=None
[2025-01-23T09:25:53.929+0000] {processor.py:183} INFO - Processing /home/airflow/.local/lib/python3.8/site-packages/airflow/example_dags/example_python_decorator.py took 0.285 seconds
[2025-01-23T09:26:24.131+0000] {processor.py:161} INFO - Started process (PID=468) to work on /home/airflow/.local/lib/python3.8/site-packages/airflow/example_dags/example_python_decorator.py
[2025-01-23T09:26:24.132+0000] {processor.py:830} INFO - Processing file /home/airflow/.local/lib/python3.8/site-packages/airflow/example_dags/example_python_decorator.py for tasks to queue
[2025-01-23T09:26:24.136+0000] {logging_mixin.py:188} INFO - [2025-01-23T09:26:24.136+0000] {dagbag.py:538} INFO - Filling up the DagBag from /home/airflow/.local/lib/python3.8/site-packages/airflow/example_dags/example_python_decorator.py
[2025-01-23T09:26:24.165+0000] {processor.py:840} INFO - DAG(s) 'example_python_decorator' retrieved from /home/airflow/.local/lib/python3.8/site-packages/airflow/example_dags/example_python_decorator.py
[2025-01-23T09:26:24.217+0000] {logging_mixin.py:188} INFO - [2025-01-23T09:26:24.217+0000] {dag.py:3036} INFO - Sync 1 DAGs
[2025-01-23T09:26:24.246+0000] {logging_mixin.py:188} INFO - [2025-01-23T09:26:24.245+0000] {dag.py:3823} INFO - Setting next_dagrun for example_python_decorator to None, run_after=None
[2025-01-23T09:26:24.313+0000] {processor.py:183} INFO - Processing /home/airflow/.local/lib/python3.8/site-packages/airflow/example_dags/example_python_decorator.py took 0.187 seconds
[2025-01-23T09:26:54.500+0000] {processor.py:161} INFO - Started process (PID=524) to work on /home/airflow/.local/lib/python3.8/site-packages/airflow/example_dags/example_python_decorator.py
[2025-01-23T09:26:54.503+0000] {processor.py:830} INFO - Processing file /home/airflow/.local/lib/python3.8/site-packages/airflow/example_dags/example_python_decorator.py for tasks to queue
[2025-01-23T09:26:54.507+0000] {logging_mixin.py:188} INFO - [2025-01-23T09:26:54.506+0000] {dagbag.py:538} INFO - Filling up the DagBag from /home/airflow/.local/lib/python3.8/site-packages/airflow/example_dags/example_python_decorator.py
[2025-01-23T09:26:54.540+0000] {processor.py:840} INFO - DAG(s) 'example_python_decorator' retrieved from /home/airflow/.local/lib/python3.8/site-packages/airflow/example_dags/example_python_decorator.py
[2025-01-23T09:26:54.587+0000] {logging_mixin.py:188} INFO - [2025-01-23T09:26:54.587+0000] {dag.py:3036} INFO - Sync 1 DAGs
[2025-01-23T09:26:54.612+0000] {logging_mixin.py:188} INFO - [2025-01-23T09:26:54.612+0000] {dag.py:3823} INFO - Setting next_dagrun for example_python_decorator to None, run_after=None
[2025-01-23T09:26:54.682+0000] {processor.py:183} INFO - Processing /home/airflow/.local/lib/python3.8/site-packages/airflow/example_dags/example_python_decorator.py took 0.187 seconds
[2025-01-23T09:27:25.302+0000] {processor.py:161} INFO - Started process (PID=580) to work on /home/airflow/.local/lib/python3.8/site-packages/airflow/example_dags/example_python_decorator.py
[2025-01-23T09:27:25.305+0000] {processor.py:830} INFO - Processing file /home/airflow/.local/lib/python3.8/site-packages/airflow/example_dags/example_python_decorator.py for tasks to queue
[2025-01-23T09:27:25.311+0000] {logging_mixin.py:188} INFO - [2025-01-23T09:27:25.310+0000] {dagbag.py:538} INFO - Filling up the DagBag from /home/airflow/.local/lib/python3.8/site-packages/airflow/example_dags/example_python_decorator.py
[2025-01-23T09:27:25.369+0000] {processor.py:840} INFO - DAG(s) 'example_python_decorator' retrieved from /home/airflow/.local/lib/python3.8/site-packages/airflow/example_dags/example_python_decorator.py
[2025-01-23T09:27:25.500+0000] {logging_mixin.py:188} INFO - [2025-01-23T09:27:25.499+0000] {dag.py:3036} INFO - Sync 1 DAGs
[2025-01-23T09:27:25.578+0000] {logging_mixin.py:188} INFO - [2025-01-23T09:27:25.578+0000] {dag.py:3823} INFO - Setting next_dagrun for example_python_decorator to None, run_after=None
[2025-01-23T09:27:25.658+0000] {processor.py:183} INFO - Processing /home/airflow/.local/lib/python3.8/site-packages/airflow/example_dags/example_python_decorator.py took 0.366 seconds
[2025-01-23T09:27:55.922+0000] {processor.py:161} INFO - Started process (PID=635) to work on /home/airflow/.local/lib/python3.8/site-packages/airflow/example_dags/example_python_decorator.py
[2025-01-23T09:27:55.924+0000] {processor.py:830} INFO - Processing file /home/airflow/.local/lib/python3.8/site-packages/airflow/example_dags/example_python_decorator.py for tasks to queue
[2025-01-23T09:27:55.927+0000] {logging_mixin.py:188} INFO - [2025-01-23T09:27:55.927+0000] {dagbag.py:538} INFO - Filling up the DagBag from /home/airflow/.local/lib/python3.8/site-packages/airflow/example_dags/example_python_decorator.py
[2025-01-23T09:27:55.954+0000] {processor.py:840} INFO - DAG(s) 'example_python_decorator' retrieved from /home/airflow/.local/lib/python3.8/site-packages/airflow/example_dags/example_python_decorator.py
[2025-01-23T09:27:55.996+0000] {logging_mixin.py:188} INFO - [2025-01-23T09:27:55.995+0000] {dag.py:3036} INFO - Sync 1 DAGs
[2025-01-23T09:27:56.024+0000] {logging_mixin.py:188} INFO - [2025-01-23T09:27:56.024+0000] {dag.py:3823} INFO - Setting next_dagrun for example_python_decorator to None, run_after=None
[2025-01-23T09:27:56.060+0000] {processor.py:183} INFO - Processing /home/airflow/.local/lib/python3.8/site-packages/airflow/example_dags/example_python_decorator.py took 0.143 seconds
[2025-01-23T09:28:26.556+0000] {processor.py:161} INFO - Started process (PID=691) to work on /home/airflow/.local/lib/python3.8/site-packages/airflow/example_dags/example_python_decorator.py
[2025-01-23T09:28:26.558+0000] {processor.py:830} INFO - Processing file /home/airflow/.local/lib/python3.8/site-packages/airflow/example_dags/example_python_decorator.py for tasks to queue
[2025-01-23T09:28:26.563+0000] {logging_mixin.py:188} INFO - [2025-01-23T09:28:26.562+0000] {dagbag.py:538} INFO - Filling up the DagBag from /home/airflow/.local/lib/python3.8/site-packages/airflow/example_dags/example_python_decorator.py
[2025-01-23T09:28:26.607+0000] {processor.py:840} INFO - DAG(s) 'example_python_decorator' retrieved from /home/airflow/.local/lib/python3.8/site-packages/airflow/example_dags/example_python_decorator.py
[2025-01-23T09:28:26.681+0000] {logging_mixin.py:188} INFO - [2025-01-23T09:28:26.680+0000] {dag.py:3036} INFO - Sync 1 DAGs
[2025-01-23T09:28:26.725+0000] {logging_mixin.py:188} INFO - [2025-01-23T09:28:26.724+0000] {dag.py:3823} INFO - Setting next_dagrun for example_python_decorator to None, run_after=None
[2025-01-23T09:28:26.771+0000] {processor.py:183} INFO - Processing /home/airflow/.local/lib/python3.8/site-packages/airflow/example_dags/example_python_decorator.py took 0.225 seconds
[2025-01-23T09:28:57.022+0000] {processor.py:161} INFO - Started process (PID=747) to work on /home/airflow/.local/lib/python3.8/site-packages/airflow/example_dags/example_python_decorator.py
[2025-01-23T09:28:57.024+0000] {processor.py:830} INFO - Processing file /home/airflow/.local/lib/python3.8/site-packages/airflow/example_dags/example_python_decorator.py for tasks to queue
[2025-01-23T09:28:57.027+0000] {logging_mixin.py:188} INFO - [2025-01-23T09:28:57.027+0000] {dagbag.py:538} INFO - Filling up the DagBag from /home/airflow/.local/lib/python3.8/site-packages/airflow/example_dags/example_python_decorator.py
[2025-01-23T09:28:57.050+0000] {processor.py:840} INFO - DAG(s) 'example_python_decorator' retrieved from /home/airflow/.local/lib/python3.8/site-packages/airflow/example_dags/example_python_decorator.py
[2025-01-23T09:28:57.092+0000] {logging_mixin.py:188} INFO - [2025-01-23T09:28:57.092+0000] {dag.py:3036} INFO - Sync 1 DAGs
[2025-01-23T09:28:57.114+0000] {logging_mixin.py:188} INFO - [2025-01-23T09:28:57.114+0000] {dag.py:3823} INFO - Setting next_dagrun for example_python_decorator to None, run_after=None
[2025-01-23T09:28:57.150+0000] {processor.py:183} INFO - Processing /home/airflow/.local/lib/python3.8/site-packages/airflow/example_dags/example_python_decorator.py took 0.133 seconds
[2025-01-23T09:29:27.912+0000] {processor.py:161} INFO - Started process (PID=803) to work on /home/airflow/.local/lib/python3.8/site-packages/airflow/example_dags/example_python_decorator.py
[2025-01-23T09:29:27.915+0000] {processor.py:830} INFO - Processing file /home/airflow/.local/lib/python3.8/site-packages/airflow/example_dags/example_python_decorator.py for tasks to queue
[2025-01-23T09:29:27.920+0000] {logging_mixin.py:188} INFO - [2025-01-23T09:29:27.919+0000] {dagbag.py:538} INFO - Filling up the DagBag from /home/airflow/.local/lib/python3.8/site-packages/airflow/example_dags/example_python_decorator.py
[2025-01-23T09:29:27.950+0000] {processor.py:840} INFO - DAG(s) 'example_python_decorator' retrieved from /home/airflow/.local/lib/python3.8/site-packages/airflow/example_dags/example_python_decorator.py
[2025-01-23T09:29:28.021+0000] {logging_mixin.py:188} INFO - [2025-01-23T09:29:28.021+0000] {dag.py:3036} INFO - Sync 1 DAGs
[2025-01-23T09:29:28.062+0000] {logging_mixin.py:188} INFO - [2025-01-23T09:29:28.061+0000] {dag.py:3823} INFO - Setting next_dagrun for example_python_decorator to None, run_after=None
[2025-01-23T09:29:28.121+0000] {processor.py:183} INFO - Processing /home/airflow/.local/lib/python3.8/site-packages/airflow/example_dags/example_python_decorator.py took 0.217 seconds
[2025-01-23T09:29:58.809+0000] {processor.py:161} INFO - Started process (PID=859) to work on /home/airflow/.local/lib/python3.8/site-packages/airflow/example_dags/example_python_decorator.py
[2025-01-23T09:29:58.811+0000] {processor.py:830} INFO - Processing file /home/airflow/.local/lib/python3.8/site-packages/airflow/example_dags/example_python_decorator.py for tasks to queue
[2025-01-23T09:29:58.817+0000] {logging_mixin.py:188} INFO - [2025-01-23T09:29:58.815+0000] {dagbag.py:538} INFO - Filling up the DagBag from /home/airflow/.local/lib/python3.8/site-packages/airflow/example_dags/example_python_decorator.py
[2025-01-23T09:29:58.847+0000] {processor.py:840} INFO - DAG(s) 'example_python_decorator' retrieved from /home/airflow/.local/lib/python3.8/site-packages/airflow/example_dags/example_python_decorator.py
[2025-01-23T09:29:58.900+0000] {logging_mixin.py:188} INFO - [2025-01-23T09:29:58.900+0000] {dag.py:3036} INFO - Sync 1 DAGs
[2025-01-23T09:29:58.933+0000] {logging_mixin.py:188} INFO - [2025-01-23T09:29:58.932+0000] {dag.py:3823} INFO - Setting next_dagrun for example_python_decorator to None, run_after=None
[2025-01-23T09:29:58.983+0000] {processor.py:183} INFO - Processing /home/airflow/.local/lib/python3.8/site-packages/airflow/example_dags/example_python_decorator.py took 0.182 seconds
[2025-01-23T09:30:29.564+0000] {processor.py:161} INFO - Started process (PID=915) to work on /home/airflow/.local/lib/python3.8/site-packages/airflow/example_dags/example_python_decorator.py
[2025-01-23T09:30:29.577+0000] {processor.py:830} INFO - Processing file /home/airflow/.local/lib/python3.8/site-packages/airflow/example_dags/example_python_decorator.py for tasks to queue
[2025-01-23T09:30:29.582+0000] {logging_mixin.py:188} INFO - [2025-01-23T09:30:29.582+0000] {dagbag.py:538} INFO - Filling up the DagBag from /home/airflow/.local/lib/python3.8/site-packages/airflow/example_dags/example_python_decorator.py
[2025-01-23T09:30:29.615+0000] {processor.py:840} INFO - DAG(s) 'example_python_decorator' retrieved from /home/airflow/.local/lib/python3.8/site-packages/airflow/example_dags/example_python_decorator.py
[2025-01-23T09:30:29.663+0000] {logging_mixin.py:188} INFO - [2025-01-23T09:30:29.662+0000] {dag.py:3036} INFO - Sync 1 DAGs
[2025-01-23T09:30:29.689+0000] {logging_mixin.py:188} INFO - [2025-01-23T09:30:29.689+0000] {dag.py:3823} INFO - Setting next_dagrun for example_python_decorator to None, run_after=None
[2025-01-23T09:30:29.768+0000] {processor.py:183} INFO - Processing /home/airflow/.local/lib/python3.8/site-packages/airflow/example_dags/example_python_decorator.py took 0.214 seconds
[2025-01-23T09:31:00.062+0000] {processor.py:161} INFO - Started process (PID=970) to work on /home/airflow/.local/lib/python3.8/site-packages/airflow/example_dags/example_python_decorator.py
[2025-01-23T09:31:00.082+0000] {processor.py:830} INFO - Processing file /home/airflow/.local/lib/python3.8/site-packages/airflow/example_dags/example_python_decorator.py for tasks to queue
[2025-01-23T09:31:00.084+0000] {logging_mixin.py:188} INFO - [2025-01-23T09:31:00.084+0000] {dagbag.py:538} INFO - Filling up the DagBag from /home/airflow/.local/lib/python3.8/site-packages/airflow/example_dags/example_python_decorator.py
[2025-01-23T09:31:00.115+0000] {processor.py:840} INFO - DAG(s) 'example_python_decorator' retrieved from /home/airflow/.local/lib/python3.8/site-packages/airflow/example_dags/example_python_decorator.py
[2025-01-23T09:31:00.175+0000] {logging_mixin.py:188} INFO - [2025-01-23T09:31:00.174+0000] {dag.py:3036} INFO - Sync 1 DAGs
[2025-01-23T09:31:00.219+0000] {logging_mixin.py:188} INFO - [2025-01-23T09:31:00.218+0000] {dag.py:3823} INFO - Setting next_dagrun for example_python_decorator to None, run_after=None
[2025-01-23T09:31:00.300+0000] {processor.py:183} INFO - Processing /home/airflow/.local/lib/python3.8/site-packages/airflow/example_dags/example_python_decorator.py took 0.244 seconds
[2025-01-23T09:31:30.755+0000] {processor.py:161} INFO - Started process (PID=1026) to work on /home/airflow/.local/lib/python3.8/site-packages/airflow/example_dags/example_python_decorator.py
[2025-01-23T09:31:30.757+0000] {processor.py:830} INFO - Processing file /home/airflow/.local/lib/python3.8/site-packages/airflow/example_dags/example_python_decorator.py for tasks to queue
[2025-01-23T09:31:30.758+0000] {logging_mixin.py:188} INFO - [2025-01-23T09:31:30.758+0000] {dagbag.py:538} INFO - Filling up the DagBag from /home/airflow/.local/lib/python3.8/site-packages/airflow/example_dags/example_python_decorator.py
[2025-01-23T09:31:30.778+0000] {processor.py:840} INFO - DAG(s) 'example_python_decorator' retrieved from /home/airflow/.local/lib/python3.8/site-packages/airflow/example_dags/example_python_decorator.py
[2025-01-23T09:31:30.815+0000] {logging_mixin.py:188} INFO - [2025-01-23T09:31:30.815+0000] {dag.py:3036} INFO - Sync 1 DAGs
[2025-01-23T09:31:30.834+0000] {logging_mixin.py:188} INFO - [2025-01-23T09:31:30.834+0000] {dag.py:3823} INFO - Setting next_dagrun for example_python_decorator to None, run_after=None
[2025-01-23T09:31:30.862+0000] {processor.py:183} INFO - Processing /home/airflow/.local/lib/python3.8/site-packages/airflow/example_dags/example_python_decorator.py took 0.111 seconds
[2025-01-23T09:32:01.084+0000] {processor.py:161} INFO - Started process (PID=1083) to work on /home/airflow/.local/lib/python3.8/site-packages/airflow/example_dags/example_python_decorator.py
[2025-01-23T09:32:01.086+0000] {processor.py:830} INFO - Processing file /home/airflow/.local/lib/python3.8/site-packages/airflow/example_dags/example_python_decorator.py for tasks to queue
[2025-01-23T09:32:01.088+0000] {logging_mixin.py:188} INFO - [2025-01-23T09:32:01.088+0000] {dagbag.py:538} INFO - Filling up the DagBag from /home/airflow/.local/lib/python3.8/site-packages/airflow/example_dags/example_python_decorator.py
[2025-01-23T09:32:01.108+0000] {processor.py:840} INFO - DAG(s) 'example_python_decorator' retrieved from /home/airflow/.local/lib/python3.8/site-packages/airflow/example_dags/example_python_decorator.py
[2025-01-23T09:32:01.149+0000] {logging_mixin.py:188} INFO - [2025-01-23T09:32:01.149+0000] {dag.py:3036} INFO - Sync 1 DAGs
[2025-01-23T09:32:01.173+0000] {logging_mixin.py:188} INFO - [2025-01-23T09:32:01.173+0000] {dag.py:3823} INFO - Setting next_dagrun for example_python_decorator to None, run_after=None
[2025-01-23T09:32:01.210+0000] {processor.py:183} INFO - Processing /home/airflow/.local/lib/python3.8/site-packages/airflow/example_dags/example_python_decorator.py took 0.130 seconds
[2025-01-23T09:32:31.759+0000] {processor.py:161} INFO - Started process (PID=1139) to work on /home/airflow/.local/lib/python3.8/site-packages/airflow/example_dags/example_python_decorator.py
[2025-01-23T09:32:31.762+0000] {processor.py:830} INFO - Processing file /home/airflow/.local/lib/python3.8/site-packages/airflow/example_dags/example_python_decorator.py for tasks to queue
[2025-01-23T09:32:31.766+0000] {logging_mixin.py:188} INFO - [2025-01-23T09:32:31.764+0000] {dagbag.py:538} INFO - Filling up the DagBag from /home/airflow/.local/lib/python3.8/site-packages/airflow/example_dags/example_python_decorator.py
[2025-01-23T09:32:31.880+0000] {processor.py:840} INFO - DAG(s) 'example_python_decorator' retrieved from /home/airflow/.local/lib/python3.8/site-packages/airflow/example_dags/example_python_decorator.py
[2025-01-23T09:32:31.995+0000] {logging_mixin.py:188} INFO - [2025-01-23T09:32:31.995+0000] {dag.py:3036} INFO - Sync 1 DAGs
[2025-01-23T09:32:32.025+0000] {logging_mixin.py:188} INFO - [2025-01-23T09:32:32.025+0000] {dag.py:3823} INFO - Setting next_dagrun for example_python_decorator to None, run_after=None
[2025-01-23T09:32:32.095+0000] {processor.py:183} INFO - Processing /home/airflow/.local/lib/python3.8/site-packages/airflow/example_dags/example_python_decorator.py took 0.356 seconds
[2025-01-23T09:33:02.303+0000] {processor.py:161} INFO - Started process (PID=1200) to work on /home/airflow/.local/lib/python3.8/site-packages/airflow/example_dags/example_python_decorator.py
[2025-01-23T09:33:02.306+0000] {processor.py:830} INFO - Processing file /home/airflow/.local/lib/python3.8/site-packages/airflow/example_dags/example_python_decorator.py for tasks to queue
[2025-01-23T09:33:02.309+0000] {logging_mixin.py:188} INFO - [2025-01-23T09:33:02.308+0000] {dagbag.py:538} INFO - Filling up the DagBag from /home/airflow/.local/lib/python3.8/site-packages/airflow/example_dags/example_python_decorator.py
[2025-01-23T09:33:02.345+0000] {processor.py:840} INFO - DAG(s) 'example_python_decorator' retrieved from /home/airflow/.local/lib/python3.8/site-packages/airflow/example_dags/example_python_decorator.py
[2025-01-23T09:33:02.396+0000] {logging_mixin.py:188} INFO - [2025-01-23T09:33:02.395+0000] {dag.py:3036} INFO - Sync 1 DAGs
[2025-01-23T09:33:02.427+0000] {logging_mixin.py:188} INFO - [2025-01-23T09:33:02.427+0000] {dag.py:3823} INFO - Setting next_dagrun for example_python_decorator to None, run_after=None
[2025-01-23T09:33:02.480+0000] {processor.py:183} INFO - Processing /home/airflow/.local/lib/python3.8/site-packages/airflow/example_dags/example_python_decorator.py took 0.184 seconds
[2025-01-23T09:33:33.074+0000] {processor.py:161} INFO - Started process (PID=1256) to work on /home/airflow/.local/lib/python3.8/site-packages/airflow/example_dags/example_python_decorator.py
[2025-01-23T09:33:33.076+0000] {processor.py:830} INFO - Processing file /home/airflow/.local/lib/python3.8/site-packages/airflow/example_dags/example_python_decorator.py for tasks to queue
[2025-01-23T09:33:33.078+0000] {logging_mixin.py:188} INFO - [2025-01-23T09:33:33.077+0000] {dagbag.py:538} INFO - Filling up the DagBag from /home/airflow/.local/lib/python3.8/site-packages/airflow/example_dags/example_python_decorator.py
[2025-01-23T09:33:33.104+0000] {processor.py:840} INFO - DAG(s) 'example_python_decorator' retrieved from /home/airflow/.local/lib/python3.8/site-packages/airflow/example_dags/example_python_decorator.py
[2025-01-23T09:33:33.140+0000] {logging_mixin.py:188} INFO - [2025-01-23T09:33:33.140+0000] {dag.py:3036} INFO - Sync 1 DAGs
[2025-01-23T09:33:33.162+0000] {logging_mixin.py:188} INFO - [2025-01-23T09:33:33.161+0000] {dag.py:3823} INFO - Setting next_dagrun for example_python_decorator to None, run_after=None
[2025-01-23T09:33:33.194+0000] {processor.py:183} INFO - Processing /home/airflow/.local/lib/python3.8/site-packages/airflow/example_dags/example_python_decorator.py took 0.125 seconds
[2025-01-23T09:34:03.811+0000] {processor.py:161} INFO - Started process (PID=1312) to work on /home/airflow/.local/lib/python3.8/site-packages/airflow/example_dags/example_python_decorator.py
[2025-01-23T09:34:03.813+0000] {processor.py:830} INFO - Processing file /home/airflow/.local/lib/python3.8/site-packages/airflow/example_dags/example_python_decorator.py for tasks to queue
[2025-01-23T09:34:03.815+0000] {logging_mixin.py:188} INFO - [2025-01-23T09:34:03.814+0000] {dagbag.py:538} INFO - Filling up the DagBag from /home/airflow/.local/lib/python3.8/site-packages/airflow/example_dags/example_python_decorator.py
[2025-01-23T09:34:03.843+0000] {processor.py:840} INFO - DAG(s) 'example_python_decorator' retrieved from /home/airflow/.local/lib/python3.8/site-packages/airflow/example_dags/example_python_decorator.py
[2025-01-23T09:34:03.888+0000] {logging_mixin.py:188} INFO - [2025-01-23T09:34:03.888+0000] {dag.py:3036} INFO - Sync 1 DAGs
[2025-01-23T09:34:03.915+0000] {logging_mixin.py:188} INFO - [2025-01-23T09:34:03.914+0000] {dag.py:3823} INFO - Setting next_dagrun for example_python_decorator to None, run_after=None
[2025-01-23T09:34:03.947+0000] {processor.py:183} INFO - Processing /home/airflow/.local/lib/python3.8/site-packages/airflow/example_dags/example_python_decorator.py took 0.141 seconds
[2025-01-23T09:34:34.637+0000] {processor.py:161} INFO - Started process (PID=1368) to work on /home/airflow/.local/lib/python3.8/site-packages/airflow/example_dags/example_python_decorator.py
[2025-01-23T09:34:34.640+0000] {processor.py:830} INFO - Processing file /home/airflow/.local/lib/python3.8/site-packages/airflow/example_dags/example_python_decorator.py for tasks to queue
[2025-01-23T09:34:34.643+0000] {logging_mixin.py:188} INFO - [2025-01-23T09:34:34.642+0000] {dagbag.py:538} INFO - Filling up the DagBag from /home/airflow/.local/lib/python3.8/site-packages/airflow/example_dags/example_python_decorator.py
[2025-01-23T09:34:34.694+0000] {processor.py:840} INFO - DAG(s) 'example_python_decorator' retrieved from /home/airflow/.local/lib/python3.8/site-packages/airflow/example_dags/example_python_decorator.py
[2025-01-23T09:34:34.752+0000] {logging_mixin.py:188} INFO - [2025-01-23T09:34:34.751+0000] {dag.py:3036} INFO - Sync 1 DAGs
[2025-01-23T09:34:34.778+0000] {logging_mixin.py:188} INFO - [2025-01-23T09:34:34.777+0000] {dag.py:3823} INFO - Setting next_dagrun for example_python_decorator to None, run_after=None
[2025-01-23T09:34:34.816+0000] {processor.py:183} INFO - Processing /home/airflow/.local/lib/python3.8/site-packages/airflow/example_dags/example_python_decorator.py took 0.194 seconds
[2025-01-23T09:35:05.182+0000] {processor.py:161} INFO - Started process (PID=1425) to work on /home/airflow/.local/lib/python3.8/site-packages/airflow/example_dags/example_python_decorator.py
[2025-01-23T09:35:05.184+0000] {processor.py:830} INFO - Processing file /home/airflow/.local/lib/python3.8/site-packages/airflow/example_dags/example_python_decorator.py for tasks to queue
[2025-01-23T09:35:05.186+0000] {logging_mixin.py:188} INFO - [2025-01-23T09:35:05.185+0000] {dagbag.py:538} INFO - Filling up the DagBag from /home/airflow/.local/lib/python3.8/site-packages/airflow/example_dags/example_python_decorator.py
[2025-01-23T09:35:05.209+0000] {processor.py:840} INFO - DAG(s) 'example_python_decorator' retrieved from /home/airflow/.local/lib/python3.8/site-packages/airflow/example_dags/example_python_decorator.py
[2025-01-23T09:35:05.261+0000] {logging_mixin.py:188} INFO - [2025-01-23T09:35:05.260+0000] {dag.py:3036} INFO - Sync 1 DAGs
[2025-01-23T09:35:05.293+0000] {logging_mixin.py:188} INFO - [2025-01-23T09:35:05.292+0000] {dag.py:3823} INFO - Setting next_dagrun for example_python_decorator to None, run_after=None
[2025-01-23T09:35:05.351+0000] {processor.py:183} INFO - Processing /home/airflow/.local/lib/python3.8/site-packages/airflow/example_dags/example_python_decorator.py took 0.174 seconds
[2025-01-23T09:35:35.773+0000] {processor.py:161} INFO - Started process (PID=1481) to work on /home/airflow/.local/lib/python3.8/site-packages/airflow/example_dags/example_python_decorator.py
[2025-01-23T09:35:35.776+0000] {processor.py:830} INFO - Processing file /home/airflow/.local/lib/python3.8/site-packages/airflow/example_dags/example_python_decorator.py for tasks to queue
[2025-01-23T09:35:35.778+0000] {logging_mixin.py:188} INFO - [2025-01-23T09:35:35.777+0000] {dagbag.py:538} INFO - Filling up the DagBag from /home/airflow/.local/lib/python3.8/site-packages/airflow/example_dags/example_python_decorator.py
[2025-01-23T09:35:35.824+0000] {processor.py:840} INFO - DAG(s) 'example_python_decorator' retrieved from /home/airflow/.local/lib/python3.8/site-packages/airflow/example_dags/example_python_decorator.py
[2025-01-23T09:35:35.911+0000] {logging_mixin.py:188} INFO - [2025-01-23T09:35:35.910+0000] {dag.py:3036} INFO - Sync 1 DAGs
[2025-01-23T09:35:35.975+0000] {logging_mixin.py:188} INFO - [2025-01-23T09:35:35.975+0000] {dag.py:3823} INFO - Setting next_dagrun for example_python_decorator to None, run_after=None
[2025-01-23T09:35:36.063+0000] {processor.py:183} INFO - Processing /home/airflow/.local/lib/python3.8/site-packages/airflow/example_dags/example_python_decorator.py took 0.297 seconds
[2025-01-23T09:36:06.683+0000] {processor.py:161} INFO - Started process (PID=1537) to work on /home/airflow/.local/lib/python3.8/site-packages/airflow/example_dags/example_python_decorator.py
[2025-01-23T09:36:06.687+0000] {processor.py:830} INFO - Processing file /home/airflow/.local/lib/python3.8/site-packages/airflow/example_dags/example_python_decorator.py for tasks to queue
[2025-01-23T09:36:06.691+0000] {logging_mixin.py:188} INFO - [2025-01-23T09:36:06.690+0000] {dagbag.py:538} INFO - Filling up the DagBag from /home/airflow/.local/lib/python3.8/site-packages/airflow/example_dags/example_python_decorator.py
[2025-01-23T09:36:06.724+0000] {processor.py:840} INFO - DAG(s) 'example_python_decorator' retrieved from /home/airflow/.local/lib/python3.8/site-packages/airflow/example_dags/example_python_decorator.py
[2025-01-23T09:36:06.772+0000] {logging_mixin.py:188} INFO - [2025-01-23T09:36:06.771+0000] {dag.py:3036} INFO - Sync 1 DAGs
[2025-01-23T09:36:06.803+0000] {logging_mixin.py:188} INFO - [2025-01-23T09:36:06.803+0000] {dag.py:3823} INFO - Setting next_dagrun for example_python_decorator to None, run_after=None
[2025-01-23T09:36:06.853+0000] {processor.py:183} INFO - Processing /home/airflow/.local/lib/python3.8/site-packages/airflow/example_dags/example_python_decorator.py took 0.179 seconds
[2025-01-23T09:36:37.324+0000] {processor.py:161} INFO - Started process (PID=1593) to work on /home/airflow/.local/lib/python3.8/site-packages/airflow/example_dags/example_python_decorator.py
[2025-01-23T09:36:37.328+0000] {processor.py:830} INFO - Processing file /home/airflow/.local/lib/python3.8/site-packages/airflow/example_dags/example_python_decorator.py for tasks to queue
[2025-01-23T09:36:37.332+0000] {logging_mixin.py:188} INFO - [2025-01-23T09:36:37.331+0000] {dagbag.py:538} INFO - Filling up the DagBag from /home/airflow/.local/lib/python3.8/site-packages/airflow/example_dags/example_python_decorator.py
[2025-01-23T09:36:37.419+0000] {processor.py:840} INFO - DAG(s) 'example_python_decorator' retrieved from /home/airflow/.local/lib/python3.8/site-packages/airflow/example_dags/example_python_decorator.py
[2025-01-23T09:36:37.506+0000] {logging_mixin.py:188} INFO - [2025-01-23T09:36:37.505+0000] {dag.py:3036} INFO - Sync 1 DAGs
[2025-01-23T09:36:37.554+0000] {logging_mixin.py:188} INFO - [2025-01-23T09:36:37.554+0000] {dag.py:3823} INFO - Setting next_dagrun for example_python_decorator to None, run_after=None
[2025-01-23T09:36:37.641+0000] {processor.py:183} INFO - Processing /home/airflow/.local/lib/python3.8/site-packages/airflow/example_dags/example_python_decorator.py took 0.342 seconds
[2025-01-23T09:37:07.848+0000] {processor.py:161} INFO - Started process (PID=1648) to work on /home/airflow/.local/lib/python3.8/site-packages/airflow/example_dags/example_python_decorator.py
[2025-01-23T09:37:07.851+0000] {processor.py:830} INFO - Processing file /home/airflow/.local/lib/python3.8/site-packages/airflow/example_dags/example_python_decorator.py for tasks to queue
[2025-01-23T09:37:07.854+0000] {logging_mixin.py:188} INFO - [2025-01-23T09:37:07.854+0000] {dagbag.py:538} INFO - Filling up the DagBag from /home/airflow/.local/lib/python3.8/site-packages/airflow/example_dags/example_python_decorator.py
[2025-01-23T09:37:07.923+0000] {processor.py:840} INFO - DAG(s) 'example_python_decorator' retrieved from /home/airflow/.local/lib/python3.8/site-packages/airflow/example_dags/example_python_decorator.py
[2025-01-23T09:37:08.090+0000] {logging_mixin.py:188} INFO - [2025-01-23T09:37:08.089+0000] {dag.py:3036} INFO - Sync 1 DAGs
[2025-01-23T09:37:08.141+0000] {logging_mixin.py:188} INFO - [2025-01-23T09:37:08.141+0000] {dag.py:3823} INFO - Setting next_dagrun for example_python_decorator to None, run_after=None
[2025-01-23T09:37:08.237+0000] {processor.py:183} INFO - Processing /home/airflow/.local/lib/python3.8/site-packages/airflow/example_dags/example_python_decorator.py took 0.408 seconds
[2025-01-23T09:37:39.111+0000] {processor.py:161} INFO - Started process (PID=1703) to work on /home/airflow/.local/lib/python3.8/site-packages/airflow/example_dags/example_python_decorator.py
[2025-01-23T09:37:39.113+0000] {processor.py:830} INFO - Processing file /home/airflow/.local/lib/python3.8/site-packages/airflow/example_dags/example_python_decorator.py for tasks to queue
[2025-01-23T09:37:39.115+0000] {logging_mixin.py:188} INFO - [2025-01-23T09:37:39.115+0000] {dagbag.py:538} INFO - Filling up the DagBag from /home/airflow/.local/lib/python3.8/site-packages/airflow/example_dags/example_python_decorator.py
[2025-01-23T09:37:39.140+0000] {processor.py:840} INFO - DAG(s) 'example_python_decorator' retrieved from /home/airflow/.local/lib/python3.8/site-packages/airflow/example_dags/example_python_decorator.py
[2025-01-23T09:37:39.187+0000] {logging_mixin.py:188} INFO - [2025-01-23T09:37:39.187+0000] {dag.py:3036} INFO - Sync 1 DAGs
[2025-01-23T09:37:39.212+0000] {logging_mixin.py:188} INFO - [2025-01-23T09:37:39.211+0000] {dag.py:3823} INFO - Setting next_dagrun for example_python_decorator to None, run_after=None
[2025-01-23T09:37:39.248+0000] {processor.py:183} INFO - Processing /home/airflow/.local/lib/python3.8/site-packages/airflow/example_dags/example_python_decorator.py took 0.143 seconds
[2025-01-23T09:38:09.725+0000] {processor.py:161} INFO - Started process (PID=1760) to work on /home/airflow/.local/lib/python3.8/site-packages/airflow/example_dags/example_python_decorator.py
[2025-01-23T09:38:09.729+0000] {processor.py:830} INFO - Processing file /home/airflow/.local/lib/python3.8/site-packages/airflow/example_dags/example_python_decorator.py for tasks to queue
[2025-01-23T09:38:09.732+0000] {logging_mixin.py:188} INFO - [2025-01-23T09:38:09.731+0000] {dagbag.py:538} INFO - Filling up the DagBag from /home/airflow/.local/lib/python3.8/site-packages/airflow/example_dags/example_python_decorator.py
[2025-01-23T09:38:09.776+0000] {processor.py:840} INFO - DAG(s) 'example_python_decorator' retrieved from /home/airflow/.local/lib/python3.8/site-packages/airflow/example_dags/example_python_decorator.py
[2025-01-23T09:38:09.856+0000] {logging_mixin.py:188} INFO - [2025-01-23T09:38:09.855+0000] {dag.py:3036} INFO - Sync 1 DAGs
[2025-01-23T09:38:09.890+0000] {logging_mixin.py:188} INFO - [2025-01-23T09:38:09.889+0000] {dag.py:3823} INFO - Setting next_dagrun for example_python_decorator to None, run_after=None
[2025-01-23T09:38:09.944+0000] {processor.py:183} INFO - Processing /home/airflow/.local/lib/python3.8/site-packages/airflow/example_dags/example_python_decorator.py took 0.227 seconds
[2025-01-23T09:38:40.163+0000] {processor.py:161} INFO - Started process (PID=1816) to work on /home/airflow/.local/lib/python3.8/site-packages/airflow/example_dags/example_python_decorator.py
[2025-01-23T09:38:40.168+0000] {processor.py:830} INFO - Processing file /home/airflow/.local/lib/python3.8/site-packages/airflow/example_dags/example_python_decorator.py for tasks to queue
[2025-01-23T09:38:40.170+0000] {logging_mixin.py:188} INFO - [2025-01-23T09:38:40.169+0000] {dagbag.py:538} INFO - Filling up the DagBag from /home/airflow/.local/lib/python3.8/site-packages/airflow/example_dags/example_python_decorator.py
[2025-01-23T09:38:40.209+0000] {processor.py:840} INFO - DAG(s) 'example_python_decorator' retrieved from /home/airflow/.local/lib/python3.8/site-packages/airflow/example_dags/example_python_decorator.py
[2025-01-23T09:38:40.356+0000] {logging_mixin.py:188} INFO - [2025-01-23T09:38:40.355+0000] {dag.py:3036} INFO - Sync 1 DAGs
[2025-01-23T09:38:40.531+0000] {logging_mixin.py:188} INFO - [2025-01-23T09:38:40.530+0000] {dag.py:3823} INFO - Setting next_dagrun for example_python_decorator to None, run_after=None
[2025-01-23T09:38:40.699+0000] {processor.py:183} INFO - Processing /home/airflow/.local/lib/python3.8/site-packages/airflow/example_dags/example_python_decorator.py took 0.546 seconds
[2025-01-23T09:39:11.425+0000] {processor.py:161} INFO - Started process (PID=1872) to work on /home/airflow/.local/lib/python3.8/site-packages/airflow/example_dags/example_python_decorator.py
[2025-01-23T09:39:11.427+0000] {processor.py:830} INFO - Processing file /home/airflow/.local/lib/python3.8/site-packages/airflow/example_dags/example_python_decorator.py for tasks to queue
[2025-01-23T09:39:11.430+0000] {logging_mixin.py:188} INFO - [2025-01-23T09:39:11.429+0000] {dagbag.py:538} INFO - Filling up the DagBag from /home/airflow/.local/lib/python3.8/site-packages/airflow/example_dags/example_python_decorator.py
[2025-01-23T09:39:11.457+0000] {processor.py:840} INFO - DAG(s) 'example_python_decorator' retrieved from /home/airflow/.local/lib/python3.8/site-packages/airflow/example_dags/example_python_decorator.py
[2025-01-23T09:39:11.503+0000] {logging_mixin.py:188} INFO - [2025-01-23T09:39:11.502+0000] {dag.py:3036} INFO - Sync 1 DAGs
[2025-01-23T09:39:11.551+0000] {logging_mixin.py:188} INFO - [2025-01-23T09:39:11.548+0000] {dag.py:3823} INFO - Setting next_dagrun for example_python_decorator to None, run_after=None
[2025-01-23T09:39:11.624+0000] {processor.py:183} INFO - Processing /home/airflow/.local/lib/python3.8/site-packages/airflow/example_dags/example_python_decorator.py took 0.205 seconds
[2025-01-23T09:39:42.090+0000] {processor.py:161} INFO - Started process (PID=1928) to work on /home/airflow/.local/lib/python3.8/site-packages/airflow/example_dags/example_python_decorator.py
[2025-01-23T09:39:42.093+0000] {processor.py:830} INFO - Processing file /home/airflow/.local/lib/python3.8/site-packages/airflow/example_dags/example_python_decorator.py for tasks to queue
[2025-01-23T09:39:42.095+0000] {logging_mixin.py:188} INFO - [2025-01-23T09:39:42.094+0000] {dagbag.py:538} INFO - Filling up the DagBag from /home/airflow/.local/lib/python3.8/site-packages/airflow/example_dags/example_python_decorator.py
[2025-01-23T09:39:42.127+0000] {processor.py:840} INFO - DAG(s) 'example_python_decorator' retrieved from /home/airflow/.local/lib/python3.8/site-packages/airflow/example_dags/example_python_decorator.py
[2025-01-23T09:39:42.178+0000] {logging_mixin.py:188} INFO - [2025-01-23T09:39:42.178+0000] {dag.py:3036} INFO - Sync 1 DAGs
[2025-01-23T09:39:42.202+0000] {logging_mixin.py:188} INFO - [2025-01-23T09:39:42.201+0000] {dag.py:3823} INFO - Setting next_dagrun for example_python_decorator to None, run_after=None
[2025-01-23T09:39:42.246+0000] {processor.py:183} INFO - Processing /home/airflow/.local/lib/python3.8/site-packages/airflow/example_dags/example_python_decorator.py took 0.162 seconds
[2025-01-23T09:40:12.969+0000] {processor.py:161} INFO - Started process (PID=1984) to work on /home/airflow/.local/lib/python3.8/site-packages/airflow/example_dags/example_python_decorator.py
[2025-01-23T09:40:12.971+0000] {processor.py:830} INFO - Processing file /home/airflow/.local/lib/python3.8/site-packages/airflow/example_dags/example_python_decorator.py for tasks to queue
[2025-01-23T09:40:12.974+0000] {logging_mixin.py:188} INFO - [2025-01-23T09:40:12.973+0000] {dagbag.py:538} INFO - Filling up the DagBag from /home/airflow/.local/lib/python3.8/site-packages/airflow/example_dags/example_python_decorator.py
[2025-01-23T09:40:13.003+0000] {processor.py:840} INFO - DAG(s) 'example_python_decorator' retrieved from /home/airflow/.local/lib/python3.8/site-packages/airflow/example_dags/example_python_decorator.py
[2025-01-23T09:40:13.050+0000] {logging_mixin.py:188} INFO - [2025-01-23T09:40:13.049+0000] {dag.py:3036} INFO - Sync 1 DAGs
[2025-01-23T09:40:13.076+0000] {logging_mixin.py:188} INFO - [2025-01-23T09:40:13.075+0000] {dag.py:3823} INFO - Setting next_dagrun for example_python_decorator to None, run_after=None
[2025-01-23T09:40:13.111+0000] {processor.py:183} INFO - Processing /home/airflow/.local/lib/python3.8/site-packages/airflow/example_dags/example_python_decorator.py took 0.154 seconds
[2025-01-23T09:40:43.263+0000] {processor.py:161} INFO - Started process (PID=2041) to work on /home/airflow/.local/lib/python3.8/site-packages/airflow/example_dags/example_python_decorator.py
[2025-01-23T09:40:43.265+0000] {processor.py:830} INFO - Processing file /home/airflow/.local/lib/python3.8/site-packages/airflow/example_dags/example_python_decorator.py for tasks to queue
[2025-01-23T09:40:43.268+0000] {logging_mixin.py:188} INFO - [2025-01-23T09:40:43.267+0000] {dagbag.py:538} INFO - Filling up the DagBag from /home/airflow/.local/lib/python3.8/site-packages/airflow/example_dags/example_python_decorator.py
[2025-01-23T09:40:43.305+0000] {processor.py:840} INFO - DAG(s) 'example_python_decorator' retrieved from /home/airflow/.local/lib/python3.8/site-packages/airflow/example_dags/example_python_decorator.py
[2025-01-23T09:40:43.358+0000] {logging_mixin.py:188} INFO - [2025-01-23T09:40:43.357+0000] {dag.py:3036} INFO - Sync 1 DAGs
[2025-01-23T09:40:43.397+0000] {logging_mixin.py:188} INFO - [2025-01-23T09:40:43.396+0000] {dag.py:3823} INFO - Setting next_dagrun for example_python_decorator to None, run_after=None
[2025-01-23T09:40:43.447+0000] {processor.py:183} INFO - Processing /home/airflow/.local/lib/python3.8/site-packages/airflow/example_dags/example_python_decorator.py took 0.194 seconds
[2025-01-23T09:41:15.477+0000] {processor.py:161} INFO - Started process (PID=2098) to work on /home/airflow/.local/lib/python3.8/site-packages/airflow/example_dags/example_python_decorator.py
[2025-01-23T09:41:15.484+0000] {processor.py:830} INFO - Processing file /home/airflow/.local/lib/python3.8/site-packages/airflow/example_dags/example_python_decorator.py for tasks to queue
[2025-01-23T09:41:15.490+0000] {logging_mixin.py:188} INFO - [2025-01-23T09:41:15.489+0000] {dagbag.py:538} INFO - Filling up the DagBag from /home/airflow/.local/lib/python3.8/site-packages/airflow/example_dags/example_python_decorator.py
[2025-01-23T09:41:15.621+0000] {processor.py:840} INFO - DAG(s) 'example_python_decorator' retrieved from /home/airflow/.local/lib/python3.8/site-packages/airflow/example_dags/example_python_decorator.py
[2025-01-23T09:41:15.824+0000] {logging_mixin.py:188} INFO - [2025-01-23T09:41:15.824+0000] {dag.py:3036} INFO - Sync 1 DAGs
[2025-01-23T09:41:15.912+0000] {logging_mixin.py:188} INFO - [2025-01-23T09:41:15.912+0000] {dag.py:3823} INFO - Setting next_dagrun for example_python_decorator to None, run_after=None
[2025-01-23T09:41:16.021+0000] {processor.py:183} INFO - Processing /home/airflow/.local/lib/python3.8/site-packages/airflow/example_dags/example_python_decorator.py took 0.571 seconds
[2025-01-23T09:41:46.412+0000] {processor.py:161} INFO - Started process (PID=2153) to work on /home/airflow/.local/lib/python3.8/site-packages/airflow/example_dags/example_python_decorator.py
[2025-01-23T09:41:46.414+0000] {processor.py:830} INFO - Processing file /home/airflow/.local/lib/python3.8/site-packages/airflow/example_dags/example_python_decorator.py for tasks to queue
[2025-01-23T09:41:46.417+0000] {logging_mixin.py:188} INFO - [2025-01-23T09:41:46.416+0000] {dagbag.py:538} INFO - Filling up the DagBag from /home/airflow/.local/lib/python3.8/site-packages/airflow/example_dags/example_python_decorator.py
[2025-01-23T09:41:46.455+0000] {processor.py:840} INFO - DAG(s) 'example_python_decorator' retrieved from /home/airflow/.local/lib/python3.8/site-packages/airflow/example_dags/example_python_decorator.py
[2025-01-23T09:41:46.516+0000] {logging_mixin.py:188} INFO - [2025-01-23T09:41:46.516+0000] {dag.py:3036} INFO - Sync 1 DAGs
[2025-01-23T09:41:46.560+0000] {logging_mixin.py:188} INFO - [2025-01-23T09:41:46.559+0000] {dag.py:3823} INFO - Setting next_dagrun for example_python_decorator to None, run_after=None
[2025-01-23T09:41:46.618+0000] {processor.py:183} INFO - Processing /home/airflow/.local/lib/python3.8/site-packages/airflow/example_dags/example_python_decorator.py took 0.216 seconds
[2025-01-23T09:42:17.595+0000] {processor.py:161} INFO - Started process (PID=2206) to work on /home/airflow/.local/lib/python3.8/site-packages/airflow/example_dags/example_python_decorator.py
[2025-01-23T09:42:17.598+0000] {processor.py:830} INFO - Processing file /home/airflow/.local/lib/python3.8/site-packages/airflow/example_dags/example_python_decorator.py for tasks to queue
[2025-01-23T09:42:17.601+0000] {logging_mixin.py:188} INFO - [2025-01-23T09:42:17.600+0000] {dagbag.py:538} INFO - Filling up the DagBag from /home/airflow/.local/lib/python3.8/site-packages/airflow/example_dags/example_python_decorator.py
[2025-01-23T09:42:17.666+0000] {processor.py:840} INFO - DAG(s) 'example_python_decorator' retrieved from /home/airflow/.local/lib/python3.8/site-packages/airflow/example_dags/example_python_decorator.py
[2025-01-23T09:42:17.788+0000] {logging_mixin.py:188} INFO - [2025-01-23T09:42:17.782+0000] {dag.py:3036} INFO - Sync 1 DAGs
[2025-01-23T09:42:17.863+0000] {logging_mixin.py:188} INFO - [2025-01-23T09:42:17.861+0000] {dag.py:3823} INFO - Setting next_dagrun for example_python_decorator to None, run_after=None
[2025-01-23T09:42:17.973+0000] {processor.py:183} INFO - Processing /home/airflow/.local/lib/python3.8/site-packages/airflow/example_dags/example_python_decorator.py took 0.395 seconds
[2025-01-23T09:42:48.309+0000] {processor.py:161} INFO - Started process (PID=2261) to work on /home/airflow/.local/lib/python3.8/site-packages/airflow/example_dags/example_python_decorator.py
[2025-01-23T09:42:48.311+0000] {processor.py:830} INFO - Processing file /home/airflow/.local/lib/python3.8/site-packages/airflow/example_dags/example_python_decorator.py for tasks to queue
[2025-01-23T09:42:48.314+0000] {logging_mixin.py:188} INFO - [2025-01-23T09:42:48.313+0000] {dagbag.py:538} INFO - Filling up the DagBag from /home/airflow/.local/lib/python3.8/site-packages/airflow/example_dags/example_python_decorator.py
[2025-01-23T09:42:48.364+0000] {processor.py:840} INFO - DAG(s) 'example_python_decorator' retrieved from /home/airflow/.local/lib/python3.8/site-packages/airflow/example_dags/example_python_decorator.py
[2025-01-23T09:42:48.460+0000] {logging_mixin.py:188} INFO - [2025-01-23T09:42:48.458+0000] {dag.py:3036} INFO - Sync 1 DAGs
[2025-01-23T09:42:48.516+0000] {logging_mixin.py:188} INFO - [2025-01-23T09:42:48.515+0000] {dag.py:3823} INFO - Setting next_dagrun for example_python_decorator to None, run_after=None
[2025-01-23T09:42:48.599+0000] {processor.py:183} INFO - Processing /home/airflow/.local/lib/python3.8/site-packages/airflow/example_dags/example_python_decorator.py took 0.308 seconds
[2025-01-23T09:43:18.863+0000] {processor.py:161} INFO - Started process (PID=2317) to work on /home/airflow/.local/lib/python3.8/site-packages/airflow/example_dags/example_python_decorator.py
[2025-01-23T09:43:18.867+0000] {processor.py:830} INFO - Processing file /home/airflow/.local/lib/python3.8/site-packages/airflow/example_dags/example_python_decorator.py for tasks to queue
[2025-01-23T09:43:18.873+0000] {logging_mixin.py:188} INFO - [2025-01-23T09:43:18.870+0000] {dagbag.py:538} INFO - Filling up the DagBag from /home/airflow/.local/lib/python3.8/site-packages/airflow/example_dags/example_python_decorator.py
[2025-01-23T09:43:18.917+0000] {processor.py:840} INFO - DAG(s) 'example_python_decorator' retrieved from /home/airflow/.local/lib/python3.8/site-packages/airflow/example_dags/example_python_decorator.py
[2025-01-23T09:43:18.990+0000] {logging_mixin.py:188} INFO - [2025-01-23T09:43:18.990+0000] {dag.py:3036} INFO - Sync 1 DAGs
[2025-01-23T09:43:19.022+0000] {logging_mixin.py:188} INFO - [2025-01-23T09:43:19.022+0000] {dag.py:3823} INFO - Setting next_dagrun for example_python_decorator to None, run_after=None
[2025-01-23T09:43:19.071+0000] {processor.py:183} INFO - Processing /home/airflow/.local/lib/python3.8/site-packages/airflow/example_dags/example_python_decorator.py took 0.217 seconds
[2025-01-23T09:43:49.356+0000] {processor.py:161} INFO - Started process (PID=2374) to work on /home/airflow/.local/lib/python3.8/site-packages/airflow/example_dags/example_python_decorator.py
[2025-01-23T09:43:49.358+0000] {processor.py:830} INFO - Processing file /home/airflow/.local/lib/python3.8/site-packages/airflow/example_dags/example_python_decorator.py for tasks to queue
[2025-01-23T09:43:49.360+0000] {logging_mixin.py:188} INFO - [2025-01-23T09:43:49.359+0000] {dagbag.py:538} INFO - Filling up the DagBag from /home/airflow/.local/lib/python3.8/site-packages/airflow/example_dags/example_python_decorator.py
[2025-01-23T09:43:49.384+0000] {processor.py:840} INFO - DAG(s) 'example_python_decorator' retrieved from /home/airflow/.local/lib/python3.8/site-packages/airflow/example_dags/example_python_decorator.py
[2025-01-23T09:43:49.424+0000] {logging_mixin.py:188} INFO - [2025-01-23T09:43:49.423+0000] {dag.py:3036} INFO - Sync 1 DAGs
[2025-01-23T09:43:49.453+0000] {logging_mixin.py:188} INFO - [2025-01-23T09:43:49.452+0000] {dag.py:3823} INFO - Setting next_dagrun for example_python_decorator to None, run_after=None
[2025-01-23T09:43:49.493+0000] {processor.py:183} INFO - Processing /home/airflow/.local/lib/python3.8/site-packages/airflow/example_dags/example_python_decorator.py took 0.145 seconds
[2025-01-23T09:44:20.821+0000] {processor.py:161} INFO - Started process (PID=2424) to work on /home/airflow/.local/lib/python3.8/site-packages/airflow/example_dags/example_python_decorator.py
[2025-01-23T09:44:20.826+0000] {processor.py:830} INFO - Processing file /home/airflow/.local/lib/python3.8/site-packages/airflow/example_dags/example_python_decorator.py for tasks to queue
[2025-01-23T09:44:20.830+0000] {logging_mixin.py:188} INFO - [2025-01-23T09:44:20.829+0000] {dagbag.py:538} INFO - Filling up the DagBag from /home/airflow/.local/lib/python3.8/site-packages/airflow/example_dags/example_python_decorator.py
[2025-01-23T09:44:20.920+0000] {processor.py:840} INFO - DAG(s) 'example_python_decorator' retrieved from /home/airflow/.local/lib/python3.8/site-packages/airflow/example_dags/example_python_decorator.py
[2025-01-23T09:44:21.048+0000] {logging_mixin.py:188} INFO - [2025-01-23T09:44:21.047+0000] {dag.py:3036} INFO - Sync 1 DAGs
[2025-01-23T09:44:21.783+0000] {logging_mixin.py:188} INFO - [2025-01-23T09:44:21.782+0000] {dag.py:3823} INFO - Setting next_dagrun for example_python_decorator to None, run_after=None
[2025-01-23T09:44:21.952+0000] {processor.py:183} INFO - Processing /home/airflow/.local/lib/python3.8/site-packages/airflow/example_dags/example_python_decorator.py took 1.146 seconds
[2025-01-23T09:44:52.259+0000] {processor.py:161} INFO - Started process (PID=2480) to work on /home/airflow/.local/lib/python3.8/site-packages/airflow/example_dags/example_python_decorator.py
[2025-01-23T09:44:52.261+0000] {processor.py:830} INFO - Processing file /home/airflow/.local/lib/python3.8/site-packages/airflow/example_dags/example_python_decorator.py for tasks to queue
[2025-01-23T09:44:52.263+0000] {logging_mixin.py:188} INFO - [2025-01-23T09:44:52.262+0000] {dagbag.py:538} INFO - Filling up the DagBag from /home/airflow/.local/lib/python3.8/site-packages/airflow/example_dags/example_python_decorator.py
[2025-01-23T09:44:52.287+0000] {processor.py:840} INFO - DAG(s) 'example_python_decorator' retrieved from /home/airflow/.local/lib/python3.8/site-packages/airflow/example_dags/example_python_decorator.py
[2025-01-23T09:44:52.330+0000] {logging_mixin.py:188} INFO - [2025-01-23T09:44:52.329+0000] {dag.py:3036} INFO - Sync 1 DAGs
[2025-01-23T09:44:52.352+0000] {logging_mixin.py:188} INFO - [2025-01-23T09:44:52.351+0000] {dag.py:3823} INFO - Setting next_dagrun for example_python_decorator to None, run_after=None
[2025-01-23T09:44:52.390+0000] {processor.py:183} INFO - Processing /home/airflow/.local/lib/python3.8/site-packages/airflow/example_dags/example_python_decorator.py took 0.141 seconds
[2025-01-23T09:45:22.776+0000] {processor.py:161} INFO - Started process (PID=2536) to work on /home/airflow/.local/lib/python3.8/site-packages/airflow/example_dags/example_python_decorator.py
[2025-01-23T09:45:22.778+0000] {processor.py:830} INFO - Processing file /home/airflow/.local/lib/python3.8/site-packages/airflow/example_dags/example_python_decorator.py for tasks to queue
[2025-01-23T09:45:22.780+0000] {logging_mixin.py:188} INFO - [2025-01-23T09:45:22.780+0000] {dagbag.py:538} INFO - Filling up the DagBag from /home/airflow/.local/lib/python3.8/site-packages/airflow/example_dags/example_python_decorator.py
[2025-01-23T09:45:22.813+0000] {processor.py:840} INFO - DAG(s) 'example_python_decorator' retrieved from /home/airflow/.local/lib/python3.8/site-packages/airflow/example_dags/example_python_decorator.py
[2025-01-23T09:45:22.906+0000] {logging_mixin.py:188} INFO - [2025-01-23T09:45:22.906+0000] {dag.py:3036} INFO - Sync 1 DAGs
[2025-01-23T09:45:22.947+0000] {logging_mixin.py:188} INFO - [2025-01-23T09:45:22.946+0000] {dag.py:3823} INFO - Setting next_dagrun for example_python_decorator to None, run_after=None
[2025-01-23T09:45:23.006+0000] {processor.py:183} INFO - Processing /home/airflow/.local/lib/python3.8/site-packages/airflow/example_dags/example_python_decorator.py took 0.238 seconds
[2025-01-23T09:45:53.832+0000] {processor.py:161} INFO - Started process (PID=2592) to work on /home/airflow/.local/lib/python3.8/site-packages/airflow/example_dags/example_python_decorator.py
[2025-01-23T09:45:53.835+0000] {processor.py:830} INFO - Processing file /home/airflow/.local/lib/python3.8/site-packages/airflow/example_dags/example_python_decorator.py for tasks to queue
[2025-01-23T09:45:53.837+0000] {logging_mixin.py:188} INFO - [2025-01-23T09:45:53.837+0000] {dagbag.py:538} INFO - Filling up the DagBag from /home/airflow/.local/lib/python3.8/site-packages/airflow/example_dags/example_python_decorator.py
[2025-01-23T09:45:53.871+0000] {processor.py:840} INFO - DAG(s) 'example_python_decorator' retrieved from /home/airflow/.local/lib/python3.8/site-packages/airflow/example_dags/example_python_decorator.py
[2025-01-23T09:45:54.164+0000] {logging_mixin.py:188} INFO - [2025-01-23T09:45:54.163+0000] {dag.py:3036} INFO - Sync 1 DAGs
[2025-01-23T09:45:54.193+0000] {logging_mixin.py:188} INFO - [2025-01-23T09:45:54.192+0000] {dag.py:3823} INFO - Setting next_dagrun for example_python_decorator to None, run_after=None
[2025-01-23T09:45:54.241+0000] {processor.py:183} INFO - Processing /home/airflow/.local/lib/python3.8/site-packages/airflow/example_dags/example_python_decorator.py took 0.416 seconds
[2025-01-23T09:46:24.464+0000] {processor.py:161} INFO - Started process (PID=2648) to work on /home/airflow/.local/lib/python3.8/site-packages/airflow/example_dags/example_python_decorator.py
[2025-01-23T09:46:24.468+0000] {processor.py:830} INFO - Processing file /home/airflow/.local/lib/python3.8/site-packages/airflow/example_dags/example_python_decorator.py for tasks to queue
[2025-01-23T09:46:24.470+0000] {logging_mixin.py:188} INFO - [2025-01-23T09:46:24.469+0000] {dagbag.py:538} INFO - Filling up the DagBag from /home/airflow/.local/lib/python3.8/site-packages/airflow/example_dags/example_python_decorator.py
[2025-01-23T09:46:24.567+0000] {processor.py:840} INFO - DAG(s) 'example_python_decorator' retrieved from /home/airflow/.local/lib/python3.8/site-packages/airflow/example_dags/example_python_decorator.py
[2025-01-23T09:46:24.671+0000] {logging_mixin.py:188} INFO - [2025-01-23T09:46:24.670+0000] {dag.py:3036} INFO - Sync 1 DAGs
[2025-01-23T09:46:24.729+0000] {logging_mixin.py:188} INFO - [2025-01-23T09:46:24.728+0000] {dag.py:3823} INFO - Setting next_dagrun for example_python_decorator to None, run_after=None
[2025-01-23T09:46:24.798+0000] {processor.py:183} INFO - Processing /home/airflow/.local/lib/python3.8/site-packages/airflow/example_dags/example_python_decorator.py took 0.342 seconds
[2025-01-23T09:46:55.144+0000] {processor.py:161} INFO - Started process (PID=2704) to work on /home/airflow/.local/lib/python3.8/site-packages/airflow/example_dags/example_python_decorator.py
[2025-01-23T09:46:55.147+0000] {processor.py:830} INFO - Processing file /home/airflow/.local/lib/python3.8/site-packages/airflow/example_dags/example_python_decorator.py for tasks to queue
[2025-01-23T09:46:55.151+0000] {logging_mixin.py:188} INFO - [2025-01-23T09:46:55.150+0000] {dagbag.py:538} INFO - Filling up the DagBag from /home/airflow/.local/lib/python3.8/site-packages/airflow/example_dags/example_python_decorator.py
[2025-01-23T09:46:55.186+0000] {processor.py:840} INFO - DAG(s) 'example_python_decorator' retrieved from /home/airflow/.local/lib/python3.8/site-packages/airflow/example_dags/example_python_decorator.py
[2025-01-23T09:46:55.268+0000] {logging_mixin.py:188} INFO - [2025-01-23T09:46:55.267+0000] {dag.py:3036} INFO - Sync 1 DAGs
[2025-01-23T09:46:55.319+0000] {logging_mixin.py:188} INFO - [2025-01-23T09:46:55.318+0000] {dag.py:3823} INFO - Setting next_dagrun for example_python_decorator to None, run_after=None
[2025-01-23T09:46:55.384+0000] {processor.py:183} INFO - Processing /home/airflow/.local/lib/python3.8/site-packages/airflow/example_dags/example_python_decorator.py took 0.251 seconds
[2025-01-23T09:47:25.830+0000] {processor.py:161} INFO - Started process (PID=2759) to work on /home/airflow/.local/lib/python3.8/site-packages/airflow/example_dags/example_python_decorator.py
[2025-01-23T09:47:25.833+0000] {processor.py:830} INFO - Processing file /home/airflow/.local/lib/python3.8/site-packages/airflow/example_dags/example_python_decorator.py for tasks to queue
[2025-01-23T09:47:25.846+0000] {logging_mixin.py:188} INFO - [2025-01-23T09:47:25.845+0000] {dagbag.py:538} INFO - Filling up the DagBag from /home/airflow/.local/lib/python3.8/site-packages/airflow/example_dags/example_python_decorator.py
[2025-01-23T09:47:25.963+0000] {processor.py:840} INFO - DAG(s) 'example_python_decorator' retrieved from /home/airflow/.local/lib/python3.8/site-packages/airflow/example_dags/example_python_decorator.py
[2025-01-23T09:47:26.163+0000] {logging_mixin.py:188} INFO - [2025-01-23T09:47:26.162+0000] {dag.py:3036} INFO - Sync 1 DAGs
[2025-01-23T09:47:26.260+0000] {logging_mixin.py:188} INFO - [2025-01-23T09:47:26.260+0000] {dag.py:3823} INFO - Setting next_dagrun for example_python_decorator to None, run_after=None
[2025-01-23T09:47:26.385+0000] {processor.py:183} INFO - Processing /home/airflow/.local/lib/python3.8/site-packages/airflow/example_dags/example_python_decorator.py took 0.573 seconds
[2025-01-23T09:47:57.109+0000] {processor.py:161} INFO - Started process (PID=2815) to work on /home/airflow/.local/lib/python3.8/site-packages/airflow/example_dags/example_python_decorator.py
[2025-01-23T09:47:57.111+0000] {processor.py:830} INFO - Processing file /home/airflow/.local/lib/python3.8/site-packages/airflow/example_dags/example_python_decorator.py for tasks to queue
[2025-01-23T09:47:57.113+0000] {logging_mixin.py:188} INFO - [2025-01-23T09:47:57.112+0000] {dagbag.py:538} INFO - Filling up the DagBag from /home/airflow/.local/lib/python3.8/site-packages/airflow/example_dags/example_python_decorator.py
[2025-01-23T09:47:57.135+0000] {processor.py:840} INFO - DAG(s) 'example_python_decorator' retrieved from /home/airflow/.local/lib/python3.8/site-packages/airflow/example_dags/example_python_decorator.py
[2025-01-23T09:47:57.175+0000] {logging_mixin.py:188} INFO - [2025-01-23T09:47:57.175+0000] {dag.py:3036} INFO - Sync 1 DAGs
[2025-01-23T09:47:57.197+0000] {logging_mixin.py:188} INFO - [2025-01-23T09:47:57.196+0000] {dag.py:3823} INFO - Setting next_dagrun for example_python_decorator to None, run_after=None
[2025-01-23T09:47:57.237+0000] {processor.py:183} INFO - Processing /home/airflow/.local/lib/python3.8/site-packages/airflow/example_dags/example_python_decorator.py took 0.134 seconds
[2025-01-23T09:48:27.772+0000] {processor.py:161} INFO - Started process (PID=2870) to work on /home/airflow/.local/lib/python3.8/site-packages/airflow/example_dags/example_python_decorator.py
[2025-01-23T09:48:27.774+0000] {processor.py:830} INFO - Processing file /home/airflow/.local/lib/python3.8/site-packages/airflow/example_dags/example_python_decorator.py for tasks to queue
[2025-01-23T09:48:27.777+0000] {logging_mixin.py:188} INFO - [2025-01-23T09:48:27.776+0000] {dagbag.py:538} INFO - Filling up the DagBag from /home/airflow/.local/lib/python3.8/site-packages/airflow/example_dags/example_python_decorator.py
[2025-01-23T09:48:27.804+0000] {processor.py:840} INFO - DAG(s) 'example_python_decorator' retrieved from /home/airflow/.local/lib/python3.8/site-packages/airflow/example_dags/example_python_decorator.py
[2025-01-23T09:48:27.854+0000] {logging_mixin.py:188} INFO - [2025-01-23T09:48:27.854+0000] {dag.py:3036} INFO - Sync 1 DAGs
[2025-01-23T09:48:27.882+0000] {logging_mixin.py:188} INFO - [2025-01-23T09:48:27.882+0000] {dag.py:3823} INFO - Setting next_dagrun for example_python_decorator to None, run_after=None
[2025-01-23T09:48:27.918+0000] {processor.py:183} INFO - Processing /home/airflow/.local/lib/python3.8/site-packages/airflow/example_dags/example_python_decorator.py took 0.153 seconds
[2025-01-23T09:48:58.577+0000] {processor.py:161} INFO - Started process (PID=2927) to work on /home/airflow/.local/lib/python3.8/site-packages/airflow/example_dags/example_python_decorator.py
[2025-01-23T09:48:58.580+0000] {processor.py:830} INFO - Processing file /home/airflow/.local/lib/python3.8/site-packages/airflow/example_dags/example_python_decorator.py for tasks to queue
[2025-01-23T09:48:58.585+0000] {logging_mixin.py:188} INFO - [2025-01-23T09:48:58.584+0000] {dagbag.py:538} INFO - Filling up the DagBag from /home/airflow/.local/lib/python3.8/site-packages/airflow/example_dags/example_python_decorator.py
[2025-01-23T09:48:58.700+0000] {processor.py:840} INFO - DAG(s) 'example_python_decorator' retrieved from /home/airflow/.local/lib/python3.8/site-packages/airflow/example_dags/example_python_decorator.py
[2025-01-23T09:48:58.891+0000] {logging_mixin.py:188} INFO - [2025-01-23T09:48:58.891+0000] {dag.py:3036} INFO - Sync 1 DAGs
[2025-01-23T09:48:58.989+0000] {logging_mixin.py:188} INFO - [2025-01-23T09:48:58.988+0000] {dag.py:3823} INFO - Setting next_dagrun for example_python_decorator to None, run_after=None
[2025-01-23T09:48:59.173+0000] {processor.py:183} INFO - Processing /home/airflow/.local/lib/python3.8/site-packages/airflow/example_dags/example_python_decorator.py took 0.623 seconds
[2025-01-23T09:49:29.788+0000] {processor.py:161} INFO - Started process (PID=2983) to work on /home/airflow/.local/lib/python3.8/site-packages/airflow/example_dags/example_python_decorator.py
[2025-01-23T09:49:29.799+0000] {processor.py:830} INFO - Processing file /home/airflow/.local/lib/python3.8/site-packages/airflow/example_dags/example_python_decorator.py for tasks to queue
[2025-01-23T09:49:29.805+0000] {logging_mixin.py:188} INFO - [2025-01-23T09:49:29.804+0000] {dagbag.py:538} INFO - Filling up the DagBag from /home/airflow/.local/lib/python3.8/site-packages/airflow/example_dags/example_python_decorator.py
[2025-01-23T09:49:29.896+0000] {processor.py:840} INFO - DAG(s) 'example_python_decorator' retrieved from /home/airflow/.local/lib/python3.8/site-packages/airflow/example_dags/example_python_decorator.py
[2025-01-23T09:49:30.006+0000] {logging_mixin.py:188} INFO - [2025-01-23T09:49:30.005+0000] {dag.py:3036} INFO - Sync 1 DAGs
[2025-01-23T09:49:30.068+0000] {logging_mixin.py:188} INFO - [2025-01-23T09:49:30.067+0000] {dag.py:3823} INFO - Setting next_dagrun for example_python_decorator to None, run_after=None
[2025-01-23T09:49:31.116+0000] {processor.py:183} INFO - Processing /home/airflow/.local/lib/python3.8/site-packages/airflow/example_dags/example_python_decorator.py took 1.348 seconds
[2025-01-23T09:50:01.648+0000] {processor.py:161} INFO - Started process (PID=3039) to work on /home/airflow/.local/lib/python3.8/site-packages/airflow/example_dags/example_python_decorator.py
[2025-01-23T09:50:01.651+0000] {processor.py:830} INFO - Processing file /home/airflow/.local/lib/python3.8/site-packages/airflow/example_dags/example_python_decorator.py for tasks to queue
[2025-01-23T09:50:01.654+0000] {logging_mixin.py:188} INFO - [2025-01-23T09:50:01.653+0000] {dagbag.py:538} INFO - Filling up the DagBag from /home/airflow/.local/lib/python3.8/site-packages/airflow/example_dags/example_python_decorator.py
[2025-01-23T09:50:01.723+0000] {processor.py:840} INFO - DAG(s) 'example_python_decorator' retrieved from /home/airflow/.local/lib/python3.8/site-packages/airflow/example_dags/example_python_decorator.py
[2025-01-23T09:50:01.789+0000] {logging_mixin.py:188} INFO - [2025-01-23T09:50:01.789+0000] {dag.py:3036} INFO - Sync 1 DAGs
[2025-01-23T09:50:01.838+0000] {logging_mixin.py:188} INFO - [2025-01-23T09:50:01.838+0000] {dag.py:3823} INFO - Setting next_dagrun for example_python_decorator to None, run_after=None
[2025-01-23T09:50:01.887+0000] {processor.py:183} INFO - Processing /home/airflow/.local/lib/python3.8/site-packages/airflow/example_dags/example_python_decorator.py took 0.250 seconds
[2025-01-23T09:50:32.280+0000] {processor.py:161} INFO - Started process (PID=3095) to work on /home/airflow/.local/lib/python3.8/site-packages/airflow/example_dags/example_python_decorator.py
[2025-01-23T09:50:32.282+0000] {processor.py:830} INFO - Processing file /home/airflow/.local/lib/python3.8/site-packages/airflow/example_dags/example_python_decorator.py for tasks to queue
[2025-01-23T09:50:32.286+0000] {logging_mixin.py:188} INFO - [2025-01-23T09:50:32.284+0000] {dagbag.py:538} INFO - Filling up the DagBag from /home/airflow/.local/lib/python3.8/site-packages/airflow/example_dags/example_python_decorator.py
[2025-01-23T09:50:32.328+0000] {processor.py:840} INFO - DAG(s) 'example_python_decorator' retrieved from /home/airflow/.local/lib/python3.8/site-packages/airflow/example_dags/example_python_decorator.py
[2025-01-23T09:50:32.411+0000] {logging_mixin.py:188} INFO - [2025-01-23T09:50:32.411+0000] {dag.py:3036} INFO - Sync 1 DAGs
[2025-01-23T09:50:32.457+0000] {logging_mixin.py:188} INFO - [2025-01-23T09:50:32.457+0000] {dag.py:3823} INFO - Setting next_dagrun for example_python_decorator to None, run_after=None
[2025-01-23T09:50:32.528+0000] {processor.py:183} INFO - Processing /home/airflow/.local/lib/python3.8/site-packages/airflow/example_dags/example_python_decorator.py took 0.257 seconds
[2025-01-23T09:51:03.052+0000] {processor.py:161} INFO - Started process (PID=3151) to work on /home/airflow/.local/lib/python3.8/site-packages/airflow/example_dags/example_python_decorator.py
[2025-01-23T09:51:03.054+0000] {processor.py:830} INFO - Processing file /home/airflow/.local/lib/python3.8/site-packages/airflow/example_dags/example_python_decorator.py for tasks to queue
[2025-01-23T09:51:03.057+0000] {logging_mixin.py:188} INFO - [2025-01-23T09:51:03.056+0000] {dagbag.py:538} INFO - Filling up the DagBag from /home/airflow/.local/lib/python3.8/site-packages/airflow/example_dags/example_python_decorator.py
[2025-01-23T09:51:03.083+0000] {processor.py:840} INFO - DAG(s) 'example_python_decorator' retrieved from /home/airflow/.local/lib/python3.8/site-packages/airflow/example_dags/example_python_decorator.py
[2025-01-23T09:51:03.133+0000] {logging_mixin.py:188} INFO - [2025-01-23T09:51:03.132+0000] {dag.py:3036} INFO - Sync 1 DAGs
[2025-01-23T09:51:03.165+0000] {logging_mixin.py:188} INFO - [2025-01-23T09:51:03.165+0000] {dag.py:3823} INFO - Setting next_dagrun for example_python_decorator to None, run_after=None
[2025-01-23T09:51:03.203+0000] {processor.py:183} INFO - Processing /home/airflow/.local/lib/python3.8/site-packages/airflow/example_dags/example_python_decorator.py took 0.156 seconds
[2025-01-23T09:51:33.659+0000] {processor.py:161} INFO - Started process (PID=3207) to work on /home/airflow/.local/lib/python3.8/site-packages/airflow/example_dags/example_python_decorator.py
[2025-01-23T09:51:33.661+0000] {processor.py:830} INFO - Processing file /home/airflow/.local/lib/python3.8/site-packages/airflow/example_dags/example_python_decorator.py for tasks to queue
[2025-01-23T09:51:33.663+0000] {logging_mixin.py:188} INFO - [2025-01-23T09:51:33.662+0000] {dagbag.py:538} INFO - Filling up the DagBag from /home/airflow/.local/lib/python3.8/site-packages/airflow/example_dags/example_python_decorator.py
[2025-01-23T09:51:33.689+0000] {processor.py:840} INFO - DAG(s) 'example_python_decorator' retrieved from /home/airflow/.local/lib/python3.8/site-packages/airflow/example_dags/example_python_decorator.py
[2025-01-23T09:51:33.743+0000] {logging_mixin.py:188} INFO - [2025-01-23T09:51:33.743+0000] {dag.py:3036} INFO - Sync 1 DAGs
[2025-01-23T09:51:33.773+0000] {logging_mixin.py:188} INFO - [2025-01-23T09:51:33.773+0000] {dag.py:3823} INFO - Setting next_dagrun for example_python_decorator to None, run_after=None
[2025-01-23T09:51:33.810+0000] {processor.py:183} INFO - Processing /home/airflow/.local/lib/python3.8/site-packages/airflow/example_dags/example_python_decorator.py took 0.157 seconds
[2025-01-23T09:52:04.004+0000] {processor.py:161} INFO - Started process (PID=3263) to work on /home/airflow/.local/lib/python3.8/site-packages/airflow/example_dags/example_python_decorator.py
[2025-01-23T09:52:04.006+0000] {processor.py:830} INFO - Processing file /home/airflow/.local/lib/python3.8/site-packages/airflow/example_dags/example_python_decorator.py for tasks to queue
[2025-01-23T09:52:04.008+0000] {logging_mixin.py:188} INFO - [2025-01-23T09:52:04.008+0000] {dagbag.py:538} INFO - Filling up the DagBag from /home/airflow/.local/lib/python3.8/site-packages/airflow/example_dags/example_python_decorator.py
[2025-01-23T09:52:04.046+0000] {processor.py:840} INFO - DAG(s) 'example_python_decorator' retrieved from /home/airflow/.local/lib/python3.8/site-packages/airflow/example_dags/example_python_decorator.py
[2025-01-23T09:52:04.096+0000] {logging_mixin.py:188} INFO - [2025-01-23T09:52:04.096+0000] {dag.py:3036} INFO - Sync 1 DAGs
[2025-01-23T09:52:04.120+0000] {logging_mixin.py:188} INFO - [2025-01-23T09:52:04.120+0000] {dag.py:3823} INFO - Setting next_dagrun for example_python_decorator to None, run_after=None
[2025-01-23T09:52:04.156+0000] {processor.py:183} INFO - Processing /home/airflow/.local/lib/python3.8/site-packages/airflow/example_dags/example_python_decorator.py took 0.162 seconds
[2025-01-23T09:52:34.930+0000] {processor.py:161} INFO - Started process (PID=3319) to work on /home/airflow/.local/lib/python3.8/site-packages/airflow/example_dags/example_python_decorator.py
[2025-01-23T09:52:34.933+0000] {processor.py:830} INFO - Processing file /home/airflow/.local/lib/python3.8/site-packages/airflow/example_dags/example_python_decorator.py for tasks to queue
[2025-01-23T09:52:34.936+0000] {logging_mixin.py:188} INFO - [2025-01-23T09:52:34.935+0000] {dagbag.py:538} INFO - Filling up the DagBag from /home/airflow/.local/lib/python3.8/site-packages/airflow/example_dags/example_python_decorator.py
[2025-01-23T09:52:34.974+0000] {processor.py:840} INFO - DAG(s) 'example_python_decorator' retrieved from /home/airflow/.local/lib/python3.8/site-packages/airflow/example_dags/example_python_decorator.py
[2025-01-23T09:52:35.044+0000] {logging_mixin.py:188} INFO - [2025-01-23T09:52:35.043+0000] {dag.py:3036} INFO - Sync 1 DAGs
[2025-01-23T09:52:35.083+0000] {logging_mixin.py:188} INFO - [2025-01-23T09:52:35.082+0000] {dag.py:3823} INFO - Setting next_dagrun for example_python_decorator to None, run_after=None
[2025-01-23T09:52:35.143+0000] {processor.py:183} INFO - Processing /home/airflow/.local/lib/python3.8/site-packages/airflow/example_dags/example_python_decorator.py took 0.219 seconds
[2025-01-23T09:53:05.730+0000] {processor.py:161} INFO - Started process (PID=3375) to work on /home/airflow/.local/lib/python3.8/site-packages/airflow/example_dags/example_python_decorator.py
[2025-01-23T09:53:05.733+0000] {processor.py:830} INFO - Processing file /home/airflow/.local/lib/python3.8/site-packages/airflow/example_dags/example_python_decorator.py for tasks to queue
[2025-01-23T09:53:05.735+0000] {logging_mixin.py:188} INFO - [2025-01-23T09:53:05.734+0000] {dagbag.py:538} INFO - Filling up the DagBag from /home/airflow/.local/lib/python3.8/site-packages/airflow/example_dags/example_python_decorator.py
[2025-01-23T09:53:05.762+0000] {processor.py:840} INFO - DAG(s) 'example_python_decorator' retrieved from /home/airflow/.local/lib/python3.8/site-packages/airflow/example_dags/example_python_decorator.py
[2025-01-23T09:53:05.807+0000] {logging_mixin.py:188} INFO - [2025-01-23T09:53:05.807+0000] {dag.py:3036} INFO - Sync 1 DAGs
[2025-01-23T09:53:05.829+0000] {logging_mixin.py:188} INFO - [2025-01-23T09:53:05.829+0000] {dag.py:3823} INFO - Setting next_dagrun for example_python_decorator to None, run_after=None
[2025-01-23T09:53:05.866+0000] {processor.py:183} INFO - Processing /home/airflow/.local/lib/python3.8/site-packages/airflow/example_dags/example_python_decorator.py took 0.142 seconds
[2025-01-23T09:53:36.449+0000] {processor.py:161} INFO - Started process (PID=3431) to work on /home/airflow/.local/lib/python3.8/site-packages/airflow/example_dags/example_python_decorator.py
[2025-01-23T09:53:36.451+0000] {processor.py:830} INFO - Processing file /home/airflow/.local/lib/python3.8/site-packages/airflow/example_dags/example_python_decorator.py for tasks to queue
[2025-01-23T09:53:36.454+0000] {logging_mixin.py:188} INFO - [2025-01-23T09:53:36.453+0000] {dagbag.py:538} INFO - Filling up the DagBag from /home/airflow/.local/lib/python3.8/site-packages/airflow/example_dags/example_python_decorator.py
[2025-01-23T09:53:36.478+0000] {processor.py:840} INFO - DAG(s) 'example_python_decorator' retrieved from /home/airflow/.local/lib/python3.8/site-packages/airflow/example_dags/example_python_decorator.py
[2025-01-23T09:53:36.530+0000] {logging_mixin.py:188} INFO - [2025-01-23T09:53:36.529+0000] {dag.py:3036} INFO - Sync 1 DAGs
[2025-01-23T09:53:36.556+0000] {logging_mixin.py:188} INFO - [2025-01-23T09:53:36.556+0000] {dag.py:3823} INFO - Setting next_dagrun for example_python_decorator to None, run_after=None
[2025-01-23T09:53:36.597+0000] {processor.py:183} INFO - Processing /home/airflow/.local/lib/python3.8/site-packages/airflow/example_dags/example_python_decorator.py took 0.154 seconds
[2025-01-23T09:54:07.472+0000] {processor.py:161} INFO - Started process (PID=3493) to work on /home/airflow/.local/lib/python3.8/site-packages/airflow/example_dags/example_python_decorator.py
[2025-01-23T09:54:07.474+0000] {processor.py:830} INFO - Processing file /home/airflow/.local/lib/python3.8/site-packages/airflow/example_dags/example_python_decorator.py for tasks to queue
[2025-01-23T09:54:07.476+0000] {logging_mixin.py:188} INFO - [2025-01-23T09:54:07.475+0000] {dagbag.py:538} INFO - Filling up the DagBag from /home/airflow/.local/lib/python3.8/site-packages/airflow/example_dags/example_python_decorator.py
[2025-01-23T09:54:07.501+0000] {processor.py:840} INFO - DAG(s) 'example_python_decorator' retrieved from /home/airflow/.local/lib/python3.8/site-packages/airflow/example_dags/example_python_decorator.py
[2025-01-23T09:54:07.550+0000] {logging_mixin.py:188} INFO - [2025-01-23T09:54:07.550+0000] {dag.py:3036} INFO - Sync 1 DAGs
[2025-01-23T09:54:07.576+0000] {logging_mixin.py:188} INFO - [2025-01-23T09:54:07.576+0000] {dag.py:3823} INFO - Setting next_dagrun for example_python_decorator to None, run_after=None
[2025-01-23T09:54:07.619+0000] {processor.py:183} INFO - Processing /home/airflow/.local/lib/python3.8/site-packages/airflow/example_dags/example_python_decorator.py took 0.154 seconds
[2025-01-23T09:54:38.133+0000] {processor.py:161} INFO - Started process (PID=3549) to work on /home/airflow/.local/lib/python3.8/site-packages/airflow/example_dags/example_python_decorator.py
[2025-01-23T09:54:38.137+0000] {processor.py:830} INFO - Processing file /home/airflow/.local/lib/python3.8/site-packages/airflow/example_dags/example_python_decorator.py for tasks to queue
[2025-01-23T09:54:38.139+0000] {logging_mixin.py:188} INFO - [2025-01-23T09:54:38.139+0000] {dagbag.py:538} INFO - Filling up the DagBag from /home/airflow/.local/lib/python3.8/site-packages/airflow/example_dags/example_python_decorator.py
[2025-01-23T09:54:38.177+0000] {processor.py:840} INFO - DAG(s) 'example_python_decorator' retrieved from /home/airflow/.local/lib/python3.8/site-packages/airflow/example_dags/example_python_decorator.py
[2025-01-23T09:54:38.230+0000] {logging_mixin.py:188} INFO - [2025-01-23T09:54:38.229+0000] {dag.py:3036} INFO - Sync 1 DAGs
[2025-01-23T09:54:38.259+0000] {logging_mixin.py:188} INFO - [2025-01-23T09:54:38.258+0000] {dag.py:3823} INFO - Setting next_dagrun for example_python_decorator to None, run_after=None
[2025-01-23T09:54:38.301+0000] {processor.py:183} INFO - Processing /home/airflow/.local/lib/python3.8/site-packages/airflow/example_dags/example_python_decorator.py took 0.178 seconds
[2025-01-23T09:55:08.367+0000] {processor.py:161} INFO - Started process (PID=3605) to work on /home/airflow/.local/lib/python3.8/site-packages/airflow/example_dags/example_python_decorator.py
[2025-01-23T09:55:08.369+0000] {processor.py:830} INFO - Processing file /home/airflow/.local/lib/python3.8/site-packages/airflow/example_dags/example_python_decorator.py for tasks to queue
[2025-01-23T09:55:08.373+0000] {logging_mixin.py:188} INFO - [2025-01-23T09:55:08.372+0000] {dagbag.py:538} INFO - Filling up the DagBag from /home/airflow/.local/lib/python3.8/site-packages/airflow/example_dags/example_python_decorator.py
[2025-01-23T09:55:08.418+0000] {processor.py:840} INFO - DAG(s) 'example_python_decorator' retrieved from /home/airflow/.local/lib/python3.8/site-packages/airflow/example_dags/example_python_decorator.py
[2025-01-23T09:55:08.556+0000] {logging_mixin.py:188} INFO - [2025-01-23T09:55:08.556+0000] {dag.py:3036} INFO - Sync 1 DAGs
[2025-01-23T09:55:08.599+0000] {logging_mixin.py:188} INFO - [2025-01-23T09:55:08.599+0000] {dag.py:3823} INFO - Setting next_dagrun for example_python_decorator to None, run_after=None
[2025-01-23T09:55:08.660+0000] {processor.py:183} INFO - Processing /home/airflow/.local/lib/python3.8/site-packages/airflow/example_dags/example_python_decorator.py took 0.301 seconds
[2025-01-23T09:55:38.750+0000] {processor.py:161} INFO - Started process (PID=3659) to work on /home/airflow/.local/lib/python3.8/site-packages/airflow/example_dags/example_python_decorator.py
[2025-01-23T09:55:38.753+0000] {processor.py:830} INFO - Processing file /home/airflow/.local/lib/python3.8/site-packages/airflow/example_dags/example_python_decorator.py for tasks to queue
[2025-01-23T09:55:38.755+0000] {logging_mixin.py:188} INFO - [2025-01-23T09:55:38.754+0000] {dagbag.py:538} INFO - Filling up the DagBag from /home/airflow/.local/lib/python3.8/site-packages/airflow/example_dags/example_python_decorator.py
[2025-01-23T09:55:38.788+0000] {processor.py:840} INFO - DAG(s) 'example_python_decorator' retrieved from /home/airflow/.local/lib/python3.8/site-packages/airflow/example_dags/example_python_decorator.py
[2025-01-23T09:55:38.862+0000] {logging_mixin.py:188} INFO - [2025-01-23T09:55:38.861+0000] {dag.py:3036} INFO - Sync 1 DAGs
[2025-01-23T09:55:38.905+0000] {logging_mixin.py:188} INFO - [2025-01-23T09:55:38.904+0000] {dag.py:3823} INFO - Setting next_dagrun for example_python_decorator to None, run_after=None
[2025-01-23T09:55:38.965+0000] {processor.py:183} INFO - Processing /home/airflow/.local/lib/python3.8/site-packages/airflow/example_dags/example_python_decorator.py took 0.221 seconds
[2025-01-23T09:56:09.167+0000] {processor.py:161} INFO - Started process (PID=3714) to work on /home/airflow/.local/lib/python3.8/site-packages/airflow/example_dags/example_python_decorator.py
[2025-01-23T09:56:09.169+0000] {processor.py:830} INFO - Processing file /home/airflow/.local/lib/python3.8/site-packages/airflow/example_dags/example_python_decorator.py for tasks to queue
[2025-01-23T09:56:09.171+0000] {logging_mixin.py:188} INFO - [2025-01-23T09:56:09.170+0000] {dagbag.py:538} INFO - Filling up the DagBag from /home/airflow/.local/lib/python3.8/site-packages/airflow/example_dags/example_python_decorator.py
[2025-01-23T09:56:09.198+0000] {processor.py:840} INFO - DAG(s) 'example_python_decorator' retrieved from /home/airflow/.local/lib/python3.8/site-packages/airflow/example_dags/example_python_decorator.py
[2025-01-23T09:56:09.244+0000] {logging_mixin.py:188} INFO - [2025-01-23T09:56:09.244+0000] {dag.py:3036} INFO - Sync 1 DAGs
[2025-01-23T09:56:09.271+0000] {logging_mixin.py:188} INFO - [2025-01-23T09:56:09.270+0000] {dag.py:3823} INFO - Setting next_dagrun for example_python_decorator to None, run_after=None
[2025-01-23T09:56:09.312+0000] {processor.py:183} INFO - Processing /home/airflow/.local/lib/python3.8/site-packages/airflow/example_dags/example_python_decorator.py took 0.151 seconds
[2025-01-23T09:56:39.876+0000] {processor.py:161} INFO - Started process (PID=3770) to work on /home/airflow/.local/lib/python3.8/site-packages/airflow/example_dags/example_python_decorator.py
[2025-01-23T09:56:39.878+0000] {processor.py:830} INFO - Processing file /home/airflow/.local/lib/python3.8/site-packages/airflow/example_dags/example_python_decorator.py for tasks to queue
[2025-01-23T09:56:39.881+0000] {logging_mixin.py:188} INFO - [2025-01-23T09:56:39.880+0000] {dagbag.py:538} INFO - Filling up the DagBag from /home/airflow/.local/lib/python3.8/site-packages/airflow/example_dags/example_python_decorator.py
[2025-01-23T09:56:39.908+0000] {processor.py:840} INFO - DAG(s) 'example_python_decorator' retrieved from /home/airflow/.local/lib/python3.8/site-packages/airflow/example_dags/example_python_decorator.py
[2025-01-23T09:56:39.958+0000] {logging_mixin.py:188} INFO - [2025-01-23T09:56:39.957+0000] {dag.py:3036} INFO - Sync 1 DAGs
[2025-01-23T09:56:39.980+0000] {logging_mixin.py:188} INFO - [2025-01-23T09:56:39.980+0000] {dag.py:3823} INFO - Setting next_dagrun for example_python_decorator to None, run_after=None
[2025-01-23T09:56:40.020+0000] {processor.py:183} INFO - Processing /home/airflow/.local/lib/python3.8/site-packages/airflow/example_dags/example_python_decorator.py took 0.151 seconds
[2025-01-23T09:57:10.622+0000] {processor.py:161} INFO - Started process (PID=3826) to work on /home/airflow/.local/lib/python3.8/site-packages/airflow/example_dags/example_python_decorator.py
[2025-01-23T09:57:10.624+0000] {processor.py:830} INFO - Processing file /home/airflow/.local/lib/python3.8/site-packages/airflow/example_dags/example_python_decorator.py for tasks to queue
[2025-01-23T09:57:10.625+0000] {logging_mixin.py:188} INFO - [2025-01-23T09:57:10.625+0000] {dagbag.py:538} INFO - Filling up the DagBag from /home/airflow/.local/lib/python3.8/site-packages/airflow/example_dags/example_python_decorator.py
[2025-01-23T09:57:10.644+0000] {processor.py:840} INFO - DAG(s) 'example_python_decorator' retrieved from /home/airflow/.local/lib/python3.8/site-packages/airflow/example_dags/example_python_decorator.py
[2025-01-23T09:57:10.681+0000] {logging_mixin.py:188} INFO - [2025-01-23T09:57:10.681+0000] {dag.py:3036} INFO - Sync 1 DAGs
[2025-01-23T09:57:10.703+0000] {logging_mixin.py:188} INFO - [2025-01-23T09:57:10.702+0000] {dag.py:3823} INFO - Setting next_dagrun for example_python_decorator to None, run_after=None
[2025-01-23T09:57:10.741+0000] {processor.py:183} INFO - Processing /home/airflow/.local/lib/python3.8/site-packages/airflow/example_dags/example_python_decorator.py took 0.122 seconds
[2025-01-23T09:57:41.460+0000] {processor.py:161} INFO - Started process (PID=3882) to work on /home/airflow/.local/lib/python3.8/site-packages/airflow/example_dags/example_python_decorator.py
[2025-01-23T09:57:41.462+0000] {processor.py:830} INFO - Processing file /home/airflow/.local/lib/python3.8/site-packages/airflow/example_dags/example_python_decorator.py for tasks to queue
[2025-01-23T09:57:41.465+0000] {logging_mixin.py:188} INFO - [2025-01-23T09:57:41.464+0000] {dagbag.py:538} INFO - Filling up the DagBag from /home/airflow/.local/lib/python3.8/site-packages/airflow/example_dags/example_python_decorator.py
[2025-01-23T09:57:41.504+0000] {processor.py:840} INFO - DAG(s) 'example_python_decorator' retrieved from /home/airflow/.local/lib/python3.8/site-packages/airflow/example_dags/example_python_decorator.py
[2025-01-23T09:57:41.560+0000] {logging_mixin.py:188} INFO - [2025-01-23T09:57:41.560+0000] {dag.py:3036} INFO - Sync 1 DAGs
[2025-01-23T09:57:41.592+0000] {logging_mixin.py:188} INFO - [2025-01-23T09:57:41.591+0000] {dag.py:3823} INFO - Setting next_dagrun for example_python_decorator to None, run_after=None
[2025-01-23T09:57:41.650+0000] {processor.py:183} INFO - Processing /home/airflow/.local/lib/python3.8/site-packages/airflow/example_dags/example_python_decorator.py took 0.200 seconds
[2025-01-23T09:58:12.247+0000] {processor.py:161} INFO - Started process (PID=3938) to work on /home/airflow/.local/lib/python3.8/site-packages/airflow/example_dags/example_python_decorator.py
[2025-01-23T09:58:12.250+0000] {processor.py:830} INFO - Processing file /home/airflow/.local/lib/python3.8/site-packages/airflow/example_dags/example_python_decorator.py for tasks to queue
[2025-01-23T09:58:12.251+0000] {logging_mixin.py:188} INFO - [2025-01-23T09:58:12.251+0000] {dagbag.py:538} INFO - Filling up the DagBag from /home/airflow/.local/lib/python3.8/site-packages/airflow/example_dags/example_python_decorator.py
[2025-01-23T09:58:12.274+0000] {processor.py:840} INFO - DAG(s) 'example_python_decorator' retrieved from /home/airflow/.local/lib/python3.8/site-packages/airflow/example_dags/example_python_decorator.py
[2025-01-23T09:58:12.329+0000] {logging_mixin.py:188} INFO - [2025-01-23T09:58:12.328+0000] {dag.py:3036} INFO - Sync 1 DAGs
[2025-01-23T09:58:12.354+0000] {logging_mixin.py:188} INFO - [2025-01-23T09:58:12.354+0000] {dag.py:3823} INFO - Setting next_dagrun for example_python_decorator to None, run_after=None
[2025-01-23T09:58:12.395+0000] {processor.py:183} INFO - Processing /home/airflow/.local/lib/python3.8/site-packages/airflow/example_dags/example_python_decorator.py took 0.155 seconds
[2025-01-23T09:58:42.951+0000] {processor.py:161} INFO - Started process (PID=3994) to work on /home/airflow/.local/lib/python3.8/site-packages/airflow/example_dags/example_python_decorator.py
[2025-01-23T09:58:42.952+0000] {processor.py:830} INFO - Processing file /home/airflow/.local/lib/python3.8/site-packages/airflow/example_dags/example_python_decorator.py for tasks to queue
[2025-01-23T09:58:42.955+0000] {logging_mixin.py:188} INFO - [2025-01-23T09:58:42.954+0000] {dagbag.py:538} INFO - Filling up the DagBag from /home/airflow/.local/lib/python3.8/site-packages/airflow/example_dags/example_python_decorator.py
[2025-01-23T09:58:42.987+0000] {processor.py:840} INFO - DAG(s) 'example_python_decorator' retrieved from /home/airflow/.local/lib/python3.8/site-packages/airflow/example_dags/example_python_decorator.py
[2025-01-23T09:58:43.057+0000] {logging_mixin.py:188} INFO - [2025-01-23T09:58:43.056+0000] {dag.py:3036} INFO - Sync 1 DAGs
[2025-01-23T09:58:43.119+0000] {logging_mixin.py:188} INFO - [2025-01-23T09:58:43.119+0000] {dag.py:3823} INFO - Setting next_dagrun for example_python_decorator to None, run_after=None
[2025-01-23T09:58:43.193+0000] {processor.py:183} INFO - Processing /home/airflow/.local/lib/python3.8/site-packages/airflow/example_dags/example_python_decorator.py took 0.249 seconds
