[2025-01-23T09:23:09.522+0000] {processor.py:161} INFO - Started process (PID=112) to work on /home/airflow/.local/lib/python3.8/site-packages/airflow/example_dags/tutorial.py
[2025-01-23T09:23:09.525+0000] {processor.py:830} INFO - Processing file /home/airflow/.local/lib/python3.8/site-packages/airflow/example_dags/tutorial.py for tasks to queue
[2025-01-23T09:23:09.530+0000] {logging_mixin.py:188} INFO - [2025-01-23T09:23:09.529+0000] {dagbag.py:538} INFO - Filling up the DagBag from /home/airflow/.local/lib/python3.8/site-packages/airflow/example_dags/tutorial.py
[2025-01-23T09:23:09.556+0000] {processor.py:840} INFO - DAG(s) 'tutorial' retrieved from /home/airflow/.local/lib/python3.8/site-packages/airflow/example_dags/tutorial.py
[2025-01-23T09:23:09.949+0000] {logging_mixin.py:188} INFO - [2025-01-23T09:23:09.948+0000] {dag.py:3036} INFO - Sync 1 DAGs
[2025-01-23T09:23:10.030+0000] {logging_mixin.py:188} INFO - [2025-01-23T09:23:10.030+0000] {dag.py:3823} INFO - Setting next_dagrun for tutorial to 2025-01-22 00:00:00+00:00, run_after=2025-01-23 00:00:00+00:00
[2025-01-23T09:23:10.136+0000] {processor.py:183} INFO - Processing /home/airflow/.local/lib/python3.8/site-packages/airflow/example_dags/tutorial.py took 0.623 seconds
[2025-01-23T09:23:40.542+0000] {processor.py:161} INFO - Started process (PID=168) to work on /home/airflow/.local/lib/python3.8/site-packages/airflow/example_dags/tutorial.py
[2025-01-23T09:23:40.545+0000] {processor.py:830} INFO - Processing file /home/airflow/.local/lib/python3.8/site-packages/airflow/example_dags/tutorial.py for tasks to queue
[2025-01-23T09:23:40.552+0000] {logging_mixin.py:188} INFO - [2025-01-23T09:23:40.552+0000] {dagbag.py:538} INFO - Filling up the DagBag from /home/airflow/.local/lib/python3.8/site-packages/airflow/example_dags/tutorial.py
[2025-01-23T09:23:40.588+0000] {processor.py:840} INFO - DAG(s) 'tutorial' retrieved from /home/airflow/.local/lib/python3.8/site-packages/airflow/example_dags/tutorial.py
[2025-01-23T09:23:40.689+0000] {logging_mixin.py:188} INFO - [2025-01-23T09:23:40.688+0000] {dag.py:3036} INFO - Sync 1 DAGs
[2025-01-23T09:23:40.768+0000] {logging_mixin.py:188} INFO - [2025-01-23T09:23:40.768+0000] {dag.py:3823} INFO - Setting next_dagrun for tutorial to 2025-01-22 00:00:00+00:00, run_after=2025-01-23 00:00:00+00:00
[2025-01-23T09:23:40.850+0000] {processor.py:183} INFO - Processing /home/airflow/.local/lib/python3.8/site-packages/airflow/example_dags/tutorial.py took 0.315 seconds
[2025-01-23T09:24:11.525+0000] {processor.py:161} INFO - Started process (PID=224) to work on /home/airflow/.local/lib/python3.8/site-packages/airflow/example_dags/tutorial.py
[2025-01-23T09:24:11.528+0000] {processor.py:830} INFO - Processing file /home/airflow/.local/lib/python3.8/site-packages/airflow/example_dags/tutorial.py for tasks to queue
[2025-01-23T09:24:11.533+0000] {logging_mixin.py:188} INFO - [2025-01-23T09:24:11.532+0000] {dagbag.py:538} INFO - Filling up the DagBag from /home/airflow/.local/lib/python3.8/site-packages/airflow/example_dags/tutorial.py
[2025-01-23T09:24:11.554+0000] {processor.py:840} INFO - DAG(s) 'tutorial' retrieved from /home/airflow/.local/lib/python3.8/site-packages/airflow/example_dags/tutorial.py
[2025-01-23T09:24:11.628+0000] {logging_mixin.py:188} INFO - [2025-01-23T09:24:11.628+0000] {dag.py:3036} INFO - Sync 1 DAGs
[2025-01-23T09:24:11.710+0000] {logging_mixin.py:188} INFO - [2025-01-23T09:24:11.709+0000] {dag.py:3823} INFO - Setting next_dagrun for tutorial to 2025-01-22 00:00:00+00:00, run_after=2025-01-23 00:00:00+00:00
[2025-01-23T09:24:11.776+0000] {processor.py:183} INFO - Processing /home/airflow/.local/lib/python3.8/site-packages/airflow/example_dags/tutorial.py took 0.262 seconds
[2025-01-23T09:24:41.945+0000] {processor.py:161} INFO - Started process (PID=280) to work on /home/airflow/.local/lib/python3.8/site-packages/airflow/example_dags/tutorial.py
[2025-01-23T09:24:41.948+0000] {processor.py:830} INFO - Processing file /home/airflow/.local/lib/python3.8/site-packages/airflow/example_dags/tutorial.py for tasks to queue
[2025-01-23T09:24:41.951+0000] {logging_mixin.py:188} INFO - [2025-01-23T09:24:41.951+0000] {dagbag.py:538} INFO - Filling up the DagBag from /home/airflow/.local/lib/python3.8/site-packages/airflow/example_dags/tutorial.py
[2025-01-23T09:24:41.967+0000] {processor.py:840} INFO - DAG(s) 'tutorial' retrieved from /home/airflow/.local/lib/python3.8/site-packages/airflow/example_dags/tutorial.py
[2025-01-23T09:24:42.004+0000] {logging_mixin.py:188} INFO - [2025-01-23T09:24:42.003+0000] {dag.py:3036} INFO - Sync 1 DAGs
[2025-01-23T09:24:42.045+0000] {logging_mixin.py:188} INFO - [2025-01-23T09:24:42.044+0000] {dag.py:3823} INFO - Setting next_dagrun for tutorial to 2025-01-22 00:00:00+00:00, run_after=2025-01-23 00:00:00+00:00
[2025-01-23T09:24:42.077+0000] {processor.py:183} INFO - Processing /home/airflow/.local/lib/python3.8/site-packages/airflow/example_dags/tutorial.py took 0.140 seconds
[2025-01-23T09:25:12.597+0000] {processor.py:161} INFO - Started process (PID=336) to work on /home/airflow/.local/lib/python3.8/site-packages/airflow/example_dags/tutorial.py
[2025-01-23T09:25:12.599+0000] {processor.py:830} INFO - Processing file /home/airflow/.local/lib/python3.8/site-packages/airflow/example_dags/tutorial.py for tasks to queue
[2025-01-23T09:25:12.602+0000] {logging_mixin.py:188} INFO - [2025-01-23T09:25:12.602+0000] {dagbag.py:538} INFO - Filling up the DagBag from /home/airflow/.local/lib/python3.8/site-packages/airflow/example_dags/tutorial.py
[2025-01-23T09:25:12.613+0000] {processor.py:840} INFO - DAG(s) 'tutorial' retrieved from /home/airflow/.local/lib/python3.8/site-packages/airflow/example_dags/tutorial.py
[2025-01-23T09:25:12.655+0000] {logging_mixin.py:188} INFO - [2025-01-23T09:25:12.655+0000] {dag.py:3036} INFO - Sync 1 DAGs
[2025-01-23T09:25:12.703+0000] {logging_mixin.py:188} INFO - [2025-01-23T09:25:12.702+0000] {dag.py:3823} INFO - Setting next_dagrun for tutorial to 2025-01-22 00:00:00+00:00, run_after=2025-01-23 00:00:00+00:00
[2025-01-23T09:25:12.747+0000] {processor.py:183} INFO - Processing /home/airflow/.local/lib/python3.8/site-packages/airflow/example_dags/tutorial.py took 0.155 seconds
[2025-01-23T09:25:43.495+0000] {processor.py:161} INFO - Started process (PID=392) to work on /home/airflow/.local/lib/python3.8/site-packages/airflow/example_dags/tutorial.py
[2025-01-23T09:25:43.497+0000] {processor.py:830} INFO - Processing file /home/airflow/.local/lib/python3.8/site-packages/airflow/example_dags/tutorial.py for tasks to queue
[2025-01-23T09:25:43.503+0000] {logging_mixin.py:188} INFO - [2025-01-23T09:25:43.502+0000] {dagbag.py:538} INFO - Filling up the DagBag from /home/airflow/.local/lib/python3.8/site-packages/airflow/example_dags/tutorial.py
[2025-01-23T09:25:43.516+0000] {processor.py:840} INFO - DAG(s) 'tutorial' retrieved from /home/airflow/.local/lib/python3.8/site-packages/airflow/example_dags/tutorial.py
[2025-01-23T09:25:43.579+0000] {logging_mixin.py:188} INFO - [2025-01-23T09:25:43.578+0000] {dag.py:3036} INFO - Sync 1 DAGs
[2025-01-23T09:25:43.676+0000] {logging_mixin.py:188} INFO - [2025-01-23T09:25:43.675+0000] {dag.py:3823} INFO - Setting next_dagrun for tutorial to 2025-01-22 00:00:00+00:00, run_after=2025-01-23 00:00:00+00:00
[2025-01-23T09:25:43.755+0000] {processor.py:183} INFO - Processing /home/airflow/.local/lib/python3.8/site-packages/airflow/example_dags/tutorial.py took 0.268 seconds
[2025-01-23T09:26:13.926+0000] {processor.py:161} INFO - Started process (PID=448) to work on /home/airflow/.local/lib/python3.8/site-packages/airflow/example_dags/tutorial.py
[2025-01-23T09:26:13.928+0000] {processor.py:830} INFO - Processing file /home/airflow/.local/lib/python3.8/site-packages/airflow/example_dags/tutorial.py for tasks to queue
[2025-01-23T09:26:13.932+0000] {logging_mixin.py:188} INFO - [2025-01-23T09:26:13.931+0000] {dagbag.py:538} INFO - Filling up the DagBag from /home/airflow/.local/lib/python3.8/site-packages/airflow/example_dags/tutorial.py
[2025-01-23T09:26:13.945+0000] {processor.py:840} INFO - DAG(s) 'tutorial' retrieved from /home/airflow/.local/lib/python3.8/site-packages/airflow/example_dags/tutorial.py
[2025-01-23T09:26:14.050+0000] {logging_mixin.py:188} INFO - [2025-01-23T09:26:14.049+0000] {dag.py:3036} INFO - Sync 1 DAGs
[2025-01-23T09:26:14.250+0000] {logging_mixin.py:188} INFO - [2025-01-23T09:26:14.250+0000] {dag.py:3823} INFO - Setting next_dagrun for tutorial to 2025-01-22 00:00:00+00:00, run_after=2025-01-23 00:00:00+00:00
[2025-01-23T09:26:14.416+0000] {processor.py:183} INFO - Processing /home/airflow/.local/lib/python3.8/site-packages/airflow/example_dags/tutorial.py took 0.498 seconds
[2025-01-23T09:26:45.141+0000] {processor.py:161} INFO - Started process (PID=504) to work on /home/airflow/.local/lib/python3.8/site-packages/airflow/example_dags/tutorial.py
[2025-01-23T09:26:45.143+0000] {processor.py:830} INFO - Processing file /home/airflow/.local/lib/python3.8/site-packages/airflow/example_dags/tutorial.py for tasks to queue
[2025-01-23T09:26:45.146+0000] {logging_mixin.py:188} INFO - [2025-01-23T09:26:45.146+0000] {dagbag.py:538} INFO - Filling up the DagBag from /home/airflow/.local/lib/python3.8/site-packages/airflow/example_dags/tutorial.py
[2025-01-23T09:26:45.162+0000] {processor.py:840} INFO - DAG(s) 'tutorial' retrieved from /home/airflow/.local/lib/python3.8/site-packages/airflow/example_dags/tutorial.py
[2025-01-23T09:26:45.209+0000] {logging_mixin.py:188} INFO - [2025-01-23T09:26:45.208+0000] {dag.py:3036} INFO - Sync 1 DAGs
[2025-01-23T09:26:45.259+0000] {logging_mixin.py:188} INFO - [2025-01-23T09:26:45.259+0000] {dag.py:3823} INFO - Setting next_dagrun for tutorial to 2025-01-22 00:00:00+00:00, run_after=2025-01-23 00:00:00+00:00
[2025-01-23T09:26:45.300+0000] {processor.py:183} INFO - Processing /home/airflow/.local/lib/python3.8/site-packages/airflow/example_dags/tutorial.py took 0.165 seconds
[2025-01-23T09:27:15.801+0000] {processor.py:161} INFO - Started process (PID=560) to work on /home/airflow/.local/lib/python3.8/site-packages/airflow/example_dags/tutorial.py
[2025-01-23T09:27:15.803+0000] {processor.py:830} INFO - Processing file /home/airflow/.local/lib/python3.8/site-packages/airflow/example_dags/tutorial.py for tasks to queue
[2025-01-23T09:27:15.806+0000] {logging_mixin.py:188} INFO - [2025-01-23T09:27:15.806+0000] {dagbag.py:538} INFO - Filling up the DagBag from /home/airflow/.local/lib/python3.8/site-packages/airflow/example_dags/tutorial.py
[2025-01-23T09:27:15.815+0000] {processor.py:840} INFO - DAG(s) 'tutorial' retrieved from /home/airflow/.local/lib/python3.8/site-packages/airflow/example_dags/tutorial.py
[2025-01-23T09:27:15.853+0000] {logging_mixin.py:188} INFO - [2025-01-23T09:27:15.853+0000] {dag.py:3036} INFO - Sync 1 DAGs
[2025-01-23T09:27:15.893+0000] {logging_mixin.py:188} INFO - [2025-01-23T09:27:15.893+0000] {dag.py:3823} INFO - Setting next_dagrun for tutorial to 2025-01-22 00:00:00+00:00, run_after=2025-01-23 00:00:00+00:00
[2025-01-23T09:27:15.928+0000] {processor.py:183} INFO - Processing /home/airflow/.local/lib/python3.8/site-packages/airflow/example_dags/tutorial.py took 0.131 seconds
[2025-01-23T09:27:46.072+0000] {processor.py:161} INFO - Started process (PID=616) to work on /home/airflow/.local/lib/python3.8/site-packages/airflow/example_dags/tutorial.py
[2025-01-23T09:27:46.074+0000] {processor.py:830} INFO - Processing file /home/airflow/.local/lib/python3.8/site-packages/airflow/example_dags/tutorial.py for tasks to queue
[2025-01-23T09:27:46.079+0000] {logging_mixin.py:188} INFO - [2025-01-23T09:27:46.078+0000] {dagbag.py:538} INFO - Filling up the DagBag from /home/airflow/.local/lib/python3.8/site-packages/airflow/example_dags/tutorial.py
[2025-01-23T09:27:46.101+0000] {processor.py:840} INFO - DAG(s) 'tutorial' retrieved from /home/airflow/.local/lib/python3.8/site-packages/airflow/example_dags/tutorial.py
[2025-01-23T09:27:46.162+0000] {logging_mixin.py:188} INFO - [2025-01-23T09:27:46.161+0000] {dag.py:3036} INFO - Sync 1 DAGs
[2025-01-23T09:27:46.260+0000] {logging_mixin.py:188} INFO - [2025-01-23T09:27:46.259+0000] {dag.py:3823} INFO - Setting next_dagrun for tutorial to 2025-01-22 00:00:00+00:00, run_after=2025-01-23 00:00:00+00:00
[2025-01-23T09:27:46.324+0000] {processor.py:183} INFO - Processing /home/airflow/.local/lib/python3.8/site-packages/airflow/example_dags/tutorial.py took 0.260 seconds
[2025-01-23T09:28:16.759+0000] {processor.py:161} INFO - Started process (PID=672) to work on /home/airflow/.local/lib/python3.8/site-packages/airflow/example_dags/tutorial.py
[2025-01-23T09:28:16.761+0000] {processor.py:830} INFO - Processing file /home/airflow/.local/lib/python3.8/site-packages/airflow/example_dags/tutorial.py for tasks to queue
[2025-01-23T09:28:16.764+0000] {logging_mixin.py:188} INFO - [2025-01-23T09:28:16.764+0000] {dagbag.py:538} INFO - Filling up the DagBag from /home/airflow/.local/lib/python3.8/site-packages/airflow/example_dags/tutorial.py
[2025-01-23T09:28:16.777+0000] {processor.py:840} INFO - DAG(s) 'tutorial' retrieved from /home/airflow/.local/lib/python3.8/site-packages/airflow/example_dags/tutorial.py
[2025-01-23T09:28:16.813+0000] {logging_mixin.py:188} INFO - [2025-01-23T09:28:16.813+0000] {dag.py:3036} INFO - Sync 1 DAGs
[2025-01-23T09:28:16.854+0000] {logging_mixin.py:188} INFO - [2025-01-23T09:28:16.854+0000] {dag.py:3823} INFO - Setting next_dagrun for tutorial to 2025-01-22 00:00:00+00:00, run_after=2025-01-23 00:00:00+00:00
[2025-01-23T09:28:16.888+0000] {processor.py:183} INFO - Processing /home/airflow/.local/lib/python3.8/site-packages/airflow/example_dags/tutorial.py took 0.135 seconds
[2025-01-23T09:28:47.623+0000] {processor.py:161} INFO - Started process (PID=728) to work on /home/airflow/.local/lib/python3.8/site-packages/airflow/example_dags/tutorial.py
[2025-01-23T09:28:47.626+0000] {processor.py:830} INFO - Processing file /home/airflow/.local/lib/python3.8/site-packages/airflow/example_dags/tutorial.py for tasks to queue
[2025-01-23T09:28:47.632+0000] {logging_mixin.py:188} INFO - [2025-01-23T09:28:47.631+0000] {dagbag.py:538} INFO - Filling up the DagBag from /home/airflow/.local/lib/python3.8/site-packages/airflow/example_dags/tutorial.py
[2025-01-23T09:28:47.646+0000] {processor.py:840} INFO - DAG(s) 'tutorial' retrieved from /home/airflow/.local/lib/python3.8/site-packages/airflow/example_dags/tutorial.py
[2025-01-23T09:28:47.686+0000] {logging_mixin.py:188} INFO - [2025-01-23T09:28:47.685+0000] {dag.py:3036} INFO - Sync 1 DAGs
[2025-01-23T09:28:47.735+0000] {logging_mixin.py:188} INFO - [2025-01-23T09:28:47.735+0000] {dag.py:3823} INFO - Setting next_dagrun for tutorial to 2025-01-22 00:00:00+00:00, run_after=2025-01-23 00:00:00+00:00
[2025-01-23T09:28:47.782+0000] {processor.py:183} INFO - Processing /home/airflow/.local/lib/python3.8/site-packages/airflow/example_dags/tutorial.py took 0.164 seconds
[2025-01-23T09:29:18.673+0000] {processor.py:161} INFO - Started process (PID=785) to work on /home/airflow/.local/lib/python3.8/site-packages/airflow/example_dags/tutorial.py
[2025-01-23T09:29:18.685+0000] {processor.py:830} INFO - Processing file /home/airflow/.local/lib/python3.8/site-packages/airflow/example_dags/tutorial.py for tasks to queue
[2025-01-23T09:29:18.691+0000] {logging_mixin.py:188} INFO - [2025-01-23T09:29:18.690+0000] {dagbag.py:538} INFO - Filling up the DagBag from /home/airflow/.local/lib/python3.8/site-packages/airflow/example_dags/tutorial.py
[2025-01-23T09:29:18.739+0000] {processor.py:840} INFO - DAG(s) 'tutorial' retrieved from /home/airflow/.local/lib/python3.8/site-packages/airflow/example_dags/tutorial.py
[2025-01-23T09:29:18.851+0000] {logging_mixin.py:188} INFO - [2025-01-23T09:29:18.850+0000] {dag.py:3036} INFO - Sync 1 DAGs
[2025-01-23T09:29:18.943+0000] {logging_mixin.py:188} INFO - [2025-01-23T09:29:18.942+0000] {dag.py:3823} INFO - Setting next_dagrun for tutorial to 2025-01-22 00:00:00+00:00, run_after=2025-01-23 00:00:00+00:00
[2025-01-23T09:29:19.024+0000] {processor.py:183} INFO - Processing /home/airflow/.local/lib/python3.8/site-packages/airflow/example_dags/tutorial.py took 0.376 seconds
[2025-01-23T09:29:49.883+0000] {processor.py:161} INFO - Started process (PID=841) to work on /home/airflow/.local/lib/python3.8/site-packages/airflow/example_dags/tutorial.py
[2025-01-23T09:29:49.887+0000] {processor.py:830} INFO - Processing file /home/airflow/.local/lib/python3.8/site-packages/airflow/example_dags/tutorial.py for tasks to queue
[2025-01-23T09:29:49.892+0000] {logging_mixin.py:188} INFO - [2025-01-23T09:29:49.892+0000] {dagbag.py:538} INFO - Filling up the DagBag from /home/airflow/.local/lib/python3.8/site-packages/airflow/example_dags/tutorial.py
[2025-01-23T09:29:49.914+0000] {processor.py:840} INFO - DAG(s) 'tutorial' retrieved from /home/airflow/.local/lib/python3.8/site-packages/airflow/example_dags/tutorial.py
[2025-01-23T09:29:49.970+0000] {logging_mixin.py:188} INFO - [2025-01-23T09:29:49.969+0000] {dag.py:3036} INFO - Sync 1 DAGs
[2025-01-23T09:29:50.027+0000] {logging_mixin.py:188} INFO - [2025-01-23T09:29:50.027+0000] {dag.py:3823} INFO - Setting next_dagrun for tutorial to 2025-01-22 00:00:00+00:00, run_after=2025-01-23 00:00:00+00:00
[2025-01-23T09:29:50.070+0000] {processor.py:183} INFO - Processing /home/airflow/.local/lib/python3.8/site-packages/airflow/example_dags/tutorial.py took 0.196 seconds
[2025-01-23T09:30:20.598+0000] {processor.py:161} INFO - Started process (PID=897) to work on /home/airflow/.local/lib/python3.8/site-packages/airflow/example_dags/tutorial.py
[2025-01-23T09:30:20.602+0000] {processor.py:830} INFO - Processing file /home/airflow/.local/lib/python3.8/site-packages/airflow/example_dags/tutorial.py for tasks to queue
[2025-01-23T09:30:20.612+0000] {logging_mixin.py:188} INFO - [2025-01-23T09:30:20.609+0000] {dagbag.py:538} INFO - Filling up the DagBag from /home/airflow/.local/lib/python3.8/site-packages/airflow/example_dags/tutorial.py
[2025-01-23T09:30:20.633+0000] {processor.py:840} INFO - DAG(s) 'tutorial' retrieved from /home/airflow/.local/lib/python3.8/site-packages/airflow/example_dags/tutorial.py
[2025-01-23T09:30:20.725+0000] {logging_mixin.py:188} INFO - [2025-01-23T09:30:20.724+0000] {dag.py:3036} INFO - Sync 1 DAGs
[2025-01-23T09:30:20.825+0000] {logging_mixin.py:188} INFO - [2025-01-23T09:30:20.825+0000] {dag.py:3823} INFO - Setting next_dagrun for tutorial to 2025-01-22 00:00:00+00:00, run_after=2025-01-23 00:00:00+00:00
[2025-01-23T09:30:20.912+0000] {processor.py:183} INFO - Processing /home/airflow/.local/lib/python3.8/site-packages/airflow/example_dags/tutorial.py took 0.330 seconds
[2025-01-23T09:30:51.147+0000] {processor.py:161} INFO - Started process (PID=953) to work on /home/airflow/.local/lib/python3.8/site-packages/airflow/example_dags/tutorial.py
[2025-01-23T09:30:51.150+0000] {processor.py:830} INFO - Processing file /home/airflow/.local/lib/python3.8/site-packages/airflow/example_dags/tutorial.py for tasks to queue
[2025-01-23T09:30:51.152+0000] {logging_mixin.py:188} INFO - [2025-01-23T09:30:51.152+0000] {dagbag.py:538} INFO - Filling up the DagBag from /home/airflow/.local/lib/python3.8/site-packages/airflow/example_dags/tutorial.py
[2025-01-23T09:30:51.167+0000] {processor.py:840} INFO - DAG(s) 'tutorial' retrieved from /home/airflow/.local/lib/python3.8/site-packages/airflow/example_dags/tutorial.py
[2025-01-23T09:30:51.207+0000] {logging_mixin.py:188} INFO - [2025-01-23T09:30:51.206+0000] {dag.py:3036} INFO - Sync 1 DAGs
[2025-01-23T09:30:51.248+0000] {logging_mixin.py:188} INFO - [2025-01-23T09:30:51.248+0000] {dag.py:3823} INFO - Setting next_dagrun for tutorial to 2025-01-22 00:00:00+00:00, run_after=2025-01-23 00:00:00+00:00
[2025-01-23T09:30:51.296+0000] {processor.py:183} INFO - Processing /home/airflow/.local/lib/python3.8/site-packages/airflow/example_dags/tutorial.py took 0.156 seconds
[2025-01-23T09:31:21.502+0000] {processor.py:161} INFO - Started process (PID=1009) to work on /home/airflow/.local/lib/python3.8/site-packages/airflow/example_dags/tutorial.py
[2025-01-23T09:31:21.506+0000] {processor.py:830} INFO - Processing file /home/airflow/.local/lib/python3.8/site-packages/airflow/example_dags/tutorial.py for tasks to queue
[2025-01-23T09:31:21.508+0000] {logging_mixin.py:188} INFO - [2025-01-23T09:31:21.508+0000] {dagbag.py:538} INFO - Filling up the DagBag from /home/airflow/.local/lib/python3.8/site-packages/airflow/example_dags/tutorial.py
[2025-01-23T09:31:21.527+0000] {processor.py:840} INFO - DAG(s) 'tutorial' retrieved from /home/airflow/.local/lib/python3.8/site-packages/airflow/example_dags/tutorial.py
[2025-01-23T09:31:21.586+0000] {logging_mixin.py:188} INFO - [2025-01-23T09:31:21.586+0000] {dag.py:3036} INFO - Sync 1 DAGs
[2025-01-23T09:31:21.632+0000] {logging_mixin.py:188} INFO - [2025-01-23T09:31:21.631+0000] {dag.py:3823} INFO - Setting next_dagrun for tutorial to 2025-01-22 00:00:00+00:00, run_after=2025-01-23 00:00:00+00:00
[2025-01-23T09:31:21.668+0000] {processor.py:183} INFO - Processing /home/airflow/.local/lib/python3.8/site-packages/airflow/example_dags/tutorial.py took 0.176 seconds
[2025-01-23T09:31:52.073+0000] {processor.py:161} INFO - Started process (PID=1066) to work on /home/airflow/.local/lib/python3.8/site-packages/airflow/example_dags/tutorial.py
[2025-01-23T09:31:52.076+0000] {processor.py:830} INFO - Processing file /home/airflow/.local/lib/python3.8/site-packages/airflow/example_dags/tutorial.py for tasks to queue
[2025-01-23T09:31:52.078+0000] {logging_mixin.py:188} INFO - [2025-01-23T09:31:52.077+0000] {dagbag.py:538} INFO - Filling up the DagBag from /home/airflow/.local/lib/python3.8/site-packages/airflow/example_dags/tutorial.py
[2025-01-23T09:31:52.094+0000] {processor.py:840} INFO - DAG(s) 'tutorial' retrieved from /home/airflow/.local/lib/python3.8/site-packages/airflow/example_dags/tutorial.py
[2025-01-23T09:31:52.133+0000] {logging_mixin.py:188} INFO - [2025-01-23T09:31:52.133+0000] {dag.py:3036} INFO - Sync 1 DAGs
[2025-01-23T09:31:52.171+0000] {logging_mixin.py:188} INFO - [2025-01-23T09:31:52.170+0000] {dag.py:3823} INFO - Setting next_dagrun for tutorial to 2025-01-22 00:00:00+00:00, run_after=2025-01-23 00:00:00+00:00
[2025-01-23T09:31:52.209+0000] {processor.py:183} INFO - Processing /home/airflow/.local/lib/python3.8/site-packages/airflow/example_dags/tutorial.py took 0.143 seconds
[2025-01-23T09:32:22.935+0000] {processor.py:161} INFO - Started process (PID=1122) to work on /home/airflow/.local/lib/python3.8/site-packages/airflow/example_dags/tutorial.py
[2025-01-23T09:32:22.938+0000] {processor.py:830} INFO - Processing file /home/airflow/.local/lib/python3.8/site-packages/airflow/example_dags/tutorial.py for tasks to queue
[2025-01-23T09:32:22.940+0000] {logging_mixin.py:188} INFO - [2025-01-23T09:32:22.939+0000] {dagbag.py:538} INFO - Filling up the DagBag from /home/airflow/.local/lib/python3.8/site-packages/airflow/example_dags/tutorial.py
[2025-01-23T09:32:22.957+0000] {processor.py:840} INFO - DAG(s) 'tutorial' retrieved from /home/airflow/.local/lib/python3.8/site-packages/airflow/example_dags/tutorial.py
[2025-01-23T09:32:23.027+0000] {logging_mixin.py:188} INFO - [2025-01-23T09:32:23.026+0000] {dag.py:3036} INFO - Sync 1 DAGs
[2025-01-23T09:32:23.095+0000] {logging_mixin.py:188} INFO - [2025-01-23T09:32:23.094+0000] {dag.py:3823} INFO - Setting next_dagrun for tutorial to 2025-01-22 00:00:00+00:00, run_after=2025-01-23 00:00:00+00:00
[2025-01-23T09:32:23.138+0000] {processor.py:183} INFO - Processing /home/airflow/.local/lib/python3.8/site-packages/airflow/example_dags/tutorial.py took 0.214 seconds
[2025-01-23T09:32:53.691+0000] {processor.py:161} INFO - Started process (PID=1176) to work on /home/airflow/.local/lib/python3.8/site-packages/airflow/example_dags/tutorial.py
[2025-01-23T09:32:53.694+0000] {processor.py:830} INFO - Processing file /home/airflow/.local/lib/python3.8/site-packages/airflow/example_dags/tutorial.py for tasks to queue
[2025-01-23T09:32:53.696+0000] {logging_mixin.py:188} INFO - [2025-01-23T09:32:53.696+0000] {dagbag.py:538} INFO - Filling up the DagBag from /home/airflow/.local/lib/python3.8/site-packages/airflow/example_dags/tutorial.py
[2025-01-23T09:32:53.721+0000] {processor.py:840} INFO - DAG(s) 'tutorial' retrieved from /home/airflow/.local/lib/python3.8/site-packages/airflow/example_dags/tutorial.py
[2025-01-23T09:32:53.798+0000] {logging_mixin.py:188} INFO - [2025-01-23T09:32:53.797+0000] {dag.py:3036} INFO - Sync 1 DAGs
[2025-01-23T09:32:53.847+0000] {logging_mixin.py:188} INFO - [2025-01-23T09:32:53.847+0000] {dag.py:3823} INFO - Setting next_dagrun for tutorial to 2025-01-22 00:00:00+00:00, run_after=2025-01-23 00:00:00+00:00
[2025-01-23T09:32:53.902+0000] {processor.py:183} INFO - Processing /home/airflow/.local/lib/python3.8/site-packages/airflow/example_dags/tutorial.py took 0.220 seconds
[2025-01-23T09:33:24.235+0000] {processor.py:161} INFO - Started process (PID=1232) to work on /home/airflow/.local/lib/python3.8/site-packages/airflow/example_dags/tutorial.py
[2025-01-23T09:33:24.237+0000] {processor.py:830} INFO - Processing file /home/airflow/.local/lib/python3.8/site-packages/airflow/example_dags/tutorial.py for tasks to queue
[2025-01-23T09:33:24.241+0000] {logging_mixin.py:188} INFO - [2025-01-23T09:33:24.240+0000] {dagbag.py:538} INFO - Filling up the DagBag from /home/airflow/.local/lib/python3.8/site-packages/airflow/example_dags/tutorial.py
[2025-01-23T09:33:24.278+0000] {processor.py:840} INFO - DAG(s) 'tutorial' retrieved from /home/airflow/.local/lib/python3.8/site-packages/airflow/example_dags/tutorial.py
[2025-01-23T09:33:24.350+0000] {logging_mixin.py:188} INFO - [2025-01-23T09:33:24.350+0000] {dag.py:3036} INFO - Sync 1 DAGs
[2025-01-23T09:33:24.425+0000] {logging_mixin.py:188} INFO - [2025-01-23T09:33:24.425+0000] {dag.py:3823} INFO - Setting next_dagrun for tutorial to 2025-01-22 00:00:00+00:00, run_after=2025-01-23 00:00:00+00:00
[2025-01-23T09:33:24.469+0000] {processor.py:183} INFO - Processing /home/airflow/.local/lib/python3.8/site-packages/airflow/example_dags/tutorial.py took 0.258 seconds
[2025-01-23T09:33:54.543+0000] {processor.py:161} INFO - Started process (PID=1288) to work on /home/airflow/.local/lib/python3.8/site-packages/airflow/example_dags/tutorial.py
[2025-01-23T09:33:54.545+0000] {processor.py:830} INFO - Processing file /home/airflow/.local/lib/python3.8/site-packages/airflow/example_dags/tutorial.py for tasks to queue
[2025-01-23T09:33:54.547+0000] {logging_mixin.py:188} INFO - [2025-01-23T09:33:54.546+0000] {dagbag.py:538} INFO - Filling up the DagBag from /home/airflow/.local/lib/python3.8/site-packages/airflow/example_dags/tutorial.py
[2025-01-23T09:33:54.561+0000] {processor.py:840} INFO - DAG(s) 'tutorial' retrieved from /home/airflow/.local/lib/python3.8/site-packages/airflow/example_dags/tutorial.py
[2025-01-23T09:33:54.601+0000] {logging_mixin.py:188} INFO - [2025-01-23T09:33:54.601+0000] {dag.py:3036} INFO - Sync 1 DAGs
[2025-01-23T09:33:54.650+0000] {logging_mixin.py:188} INFO - [2025-01-23T09:33:54.649+0000] {dag.py:3823} INFO - Setting next_dagrun for tutorial to 2025-01-22 00:00:00+00:00, run_after=2025-01-23 00:00:00+00:00
[2025-01-23T09:33:54.691+0000] {processor.py:183} INFO - Processing /home/airflow/.local/lib/python3.8/site-packages/airflow/example_dags/tutorial.py took 0.155 seconds
[2025-01-23T09:34:25.298+0000] {processor.py:161} INFO - Started process (PID=1344) to work on /home/airflow/.local/lib/python3.8/site-packages/airflow/example_dags/tutorial.py
[2025-01-23T09:34:25.301+0000] {processor.py:830} INFO - Processing file /home/airflow/.local/lib/python3.8/site-packages/airflow/example_dags/tutorial.py for tasks to queue
[2025-01-23T09:34:25.303+0000] {logging_mixin.py:188} INFO - [2025-01-23T09:34:25.302+0000] {dagbag.py:538} INFO - Filling up the DagBag from /home/airflow/.local/lib/python3.8/site-packages/airflow/example_dags/tutorial.py
[2025-01-23T09:34:25.315+0000] {processor.py:840} INFO - DAG(s) 'tutorial' retrieved from /home/airflow/.local/lib/python3.8/site-packages/airflow/example_dags/tutorial.py
[2025-01-23T09:34:25.361+0000] {logging_mixin.py:188} INFO - [2025-01-23T09:34:25.360+0000] {dag.py:3036} INFO - Sync 1 DAGs
[2025-01-23T09:34:25.414+0000] {logging_mixin.py:188} INFO - [2025-01-23T09:34:25.412+0000] {dag.py:3823} INFO - Setting next_dagrun for tutorial to 2025-01-22 00:00:00+00:00, run_after=2025-01-23 00:00:00+00:00
[2025-01-23T09:34:25.480+0000] {processor.py:183} INFO - Processing /home/airflow/.local/lib/python3.8/site-packages/airflow/example_dags/tutorial.py took 0.189 seconds
[2025-01-23T09:34:55.668+0000] {processor.py:161} INFO - Started process (PID=1400) to work on /home/airflow/.local/lib/python3.8/site-packages/airflow/example_dags/tutorial.py
[2025-01-23T09:34:55.671+0000] {processor.py:830} INFO - Processing file /home/airflow/.local/lib/python3.8/site-packages/airflow/example_dags/tutorial.py for tasks to queue
[2025-01-23T09:34:55.673+0000] {logging_mixin.py:188} INFO - [2025-01-23T09:34:55.672+0000] {dagbag.py:538} INFO - Filling up the DagBag from /home/airflow/.local/lib/python3.8/site-packages/airflow/example_dags/tutorial.py
[2025-01-23T09:34:55.687+0000] {processor.py:840} INFO - DAG(s) 'tutorial' retrieved from /home/airflow/.local/lib/python3.8/site-packages/airflow/example_dags/tutorial.py
[2025-01-23T09:34:55.726+0000] {logging_mixin.py:188} INFO - [2025-01-23T09:34:55.726+0000] {dag.py:3036} INFO - Sync 1 DAGs
[2025-01-23T09:34:55.781+0000] {logging_mixin.py:188} INFO - [2025-01-23T09:34:55.780+0000] {dag.py:3823} INFO - Setting next_dagrun for tutorial to 2025-01-22 00:00:00+00:00, run_after=2025-01-23 00:00:00+00:00
[2025-01-23T09:34:55.817+0000] {processor.py:183} INFO - Processing /home/airflow/.local/lib/python3.8/site-packages/airflow/example_dags/tutorial.py took 0.156 seconds
[2025-01-23T09:35:25.981+0000] {processor.py:161} INFO - Started process (PID=1457) to work on /home/airflow/.local/lib/python3.8/site-packages/airflow/example_dags/tutorial.py
[2025-01-23T09:35:25.983+0000] {processor.py:830} INFO - Processing file /home/airflow/.local/lib/python3.8/site-packages/airflow/example_dags/tutorial.py for tasks to queue
[2025-01-23T09:35:25.985+0000] {logging_mixin.py:188} INFO - [2025-01-23T09:35:25.984+0000] {dagbag.py:538} INFO - Filling up the DagBag from /home/airflow/.local/lib/python3.8/site-packages/airflow/example_dags/tutorial.py
[2025-01-23T09:35:26.002+0000] {processor.py:840} INFO - DAG(s) 'tutorial' retrieved from /home/airflow/.local/lib/python3.8/site-packages/airflow/example_dags/tutorial.py
[2025-01-23T09:35:26.054+0000] {logging_mixin.py:188} INFO - [2025-01-23T09:35:26.053+0000] {dag.py:3036} INFO - Sync 1 DAGs
[2025-01-23T09:35:26.111+0000] {logging_mixin.py:188} INFO - [2025-01-23T09:35:26.111+0000] {dag.py:3823} INFO - Setting next_dagrun for tutorial to 2025-01-22 00:00:00+00:00, run_after=2025-01-23 00:00:00+00:00
[2025-01-23T09:35:26.163+0000] {processor.py:183} INFO - Processing /home/airflow/.local/lib/python3.8/site-packages/airflow/example_dags/tutorial.py took 0.191 seconds
[2025-01-23T09:35:56.916+0000] {processor.py:161} INFO - Started process (PID=1513) to work on /home/airflow/.local/lib/python3.8/site-packages/airflow/example_dags/tutorial.py
[2025-01-23T09:35:56.918+0000] {processor.py:830} INFO - Processing file /home/airflow/.local/lib/python3.8/site-packages/airflow/example_dags/tutorial.py for tasks to queue
[2025-01-23T09:35:56.920+0000] {logging_mixin.py:188} INFO - [2025-01-23T09:35:56.919+0000] {dagbag.py:538} INFO - Filling up the DagBag from /home/airflow/.local/lib/python3.8/site-packages/airflow/example_dags/tutorial.py
[2025-01-23T09:35:56.937+0000] {processor.py:840} INFO - DAG(s) 'tutorial' retrieved from /home/airflow/.local/lib/python3.8/site-packages/airflow/example_dags/tutorial.py
[2025-01-23T09:35:56.980+0000] {logging_mixin.py:188} INFO - [2025-01-23T09:35:56.980+0000] {dag.py:3036} INFO - Sync 1 DAGs
[2025-01-23T09:35:57.038+0000] {logging_mixin.py:188} INFO - [2025-01-23T09:35:57.037+0000] {dag.py:3823} INFO - Setting next_dagrun for tutorial to 2025-01-22 00:00:00+00:00, run_after=2025-01-23 00:00:00+00:00
[2025-01-23T09:35:57.122+0000] {processor.py:183} INFO - Processing /home/airflow/.local/lib/python3.8/site-packages/airflow/example_dags/tutorial.py took 0.212 seconds
[2025-01-23T09:36:27.250+0000] {processor.py:161} INFO - Started process (PID=1569) to work on /home/airflow/.local/lib/python3.8/site-packages/airflow/example_dags/tutorial.py
[2025-01-23T09:36:27.254+0000] {processor.py:830} INFO - Processing file /home/airflow/.local/lib/python3.8/site-packages/airflow/example_dags/tutorial.py for tasks to queue
[2025-01-23T09:36:27.258+0000] {logging_mixin.py:188} INFO - [2025-01-23T09:36:27.257+0000] {dagbag.py:538} INFO - Filling up the DagBag from /home/airflow/.local/lib/python3.8/site-packages/airflow/example_dags/tutorial.py
[2025-01-23T09:36:27.281+0000] {processor.py:840} INFO - DAG(s) 'tutorial' retrieved from /home/airflow/.local/lib/python3.8/site-packages/airflow/example_dags/tutorial.py
[2025-01-23T09:36:27.342+0000] {logging_mixin.py:188} INFO - [2025-01-23T09:36:27.342+0000] {dag.py:3036} INFO - Sync 1 DAGs
[2025-01-23T09:36:27.414+0000] {logging_mixin.py:188} INFO - [2025-01-23T09:36:27.414+0000] {dag.py:3823} INFO - Setting next_dagrun for tutorial to 2025-01-22 00:00:00+00:00, run_after=2025-01-23 00:00:00+00:00
[2025-01-23T09:36:27.474+0000] {processor.py:183} INFO - Processing /home/airflow/.local/lib/python3.8/site-packages/airflow/example_dags/tutorial.py took 0.234 seconds
[2025-01-23T09:36:58.300+0000] {processor.py:161} INFO - Started process (PID=1625) to work on /home/airflow/.local/lib/python3.8/site-packages/airflow/example_dags/tutorial.py
[2025-01-23T09:36:58.302+0000] {processor.py:830} INFO - Processing file /home/airflow/.local/lib/python3.8/site-packages/airflow/example_dags/tutorial.py for tasks to queue
[2025-01-23T09:36:58.308+0000] {logging_mixin.py:188} INFO - [2025-01-23T09:36:58.307+0000] {dagbag.py:538} INFO - Filling up the DagBag from /home/airflow/.local/lib/python3.8/site-packages/airflow/example_dags/tutorial.py
[2025-01-23T09:36:58.327+0000] {processor.py:840} INFO - DAG(s) 'tutorial' retrieved from /home/airflow/.local/lib/python3.8/site-packages/airflow/example_dags/tutorial.py
[2025-01-23T09:36:58.376+0000] {logging_mixin.py:188} INFO - [2025-01-23T09:36:58.376+0000] {dag.py:3036} INFO - Sync 1 DAGs
[2025-01-23T09:36:58.428+0000] {logging_mixin.py:188} INFO - [2025-01-23T09:36:58.426+0000] {dag.py:3823} INFO - Setting next_dagrun for tutorial to 2025-01-22 00:00:00+00:00, run_after=2025-01-23 00:00:00+00:00
[2025-01-23T09:36:58.471+0000] {processor.py:183} INFO - Processing /home/airflow/.local/lib/python3.8/site-packages/airflow/example_dags/tutorial.py took 0.179 seconds
[2025-01-23T09:37:28.834+0000] {processor.py:161} INFO - Started process (PID=1681) to work on /home/airflow/.local/lib/python3.8/site-packages/airflow/example_dags/tutorial.py
[2025-01-23T09:37:28.836+0000] {processor.py:830} INFO - Processing file /home/airflow/.local/lib/python3.8/site-packages/airflow/example_dags/tutorial.py for tasks to queue
[2025-01-23T09:37:28.840+0000] {logging_mixin.py:188} INFO - [2025-01-23T09:37:28.838+0000] {dagbag.py:538} INFO - Filling up the DagBag from /home/airflow/.local/lib/python3.8/site-packages/airflow/example_dags/tutorial.py
[2025-01-23T09:37:28.853+0000] {processor.py:840} INFO - DAG(s) 'tutorial' retrieved from /home/airflow/.local/lib/python3.8/site-packages/airflow/example_dags/tutorial.py
[2025-01-23T09:37:28.898+0000] {logging_mixin.py:188} INFO - [2025-01-23T09:37:28.898+0000] {dag.py:3036} INFO - Sync 1 DAGs
[2025-01-23T09:37:28.957+0000] {logging_mixin.py:188} INFO - [2025-01-23T09:37:28.956+0000] {dag.py:3823} INFO - Setting next_dagrun for tutorial to 2025-01-22 00:00:00+00:00, run_after=2025-01-23 00:00:00+00:00
[2025-01-23T09:37:29.002+0000] {processor.py:183} INFO - Processing /home/airflow/.local/lib/python3.8/site-packages/airflow/example_dags/tutorial.py took 0.174 seconds
[2025-01-23T09:37:59.604+0000] {processor.py:161} INFO - Started process (PID=1737) to work on /home/airflow/.local/lib/python3.8/site-packages/airflow/example_dags/tutorial.py
[2025-01-23T09:37:59.607+0000] {processor.py:830} INFO - Processing file /home/airflow/.local/lib/python3.8/site-packages/airflow/example_dags/tutorial.py for tasks to queue
[2025-01-23T09:37:59.609+0000] {logging_mixin.py:188} INFO - [2025-01-23T09:37:59.608+0000] {dagbag.py:538} INFO - Filling up the DagBag from /home/airflow/.local/lib/python3.8/site-packages/airflow/example_dags/tutorial.py
[2025-01-23T09:37:59.625+0000] {processor.py:840} INFO - DAG(s) 'tutorial' retrieved from /home/airflow/.local/lib/python3.8/site-packages/airflow/example_dags/tutorial.py
[2025-01-23T09:37:59.670+0000] {logging_mixin.py:188} INFO - [2025-01-23T09:37:59.670+0000] {dag.py:3036} INFO - Sync 1 DAGs
[2025-01-23T09:37:59.723+0000] {logging_mixin.py:188} INFO - [2025-01-23T09:37:59.722+0000] {dag.py:3823} INFO - Setting next_dagrun for tutorial to 2025-01-22 00:00:00+00:00, run_after=2025-01-23 00:00:00+00:00
[2025-01-23T09:37:59.763+0000] {processor.py:183} INFO - Processing /home/airflow/.local/lib/python3.8/site-packages/airflow/example_dags/tutorial.py took 0.165 seconds
[2025-01-23T09:38:30.772+0000] {processor.py:161} INFO - Started process (PID=1794) to work on /home/airflow/.local/lib/python3.8/site-packages/airflow/example_dags/tutorial.py
[2025-01-23T09:38:30.776+0000] {processor.py:830} INFO - Processing file /home/airflow/.local/lib/python3.8/site-packages/airflow/example_dags/tutorial.py for tasks to queue
[2025-01-23T09:38:30.780+0000] {logging_mixin.py:188} INFO - [2025-01-23T09:38:30.779+0000] {dagbag.py:538} INFO - Filling up the DagBag from /home/airflow/.local/lib/python3.8/site-packages/airflow/example_dags/tutorial.py
[2025-01-23T09:38:30.804+0000] {processor.py:840} INFO - DAG(s) 'tutorial' retrieved from /home/airflow/.local/lib/python3.8/site-packages/airflow/example_dags/tutorial.py
[2025-01-23T09:38:30.880+0000] {logging_mixin.py:188} INFO - [2025-01-23T09:38:30.880+0000] {dag.py:3036} INFO - Sync 1 DAGs
[2025-01-23T09:38:31.016+0000] {logging_mixin.py:188} INFO - [2025-01-23T09:38:31.015+0000] {dag.py:3823} INFO - Setting next_dagrun for tutorial to 2025-01-22 00:00:00+00:00, run_after=2025-01-23 00:00:00+00:00
[2025-01-23T09:38:31.100+0000] {processor.py:183} INFO - Processing /home/airflow/.local/lib/python3.8/site-packages/airflow/example_dags/tutorial.py took 0.338 seconds
[2025-01-23T09:39:02.120+0000] {processor.py:161} INFO - Started process (PID=1850) to work on /home/airflow/.local/lib/python3.8/site-packages/airflow/example_dags/tutorial.py
[2025-01-23T09:39:02.122+0000] {processor.py:830} INFO - Processing file /home/airflow/.local/lib/python3.8/site-packages/airflow/example_dags/tutorial.py for tasks to queue
[2025-01-23T09:39:02.125+0000] {logging_mixin.py:188} INFO - [2025-01-23T09:39:02.124+0000] {dagbag.py:538} INFO - Filling up the DagBag from /home/airflow/.local/lib/python3.8/site-packages/airflow/example_dags/tutorial.py
[2025-01-23T09:39:02.143+0000] {processor.py:840} INFO - DAG(s) 'tutorial' retrieved from /home/airflow/.local/lib/python3.8/site-packages/airflow/example_dags/tutorial.py
[2025-01-23T09:39:02.198+0000] {logging_mixin.py:188} INFO - [2025-01-23T09:39:02.197+0000] {dag.py:3036} INFO - Sync 1 DAGs
[2025-01-23T09:39:02.263+0000] {logging_mixin.py:188} INFO - [2025-01-23T09:39:02.262+0000] {dag.py:3823} INFO - Setting next_dagrun for tutorial to 2025-01-22 00:00:00+00:00, run_after=2025-01-23 00:00:00+00:00
[2025-01-23T09:39:02.302+0000] {processor.py:183} INFO - Processing /home/airflow/.local/lib/python3.8/site-packages/airflow/example_dags/tutorial.py took 0.193 seconds
[2025-01-23T09:39:32.761+0000] {processor.py:161} INFO - Started process (PID=1906) to work on /home/airflow/.local/lib/python3.8/site-packages/airflow/example_dags/tutorial.py
[2025-01-23T09:39:32.763+0000] {processor.py:830} INFO - Processing file /home/airflow/.local/lib/python3.8/site-packages/airflow/example_dags/tutorial.py for tasks to queue
[2025-01-23T09:39:32.766+0000] {logging_mixin.py:188} INFO - [2025-01-23T09:39:32.765+0000] {dagbag.py:538} INFO - Filling up the DagBag from /home/airflow/.local/lib/python3.8/site-packages/airflow/example_dags/tutorial.py
[2025-01-23T09:39:32.782+0000] {processor.py:840} INFO - DAG(s) 'tutorial' retrieved from /home/airflow/.local/lib/python3.8/site-packages/airflow/example_dags/tutorial.py
[2025-01-23T09:39:32.831+0000] {logging_mixin.py:188} INFO - [2025-01-23T09:39:32.830+0000] {dag.py:3036} INFO - Sync 1 DAGs
[2025-01-23T09:39:32.902+0000] {logging_mixin.py:188} INFO - [2025-01-23T09:39:32.902+0000] {dag.py:3823} INFO - Setting next_dagrun for tutorial to 2025-01-22 00:00:00+00:00, run_after=2025-01-23 00:00:00+00:00
[2025-01-23T09:39:33.055+0000] {processor.py:183} INFO - Processing /home/airflow/.local/lib/python3.8/site-packages/airflow/example_dags/tutorial.py took 0.303 seconds
[2025-01-23T09:40:03.348+0000] {processor.py:161} INFO - Started process (PID=1968) to work on /home/airflow/.local/lib/python3.8/site-packages/airflow/example_dags/tutorial.py
[2025-01-23T09:40:03.350+0000] {processor.py:830} INFO - Processing file /home/airflow/.local/lib/python3.8/site-packages/airflow/example_dags/tutorial.py for tasks to queue
[2025-01-23T09:40:03.352+0000] {logging_mixin.py:188} INFO - [2025-01-23T09:40:03.351+0000] {dagbag.py:538} INFO - Filling up the DagBag from /home/airflow/.local/lib/python3.8/site-packages/airflow/example_dags/tutorial.py
[2025-01-23T09:40:03.366+0000] {processor.py:840} INFO - DAG(s) 'tutorial' retrieved from /home/airflow/.local/lib/python3.8/site-packages/airflow/example_dags/tutorial.py
[2025-01-23T09:40:03.417+0000] {logging_mixin.py:188} INFO - [2025-01-23T09:40:03.416+0000] {dag.py:3036} INFO - Sync 1 DAGs
[2025-01-23T09:40:03.486+0000] {logging_mixin.py:188} INFO - [2025-01-23T09:40:03.484+0000] {dag.py:3823} INFO - Setting next_dagrun for tutorial to 2025-01-22 00:00:00+00:00, run_after=2025-01-23 00:00:00+00:00
[2025-01-23T09:40:03.529+0000] {processor.py:183} INFO - Processing /home/airflow/.local/lib/python3.8/site-packages/airflow/example_dags/tutorial.py took 0.189 seconds
[2025-01-23T09:40:33.872+0000] {processor.py:161} INFO - Started process (PID=2025) to work on /home/airflow/.local/lib/python3.8/site-packages/airflow/example_dags/tutorial.py
[2025-01-23T09:40:33.874+0000] {processor.py:830} INFO - Processing file /home/airflow/.local/lib/python3.8/site-packages/airflow/example_dags/tutorial.py for tasks to queue
[2025-01-23T09:40:33.877+0000] {logging_mixin.py:188} INFO - [2025-01-23T09:40:33.876+0000] {dagbag.py:538} INFO - Filling up the DagBag from /home/airflow/.local/lib/python3.8/site-packages/airflow/example_dags/tutorial.py
[2025-01-23T09:40:33.890+0000] {processor.py:840} INFO - DAG(s) 'tutorial' retrieved from /home/airflow/.local/lib/python3.8/site-packages/airflow/example_dags/tutorial.py
[2025-01-23T09:40:33.941+0000] {logging_mixin.py:188} INFO - [2025-01-23T09:40:33.941+0000] {dag.py:3036} INFO - Sync 1 DAGs
[2025-01-23T09:40:33.991+0000] {logging_mixin.py:188} INFO - [2025-01-23T09:40:33.991+0000] {dag.py:3823} INFO - Setting next_dagrun for tutorial to 2025-01-22 00:00:00+00:00, run_after=2025-01-23 00:00:00+00:00
[2025-01-23T09:40:34.024+0000] {processor.py:183} INFO - Processing /home/airflow/.local/lib/python3.8/site-packages/airflow/example_dags/tutorial.py took 0.162 seconds
[2025-01-23T09:41:04.886+0000] {processor.py:161} INFO - Started process (PID=2082) to work on /home/airflow/.local/lib/python3.8/site-packages/airflow/example_dags/tutorial.py
[2025-01-23T09:41:04.889+0000] {processor.py:830} INFO - Processing file /home/airflow/.local/lib/python3.8/site-packages/airflow/example_dags/tutorial.py for tasks to queue
[2025-01-23T09:41:04.892+0000] {logging_mixin.py:188} INFO - [2025-01-23T09:41:04.891+0000] {dagbag.py:538} INFO - Filling up the DagBag from /home/airflow/.local/lib/python3.8/site-packages/airflow/example_dags/tutorial.py
[2025-01-23T09:41:04.909+0000] {processor.py:840} INFO - DAG(s) 'tutorial' retrieved from /home/airflow/.local/lib/python3.8/site-packages/airflow/example_dags/tutorial.py
[2025-01-23T09:41:04.969+0000] {logging_mixin.py:188} INFO - [2025-01-23T09:41:04.968+0000] {dag.py:3036} INFO - Sync 1 DAGs
[2025-01-23T09:41:05.038+0000] {logging_mixin.py:188} INFO - [2025-01-23T09:41:05.037+0000] {dag.py:3823} INFO - Setting next_dagrun for tutorial to 2025-01-22 00:00:00+00:00, run_after=2025-01-23 00:00:00+00:00
[2025-01-23T09:41:05.097+0000] {processor.py:183} INFO - Processing /home/airflow/.local/lib/python3.8/site-packages/airflow/example_dags/tutorial.py took 0.218 seconds
[2025-01-23T09:41:36.199+0000] {processor.py:161} INFO - Started process (PID=2138) to work on /home/airflow/.local/lib/python3.8/site-packages/airflow/example_dags/tutorial.py
[2025-01-23T09:41:36.208+0000] {processor.py:830} INFO - Processing file /home/airflow/.local/lib/python3.8/site-packages/airflow/example_dags/tutorial.py for tasks to queue
[2025-01-23T09:41:36.212+0000] {logging_mixin.py:188} INFO - [2025-01-23T09:41:36.211+0000] {dagbag.py:538} INFO - Filling up the DagBag from /home/airflow/.local/lib/python3.8/site-packages/airflow/example_dags/tutorial.py
[2025-01-23T09:41:36.274+0000] {processor.py:840} INFO - DAG(s) 'tutorial' retrieved from /home/airflow/.local/lib/python3.8/site-packages/airflow/example_dags/tutorial.py
[2025-01-23T09:41:36.361+0000] {logging_mixin.py:188} INFO - [2025-01-23T09:41:36.359+0000] {dag.py:3036} INFO - Sync 1 DAGs
[2025-01-23T09:41:36.494+0000] {logging_mixin.py:188} INFO - [2025-01-23T09:41:36.493+0000] {dag.py:3823} INFO - Setting next_dagrun for tutorial to 2025-01-22 00:00:00+00:00, run_after=2025-01-23 00:00:00+00:00
[2025-01-23T09:41:36.623+0000] {processor.py:183} INFO - Processing /home/airflow/.local/lib/python3.8/site-packages/airflow/example_dags/tutorial.py took 0.442 seconds
[2025-01-23T09:42:13.053+0000] {processor.py:161} INFO - Started process (PID=2194) to work on /home/airflow/.local/lib/python3.8/site-packages/airflow/example_dags/tutorial.py
[2025-01-23T09:42:13.068+0000] {processor.py:830} INFO - Processing file /home/airflow/.local/lib/python3.8/site-packages/airflow/example_dags/tutorial.py for tasks to queue
[2025-01-23T09:42:13.072+0000] {logging_mixin.py:188} INFO - [2025-01-23T09:42:13.071+0000] {dagbag.py:538} INFO - Filling up the DagBag from /home/airflow/.local/lib/python3.8/site-packages/airflow/example_dags/tutorial.py
[2025-01-23T09:42:13.128+0000] {processor.py:840} INFO - DAG(s) 'tutorial' retrieved from /home/airflow/.local/lib/python3.8/site-packages/airflow/example_dags/tutorial.py
[2025-01-23T09:42:13.248+0000] {logging_mixin.py:188} INFO - [2025-01-23T09:42:13.248+0000] {dag.py:3036} INFO - Sync 1 DAGs
[2025-01-23T09:42:13.530+0000] {logging_mixin.py:188} INFO - [2025-01-23T09:42:13.529+0000] {dag.py:3823} INFO - Setting next_dagrun for tutorial to 2025-01-22 00:00:00+00:00, run_after=2025-01-23 00:00:00+00:00
[2025-01-23T09:42:13.740+0000] {processor.py:183} INFO - Processing /home/airflow/.local/lib/python3.8/site-packages/airflow/example_dags/tutorial.py took 0.702 seconds
[2025-01-23T09:42:44.125+0000] {processor.py:161} INFO - Started process (PID=2250) to work on /home/airflow/.local/lib/python3.8/site-packages/airflow/example_dags/tutorial.py
[2025-01-23T09:42:44.127+0000] {processor.py:830} INFO - Processing file /home/airflow/.local/lib/python3.8/site-packages/airflow/example_dags/tutorial.py for tasks to queue
[2025-01-23T09:42:44.130+0000] {logging_mixin.py:188} INFO - [2025-01-23T09:42:44.129+0000] {dagbag.py:538} INFO - Filling up the DagBag from /home/airflow/.local/lib/python3.8/site-packages/airflow/example_dags/tutorial.py
[2025-01-23T09:42:44.151+0000] {processor.py:840} INFO - DAG(s) 'tutorial' retrieved from /home/airflow/.local/lib/python3.8/site-packages/airflow/example_dags/tutorial.py
[2025-01-23T09:42:44.204+0000] {logging_mixin.py:188} INFO - [2025-01-23T09:42:44.204+0000] {dag.py:3036} INFO - Sync 1 DAGs
[2025-01-23T09:42:44.273+0000] {logging_mixin.py:188} INFO - [2025-01-23T09:42:44.273+0000] {dag.py:3823} INFO - Setting next_dagrun for tutorial to 2025-01-22 00:00:00+00:00, run_after=2025-01-23 00:00:00+00:00
[2025-01-23T09:42:44.322+0000] {processor.py:183} INFO - Processing /home/airflow/.local/lib/python3.8/site-packages/airflow/example_dags/tutorial.py took 0.210 seconds
[2025-01-23T09:43:14.689+0000] {processor.py:161} INFO - Started process (PID=2306) to work on /home/airflow/.local/lib/python3.8/site-packages/airflow/example_dags/tutorial.py
[2025-01-23T09:43:14.692+0000] {processor.py:830} INFO - Processing file /home/airflow/.local/lib/python3.8/site-packages/airflow/example_dags/tutorial.py for tasks to queue
[2025-01-23T09:43:14.694+0000] {logging_mixin.py:188} INFO - [2025-01-23T09:43:14.693+0000] {dagbag.py:538} INFO - Filling up the DagBag from /home/airflow/.local/lib/python3.8/site-packages/airflow/example_dags/tutorial.py
[2025-01-23T09:43:14.716+0000] {processor.py:840} INFO - DAG(s) 'tutorial' retrieved from /home/airflow/.local/lib/python3.8/site-packages/airflow/example_dags/tutorial.py
[2025-01-23T09:43:14.796+0000] {logging_mixin.py:188} INFO - [2025-01-23T09:43:14.795+0000] {dag.py:3036} INFO - Sync 1 DAGs
[2025-01-23T09:43:14.890+0000] {logging_mixin.py:188} INFO - [2025-01-23T09:43:14.890+0000] {dag.py:3823} INFO - Setting next_dagrun for tutorial to 2025-01-22 00:00:00+00:00, run_after=2025-01-23 00:00:00+00:00
[2025-01-23T09:43:14.939+0000] {processor.py:183} INFO - Processing /home/airflow/.local/lib/python3.8/site-packages/airflow/example_dags/tutorial.py took 0.260 seconds
[2025-01-23T09:43:45.055+0000] {processor.py:161} INFO - Started process (PID=2363) to work on /home/airflow/.local/lib/python3.8/site-packages/airflow/example_dags/tutorial.py
[2025-01-23T09:43:45.058+0000] {processor.py:830} INFO - Processing file /home/airflow/.local/lib/python3.8/site-packages/airflow/example_dags/tutorial.py for tasks to queue
[2025-01-23T09:43:45.060+0000] {logging_mixin.py:188} INFO - [2025-01-23T09:43:45.060+0000] {dagbag.py:538} INFO - Filling up the DagBag from /home/airflow/.local/lib/python3.8/site-packages/airflow/example_dags/tutorial.py
[2025-01-23T09:43:45.077+0000] {processor.py:840} INFO - DAG(s) 'tutorial' retrieved from /home/airflow/.local/lib/python3.8/site-packages/airflow/example_dags/tutorial.py
[2025-01-23T09:43:45.128+0000] {logging_mixin.py:188} INFO - [2025-01-23T09:43:45.127+0000] {dag.py:3036} INFO - Sync 1 DAGs
[2025-01-23T09:43:45.235+0000] {logging_mixin.py:188} INFO - [2025-01-23T09:43:45.233+0000] {dag.py:3823} INFO - Setting next_dagrun for tutorial to 2025-01-22 00:00:00+00:00, run_after=2025-01-23 00:00:00+00:00
[2025-01-23T09:43:45.332+0000] {processor.py:183} INFO - Processing /home/airflow/.local/lib/python3.8/site-packages/airflow/example_dags/tutorial.py took 0.286 seconds
[2025-01-23T09:44:16.370+0000] {processor.py:161} INFO - Started process (PID=2419) to work on /home/airflow/.local/lib/python3.8/site-packages/airflow/example_dags/tutorial.py
[2025-01-23T09:44:16.373+0000] {processor.py:830} INFO - Processing file /home/airflow/.local/lib/python3.8/site-packages/airflow/example_dags/tutorial.py for tasks to queue
[2025-01-23T09:44:16.379+0000] {logging_mixin.py:188} INFO - [2025-01-23T09:44:16.378+0000] {dagbag.py:538} INFO - Filling up the DagBag from /home/airflow/.local/lib/python3.8/site-packages/airflow/example_dags/tutorial.py
[2025-01-23T09:44:16.403+0000] {processor.py:840} INFO - DAG(s) 'tutorial' retrieved from /home/airflow/.local/lib/python3.8/site-packages/airflow/example_dags/tutorial.py
[2025-01-23T09:44:16.489+0000] {logging_mixin.py:188} INFO - [2025-01-23T09:44:16.488+0000] {dag.py:3036} INFO - Sync 1 DAGs
[2025-01-23T09:44:17.118+0000] {logging_mixin.py:188} INFO - [2025-01-23T09:44:17.117+0000] {dag.py:3823} INFO - Setting next_dagrun for tutorial to 2025-01-22 00:00:00+00:00, run_after=2025-01-23 00:00:00+00:00
[2025-01-23T09:44:18.488+0000] {processor.py:183} INFO - Processing /home/airflow/.local/lib/python3.8/site-packages/airflow/example_dags/tutorial.py took 2.134 seconds
[2025-01-23T09:44:48.748+0000] {processor.py:161} INFO - Started process (PID=2475) to work on /home/airflow/.local/lib/python3.8/site-packages/airflow/example_dags/tutorial.py
[2025-01-23T09:44:48.750+0000] {processor.py:830} INFO - Processing file /home/airflow/.local/lib/python3.8/site-packages/airflow/example_dags/tutorial.py for tasks to queue
[2025-01-23T09:44:48.754+0000] {logging_mixin.py:188} INFO - [2025-01-23T09:44:48.753+0000] {dagbag.py:538} INFO - Filling up the DagBag from /home/airflow/.local/lib/python3.8/site-packages/airflow/example_dags/tutorial.py
[2025-01-23T09:44:48.772+0000] {processor.py:840} INFO - DAG(s) 'tutorial' retrieved from /home/airflow/.local/lib/python3.8/site-packages/airflow/example_dags/tutorial.py
[2025-01-23T09:44:48.823+0000] {logging_mixin.py:188} INFO - [2025-01-23T09:44:48.822+0000] {dag.py:3036} INFO - Sync 1 DAGs
[2025-01-23T09:44:48.891+0000] {logging_mixin.py:188} INFO - [2025-01-23T09:44:48.891+0000] {dag.py:3823} INFO - Setting next_dagrun for tutorial to 2025-01-22 00:00:00+00:00, run_after=2025-01-23 00:00:00+00:00
[2025-01-23T09:44:48.937+0000] {processor.py:183} INFO - Processing /home/airflow/.local/lib/python3.8/site-packages/airflow/example_dags/tutorial.py took 0.198 seconds
[2025-01-23T09:45:19.229+0000] {processor.py:161} INFO - Started process (PID=2531) to work on /home/airflow/.local/lib/python3.8/site-packages/airflow/example_dags/tutorial.py
[2025-01-23T09:45:19.231+0000] {processor.py:830} INFO - Processing file /home/airflow/.local/lib/python3.8/site-packages/airflow/example_dags/tutorial.py for tasks to queue
[2025-01-23T09:45:19.233+0000] {logging_mixin.py:188} INFO - [2025-01-23T09:45:19.233+0000] {dagbag.py:538} INFO - Filling up the DagBag from /home/airflow/.local/lib/python3.8/site-packages/airflow/example_dags/tutorial.py
[2025-01-23T09:45:19.245+0000] {processor.py:840} INFO - DAG(s) 'tutorial' retrieved from /home/airflow/.local/lib/python3.8/site-packages/airflow/example_dags/tutorial.py
[2025-01-23T09:45:19.289+0000] {logging_mixin.py:188} INFO - [2025-01-23T09:45:19.288+0000] {dag.py:3036} INFO - Sync 1 DAGs
[2025-01-23T09:45:19.345+0000] {logging_mixin.py:188} INFO - [2025-01-23T09:45:19.344+0000] {dag.py:3823} INFO - Setting next_dagrun for tutorial to 2025-01-22 00:00:00+00:00, run_after=2025-01-23 00:00:00+00:00
[2025-01-23T09:45:19.393+0000] {processor.py:183} INFO - Processing /home/airflow/.local/lib/python3.8/site-packages/airflow/example_dags/tutorial.py took 0.173 seconds
[2025-01-23T09:45:49.918+0000] {processor.py:161} INFO - Started process (PID=2587) to work on /home/airflow/.local/lib/python3.8/site-packages/airflow/example_dags/tutorial.py
[2025-01-23T09:45:49.930+0000] {processor.py:830} INFO - Processing file /home/airflow/.local/lib/python3.8/site-packages/airflow/example_dags/tutorial.py for tasks to queue
[2025-01-23T09:45:49.933+0000] {logging_mixin.py:188} INFO - [2025-01-23T09:45:49.932+0000] {dagbag.py:538} INFO - Filling up the DagBag from /home/airflow/.local/lib/python3.8/site-packages/airflow/example_dags/tutorial.py
[2025-01-23T09:45:49.957+0000] {processor.py:840} INFO - DAG(s) 'tutorial' retrieved from /home/airflow/.local/lib/python3.8/site-packages/airflow/example_dags/tutorial.py
[2025-01-23T09:45:50.365+0000] {logging_mixin.py:188} INFO - [2025-01-23T09:45:50.365+0000] {dag.py:3036} INFO - Sync 1 DAGs
[2025-01-23T09:45:50.425+0000] {logging_mixin.py:188} INFO - [2025-01-23T09:45:50.424+0000] {dag.py:3823} INFO - Setting next_dagrun for tutorial to 2025-01-22 00:00:00+00:00, run_after=2025-01-23 00:00:00+00:00
[2025-01-23T09:45:50.479+0000] {processor.py:183} INFO - Processing /home/airflow/.local/lib/python3.8/site-packages/airflow/example_dags/tutorial.py took 0.571 seconds
[2025-01-23T09:46:21.269+0000] {processor.py:161} INFO - Started process (PID=2643) to work on /home/airflow/.local/lib/python3.8/site-packages/airflow/example_dags/tutorial.py
[2025-01-23T09:46:21.278+0000] {processor.py:830} INFO - Processing file /home/airflow/.local/lib/python3.8/site-packages/airflow/example_dags/tutorial.py for tasks to queue
[2025-01-23T09:46:21.293+0000] {logging_mixin.py:188} INFO - [2025-01-23T09:46:21.292+0000] {dagbag.py:538} INFO - Filling up the DagBag from /home/airflow/.local/lib/python3.8/site-packages/airflow/example_dags/tutorial.py
[2025-01-23T09:46:21.362+0000] {processor.py:840} INFO - DAG(s) 'tutorial' retrieved from /home/airflow/.local/lib/python3.8/site-packages/airflow/example_dags/tutorial.py
[2025-01-23T09:46:21.555+0000] {logging_mixin.py:188} INFO - [2025-01-23T09:46:21.554+0000] {dag.py:3036} INFO - Sync 1 DAGs
[2025-01-23T09:46:21.788+0000] {logging_mixin.py:188} INFO - [2025-01-23T09:46:21.787+0000] {dag.py:3823} INFO - Setting next_dagrun for tutorial to 2025-01-22 00:00:00+00:00, run_after=2025-01-23 00:00:00+00:00
[2025-01-23T09:46:22.297+0000] {processor.py:183} INFO - Processing /home/airflow/.local/lib/python3.8/site-packages/airflow/example_dags/tutorial.py took 1.040 seconds
[2025-01-23T09:46:52.471+0000] {processor.py:161} INFO - Started process (PID=2699) to work on /home/airflow/.local/lib/python3.8/site-packages/airflow/example_dags/tutorial.py
[2025-01-23T09:46:52.474+0000] {processor.py:830} INFO - Processing file /home/airflow/.local/lib/python3.8/site-packages/airflow/example_dags/tutorial.py for tasks to queue
[2025-01-23T09:46:52.477+0000] {logging_mixin.py:188} INFO - [2025-01-23T09:46:52.476+0000] {dagbag.py:538} INFO - Filling up the DagBag from /home/airflow/.local/lib/python3.8/site-packages/airflow/example_dags/tutorial.py
[2025-01-23T09:46:52.494+0000] {processor.py:840} INFO - DAG(s) 'tutorial' retrieved from /home/airflow/.local/lib/python3.8/site-packages/airflow/example_dags/tutorial.py
[2025-01-23T09:46:52.555+0000] {logging_mixin.py:188} INFO - [2025-01-23T09:46:52.554+0000] {dag.py:3036} INFO - Sync 1 DAGs
[2025-01-23T09:46:52.609+0000] {logging_mixin.py:188} INFO - [2025-01-23T09:46:52.608+0000] {dag.py:3823} INFO - Setting next_dagrun for tutorial to 2025-01-22 00:00:00+00:00, run_after=2025-01-23 00:00:00+00:00
[2025-01-23T09:46:52.675+0000] {processor.py:183} INFO - Processing /home/airflow/.local/lib/python3.8/site-packages/airflow/example_dags/tutorial.py took 0.213 seconds
[2025-01-23T09:47:22.764+0000] {processor.py:161} INFO - Started process (PID=2755) to work on /home/airflow/.local/lib/python3.8/site-packages/airflow/example_dags/tutorial.py
[2025-01-23T09:47:22.767+0000] {processor.py:830} INFO - Processing file /home/airflow/.local/lib/python3.8/site-packages/airflow/example_dags/tutorial.py for tasks to queue
[2025-01-23T09:47:22.769+0000] {logging_mixin.py:188} INFO - [2025-01-23T09:47:22.769+0000] {dagbag.py:538} INFO - Filling up the DagBag from /home/airflow/.local/lib/python3.8/site-packages/airflow/example_dags/tutorial.py
[2025-01-23T09:47:22.779+0000] {processor.py:840} INFO - DAG(s) 'tutorial' retrieved from /home/airflow/.local/lib/python3.8/site-packages/airflow/example_dags/tutorial.py
[2025-01-23T09:47:22.813+0000] {logging_mixin.py:188} INFO - [2025-01-23T09:47:22.813+0000] {dag.py:3036} INFO - Sync 1 DAGs
[2025-01-23T09:47:22.854+0000] {logging_mixin.py:188} INFO - [2025-01-23T09:47:22.854+0000] {dag.py:3823} INFO - Setting next_dagrun for tutorial to 2025-01-22 00:00:00+00:00, run_after=2025-01-23 00:00:00+00:00
[2025-01-23T09:47:22.889+0000] {processor.py:183} INFO - Processing /home/airflow/.local/lib/python3.8/site-packages/airflow/example_dags/tutorial.py took 0.130 seconds
[2025-01-23T09:47:53.469+0000] {processor.py:161} INFO - Started process (PID=2811) to work on /home/airflow/.local/lib/python3.8/site-packages/airflow/example_dags/tutorial.py
[2025-01-23T09:47:53.472+0000] {processor.py:830} INFO - Processing file /home/airflow/.local/lib/python3.8/site-packages/airflow/example_dags/tutorial.py for tasks to queue
[2025-01-23T09:47:53.475+0000] {logging_mixin.py:188} INFO - [2025-01-23T09:47:53.474+0000] {dagbag.py:538} INFO - Filling up the DagBag from /home/airflow/.local/lib/python3.8/site-packages/airflow/example_dags/tutorial.py
[2025-01-23T09:47:53.493+0000] {processor.py:840} INFO - DAG(s) 'tutorial' retrieved from /home/airflow/.local/lib/python3.8/site-packages/airflow/example_dags/tutorial.py
[2025-01-23T09:47:53.547+0000] {logging_mixin.py:188} INFO - [2025-01-23T09:47:53.546+0000] {dag.py:3036} INFO - Sync 1 DAGs
[2025-01-23T09:47:53.622+0000] {logging_mixin.py:188} INFO - [2025-01-23T09:47:53.622+0000] {dag.py:3823} INFO - Setting next_dagrun for tutorial to 2025-01-22 00:00:00+00:00, run_after=2025-01-23 00:00:00+00:00
[2025-01-23T09:47:53.686+0000] {processor.py:183} INFO - Processing /home/airflow/.local/lib/python3.8/site-packages/airflow/example_dags/tutorial.py took 0.234 seconds
[2025-01-23T09:48:24.488+0000] {processor.py:161} INFO - Started process (PID=2864) to work on /home/airflow/.local/lib/python3.8/site-packages/airflow/example_dags/tutorial.py
[2025-01-23T09:48:24.491+0000] {processor.py:830} INFO - Processing file /home/airflow/.local/lib/python3.8/site-packages/airflow/example_dags/tutorial.py for tasks to queue
[2025-01-23T09:48:24.493+0000] {logging_mixin.py:188} INFO - [2025-01-23T09:48:24.493+0000] {dagbag.py:538} INFO - Filling up the DagBag from /home/airflow/.local/lib/python3.8/site-packages/airflow/example_dags/tutorial.py
[2025-01-23T09:48:24.514+0000] {processor.py:840} INFO - DAG(s) 'tutorial' retrieved from /home/airflow/.local/lib/python3.8/site-packages/airflow/example_dags/tutorial.py
[2025-01-23T09:48:24.563+0000] {logging_mixin.py:188} INFO - [2025-01-23T09:48:24.562+0000] {dag.py:3036} INFO - Sync 1 DAGs
[2025-01-23T09:48:24.609+0000] {logging_mixin.py:188} INFO - [2025-01-23T09:48:24.609+0000] {dag.py:3823} INFO - Setting next_dagrun for tutorial to 2025-01-22 00:00:00+00:00, run_after=2025-01-23 00:00:00+00:00
[2025-01-23T09:48:24.651+0000] {processor.py:183} INFO - Processing /home/airflow/.local/lib/python3.8/site-packages/airflow/example_dags/tutorial.py took 0.172 seconds
[2025-01-23T09:48:55.047+0000] {processor.py:161} INFO - Started process (PID=2920) to work on /home/airflow/.local/lib/python3.8/site-packages/airflow/example_dags/tutorial.py
[2025-01-23T09:48:55.049+0000] {processor.py:830} INFO - Processing file /home/airflow/.local/lib/python3.8/site-packages/airflow/example_dags/tutorial.py for tasks to queue
[2025-01-23T09:48:55.051+0000] {logging_mixin.py:188} INFO - [2025-01-23T09:48:55.051+0000] {dagbag.py:538} INFO - Filling up the DagBag from /home/airflow/.local/lib/python3.8/site-packages/airflow/example_dags/tutorial.py
[2025-01-23T09:48:55.065+0000] {processor.py:840} INFO - DAG(s) 'tutorial' retrieved from /home/airflow/.local/lib/python3.8/site-packages/airflow/example_dags/tutorial.py
[2025-01-23T09:48:55.114+0000] {logging_mixin.py:188} INFO - [2025-01-23T09:48:55.114+0000] {dag.py:3036} INFO - Sync 1 DAGs
[2025-01-23T09:48:55.175+0000] {logging_mixin.py:188} INFO - [2025-01-23T09:48:55.175+0000] {dag.py:3823} INFO - Setting next_dagrun for tutorial to 2025-01-22 00:00:00+00:00, run_after=2025-01-23 00:00:00+00:00
[2025-01-23T09:48:55.245+0000] {processor.py:183} INFO - Processing /home/airflow/.local/lib/python3.8/site-packages/airflow/example_dags/tutorial.py took 0.207 seconds
[2025-01-23T09:49:25.983+0000] {processor.py:161} INFO - Started process (PID=2976) to work on /home/airflow/.local/lib/python3.8/site-packages/airflow/example_dags/tutorial.py
[2025-01-23T09:49:25.988+0000] {processor.py:830} INFO - Processing file /home/airflow/.local/lib/python3.8/site-packages/airflow/example_dags/tutorial.py for tasks to queue
[2025-01-23T09:49:25.994+0000] {logging_mixin.py:188} INFO - [2025-01-23T09:49:25.992+0000] {dagbag.py:538} INFO - Filling up the DagBag from /home/airflow/.local/lib/python3.8/site-packages/airflow/example_dags/tutorial.py
[2025-01-23T09:49:26.017+0000] {processor.py:840} INFO - DAG(s) 'tutorial' retrieved from /home/airflow/.local/lib/python3.8/site-packages/airflow/example_dags/tutorial.py
[2025-01-23T09:49:26.104+0000] {logging_mixin.py:188} INFO - [2025-01-23T09:49:26.103+0000] {dag.py:3036} INFO - Sync 1 DAGs
[2025-01-23T09:49:26.205+0000] {logging_mixin.py:188} INFO - [2025-01-23T09:49:26.204+0000] {dag.py:3823} INFO - Setting next_dagrun for tutorial to 2025-01-22 00:00:00+00:00, run_after=2025-01-23 00:00:00+00:00
[2025-01-23T09:49:26.286+0000] {processor.py:183} INFO - Processing /home/airflow/.local/lib/python3.8/site-packages/airflow/example_dags/tutorial.py took 0.321 seconds
[2025-01-23T09:49:56.788+0000] {processor.py:161} INFO - Started process (PID=3032) to work on /home/airflow/.local/lib/python3.8/site-packages/airflow/example_dags/tutorial.py
[2025-01-23T09:49:56.790+0000] {processor.py:830} INFO - Processing file /home/airflow/.local/lib/python3.8/site-packages/airflow/example_dags/tutorial.py for tasks to queue
[2025-01-23T09:49:56.793+0000] {logging_mixin.py:188} INFO - [2025-01-23T09:49:56.792+0000] {dagbag.py:538} INFO - Filling up the DagBag from /home/airflow/.local/lib/python3.8/site-packages/airflow/example_dags/tutorial.py
[2025-01-23T09:49:56.808+0000] {processor.py:840} INFO - DAG(s) 'tutorial' retrieved from /home/airflow/.local/lib/python3.8/site-packages/airflow/example_dags/tutorial.py
[2025-01-23T09:49:56.849+0000] {logging_mixin.py:188} INFO - [2025-01-23T09:49:56.849+0000] {dag.py:3036} INFO - Sync 1 DAGs
[2025-01-23T09:49:56.891+0000] {logging_mixin.py:188} INFO - [2025-01-23T09:49:56.890+0000] {dag.py:3823} INFO - Setting next_dagrun for tutorial to 2025-01-22 00:00:00+00:00, run_after=2025-01-23 00:00:00+00:00
[2025-01-23T09:49:56.938+0000] {processor.py:183} INFO - Processing /home/airflow/.local/lib/python3.8/site-packages/airflow/example_dags/tutorial.py took 0.156 seconds
[2025-01-23T09:50:27.325+0000] {processor.py:161} INFO - Started process (PID=3088) to work on /home/airflow/.local/lib/python3.8/site-packages/airflow/example_dags/tutorial.py
[2025-01-23T09:50:27.329+0000] {processor.py:830} INFO - Processing file /home/airflow/.local/lib/python3.8/site-packages/airflow/example_dags/tutorial.py for tasks to queue
[2025-01-23T09:50:27.332+0000] {logging_mixin.py:188} INFO - [2025-01-23T09:50:27.331+0000] {dagbag.py:538} INFO - Filling up the DagBag from /home/airflow/.local/lib/python3.8/site-packages/airflow/example_dags/tutorial.py
[2025-01-23T09:50:27.365+0000] {processor.py:840} INFO - DAG(s) 'tutorial' retrieved from /home/airflow/.local/lib/python3.8/site-packages/airflow/example_dags/tutorial.py
[2025-01-23T09:50:27.458+0000] {logging_mixin.py:188} INFO - [2025-01-23T09:50:27.457+0000] {dag.py:3036} INFO - Sync 1 DAGs
[2025-01-23T09:50:27.542+0000] {logging_mixin.py:188} INFO - [2025-01-23T09:50:27.541+0000] {dag.py:3823} INFO - Setting next_dagrun for tutorial to 2025-01-22 00:00:00+00:00, run_after=2025-01-23 00:00:00+00:00
[2025-01-23T09:50:27.621+0000] {processor.py:183} INFO - Processing /home/airflow/.local/lib/python3.8/site-packages/airflow/example_dags/tutorial.py took 0.310 seconds
[2025-01-23T09:50:58.213+0000] {processor.py:161} INFO - Started process (PID=3144) to work on /home/airflow/.local/lib/python3.8/site-packages/airflow/example_dags/tutorial.py
[2025-01-23T09:50:58.216+0000] {processor.py:830} INFO - Processing file /home/airflow/.local/lib/python3.8/site-packages/airflow/example_dags/tutorial.py for tasks to queue
[2025-01-23T09:50:58.219+0000] {logging_mixin.py:188} INFO - [2025-01-23T09:50:58.218+0000] {dagbag.py:538} INFO - Filling up the DagBag from /home/airflow/.local/lib/python3.8/site-packages/airflow/example_dags/tutorial.py
[2025-01-23T09:50:58.240+0000] {processor.py:840} INFO - DAG(s) 'tutorial' retrieved from /home/airflow/.local/lib/python3.8/site-packages/airflow/example_dags/tutorial.py
[2025-01-23T09:50:58.288+0000] {logging_mixin.py:188} INFO - [2025-01-23T09:50:58.288+0000] {dag.py:3036} INFO - Sync 1 DAGs
[2025-01-23T09:50:58.342+0000] {logging_mixin.py:188} INFO - [2025-01-23T09:50:58.342+0000] {dag.py:3823} INFO - Setting next_dagrun for tutorial to 2025-01-22 00:00:00+00:00, run_after=2025-01-23 00:00:00+00:00
[2025-01-23T09:50:58.399+0000] {processor.py:183} INFO - Processing /home/airflow/.local/lib/python3.8/site-packages/airflow/example_dags/tutorial.py took 0.199 seconds
[2025-01-23T09:51:28.826+0000] {processor.py:161} INFO - Started process (PID=3200) to work on /home/airflow/.local/lib/python3.8/site-packages/airflow/example_dags/tutorial.py
[2025-01-23T09:51:28.828+0000] {processor.py:830} INFO - Processing file /home/airflow/.local/lib/python3.8/site-packages/airflow/example_dags/tutorial.py for tasks to queue
[2025-01-23T09:51:28.831+0000] {logging_mixin.py:188} INFO - [2025-01-23T09:51:28.830+0000] {dagbag.py:538} INFO - Filling up the DagBag from /home/airflow/.local/lib/python3.8/site-packages/airflow/example_dags/tutorial.py
[2025-01-23T09:51:28.843+0000] {processor.py:840} INFO - DAG(s) 'tutorial' retrieved from /home/airflow/.local/lib/python3.8/site-packages/airflow/example_dags/tutorial.py
[2025-01-23T09:51:28.885+0000] {logging_mixin.py:188} INFO - [2025-01-23T09:51:28.884+0000] {dag.py:3036} INFO - Sync 1 DAGs
[2025-01-23T09:51:28.939+0000] {logging_mixin.py:188} INFO - [2025-01-23T09:51:28.938+0000] {dag.py:3823} INFO - Setting next_dagrun for tutorial to 2025-01-22 00:00:00+00:00, run_after=2025-01-23 00:00:00+00:00
[2025-01-23T09:51:28.984+0000] {processor.py:183} INFO - Processing /home/airflow/.local/lib/python3.8/site-packages/airflow/example_dags/tutorial.py took 0.163 seconds
[2025-01-23T09:51:59.238+0000] {processor.py:161} INFO - Started process (PID=3256) to work on /home/airflow/.local/lib/python3.8/site-packages/airflow/example_dags/tutorial.py
[2025-01-23T09:51:59.240+0000] {processor.py:830} INFO - Processing file /home/airflow/.local/lib/python3.8/site-packages/airflow/example_dags/tutorial.py for tasks to queue
[2025-01-23T09:51:59.243+0000] {logging_mixin.py:188} INFO - [2025-01-23T09:51:59.242+0000] {dagbag.py:538} INFO - Filling up the DagBag from /home/airflow/.local/lib/python3.8/site-packages/airflow/example_dags/tutorial.py
[2025-01-23T09:51:59.258+0000] {processor.py:840} INFO - DAG(s) 'tutorial' retrieved from /home/airflow/.local/lib/python3.8/site-packages/airflow/example_dags/tutorial.py
[2025-01-23T09:51:59.312+0000] {logging_mixin.py:188} INFO - [2025-01-23T09:51:59.312+0000] {dag.py:3036} INFO - Sync 1 DAGs
[2025-01-23T09:51:59.372+0000] {logging_mixin.py:188} INFO - [2025-01-23T09:51:59.372+0000] {dag.py:3823} INFO - Setting next_dagrun for tutorial to 2025-01-22 00:00:00+00:00, run_after=2025-01-23 00:00:00+00:00
[2025-01-23T09:51:59.417+0000] {processor.py:183} INFO - Processing /home/airflow/.local/lib/python3.8/site-packages/airflow/example_dags/tutorial.py took 0.185 seconds
[2025-01-23T09:52:29.536+0000] {processor.py:161} INFO - Started process (PID=3312) to work on /home/airflow/.local/lib/python3.8/site-packages/airflow/example_dags/tutorial.py
[2025-01-23T09:52:29.537+0000] {processor.py:830} INFO - Processing file /home/airflow/.local/lib/python3.8/site-packages/airflow/example_dags/tutorial.py for tasks to queue
[2025-01-23T09:52:29.539+0000] {logging_mixin.py:188} INFO - [2025-01-23T09:52:29.539+0000] {dagbag.py:538} INFO - Filling up the DagBag from /home/airflow/.local/lib/python3.8/site-packages/airflow/example_dags/tutorial.py
[2025-01-23T09:52:29.551+0000] {processor.py:840} INFO - DAG(s) 'tutorial' retrieved from /home/airflow/.local/lib/python3.8/site-packages/airflow/example_dags/tutorial.py
[2025-01-23T09:52:29.592+0000] {logging_mixin.py:188} INFO - [2025-01-23T09:52:29.591+0000] {dag.py:3036} INFO - Sync 1 DAGs
[2025-01-23T09:52:29.629+0000] {logging_mixin.py:188} INFO - [2025-01-23T09:52:29.629+0000] {dag.py:3823} INFO - Setting next_dagrun for tutorial to 2025-01-22 00:00:00+00:00, run_after=2025-01-23 00:00:00+00:00
[2025-01-23T09:52:29.665+0000] {processor.py:183} INFO - Processing /home/airflow/.local/lib/python3.8/site-packages/airflow/example_dags/tutorial.py took 0.136 seconds
[2025-01-23T09:52:59.896+0000] {processor.py:161} INFO - Started process (PID=3368) to work on /home/airflow/.local/lib/python3.8/site-packages/airflow/example_dags/tutorial.py
[2025-01-23T09:52:59.898+0000] {processor.py:830} INFO - Processing file /home/airflow/.local/lib/python3.8/site-packages/airflow/example_dags/tutorial.py for tasks to queue
[2025-01-23T09:52:59.899+0000] {logging_mixin.py:188} INFO - [2025-01-23T09:52:59.899+0000] {dagbag.py:538} INFO - Filling up the DagBag from /home/airflow/.local/lib/python3.8/site-packages/airflow/example_dags/tutorial.py
[2025-01-23T09:52:59.910+0000] {processor.py:840} INFO - DAG(s) 'tutorial' retrieved from /home/airflow/.local/lib/python3.8/site-packages/airflow/example_dags/tutorial.py
[2025-01-23T09:52:59.955+0000] {logging_mixin.py:188} INFO - [2025-01-23T09:52:59.955+0000] {dag.py:3036} INFO - Sync 1 DAGs
[2025-01-23T09:53:00.005+0000] {logging_mixin.py:188} INFO - [2025-01-23T09:53:00.005+0000] {dag.py:3823} INFO - Setting next_dagrun for tutorial to 2025-01-22 00:00:00+00:00, run_after=2025-01-23 00:00:00+00:00
[2025-01-23T09:53:00.051+0000] {processor.py:183} INFO - Processing /home/airflow/.local/lib/python3.8/site-packages/airflow/example_dags/tutorial.py took 0.160 seconds
[2025-01-23T09:53:30.604+0000] {processor.py:161} INFO - Started process (PID=3424) to work on /home/airflow/.local/lib/python3.8/site-packages/airflow/example_dags/tutorial.py
[2025-01-23T09:53:30.605+0000] {processor.py:830} INFO - Processing file /home/airflow/.local/lib/python3.8/site-packages/airflow/example_dags/tutorial.py for tasks to queue
[2025-01-23T09:53:30.607+0000] {logging_mixin.py:188} INFO - [2025-01-23T09:53:30.606+0000] {dagbag.py:538} INFO - Filling up the DagBag from /home/airflow/.local/lib/python3.8/site-packages/airflow/example_dags/tutorial.py
[2025-01-23T09:53:30.617+0000] {processor.py:840} INFO - DAG(s) 'tutorial' retrieved from /home/airflow/.local/lib/python3.8/site-packages/airflow/example_dags/tutorial.py
[2025-01-23T09:53:30.656+0000] {logging_mixin.py:188} INFO - [2025-01-23T09:53:30.655+0000] {dag.py:3036} INFO - Sync 1 DAGs
[2025-01-23T09:53:30.710+0000] {logging_mixin.py:188} INFO - [2025-01-23T09:53:30.710+0000] {dag.py:3823} INFO - Setting next_dagrun for tutorial to 2025-01-22 00:00:00+00:00, run_after=2025-01-23 00:00:00+00:00
[2025-01-23T09:53:30.749+0000] {processor.py:183} INFO - Processing /home/airflow/.local/lib/python3.8/site-packages/airflow/example_dags/tutorial.py took 0.153 seconds
[2025-01-23T09:54:01.603+0000] {processor.py:161} INFO - Started process (PID=3480) to work on /home/airflow/.local/lib/python3.8/site-packages/airflow/example_dags/tutorial.py
[2025-01-23T09:54:01.606+0000] {processor.py:830} INFO - Processing file /home/airflow/.local/lib/python3.8/site-packages/airflow/example_dags/tutorial.py for tasks to queue
[2025-01-23T09:54:01.610+0000] {logging_mixin.py:188} INFO - [2025-01-23T09:54:01.609+0000] {dagbag.py:538} INFO - Filling up the DagBag from /home/airflow/.local/lib/python3.8/site-packages/airflow/example_dags/tutorial.py
[2025-01-23T09:54:01.626+0000] {processor.py:840} INFO - DAG(s) 'tutorial' retrieved from /home/airflow/.local/lib/python3.8/site-packages/airflow/example_dags/tutorial.py
[2025-01-23T09:54:01.674+0000] {logging_mixin.py:188} INFO - [2025-01-23T09:54:01.673+0000] {dag.py:3036} INFO - Sync 1 DAGs
[2025-01-23T09:54:01.737+0000] {logging_mixin.py:188} INFO - [2025-01-23T09:54:01.736+0000] {dag.py:3823} INFO - Setting next_dagrun for tutorial to 2025-01-22 00:00:00+00:00, run_after=2025-01-23 00:00:00+00:00
[2025-01-23T09:54:01.786+0000] {processor.py:183} INFO - Processing /home/airflow/.local/lib/python3.8/site-packages/airflow/example_dags/tutorial.py took 0.190 seconds
[2025-01-23T09:54:32.069+0000] {processor.py:161} INFO - Started process (PID=3536) to work on /home/airflow/.local/lib/python3.8/site-packages/airflow/example_dags/tutorial.py
[2025-01-23T09:54:32.072+0000] {processor.py:830} INFO - Processing file /home/airflow/.local/lib/python3.8/site-packages/airflow/example_dags/tutorial.py for tasks to queue
[2025-01-23T09:54:32.074+0000] {logging_mixin.py:188} INFO - [2025-01-23T09:54:32.073+0000] {dagbag.py:538} INFO - Filling up the DagBag from /home/airflow/.local/lib/python3.8/site-packages/airflow/example_dags/tutorial.py
[2025-01-23T09:54:32.085+0000] {processor.py:840} INFO - DAG(s) 'tutorial' retrieved from /home/airflow/.local/lib/python3.8/site-packages/airflow/example_dags/tutorial.py
[2025-01-23T09:54:32.120+0000] {logging_mixin.py:188} INFO - [2025-01-23T09:54:32.119+0000] {dag.py:3036} INFO - Sync 1 DAGs
[2025-01-23T09:54:32.167+0000] {logging_mixin.py:188} INFO - [2025-01-23T09:54:32.166+0000] {dag.py:3823} INFO - Setting next_dagrun for tutorial to 2025-01-22 00:00:00+00:00, run_after=2025-01-23 00:00:00+00:00
[2025-01-23T09:54:32.206+0000] {processor.py:183} INFO - Processing /home/airflow/.local/lib/python3.8/site-packages/airflow/example_dags/tutorial.py took 0.142 seconds
[2025-01-23T09:55:02.668+0000] {processor.py:161} INFO - Started process (PID=3593) to work on /home/airflow/.local/lib/python3.8/site-packages/airflow/example_dags/tutorial.py
[2025-01-23T09:55:02.674+0000] {processor.py:830} INFO - Processing file /home/airflow/.local/lib/python3.8/site-packages/airflow/example_dags/tutorial.py for tasks to queue
[2025-01-23T09:55:02.677+0000] {logging_mixin.py:188} INFO - [2025-01-23T09:55:02.676+0000] {dagbag.py:538} INFO - Filling up the DagBag from /home/airflow/.local/lib/python3.8/site-packages/airflow/example_dags/tutorial.py
[2025-01-23T09:55:02.704+0000] {processor.py:840} INFO - DAG(s) 'tutorial' retrieved from /home/airflow/.local/lib/python3.8/site-packages/airflow/example_dags/tutorial.py
[2025-01-23T09:55:02.775+0000] {logging_mixin.py:188} INFO - [2025-01-23T09:55:02.774+0000] {dag.py:3036} INFO - Sync 1 DAGs
[2025-01-23T09:55:02.872+0000] {logging_mixin.py:188} INFO - [2025-01-23T09:55:02.870+0000] {dag.py:3823} INFO - Setting next_dagrun for tutorial to 2025-01-22 00:00:00+00:00, run_after=2025-01-23 00:00:00+00:00
[2025-01-23T09:55:02.936+0000] {processor.py:183} INFO - Processing /home/airflow/.local/lib/python3.8/site-packages/airflow/example_dags/tutorial.py took 0.279 seconds
[2025-01-23T09:55:33.034+0000] {processor.py:161} INFO - Started process (PID=3649) to work on /home/airflow/.local/lib/python3.8/site-packages/airflow/example_dags/tutorial.py
[2025-01-23T09:55:33.036+0000] {processor.py:830} INFO - Processing file /home/airflow/.local/lib/python3.8/site-packages/airflow/example_dags/tutorial.py for tasks to queue
[2025-01-23T09:55:33.038+0000] {logging_mixin.py:188} INFO - [2025-01-23T09:55:33.037+0000] {dagbag.py:538} INFO - Filling up the DagBag from /home/airflow/.local/lib/python3.8/site-packages/airflow/example_dags/tutorial.py
[2025-01-23T09:55:33.054+0000] {processor.py:840} INFO - DAG(s) 'tutorial' retrieved from /home/airflow/.local/lib/python3.8/site-packages/airflow/example_dags/tutorial.py
[2025-01-23T09:55:33.099+0000] {logging_mixin.py:188} INFO - [2025-01-23T09:55:33.099+0000] {dag.py:3036} INFO - Sync 1 DAGs
[2025-01-23T09:55:33.149+0000] {logging_mixin.py:188} INFO - [2025-01-23T09:55:33.148+0000] {dag.py:3823} INFO - Setting next_dagrun for tutorial to 2025-01-22 00:00:00+00:00, run_after=2025-01-23 00:00:00+00:00
[2025-01-23T09:55:33.190+0000] {processor.py:183} INFO - Processing /home/airflow/.local/lib/python3.8/site-packages/airflow/example_dags/tutorial.py took 0.163 seconds
[2025-01-23T09:56:03.494+0000] {processor.py:161} INFO - Started process (PID=3705) to work on /home/airflow/.local/lib/python3.8/site-packages/airflow/example_dags/tutorial.py
[2025-01-23T09:56:03.496+0000] {processor.py:830} INFO - Processing file /home/airflow/.local/lib/python3.8/site-packages/airflow/example_dags/tutorial.py for tasks to queue
[2025-01-23T09:56:03.498+0000] {logging_mixin.py:188} INFO - [2025-01-23T09:56:03.497+0000] {dagbag.py:538} INFO - Filling up the DagBag from /home/airflow/.local/lib/python3.8/site-packages/airflow/example_dags/tutorial.py
[2025-01-23T09:56:03.509+0000] {processor.py:840} INFO - DAG(s) 'tutorial' retrieved from /home/airflow/.local/lib/python3.8/site-packages/airflow/example_dags/tutorial.py
[2025-01-23T09:56:03.548+0000] {logging_mixin.py:188} INFO - [2025-01-23T09:56:03.548+0000] {dag.py:3036} INFO - Sync 1 DAGs
[2025-01-23T09:56:03.599+0000] {logging_mixin.py:188} INFO - [2025-01-23T09:56:03.599+0000] {dag.py:3823} INFO - Setting next_dagrun for tutorial to 2025-01-22 00:00:00+00:00, run_after=2025-01-23 00:00:00+00:00
[2025-01-23T09:56:03.637+0000] {processor.py:183} INFO - Processing /home/airflow/.local/lib/python3.8/site-packages/airflow/example_dags/tutorial.py took 0.149 seconds
[2025-01-23T09:56:34.613+0000] {processor.py:161} INFO - Started process (PID=3761) to work on /home/airflow/.local/lib/python3.8/site-packages/airflow/example_dags/tutorial.py
[2025-01-23T09:56:34.616+0000] {processor.py:830} INFO - Processing file /home/airflow/.local/lib/python3.8/site-packages/airflow/example_dags/tutorial.py for tasks to queue
[2025-01-23T09:56:34.617+0000] {logging_mixin.py:188} INFO - [2025-01-23T09:56:34.617+0000] {dagbag.py:538} INFO - Filling up the DagBag from /home/airflow/.local/lib/python3.8/site-packages/airflow/example_dags/tutorial.py
[2025-01-23T09:56:34.630+0000] {processor.py:840} INFO - DAG(s) 'tutorial' retrieved from /home/airflow/.local/lib/python3.8/site-packages/airflow/example_dags/tutorial.py
[2025-01-23T09:56:34.668+0000] {logging_mixin.py:188} INFO - [2025-01-23T09:56:34.667+0000] {dag.py:3036} INFO - Sync 1 DAGs
[2025-01-23T09:56:34.714+0000] {logging_mixin.py:188} INFO - [2025-01-23T09:56:34.714+0000] {dag.py:3823} INFO - Setting next_dagrun for tutorial to 2025-01-22 00:00:00+00:00, run_after=2025-01-23 00:00:00+00:00
[2025-01-23T09:56:34.757+0000] {processor.py:183} INFO - Processing /home/airflow/.local/lib/python3.8/site-packages/airflow/example_dags/tutorial.py took 0.151 seconds
[2025-01-23T09:57:05.376+0000] {processor.py:161} INFO - Started process (PID=3817) to work on /home/airflow/.local/lib/python3.8/site-packages/airflow/example_dags/tutorial.py
[2025-01-23T09:57:05.378+0000] {processor.py:830} INFO - Processing file /home/airflow/.local/lib/python3.8/site-packages/airflow/example_dags/tutorial.py for tasks to queue
[2025-01-23T09:57:05.380+0000] {logging_mixin.py:188} INFO - [2025-01-23T09:57:05.379+0000] {dagbag.py:538} INFO - Filling up the DagBag from /home/airflow/.local/lib/python3.8/site-packages/airflow/example_dags/tutorial.py
[2025-01-23T09:57:05.391+0000] {processor.py:840} INFO - DAG(s) 'tutorial' retrieved from /home/airflow/.local/lib/python3.8/site-packages/airflow/example_dags/tutorial.py
[2025-01-23T09:57:05.428+0000] {logging_mixin.py:188} INFO - [2025-01-23T09:57:05.427+0000] {dag.py:3036} INFO - Sync 1 DAGs
[2025-01-23T09:57:05.470+0000] {logging_mixin.py:188} INFO - [2025-01-23T09:57:05.470+0000] {dag.py:3823} INFO - Setting next_dagrun for tutorial to 2025-01-22 00:00:00+00:00, run_after=2025-01-23 00:00:00+00:00
[2025-01-23T09:57:05.510+0000] {processor.py:183} INFO - Processing /home/airflow/.local/lib/python3.8/site-packages/airflow/example_dags/tutorial.py took 0.140 seconds
[2025-01-23T09:57:36.165+0000] {processor.py:161} INFO - Started process (PID=3873) to work on /home/airflow/.local/lib/python3.8/site-packages/airflow/example_dags/tutorial.py
[2025-01-23T09:57:36.168+0000] {processor.py:830} INFO - Processing file /home/airflow/.local/lib/python3.8/site-packages/airflow/example_dags/tutorial.py for tasks to queue
[2025-01-23T09:57:36.171+0000] {logging_mixin.py:188} INFO - [2025-01-23T09:57:36.170+0000] {dagbag.py:538} INFO - Filling up the DagBag from /home/airflow/.local/lib/python3.8/site-packages/airflow/example_dags/tutorial.py
[2025-01-23T09:57:36.191+0000] {processor.py:840} INFO - DAG(s) 'tutorial' retrieved from /home/airflow/.local/lib/python3.8/site-packages/airflow/example_dags/tutorial.py
[2025-01-23T09:57:36.239+0000] {logging_mixin.py:188} INFO - [2025-01-23T09:57:36.239+0000] {dag.py:3036} INFO - Sync 1 DAGs
[2025-01-23T09:57:36.298+0000] {logging_mixin.py:188} INFO - [2025-01-23T09:57:36.297+0000] {dag.py:3823} INFO - Setting next_dagrun for tutorial to 2025-01-22 00:00:00+00:00, run_after=2025-01-23 00:00:00+00:00
[2025-01-23T09:57:36.339+0000] {processor.py:183} INFO - Processing /home/airflow/.local/lib/python3.8/site-packages/airflow/example_dags/tutorial.py took 0.184 seconds
[2025-01-23T09:58:06.885+0000] {processor.py:161} INFO - Started process (PID=3929) to work on /home/airflow/.local/lib/python3.8/site-packages/airflow/example_dags/tutorial.py
[2025-01-23T09:58:06.888+0000] {processor.py:830} INFO - Processing file /home/airflow/.local/lib/python3.8/site-packages/airflow/example_dags/tutorial.py for tasks to queue
[2025-01-23T09:58:06.893+0000] {logging_mixin.py:188} INFO - [2025-01-23T09:58:06.893+0000] {dagbag.py:538} INFO - Filling up the DagBag from /home/airflow/.local/lib/python3.8/site-packages/airflow/example_dags/tutorial.py
[2025-01-23T09:58:06.911+0000] {processor.py:840} INFO - DAG(s) 'tutorial' retrieved from /home/airflow/.local/lib/python3.8/site-packages/airflow/example_dags/tutorial.py
[2025-01-23T09:58:06.973+0000] {logging_mixin.py:188} INFO - [2025-01-23T09:58:06.973+0000] {dag.py:3036} INFO - Sync 1 DAGs
[2025-01-23T09:58:07.041+0000] {logging_mixin.py:188} INFO - [2025-01-23T09:58:07.040+0000] {dag.py:3823} INFO - Setting next_dagrun for tutorial to 2025-01-22 00:00:00+00:00, run_after=2025-01-23 00:00:00+00:00
[2025-01-23T09:58:07.104+0000] {processor.py:183} INFO - Processing /home/airflow/.local/lib/python3.8/site-packages/airflow/example_dags/tutorial.py took 0.233 seconds
[2025-01-23T09:58:37.449+0000] {processor.py:161} INFO - Started process (PID=3985) to work on /home/airflow/.local/lib/python3.8/site-packages/airflow/example_dags/tutorial.py
[2025-01-23T09:58:37.453+0000] {processor.py:830} INFO - Processing file /home/airflow/.local/lib/python3.8/site-packages/airflow/example_dags/tutorial.py for tasks to queue
[2025-01-23T09:58:37.456+0000] {logging_mixin.py:188} INFO - [2025-01-23T09:58:37.455+0000] {dagbag.py:538} INFO - Filling up the DagBag from /home/airflow/.local/lib/python3.8/site-packages/airflow/example_dags/tutorial.py
[2025-01-23T09:58:37.484+0000] {processor.py:840} INFO - DAG(s) 'tutorial' retrieved from /home/airflow/.local/lib/python3.8/site-packages/airflow/example_dags/tutorial.py
[2025-01-23T09:58:37.576+0000] {logging_mixin.py:188} INFO - [2025-01-23T09:58:37.575+0000] {dag.py:3036} INFO - Sync 1 DAGs
[2025-01-23T09:58:37.679+0000] {logging_mixin.py:188} INFO - [2025-01-23T09:58:37.677+0000] {dag.py:3823} INFO - Setting next_dagrun for tutorial to 2025-01-22 00:00:00+00:00, run_after=2025-01-23 00:00:00+00:00
[2025-01-23T09:58:37.778+0000] {processor.py:183} INFO - Processing /home/airflow/.local/lib/python3.8/site-packages/airflow/example_dags/tutorial.py took 0.340 seconds
